 Resolving package versions...
 Installed RecipesBase ──── v0.7.0
 Installed IniFile ──────── v0.5.0
 Installed Parsers ──────── v0.3.10
 Installed MbedTLS ──────── v0.7.0
 Installed HTTP ─────────── v0.8.8
 Installed BinaryProvider ─ v0.5.8
 Installed Temporal ─────── v0.7.0
 Installed JSON ─────────── v0.21.0
  Updating `~/.julia/environments/v1.3/Project.toml`
  [a110ec8f] + Temporal v0.7.0
  Updating `~/.julia/environments/v1.3/Manifest.toml`
  [b99e7846] + BinaryProvider v0.5.8
  [cd3eb016] + HTTP v0.8.8
  [83e8ac13] + IniFile v0.5.0
  [682c06a0] + JSON v0.21.0
  [739be429] + MbedTLS v0.7.0
  [69de0a69] + Parsers v0.3.10
  [3cdcf5f2] + RecipesBase v0.7.0
  [a110ec8f] + Temporal v0.7.0
  [2a0f44e3] + Base64 
  [ade2ca70] + Dates 
  [8ba89e20] + Distributed 
  [b77e0a4c] + InteractiveUtils 
  [76f85450] + LibGit2 
  [8f399da3] + Libdl 
  [37e2e46d] + LinearAlgebra 
  [56ddb016] + Logging 
  [d6f4376e] + Markdown 
  [a63ad114] + Mmap 
  [44cfe95a] + Pkg 
  [de0858da] + Printf 
  [3fa0cd96] + REPL 
  [9a3f8284] + Random 
  [ea8e919c] + SHA 
  [9e88b42a] + Serialization 
  [6462fe0b] + Sockets 
  [2f01184e] + SparseArrays 
  [10745b16] + Statistics 
  [8dfed614] + Test 
  [cf7118a7] + UUIDs 
  [4ec0a83e] + Unicode 
  Building MbedTLS → `~/.julia/packages/MbedTLS/a1JFn/deps/build.log`
   Testing Temporal
    Status `/tmp/jl_KuJWRX/Manifest.toml`
  [b99e7846] BinaryProvider v0.5.8
  [cd3eb016] HTTP v0.8.8
  [83e8ac13] IniFile v0.5.0
  [682c06a0] JSON v0.21.0
  [739be429] MbedTLS v0.7.0
  [69de0a69] Parsers v0.3.10
  [3cdcf5f2] RecipesBase v0.7.0
  [a110ec8f] Temporal v0.7.0
  [2a0f44e3] Base64  [`@stdlib/Base64`]
  [ade2ca70] Dates  [`@stdlib/Dates`]
  [8ba89e20] Distributed  [`@stdlib/Distributed`]
  [b77e0a4c] InteractiveUtils  [`@stdlib/InteractiveUtils`]
  [76f85450] LibGit2  [`@stdlib/LibGit2`]
  [8f399da3] Libdl  [`@stdlib/Libdl`]
  [37e2e46d] LinearAlgebra  [`@stdlib/LinearAlgebra`]
  [56ddb016] Logging  [`@stdlib/Logging`]
  [d6f4376e] Markdown  [`@stdlib/Markdown`]
  [a63ad114] Mmap  [`@stdlib/Mmap`]
  [44cfe95a] Pkg  [`@stdlib/Pkg`]
  [de0858da] Printf  [`@stdlib/Printf`]
  [3fa0cd96] REPL  [`@stdlib/REPL`]
  [9a3f8284] Random  [`@stdlib/Random`]
  [ea8e919c] SHA  [`@stdlib/SHA`]
  [9e88b42a] Serialization  [`@stdlib/Serialization`]
  [6462fe0b] Sockets  [`@stdlib/Sockets`]
  [2f01184e] SparseArrays  [`@stdlib/SparseArrays`]
  [10745b16] Statistics  [`@stdlib/Statistics`]
  [8dfed614] Test  [`@stdlib/Test`]
  [cf7118a7] UUIDs  [`@stdlib/UUIDs`]
  [4ec0a83e] Unicode  [`@stdlib/Unicode`]
252x4 TS{Float64,Date}: 2019-03-27 to 2019-12-03

Index       A       B       C       D       
2019-03-27  0.6136  0.2176  0.2836  0.6323  
2019-03-28  0.6579  0.6511  0.825   0.5814  
2019-03-29  0.5856  0.9157  0.0223  0.8621  
2019-03-30  0.4631  0.7775  0.0204  0.475   
2019-03-31  0.678   0.8895  0.4447  0.7773  
2019-04-01  0.2071  0.8751  0.285   0.1134  
2019-04-02  0.3556  0.7795  0.4999  0.301   
⋮
2019-11-26  0.3444  0.2427  0.6587  0.4546  
2019-11-27  0.1096  0.4185  0.5192  0.9912  
2019-11-28  0.8705  0.3281  0.409   0.8727  
2019-11-29  0.7026  0.1431  0.9717  0.8861  
2019-11-30  0.0627  0.578   0.9882  0.256   
2019-12-01  0.8807  0.0162  0.8418  0.4125  
2019-12-02  0.8175  0.6075  0.831   0.7636  
2019-12-03  0.4243  0.7214  0.9071  0.7702  
1x4 TS{Float64,Date}: 2019-03-27 to 2019-03-27

Index       A       B       C       D       
2019-03-27  0.8446  0.6222  0.3119  0.6514  

Test Summary:  | Pass  Total
Initialization | 1528   1528
Test Summary: | Pass  Total
Rename        |   15     15
Test Summary: | Pass  Total
Subsetting    |   83     83
Test Summary: | Pass  Total
Mutating      |   29     29
Test Summary: | Pass  Total
Combining     |   25     25
Test Summary: | Pass  Total
Operations    |   64     64
Test Summary: | Pass  Total
Filtering     |   16     16
Test Summary: | Pass  Total
OHLC          |   22     22
Test Summary: | Pass  Total
Collapsing    |   19     19
Test Summary: | Pass  Total
Conversion    |    6      6
Test Summary: | Pass  Broken  Total
Input/Output  |    8       1      9
   Testing Temporal tests passed 
