 Resolving package versions...
 Installed RecipesBase ──── v0.7.0
 Installed IniFile ──────── v0.5.0
 Installed Parsers ──────── v0.3.10
 Installed MbedTLS ──────── v0.7.0
 Installed BinaryProvider ─ v0.5.8
 Installed HTTP ─────────── v0.8.8
 Installed JSON ─────────── v0.21.0
 Installed Temporal ─────── v0.7.0
  Updating `~/.julia/environments/v1.3/Project.toml`
  [a110ec8f] + Temporal v0.7.0
  Updating `~/.julia/environments/v1.3/Manifest.toml`
  [b99e7846] + BinaryProvider v0.5.8
  [cd3eb016] + HTTP v0.8.8
  [83e8ac13] + IniFile v0.5.0
  [682c06a0] + JSON v0.21.0
  [739be429] + MbedTLS v0.7.0
  [69de0a69] + Parsers v0.3.10
  [3cdcf5f2] + RecipesBase v0.7.0
  [a110ec8f] + Temporal v0.7.0
  [2a0f44e3] + Base64 
  [ade2ca70] + Dates 
  [8ba89e20] + Distributed 
  [b77e0a4c] + InteractiveUtils 
  [76f85450] + LibGit2 
  [8f399da3] + Libdl 
  [37e2e46d] + LinearAlgebra 
  [56ddb016] + Logging 
  [d6f4376e] + Markdown 
  [a63ad114] + Mmap 
  [44cfe95a] + Pkg 
  [de0858da] + Printf 
  [3fa0cd96] + REPL 
  [9a3f8284] + Random 
  [ea8e919c] + SHA 
  [9e88b42a] + Serialization 
  [6462fe0b] + Sockets 
  [2f01184e] + SparseArrays 
  [10745b16] + Statistics 
  [8dfed614] + Test 
  [cf7118a7] + UUIDs 
  [4ec0a83e] + Unicode 
  Building MbedTLS → `~/.julia/packages/MbedTLS/a1JFn/deps/build.log`
   Testing Temporal
    Status `/tmp/jl_iyJ0Ox/Manifest.toml`
  [b99e7846] BinaryProvider v0.5.8
  [cd3eb016] HTTP v0.8.8
  [83e8ac13] IniFile v0.5.0
  [682c06a0] JSON v0.21.0
  [739be429] MbedTLS v0.7.0
  [69de0a69] Parsers v0.3.10
  [3cdcf5f2] RecipesBase v0.7.0
  [a110ec8f] Temporal v0.7.0
  [2a0f44e3] Base64  [`@stdlib/Base64`]
  [ade2ca70] Dates  [`@stdlib/Dates`]
  [8ba89e20] Distributed  [`@stdlib/Distributed`]
  [b77e0a4c] InteractiveUtils  [`@stdlib/InteractiveUtils`]
  [76f85450] LibGit2  [`@stdlib/LibGit2`]
  [8f399da3] Libdl  [`@stdlib/Libdl`]
  [37e2e46d] LinearAlgebra  [`@stdlib/LinearAlgebra`]
  [56ddb016] Logging  [`@stdlib/Logging`]
  [d6f4376e] Markdown  [`@stdlib/Markdown`]
  [a63ad114] Mmap  [`@stdlib/Mmap`]
  [44cfe95a] Pkg  [`@stdlib/Pkg`]
  [de0858da] Printf  [`@stdlib/Printf`]
  [3fa0cd96] REPL  [`@stdlib/REPL`]
  [9a3f8284] Random  [`@stdlib/Random`]
  [ea8e919c] SHA  [`@stdlib/SHA`]
  [9e88b42a] Serialization  [`@stdlib/Serialization`]
  [6462fe0b] Sockets  [`@stdlib/Sockets`]
  [2f01184e] SparseArrays  [`@stdlib/SparseArrays`]
  [10745b16] Statistics  [`@stdlib/Statistics`]
  [8dfed614] Test  [`@stdlib/Test`]
  [cf7118a7] UUIDs  [`@stdlib/UUIDs`]
  [4ec0a83e] Unicode  [`@stdlib/Unicode`]
252x4 TS{Float64,Date}: 2019-03-26 to 2019-12-02

Index       A       B       C       D       
2019-03-26  0.6129  0.3898  0.4268  0.8159  
2019-03-27  0.5962  0.3938  0.7671  0.8131  
2019-03-28  0.6788  0.5673  0.1647  0.093   
2019-03-29  0.1091  0.4526  0.949   0.7687  
2019-03-30  0.1269  0.084   0.9159  0.3359  
2019-03-31  0.4817  0.6805  0.4799  0.9461  
2019-04-01  0.0709  0.4628  0.8898  0.7208  
⋮
2019-11-25  0.5689  0.0173  0.1144  0.5329  
2019-11-26  0.1838  0.7034  0.3093  0.0473  
2019-11-27  0.9307  0.8786  0.7511  0.6451  
2019-11-28  0.9497  0.5021  0.7969  0.3944  
2019-11-29  0.1647  0.9384  0.338   0.5055  
2019-11-30  0.6515  0.8974  0.2652  0.4842  
2019-12-01  0.8081  0.9257  0.8516  0.4266  
2019-12-02  0.7483  0.2235  0.6074  0.5701  
1x4 TS{Float64,Date}: 2019-03-26 to 2019-03-26

Index       A       B       C       D      
2019-03-26  0.6081  0.8157  0.5477  0.238  

Test Summary:  | Pass  Total
Initialization | 1528   1528
Test Summary: | Pass  Total
Rename        |   15     15
Test Summary: | Pass  Total
Subsetting    |   83     83
Test Summary: | Pass  Total
Mutating      |   29     29
Test Summary: | Pass  Total
Combining     |   25     25
Test Summary: | Pass  Total
Operations    |   64     64
Test Summary: | Pass  Total
Filtering     |   16     16
Test Summary: | Pass  Total
OHLC          |   22     22
Test Summary: | Pass  Total
Collapsing    |   19     19
Test Summary: | Pass  Total
Conversion    |    6      6
Test Summary: | Pass  Broken  Total
Input/Output  |    8       1      9
   Testing Temporal tests passed 
