 Resolving package versions...
 Installed URIParser ────────── v0.4.0
 Installed Requires ─────────── v0.5.2
 Installed PooledArrays ─────── v0.5.2
 Installed Polynomials ──────── v0.6.0
 Installed GenericSchur ─────── v0.3.0
 Installed TextParse ────────── v0.9.1
 Installed BinaryProvider ───── v0.5.8
 Installed DoubleFloats ─────── v1.0.1
 Installed OrderedCollections ─ v1.1.0
 Installed Compat ───────────── v2.2.0
 Installed GenericSVD ───────── v0.2.2
 Installed RecipesBase ──────── v0.7.0
 Installed TranscodingStreams ─ v0.9.5
 Installed WeakRefStrings ───── v0.6.1
 Installed CodecZlib ────────── v0.6.0
 Installed DataStructures ───── v0.17.6
 Installed BinDeps ──────────── v0.8.10
 Installed SpecialFunctions ─── v0.8.0
 Installed Nullables ────────── v1.0.0
 Installed Quadmath ─────────── v0.5.2
  Updating `~/.julia/environments/v1.2/Project.toml`
  [e0df1984] + TextParse v0.9.1
  Updating `~/.julia/environments/v1.2/Manifest.toml`
  [9e28174c] + BinDeps v0.8.10
  [b99e7846] + BinaryProvider v0.5.8
  [944b1d66] + CodecZlib v0.6.0
  [34da2185] + Compat v2.2.0
  [864edb3b] + DataStructures v0.17.6
  [497a8b3b] + DoubleFloats v1.0.1
  [01680d73] + GenericSVD v0.2.2
  [c145ed77] + GenericSchur v0.3.0
  [4d1e1d77] + Nullables v1.0.0
  [bac558e1] + OrderedCollections v1.1.0
  [f27b6e38] + Polynomials v0.6.0
  [2dfb63ee] + PooledArrays v0.5.2
  [be4d8f0f] + Quadmath v0.5.2
  [3cdcf5f2] + RecipesBase v0.7.0
  [ae029012] + Requires v0.5.2
  [276daf66] + SpecialFunctions v0.8.0
  [e0df1984] + TextParse v0.9.1
  [3bb67fe8] + TranscodingStreams v0.9.5
  [30578b45] + URIParser v0.4.0
  [ea10d353] + WeakRefStrings v0.6.1
  [2a0f44e3] + Base64 
  [ade2ca70] + Dates 
  [8bb1440f] + DelimitedFiles 
  [8ba89e20] + Distributed 
  [b77e0a4c] + InteractiveUtils 
  [76f85450] + LibGit2 
  [8f399da3] + Libdl 
  [37e2e46d] + LinearAlgebra 
  [56ddb016] + Logging 
  [d6f4376e] + Markdown 
  [a63ad114] + Mmap 
  [44cfe95a] + Pkg 
  [de0858da] + Printf 
  [3fa0cd96] + REPL 
  [9a3f8284] + Random 
  [ea8e919c] + SHA 
  [9e88b42a] + Serialization 
  [1a1011a3] + SharedArrays 
  [6462fe0b] + Sockets 
  [2f01184e] + SparseArrays 
  [10745b16] + Statistics 
  [8dfed614] + Test 
  [cf7118a7] + UUIDs 
  [4ec0a83e] + Unicode 
  Building CodecZlib ───────→ `~/.julia/packages/CodecZlib/5t9zO/deps/build.log`
  Building SpecialFunctions → `~/.julia/packages/SpecialFunctions/ne2iw/deps/build.log`
   Testing TextParse
 Resolving package versions...
    Status `/tmp/jl_MaiGU1/Manifest.toml`
  [9e28174c] BinDeps v0.8.10
  [b99e7846] BinaryProvider v0.5.8
  [944b1d66] CodecZlib v0.6.0
  [34da2185] Compat v2.2.0
  [864edb3b] DataStructures v0.17.6
  [497a8b3b] DoubleFloats v1.0.1
  [01680d73] GenericSVD v0.2.2
  [c145ed77] GenericSchur v0.3.0
  [4d1e1d77] Nullables v1.0.0
  [bac558e1] OrderedCollections v1.1.0
  [f27b6e38] Polynomials v0.6.0
  [2dfb63ee] PooledArrays v0.5.2
  [be4d8f0f] Quadmath v0.5.2
  [3cdcf5f2] RecipesBase v0.7.0
  [ae029012] Requires v0.5.2
  [276daf66] SpecialFunctions v0.8.0
  [e0df1984] TextParse v0.9.1
  [3bb67fe8] TranscodingStreams v0.9.5
  [30578b45] URIParser v0.4.0
  [ea10d353] WeakRefStrings v0.6.1
  [2a0f44e3] Base64  [`@stdlib/Base64`]
  [ade2ca70] Dates  [`@stdlib/Dates`]
  [8bb1440f] DelimitedFiles  [`@stdlib/DelimitedFiles`]
  [8ba89e20] Distributed  [`@stdlib/Distributed`]
  [b77e0a4c] InteractiveUtils  [`@stdlib/InteractiveUtils`]
  [76f85450] LibGit2  [`@stdlib/LibGit2`]
  [8f399da3] Libdl  [`@stdlib/Libdl`]
  [37e2e46d] LinearAlgebra  [`@stdlib/LinearAlgebra`]
  [56ddb016] Logging  [`@stdlib/Logging`]
  [d6f4376e] Markdown  [`@stdlib/Markdown`]
  [a63ad114] Mmap  [`@stdlib/Mmap`]
  [44cfe95a] Pkg  [`@stdlib/Pkg`]
  [de0858da] Printf  [`@stdlib/Printf`]
  [3fa0cd96] REPL  [`@stdlib/REPL`]
  [9a3f8284] Random  [`@stdlib/Random`]
  [ea8e919c] SHA  [`@stdlib/SHA`]
  [9e88b42a] Serialization  [`@stdlib/Serialization`]
  [1a1011a3] SharedArrays  [`@stdlib/SharedArrays`]
  [6462fe0b] Sockets  [`@stdlib/Sockets`]
  [2f01184e] SparseArrays  [`@stdlib/SparseArrays`]
  [10745b16] Statistics  [`@stdlib/Statistics`]
  [8dfed614] Test  [`@stdlib/Test`]
  [cf7118a7] UUIDs  [`@stdlib/UUIDs`]
  [4ec0a83e] Unicode  [`@stdlib/Unicode`]
MethodError: Cannot `convert` an object of type Int64 to an object of type StrRange
Closest candidates are:
  convert(::Type{T}, !Matched::T) where T at essentials.jl:167
  StrRange(::Int64, !Matched::Int64, !Matched::Int64) at /root/.julia/packages/TextParse/tFXtC/src/util.jl:334
  StrRange(::Any, !Matched::Any, !Matched::Any) at /root/.julia/packages/TextParse/tFXtC/src/util.jl:334
Test Summary: | Pass  Broken  Total
TextParse     |  277       2    279
   Testing TextParse tests passed 
