 Resolving package versions...
 Installed Missings ──────────────────── v0.4.3
 Installed DataAPI ───────────────────── v1.1.0
 Installed Inflate ───────────────────── v0.1.1
 Installed TableTraits ───────────────── v1.0.0
 Installed MbedTLS ───────────────────── v0.7.0
 Installed FileIO ────────────────────── v1.1.0
 Installed IncrementalInference ──────── v0.8.2
 Installed DataFrames ────────────────── v0.19.4
 Installed LineSearches ──────────────── v7.0.1
 Installed PDMats ────────────────────── v0.9.10
 Installed CommonSubexpressions ──────── v0.2.0
 Installed BinaryProvider ────────────── v0.5.8
 Installed StatsBase ─────────────────── v0.32.0
 Installed JLD2 ──────────────────────── v0.1.9
 Installed Colors ────────────────────── v0.9.6
 Installed Measures ──────────────────── v0.3.0
 Installed StatsFuns ─────────────────── v0.9.0
 Installed URIParser ─────────────────── v0.4.0
 Installed Neo4j ─────────────────────── v2.0.0
 Installed NLSolversBase ─────────────── v7.5.0
 Installed DocStringExtensions ───────── v0.8.1
 Installed KernelDensityEstimate ─────── v0.5.2
 Installed DataValueInterfaces ───────── v1.0.0
 Installed Compose ───────────────────── v0.7.3
 Installed Requires ──────────────────── v0.5.2
 Installed PooledArrays ──────────────── v0.5.2
 Installed InvertedIndices ───────────── v1.0.0
 Installed Reexport ──────────────────── v0.2.0
 Installed Compat ────────────────────── v2.2.0
 Installed ForwardDiff ───────────────── v0.10.7
 Installed DistributedFactorGraphs ───── v0.5.1
 Installed TransformUtils ────────────── v0.2.2
 Installed OrderedCollections ────────── v1.1.0
 Installed Rmath ─────────────────────── v0.5.1
 Installed Tables ────────────────────── v0.2.11
 Installed CoordinateTransformations ─── v0.5.0
 Installed IterTools ─────────────────── v1.3.0
 Installed JSON2 ─────────────────────── v0.3.1
 Installed IniFile ───────────────────── v0.5.0
 Installed DataStructures ────────────── v0.17.6
 Installed FixedPointNumbers ─────────── v0.6.1
 Installed Calculus ──────────────────── v0.5.1
 Installed Distributions ─────────────── v0.21.9
 Installed FillArrays ────────────────── v0.8.2
 Installed DiffEqDiffTools ───────────── v1.5.0
 Installed DiffRules ─────────────────── v0.1.0
 Installed LightGraphs ───────────────── v1.3.0
 Installed Parsers ───────────────────── v0.3.10
 Installed TranscodingStreams ────────── v0.9.5
 Installed Graphs ────────────────────── v0.10.3
 Installed JSON ──────────────────────── v0.21.0
 Installed CodecZlib ─────────────────── v0.6.0
 Installed ArrayInterface ────────────── v2.0.0
 Installed FunctionalStateMachine ────── v0.1.3
 Installed NaNMath ───────────────────── v0.3.3
 Installed DiffResults ───────────────── v0.0.4
 Installed HTTP ──────────────────────── v0.8.8
 Installed StaticArrays ──────────────── v0.12.1
 Installed Parameters ────────────────── v0.12.0
 Installed IteratorInterfaceExtensions ─ v1.0.0
 Installed SimpleTraits ──────────────── v0.9.1
 Installed CategoricalArrays ─────────── v0.7.3
 Installed QuadGK ────────────────────── v2.1.1
 Installed ApproxManifoldProducts ────── v0.1.2
 Installed NLsolve ───────────────────── v4.2.0
 Installed GraphPlot ─────────────────── v0.3.1
 Installed Distances ─────────────────── v0.8.2
 Installed SortingAlgorithms ─────────── v0.3.1
 Installed MacroTools ────────────────── v0.5.2
 Installed ColorTypes ────────────────── v0.8.0
 Installed SpecialFunctions ──────────── v0.8.0
 Installed PositiveFactorizations ────── v0.2.3
 Installed ArnoldiMethod ─────────────── v0.0.4
 Installed BinDeps ───────────────────── v0.8.10
 Installed ProgressMeter ─────────────── v1.2.0
 Installed Optim ─────────────────────── v0.19.5
 Installed Rotations ─────────────────── v0.12.0
 Installed Arpack ────────────────────── v0.3.1
  Updating `~/.julia/environments/v1.2/Project.toml`
  [904591bb] + IncrementalInference v0.8.2
  Updating `~/.julia/environments/v1.2/Manifest.toml`
  [9bbbb610] + ApproxManifoldProducts v0.1.2
  [ec485272] + ArnoldiMethod v0.0.4
  [7d9fca2a] + Arpack v0.3.1
  [4fba245c] + ArrayInterface v2.0.0
  [9e28174c] + BinDeps v0.8.10
  [b99e7846] + BinaryProvider v0.5.8
  [49dc2e85] + Calculus v0.5.1
  [324d7699] + CategoricalArrays v0.7.3
  [944b1d66] + CodecZlib v0.6.0
  [3da002f7] + ColorTypes v0.8.0
  [5ae59095] + Colors v0.9.6
  [bbf7d656] + CommonSubexpressions v0.2.0
  [34da2185] + Compat v2.2.0
  [a81c6b42] + Compose v0.7.3
  [150eb455] + CoordinateTransformations v0.5.0
  [9a962f9c] + DataAPI v1.1.0
  [a93c6f00] + DataFrames v0.19.4
  [864edb3b] + DataStructures v0.17.6
  [e2d170a0] + DataValueInterfaces v1.0.0
  [01453d9d] + DiffEqDiffTools v1.5.0
  [163ba53b] + DiffResults v0.0.4
  [b552c78f] + DiffRules v0.1.0
  [b4f34e82] + Distances v0.8.2
  [b5cc3c7e] + DistributedFactorGraphs v0.5.1
  [31c24e10] + Distributions v0.21.9
  [ffbed154] + DocStringExtensions v0.8.1
  [5789e2e9] + FileIO v1.1.0
  [1a297f60] + FillArrays v0.8.2
  [53c48c17] + FixedPointNumbers v0.6.1
  [f6369f11] + ForwardDiff v0.10.7
  [3e9e306e] + FunctionalStateMachine v0.1.3
  [a2cc645c] + GraphPlot v0.3.1
  [86223c79] + Graphs v0.10.3
  [cd3eb016] + HTTP v0.8.8
  [904591bb] + IncrementalInference v0.8.2
  [d25df0c9] + Inflate v0.1.1
  [83e8ac13] + IniFile v0.5.0
  [41ab1584] + InvertedIndices v1.0.0
  [c8e1da08] + IterTools v1.3.0
  [82899510] + IteratorInterfaceExtensions v1.0.0
  [033835bb] + JLD2 v0.1.9
  [682c06a0] + JSON v0.21.0
  [2535ab7d] + JSON2 v0.3.1
  [2472808a] + KernelDensityEstimate v0.5.2
  [093fc24a] + LightGraphs v1.3.0
  [d3d80556] + LineSearches v7.0.1
  [1914dd2f] + MacroTools v0.5.2
  [739be429] + MbedTLS v0.7.0
  [442fdcdd] + Measures v0.3.0
  [e1d29d7a] + Missings v0.4.3
  [d41bc354] + NLSolversBase v7.5.0
  [2774e3e8] + NLsolve v4.2.0
  [77ba4419] + NaNMath v0.3.3
  [d2adbeaf] + Neo4j v2.0.0
  [429524aa] + Optim v0.19.5
  [bac558e1] + OrderedCollections v1.1.0
  [90014a1f] + PDMats v0.9.10
  [d96e819e] + Parameters v0.12.0
  [69de0a69] + Parsers v0.3.10
  [2dfb63ee] + PooledArrays v0.5.2
  [85a6dd25] + PositiveFactorizations v0.2.3
  [92933f4c] + ProgressMeter v1.2.0
  [1fd47b50] + QuadGK v2.1.1
  [189a3867] + Reexport v0.2.0
  [ae029012] + Requires v0.5.2
  [79098fc4] + Rmath v0.5.1
  [6038ab10] + Rotations v0.12.0
  [699a6c99] + SimpleTraits v0.9.1
  [a2af1166] + SortingAlgorithms v0.3.1
  [276daf66] + SpecialFunctions v0.8.0
  [90137ffa] + StaticArrays v0.12.1
  [2913bbd2] + StatsBase v0.32.0
  [4c63d2b9] + StatsFuns v0.9.0
  [3783bdb8] + TableTraits v1.0.0
  [bd369af6] + Tables v0.2.11
  [3bb67fe8] + TranscodingStreams v0.9.5
  [9b8138ad] + TransformUtils v0.2.2
  [30578b45] + URIParser v0.4.0
  [2a0f44e3] + Base64 
  [ade2ca70] + Dates 
  [8bb1440f] + DelimitedFiles 
  [8ba89e20] + Distributed 
  [9fa8497b] + Future 
  [b77e0a4c] + InteractiveUtils 
  [76f85450] + LibGit2 
  [8f399da3] + Libdl 
  [37e2e46d] + LinearAlgebra 
  [56ddb016] + Logging 
  [d6f4376e] + Markdown 
  [a63ad114] + Mmap 
  [44cfe95a] + Pkg 
  [de0858da] + Printf 
  [9abbd945] + Profile 
  [3fa0cd96] + REPL 
  [9a3f8284] + Random 
  [ea8e919c] + SHA 
  [9e88b42a] + Serialization 
  [1a1011a3] + SharedArrays 
  [6462fe0b] + Sockets 
  [2f01184e] + SparseArrays 
  [10745b16] + Statistics 
  [4607b0f0] + SuiteSparse 
  [8dfed614] + Test 
  [cf7118a7] + UUIDs 
  [4ec0a83e] + Unicode 
  Building MbedTLS ─────────→ `~/.julia/packages/MbedTLS/a1JFn/deps/build.log`
  Building Rmath ───────────→ `~/.julia/packages/Rmath/4wt82/deps/build.log`
  Building CodecZlib ───────→ `~/.julia/packages/CodecZlib/5t9zO/deps/build.log`
  Building SpecialFunctions → `~/.julia/packages/SpecialFunctions/ne2iw/deps/build.log`
  Building Arpack ──────────→ `~/.julia/packages/Arpack/cu5By/deps/build.log`
   Testing IncrementalInference
 Resolving package versions...
    Status `/tmp/jl_QUNdSW/Manifest.toml`
  [9bbbb610] ApproxManifoldProducts v0.1.2
  [ec485272] ArnoldiMethod v0.0.4
  [7d9fca2a] Arpack v0.3.1
  [4fba245c] ArrayInterface v2.0.0
  [9e28174c] BinDeps v0.8.10
  [b99e7846] BinaryProvider v0.5.8
  [49dc2e85] Calculus v0.5.1
  [324d7699] CategoricalArrays v0.7.3
  [944b1d66] CodecZlib v0.6.0
  [3da002f7] ColorTypes v0.8.0
  [5ae59095] Colors v0.9.6
  [bbf7d656] CommonSubexpressions v0.2.0
  [34da2185] Compat v2.2.0
  [a81c6b42] Compose v0.7.3
  [150eb455] CoordinateTransformations v0.5.0
  [9a962f9c] DataAPI v1.1.0
  [a93c6f00] DataFrames v0.19.4
  [864edb3b] DataStructures v0.17.6
  [e2d170a0] DataValueInterfaces v1.0.0
  [01453d9d] DiffEqDiffTools v1.5.0
  [163ba53b] DiffResults v0.0.4
  [b552c78f] DiffRules v0.1.0
  [b4f34e82] Distances v0.8.2
  [b5cc3c7e] DistributedFactorGraphs v0.5.1
  [31c24e10] Distributions v0.21.9
  [ffbed154] DocStringExtensions v0.8.1
  [5789e2e9] FileIO v1.1.0
  [1a297f60] FillArrays v0.8.2
  [53c48c17] FixedPointNumbers v0.6.1
  [f6369f11] ForwardDiff v0.10.7
  [3e9e306e] FunctionalStateMachine v0.1.3
  [a2cc645c] GraphPlot v0.3.1
  [86223c79] Graphs v0.10.3
  [cd3eb016] HTTP v0.8.8
  [904591bb] IncrementalInference v0.8.2
  [d25df0c9] Inflate v0.1.1
  [83e8ac13] IniFile v0.5.0
  [41ab1584] InvertedIndices v1.0.0
  [c8e1da08] IterTools v1.3.0
  [82899510] IteratorInterfaceExtensions v1.0.0
  [033835bb] JLD2 v0.1.9
  [682c06a0] JSON v0.21.0
  [2535ab7d] JSON2 v0.3.1
  [2472808a] KernelDensityEstimate v0.5.2
  [093fc24a] LightGraphs v1.3.0
  [d3d80556] LineSearches v7.0.1
  [1914dd2f] MacroTools v0.5.2
  [739be429] MbedTLS v0.7.0
  [442fdcdd] Measures v0.3.0
  [e1d29d7a] Missings v0.4.3
  [d41bc354] NLSolversBase v7.5.0
  [2774e3e8] NLsolve v4.2.0
  [77ba4419] NaNMath v0.3.3
  [d2adbeaf] Neo4j v2.0.0
  [429524aa] Optim v0.19.5
  [bac558e1] OrderedCollections v1.1.0
  [90014a1f] PDMats v0.9.10
  [d96e819e] Parameters v0.12.0
  [69de0a69] Parsers v0.3.10
  [2dfb63ee] PooledArrays v0.5.2
  [85a6dd25] PositiveFactorizations v0.2.3
  [92933f4c] ProgressMeter v1.2.0
  [1fd47b50] QuadGK v2.1.1
  [189a3867] Reexport v0.2.0
  [ae029012] Requires v0.5.2
  [79098fc4] Rmath v0.5.1
  [6038ab10] Rotations v0.12.0
  [699a6c99] SimpleTraits v0.9.1
  [a2af1166] SortingAlgorithms v0.3.1
  [276daf66] SpecialFunctions v0.8.0
  [90137ffa] StaticArrays v0.12.1
  [2913bbd2] StatsBase v0.32.0
  [4c63d2b9] StatsFuns v0.9.0
  [3783bdb8] TableTraits v1.0.0
  [bd369af6] Tables v0.2.11
  [3bb67fe8] TranscodingStreams v0.9.5
  [9b8138ad] TransformUtils v0.2.2
  [30578b45] URIParser v0.4.0
  [2a0f44e3] Base64  [`@stdlib/Base64`]
  [ade2ca70] Dates  [`@stdlib/Dates`]
  [8bb1440f] DelimitedFiles  [`@stdlib/DelimitedFiles`]
  [8ba89e20] Distributed  [`@stdlib/Distributed`]
  [9fa8497b] Future  [`@stdlib/Future`]
  [b77e0a4c] InteractiveUtils  [`@stdlib/InteractiveUtils`]
  [76f85450] LibGit2  [`@stdlib/LibGit2`]
  [8f399da3] Libdl  [`@stdlib/Libdl`]
  [37e2e46d] LinearAlgebra  [`@stdlib/LinearAlgebra`]
  [56ddb016] Logging  [`@stdlib/Logging`]
  [d6f4376e] Markdown  [`@stdlib/Markdown`]
  [a63ad114] Mmap  [`@stdlib/Mmap`]
  [44cfe95a] Pkg  [`@stdlib/Pkg`]
  [de0858da] Printf  [`@stdlib/Printf`]
  [9abbd945] Profile  [`@stdlib/Profile`]
  [3fa0cd96] REPL  [`@stdlib/REPL`]
  [9a3f8284] Random  [`@stdlib/Random`]
  [ea8e919c] SHA  [`@stdlib/SHA`]
  [9e88b42a] Serialization  [`@stdlib/Serialization`]
  [1a1011a3] SharedArrays  [`@stdlib/SharedArrays`]
  [6462fe0b] Sockets  [`@stdlib/Sockets`]
  [2f01184e] SparseArrays  [`@stdlib/SparseArrays`]
  [10745b16] Statistics  [`@stdlib/Statistics`]
  [4607b0f0] SuiteSparse  [`@stdlib/SuiteSparse`]
  [8dfed614] Test  [`@stdlib/Test`]
  [cf7118a7] UUIDs  [`@stdlib/UUIDs`]
  [4ec0a83e] Unicode  [`@stdlib/Unicode`]
[ Info: Multithreaded  convolutions possible, Threads.nthreads()=1.  See `addFactor!(.;threadmodel=MultiThreaded)`.
[ Info: KernelDensityEstimate.FORCE_EVAL_DIRECT = true
WARNING: Method definition (::Type{DistributedFactorGraphs.VariableNodeData{T} where T<:DistributedFactorGraphs.InferenceVariable})(Array{Float64, 2}, Array{Float64, 2}, Array{Symbol, 1}, Array{Int64, 1}, Int64, Bool, Symbol, Array{Symbol, 1}, T<:DistributedFactorGraphs.InferenceVariable, Bool, Float64, Bool, Bool, Int64) where {T<:DistributedFactorGraphs.InferenceVariable} in module DistributedFactorGraphs at /root/.julia/packages/DistributedFactorGraphs/NMxiR/src/entities/DFGVariable.jl:11 overwritten at /root/.julia/packages/DistributedFactorGraphs/NMxiR/src/entities/DFGVariable.jl:41.
  ** incremental compilation may be fatally broken for this module **

WARNING: Method definition (::Type{DistributedFactorGraphs.VariableNodeData{T} where T<:DistributedFactorGraphs.InferenceVariable})(Array{Float64, 2}, Array{Float64, 2}, Array{Symbol, 1}, Array{Int64, 1}, Int64, Bool, Symbol, Array{Symbol, 1}, T<:DistributedFactorGraphs.InferenceVariable, Bool, Float64, Bool, Bool, Int64) where {T<:DistributedFactorGraphs.InferenceVariable} in module DistributedFactorGraphs at /root/.julia/packages/DistributedFactorGraphs/NMxiR/src/entities/DFGVariable.jl:11 overwritten at /root/.julia/packages/DistributedFactorGraphs/NMxiR/src/entities/DFGVariable.jl:41.
  ** incremental compilation may be fatally broken for this module **

WARNING: Method definition (::Type{DistributedFactorGraphs.VariableNodeData{T} where T<:DistributedFactorGraphs.InferenceVariable})(Array{Float64, 2}, Array{Float64, 2}, Array{Symbol, 1}, Array{Int64, 1}, Int64, Bool, Symbol, Array{Symbol, 1}, T<:DistributedFactorGraphs.InferenceVariable, Bool, Float64, Bool, Bool, Int64) where {T<:DistributedFactorGraphs.InferenceVariable} in module DistributedFactorGraphs at /root/.julia/packages/DistributedFactorGraphs/NMxiR/src/entities/DFGVariable.jl:41 overwritten at /root/.julia/packages/DistributedFactorGraphs/NMxiR/src/entities/DFGVariable.jl:11.
  ** incremental compilation may be fatally broken for this module **

WARNING: Method definition (::Type{DistributedFactorGraphs.VariableNodeData{T} where T<:DistributedFactorGraphs.InferenceVariable})(Array{Float64, 2}, Array{Float64, 2}, Array{Symbol, 1}, Array{Int64, 1}, Int64, Bool, Symbol, Array{Symbol, 1}, T<:DistributedFactorGraphs.InferenceVariable, Bool, Float64, Bool, Bool, Int64) where {T<:DistributedFactorGraphs.InferenceVariable} in module DistributedFactorGraphs at /root/.julia/packages/DistributedFactorGraphs/NMxiR/src/entities/DFGVariable.jl:11 overwritten at /root/.julia/packages/DistributedFactorGraphs/NMxiR/src/entities/DFGVariable.jl:41.
  ** incremental compilation may be fatally broken for this module **

[ Info: KernelDensityEstimate.FORCE_EVAL_DIRECT = true
[ Info: Adding graph visualization tools.
evalPotential sees SecondType(1)
evalPotential also sees SecondAgain(3)
evalPotential sees SecondType(1)
evalPotential sees SecondType(1)
evalPotential also sees SecondAgain(3)
Check the speed is reasonable
Test Summary:                  | Pass  Total
out of module evalPotential... |    3      3
State machine iter=1
do foo!
State machine iter=2
do bar!
State machine iter=3
do foo!
do bar!
do foo!
do foo!
State machine iter=1
do bar!
State machine iter=2
Test Summary:                       | Pass  Total
Test IIF's generic state machine... |    5      5
[ Info: try doautoinit! of x0
[ Info: try doautoinit! of x0
[ Info: init with useinitfct Symbol[:x0f1]
[ Info: do init of x0
[ Info: try doautoinit! of x1
[ Info: x1
[ Info: x0
[ Info: x1
[ Info: x0
┌ Warning: compareFactorGraphs will skip comparisons on: Symbol[:g, :bn, :IDs, :fIDs, :id, :nodeIDs, :factorIDs, :fifo, :solverParams]
└ @ DistributedFactorGraphs ~/.julia/packages/DistributedFactorGraphs/NMxiR/src/services/CompareUtils.jl:317
[ Info: x1
[ Info: x0
┌ Warning: compareFactorGraphs will skip comparisons on: Symbol[:g, :bn, :IDs, :fIDs, :id, :nodeIDs, :factorIDs, :fifo, :solverParams]
└ @ DistributedFactorGraphs ~/.julia/packages/DistributedFactorGraphs/NMxiR/src/services/CompareUtils.jl:317
[ Info: x1
[ Info: x0
[ Info: Solving over the Bayes (Junction) tree.

Building Bayes net...
[ Info: 
[ Info: Eliminating x0
[ Info: ===============
[ Info: 
[ Info:  - Removing x0
Si = Symbol[:x1]
[ Info: 
[ Info: Eliminating x1
[ Info: ===============
[ Info: 
[ Info:  - Removing x1
[ Info: Looking at x1f1
[ Info:    - Breaking link x1f1->x1...
[ Info:      - Original links: Symbol[:x1]
[ Info:      - New links: Symbol[]
[ Info: x1f1 doesn't have any other links, not adding it back...
Find potential functions for each clique
[ Info: Get potentials x1,x0,: 
[ Info: using all factors among cliq variables
[ Info: finding all frontals for down WIP
Bayes Tree
[ Info: Do tree based init-inference on tree
State machine iter=1
State machine iter=2
State machine iter=3
State machine iter=4
State machine iter=5
State machine iter=6
[ Info: up w 0 msgs
[ Info: ---------- successive fnc approx ------------x1,x0,: 
[ Info: #1	 -- 
[ Info: ---------- successive fnc approx ------------x1,x0,: 
[ Info: #1	 -- 
[ Info: [2x0p,d1,N100],
[ Info: #2	 -- 
[ Info: [2x0p,d1,N100],
[ Info: #3	 -- 
[ Info: [2x0p,d1,N100],
[ Info: fmcmc! -- solverData(vert=x1).inferdim=1.0
[ Info: fmcmc! -- solverData(vert=x0).inferdim=2.0
[ Info: Outgoing msg density on: 
[ Info: prepCliqInitMsgsUp, seps=Symbol[]
State machine iter=7
State machine iter=8
[ Info: transferUpdateSubGraph! -- syms=Symbol[:x1, :x0]
[ Info: sym=x1, mem size of val=(1, 100) and (1, 100)
┌ Warning: Deprecated
└ @ IncrementalInference ~/.julia/packages/IncrementalInference/FweX2/src/FactorGraphTypes.jl:362
[ Info: sym=x0, mem size of val=(1, 100) and (1, 100)
┌ Warning: Deprecated
└ @ IncrementalInference ~/.julia/packages/IncrementalInference/FweX2/src/FactorGraphTypes.jl:362
State machine iter=9
[ Info: Finished tree based init-inference
[ Info: x1
[ Info: x0
┌ Warning: compareFactorGraphs will skip comparisons on: Symbol[:g, :bn, :IDs, :fIDs, :id, :nodeIDs, :factorIDs, :fifo, :solverParams]
└ @ DistributedFactorGraphs ~/.julia/packages/DistributedFactorGraphs/NMxiR/src/services/CompareUtils.jl:317
[ Info: x1
[ Info: x0
┌ Warning: compareFactorGraphs will skip comparisons on: Symbol[:g, :bn, :IDs, :fIDs, :id, :nodeIDs, :factorIDs, :fifo, :solverParams]
└ @ DistributedFactorGraphs ~/.julia/packages/DistributedFactorGraphs/NMxiR/src/services/CompareUtils.jl:317
[ Info: x1
[ Info: x0
[ Info: x1 is not initialized, and will do so now...
[ Info: try doautoinit! of x1
[ Info: init with useinitfct Symbol[:x0x1f1]
[ Info: do init of x1
[ Info: x1
[ Info: x0
[ Info: x1
[ Info: x0

Building Bayes net...
[ Info: 
[ Info: Eliminating x0
[ Info: ===============
[ Info: 
[ Info:  - Removing x0
Si = Symbol[:x1]
[ Info: 
[ Info: Eliminating x1
[ Info: ===============
[ Info: 
[ Info:  - Removing x1
[ Info: Looking at x1f1
[ Info:    - Breaking link x1f1->x1...
[ Info:      - Original links: Symbol[:x1]
[ Info:      - New links: Symbol[]
[ Info: x1f1 doesn't have any other links, not adding it back...
Find potential functions for each clique
[ Info: Get potentials x1,x0,: 
[ Info: using all factors among cliq variables
[ Info: finding all frontals for down WIP
Bayes Tree
┌ Warning: compareFactorGraphs will skip comparisons on: Symbol[:g, :bn, :IDs, :fIDs, :id, :nodeIDs, :factorIDs, :fifo, :solverParams, :initialized, :inferdim, :estimateDict]
└ @ DistributedFactorGraphs ~/.julia/packages/DistributedFactorGraphs/NMxiR/src/services/CompareUtils.jl:317
[ Info: x1
[ Info: x0
Test Summary:                                          | Pass  Total
testing compare functions for variables and factors... |   21     21
[ Info: try doautoinit! of x0
[ Info: try doautoinit! of x0
[ Info: init with useinitfct Symbol[:x0f1]
[ Info: do init of x0
[ Info: try doautoinit! of x1
[ Info: try doautoinit! of x1
[ Info: init with useinitfct Symbol[:x0x1f1]
[ Info: do init of x1
[ Info: try doautoinit! of x2
[ Info: try doautoinit! of l1
┌ Warning: compareFactorGraphs will skip comparisons on: Symbol[:g, :bn, :IDs, :fIDs, :id, :nodeIDs, :factorIDs, :fifo, :solverParams, :labelDict, :addHistory, :logpath]
└ @ DistributedFactorGraphs ~/.julia/packages/DistributedFactorGraphs/NMxiR/src/services/CompareUtils.jl:317
[ Info: x1
[ Info: x0
Test Summary:              | Pass  Total
test subgraph functions... |    1      1
Test Summary:                               | Pass  Total
Ensure memory return is working properly... |    1      1
Test Summary:   | Pass  Total
test the basics |    2      2
[ Info: try doautoinit! of x0
maniT = if length(manifolds) < x
        ([manifolds[1] for i = 1:x]...,)
    else
        manifolds
    end = (:Euclid, :Euclid)
[ Info: try doautoinit! of x1
Test Summary:                             | Pass  Total
testing basic partial factor functions... |    2      2
[ Info: try doautoinit! of x1
[ Info: try doautoinit! of x1
[ Info: init with useinitfct Symbol[:x1f1]
[ Info: do init of x1
[ Info: try doautoinit! of x2
[ Info: try doautoinit! of x2
[ Info: init with useinitfct Symbol[:x1x2f1]
[ Info: do init of x2
[ Info: try doautoinit! of x3
[ Info: try doautoinit! of l1
[ Info: try doautoinit! of l1
[ Info: init with useinitfct Symbol[:x2l1f1, :x1l1f1]
[ Info: do init of l1
[ Info: [2x0p,d1,N100],
[ Info: try doautoinit! of x3
[ Info: init with useinitfct Symbol[:x2x3f1]
[ Info: do init of x3
[ Info: try doautoinit! of l2

Building Bayes net...
[ Info: 
[ Info: Eliminating l1
[ Info: ===============
[ Info: 
[ Info:  - Removing l1
Si = Symbol[:x2, :x1]
[ Info: 
[ Info: Eliminating l2
[ Info: ===============
[ Info: 
[ Info:  - Removing l2
Si = Symbol[:x3]
[ Info: 
[ Info: Eliminating x1
[ Info: ===============
[ Info: 
[ Info:  - Removing x1
[ Info: Looking at x2x1f1
[ Info:    - Breaking link x2x1f1->x1...
[ Info:      - Original links: Symbol[:x2, :x1]
[ Info:      - New links: Symbol[:x2]
[ Info: x2x1f1 still has links to other variables, readding it back...
Si = Symbol[:x2]
[ Info: 
[ Info: Eliminating x2
[ Info: ===============
[ Info: 
[ Info:  - Removing x2
[ Info: Looking at x2f1
[ Info:    - Breaking link x2f1->x2...
[ Info:      - Original links: Symbol[:x2]
[ Info:      - New links: Symbol[]
[ Info: x2f1 doesn't have any other links, not adding it back...
[ Info: Looking at x2f2
[ Info:    - Breaking link x2f2->x2...
[ Info:      - Original links: Symbol[:x2]
[ Info:      - New links: Symbol[]
[ Info: x2f2 doesn't have any other links, not adding it back...
Si = Symbol[:x3]
[ Info: 
[ Info: Eliminating x3
[ Info: ===============
[ Info: 
[ Info:  - Removing x3
[ Info: Looking at x3f2
[ Info:    - Breaking link x3f2->x3...
[ Info:      - Original links: Symbol[:x3]
[ Info:      - New links: Symbol[]
[ Info: x3f2 doesn't have any other links, not adding it back...
[ Info: Looking at x3f1
[ Info:    - Breaking link x3f1->x3...
[ Info:      - Original links: Symbol[:x3]
[ Info:      - New links: Symbol[]
[ Info: x3f1 doesn't have any other links, not adding it back...
Find potential functions for each clique
[ Info: Get potentials x1,l1,: x2,
[ Info: using all factors among cliq variables
[ Info: finding all frontals for down WIP
[ Info: Get potentials l2,: x3,
[ Info: using all factors among cliq variables
[ Info: finding all frontals for down WIP
[ Info: Get potentials x3,x2,: 
[ Info: using all factors among cliq variables
[ Info: finding all frontals for down WIP
[ Info: cliq=1 adding factor that is no in separator, l2
[ Info: cliq=1 adding factor that is no in separator, l1
[ Info: cliq=1 adding factor that is no in separator, x1
┌ Warning: add test tree verification
└ @ Main ~/.julia/packages/IncrementalInference/FweX2/test/testBayesTreeiSAM2Example.jl:73

Building Bayes net...
[ Info: 
[ Info: Eliminating x2
[ Info: ===============
[ Info: 
[ Info:  - Removing x2
Si = Symbol[:l1, :x3, :x1]
[ Info: 
[ Info: Eliminating x1
[ Info: ===============
[ Info: 
[ Info:  - Removing x1
[ Info: Looking at l1x3x1f1
[ Info:    - Breaking link l1x3x1f1->x1...
[ Info:      - Original links: Symbol[:l1, :x3, :x1]
[ Info:      - New links: Symbol[:l1, :x3]
[ Info: l1x3x1f1 still has links to other variables, readding it back...
Si = Symbol[:l1, :x3]
[ Info: 
[ Info: Eliminating x3
[ Info: ===============
[ Info: 
[ Info:  - Removing x3
[ Info: Looking at l1x3f1
[ Info:    - Breaking link l1x3f1->x3...
[ Info:      - Original links: Symbol[:l1, :x3]
[ Info:      - New links: Symbol[:l1]
[ Info: l1x3f1 still has links to other variables, readding it back...
[ Info: Looking at l1x3f2
[ Info:    - Breaking link l1x3f2->x3...
[ Info:      - Original links: Symbol[:l1, :x3]
[ Info:      - New links: Symbol[:l1]
[ Info: l1x3f2 still has links to other variables, readding it back...
Si = Symbol[:l2, :l1]
[ Info: 
[ Info: Eliminating l1
[ Info: ===============
[ Info: 
[ Info:  - Removing l1
[ Info: Looking at l1f2
[ Info:    - Breaking link l1f2->l1...
[ Info:      - Original links: Symbol[:l1]
[ Info:      - New links: Symbol[]
[ Info: l1f2 doesn't have any other links, not adding it back...
[ Info: Looking at l2l1f1
[ Info:    - Breaking link l2l1f1->l1...
[ Info:      - Original links: Symbol[:l2, :l1]
[ Info:      - New links: Symbol[:l2]
[ Info: l2l1f1 still has links to other variables, readding it back...
[ Info: Looking at l1f1
[ Info:    - Breaking link l1f1->l1...
[ Info:      - Original links: Symbol[:l1]
[ Info:      - New links: Symbol[]
[ Info: l1f1 doesn't have any other links, not adding it back...
Si = Symbol[:l2]
[ Info: 
[ Info: Eliminating l2
[ Info: ===============
[ Info: 
[ Info:  - Removing l2
[ Info: Looking at l2f1
[ Info:    - Breaking link l2f1->l2...
[ Info:      - Original links: Symbol[:l2]
[ Info:      - New links: Symbol[]
[ Info: l2f1 doesn't have any other links, not adding it back...
[ Info: Looking at l2f2
[ Info:    - Breaking link l2f2->l2...
[ Info:      - Original links: Symbol[:l2]
[ Info:      - New links: Symbol[]
[ Info: l2f2 doesn't have any other links, not adding it back...
Find potential functions for each clique
[ Info: Get potentials x1,x2,: l1,x3,
[ Info: using all factors among cliq variables
[ Info: finding all frontals for down WIP
[ Info: Get potentials l2,l1,x3,: 
[ Info: using all factors among cliq variables
[ Info: finding all frontals for down WIP
[ Info: cliq=1 adding factor that is no in separator, x2
[ Info: cliq=1 adding factor that is no in separator, x1
[ Info: cliq=1 adding factor that is no in separator, x2
Test Summary:                 | Pass  Total
basic Bayes tree construction |    1      1
Test Summary:                                                  | Pass  Total
Ensure converter types can be run from extending namespaces... |    1      1
┌ Warning: Setting serialization module from AbstractDFG - override this in the 'GraphsDFG{SolverParams} structure! This is being ignored.
└ @ DistributedFactorGraphs ~/.julia/packages/DistributedFactorGraphs/NMxiR/src/services/AbstractDFG.jl:21
[ Info: try doautoinit! of x1
[ Info: try doautoinit! of x1
[ Info: init with useinitfct Symbol[:x1f1]
[ Info: do init of x1
[ Info: try doautoinit! of x2
┌ Warning: Retrieving serialization module from AbstractDFG - override this in the 'GraphsDFG{SolverParams} structure! This is returning Main
└ @ DistributedFactorGraphs ~/.julia/packages/DistributedFactorGraphs/NMxiR/src/services/AbstractDFG.jl:25
Test Summary:              | Pass  Total
packing converters work... |    8      8
Test Summary:                     | Pass  Total
Ensure lambda's work with NLsolve |    1      1
Test Summary:                                       |
minimalistic pattern on how NLsolve is used in IIF. | No tests
Test Summary:                                                  | Pass  Total
generic root finding by numeric solve of residual functions... |    1      1
a1 = [-1.0 0.38408955307526993 0.8550473142468196; 0.6434826931742785 0.11268376773137656 0.12925560900438193]
  0.236235 seconds (182.53 k allocations: 9.342 MiB, 7.65% gc time)
  0.131451 seconds (64.82 k allocations: 3.234 MiB)
  0.010096 seconds (16.69 k allocations: 1.157 MiB)
zDim = size(measurement[1], 1) = 1
ccw.varidx = solvefor = 2
  1.477642 seconds (1.08 M allocations: 53.549 MiB, 2.12% gc time)
and in the reverse direction, achieved by simply changing CommonConvWrapper.varidx to 1...
ccw.varidx = solvefor = 1
  0.005191 seconds (7.72 k allocations: 1.017 MiB)
┌ Warning: test not implemented yet
└ @ Main ~/.julia/packages/IncrementalInference/FweX2/test/testCommonConvWrapper.jl:255
[ Info: try doautoinit! of x1
[ Info: try doautoinit! of x1
[ Info: init with useinitfct Symbol[:x1f1]
[ Info: do init of x1
[ Info: try doautoinit! of x2

Building Bayes net...
[ Info: 
[ Info: Eliminating x1
[ Info: ===============
[ Info: 
[ Info:  - Removing x1
Si = Symbol[:x2]
[ Info: 
[ Info: Eliminating x2
[ Info: ===============
[ Info: 
[ Info:  - Removing x2
[ Info: Looking at x2f1
[ Info:    - Breaking link x2f1->x2...
[ Info:      - Original links: Symbol[:x2]
[ Info:      - New links: Symbol[]
[ Info: x2f1 doesn't have any other links, not adding it back...
Find potential functions for each clique
[ Info: Get potentials x2,x1,: 
[ Info: using all factors among cliq variables
[ Info: finding all frontals for down WIP
Bayes Tree
[ Info: Solving over the Bayes (Junction) tree.

Building Bayes net...
[ Info: 
[ Info: Eliminating x1
[ Info: ===============
[ Info: 
[ Info:  - Removing x1
Si = Symbol[:x2]
[ Info: 
[ Info: Eliminating x2
[ Info: ===============
[ Info: 
[ Info:  - Removing x2
[ Info: Looking at x2f1
[ Info:    - Breaking link x2f1->x2...
[ Info:      - Original links: Symbol[:x2]
[ Info:      - New links: Symbol[]
[ Info: x2f1 doesn't have any other links, not adding it back...
Find potential functions for each clique
[ Info: Get potentials x2,x1,: 
[ Info: using all factors among cliq variables
[ Info: finding all frontals for down WIP
Bayes Tree
[ Info: Do tree based init-inference on tree
State machine iter=1
State machine iter=2
State machine iter=3
State machine iter=4
State machine iter=5
State machine iter=6
[ Info: up w 0 msgs
[ Info: ---------- successive fnc approx ------------x2,x1,: 
[ Info: #1	 -- 
[ Info: ---------- successive fnc approx ------------x2,x1,: 
[ Info: #1	 -- 
[ Info: [2x0p,d1,N100],
[ Info: #2	 -- 
[ Info: [2x0p,d1,N100],
[ Info: #3	 -- 
[ Info: [2x0p,d1,N100],
[ Info: fmcmc! -- solverData(vert=x2).inferdim=1.0
[ Info: fmcmc! -- solverData(vert=x1).inferdim=2.0
[ Info: Outgoing msg density on: 
[ Info: prepCliqInitMsgsUp, seps=Symbol[]
State machine iter=7
State machine iter=8
[ Info: transferUpdateSubGraph! -- syms=Symbol[:x2, :x1]
[ Info: sym=x2, mem size of val=(1, 100) and (1, 100)
┌ Warning: Deprecated
└ @ IncrementalInference ~/.julia/packages/IncrementalInference/FweX2/src/FactorGraphTypes.jl:362
[ Info: sym=x1, mem size of val=(1, 100) and (1, 100)
┌ Warning: Deprecated
└ @ IncrementalInference ~/.julia/packages/IncrementalInference/FweX2/src/FactorGraphTypes.jl:362
State machine iter=9
[ Info: Finished tree based init-inference
Test Summary:                | Pass  Total
GenericWrapParam functors... |  114    114
[ Info: try doautoinit! of x1
[ Info: try doautoinit! of x1
[ Info: init with useinitfct Symbol[:x1f1]
[ Info: do init of x1
[ Info: try doautoinit! of x2
Statistics.mean(pts, dims=2) = [50.26956397996111]
[ Info: Solving over the Bayes (Junction) tree.

Building Bayes net...
[ Info: 
[ Info: Eliminating x1
[ Info: ===============
[ Info: 
[ Info:  - Removing x1
Si = Symbol[:x2]
[ Info: 
[ Info: Eliminating x2
[ Info: ===============
[ Info: 
[ Info:  - Removing x2
[ Info: Looking at x2f1
[ Info:    - Breaking link x2f1->x2...
[ Info:      - Original links: Symbol[:x2]
[ Info:      - New links: Symbol[]
[ Info: x2f1 doesn't have any other links, not adding it back...
Find potential functions for each clique
[ Info: Get potentials x2,x1,: 
[ Info: using all factors among cliq variables
[ Info: finding all frontals for down WIP
Bayes Tree
[ Info: Do tree based init-inference on tree
State machine iter=1
State machine iter=2
State machine iter=3
State machine iter=4
State machine iter=5
State machine iter=6
[ Info: up w 0 msgs
[ Info: ---------- successive fnc approx ------------x2,x1,: 
[ Info: #1	 -- 
[ Info: ---------- successive fnc approx ------------x2,x1,: 
[ Info: #1	 -- 
[ Info: [2x0p,d1,N100],
[ Info: #2	 -- 
[ Info: [2x0p,d1,N100],
[ Info: #3	 -- 
[ Info: [2x0p,d1,N100],
[ Info: fmcmc! -- solverData(vert=x2).inferdim=1.0
[ Info: fmcmc! -- solverData(vert=x1).inferdim=2.0
[ Info: Outgoing msg density on: 
[ Info: prepCliqInitMsgsUp, seps=Symbol[]
State machine iter=7
State machine iter=8
[ Info: transferUpdateSubGraph! -- syms=Symbol[:x2, :x1]
[ Info: sym=x2, mem size of val=(1, 100) and (1, 100)
┌ Warning: Deprecated
└ @ IncrementalInference ~/.julia/packages/IncrementalInference/FweX2/src/FactorGraphTypes.jl:362
[ Info: sym=x1, mem size of val=(1, 100) and (1, 100)
┌ Warning: Deprecated
└ @ IncrementalInference ~/.julia/packages/IncrementalInference/FweX2/src/FactorGraphTypes.jl:362
State machine iter=9
[ Info: Finished tree based init-inference
Test Summary:                                       | Pass  Total
with simple local constraint examples Odo, Obsv2... |    2      2
[ Info: try doautoinit! of x1
[ Info: try doautoinit! of x1
[ Info: init with useinitfct Symbol[:x1f1]
[ Info: do init of x1
[ Info: try doautoinit! of x2
Test Summary:                            | Pass  Total
test default userdata::FactorMetadata... |    2      2
Test Summary:                                                                    | Pass  Total
test IncrementalInference.assembleHypothesesElements! without multihypothesis... |   16     16
Test Summary:                                                             | Pass  Total
test IncrementalInference.assembleHypothesesElements! with bi-modality... |   48     48
┌ Warning: only partially testing tri-modality
└ @ Main ~/.julia/packages/IncrementalInference/FweX2/test/testExplicitMultihypo.jl:321
Test Summary:                                                              | Pass  Total
test IncrementalInference.assembleHypothesesElements! with tri-modality... |   84     84
[ Info: try doautoinit! of l1
[ Info: try doautoinit! of l2
[ Info: try doautoinit! of x1
[ Info: try doautoinit! of l1
[ Info: init with useinitfct Symbol[:l1f1]
[ Info: do init of l1
[ Info: try doautoinit! of l1_0
[ Info: try doautoinit! of x1
[ Info: allowing init from incomplete set of previously initialized hypotheses, fct=x1l1l1_0f1
[ Info: init with useinitfct Symbol[:x1l1l1_0f1]
[ Info: do init of x1
[ Info: not all hypotheses initialized, but at least one available -- see #427
[ Info: try doautoinit! of x2
[ Info: try doautoinit! of x2
[ Info: init with useinitfct Symbol[:x1x2f1]
[ Info: do init of x2
[ Info: try doautoinit! of l2
[ Info: allowing init from incomplete set of previously initialized hypotheses, fct=x2l2l2_0f1
[ Info: init with useinitfct Symbol[:x2l2l2_0f1, :l2f1]
[ Info: do init of l2
[ Info: not all hypotheses initialized, but at least one available -- see #427
[ Info: [2x0p,d1,N100],
[ Info: try doautoinit! of l2_0

Building Bayes net...
Si = Symbol[:x2, :l1, :l1_0]
Si = Symbol[:x2, :l2_0]
Si = Symbol[:x2, :l1_0]
[ Info: Solving over the Bayes (Junction) tree.
[ Info: 
[ Info: Eliminating x1
[ Info: ===============
[ Info: 
[ Info:  - Removing x1
[ Info: 
[ Info: Eliminating l2
[ Info: ===============
[ Info: 
[ Info:  - Removing l2
[ Info: 
[ Info: Eliminating l1
[ Info: ===============
[ Info: 
[ Info:  - Removing l1
[ Info: Looking at x2l1l1_0f1
[ Info:    - Breaking link x2l1l1_0f1->l1...
[ Info:      - Original links: Symbol[:x2, :l1, :l1_0]
[ Info:      - New links: Symbol[:x2, :l1_0]
[ Info: x2l1l1_0f1 still has links to other variables, readding it back...
[ Info: 
[ Info: Eliminating x2
[ Info: ===============
[ Info: 
[ Info:  - Removing x2
[ Info: Looking at x2l2_0f1
[ Info:    - Breaking link x2l2_0f1->x2...
[ Info:      - Original links: Symbol[:x2, :l2_0]
[ Info:      - New links: Symbol[:l2_0]
[ Info: x2l2_0f1 still has links to other variables, readding it back...
[ Info: Looking at x2l1_0f1
[ Info:    - Breaking link x2l1_0f1->x2...
[ Info:      - Original links: Symbol[:x2, :l1_0]
[ Info:      - New links: Symbol[:l1_0]
[ Info: x2l1_0f1 still has links to other variables, readding it back...
[ Info: Looking at x2l1_0f2
[ Info:    - Breaking link x2l1_0f2->x2...
[ Info:      - Original links: Symbol[:x2, :l1_0]
[ Info:      - New links: Symbol[:l1_0]
[ Info: x2l1_0f2 still has links to other variables, readding it back...
Si = Symbol[:l2_0, :l1_0]
[ Info: 
[ Info: Eliminating l2_0
[ Info: ===============
[ Info: 
[ Info:  - Removing l2_0
[ Info: Looking at l2_0f1
[ Info:    - Breaking link l2_0f1->l2_0...
[ Info:      - Original links: Symbol[:l2_0]
[ Info:      - New links: Symbol[]
[ Info: l2_0f1 doesn't have any other links, not adding it back...
[ Info: Looking at l2_0l1_0f1
[ Info:    - Breaking link l2_0l1_0f1->l2_0...
[ Info:      - Original links: Symbol[:l2_0, :l1_0]
[ Info:      - New links: Symbol[:l1_0]
[ Info: l2_0l1_0f1 still has links to other variables, readding it back...
Si = Symbol[:l1_0]
[ Info: 
[ Info: Eliminating l1_0
[ Info: ===============
[ Info: 
[ Info:  - Removing l1_0
[ Info: Looking at l1_0f2
[ Info:    - Breaking link l1_0f2->l1_0...
[ Info:      - Original links: Symbol[:l1_0]
[ Info:      - New links: Symbol[]
[ Info: l1_0f2 doesn't have any other links, not adding it back...
[ Info: Looking at l1_0f4
[ Info:    - Breaking link l1_0f4->l1_0...
[ Info:      - Original links: Symbol[:l1_0]
[ Info:      - New links: Symbol[]
[ Info: l1_0f4 doesn't have any other links, not adding it back...
[ Info: Looking at l1_0f1
[ Info:    - Breaking link l1_0f1->l1_0...
[ Info:      - Original links: Symbol[:l1_0]
[ Info:      - New links: Symbol[]
[ Info: l1_0f1 doesn't have any other links, not adding it back...
[ Info: Looking at l1_0f3
[ Info:    - Breaking link l1_0f3->l1_0...
[ Info:      - Original links: Symbol[:l1_0]
[ Info:      - New links: Symbol[]
[ Info: l1_0f3 doesn't have any other links, not adding it back...
[ Info: Get potentials l1,x1,: x2,l1_0,
[ Info: using all factors among cliq variables
[ Info: finding all frontals for down WIP
[ Info: Get potentials l2,: x2,l2_0,
[ Info: using all factors among cliq variables
Find potential functions for each clique
[ Info: finding all frontals for down WIP
[ Info: Get potentials l1_0,l2_0,x2,: 
[ Info: using all factors among cliq variables
[ Info: finding all frontals for down WIP
[ Info: cliq=1 adding factor that is no in separator, x1
[ Info: cliq=1 adding factor that is no in separator, l1
[ Info: cliq=1 adding factor that is no in separator, l2
[ Info: cliq=1 adding factor that is no in separator, l2
[ Info: cliq=1 adding factor that is no in separator, x1
[ Info: Do tree based init-inference on tree
Bayes Tree
State machine iter=1
State machine iter=2
State machine iter=3
State machine iter=4
State machine iter=1
State machine iter=2
State machine iter=3
State machine iter=4
State machine iter=5
State machine iter=6
State machine iter=7
State machine iter=8
[ Info: up w 0 msgs
State machine iter=1
State machine iter=2
[ Info: ---------- successive fnc approx ------------l1,x1,: x2,l1_0,
[ Info: #1	 -- 
[ Info: ---------- successive fnc approx ------------l1,x1,: x2,l1_0,
[ Info: #1	 -- 
State machine iter=3[ Info: [2x0p,d1,N100],

[ Info: [2x0p,d1,N100],
State machine iter=4[ Info: #2	 -- 

[ Info: [2x0p,d1,N100],
State machine iter=5[ Info: [2x0p,d1,N100],

[ Info: #3	 -- 
State machine iter=6
[ Info: [2x0p,d1,N100],
[ Info: [2x0p,d1,N100],
State machine iter=7
State machine iter=8[ Info: fmcmc! -- solverData(vert=x2).inferdim=0.0
[ Info: fmcmc! -- solverData(vert=l1_0).inferdim=0.0
[ Info: fmcmc! -- solverData(vert=l1).inferdim=1.0

[ Info: fmcmc! -- solverData(vert=x1).inferdim=0.0
[ Info: up w 0 msgs
[ Info: Outgoing msg density on: 
[ Info: ---------- successive fnc approx ------------l2,: x2,l2_0,
[ Info: prepCliqInitMsgsUp, seps=Symbol[:x2, :l1_0]
[ Info: #1	 -- 
[ Info: ---------- successive fnc approx ------------l2,: x2,l2_0,
[ Info: #1	 -- 
[ Info: [2x0p,d1,N100],
[ Info: #2	 -- 
State machine iter=9[ Info: [2x0p,d1,N100],
[ Info: #3	 -- 

[ Info: [2x0p,d1,N100],
State machine iter=10[ Info: fmcmc! -- solverData(vert=x2).inferdim=0.0

[ Info: fmcmc! -- solverData(vert=l2_0).inferdim=0.0
[ Info: fmcmc! -- solverData(vert=l2).inferdim=1.0
[ Info: Outgoing msg density on: 
[ Info: prepCliqInitMsgsUp, seps=Symbol[:x2, :l2_0]
State machine iter=5
State machine iter=6
[ Info: up w 2 msgs
[ Info: inp.sendmsgs[x2].inferdim=0.0
[ Info: inp.sendmsgs[l1_0].inferdim=0.0
State machine iter=9
State machine iter=10[ Info: inp.sendmsgs[l2_0].inferdim=0.0

[ Info: inp.sendmsgs[x2].inferdim=0.0
[ Info: ---------- successive fnc approx ------------l1_0,l2_0,x2,: 
[ Info: #1	 -- 
[ Info: fmcmc! -- solverData(vert=l1_0).inferdim=0.0
[ Info: fmcmc! -- solverData(vert=l2_0).inferdim=0.0
[ Info: ---------- successive fnc approx ------------l1_0,l2_0,x2,: 
[ Info: #1	 -- 
[ Info: [2x0p,d1,N100],
[ Info: fmcmc! -- solverData(vert=l1_0).inferdim=0.0
[ Info: fmcmc! -- solverData(vert=l2_0).inferdim=0.0
[ Info: fmcmc! -- solverData(vert=x2).inferdim=0.0
[ Info: Outgoing msg density on: 
[ Info: prepCliqInitMsgsUp, seps=Symbol[]
State machine iter=7
State machine iter=8
[ Info: transferUpdateSubGraph! -- syms=Symbol[:l1_0, :l2_0, :x2]
[ Info: sym=l1_0, mem size of val=(1, 100) and (1, 100)
┌ Warning: Deprecated
└ @ IncrementalInference ~/.julia/packages/IncrementalInference/FweX2/src/FactorGraphTypes.jl:362
[ Info: sym=l2_0, mem size of val=(1, 100) and (1, 100)
┌ Warning: Deprecated
└ @ IncrementalInference ~/.julia/packages/IncrementalInference/FweX2/src/FactorGraphTypes.jl:362
[ Info: sym=x2, mem size of val=(1, 100) and (1, 100)
┌ Warning: Deprecated
└ @ IncrementalInference ~/.julia/packages/IncrementalInference/FweX2/src/FactorGraphTypes.jl:362
State machine iter=11
[ Info: [2x0p,d1,N100],
State machine iter=11
[ Info: [2x0p,d1,N100],
[ Info: [2x0p,d1,N100],
[ Info: [2x0p,d1,N100],
State machine iter=9[ Info: [2x0p,d1,N100],
[ Info: [2x0p,d1,N100],

[ Info: [2x0p,d1,N100],
State machine iter=12
State machine iter=12
[ Info: Finished tree based init-inference
Test Summary:                            |
test CSM runaway on upsolve, (issue 427) | No tests
[ Info: try doautoinit! of l0
[ Info: try doautoinit! of l1
[ Info: try doautoinit! of x0
[ Info: try doautoinit! of l0
[ Info: init with useinitfct Symbol[:l0f1]
[ Info: do init of l0
[ Info: try doautoinit! of l1
[ Info: init with useinitfct Symbol[:l1f1]
[ Info: do init of l1
[ Info: try doautoinit! of x0
[ Info: init with useinitfct Symbol[:x0l0l1f1]
[ Info: do init of x0
[ Info: try doautoinit! of x1
[ Info: try doautoinit! of x1
[ Info: init with useinitfct Symbol[:x1l0l1f1, :x0x1f1]
[ Info: do init of x1
[ Info: [2x0p,d1,N200],
[ Info: try doautoinit! of x2
[ Info: Solving over the Bayes (Junction) tree.

Building Bayes net...
[ Info: 
[ Info: Eliminating x1
[ Info: ===============
[ Info: 
[ Info:  - Removing x1
Si = Symbol[:x2, :l0, :l1, :x0]
[ Info: 
[ Info: Eliminating l1
[ Info: ===============
[ Info: 
[ Info:  - Removing l1
[ Info: Looking at x2l0l1x0f1
[ Info:    - Breaking link x2l0l1x0f1->l1...
[ Info:      - Original links: Symbol[:x2, :l0, :l1, :x0]
[ Info:      - New links: Symbol[:x2, :l0, :x0]
[ Info: x2l0l1x0f1 still has links to other variables, readding it back...
Si = Symbol[:x0, :l0, :x2]
[ Info: 
[ Info: Eliminating l0
[ Info: ===============
[ Info: 
[ Info:  - Removing l0
[ Info: Looking at x2l0x0f1
[ Info:    - Breaking link x2l0x0f1->l0...
[ Info:      - Original links: Symbol[:x2, :l0, :x0]
[ Info:      - New links: Symbol[:x2, :x0]
[ Info: x2l0x0f1 still has links to other variables, readding it back...
[ Info: Looking at x0l0x2f1
[ Info:    - Breaking link x0l0x2f1->l0...
[ Info:      - Original links: Symbol[:x0, :l0, :x2]
[ Info:      - New links: Symbol[:x0, :x2]
[ Info: x0l0x2f1 still has links to other variables, readding it back...
Si = Symbol[:x2, :x0]
[ Info: 
[ Info: Eliminating x0
[ Info: ===============
[ Info: 
[ Info:  - Removing x0
[ Info: Looking at x0x2f1
[ Info:    - Breaking link x0x2f1->x0...
[ Info:      - Original links: Symbol[:x0, :x2]
[ Info:      - New links: Symbol[:x2]
[ Info: x0x2f1 still has links to other variables, readding it back...
[ Info: Looking at x2x0f2
[ Info:    - Breaking link x2x0f2->x0...
[ Info:      - Original links: Symbol[:x2, :x0]
[ Info:      - New links: Symbol[:x2]
[ Info: x2x0f2 still has links to other variables, readding it back...
[ Info: Looking at x2x0f1
[ Info:    - Breaking link x2x0f1->x0...
[ Info:      - Original links: Symbol[:x2, :x0]
[ Info:      - New links: Symbol[:x2]
[ Info: x2x0f1 still has links to other variables, readding it back...
Si = Symbol[:x2]
[ Info: 
[ Info: Eliminating x2
[ Info: ===============
[ Info: 
[ Info:  - Removing x2
[ Info: Looking at x2f1
[ Info:    - Breaking link x2f1->x2...
[ Info:      - Original links: Symbol[:x2]
[ Info:      - New links: Symbol[]
[ Info: x2f1 doesn't have any other links, not adding it back...
[ Info: Looking at x2f4
[ Info:    - Breaking link x2f4->x2...
[ Info:      - Original links: Symbol[:x2]
[ Info:      - New links: Symbol[]
[ Info: x2f4 doesn't have any other links, not adding it back...
[ Info: Looking at x2f2
[ Info:    - Breaking link x2f2->x2...
[ Info:      - Original links: Symbol[:x2]
[ Info:      - New links: Symbol[]
[ Info: x2f2 doesn't have any other links, not adding it back...
[ Info: Looking at x2f3
[ Info:    - Breaking link x2f3->x2...
[ Info:      - Original links: Symbol[:x2]
[ Info:      - New links: Symbol[]
[ Info: x2f3 doesn't have any other links, not adding it back...
Find potential functions for each clique
[ Info: Get potentials x2,x0,l0,l1,x1,: 
[ Info: using all factors among cliq variables
[ Info: finding all frontals for down WIP
Bayes Tree
[ Info: Do tree based init-inference on tree
State machine iter=1
State machine iter=2
State machine iter=3
State machine iter=4
State machine iter=5
State machine iter=6
[ Info: up w 0 msgs
[ Info: ---------- successive fnc approx ------------x2,x0,l0,l1,x1,: 
[ Info: #1	 -- 
[ Info: ---------- successive fnc approx ------------x2,x0,l0,l1,x1,: 
[ Info: #1	 -- 
[ Info: [2x0p,d1,N200],
[ Info: [3x0p,d1,N200],
[ Info: [3x0p,d1,N200],
[ Info: [3x0p,d1,N200],
[ Info: #2	 -- 
[ Info: [2x0p,d1,N200],
[ Info: [3x0p,d1,N200],
[ Info: [3x0p,d1,N200],
[ Info: [3x0p,d1,N200],
[ Info: #3	 -- 
[ Info: [2x0p,d1,N200],
[ Info: [3x0p,d1,N200],
[ Info: [3x0p,d1,N200],
[ Info: [3x0p,d1,N200],
[ Info: fmcmc! -- solverData(vert=x2).inferdim=1.0
[ Info: fmcmc! -- solverData(vert=x0).inferdim=2.0
[ Info: fmcmc! -- solverData(vert=l0).inferdim=3.0
[ Info: fmcmc! -- solverData(vert=l1).inferdim=3.0
[ Info: fmcmc! -- solverData(vert=x1).inferdim=3.0
[ Info: Outgoing msg density on: 
[ Info: prepCliqInitMsgsUp, seps=Symbol[]
State machine iter=7
State machine iter=8
[ Info: transferUpdateSubGraph! -- syms=Symbol[:x2, :x0, :l0, :l1, :x1]
[ Info: sym=x2, mem size of val=(1, 200) and (1, 200)
┌ Warning: Deprecated
└ @ IncrementalInference ~/.julia/packages/IncrementalInference/FweX2/src/FactorGraphTypes.jl:362
[ Info: sym=x0, mem size of val=(1, 200) and (1, 200)
┌ Warning: Deprecated
└ @ IncrementalInference ~/.julia/packages/IncrementalInference/FweX2/src/FactorGraphTypes.jl:362
[ Info: sym=l0, mem size of val=(1, 200) and (1, 200)
┌ Warning: Deprecated
└ @ IncrementalInference ~/.julia/packages/IncrementalInference/FweX2/src/FactorGraphTypes.jl:362
[ Info: sym=l1, mem size of val=(1, 200) and (1, 200)
┌ Warning: Deprecated
└ @ IncrementalInference ~/.julia/packages/IncrementalInference/FweX2/src/FactorGraphTypes.jl:362
[ Info: sym=x1, mem size of val=(1, 200) and (1, 200)
┌ Warning: Deprecated
└ @ IncrementalInference ~/.julia/packages/IncrementalInference/FweX2/src/FactorGraphTypes.jl:362
[ Info: Finished tree based init-inference
State machine iter=9
Test Summary:                               | Pass  Total
2door basic binary multihypothesis tests... |    5      5
[ Info: try doautoinit! of x0
Threads.nthreads() = 1
[ Info: try doautoinit! of x0
[ Info: init with useinitfct Symbol[:x0f1]
[ Info: do init of x0
[ Info: try doautoinit! of x1
Test Summary:                                                               | Pass  Total
Basic ContinuousScalar example to ensure multithreaded convolutions work... |    1      1
maniT = if length(manifolds) < x
        ([manifolds[1] for i = 1:x]...,)
    else
        manifolds
    end = (:Euclid, :Euclid)
[ Info: try doautoinit! of x1
[ Info: try doautoinit! of x1
[ Info: init with useinitfct Symbol[:x1f1, :x1f2]
[ Info: do init of x1
[ Info: [1x1p,d2,N100],

[ Info: 
[ Info: Eliminating x1
[ Info: ===============
[ Info: 
Building Bayes net...
[ Info:  - Removing x1
[ Info: Get potentials x1,: 
[ Info: using all factors among cliq variables
Find potential functions for each clique
[ Info: finding all frontals for down WIP
Bayes Tree
[ Info: Solving over the Bayes (Junction) tree.
[ Info: Do tree based init-inference on tree
State machine iter=1
State machine iter=2
State machine iter=3
State machine iter=4
State machine iter=5
State machine iter=6
[ Info: up w 0 msgs
[ Info: ---------- successive fnc approx ------------x1,: 
[ Info: #1	 -- 
[ Info: ---------- successive fnc approx ------------x1,: 
[ Info: #1	 -- 
[ Info: [1x1p,d2,N100],
[ Info: fmcmc! -- solverData(vert=x1).inferdim=2.0
[ Info: Outgoing msg density on: 
[ Info: prepCliqInitMsgsUp, seps=Symbol[]
State machine iter=7
State machine iter=8
[ Info: transferUpdateSubGraph! -- syms=Symbol[:x1]
[ Info: sym=x1, mem size of val=(2, 100) and (2, 100)
┌ Warning: Deprecated
└ @ IncrementalInference ~/.julia/packages/IncrementalInference/FweX2/src/FactorGraphTypes.jl:362
State machine iter=9
[ Info: Finished tree based init-inference
maniT = if length(manifolds) < x
        ([manifolds[1] for i = 1:x]...,)
    else
        manifolds
    end = (:Euclid, :Euclid)
[ Info: try doautoinit! of x2
[ Info: try doautoinit! of x2
[ Info: init with useinitfct Symbol[:x1x2f1, :x2f1]
[ Info: do init of x2
[ Info: [0x2p,d2,N100],
┌ Warning: restore findRelatedFromPotential as testset!
└ @ Main ~/.julia/packages/IncrementalInference/FweX2/test/testpartialconstraint.jl:122
X2lpts[2, 95:100] = [9.845242360920562, 10.488279629580699, 10.758407099371729, 11.168307524380921, 8.19032242226386, 10.400374681197865]
lpts[2, 95:100] = [10.035704027110397, 10.887440839480634, 12.082561944336666, 10.400642883262275, 9.337871135095558, 10.308163334739803]
getPoints(keepaside) = [-19.484167047449894 -21.301145872246288 -19.944566364995 -18.974640319152314 -20.909027042808926 -19.22272429367541 -19.768448166904427 -20.21348029640657 -19.403142131019482 -19.302444174409853 -19.830658533125085 -21.435884412059007 -19.088200234982356 -20.627751690807305 -20.02095311406328 -20.389163778823214 -22.529382759759454 -20.519134715175863 -19.93920799600292 -19.987153366040577 -19.75502638776285 -21.723619890303652 -18.570178799174183 -18.831425889138533 -19.25041593261168 -18.79355562008251 -18.574663368578427 -19.007505435057876 -20.500725308175962 -20.879928951129592 -19.92983797011541 -21.18458694363224 -19.55926876773039 -17.791879370785306 -19.99066703089185 -18.559227557534463 -20.250046369504112 -20.0624759390246 -18.9957846228495 -19.688867087139563 -18.766922926797697 -21.05779225462947 -21.098651336848306 -21.114123728296043 -19.667258963922997 -20.1292267578145 -18.82731892395407 -20.78203520717638 -20.59270604887889 -18.798440677472 -21.098340880109973 -21.54801104201737 -20.984703441532154 -20.382387395911863 -19.2744805130706 -22.138174383999218 -19.844612766753194 -20.23994802103907 -20.066457738344955 -20.329222844543022 -18.200933595337418 -19.57830908554987 -21.243787204605546 -21.519084390131315 -20.691460635583535 -20.965019057704534 -20.159911926286863 -19.039014909466193 -19.54259613343325 -18.340010512385682 -19.82964670364655 -17.77966601719047 -20.398238988366117 -21.5467576734666 -21.033016284341173 -19.92650602310254 -20.63482432907297 -21.24418981495919 -17.60364636982379 -21.14167484907366 -18.95931511689184 -20.63518246282854 -18.917724785286147 -20.244919157163288 -20.10280085992641 -19.036081872795236 -19.99840467253509 -21.3378275855383 -20.371449720576283 -18.410676869572647 -18.77273428873714 -18.088832310452563 -20.392808205523025 -20.95481450524649 -19.683147975126477 -20.90594762436456 -21.130742590816723 -19.573626199455326 -20.43727846699015 -19.663873327167757; 10.453980341711024 10.055946544966034 11.059599758042294 10.467650630502606 12.52305792226474 9.144871192475065 7.842814628947928 10.196611719496694 9.956421897184859 9.453113619361014 11.862758803355323 10.30922214541266 10.561924476862618 10.188768475778573 9.282490005364496 11.145403180125584 11.031440386673557 11.105698549129457 11.26238761265668 10.606279849137588 8.645372291409783 8.83993575837186 10.936619844735914 8.749369483655045 12.07550464034078 9.842340769628784 10.73453284837104 10.640452440703228 10.296794806215045 10.529097660456111 10.60179153723803 8.611511694246145 7.34606080481307 10.41792928389846 11.240360781106048 10.975903951864282 9.789772016611167 8.721937676864414 10.203988740990374 10.387310389097514 10.60348038207802 10.465023911911256 8.535227417115166 11.21890614806298 9.691905987803658 10.552725904389975 9.367126406845772 9.9541087002758 9.807444952510918 9.049878576737598 9.680102013501203 9.983045723345068 7.890459450743401 11.083631931612135 9.050060675098235 10.398862840737845 10.972280006311442 9.258216012744157 10.365222843357055 8.566935246529557 9.99087475466527 8.644183961263655 9.435526339304854 12.3095559717482 10.982165092896485 9.637987788837059 10.718094629548661 10.17137547672796 10.918422352565129 11.646846473151758 9.727169620725249 9.171489348635768 10.842739933890304 7.755508427192934 11.095949200265375 10.534041126751978 10.439638160171222 10.959301175796062 10.946677857501921 9.491472218282157 9.085690484389692 8.761827689734051 11.242331698929389 9.062733414729385 10.300396404044408 9.682985928920544 8.709118357974551 9.822247591466105 10.152279641967503 9.879124630479783 10.250807786444021 12.090075776328677 11.78390643424078 10.829751055925895 10.035704027110397 10.887440839480634 12.082561944336666 10.400642883262275 9.337871135095558 10.308163334739803]
[ Info: [0x1p,d2,N100],
[ Info: [0x1p,d2,N100],
[ Info: [0x2p,d2,N100],

[ Info: 
[ Info: Eliminating x1
[ Info: ===============
[ Info: 
Building Bayes net...
[ Info:  - Removing x1
[ Info: 
Si = Symbol[:x2]
Find potential functions for each clique
[ Info: Eliminating x2
[ Info: ===============
[ Info: 
[ Info:  - Removing x2
[ Info: Looking at x2f2
[ Info:    - Breaking link x2f2->x2...
[ Info:      - Original links: Symbol[:x2]
[ Info:      - New links: Symbol[]
[ Info: x2f2 doesn't have any other links, not adding it back...
[ Info: Get potentials x2,x1,: 
[ Info: using all factors among cliq variables
[ Info: finding all frontals for down WIP
Bayes Tree
State machine iter=1
[ Info: Solving over the Bayes (Junction) tree.
[ Info: Do tree based init-inference on tree
State machine iter=2
State machine iter=3
[ Info: up w 0 msgs
[ Info: ---------- successive fnc approx ------------x2,x1,: 
[ Info: #1	 -- 
[ Info: ---------- successive fnc approx ------------x2,x1,: 
[ Info: #1	 -- 
State machine iter=4
State machine iter=5
State machine iter=6
[ Info: [0x2p,d2,N100],
[ Info: [1x2p,d2,N100],
[ Info: #2	 -- 
[ Info: [0x2p,d2,N100],
[ Info: [1x2p,d2,N100],
[ Info: #3	 -- 
[ Info: [0x2p,d2,N100],
[ Info: [1x2p,d2,N100],
[ Info: fmcmc! -- solverData(vert=x2).inferdim=0.0
[ Info: fmcmc! -- solverData(vert=x1).inferdim=2.0
[ Info: Outgoing msg density on: 
[ Info: prepCliqInitMsgsUp, seps=Symbol[]
State machine iter=7
State machine iter=8
[ Info: transferUpdateSubGraph! -- syms=Symbol[:x2, :x1]
[ Info: sym=x2, mem size of val=(2, 100) and (2, 100)
┌ Warning: Deprecated
└ @ IncrementalInference ~/.julia/packages/IncrementalInference/FweX2/src/FactorGraphTypes.jl:362
[ Info: sym=x1, mem size of val=(2, 100) and (2, 100)
┌ Warning: Deprecated
└ @ IncrementalInference ~/.julia/packages/IncrementalInference/FweX2/src/FactorGraphTypes.jl:362
State machine iter=9
[ Info: Finished tree based init-inference
Test Summary:          | Pass  Total
partial constraints... |   42     42
[ Info: try doautoinit! of x1
┌ Warning: FunctorSingletonNH will be deprecated in favor of common `nullhypo=` interface.
└ @ IncrementalInference ~/.julia/packages/IncrementalInference/FweX2/src/ApproxConv.jl:273
Test Summary:      | Pass  Total
null hypothesis... |    2      2
[ Info: try doautoinit! of x1
[ Info: x1 is not initialized, and will do so now...
[ Info: try doautoinit! of x1
[ Info: init with useinitfct Symbol[:x1f1]
[ Info: do init of x1
[ Info: try doautoinit! of x2
[ Info: x2 is not initialized, and will do so now...
[ Info: try doautoinit! of x2
[ Info: init with useinitfct Symbol[:x1x2f1]
[ Info: do init of x2
[ Info: try doautoinit! of x3
[ Info: try doautoinit! of x4
Packing converters
[ Info: try doautoinit! of x1
[ Info: x1 is not initialized, and will do so now...
[ Info: try doautoinit! of x1
[ Info: init with useinitfct Symbol[:x1f1]
[ Info: do init of x1
[ Info: try doautoinit! of x2
[ Info: x2 is not initialized, and will do so now...
[ Info: try doautoinit! of x2
[ Info: init with useinitfct Symbol[:x1x2f1]
[ Info: do init of x2
[ Info: try doautoinit! of x3
[ Info: try doautoinit! of x4
[ Info: try doautoinit! of x5
Test Summary:                   | Pass  Total
standardized multihypothesis... |   32     32
[ Info: try doautoinit! of x0
[ Info: try doautoinit! of x0
[ Info: init with useinitfct Symbol[:x0f1]
[ Info: do init of x0
[ Info: try doautoinit! of x2
[ Info: try doautoinit! of x2
[ Info: init with useinitfct Symbol[:x0x2f1]
[ Info: do init of x2
[ Info: try doautoinit! of x3
[ Info: try doautoinit! of x3
[ Info: init with useinitfct Symbol[:x3f1, :x2x3f1]
[ Info: do init of x3
[ Info: [2x0p,d1,N100],
[ Info: try doautoinit! of x4
[ Info: try doautoinit! of l1
[ Info: try doautoinit! of x4
[ Info: init with useinitfct Symbol[:x3x4f1]
[ Info: do init of x4
[ Info: try doautoinit! of l1
[ Info: init with useinitfct Symbol[:x3l1f1, :x4l1f1]
[ Info: do init of l1
[ Info: [2x0p,d1,N100],
[ Info: try doautoinit! of x5
[ Info: try doautoinit! of x5
[ Info: init with useinitfct Symbol[:x4x5f1]
[ Info: do init of x5
[ Info: try doautoinit! of x6
[ Info: try doautoinit! of x6
[ Info: init with useinitfct Symbol[:x5x6f1]
[ Info: do init of x6
[ Info: try doautoinit! of x7
[ Info: try doautoinit! of x7
[ Info: init with useinitfct Symbol[:x6x7f1, :x7f1]
[ Info: do init of x7
[ Info: [2x0p,d1,N100],
[ Info: Solving over the Bayes (Junction) tree.

[ Info: 
[ Info: Eliminating x3
[ Info: ===============
[ Info: 
Building Bayes net...
[ Info:  - Removing x3
[ Info: 
[ Info: Eliminating x4
[ Info: ===============
[ Info: 
[ Info:  - Removing x4
[ Info: Looking at l1x4x2f1
[ Info:    - Breaking link l1x4x2f1->x4...
[ Info:      - Original links: Symbol[:l1, :x4, :x2]
[ Info:      - New links: Symbol[:l1, :x2]
[ Info: l1x4x2f1 still has links to other variables, readding it back...
[ Info: 
[ Info: Eliminating x7
[ Info: ===============
[ Info: 
Si = Symbol[:l1, :x4, :x2]
Si = Symbol[:l1, :x2, :x5]
Si = Symbol[:x6]
[ Info:  - Removing x7
[ Info: 
[ Info: Eliminating x0
[ Info: ===============
[ Info: 
[ Info:  - Removing x0
[ Info: 
[ Info: Eliminating x5
[ Info: ===============
[ Info: 
[ Info:  - Removing x5
[ Info: Looking at l1x2x5f1
[ Info:    - Breaking link l1x2x5f1->x5...
[ Info:      - Original links: Symbol[:l1, :x2, :x5]
[ Info:      - New links: Symbol[:l1, :x2]
[ Info: l1x2x5f1 still has links to other variables, readding it back...
[ Info: 
[ Info: Eliminating l1
[ Info: ===============
[ Info: 
[ Info:  - Removing l1
[ Info: Looking at l1x2f1
[ Info:    - Breaking link l1x2f1->l1...
[ Info:      - Original links: Symbol[:l1, :x2]
[ Info:      - New links: Symbol[:x2]
[ Info: l1x2f1 still has links to other variables, readding it back...
[ Info: Looking at l1x2f2
[ Info:    - Breaking link l1x2f2->l1...
[ Info:      - Original links: Symbol[:l1, :x2]
[ Info:      - New links: Symbol[:x2]
[ Info: l1x2f2 still has links to other variables, readding it back...
[ Info: Looking at x6l1x2f1
[ Info:    - Breaking link x6l1x2f1->l1...
[ Info:      - Original links: Symbol[:x6, :l1, :x2]
[ Info:      - New links: Symbol[:x6, :x2]
[ Info: x6l1x2f1 still has links to other variables, readding it back...
[ Info: 
[ Info: Eliminating x2
[ Info: ===============
[ Info: 
[ Info:  - Removing x2
[ Info: Looking at x2x6f1
[ Info:    - Breaking link x2x6f1->x2...
[ Info:      - Original links: Symbol[:x2, :x6]
[ Info:      - New links: Symbol[:x6]
[ Info: x2x6f1 still has links to other variables, readding it back...
[ Info: Looking at x6x2f1
[ Info:    - Breaking link x6x2f1->x2...
[ Info:      - Original links: Symbol[:x6, :x2]
[ Info:      - New links: Symbol[:x6]
[ Info: x6x2f1 still has links to other variables, readding it back...
[ Info: Looking at x2f1
Si = Symbol[:x2]
Si = Symbol[:x6, :l1, :x2]
Si = Symbol[:x2, :x6]
[ Info:    - Breaking link x2f1->x2...
[ Info:      - Original links: Symbol[:x2]
[ Info:      - New links: Symbol[]
[ Info: x2f1 doesn't have any other links, not adding it back...
[ Info: Looking at x2f3
[ Info:    - Breaking link x2f3->x2...
[ Info:      - Original links: Symbol[:x2]
[ Info:      - New links: Symbol[]
[ Info: x2f3 doesn't have any other links, not adding it back...
[ Info: Looking at x2f2
[ Info:    - Breaking link x2f2->x2...
[ Info:      - Original links: Symbol[:x2]
[ Info:      - New links: Symbol[]
[ Info: x2f2 doesn't have any other links, not adding it back...
Si = Symbol[:x6]
[ Info: 
[ Info: Eliminating x6
[ Info: ===============
[ Info: 
[ Info:  - Removing x6
[ Info: Looking at x6f4
[ Info:    - Breaking link x6f4->x6...
[ Info:      - Original links: Symbol[:x6]
[ Info:      - New links: Symbol[]
[ Info: x6f4 doesn't have any other links, not adding it back...
[ Info: Looking at x6f3
[ Info:    - Breaking link x6f3->x6...
[ Info:      - Original links: Symbol[:x6]
[ Info:      - New links: Symbol[]
[ Info: x6f3 doesn't have any other links, not adding it back...
[ Info: Looking at x6f1
[ Info:    - Breaking link x6f1->x6...
[ Info:      - Original links: Symbol[:x6]
[ Info:      - New links: Symbol[]
[ Info: x6f1 doesn't have any other links, not adding it back...
[ Info: Looking at x6f2
[ Info:    - Breaking link x6f2->x6...
[ Info:      - Original links: Symbol[:x6]
[ Info:      - New links: Symbol[]
[ Info: x6f2 doesn't have any other links, not adding it back...
[ Info: Get potentials x0,: x2,
[ Info: using all factors among cliq variables
Find potential functions for each clique
[ Info: finding all frontals for down WIP
[ Info: Get potentials x7,: x6,
[ Info: using all factors among cliq variables
[ Info: finding all frontals for down WIP
[ Info: Get potentials x3,: l1,x4,x2,
[ Info: using all factors among cliq variables
[ Info: finding all frontals for down WIP
[ Info: Get potentials x4,: l1,x2,x5,
[ Info: using all factors among cliq variables
[ Info: finding all frontals for down WIP
[ Info: cliq=4 adding factor that is no in separator, x3
[ Info: Get potentials x6,x2,l1,x5,: 
[ Info: using all factors among cliq variables
[ Info: finding all frontals for down WIP
[ Info: cliq=1 adding factor that is no in separator, x7
[ Info: cliq=1 adding factor that is no in separator, x3
[ Info: cliq=1 adding factor that is no in separator, x0
[ Info: cliq=1 adding factor that is no in separator, x3
[ Info: cliq=1 adding factor that is no in separator, x4
[ Info: cliq=1 adding factor that is no in separator, x4
Bayes Tree
[ Info: Do tree based init-inference on tree
State machine iter=1
State machine iter=2
State machine iter=3
State machine iter=4
State machine iter=1
State machine iter=2
State machine iter=3
State machine iter=4
State machine iter=5
State machine iter=6
State machine iter=7
State machine iter=8
State machine iter=1[ Info: up w 0 msgs

State machine iter=2
State machine iter=3[ Info: ---------- successive fnc approx ------------x0,: x2,
[ Info: #1	 -- 
[ Info: ---------- successive fnc approx ------------x0,: x2,
[ Info: #1	 -- 

[ Info: [2x0p,d1,N100],
[ Info: #2	 -- 
State machine iter=4[ Info: [2x0p,d1,N100],

[ Info: #3	 -- 
State machine iter=5
[ Info: [2x0p,d1,N100],
[ Info: fmcmc! -- solverData(vert=x2).inferdim=1.0
State machine iter=6
[ Info: fmcmc! -- solverData(vert=x0).inferdim=2.0
[ Info: Outgoing msg density on: 
State machine iter=7
[ Info: prepCliqInitMsgsUp, seps=Symbol[:x2]
State machine iter=8
State machine iter=1[ Info: up w 0 msgs
[ Info: ---------- successive fnc approx ------------x7,: x6,
[ Info: #1	 -- 

State machine iter=2
[ Info: ---------- successive fnc approx ------------x7,: x6,
[ Info: #1	 -- 
State machine iter=3
[ Info: [2x0p,d1,N100],
[ Info: #2	 -- 
State machine iter=4
[ Info: [2x0p,d1,N100],
[ Info: #3	 -- 
State machine iter=9
[ Info: [2x0p,d1,N100],
State machine iter=10
[ Info: fmcmc! -- solverData(vert=x6).inferdim=1.0
[ Info: fmcmc! -- solverData(vert=x7).inferdim=2.0
[ Info: Outgoing msg density on: 
State machine iter=1
State machine iter=2
State machine iter=3
State machine iter=4
State machine iter=5
State machine iter=6
[ Info: prepCliqInitMsgsUp, seps=Symbol[:x6]
[ Info: up w 0 msgs
[ Info: ---------- successive fnc approx ------------x3,: l1,x4,x2,
[ Info: #1	 -- 
[ Info: ---------- successive fnc approx ------------x3,: l1,x4,x2,
[ Info: #1	 -- 
State machine iter=7
State machine iter=8
[ Info: [2x0p,d1,N100],
[ Info: [2x0p,d1,N100],
[ Info: [4x0p,d1,N100],
State machine iter=9[ Info: #2	 -- 

[ Info: [2x0p,d1,N100],
State machine iter=10[ Info: [2x0p,d1,N100],

[ Info: [4x0p,d1,N100],
[ Info: #3	 -- 
[ Info: [2x0p,d1,N100],
[ Info: [2x0p,d1,N100],
[ Info: [4x0p,d1,N100],
[ Info: fmcmc! -- solverData(vert=x2).inferdim=1.0
[ Info: fmcmc! -- solverData(vert=l1).inferdim=2.0
[ Info: fmcmc! -- solverData(vert=x4).inferdim=2.0
[ Info: fmcmc! -- solverData(vert=x3).inferdim=4.0
[ Info: Outgoing msg density on: 
[ Info: prepCliqInitMsgsUp, seps=Symbol[:l1, :x4, :x2]
State machine iter=5
State machine iter=6
State machine iter=7
State machine iter=8
[ Info: up w 1 msgs
State machine iter=9[ Info: inp.sendmsgs[x2].inferdim=1.0

[ Info: inp.sendmsgs[x4].inferdim=2.0
State machine iter=10[ Info: inp.sendmsgs[l1].inferdim=2.0
[ Info: ---------- successive fnc approx ------------x4,: l1,x2,x5,

[ Info: #1	 -- 
[ Info: ---------- successive fnc approx ------------x4,: l1,x2,x5,
[ Info: #1	 -- 
[ Info: fmcmc! -- solverData(vert=l1).inferdim=2.0
[ Info: fmcmc! -- solverData(vert=x2).inferdim=1.0
[ Info: ---------- successive fnc approx ------------x4,: l1,x2,x5,
[ Info: #1	 -- 
[ Info: [2x0p,d1,N100],
[ Info: #2	 -- 
[ Info: [2x0p,d1,N100],
[ Info: #3	 -- 
[ Info: [2x0p,d1,N100],
[ Info: fmcmc! -- solverData(vert=x5).inferdim=1.0
[ Info: fmcmc! -- solverData(vert=x4).inferdim=3.0
[ Info: ---------- successive fnc approx ------------x4,: l1,x2,x5,
[ Info: #1	 -- 
[ Info: Outgoing msg density on: 
[ Info: prepCliqInitMsgsUp, seps=Symbol[:l1, :x2, :x5]
State machine iter=5
State machine iter=6
State machine iter=9
State machine iter=10[ Info: up w 3 msgs
[ Info: inp.sendmsgs[x2].inferdim=1.0
[ Info: inp.sendmsgs[x6].inferdim=1.0
[ Info: inp.sendmsgs[x2].inferdim=1.0
[ Info: inp.sendmsgs[x5].inferdim=1.0

[ Info: inp.sendmsgs[l1].inferdim=2.0
[ Info: ---------- successive fnc approx ------------x6,x2,l1,x5,: 
[ Info: #1	 -- 
[ Info: fmcmc! -- solverData(vert=l1).inferdim=2.0
[ Info: ---------- successive fnc approx ------------x6,x2,l1,x5,: 
[ Info: #1	 -- 
[ Info: [2x0p,d1,N100],
[ Info: [2x0p,d1,N100],
[ Info: #2	 -- 
[ Info: [2x0p,d1,N100],
[ Info: [2x0p,d1,N100],
[ Info: #3	 -- 
[ Info: [2x0p,d1,N100],
[ Info: [2x0p,d1,N100],
[ Info: fmcmc! -- solverData(vert=x6).inferdim=2.0
[ Info: fmcmc! -- solverData(vert=x5).inferdim=2.0
[ Info: ---------- successive fnc approx ------------x6,x2,l1,x5,: 
[ Info: #1	 -- 
[ Info: [2x0p,d1,N100],
[ Info: fmcmc! -- solverData(vert=x2).inferdim=2.0
[ Info: fmcmc! -- solverData(vert=l1).inferdim=2.0
[ Info: Outgoing msg density on: 
[ Info: prepCliqInitMsgsUp, seps=Symbol[]
State machine iter=7
State machine iter=8
[ Info: transferUpdateSubGraph! -- syms=Symbol[:x6, :x2, :l1, :x5]
[ Info: sym=x6, mem size of val=(1, 100) and (1, 100)
┌ Warning: Deprecated
└ @ IncrementalInference ~/.julia/packages/IncrementalInference/FweX2/src/FactorGraphTypes.jl:362
[ Info: sym=x2, mem size of val=(1, 100) and (1, 100)
┌ Warning: Deprecated
└ @ IncrementalInference ~/.julia/packages/IncrementalInference/FweX2/src/FactorGraphTypes.jl:362
[ Info: sym=l1, mem size of val=(1, 100) and (1, 100)
┌ Warning: Deprecated
└ @ IncrementalInference ~/.julia/packages/IncrementalInference/FweX2/src/FactorGraphTypes.jl:362
State machine iter=11
State machine iter=11[ Info: sym=x5, mem size of val=(1, 100) and (1, 100)
┌ Warning: Deprecated
└ @ IncrementalInference ~/.julia/packages/IncrementalInference/FweX2/src/FactorGraphTypes.jl:362
[ Info: [2x0p,d1,N100],

State machine iter=9[ Info: [2x0p,d1,N100],

State machine iter=11
State machine iter=12[ Info: [3x0p,d1,N100],

State machine iter=12
State machine iter=11
State machine iter=12[ Info: [4x0p,d1,N100],

State machine iter=12
Test Summary:                                                  |
with local Graphs.jl dictionary and arrays only (multicore)... | No tests
[ Info: Finished tree based init-inference
[ Info: Folder '/tmp/dfg_test' doesn't exist, creating...
┌ Warning: Retrieving serialization module from AbstractDFG - override this in the 'GraphsDFG{SolverParams} structure! This is returning Main
└ @ DistributedFactorGraphs ~/.julia/packages/DistributedFactorGraphs/NMxiR/src/services/AbstractDFG.jl:25
┌ Warning: Retrieving serialization module from AbstractDFG - override this in the 'GraphsDFG{SolverParams} structure! This is returning Main
└ @ DistributedFactorGraphs ~/.julia/packages/DistributedFactorGraphs/NMxiR/src/services/AbstractDFG.jl:25
┌ Warning: Retrieving serialization module from AbstractDFG - override this in the 'GraphsDFG{SolverParams} structure! This is returning Main
└ @ DistributedFactorGraphs ~/.julia/packages/DistributedFactorGraphs/NMxiR/src/services/AbstractDFG.jl:25
┌ Warning: Retrieving serialization module from AbstractDFG - override this in the 'GraphsDFG{SolverParams} structure! This is returning Main
└ @ DistributedFactorGraphs ~/.julia/packages/DistributedFactorGraphs/NMxiR/src/services/AbstractDFG.jl:25
┌ Warning: Retrieving serialization module from AbstractDFG - override this in the 'GraphsDFG{SolverParams} structure! This is returning Main
└ @ DistributedFactorGraphs ~/.julia/packages/DistributedFactorGraphs/NMxiR/src/services/AbstractDFG.jl:25
┌ Warning: Retrieving serialization module from AbstractDFG - override this in the 'GraphsDFG{SolverParams} structure! This is returning Main
└ @ DistributedFactorGraphs ~/.julia/packages/DistributedFactorGraphs/NMxiR/src/services/AbstractDFG.jl:25
┌ Warning: Retrieving serialization module from AbstractDFG - override this in the 'GraphsDFG{SolverParams} structure! This is returning Main
└ @ DistributedFactorGraphs ~/.julia/packages/DistributedFactorGraphs/NMxiR/src/services/AbstractDFG.jl:25
┌ Warning: Retrieving serialization module from AbstractDFG - override this in the 'GraphsDFG{SolverParams} structure! This is returning Main
└ @ DistributedFactorGraphs ~/.julia/packages/DistributedFactorGraphs/NMxiR/src/services/AbstractDFG.jl:25
[ Info: Loaded 8 variables - Symbol[:l1, :x0, :x2, :x3, :x4, :x5, :x6, :x7]
[ Info: Inserting variables into graph...
[ Info: Loaded 8 factors - Symbol[:x0f1, :x0x2f1, :x2x3f1, :x3f1, :x3l1f1, :x3x4f1, :x4l1f1, :x4x5f1, :x5x6f1, :x6x7f1, :x7f1]
[ Info: Inserting factors into graph...
[ Info: Rebuilding CCW's for the factors...
Test Summary:                      | Pass  Total
saving to and loading from FileDFG |    2      2
┌ Warning: must return testExpandedJLD.jl to testing -- currently skipped since jld2 files cannot be loaded.
└ @ Main ~/.julia/packages/IncrementalInference/FweX2/test/runtests.jl:75
[ Info: try doautoinit! of x1
[ Info: try doautoinit! of x1
[ Info: init with useinitfct Symbol[:x1f1]
[ Info: do init of x1
[ Info: try doautoinit! of x2
[ Info: try doautoinit! of x2
[ Info: init with useinitfct Symbol[:x1x2f1]
[ Info: do init of x2
[ Info: try doautoinit! of x3
[ Info: try doautoinit! of x3
[ Info: init with useinitfct Symbol[:x2x3f1]
[ Info: do init of x3
[ Info: try doautoinit! of x4
[ Info: try doautoinit! of l1
[ Info: try doautoinit! of l1
[ Info: init with useinitfct Symbol[:x1l1f1, :x2l1f1]
[ Info: do init of l1
[ Info: [2x0p,d1,N100],
[ Info: try doautoinit! of l2
[ Info: try doautoinit! of l2
[ Info: init with useinitfct Symbol[:x2l2f1, :x3l2f1]
[ Info: do init of l2
[ Info: [2x0p,d1,N100],
[ Info: try doautoinit! of x4
[ Info: init with useinitfct Symbol[:x4l2f1, :x3x4f1]
[ Info: do init of x4
[ Info: [2x0p,d1,N100],

Building Bayes net...
[ Info: 
[ Info: Eliminating x2
[ Info: ===============
[ Info: 
[ Info:  - Removing x2
Si = Symbol[:x3, :x1, :l2, :l1]
[ Info: 
[ Info: Eliminating x3
[ Info: ===============
[ Info: 
[ Info:  - Removing x3
[ Info: Looking at x3x1l2l1f1
[ Info:    - Breaking link x3x1l2l1f1->x3...
[ Info:      - Original links: Symbol[:x3, :x1, :l2, :l1]
[ Info:      - New links: Symbol[:x1, :l2, :l1]
[ Info: x3x1l2l1f1 still has links to other variables, readding it back...
Si = Symbol[:x4, :x1, :l2, :l1]
[ Info: 
[ Info: Eliminating x1
[ Info: ===============
[ Info: 
[ Info:  - Removing x1
[ Info: Looking at x1l2l1f1
[ Info:    - Breaking link x1l2l1f1->x1...
[ Info:      - Original links: Symbol[:x1, :l2, :l1]
[ Info:      - New links: Symbol[:l2, :l1]
[ Info: x1l2l1f1 still has links to other variables, readding it back...
[ Info: Looking at x4x1l2l1f1
[ Info:    - Breaking link x4x1l2l1f1->x1...
[ Info:      - Original links: Symbol[:x4, :x1, :l2, :l1]
[ Info:      - New links: Symbol[:x4, :l2, :l1]
[ Info: x4x1l2l1f1 still has links to other variables, readding it back...
Si = Symbol[:l2, :l1, :x4]
[ Info: 
[ Info: Eliminating l2
[ Info: ===============
[ Info: 
[ Info:  - Removing l2
Si = Symbol[:x4, :l1]
Si = Symbol[:x4]
[ Info: Looking at x4l2l1f1
[ Info:    - Breaking link x4l2l1f1->l2...
[ Info:      - Original links: Symbol[:x4, :l2, :l1]
[ Info:      - New links: Symbol[:x4, :l1]
[ Info: x4l2l1f1 still has links to other variables, readding it back...
[ Info: Looking at l2l1x4f1
[ Info:    - Breaking link l2l1x4f1->l2...
[ Info:      - Original links: Symbol[:l2, :l1, :x4]
[ Info:      - New links: Symbol[:l1, :x4]
[ Info: l2l1x4f1 still has links to other variables, readding it back...
[ Info: Looking at l2l1f1
[ Info:    - Breaking link l2l1f1->l2...
[ Info:      - Original links: Symbol[:l2, :l1]
[ Info:      - New links: Symbol[:l1]
[ Info: l2l1f1 still has links to other variables, readding it back...
[ Info: 
[ Info: Eliminating l1
[ Info: ===============
[ Info: 
[ Info:  - Removing l1
[ Info: Looking at l1f1
[ Info:    - Breaking link l1f1->l1...
[ Info:      - Original links: Symbol[:l1]
[ Info:      - New links: Symbol[]
[ Info: l1f1 doesn't have any other links, not adding it back...
[ Info: Looking at x4l1f2
[ Info:    - Breaking link x4l1f2->l1...
[ Info:      - Original links: Symbol[:x4, :l1]
[ Info:      - New links: Symbol[:x4]
[ Info: x4l1f2 still has links to other variables, readding it back...
[ Info: Looking at l1x4f1
[ Info:    - Breaking link l1x4f1->l1...
[ Info:      - Original links: Symbol[:l1, :x4]
[ Info:      - New links: Symbol[:x4]
[ Info: l1x4f1 still has links to other variables, readding it back...
[ Info: Looking at x4l1f1
[ Info:    - Breaking link x4l1f1->l1...
[ Info:      - Original links: Symbol[:x4, :l1]
[ Info:      - New links: Symbol[:x4]
[ Info: x4l1f1 still has links to other variables, readding it back...
[ Info: 
[ Info: Eliminating x4
[ Info: ===============
[ Info: 
[ Info:  - Removing x4
[ Info: Looking at x4f4
[ Info:    - Breaking link x4f4->x4...
[ Info:      - Original links: Symbol[:x4]
[ Info:      - New links: Symbol[]
[ Info: x4f4 doesn't have any other links, not adding it back...
[ Info: Looking at x4f3
[ Info:    - Breaking link x4f3->x4...
[ Info:      - Original links: Symbol[:x4]
[ Info:      - New links: Symbol[]
[ Info: x4f3 doesn't have any other links, not adding it back...
[ Info: Looking at x4f2
[ Info:    - Breaking link x4f2->x4...
[ Info:      - Original links: Symbol[:x4]
[ Info:      - New links: Symbol[]
[ Info: x4f2 doesn't have any other links, not adding it back...
[ Info: Looking at x4f1
[ Info:    - Breaking link x4f1->x4...
[ Info:      - Original links: Symbol[:x4]
[ Info:      - New links: Symbol[]
[ Info: x4f1 doesn't have any other links, not adding it back...
[ Info: Get potentials x2,: x3,x1,l2,l1,
[ Info: using all factors among cliq variables
[ Info: finding all frontals for down WIP
[ Info: Get potentials x4,l1,l2,x1,x3,: 
[ Info: using all factors among cliq variables
[ Info: finding all frontals for down WIP
[ Info: cliq=1 adding factor that is no in separator, x2
[ Info: cliq=1 adding factor that is no in separator, x2
[ Info: cliq=1 adding factor that is no in separator, x2
[ Info: cliq=1 adding factor that is no in separator, x2
Find potential functions for each clique
Bayes Tree
┌ Warning: Base.IOError("could not spawn `dot2tex -tmath --preproc /root/.julia/packages/IncrementalInference/FweX2/test/tmp/bt.dot -o /root/.julia/packages/IncrementalInference/FweX2/test/tmp/btproc.dot`: no such file or directory (ENOENT)", -2)
└ @ IncrementalInference ~/.julia/packages/IncrementalInference/FweX2/src/JunctionTree.jl:331
stacktrace() = Base.StackTraces.StackFrame[macro expansion at show.jl:576 [inlined], #generateTexTree#96(::String, ::typeof(generateTexTree), ::BayesTree) at JunctionTree.jl:332, (::getfield(IncrementalInference, Symbol("#kw##generateTexTree")))(::NamedTuple{(:filepath,),Tuple{String}}, ::typeof(generateTexTree), ::BayesTree) at none:0, top-level scope at testTexTreeIllustration.jl:47, top-level scope at Test.jl:1113, top-level scope at testTexTreeIllustration.jl:14, include at boot.jl:328 [inlined], include_relative(::Module, ::String) at loading.jl:1094, include(::Module, ::String) at Base.jl:31, include(::String) at client.jl:431, top-level scope at runtests.jl:79, include at boot.jl:328 [inlined], include_relative(::Module, ::String) at loading.jl:1094, include(::Module, ::String) at Base.jl:31, include(::String) at client.jl:431, top-level scope at none:5, eval(::Module, ::Any) at boot.jl:330, exec_options(::Base.JLOptions) at client.jl:271, _start() at client.jl:464]
Test Summary:           | Pass  Total
testing generateTexTree |    1      1
   Testing IncrementalInference tests passed 
