 Resolving package versions...
 Installed IniFile ───────────────────── v0.5.0
 Installed CoordinateTransformations ─── v0.5.0
 Installed URIParser ─────────────────── v0.4.0
 Installed SortingAlgorithms ─────────── v0.3.1
 Installed DiffResults ───────────────── v0.0.4
 Installed Arpack ────────────────────── v0.3.1
 Installed DataStructures ────────────── v0.17.6
 Installed IncrementalInference ──────── v0.8.2
 Installed Rotations ─────────────────── v0.12.0
 Installed NLsolve ───────────────────── v4.2.0
 Installed LineSearches ──────────────── v7.0.1
 Installed StaticArrays ──────────────── v0.12.1
 Installed JLD2 ──────────────────────── v0.1.9
 Installed QuadGK ────────────────────── v2.1.1
 Installed FileIO ────────────────────── v1.1.0
 Installed Compose ───────────────────── v0.7.3
 Installed CategoricalArrays ─────────── v0.7.3
 Installed Compat ────────────────────── v2.2.0
 Installed StatsFuns ─────────────────── v0.9.0
 Installed NLSolversBase ─────────────── v7.5.0
 Installed BinaryProvider ────────────── v0.5.8
 Installed DocStringExtensions ───────── v0.8.1
 Installed IterTools ─────────────────── v1.3.0
 Installed Parsers ───────────────────── v0.3.10
 Installed ProgressMeter ─────────────── v1.2.0
 Installed InvertedIndices ───────────── v1.0.0
 Installed Missings ──────────────────── v0.4.3
 Installed MacroTools ────────────────── v0.5.2
 Installed Rmath ─────────────────────── v0.5.1
 Installed Distributions ─────────────── v0.21.9
 Installed Graphs ────────────────────── v0.10.3
 Installed Parameters ────────────────── v0.12.0
 Installed PositiveFactorizations ────── v0.2.3
 Installed TableTraits ───────────────── v1.0.0
 Installed KernelDensityEstimate ─────── v0.5.2
 Installed FixedPointNumbers ─────────── v0.6.1
 Installed JSON ──────────────────────── v0.21.0
 Installed OrderedCollections ────────── v1.1.0
 Installed SpecialFunctions ──────────── v0.8.0
 Installed ApproxManifoldProducts ────── v0.1.2
 Installed CommonSubexpressions ──────── v0.2.0
 Installed BinDeps ───────────────────── v0.8.10
 Installed LightGraphs ───────────────── v1.3.0
 Installed ColorTypes ────────────────── v0.8.0
 Installed TransformUtils ────────────── v0.2.2
 Installed Neo4j ─────────────────────── v2.0.0
 Installed DataAPI ───────────────────── v1.1.0
 Installed Distances ─────────────────── v0.8.2
 Installed Tables ────────────────────── v0.2.11
 Installed NaNMath ───────────────────── v0.3.3
 Installed ForwardDiff ───────────────── v0.10.7
 Installed DiffEqDiffTools ───────────── v1.5.0
 Installed DiffRules ─────────────────── v0.1.0
 Installed MbedTLS ───────────────────── v0.7.0
 Installed Optim ─────────────────────── v0.19.5
 Installed DataValueInterfaces ───────── v1.0.0
 Installed ArrayInterface ────────────── v2.0.0
 Installed Calculus ──────────────────── v0.5.1
 Installed ArnoldiMethod ─────────────── v0.0.4
 Installed Colors ────────────────────── v0.9.6
 Installed Inflate ───────────────────── v0.1.1
 Installed Measures ──────────────────── v0.3.0
 Installed CodecZlib ─────────────────── v0.6.0
 Installed Requires ──────────────────── v0.5.2
 Installed FunctionalStateMachine ────── v0.1.3
 Installed HTTP ──────────────────────── v0.8.8
 Installed IteratorInterfaceExtensions ─ v1.0.0
 Installed SimpleTraits ──────────────── v0.9.1
 Installed PooledArrays ──────────────── v0.5.2
 Installed DistributedFactorGraphs ───── v0.5.1
 Installed FillArrays ────────────────── v0.8.2
 Installed GraphPlot ─────────────────── v0.3.1
 Installed TranscodingStreams ────────── v0.9.5
 Installed PDMats ────────────────────── v0.9.10
 Installed Reexport ──────────────────── v0.2.0
 Installed JSON2 ─────────────────────── v0.3.1
 Installed DataFrames ────────────────── v0.19.4
 Installed StatsBase ─────────────────── v0.32.0
  Updating `~/.julia/environments/v1.3/Project.toml`
  [904591bb] + IncrementalInference v0.8.2
  Updating `~/.julia/environments/v1.3/Manifest.toml`
  [9bbbb610] + ApproxManifoldProducts v0.1.2
  [ec485272] + ArnoldiMethod v0.0.4
  [7d9fca2a] + Arpack v0.3.1
  [4fba245c] + ArrayInterface v2.0.0
  [9e28174c] + BinDeps v0.8.10
  [b99e7846] + BinaryProvider v0.5.8
  [49dc2e85] + Calculus v0.5.1
  [324d7699] + CategoricalArrays v0.7.3
  [944b1d66] + CodecZlib v0.6.0
  [3da002f7] + ColorTypes v0.8.0
  [5ae59095] + Colors v0.9.6
  [bbf7d656] + CommonSubexpressions v0.2.0
  [34da2185] + Compat v2.2.0
  [a81c6b42] + Compose v0.7.3
  [150eb455] + CoordinateTransformations v0.5.0
  [9a962f9c] + DataAPI v1.1.0
  [a93c6f00] + DataFrames v0.19.4
  [864edb3b] + DataStructures v0.17.6
  [e2d170a0] + DataValueInterfaces v1.0.0
  [01453d9d] + DiffEqDiffTools v1.5.0
  [163ba53b] + DiffResults v0.0.4
  [b552c78f] + DiffRules v0.1.0
  [b4f34e82] + Distances v0.8.2
  [b5cc3c7e] + DistributedFactorGraphs v0.5.1
  [31c24e10] + Distributions v0.21.9
  [ffbed154] + DocStringExtensions v0.8.1
  [5789e2e9] + FileIO v1.1.0
  [1a297f60] + FillArrays v0.8.2
  [53c48c17] + FixedPointNumbers v0.6.1
  [f6369f11] + ForwardDiff v0.10.7
  [3e9e306e] + FunctionalStateMachine v0.1.3
  [a2cc645c] + GraphPlot v0.3.1
  [86223c79] + Graphs v0.10.3
  [cd3eb016] + HTTP v0.8.8
  [904591bb] + IncrementalInference v0.8.2
  [d25df0c9] + Inflate v0.1.1
  [83e8ac13] + IniFile v0.5.0
  [41ab1584] + InvertedIndices v1.0.0
  [c8e1da08] + IterTools v1.3.0
  [82899510] + IteratorInterfaceExtensions v1.0.0
  [033835bb] + JLD2 v0.1.9
  [682c06a0] + JSON v0.21.0
  [2535ab7d] + JSON2 v0.3.1
  [2472808a] + KernelDensityEstimate v0.5.2
  [093fc24a] + LightGraphs v1.3.0
  [d3d80556] + LineSearches v7.0.1
  [1914dd2f] + MacroTools v0.5.2
  [739be429] + MbedTLS v0.7.0
  [442fdcdd] + Measures v0.3.0
  [e1d29d7a] + Missings v0.4.3
  [d41bc354] + NLSolversBase v7.5.0
  [2774e3e8] + NLsolve v4.2.0
  [77ba4419] + NaNMath v0.3.3
  [d2adbeaf] + Neo4j v2.0.0
  [429524aa] + Optim v0.19.5
  [bac558e1] + OrderedCollections v1.1.0
  [90014a1f] + PDMats v0.9.10
  [d96e819e] + Parameters v0.12.0
  [69de0a69] + Parsers v0.3.10
  [2dfb63ee] + PooledArrays v0.5.2
  [85a6dd25] + PositiveFactorizations v0.2.3
  [92933f4c] + ProgressMeter v1.2.0
  [1fd47b50] + QuadGK v2.1.1
  [189a3867] + Reexport v0.2.0
  [ae029012] + Requires v0.5.2
  [79098fc4] + Rmath v0.5.1
  [6038ab10] + Rotations v0.12.0
  [699a6c99] + SimpleTraits v0.9.1
  [a2af1166] + SortingAlgorithms v0.3.1
  [276daf66] + SpecialFunctions v0.8.0
  [90137ffa] + StaticArrays v0.12.1
  [2913bbd2] + StatsBase v0.32.0
  [4c63d2b9] + StatsFuns v0.9.0
  [3783bdb8] + TableTraits v1.0.0
  [bd369af6] + Tables v0.2.11
  [3bb67fe8] + TranscodingStreams v0.9.5
  [9b8138ad] + TransformUtils v0.2.2
  [30578b45] + URIParser v0.4.0
  [2a0f44e3] + Base64 
  [ade2ca70] + Dates 
  [8bb1440f] + DelimitedFiles 
  [8ba89e20] + Distributed 
  [9fa8497b] + Future 
  [b77e0a4c] + InteractiveUtils 
  [76f85450] + LibGit2 
  [8f399da3] + Libdl 
  [37e2e46d] + LinearAlgebra 
  [56ddb016] + Logging 
  [d6f4376e] + Markdown 
  [a63ad114] + Mmap 
  [44cfe95a] + Pkg 
  [de0858da] + Printf 
  [9abbd945] + Profile 
  [3fa0cd96] + REPL 
  [9a3f8284] + Random 
  [ea8e919c] + SHA 
  [9e88b42a] + Serialization 
  [1a1011a3] + SharedArrays 
  [6462fe0b] + Sockets 
  [2f01184e] + SparseArrays 
  [10745b16] + Statistics 
  [4607b0f0] + SuiteSparse 
  [8dfed614] + Test 
  [cf7118a7] + UUIDs 
  [4ec0a83e] + Unicode 
  Building Arpack ──────────→ `~/.julia/packages/Arpack/cu5By/deps/build.log`
  Building Rmath ───────────→ `~/.julia/packages/Rmath/4wt82/deps/build.log`
  Building SpecialFunctions → `~/.julia/packages/SpecialFunctions/ne2iw/deps/build.log`
  Building MbedTLS ─────────→ `~/.julia/packages/MbedTLS/a1JFn/deps/build.log`
  Building CodecZlib ───────→ `~/.julia/packages/CodecZlib/5t9zO/deps/build.log`
   Testing IncrementalInference
 Resolving package versions...
    Status `/tmp/jl_Uy4600/Manifest.toml`
  [9bbbb610] ApproxManifoldProducts v0.1.2
  [ec485272] ArnoldiMethod v0.0.4
  [7d9fca2a] Arpack v0.3.1
  [4fba245c] ArrayInterface v2.0.0
  [9e28174c] BinDeps v0.8.10
  [b99e7846] BinaryProvider v0.5.8
  [49dc2e85] Calculus v0.5.1
  [324d7699] CategoricalArrays v0.7.3
  [944b1d66] CodecZlib v0.6.0
  [3da002f7] ColorTypes v0.8.0
  [5ae59095] Colors v0.9.6
  [bbf7d656] CommonSubexpressions v0.2.0
  [34da2185] Compat v2.2.0
  [a81c6b42] Compose v0.7.3
  [150eb455] CoordinateTransformations v0.5.0
  [9a962f9c] DataAPI v1.1.0
  [a93c6f00] DataFrames v0.19.4
  [864edb3b] DataStructures v0.17.6
  [e2d170a0] DataValueInterfaces v1.0.0
  [01453d9d] DiffEqDiffTools v1.5.0
  [163ba53b] DiffResults v0.0.4
  [b552c78f] DiffRules v0.1.0
  [b4f34e82] Distances v0.8.2
  [b5cc3c7e] DistributedFactorGraphs v0.5.1
  [31c24e10] Distributions v0.21.9
  [ffbed154] DocStringExtensions v0.8.1
  [5789e2e9] FileIO v1.1.0
  [1a297f60] FillArrays v0.8.2
  [53c48c17] FixedPointNumbers v0.6.1
  [f6369f11] ForwardDiff v0.10.7
  [3e9e306e] FunctionalStateMachine v0.1.3
  [a2cc645c] GraphPlot v0.3.1
  [86223c79] Graphs v0.10.3
  [cd3eb016] HTTP v0.8.8
  [904591bb] IncrementalInference v0.8.2
  [d25df0c9] Inflate v0.1.1
  [83e8ac13] IniFile v0.5.0
  [41ab1584] InvertedIndices v1.0.0
  [c8e1da08] IterTools v1.3.0
  [82899510] IteratorInterfaceExtensions v1.0.0
  [033835bb] JLD2 v0.1.9
  [682c06a0] JSON v0.21.0
  [2535ab7d] JSON2 v0.3.1
  [2472808a] KernelDensityEstimate v0.5.2
  [093fc24a] LightGraphs v1.3.0
  [d3d80556] LineSearches v7.0.1
  [1914dd2f] MacroTools v0.5.2
  [739be429] MbedTLS v0.7.0
  [442fdcdd] Measures v0.3.0
  [e1d29d7a] Missings v0.4.3
  [d41bc354] NLSolversBase v7.5.0
  [2774e3e8] NLsolve v4.2.0
  [77ba4419] NaNMath v0.3.3
  [d2adbeaf] Neo4j v2.0.0
  [429524aa] Optim v0.19.5
  [bac558e1] OrderedCollections v1.1.0
  [90014a1f] PDMats v0.9.10
  [d96e819e] Parameters v0.12.0
  [69de0a69] Parsers v0.3.10
  [2dfb63ee] PooledArrays v0.5.2
  [85a6dd25] PositiveFactorizations v0.2.3
  [92933f4c] ProgressMeter v1.2.0
  [1fd47b50] QuadGK v2.1.1
  [189a3867] Reexport v0.2.0
  [ae029012] Requires v0.5.2
  [79098fc4] Rmath v0.5.1
  [6038ab10] Rotations v0.12.0
  [699a6c99] SimpleTraits v0.9.1
  [a2af1166] SortingAlgorithms v0.3.1
  [276daf66] SpecialFunctions v0.8.0
  [90137ffa] StaticArrays v0.12.1
  [2913bbd2] StatsBase v0.32.0
  [4c63d2b9] StatsFuns v0.9.0
  [3783bdb8] TableTraits v1.0.0
  [bd369af6] Tables v0.2.11
  [3bb67fe8] TranscodingStreams v0.9.5
  [9b8138ad] TransformUtils v0.2.2
  [30578b45] URIParser v0.4.0
  [2a0f44e3] Base64  [`@stdlib/Base64`]
  [ade2ca70] Dates  [`@stdlib/Dates`]
  [8bb1440f] DelimitedFiles  [`@stdlib/DelimitedFiles`]
  [8ba89e20] Distributed  [`@stdlib/Distributed`]
  [9fa8497b] Future  [`@stdlib/Future`]
  [b77e0a4c] InteractiveUtils  [`@stdlib/InteractiveUtils`]
  [76f85450] LibGit2  [`@stdlib/LibGit2`]
  [8f399da3] Libdl  [`@stdlib/Libdl`]
  [37e2e46d] LinearAlgebra  [`@stdlib/LinearAlgebra`]
  [56ddb016] Logging  [`@stdlib/Logging`]
  [d6f4376e] Markdown  [`@stdlib/Markdown`]
  [a63ad114] Mmap  [`@stdlib/Mmap`]
  [44cfe95a] Pkg  [`@stdlib/Pkg`]
  [de0858da] Printf  [`@stdlib/Printf`]
  [9abbd945] Profile  [`@stdlib/Profile`]
  [3fa0cd96] REPL  [`@stdlib/REPL`]
  [9a3f8284] Random  [`@stdlib/Random`]
  [ea8e919c] SHA  [`@stdlib/SHA`]
  [9e88b42a] Serialization  [`@stdlib/Serialization`]
  [1a1011a3] SharedArrays  [`@stdlib/SharedArrays`]
  [6462fe0b] Sockets  [`@stdlib/Sockets`]
  [2f01184e] SparseArrays  [`@stdlib/SparseArrays`]
  [10745b16] Statistics  [`@stdlib/Statistics`]
  [4607b0f0] SuiteSparse  [`@stdlib/SuiteSparse`]
  [8dfed614] Test  [`@stdlib/Test`]
  [cf7118a7] UUIDs  [`@stdlib/UUIDs`]
  [4ec0a83e] Unicode  [`@stdlib/Unicode`]
[ Info: Multithreaded  convolutions possible, Threads.nthreads()=1.  See `addFactor!(.;threadmodel=MultiThreaded)`.
[ Info: KernelDensityEstimate.FORCE_EVAL_DIRECT = true
WARNING: Method definition (::Type{DistributedFactorGraphs.VariableNodeData{T} where T<:DistributedFactorGraphs.InferenceVariable})(Array{Float64, 2}, Array{Float64, 2}, Array{Symbol, 1}, Array{Int64, 1}, Int64, Bool, Symbol, Array{Symbol, 1}, T<:DistributedFactorGraphs.InferenceVariable, Bool, Float64, Bool, Bool, Int64) where {T<:DistributedFactorGraphs.InferenceVariable} in module DistributedFactorGraphs at /root/.julia/packages/DistributedFactorGraphs/NMxiR/src/entities/DFGVariable.jl:11 overwritten at /root/.julia/packages/DistributedFactorGraphs/NMxiR/src/entities/DFGVariable.jl:41.
  ** incremental compilation may be fatally broken for this module **

WARNING: Method definition (::Type{DistributedFactorGraphs.VariableNodeData{T} where T<:DistributedFactorGraphs.InferenceVariable})(Array{Float64, 2}, Array{Float64, 2}, Array{Symbol, 1}, Array{Int64, 1}, Int64, Bool, Symbol, Array{Symbol, 1}, T<:DistributedFactorGraphs.InferenceVariable, Bool, Float64, Bool, Bool, Int64) where {T<:DistributedFactorGraphs.InferenceVariable} in module DistributedFactorGraphs at /root/.julia/packages/DistributedFactorGraphs/NMxiR/src/entities/DFGVariable.jl:11 overwritten at /root/.julia/packages/DistributedFactorGraphs/NMxiR/src/entities/DFGVariable.jl:41.
  ** incremental compilation may be fatally broken for this module **

[ Info: KernelDensityEstimate.FORCE_EVAL_DIRECT = true
[ Info: Adding graph visualization tools.
evalPotential sees SecondType(1)
evalPotential also sees SecondAgain(3)
evalPotential sees SecondType(1)
evalPotential sees SecondType(1)
evalPotential also sees SecondAgain(3)
Check the speed is reasonable
Test Summary:                  | Pass  Total
out of module evalPotential... |    3      3
State machine iter=1
do foo!
State machine iter=2
do bar!
State machine iter=3
do foo!
do bar!
do foo!
do foo!
State machine iter=1
do bar!
State machine iter=2
Test Summary:                       | Pass  Total
Test IIF's generic state machine... |    5      5
[ Info: try doautoinit! of x0
[ Info: try doautoinit! of x0
[ Info: init with useinitfct Symbol[:x0f1]
[ Info: do init of x0
[ Info: try doautoinit! of x1
[ Info: x1
[ Info: x0
[ Info: x1
[ Info: x0
┌ Warning: compareFactorGraphs will skip comparisons on: Symbol[:g, :bn, :IDs, :fIDs, :id, :nodeIDs, :factorIDs, :fifo, :solverParams]
└ @ DistributedFactorGraphs ~/.julia/packages/DistributedFactorGraphs/NMxiR/src/services/CompareUtils.jl:317
[ Info: x1
[ Info: x0
┌ Warning: compareFactorGraphs will skip comparisons on: Symbol[:g, :bn, :IDs, :fIDs, :id, :nodeIDs, :factorIDs, :fifo, :solverParams]
└ @ DistributedFactorGraphs ~/.julia/packages/DistributedFactorGraphs/NMxiR/src/services/CompareUtils.jl:317
[ Info: x1
[ Info: x0
[ Info: Solving over the Bayes (Junction) tree.

Building Bayes net...
[ Info: 
[ Info: Eliminating x0
[ Info: ===============
[ Info: 
[ Info:  - Removing x0
Si = Symbol[:x1]
[ Info: 
[ Info: Eliminating x1
[ Info: ===============
[ Info: 
[ Info:  - Removing x1
[ Info: Looking at x1f1
[ Info:    - Breaking link x1f1->x1...
[ Info:      - Original links: Symbol[:x1]
[ Info:      - New links: Symbol[]
[ Info: x1f1 doesn't have any other links, not adding it back...
Find potential functions for each clique
[ Info: Get potentials x1,x0,: 
[ Info: using all factors among cliq variables
[ Info: finding all frontals for down WIP
[ Info: Do tree based init-inference on tree
Bayes Tree
State machine iter=1
State machine iter=2
State machine iter=3
State machine iter=4
State machine iter=5
State machine iter=6
[ Info: up w 0 msgs
[ Info: ---------- successive fnc approx ------------x1,x0,: 
[ Info: #1	 -- 
[ Info: ---------- successive fnc approx ------------x1,x0,: 
[ Info: #1	 -- 
[ Info: [2x0p,d1,N100],
[ Info: #2	 -- 
[ Info: [2x0p,d1,N100],
[ Info: #3	 -- 
[ Info: [2x0p,d1,N100],
[ Info: fmcmc! -- solverData(vert=x1).inferdim=1.0
[ Info: fmcmc! -- solverData(vert=x0).inferdim=2.0
[ Info: Outgoing msg density on: 
[ Info: prepCliqInitMsgsUp, seps=Symbol[]
State machine iter=7
State machine iter=8
[ Info: transferUpdateSubGraph! -- syms=Symbol[:x1, :x0]
[ Info: sym=x1, mem size of val=(1, 100) and (1, 100)
┌ Warning: Deprecated
└ @ IncrementalInference ~/.julia/packages/IncrementalInference/FweX2/src/FactorGraphTypes.jl:362
[ Info: sym=x0, mem size of val=(1, 100) and (1, 100)
┌ Warning: Deprecated
└ @ IncrementalInference ~/.julia/packages/IncrementalInference/FweX2/src/FactorGraphTypes.jl:362
State machine iter=9
[ Info: Finished tree based init-inference
[ Info: x1
[ Info: x0
┌ Warning: compareFactorGraphs will skip comparisons on: Symbol[:g, :bn, :IDs, :fIDs, :id, :nodeIDs, :factorIDs, :fifo, :solverParams]
└ @ DistributedFactorGraphs ~/.julia/packages/DistributedFactorGraphs/NMxiR/src/services/CompareUtils.jl:317
[ Info: x1
[ Info: x0
┌ Warning: compareFactorGraphs will skip comparisons on: Symbol[:g, :bn, :IDs, :fIDs, :id, :nodeIDs, :factorIDs, :fifo, :solverParams]
└ @ DistributedFactorGraphs ~/.julia/packages/DistributedFactorGraphs/NMxiR/src/services/CompareUtils.jl:317
[ Info: x1
[ Info: x0
[ Info: x1 is not initialized, and will do so now...
[ Info: try doautoinit! of x1
[ Info: init with useinitfct Symbol[:x0x1f1]
[ Info: do init of x1
[ Info: x1
[ Info: x0
[ Info: x1
[ Info: x0

Building Bayes net...
Si = Symbol[:x1]
Find potential functions for each clique
Bayes Tree
[ Info: 
[ Info: Eliminating x0
[ Info: ===============
[ Info: 
[ Info:  - Removing x0
[ Info: 
[ Info: Eliminating x1
[ Info: ===============
[ Info: 
[ Info:  - Removing x1
[ Info: Looking at x1f1
[ Info:    - Breaking link x1f1->x1...
[ Info:      - Original links: Symbol[:x1]
[ Info:      - New links: Symbol[]
[ Info: x1f1 doesn't have any other links, not adding it back...
[ Info: Get potentials x1,x0,: 
[ Info: using all factors among cliq variables
[ Info: finding all frontals for down WIP
┌ Warning: compareFactorGraphs will skip comparisons on: Symbol[:g, :bn, :IDs, :fIDs, :id, :nodeIDs, :factorIDs, :fifo, :solverParams, :initialized, :inferdim, :estimateDict]
└ @ DistributedFactorGraphs ~/.julia/packages/DistributedFactorGraphs/NMxiR/src/services/CompareUtils.jl:317
[ Info: x1
[ Info: x0
Test Summary:                                          | Pass  Total
testing compare functions for variables and factors... |   21     21
[ Info: try doautoinit! of x0
[ Info: try doautoinit! of x0
[ Info: init with useinitfct Symbol[:x0f1]
[ Info: do init of x0
[ Info: try doautoinit! of x1
[ Info: try doautoinit! of x1
[ Info: init with useinitfct Symbol[:x0x1f1]
[ Info: do init of x1
[ Info: try doautoinit! of x2
[ Info: try doautoinit! of l1
┌ Warning: compareFactorGraphs will skip comparisons on: Symbol[:g, :bn, :IDs, :fIDs, :id, :nodeIDs, :factorIDs, :fifo, :solverParams, :labelDict, :addHistory, :logpath]
└ @ DistributedFactorGraphs ~/.julia/packages/DistributedFactorGraphs/NMxiR/src/services/CompareUtils.jl:317
[ Info: x1
[ Info: x0
Test Summary:              | Pass  Total
test subgraph functions... |    1      1
Test Summary:                               | Pass  Total
Ensure memory return is working properly... |    1      1
Test Summary:   | Pass  Total
test the basics |    2      2
[ Info: try doautoinit! of x0
maniT = if length(manifolds) < x
        ([manifolds[1] for i = 1:x]...,)
    else
        manifolds
    end = (:Euclid, :Euclid)
[ Info: try doautoinit! of x1
Test Summary:                             | Pass  Total
testing basic partial factor functions... |    2      2
[ Info: try doautoinit! of x1
[ Info: try doautoinit! of x1
[ Info: init with useinitfct Symbol[:x1f1]
[ Info: do init of x1
[ Info: try doautoinit! of x2
[ Info: try doautoinit! of x2
[ Info: init with useinitfct Symbol[:x1x2f1]
[ Info: do init of x2
[ Info: try doautoinit! of x3
[ Info: try doautoinit! of l1
[ Info: try doautoinit! of l1
[ Info: init with useinitfct Symbol[:x2l1f1, :x1l1f1]
[ Info: do init of l1
[ Info: [2x0p,d1,N100],
[ Info: try doautoinit! of x3
[ Info: init with useinitfct Symbol[:x2x3f1]
[ Info: do init of x3
[ Info: try doautoinit! of l2

Building Bayes net...
[ Info: 
[ Info: Eliminating l1
[ Info: ===============
[ Info: 
[ Info:  - Removing l1
[ Info: 
[ Info: Eliminating l2
[ Info: ===============
[ Info: 
Si = Symbol[:x2, :x1]
[ Info:  - Removing l2
[ Info: 
[ Info: Eliminating x1
[ Info: ===============
[ Info: 
[ Info:  - Removing x1
[ Info: Looking at x2x1f1
[ Info:    - Breaking link x2x1f1->x1...
[ Info:      - Original links: Symbol[:x2, :x1]
[ Info:      - New links: Symbol[:x2]
[ Info: x2x1f1 still has links to other variables, readding it back...
Si = Symbol[:x3]
Si = Symbol[:x2]
Si = Symbol[:x3]
[ Info: 
[ Info: Eliminating x2
[ Info: ===============
[ Info: 
[ Info:  - Removing x2
[ Info: Looking at x2f1
[ Info:    - Breaking link x2f1->x2...
[ Info:      - Original links: Symbol[:x2]
[ Info:      - New links: Symbol[]
[ Info: x2f1 doesn't have any other links, not adding it back...
[ Info: Looking at x2f2
[ Info:    - Breaking link x2f2->x2...
[ Info:      - Original links: Symbol[:x2]
[ Info:      - New links: Symbol[]
[ Info: x2f2 doesn't have any other links, not adding it back...
[ Info: 
[ Info: Eliminating x3
[ Info: ===============
[ Info: 
[ Info:  - Removing x3
[ Info: Looking at x3f2
[ Info:    - Breaking link x3f2->x3...
[ Info:      - Original links: Symbol[:x3]
[ Info:      - New links: Symbol[]
[ Info: x3f2 doesn't have any other links, not adding it back...
[ Info: Looking at x3f1
[ Info:    - Breaking link x3f1->x3...
[ Info:      - Original links: Symbol[:x3]
[ Info:      - New links: Symbol[]
[ Info: x3f1 doesn't have any other links, not adding it back...
Find potential functions for each clique
[ Info: Get potentials x1,l1,: x2,
[ Info: using all factors among cliq variables
[ Info: finding all frontals for down WIP
[ Info: Get potentials l2,: x3,
[ Info: using all factors among cliq variables
[ Info: finding all frontals for down WIP
[ Info: Get potentials x3,x2,: 
[ Info: using all factors among cliq variables
[ Info: finding all frontals for down WIP
[ Info: cliq=1 adding factor that is no in separator, l2
[ Info: cliq=1 adding factor that is no in separator, l1
[ Info: cliq=1 adding factor that is no in separator, x1
┌ Warning: add test tree verification
└ @ Main ~/.julia/packages/IncrementalInference/FweX2/test/testBayesTreeiSAM2Example.jl:73

Building Bayes net...
[ Info: 
[ Info: Eliminating x2
[ Info: ===============
[ Info: 
[ Info:  - Removing x2
Si = Symbol[:l1, :x3, :x1]
[ Info: 
[ Info: Eliminating x1
[ Info: ===============
[ Info: 
[ Info:  - Removing x1
[ Info: Looking at l1x3x1f1
[ Info:    - Breaking link l1x3x1f1->x1...
[ Info:      - Original links: Symbol[:l1, :x3, :x1]
[ Info:      - New links: Symbol[:l1, :x3]
[ Info: l1x3x1f1 still has links to other variables, readding it back...
Si = Symbol[:l1, :x3]
[ Info: 
[ Info: Eliminating x3
[ Info: ===============
[ Info: 
[ Info:  - Removing x3
[ Info: Looking at l1x3f1
[ Info:    - Breaking link l1x3f1->x3...
[ Info:      - Original links: Symbol[:l1, :x3]
[ Info:      - New links: Symbol[:l1]
[ Info: l1x3f1 still has links to other variables, readding it back...
[ Info: Looking at l1x3f2
[ Info:    - Breaking link l1x3f2->x3...
[ Info:      - Original links: Symbol[:l1, :x3]
[ Info:      - New links: Symbol[:l1]
[ Info: l1x3f2 still has links to other variables, readding it back...
Si = Symbol[:l2, :l1]
[ Info: 
[ Info: Eliminating l1
[ Info: ===============
[ Info: 
[ Info:  - Removing l1
[ Info: Looking at l1f2
[ Info:    - Breaking link l1f2->l1...
[ Info:      - Original links: Symbol[:l1]
[ Info:      - New links: Symbol[]
[ Info: l1f2 doesn't have any other links, not adding it back...
[ Info: Looking at l2l1f1
[ Info:    - Breaking link l2l1f1->l1...
[ Info:      - Original links: Symbol[:l2, :l1]
[ Info:      - New links: Symbol[:l2]
[ Info: l2l1f1 still has links to other variables, readding it back...
[ Info: Looking at l1f1
[ Info:    - Breaking link l1f1->l1...
[ Info:      - Original links: Symbol[:l1]
[ Info:      - New links: Symbol[]
[ Info: l1f1 doesn't have any other links, not adding it back...
Si = Symbol[:l2]
[ Info: 
[ Info: Eliminating l2
[ Info: ===============
[ Info: 
[ Info:  - Removing l2
[ Info: Looking at l2f1
[ Info:    - Breaking link l2f1->l2...
[ Info:      - Original links: Symbol[:l2]
[ Info:      - New links: Symbol[]
[ Info: l2f1 doesn't have any other links, not adding it back...
[ Info: Looking at l2f2
[ Info:    - Breaking link l2f2->l2...
[ Info:      - Original links: Symbol[:l2]
[ Info:      - New links: Symbol[]
[ Info: l2f2 doesn't have any other links, not adding it back...
Find potential functions for each clique
[ Info: Get potentials x1,x2,: l1,x3,
[ Info: using all factors among cliq variables
[ Info: finding all frontals for down WIP
[ Info: Get potentials l2,l1,x3,: 
[ Info: using all factors among cliq variables
[ Info: finding all frontals for down WIP
[ Info: cliq=1 adding factor that is no in separator, x2
[ Info: cliq=1 adding factor that is no in separator, x1
[ Info: cliq=1 adding factor that is no in separator, x2
Test Summary:                 | Pass  Total
basic Bayes tree construction |    1      1
Test Summary:                                                  | Pass  Total
Ensure converter types can be run from extending namespaces... |    1      1
┌ Warning: Setting serialization module from AbstractDFG - override this in the 'GraphsDFG{SolverParams} structure! This is being ignored.
└ @ DistributedFactorGraphs ~/.julia/packages/DistributedFactorGraphs/NMxiR/src/services/AbstractDFG.jl:21
[ Info: try doautoinit! of x1
[ Info: try doautoinit! of x1
[ Info: init with useinitfct Symbol[:x1f1]
[ Info: do init of x1
[ Info: try doautoinit! of x2
┌ Warning: Retrieving serialization module from AbstractDFG - override this in the 'GraphsDFG{SolverParams} structure! This is returning Main
└ @ DistributedFactorGraphs ~/.julia/packages/DistributedFactorGraphs/NMxiR/src/services/AbstractDFG.jl:25
Test Summary:              | Pass  Total
packing converters work... |    8      8
Test Summary:                     | Pass  Total
Ensure lambda's work with NLsolve |    1      1
Test Summary:                                       |
minimalistic pattern on how NLsolve is used in IIF. | No tests
Test Summary:                                                  | Pass  Total
generic root finding by numeric solve of residual functions... |    1      1
a1 = [-1.0 0.6120516420902307 0.5400050963334027; 0.5825623625070049 0.5065944337036288 0.06621365059030504]
  0.217222 seconds (174.01 k allocations: 8.868 MiB)
  0.171516 seconds (59.71 k allocations: 2.931 MiB)
  0.045254 seconds (16.27 k allocations: 1.127 MiB)
zDim = size(measurement[1], 1) = 1
ccw.varidx = solvefor = 2
  1.240833 seconds (924.56 k allocations: 45.552 MiB)
and in the reverse direction, achieved by simply changing CommonConvWrapper.varidx to 1...
ccw.varidx = solvefor = 1
  0.004904 seconds (7.76 k allocations: 1.020 MiB)
┌ Warning: test not implemented yet
└ @ Main ~/.julia/packages/IncrementalInference/FweX2/test/testCommonConvWrapper.jl:255
[ Info: try doautoinit! of x1
[ Info: try doautoinit! of x1
[ Info: init with useinitfct Symbol[:x1f1]
[ Info: do init of x1
[ Info: try doautoinit! of x2

Building Bayes net...
[ Info: 
[ Info: Eliminating x1
[ Info: ===============
[ Info: 
[ Info:  - Removing x1
Si = Symbol[:x2]
[ Info: 
[ Info: Eliminating x2
[ Info: ===============
[ Info: 
[ Info:  - Removing x2
[ Info: Looking at x2f1
[ Info:    - Breaking link x2f1->x2...
[ Info:      - Original links: Symbol[:x2]
[ Info:      - New links: Symbol[]
[ Info: x2f1 doesn't have any other links, not adding it back...
Find potential functions for each clique
[ Info: Get potentials x2,x1,: 
[ Info: using all factors among cliq variables
[ Info: finding all frontals for down WIP
Bayes Tree
[ Info: Solving over the Bayes (Junction) tree.

Building Bayes net...
[ Info: 
[ Info: Eliminating x1
[ Info: ===============
[ Info: 
[ Info:  - Removing x1
Si = Symbol[:x2]
[ Info: 
[ Info: Eliminating x2
[ Info: ===============
[ Info: 
[ Info:  - Removing x2
[ Info: Looking at x2f1
[ Info:    - Breaking link x2f1->x2...
[ Info:      - Original links: Symbol[:x2]
[ Info:      - New links: Symbol[]
[ Info: x2f1 doesn't have any other links, not adding it back...
Find potential functions for each clique
[ Info: Get potentials x2,x1,: 
[ Info: using all factors among cliq variables
[ Info: finding all frontals for down WIP
Bayes Tree
[ Info: Do tree based init-inference on tree
State machine iter=1
State machine iter=2
State machine iter=3
State machine iter=4
State machine iter=5
State machine iter=6
[ Info: up w 0 msgs
[ Info: ---------- successive fnc approx ------------x2,x1,: 
[ Info: #1	 -- 
[ Info: ---------- successive fnc approx ------------x2,x1,: 
[ Info: #1	 -- 
[ Info: [2x0p,d1,N100],
[ Info: #2	 -- 
[ Info: [2x0p,d1,N100],
[ Info: #3	 -- 
[ Info: [2x0p,d1,N100],
[ Info: fmcmc! -- solverData(vert=x2).inferdim=1.0
[ Info: fmcmc! -- solverData(vert=x1).inferdim=2.0
[ Info: Outgoing msg density on: 
[ Info: prepCliqInitMsgsUp, seps=Symbol[]
State machine iter=7
State machine iter=8
[ Info: transferUpdateSubGraph! -- syms=Symbol[:x2, :x1]
[ Info: sym=x2, mem size of val=(1, 100) and (1, 100)
┌ Warning: Deprecated
└ @ IncrementalInference ~/.julia/packages/IncrementalInference/FweX2/src/FactorGraphTypes.jl:362
[ Info: sym=x1, mem size of val=(1, 100) and (1, 100)
┌ Warning: Deprecated
└ @ IncrementalInference ~/.julia/packages/IncrementalInference/FweX2/src/FactorGraphTypes.jl:362
State machine iter=9
[ Info: Finished tree based init-inference
Test Summary:                | Pass  Total
GenericWrapParam functors... |  114    114
[ Info: try doautoinit! of x1
[ Info: try doautoinit! of x1
[ Info: init with useinitfct Symbol[:x1f1]
[ Info: do init of x1
[ Info: try doautoinit! of x2
Statistics.mean(pts, dims=2) = [49.42010893283766]
[ Info: Solving over the Bayes (Junction) tree.

Building Bayes net...
[ Info: 
[ Info: Eliminating x1
[ Info: ===============
[ Info: 
[ Info:  - Removing x1
[ Info: 
[ Info: Eliminating x2
[ Info: ===============
[ Info: 
[ Info:  - Removing x2
[ Info: Looking at x2f1
[ Info:    - Breaking link x2f1->x2...
[ Info:      - Original links: Symbol[:x2]
[ Info:      - New links: Symbol[]
[ Info: x2f1 doesn't have any other links, not adding it back...
[ Info: Get potentials x2,x1,: 
[ Info: using all factors among cliq variables
Si = Symbol[:x2]
Find potential functions for each clique
[ Info: finding all frontals for down WIP
[ Info: Do tree based init-inference on tree
Bayes Tree
State machine iter=1
State machine iter=2
State machine iter=3
State machine iter=4
State machine iter=5
State machine iter=6
[ Info: up w 0 msgs
[ Info: ---------- successive fnc approx ------------x2,x1,: 
[ Info: #1	 -- 
[ Info: ---------- successive fnc approx ------------x2,x1,: 
[ Info: #1	 -- 
[ Info: [2x0p,d1,N100],
[ Info: #2	 -- 
[ Info: [2x0p,d1,N100],
[ Info: #3	 -- 
[ Info: [2x0p,d1,N100],
[ Info: fmcmc! -- solverData(vert=x2).inferdim=1.0
[ Info: fmcmc! -- solverData(vert=x1).inferdim=2.0
[ Info: Outgoing msg density on: 
[ Info: prepCliqInitMsgsUp, seps=Symbol[]
State machine iter=7
State machine iter=8
[ Info: transferUpdateSubGraph! -- syms=Symbol[:x2, :x1]
[ Info: sym=x2, mem size of val=(1, 100) and (1, 100)
┌ Warning: Deprecated
└ @ IncrementalInference ~/.julia/packages/IncrementalInference/FweX2/src/FactorGraphTypes.jl:362
[ Info: sym=x1, mem size of val=(1, 100) and (1, 100)
┌ Warning: Deprecated
└ @ IncrementalInference ~/.julia/packages/IncrementalInference/FweX2/src/FactorGraphTypes.jl:362
State machine iter=9
[ Info: Finished tree based init-inference
Test Summary:                                       | Pass  Total
with simple local constraint examples Odo, Obsv2... |    2      2
[ Info: try doautoinit! of x1
[ Info: try doautoinit! of x1
[ Info: init with useinitfct Symbol[:x1f1]
[ Info: do init of x1
[ Info: try doautoinit! of x2
Test Summary:                            | Pass  Total
test default userdata::FactorMetadata... |    2      2
Test Summary:                                                                    | Pass  Total
test IncrementalInference.assembleHypothesesElements! without multihypothesis... |   16     16
Test Summary:                                                             | Pass  Total
test IncrementalInference.assembleHypothesesElements! with bi-modality... |   48     48
┌ Warning: only partially testing tri-modality
└ @ Main ~/.julia/packages/IncrementalInference/FweX2/test/testExplicitMultihypo.jl:321
Test Summary:                                                              | Pass  Total
test IncrementalInference.assembleHypothesesElements! with tri-modality... |   84     84
[ Info: try doautoinit! of l1
[ Info: try doautoinit! of l2
[ Info: try doautoinit! of x1
[ Info: try doautoinit! of l1
[ Info: init with useinitfct Symbol[:l1f1]
[ Info: do init of l1
[ Info: try doautoinit! of l1_0
[ Info: try doautoinit! of x1
[ Info: allowing init from incomplete set of previously initialized hypotheses, fct=x1l1l1_0f1
[ Info: init with useinitfct Symbol[:x1l1l1_0f1]
[ Info: do init of x1
[ Info: not all hypotheses initialized, but at least one available -- see #427
[ Info: try doautoinit! of x2
[ Info: try doautoinit! of x2
[ Info: init with useinitfct Symbol[:x1x2f1]
[ Info: do init of x2
[ Info: try doautoinit! of l2
[ Info: allowing init from incomplete set of previously initialized hypotheses, fct=x2l2l2_0f1
[ Info: init with useinitfct Symbol[:x2l2l2_0f1, :l2f1]
[ Info: do init of l2
[ Info: not all hypotheses initialized, but at least one available -- see #427
[ Info: [2x0p,d1,N100],
[ Info: try doautoinit! of l2_0
[ Info: Solving over the Bayes (Junction) tree.

Building Bayes net...
[ Info: 
[ Info: Eliminating x1
[ Info: ===============
[ Info: 
[ Info:  - Removing x1
[ Info: 
[ Info: Eliminating l2
[ Info: ===============
[ Info: 
Si = Symbol[:x2, :l1, :l1_0]
[ Info:  - Removing l2
Si = Symbol[:x2, :l2_0]
[ Info: 
[ Info: Eliminating l1
[ Info: ===============
[ Info: 
[ Info:  - Removing l1
[ Info: Looking at x2l1l1_0f1
[ Info:    - Breaking link x2l1l1_0f1->l1...
[ Info:      - Original links: Symbol[:x2, :l1, :l1_0]
[ Info:      - New links: Symbol[:x2, :l1_0]
[ Info: x2l1l1_0f1 still has links to other variables, readding it back...
Si = Symbol[:x2, :l1_0]
Si = Symbol[:l2_0, :l1_0]
[ Info: 
[ Info: Eliminating x2
[ Info: ===============
[ Info: 
[ Info:  - Removing x2
[ Info: Looking at x2l2_0f1
[ Info:    - Breaking link x2l2_0f1->x2...
[ Info:      - Original links: Symbol[:x2, :l2_0]
[ Info:      - New links: Symbol[:l2_0]
[ Info: x2l2_0f1 still has links to other variables, readding it back...
[ Info: Looking at x2l1_0f1
[ Info:    - Breaking link x2l1_0f1->x2...
[ Info:      - Original links: Symbol[:x2, :l1_0]
[ Info:      - New links: Symbol[:l1_0]
[ Info: x2l1_0f1 still has links to other variables, readding it back...
[ Info: Looking at x2l1_0f2
[ Info:    - Breaking link x2l1_0f2->x2...
[ Info:      - Original links: Symbol[:x2, :l1_0]
[ Info:      - New links: Symbol[:l1_0]
[ Info: x2l1_0f2 still has links to other variables, readding it back...
[ Info: 
[ Info: Eliminating l2_0
[ Info: ===============
[ Info: 
[ Info:  - Removing l2_0
[ Info: Looking at l2_0f1
[ Info:    - Breaking link l2_0f1->l2_0...
[ Info:      - Original links: Symbol[:l2_0]
[ Info:      - New links: Symbol[]
[ Info: l2_0f1 doesn't have any other links, not adding it back...
[ Info: Looking at l2_0l1_0f1
[ Info:    - Breaking link l2_0l1_0f1->l2_0...
[ Info:      - Original links: Symbol[:l2_0, :l1_0]
[ Info:      - New links: Symbol[:l1_0]
[ Info: l2_0l1_0f1 still has links to other variables, readding it back...
[ Info: 
[ Info: Eliminating l1_0
[ Info: ===============
[ Info: 
[ Info:  - Removing l1_0
[ Info: Looking at l1_0f2
[ Info:    - Breaking link l1_0f2->l1_0...
[ Info:      - Original links: Symbol[:l1_0]
[ Info:      - New links: Symbol[]
[ Info: l1_0f2 doesn't have any other links, not adding it back...
[ Info: Looking at l1_0f4
[ Info:    - Breaking link l1_0f4->l1_0...
[ Info:      - Original links: Symbol[:l1_0]
[ Info:      - New links: Symbol[]
[ Info: l1_0f4 doesn't have any other links, not adding it back...
[ Info: Looking at l1_0f1
[ Info:    - Breaking link l1_0f1->l1_0...
[ Info:      - Original links: Symbol[:l1_0]
[ Info:      - New links: Symbol[]
[ Info: l1_0f1 doesn't have any other links, not adding it back...
[ Info: Looking at l1_0f3
[ Info:    - Breaking link l1_0f3->l1_0...
[ Info:      - Original links: Symbol[:l1_0]
[ Info:      - New links: Symbol[]
[ Info: l1_0f3 doesn't have any other links, not adding it back...
[ Info: Get potentials l1,x1,: x2,l1_0,
[ Info: using all factors among cliq variables
[ Info: finding all frontals for down WIP
[ Info: Get potentials l2,: x2,l2_0,
[ Info: using all factors among cliq variables
[ Info: finding all frontals for down WIP
[ Info: Get potentials l1_0,l2_0,x2,: 
[ Info: using all factors among cliq variables
Si = Symbol[:l1_0]
Find potential functions for each clique
[ Info: finding all frontals for down WIP
[ Info: cliq=1 adding factor that is no in separator, x1
[ Info: cliq=1 adding factor that is no in separator, l1
[ Info: cliq=1 adding factor that is no in separator, l2
[ Info: cliq=1 adding factor that is no in separator, l2
[ Info: cliq=1 adding factor that is no in separator, x1
Bayes Tree
[ Info: Do tree based init-inference on tree
State machine iter=1
State machine iter=2
State machine iter=3
State machine iter=4
State machine iter=1
State machine iter=2
State machine iter=3
State machine iter=4
State machine iter=5
State machine iter=6
State machine iter=7
State machine iter=8
[ Info: up w 0 msgs
[ Info: ---------- successive fnc approx ------------l1,x1,: x2,l1_0,
[ Info: #1	 -- 
State machine iter=1
State machine iter=2
State machine iter=3[ Info: ---------- successive fnc approx ------------l1,x1,: x2,l1_0,
[ Info: #1	 -- 
[ Info: [2x0p,d1,N100],

State machine iter=4[ Info: [2x0p,d1,N100],

[ Info: #2	 -- 
[ Info: [2x0p,d1,N100],
State machine iter=5
[ Info: [2x0p,d1,N100],
State machine iter=6[ Info: #3	 -- 
[ Info: [2x0p,d1,N100],

[ Info: [2x0p,d1,N100],
State machine iter=7[ Info: fmcmc! -- solverData(vert=x2).inferdim=0.0
[ Info: fmcmc! -- solverData(vert=l1_0).inferdim=0.0

State machine iter=8
[ Info: fmcmc! -- solverData(vert=l1).inferdim=1.0
[ Info: fmcmc! -- solverData(vert=x1).inferdim=0.0
[ Info: up w 0 msgs
[ Info: Outgoing msg density on: 
[ Info: ---------- successive fnc approx ------------l2,: x2,l2_0,
[ Info: prepCliqInitMsgsUp, seps=Symbol[:x2, :l1_0]
[ Info: #1	 -- 
[ Info: ---------- successive fnc approx ------------l2,: x2,l2_0,
[ Info: #1	 -- 
[ Info: [2x0p,d1,N100],
[ Info: #2	 -- 
[ Info: [2x0p,d1,N100],
State machine iter=9[ Info: #3	 -- 

[ Info: [2x0p,d1,N100],
State machine iter=10
[ Info: fmcmc! -- solverData(vert=x2).inferdim=0.0
[ Info: fmcmc! -- solverData(vert=l2_0).inferdim=0.0
[ Info: fmcmc! -- solverData(vert=l2).inferdim=1.0
[ Info: Outgoing msg density on: 
[ Info: prepCliqInitMsgsUp, seps=Symbol[:x2, :l2_0]
State machine iter=5
State machine iter=6
[ Info: up w 2 msgs
State machine iter=9
[ Info: inp.sendmsgs[x2].inferdim=0.0
[ Info: inp.sendmsgs[l1_0].inferdim=0.0
State machine iter=10[ Info: inp.sendmsgs[l2_0].inferdim=0.0

[ Info: inp.sendmsgs[x2].inferdim=0.0
[ Info: ---------- successive fnc approx ------------l1_0,l2_0,x2,: 
[ Info: #1	 -- 
[ Info: fmcmc! -- solverData(vert=l1_0).inferdim=0.0
[ Info: fmcmc! -- solverData(vert=l2_0).inferdim=0.0
[ Info: ---------- successive fnc approx ------------l1_0,l2_0,x2,: 
[ Info: #1	 -- 
[ Info: [2x0p,d1,N100],
[ Info: fmcmc! -- solverData(vert=l1_0).inferdim=0.0
[ Info: fmcmc! -- solverData(vert=l2_0).inferdim=0.0
[ Info: fmcmc! -- solverData(vert=x2).inferdim=0.0
[ Info: Outgoing msg density on: 
[ Info: prepCliqInitMsgsUp, seps=Symbol[]
State machine iter=7
State machine iter=8
[ Info: transferUpdateSubGraph! -- syms=Symbol[:l1_0, :l2_0, :x2]
[ Info: sym=l1_0, mem size of val=(1, 100) and (1, 100)
┌ Warning: Deprecated
└ @ IncrementalInference ~/.julia/packages/IncrementalInference/FweX2/src/FactorGraphTypes.jl:362
[ Info: sym=l2_0, mem size of val=(1, 100) and (1, 100)
┌ Warning: Deprecated
└ @ IncrementalInference ~/.julia/packages/IncrementalInference/FweX2/src/FactorGraphTypes.jl:362
[ Info: sym=x2, mem size of val=(1, 100) and (1, 100)
┌ Warning: Deprecated
└ @ IncrementalInference ~/.julia/packages/IncrementalInference/FweX2/src/FactorGraphTypes.jl:362
State machine iter=11
State machine iter=11[ Info: [2x0p,d1,N100],

[ Info: [2x0p,d1,N100],
[ Info: [2x0p,d1,N100],
State machine iter=9[ Info: [2x0p,d1,N100],
[ Info: [2x0p,d1,N100],
[ Info: [2x0p,d1,N100],

[ Info: [2x0p,d1,N100],
State machine iter=12
State machine iter=12
[ Info: Finished tree based init-inference
Test Summary:                            |
test CSM runaway on upsolve, (issue 427) | No tests
[ Info: try doautoinit! of l0
[ Info: try doautoinit! of l1
[ Info: try doautoinit! of x0
[ Info: try doautoinit! of l0
[ Info: init with useinitfct Symbol[:l0f1]
[ Info: do init of l0
[ Info: try doautoinit! of l1
[ Info: init with useinitfct Symbol[:l1f1]
[ Info: do init of l1
[ Info: try doautoinit! of x0
[ Info: init with useinitfct Symbol[:x0l0l1f1]
[ Info: do init of x0
[ Info: try doautoinit! of x1
[ Info: try doautoinit! of x1
[ Info: init with useinitfct Symbol[:x1l0l1f1, :x0x1f1]
[ Info: do init of x1
[ Info: [2x0p,d1,N200],
[ Info: try doautoinit! of x2
[ Info: Solving over the Bayes (Junction) tree.

Building Bayes net...
[ Info: 
[ Info: Eliminating x1
[ Info: ===============
[ Info: 
[ Info:  - Removing x1
Si = Symbol[:x2, :l0, :l1, :x0]
[ Info: 
[ Info: Eliminating l1
[ Info: ===============
[ Info: 
[ Info:  - Removing l1
[ Info: Looking at x2l0l1x0f1
[ Info:    - Breaking link x2l0l1x0f1->l1...
[ Info:      - Original links: Symbol[:x2, :l0, :l1, :x0]
[ Info:      - New links: Symbol[:x2, :l0, :x0]
[ Info: x2l0l1x0f1 still has links to other variables, readding it back...
Si = Symbol[:x0, :l0, :x2]
[ Info: 
[ Info: Eliminating l0
[ Info: ===============
[ Info: 
[ Info:  - Removing l0
[ Info: Looking at x2l0x0f1
[ Info:    - Breaking link x2l0x0f1->l0...
[ Info:      - Original links: Symbol[:x2, :l0, :x0]
[ Info:      - New links: Symbol[:x2, :x0]
[ Info: x2l0x0f1 still has links to other variables, readding it back...
[ Info: Looking at x0l0x2f1
[ Info:    - Breaking link x0l0x2f1->l0...
[ Info:      - Original links: Symbol[:x0, :l0, :x2]
[ Info:      - New links: Symbol[:x0, :x2]
[ Info: x0l0x2f1 still has links to other variables, readding it back...
Si = Symbol[:x2, :x0]
[ Info: 
[ Info: Eliminating x0
[ Info: ===============
[ Info: 
[ Info:  - Removing x0
[ Info: Looking at x0x2f1
[ Info:    - Breaking link x0x2f1->x0...
[ Info:      - Original links: Symbol[:x0, :x2]
[ Info:      - New links: Symbol[:x2]
[ Info: x0x2f1 still has links to other variables, readding it back...
[ Info: Looking at x2x0f2
[ Info:    - Breaking link x2x0f2->x0...
[ Info:      - Original links: Symbol[:x2, :x0]
[ Info:      - New links: Symbol[:x2]
[ Info: x2x0f2 still has links to other variables, readding it back...
[ Info: Looking at x2x0f1
[ Info:    - Breaking link x2x0f1->x0...
[ Info:      - Original links: Symbol[:x2, :x0]
[ Info:      - New links: Symbol[:x2]
[ Info: x2x0f1 still has links to other variables, readding it back...
Si = Symbol[:x2]
[ Info: 
[ Info: Eliminating x2
[ Info: ===============
[ Info: 
[ Info:  - Removing x2
[ Info: Looking at x2f1
[ Info:    - Breaking link x2f1->x2...
[ Info:      - Original links: Symbol[:x2]
[ Info:      - New links: Symbol[]
[ Info: x2f1 doesn't have any other links, not adding it back...
[ Info: Looking at x2f4
[ Info:    - Breaking link x2f4->x2...
[ Info:      - Original links: Symbol[:x2]
[ Info:      - New links: Symbol[]
[ Info: x2f4 doesn't have any other links, not adding it back...
[ Info: Looking at x2f2
[ Info:    - Breaking link x2f2->x2...
[ Info:      - Original links: Symbol[:x2]
[ Info:      - New links: Symbol[]
[ Info: x2f2 doesn't have any other links, not adding it back...
[ Info: Looking at x2f3
[ Info:    - Breaking link x2f3->x2...
[ Info:      - Original links: Symbol[:x2]
[ Info:      - New links: Symbol[]
[ Info: x2f3 doesn't have any other links, not adding it back...
Find potential functions for each clique
[ Info: Get potentials x2,x0,l0,l1,x1,: 
[ Info: using all factors among cliq variables
[ Info: finding all frontals for down WIP
Bayes Tree
[ Info: Do tree based init-inference on tree
State machine iter=1
State machine iter=2
State machine iter=3
State machine iter=4
State machine iter=5
State machine iter=6
[ Info: up w 0 msgs
[ Info: ---------- successive fnc approx ------------x2,x0,l0,l1,x1,: 
[ Info: #1	 -- 
[ Info: ---------- successive fnc approx ------------x2,x0,l0,l1,x1,: 
[ Info: #1	 -- 
[ Info: [2x0p,d1,N200],
[ Info: [3x0p,d1,N200],
[ Info: [3x0p,d1,N200],
[ Info: [3x0p,d1,N200],
[ Info: #2	 -- 
[ Info: [2x0p,d1,N200],
[ Info: [3x0p,d1,N200],
[ Info: [3x0p,d1,N200],
[ Info: [3x0p,d1,N200],
[ Info: #3	 -- 
[ Info: [2x0p,d1,N200],
[ Info: [3x0p,d1,N200],
[ Info: [3x0p,d1,N200],
[ Info: [3x0p,d1,N200],
[ Info: fmcmc! -- solverData(vert=x2).inferdim=1.0
[ Info: fmcmc! -- solverData(vert=x0).inferdim=2.0
[ Info: fmcmc! -- solverData(vert=l0).inferdim=3.0
[ Info: fmcmc! -- solverData(vert=l1).inferdim=3.0
[ Info: fmcmc! -- solverData(vert=x1).inferdim=3.0
[ Info: Outgoing msg density on: 
[ Info: prepCliqInitMsgsUp, seps=Symbol[]
State machine iter=7
State machine iter=8
[ Info: transferUpdateSubGraph! -- syms=Symbol[:x2, :x0, :l0, :l1, :x1]
[ Info: sym=x2, mem size of val=(1, 200) and (1, 200)
┌ Warning: Deprecated
└ @ IncrementalInference ~/.julia/packages/IncrementalInference/FweX2/src/FactorGraphTypes.jl:362
[ Info: sym=x0, mem size of val=(1, 200) and (1, 200)
┌ Warning: Deprecated
└ @ IncrementalInference ~/.julia/packages/IncrementalInference/FweX2/src/FactorGraphTypes.jl:362
[ Info: sym=l0, mem size of val=(1, 200) and (1, 200)
┌ Warning: Deprecated
└ @ IncrementalInference ~/.julia/packages/IncrementalInference/FweX2/src/FactorGraphTypes.jl:362
[ Info: sym=l1, mem size of val=(1, 200) and (1, 200)
┌ Warning: Deprecated
└ @ IncrementalInference ~/.julia/packages/IncrementalInference/FweX2/src/FactorGraphTypes.jl:362
[ Info: sym=x1, mem size of val=(1, 200) and (1, 200)
┌ Warning: Deprecated
└ @ IncrementalInference ~/.julia/packages/IncrementalInference/FweX2/src/FactorGraphTypes.jl:362
State machine iter=9
[ Info: Finished tree based init-inference
Test Summary:                               | Pass  Total
2door basic binary multihypothesis tests... |    5      5
Threads.nthreads() = 1
[ Info: try doautoinit! of x0
[ Info: try doautoinit! of x0
[ Info: init with useinitfct Symbol[:x0f1]
[ Info: do init of x0
[ Info: try doautoinit! of x1
Test Summary:                                                               | Pass  Total
Basic ContinuousScalar example to ensure multithreaded convolutions work... |    1      1
maniT = if length(manifolds) < x
        ([manifolds[1] for i = 1:x]...,)
    else
        manifolds
    end = (:Euclid, :Euclid)
[ Info: try doautoinit! of x1
[ Info: try doautoinit! of x1
[ Info: init with useinitfct Symbol[:x1f1, :x1f2]
[ Info: do init of x1
[ Info: [1x1p,d2,N100],

Building Bayes net...
[ Info: 
[ Info: Eliminating x1
[ Info: ===============
[ Info: 
[ Info:  - Removing x1
Find potential functions for each clique
[ Info: Get potentials x1,: 
[ Info: using all factors among cliq variables
[ Info: finding all frontals for down WIP
Bayes Tree
[ Info: Solving over the Bayes (Junction) tree.
[ Info: Do tree based init-inference on tree
State machine iter=1
State machine iter=2
State machine iter=3
State machine iter=4
State machine iter=5
State machine iter=6
[ Info: up w 0 msgs
[ Info: ---------- successive fnc approx ------------x1,: 
[ Info: #1	 -- 
[ Info: ---------- successive fnc approx ------------x1,: 
[ Info: #1	 -- 
[ Info: [1x1p,d2,N100],
[ Info: fmcmc! -- solverData(vert=x1).inferdim=2.0
[ Info: Outgoing msg density on: 
[ Info: prepCliqInitMsgsUp, seps=Symbol[]
State machine iter=7
State machine iter=8
[ Info: transferUpdateSubGraph! -- syms=Symbol[:x1]
[ Info: sym=x1, mem size of val=(2, 100) and (2, 100)
┌ Warning: Deprecated
└ @ IncrementalInference ~/.julia/packages/IncrementalInference/FweX2/src/FactorGraphTypes.jl:362
State machine iter=9
[ Info: Finished tree based init-inference
maniT = if length(manifolds) < x
        ([manifolds[1] for i = 1:x]...,)
    else
        manifolds
    end = (:Euclid, :Euclid)
[ Info: try doautoinit! of x2
[ Info: try doautoinit! of x2
[ Info: init with useinitfct Symbol[:x1x2f1, :x2f1]
[ Info: do init of x2
[ Info: [0x2p,d2,N100],
┌ Warning: restore findRelatedFromPotential as testset!
└ @ Main ~/.julia/packages/IncrementalInference/FweX2/test/testpartialconstraint.jl:122
X2lpts[2, 95:100] = [8.458691957045868, 10.824504774478573, 9.883089427131246, 11.290235333713328, 9.696850821620373, 10.004781980972666]
lpts[2, 95:100] = [11.215056516025854, 10.239486327795605, 8.2886935165211, 11.454175807140377, 9.254992742969256, 9.321708837475814]
getPoints(keepaside) = [-20.738894670691614 -20.14918856834099 -20.553830786793554 -22.129219034712413 -20.448980311733568 -20.78137371780742 -21.380440746689665 -20.28866848587163 -18.619960449047326 -20.129083574458093 -18.305635591886258 -18.575810447695783 -18.562875489606558 -18.746356273365812 -20.25693006091217 -22.130071508197616 -19.701046225073767 -18.727530383238413 -20.269425027872593 -21.14142895131164 -21.011126144104487 -19.49957912107158 -19.524957202119687 -19.924325877849913 -20.367321923257382 -22.35941303538186 -20.400005941557822 -19.627788403705125 -18.574329785885425 -19.68128642316373 -20.710431077634993 -20.16410067322358 -17.27189184777665 -20.214026906680854 -17.62548636235896 -19.664257364554427 -20.825496663711355 -20.58978386166576 -20.37754477468175 -20.19419124518873 -21.374609456053104 -20.04870644029049 -19.979697357550755 -20.31597811564179 -20.291098635022085 -19.11323413085502 -20.539792725015936 -20.001634549702636 -20.344059161201695 -18.586948169394944 -20.877782097025015 -20.61815328642079 -18.497310554001714 -18.844914522213962 -20.339689482779516 -18.866701645180125 -18.47213681157701 -18.875569479774867 -20.024632042568445 -21.581552878963542 -19.847395987723406 -19.73252101822618 -19.703236826151038 -19.237519323555187 -19.06485054152765 -22.055996493218714 -20.15875416496896 -21.132158916452703 -19.89873796375868 -19.21514356707684 -20.82101953858283 -20.05773021904113 -20.38118146724673 -19.13443997887327 -20.321105150139434 -19.059777159839726 -22.33502959372456 -20.95479554224382 -21.32498246320585 -19.68061247859119 -17.256625524045454 -22.189128856760778 -20.722762650456723 -20.613034670279852 -20.904033259181205 -19.165933382394194 -20.70372105752283 -19.046815149222205 -19.568606103388916 -20.014003031388544 -22.176322140304872 -20.97791900892903 -19.353775730156205 -20.904615283841338 -19.881931227846156 -18.241825926708994 -19.60751300338834 -18.534222357326648 -20.175337855506214 -20.676534955219417; 9.74320968065381 9.763052659481751 8.10554535027521 9.83180990075091 10.338541569510044 10.92741105384606 10.32618383489817 11.462985977838171 9.831289603765464 9.847734455970617 9.649680740323788 9.543661570791366 10.240960130633539 9.389849620036413 9.922715301707163 9.483905156308852 11.009697609002671 9.349743501726113 8.231577463605984 9.453138007429477 10.051803362420053 10.481413060270503 10.061349879828105 9.079728828527834 10.537689603666465 10.103038569417542 12.368377339282025 11.102776828288018 10.491007006996888 9.630700020675281 8.843840085899163 8.856015437174436 10.615621330295678 9.666044258654457 8.978115028116271 10.437723101026668 7.899503052862608 11.260833898741582 9.660543835515782 8.885269012249646 10.231889197281916 9.125281530957327 10.439870603002584 10.94158735364399 10.896099490097871 10.004388064665127 9.844393009821696 10.903950260534689 8.692851204320633 9.556231449650149 9.777458975148388 10.836688275334613 10.080929587768868 10.91915811121357 8.918216138524464 9.249093075324433 10.739489520295196 9.377278038957563 9.418729270699199 9.664847154789818 10.896063867721738 10.190283020493682 10.478359834553583 11.04372666004655 10.264189646872985 8.158540451052518 10.204569611888635 9.456117229792712 11.383002771424874 8.236739565339496 10.188043141866915 9.276543385374328 11.214397807561735 9.678387010420339 10.297365515011688 9.817944828943185 10.403810156661784 10.524127962021721 12.283605295064868 10.29943517202448 10.661336051606304 11.826925252722031 8.178919902379128 9.899828632030335 9.535267392393429 10.86016240303858 9.680685106824356 11.086682060071945 11.26685293966454 10.564370628078024 10.87035082315972 10.679634358363225 9.11493046265642 10.74252983456545 11.215056516025854 10.239486327795605 8.2886935165211 11.454175807140377 9.254992742969256 9.321708837475814]
[ Info: [0x1p,d2,N100],
[ Info: [0x1p,d2,N100],
[ Info: [0x2p,d2,N100],

Building Bayes net...
[ Info: 
[ Info: Eliminating x1
[ Info: ===============
[ Info: 
[ Info:  - Removing x1
Si = Symbol[:x2]
[ Info: 
[ Info: Eliminating x2
[ Info: ===============
[ Info: 
[ Info:  - Removing x2
[ Info: Looking at x2f2
[ Info:    - Breaking link x2f2->x2...
[ Info:      - Original links: Symbol[:x2]
[ Info:      - New links: Symbol[]
[ Info: x2f2 doesn't have any other links, not adding it back...
Find potential functions for each clique
[ Info: Get potentials x2,x1,: 
[ Info: using all factors among cliq variables
[ Info: finding all frontals for down WIP
Bayes Tree
[ Info: Solving over the Bayes (Junction) tree.
[ Info: Do tree based init-inference on tree
State machine iter=1
State machine iter=2
State machine iter=3
State machine iter=4
State machine iter=5
State machine iter=6
[ Info: up w 0 msgs
[ Info: ---------- successive fnc approx ------------x2,x1,: 
[ Info: #1	 -- 
[ Info: ---------- successive fnc approx ------------x2,x1,: 
[ Info: #1	 -- 
[ Info: [0x2p,d2,N100],
[ Info: [1x2p,d2,N100],
[ Info: #2	 -- 
[ Info: [0x2p,d2,N100],
[ Info: [1x2p,d2,N100],
[ Info: #3	 -- 
[ Info: [0x2p,d2,N100],
[ Info: [1x2p,d2,N100],
[ Info: fmcmc! -- solverData(vert=x2).inferdim=0.0
[ Info: fmcmc! -- solverData(vert=x1).inferdim=2.0
[ Info: Outgoing msg density on: 
[ Info: prepCliqInitMsgsUp, seps=Symbol[]
State machine iter=7
State machine iter=8
[ Info: transferUpdateSubGraph! -- syms=Symbol[:x2, :x1]
[ Info: sym=x2, mem size of val=(2, 100) and (2, 100)
┌ Warning: Deprecated
└ @ IncrementalInference ~/.julia/packages/IncrementalInference/FweX2/src/FactorGraphTypes.jl:362
[ Info: sym=x1, mem size of val=(2, 100) and (2, 100)
┌ Warning: Deprecated
└ @ IncrementalInference ~/.julia/packages/IncrementalInference/FweX2/src/FactorGraphTypes.jl:362
State machine iter=9
[ Info: Finished tree based init-inference
Test Summary:          | Pass  Total
partial constraints... |   42     42
[ Info: try doautoinit! of x1
┌ Warning: FunctorSingletonNH will be deprecated in favor of common `nullhypo=` interface.
└ @ IncrementalInference ~/.julia/packages/IncrementalInference/FweX2/src/ApproxConv.jl:273
Test Summary:      | Pass  Total
null hypothesis... |    2      2
[ Info: try doautoinit! of x1
[ Info: x1 is not initialized, and will do so now...
[ Info: try doautoinit! of x1
[ Info: init with useinitfct Symbol[:x1f1]
[ Info: do init of x1
[ Info: try doautoinit! of x2
[ Info: x2 is not initialized, and will do so now...
[ Info: try doautoinit! of x2
[ Info: init with useinitfct Symbol[:x1x2f1]
[ Info: do init of x2
[ Info: try doautoinit! of x3
[ Info: try doautoinit! of x4
Packing converters
[ Info: try doautoinit! of x1
[ Info: x1 is not initialized, and will do so now...
[ Info: try doautoinit! of x1
[ Info: init with useinitfct Symbol[:x1f1]
[ Info: do init of x1
[ Info: try doautoinit! of x2
[ Info: x2 is not initialized, and will do so now...
[ Info: try doautoinit! of x2
[ Info: init with useinitfct Symbol[:x1x2f1]
[ Info: do init of x2
[ Info: try doautoinit! of x3
[ Info: try doautoinit! of x4
[ Info: try doautoinit! of x5
Test Summary:                   | Pass  Total
standardized multihypothesis... |   32     32
[ Info: try doautoinit! of x0
[ Info: try doautoinit! of x0
[ Info: init with useinitfct Symbol[:x0f1]
[ Info: do init of x0
[ Info: try doautoinit! of x2
[ Info: try doautoinit! of x2
[ Info: init with useinitfct Symbol[:x0x2f1]
[ Info: do init of x2
[ Info: try doautoinit! of x3
[ Info: try doautoinit! of x3
[ Info: init with useinitfct Symbol[:x3f1, :x2x3f1]
[ Info: do init of x3
[ Info: [2x0p,d1,N100],
[ Info: try doautoinit! of x4
[ Info: try doautoinit! of l1
[ Info: try doautoinit! of x4
[ Info: init with useinitfct Symbol[:x3x4f1]
[ Info: do init of x4
[ Info: try doautoinit! of l1
[ Info: init with useinitfct Symbol[:x3l1f1, :x4l1f1]
[ Info: do init of l1
[ Info: [2x0p,d1,N100],
[ Info: try doautoinit! of x5
[ Info: try doautoinit! of x5
[ Info: init with useinitfct Symbol[:x4x5f1]
[ Info: do init of x5
[ Info: try doautoinit! of x6
[ Info: try doautoinit! of x6
[ Info: init with useinitfct Symbol[:x5x6f1]
[ Info: do init of x6
[ Info: try doautoinit! of x7
[ Info: try doautoinit! of x7
[ Info: init with useinitfct Symbol[:x6x7f1, :x7f1]
[ Info: do init of x7
[ Info: [2x0p,d1,N100],
[ Info: Solving over the Bayes (Junction) tree.

Building Bayes net...
[ Info: 
[ Info: Eliminating x3
[ Info: ===============
[ Info: 
Si = Symbol[:l1, :x4, :x2]
[ Info:  - Removing x3
[ Info: 
[ Info: Eliminating x4
[ Info: ===============
[ Info: 
[ Info:  - Removing x4
[ Info: Looking at l1x4x2f1
[ Info:    - Breaking link l1x4x2f1->x4...
[ Info:      - Original links: Symbol[:l1, :x4, :x2]
[ Info:      - New links: Symbol[:l1, :x2]
[ Info: l1x4x2f1 still has links to other variables, readding it back...
Si = Symbol[:l1, :x2, :x5]
[ Info: 
[ Info: Eliminating x7
[ Info: ===============
[ Info: 
[ Info:  - Removing x7
Si = Symbol[:x6]
[ Info: 
[ Info: Eliminating x0
[ Info: ===============
[ Info: 
[ Info:  - Removing x0
Si = Symbol[:x2]
[ Info: 
[ Info: Eliminating x5
[ Info: ===============
[ Info: 
[ Info:  - Removing x5
[ Info: Looking at l1x2x5f1
[ Info:    - Breaking link l1x2x5f1->x5...
[ Info:      - Original links: Symbol[:l1, :x2, :x5]
[ Info:      - New links: Symbol[:l1, :x2]
[ Info: l1x2x5f1 still has links to other variables, readding it back...
Si = Symbol[:x6, :l1, :x2]
[ Info: 
[ Info: Eliminating l1
[ Info: ===============
[ Info: 
[ Info:  - Removing l1
[ Info: Looking at l1x2f1
[ Info:    - Breaking link l1x2f1->l1...
[ Info:      - Original links: Symbol[:l1, :x2]
[ Info:      - New links: Symbol[:x2]
[ Info: l1x2f1 still has links to other variables, readding it back...
[ Info: Looking at l1x2f2
[ Info:    - Breaking link l1x2f2->l1...
[ Info:      - Original links: Symbol[:l1, :x2]
[ Info:      - New links: Symbol[:x2]
[ Info: l1x2f2 still has links to other variables, readding it back...
[ Info: Looking at x6l1x2f1
[ Info:    - Breaking link x6l1x2f1->l1...
[ Info:      - Original links: Symbol[:x6, :l1, :x2]
[ Info:      - New links: Symbol[:x6, :x2]
[ Info: x6l1x2f1 still has links to other variables, readding it back...
Si = Symbol[:x2, :x6]
[ Info: 
[ Info: Eliminating x2
[ Info: ===============
[ Info: 
[ Info:  - Removing x2
[ Info: Looking at x2x6f1
[ Info:    - Breaking link x2x6f1->x2...
[ Info:      - Original links: Symbol[:x2, :x6]
[ Info:      - New links: Symbol[:x6]
[ Info: x2x6f1 still has links to other variables, readding it back...
[ Info: Looking at x6x2f1
[ Info:    - Breaking link x6x2f1->x2...
[ Info:      - Original links: Symbol[:x6, :x2]
[ Info:      - New links: Symbol[:x6]
[ Info: x6x2f1 still has links to other variables, readding it back...
[ Info: Looking at x2f1
[ Info:    - Breaking link x2f1->x2...
[ Info:      - Original links: Symbol[:x2]
[ Info:      - New links: Symbol[]
[ Info: x2f1 doesn't have any other links, not adding it back...
[ Info: Looking at x2f3
[ Info:    - Breaking link x2f3->x2...
[ Info:      - Original links: Symbol[:x2]
[ Info:      - New links: Symbol[]
[ Info: x2f3 doesn't have any other links, not adding it back...
[ Info: Looking at x2f2
[ Info:    - Breaking link x2f2->x2...
[ Info:      - Original links: Symbol[:x2]
[ Info:      - New links: Symbol[]
[ Info: x2f2 doesn't have any other links, not adding it back...
Si = Symbol[:x6]
[ Info: 
[ Info: Eliminating x6
[ Info: ===============
[ Info: 
[ Info:  - Removing x6
[ Info: Looking at x6f4
[ Info:    - Breaking link x6f4->x6...
[ Info:      - Original links: Symbol[:x6]
[ Info:      - New links: Symbol[]
[ Info: x6f4 doesn't have any other links, not adding it back...
[ Info: Looking at x6f3
[ Info:    - Breaking link x6f3->x6...
[ Info:      - Original links: Symbol[:x6]
[ Info:      - New links: Symbol[]
[ Info: x6f3 doesn't have any other links, not adding it back...
[ Info: Looking at x6f1
[ Info:    - Breaking link x6f1->x6...
[ Info:      - Original links: Symbol[:x6]
[ Info:      - New links: Symbol[]
[ Info: x6f1 doesn't have any other links, not adding it back...
[ Info: Looking at x6f2
[ Info:    - Breaking link x6f2->x6...
[ Info:      - Original links: Symbol[:x6]
[ Info:      - New links: Symbol[]
[ Info: x6f2 doesn't have any other links, not adding it back...
Find potential functions for each clique
[ Info: Get potentials x0,: x2,
[ Info: using all factors among cliq variables
[ Info: finding all frontals for down WIP
[ Info: Get potentials x7,: x6,
[ Info: using all factors among cliq variables
[ Info: finding all frontals for down WIP
[ Info: Get potentials x3,: l1,x4,x2,
[ Info: using all factors among cliq variables
[ Info: finding all frontals for down WIP
[ Info: Get potentials x4,: l1,x2,x5,
[ Info: using all factors among cliq variables
[ Info: finding all frontals for down WIP
[ Info: cliq=4 adding factor that is no in separator, x3
[ Info: Get potentials x6,x2,l1,x5,: 
[ Info: using all factors among cliq variables
[ Info: finding all frontals for down WIP
[ Info: cliq=1 adding factor that is no in separator, x7
[ Info: cliq=1 adding factor that is no in separator, x3
[ Info: cliq=1 adding factor that is no in separator, x0
[ Info: cliq=1 adding factor that is no in separator, x3
[ Info: cliq=1 adding factor that is no in separator, x4
[ Info: cliq=1 adding factor that is no in separator, x4
Bayes Tree
[ Info: Do tree based init-inference on tree
State machine iter=1
State machine iter=2
State machine iter=3
State machine iter=4
State machine iter=1
State machine iter=2
State machine iter=3
State machine iter=4
State machine iter=5
State machine iter=6
State machine iter=7
State machine iter=8
[ Info: up w 0 msgs
State machine iter=1[ Info: ---------- successive fnc approx ------------x0,: x2,
[ Info: #1	 -- 
[ Info: ---------- successive fnc approx ------------x0,: x2,
[ Info: #1	 -- 

State machine iter=2
State machine iter=3
[ Info: [2x0p,d1,N100],
[ Info: #2	 -- 
State machine iter=4
[ Info: [2x0p,d1,N100],
State machine iter=5[ Info: #3	 -- 

[ Info: [2x0p,d1,N100],
[ Info: fmcmc! -- solverData(vert=x2).inferdim=1.0
State machine iter=6
[ Info: fmcmc! -- solverData(vert=x0).inferdim=2.0
[ Info: Outgoing msg density on: 
State machine iter=7
[ Info: prepCliqInitMsgsUp, seps=Symbol[:x2]
State machine iter=8
[ Info: up w 0 msgs
State machine iter=1[ Info: ---------- successive fnc approx ------------x7,: x6,
[ Info: #1	 -- 

[ Info: ---------- successive fnc approx ------------x7,: x6,
[ Info: #1	 -- 
State machine iter=2
State machine iter=3
[ Info: [2x0p,d1,N100],
[ Info: #2	 -- 
State machine iter=4
[ Info: [2x0p,d1,N100],
[ Info: #3	 -- 
State machine iter=9[ Info: [2x0p,d1,N100],

[ Info: fmcmc! -- solverData(vert=x6).inferdim=1.0
State machine iter=10[ Info: fmcmc! -- solverData(vert=x7).inferdim=2.0

[ Info: Outgoing msg density on: 
[ Info: prepCliqInitMsgsUp, seps=Symbol[:x6]
State machine iter=1
State machine iter=2
State machine iter=3
State machine iter=4
State machine iter=5
State machine iter=6
State machine iter=7
State machine iter=8
[ Info: up w 0 msgs
[ Info: ---------- successive fnc approx ------------x3,: l1,x4,x2,
[ Info: #1	 -- 
[ Info: ---------- successive fnc approx ------------x3,: l1,x4,x2,
[ Info: #1	 -- 
[ Info: [2x0p,d1,N100],
[ Info: [2x0p,d1,N100],
[ Info: [4x0p,d1,N100],
State machine iter=9[ Info: #2	 -- 

[ Info: [2x0p,d1,N100],
State machine iter=10[ Info: [2x0p,d1,N100],

[ Info: [4x0p,d1,N100],
[ Info: #3	 -- 
[ Info: [2x0p,d1,N100],
[ Info: [2x0p,d1,N100],
[ Info: [4x0p,d1,N100],
[ Info: fmcmc! -- solverData(vert=x2).inferdim=1.0
[ Info: fmcmc! -- solverData(vert=l1).inferdim=2.0
[ Info: fmcmc! -- solverData(vert=x4).inferdim=2.0
[ Info: fmcmc! -- solverData(vert=x3).inferdim=4.0
[ Info: Outgoing msg density on: 
[ Info: prepCliqInitMsgsUp, seps=Symbol[:l1, :x4, :x2]
State machine iter=5
State machine iter=6
State machine iter=7
State machine iter=8
[ Info: up w 1 msgs
[ Info: inp.sendmsgs[x2].inferdim=1.0
[ Info: inp.sendmsgs[x4].inferdim=2.0
State machine iter=9
State machine iter=10
[ Info: inp.sendmsgs[l1].inferdim=2.0
[ Info: ---------- successive fnc approx ------------x4,: l1,x2,x5,
[ Info: #1	 -- 
[ Info: ---------- successive fnc approx ------------x4,: l1,x2,x5,
[ Info: #1	 -- 
[ Info: fmcmc! -- solverData(vert=l1).inferdim=2.0
[ Info: fmcmc! -- solverData(vert=x2).inferdim=1.0
[ Info: ---------- successive fnc approx ------------x4,: l1,x2,x5,
[ Info: #1	 -- 
[ Info: [2x0p,d1,N100],
[ Info: #2	 -- 
[ Info: [2x0p,d1,N100],
[ Info: #3	 -- 
[ Info: [2x0p,d1,N100],
[ Info: fmcmc! -- solverData(vert=x5).inferdim=1.0
[ Info: fmcmc! -- solverData(vert=x4).inferdim=3.0
[ Info: ---------- successive fnc approx ------------x4,: l1,x2,x5,
[ Info: #1	 -- 
[ Info: Outgoing msg density on: 
[ Info: prepCliqInitMsgsUp, seps=Symbol[:l1, :x2, :x5]
State machine iter=5
State machine iter=6
[ Info: up w 3 msgs
[ Info: inp.sendmsgs[x2].inferdim=1.0
[ Info: inp.sendmsgs[x6].inferdim=1.0
[ Info: inp.sendmsgs[x2].inferdim=1.0
[ Info: inp.sendmsgs[x5].inferdim=1.0
[ Info: inp.sendmsgs[l1].inferdim=2.0
[ Info: ---------- successive fnc approx ------------x6,x2,l1,x5,: 
[ Info: #1	 -- 
[ Info: fmcmc! -- solverData(vert=l1).inferdim=2.0
[ Info: ---------- successive fnc approx ------------x6,x2,l1,x5,: 
[ Info: #1	 -- 
[ Info: [2x0p,d1,N100],
[ Info: [2x0p,d1,N100],
State machine iter=9[ Info: #2	 -- 

[ Info: [2x0p,d1,N100],
State machine iter=10[ Info: [2x0p,d1,N100],

[ Info: #3	 -- 
[ Info: [2x0p,d1,N100],
[ Info: [2x0p,d1,N100],
[ Info: fmcmc! -- solverData(vert=x6).inferdim=2.0
[ Info: fmcmc! -- solverData(vert=x5).inferdim=2.0
[ Info: ---------- successive fnc approx ------------x6,x2,l1,x5,: 
[ Info: #1	 -- 
[ Info: [2x0p,d1,N100],
[ Info: fmcmc! -- solverData(vert=x2).inferdim=2.0
[ Info: fmcmc! -- solverData(vert=l1).inferdim=2.0
[ Info: Outgoing msg density on: 
[ Info: prepCliqInitMsgsUp, seps=Symbol[]
State machine iter=7
State machine iter=8
[ Info: transferUpdateSubGraph! -- syms=Symbol[:x6, :x2, :l1, :x5]
[ Info: sym=x6, mem size of val=(1, 100) and (1, 100)
┌ Warning: Deprecated
└ @ IncrementalInference ~/.julia/packages/IncrementalInference/FweX2/src/FactorGraphTypes.jl:362
[ Info: sym=x2, mem size of val=(1, 100) and (1, 100)
┌ Warning: Deprecated
└ @ IncrementalInference ~/.julia/packages/IncrementalInference/FweX2/src/FactorGraphTypes.jl:362
[ Info: sym=l1, mem size of val=(1, 100) and (1, 100)
┌ Warning: Deprecated
└ @ IncrementalInference ~/.julia/packages/IncrementalInference/FweX2/src/FactorGraphTypes.jl:362
[ Info: sym=x5, mem size of val=(1, 100) and (1, 100)
┌ Warning: Deprecated
└ @ IncrementalInference ~/.julia/packages/IncrementalInference/FweX2/src/FactorGraphTypes.jl:362
State machine iter=11
State machine iter=11
[ Info: [2x0p,d1,N100],
State machine iter=9
[ Info: [2x0p,d1,N100],
State machine iter=11
[ Info: [3x0p,d1,N100],
State machine iter=12
State machine iter=11
State machine iter=12[ Info: [4x0p,d1,N100],

State machine iter=12
[ Info: Finished tree based init-inference
State machine iter=12
Test Summary:                                                  |
with local Graphs.jl dictionary and arrays only (multicore)... | No tests
[ Info: Folder '/tmp/dfg_test' doesn't exist, creating...
┌ Warning: Retrieving serialization module from AbstractDFG - override this in the 'GraphsDFG{SolverParams} structure! This is returning Main
└ @ DistributedFactorGraphs ~/.julia/packages/DistributedFactorGraphs/NMxiR/src/services/AbstractDFG.jl:25
┌ Warning: Retrieving serialization module from AbstractDFG - override this in the 'GraphsDFG{SolverParams} structure! This is returning Main
└ @ DistributedFactorGraphs ~/.julia/packages/DistributedFactorGraphs/NMxiR/src/services/AbstractDFG.jl:25
┌ Warning: Retrieving serialization module from AbstractDFG - override this in the 'GraphsDFG{SolverParams} structure! This is returning Main
└ @ DistributedFactorGraphs ~/.julia/packages/DistributedFactorGraphs/NMxiR/src/services/AbstractDFG.jl:25
┌ Warning: Retrieving serialization module from AbstractDFG - override this in the 'GraphsDFG{SolverParams} structure! This is returning Main
└ @ DistributedFactorGraphs ~/.julia/packages/DistributedFactorGraphs/NMxiR/src/services/AbstractDFG.jl:25
┌ Warning: Retrieving serialization module from AbstractDFG - override this in the 'GraphsDFG{SolverParams} structure! This is returning Main
└ @ DistributedFactorGraphs ~/.julia/packages/DistributedFactorGraphs/NMxiR/src/services/AbstractDFG.jl:25
┌ Warning: Retrieving serialization module from AbstractDFG - override this in the 'GraphsDFG{SolverParams} structure! This is returning Main
└ @ DistributedFactorGraphs ~/.julia/packages/DistributedFactorGraphs/NMxiR/src/services/AbstractDFG.jl:25
┌ Warning: Retrieving serialization module from AbstractDFG - override this in the 'GraphsDFG{SolverParams} structure! This is returning Main
└ @ DistributedFactorGraphs ~/.julia/packages/DistributedFactorGraphs/NMxiR/src/services/AbstractDFG.jl:25
┌ Warning: Retrieving serialization module from AbstractDFG - override this in the 'GraphsDFG{SolverParams} structure! This is returning Main
└ @ DistributedFactorGraphs ~/.julia/packages/DistributedFactorGraphs/NMxiR/src/services/AbstractDFG.jl:25
[ Info: Loaded 8 variables - Symbol[:l1, :x0, :x2, :x3, :x4, :x5, :x6, :x7]
[ Info: Inserting variables into graph...
[ Info: Loaded 8 factors - Symbol[:x0f1, :x0x2f1, :x2x3f1, :x3f1, :x3l1f1, :x3x4f1, :x4l1f1, :x4x5f1, :x5x6f1, :x6x7f1, :x7f1]
[ Info: Inserting factors into graph...
[ Info: Rebuilding CCW's for the factors...
Test Summary:                      | Pass  Total
saving to and loading from FileDFG |    2      2
┌ Warning: must return testExpandedJLD.jl to testing -- currently skipped since jld2 files cannot be loaded.
└ @ Main ~/.julia/packages/IncrementalInference/FweX2/test/runtests.jl:75
[ Info: try doautoinit! of x1
[ Info: try doautoinit! of x1
[ Info: init with useinitfct Symbol[:x1f1]
[ Info: do init of x1
[ Info: try doautoinit! of x2
[ Info: try doautoinit! of x2
[ Info: init with useinitfct Symbol[:x1x2f1]
[ Info: do init of x2
[ Info: try doautoinit! of x3
[ Info: try doautoinit! of x3
[ Info: init with useinitfct Symbol[:x2x3f1]
[ Info: do init of x3
[ Info: try doautoinit! of x4
[ Info: try doautoinit! of l1
[ Info: try doautoinit! of l1
[ Info: init with useinitfct Symbol[:x1l1f1, :x2l1f1]
[ Info: do init of l1
[ Info: [2x0p,d1,N100],
[ Info: try doautoinit! of l2
[ Info: try doautoinit! of l2
[ Info: init with useinitfct Symbol[:x2l2f1, :x3l2f1]
[ Info: do init of l2
[ Info: [2x0p,d1,N100],
[ Info: try doautoinit! of x4
[ Info: init with useinitfct Symbol[:x4l2f1, :x3x4f1]
[ Info: do init of x4
[ Info: [2x0p,d1,N100],

Building Bayes net...
Si = Symbol[:x3, :x1, :l2, :l1]
Si = Symbol[:x4, :x1, :l2, :l1]
[ Info: 
[ Info: Eliminating x2
[ Info: ===============
[ Info: 
[ Info:  - Removing x2
[ Info: 
[ Info: Eliminating x3
[ Info: ===============
[ Info: 
[ Info:  - Removing x3
[ Info: Looking at x3x1l2l1f1
[ Info:    - Breaking link x3x1l2l1f1->x3...
[ Info:      - Original links: Symbol[:x3, :x1, :l2, :l1]
[ Info:      - New links: Symbol[:x1, :l2, :l1]
[ Info: x3x1l2l1f1 still has links to other variables, readding it back...
[ Info: 
[ Info: Eliminating x1
[ Info: ===============
[ Info: 
[ Info:  - Removing x1
[ Info: Looking at x1l2l1f1
[ Info:    - Breaking link x1l2l1f1->x1...
[ Info:      - Original links: Symbol[:x1, :l2, :l1]
[ Info:      - New links: Symbol[:l2, :l1]
[ Info: x1l2l1f1 still has links to other variables, readding it back...
[ Info: Looking at x4x1l2l1f1
[ Info:    - Breaking link x4x1l2l1f1->x1...
[ Info:      - Original links: Symbol[:x4, :x1, :l2, :l1]
[ Info:      - New links: Symbol[:x4, :l2, :l1]
[ Info: x4x1l2l1f1 still has links to other variables, readding it back...
Si = Symbol[:l2, :l1, :x4]
[ Info: 
[ Info: Eliminating l2
[ Info: ===============
[ Info: 
[ Info:  - Removing l2
[ Info: Looking at x4l2l1f1
[ Info:    - Breaking link x4l2l1f1->l2...
[ Info:      - Original links: Symbol[:x4, :l2, :l1]
[ Info:      - New links: Symbol[:x4, :l1]
[ Info: x4l2l1f1 still has links to other variables, readding it back...
[ Info: Looking at l2l1x4f1
[ Info:    - Breaking link l2l1x4f1->l2...
[ Info:      - Original links: Symbol[:l2, :l1, :x4]
[ Info:      - New links: Symbol[:l1, :x4]
[ Info: l2l1x4f1 still has links to other variables, readding it back...
[ Info: Looking at l2l1f1
[ Info:    - Breaking link l2l1f1->l2...
[ Info:      - Original links: Symbol[:l2, :l1]
[ Info:      - New links: Symbol[:l1]
[ Info: l2l1f1 still has links to other variables, readding it back...
[ Info: 
[ Info: Eliminating l1
[ Info: ===============
[ Info: 
[ Info:  - Removing l1
[ Info: Looking at l1f1
[ Info:    - Breaking link l1f1->l1...
[ Info:      - Original links: Symbol[:l1]
[ Info:      - New links: Symbol[]
[ Info: l1f1 doesn't have any other links, not adding it back...
[ Info: Looking at x4l1f2
[ Info:    - Breaking link x4l1f2->l1...
[ Info:      - Original links: Symbol[:x4, :l1]
[ Info:      - New links: Symbol[:x4]
[ Info: x4l1f2 still has links to other variables, readding it back...
[ Info: Looking at l1x4f1
[ Info:    - Breaking link l1x4f1->l1...
[ Info:      - Original links: Symbol[:l1, :x4]
[ Info:      - New links: Symbol[:x4]
[ Info: l1x4f1 still has links to other variables, readding it back...
[ Info: Looking at x4l1f1
[ Info:    - Breaking link x4l1f1->l1...
[ Info:      - Original links: Symbol[:x4, :l1]
[ Info:      - New links: Symbol[:x4]
[ Info: x4l1f1 still has links to other variables, readding it back...
[ Info: 
[ Info: Eliminating x4
[ Info: ===============
[ Info: 
[ Info:  - Removing x4
[ Info: Looking at x4f4
[ Info:    - Breaking link x4f4->x4...
[ Info:      - Original links: Symbol[:x4]
[ Info:      - New links: Symbol[]
[ Info: x4f4 doesn't have any other links, not adding it back...
[ Info: Looking at x4f3
[ Info:    - Breaking link x4f3->x4...
[ Info:      - Original links: Symbol[:x4]
[ Info:      - New links: Symbol[]
[ Info: x4f3 doesn't have any other links, not adding it back...
[ Info: Looking at x4f2
Si = Symbol[:x4, :l1]
Si = Symbol[:x4]
[ Info:    - Breaking link x4f2->x4...
[ Info:      - Original links: Symbol[:x4]
[ Info:      - New links: Symbol[]
[ Info: x4f2 doesn't have any other links, not adding it back...
[ Info: Looking at x4f1
[ Info:    - Breaking link x4f1->x4...
[ Info:      - Original links: Symbol[:x4]
[ Info:      - New links: Symbol[]
[ Info: x4f1 doesn't have any other links, not adding it back...
[ Info: Get potentials x2,: x3,x1,l2,l1,
[ Info: using all factors among cliq variables
[ Info: finding all frontals for down WIP
[ Info: Get potentials x4,l1,l2,x1,x3,: 
[ Info: using all factors among cliq variables
[ Info: finding all frontals for down WIP
[ Info: cliq=1 adding factor that is no in separator, x2
[ Info: cliq=1 adding factor that is no in separator, x2
[ Info: cliq=1 adding factor that is no in separator, x2
[ Info: cliq=1 adding factor that is no in separator, x2
Find potential functions for each clique
Bayes Tree
┌ Warning: Base.IOError("could not spawn `dot2tex -tmath --preproc /root/.julia/packages/IncrementalInference/FweX2/test/tmp/bt.dot -o /root/.julia/packages/IncrementalInference/FweX2/test/tmp/btproc.dot`: no such file or directory (ENOENT)", -2)
└ @ IncrementalInference ~/.julia/packages/IncrementalInference/FweX2/src/JunctionTree.jl:331
stacktrace() = Base.StackTraces.StackFrame[macro expansion at show.jl:562 [inlined], #generateTexTree#96(::String, ::typeof(generateTexTree), ::BayesTree) at JunctionTree.jl:332, (::IncrementalInference.var"#kw##generateTexTree")(::NamedTuple{(:filepath,),Tuple{String}}, ::typeof(generateTexTree), ::BayesTree) at none:0, top-level scope at testTexTreeIllustration.jl:47, top-level scope at Test.jl:1107, top-level scope at testTexTreeIllustration.jl:14, include at boot.jl:328 [inlined], include_relative(::Module, ::String) at loading.jl:1105, include(::Module, ::String) at Base.jl:31, include(::String) at client.jl:424, top-level scope at runtests.jl:79, include at boot.jl:328 [inlined], include_relative(::Module, ::String) at loading.jl:1105, include(::Module, ::String) at Base.jl:31, include(::String) at client.jl:424, top-level scope at none:6, eval(::Module, ::Any) at boot.jl:330, exec_options(::Base.JLOptions) at client.jl:263, _start() at client.jl:460]
Test Summary:           | Pass  Total
testing generateTexTree |    1      1
   Testing IncrementalInference tests passed 
