 Resolving package versions...
 Installed CoordinateTransformations ─── v0.5.0
 Installed ColorTypes ────────────────── v0.8.0
 Installed KernelDensityEstimate ─────── v0.5.2
 Installed DataStructures ────────────── v0.17.6
 Installed Colors ────────────────────── v0.9.6
 Installed IncrementalInference ──────── v0.8.2
 Installed Optim ─────────────────────── v0.19.5
 Installed LightGraphs ───────────────── v1.3.0
 Installed NaNMath ───────────────────── v0.3.3
 Installed QuadGK ────────────────────── v2.1.1
 Installed SpecialFunctions ──────────── v0.8.0
 Installed Tables ────────────────────── v0.2.11
 Installed MbedTLS ───────────────────── v0.7.0
 Installed Compat ────────────────────── v2.2.0
 Installed Compose ───────────────────── v0.7.3
 Installed DataFrames ────────────────── v0.19.4
 Installed StaticArrays ──────────────── v0.12.1
 Installed BinDeps ───────────────────── v0.8.10
 Installed Graphs ────────────────────── v0.10.3
 Installed IterTools ─────────────────── v1.3.0
 Installed DiffResults ───────────────── v0.0.4
 Installed FixedPointNumbers ─────────── v0.6.1
 Installed MacroTools ────────────────── v0.5.2
 Installed GraphPlot ─────────────────── v0.3.1
 Installed Inflate ───────────────────── v0.1.1
 Installed StatsBase ─────────────────── v0.32.0
 Installed ForwardDiff ───────────────── v0.10.7
 Installed FillArrays ────────────────── v0.8.2
 Installed Arpack ────────────────────── v0.3.1
 Installed LineSearches ──────────────── v7.0.1
 Installed FileIO ────────────────────── v1.1.0
 Installed HTTP ──────────────────────── v0.8.8
 Installed CodecZlib ─────────────────── v0.6.0
 Installed URIParser ─────────────────── v0.4.0
 Installed Calculus ──────────────────── v0.5.1
 Installed CommonSubexpressions ──────── v0.2.0
 Installed Missings ──────────────────── v0.4.3
 Installed TableTraits ───────────────── v1.0.0
 Installed PooledArrays ──────────────── v0.5.2
 Installed DocStringExtensions ───────── v0.8.1
 Installed Neo4j ─────────────────────── v2.0.0
 Installed BinaryProvider ────────────── v0.5.8
 Installed ProgressMeter ─────────────── v1.2.0
 Installed Parameters ────────────────── v0.12.0
 Installed StatsFuns ─────────────────── v0.9.0
 Installed Rotations ─────────────────── v0.12.0
 Installed NLSolversBase ─────────────── v7.5.0
 Installed Rmath ─────────────────────── v0.5.1
 Installed InvertedIndices ───────────── v1.0.0
 Installed TranscodingStreams ────────── v0.9.5
 Installed DiffRules ─────────────────── v0.1.0
 Installed Measures ──────────────────── v0.3.0
 Installed Requires ──────────────────── v0.5.2
 Installed ArrayInterface ────────────── v2.0.0
 Installed DistributedFactorGraphs ───── v0.5.1
 Installed Distances ─────────────────── v0.8.2
 Installed IniFile ───────────────────── v0.5.0
 Installed SimpleTraits ──────────────── v0.9.1
 Installed DataValueInterfaces ───────── v1.0.0
 Installed FunctionalStateMachine ────── v0.1.3
 Installed PositiveFactorizations ────── v0.2.3
 Installed DataAPI ───────────────────── v1.1.0
 Installed CategoricalArrays ─────────── v0.7.3
 Installed IteratorInterfaceExtensions ─ v1.0.0
 Installed Reexport ──────────────────── v0.2.0
 Installed Distributions ─────────────── v0.21.9
 Installed JSON ──────────────────────── v0.21.0
 Installed JLD2 ──────────────────────── v0.1.9
 Installed ArnoldiMethod ─────────────── v0.0.4
 Installed OrderedCollections ────────── v1.1.0
 Installed Parsers ───────────────────── v0.3.10
 Installed ApproxManifoldProducts ────── v0.1.2
 Installed PDMats ────────────────────── v0.9.10
 Installed SortingAlgorithms ─────────── v0.3.1
 Installed DiffEqDiffTools ───────────── v1.5.0
 Installed JSON2 ─────────────────────── v0.3.1
 Installed TransformUtils ────────────── v0.2.2
 Installed NLsolve ───────────────────── v4.2.0
  Updating `~/.julia/environments/v1.3/Project.toml`
  [904591bb] + IncrementalInference v0.8.2
  Updating `~/.julia/environments/v1.3/Manifest.toml`
  [9bbbb610] + ApproxManifoldProducts v0.1.2
  [ec485272] + ArnoldiMethod v0.0.4
  [7d9fca2a] + Arpack v0.3.1
  [4fba245c] + ArrayInterface v2.0.0
  [9e28174c] + BinDeps v0.8.10
  [b99e7846] + BinaryProvider v0.5.8
  [49dc2e85] + Calculus v0.5.1
  [324d7699] + CategoricalArrays v0.7.3
  [944b1d66] + CodecZlib v0.6.0
  [3da002f7] + ColorTypes v0.8.0
  [5ae59095] + Colors v0.9.6
  [bbf7d656] + CommonSubexpressions v0.2.0
  [34da2185] + Compat v2.2.0
  [a81c6b42] + Compose v0.7.3
  [150eb455] + CoordinateTransformations v0.5.0
  [9a962f9c] + DataAPI v1.1.0
  [a93c6f00] + DataFrames v0.19.4
  [864edb3b] + DataStructures v0.17.6
  [e2d170a0] + DataValueInterfaces v1.0.0
  [01453d9d] + DiffEqDiffTools v1.5.0
  [163ba53b] + DiffResults v0.0.4
  [b552c78f] + DiffRules v0.1.0
  [b4f34e82] + Distances v0.8.2
  [b5cc3c7e] + DistributedFactorGraphs v0.5.1
  [31c24e10] + Distributions v0.21.9
  [ffbed154] + DocStringExtensions v0.8.1
  [5789e2e9] + FileIO v1.1.0
  [1a297f60] + FillArrays v0.8.2
  [53c48c17] + FixedPointNumbers v0.6.1
  [f6369f11] + ForwardDiff v0.10.7
  [3e9e306e] + FunctionalStateMachine v0.1.3
  [a2cc645c] + GraphPlot v0.3.1
  [86223c79] + Graphs v0.10.3
  [cd3eb016] + HTTP v0.8.8
  [904591bb] + IncrementalInference v0.8.2
  [d25df0c9] + Inflate v0.1.1
  [83e8ac13] + IniFile v0.5.0
  [41ab1584] + InvertedIndices v1.0.0
  [c8e1da08] + IterTools v1.3.0
  [82899510] + IteratorInterfaceExtensions v1.0.0
  [033835bb] + JLD2 v0.1.9
  [682c06a0] + JSON v0.21.0
  [2535ab7d] + JSON2 v0.3.1
  [2472808a] + KernelDensityEstimate v0.5.2
  [093fc24a] + LightGraphs v1.3.0
  [d3d80556] + LineSearches v7.0.1
  [1914dd2f] + MacroTools v0.5.2
  [739be429] + MbedTLS v0.7.0
  [442fdcdd] + Measures v0.3.0
  [e1d29d7a] + Missings v0.4.3
  [d41bc354] + NLSolversBase v7.5.0
  [2774e3e8] + NLsolve v4.2.0
  [77ba4419] + NaNMath v0.3.3
  [d2adbeaf] + Neo4j v2.0.0
  [429524aa] + Optim v0.19.5
  [bac558e1] + OrderedCollections v1.1.0
  [90014a1f] + PDMats v0.9.10
  [d96e819e] + Parameters v0.12.0
  [69de0a69] + Parsers v0.3.10
  [2dfb63ee] + PooledArrays v0.5.2
  [85a6dd25] + PositiveFactorizations v0.2.3
  [92933f4c] + ProgressMeter v1.2.0
  [1fd47b50] + QuadGK v2.1.1
  [189a3867] + Reexport v0.2.0
  [ae029012] + Requires v0.5.2
  [79098fc4] + Rmath v0.5.1
  [6038ab10] + Rotations v0.12.0
  [699a6c99] + SimpleTraits v0.9.1
  [a2af1166] + SortingAlgorithms v0.3.1
  [276daf66] + SpecialFunctions v0.8.0
  [90137ffa] + StaticArrays v0.12.1
  [2913bbd2] + StatsBase v0.32.0
  [4c63d2b9] + StatsFuns v0.9.0
  [3783bdb8] + TableTraits v1.0.0
  [bd369af6] + Tables v0.2.11
  [3bb67fe8] + TranscodingStreams v0.9.5
  [9b8138ad] + TransformUtils v0.2.2
  [30578b45] + URIParser v0.4.0
  [2a0f44e3] + Base64 
  [ade2ca70] + Dates 
  [8bb1440f] + DelimitedFiles 
  [8ba89e20] + Distributed 
  [9fa8497b] + Future 
  [b77e0a4c] + InteractiveUtils 
  [76f85450] + LibGit2 
  [8f399da3] + Libdl 
  [37e2e46d] + LinearAlgebra 
  [56ddb016] + Logging 
  [d6f4376e] + Markdown 
  [a63ad114] + Mmap 
  [44cfe95a] + Pkg 
  [de0858da] + Printf 
  [9abbd945] + Profile 
  [3fa0cd96] + REPL 
  [9a3f8284] + Random 
  [ea8e919c] + SHA 
  [9e88b42a] + Serialization 
  [1a1011a3] + SharedArrays 
  [6462fe0b] + Sockets 
  [2f01184e] + SparseArrays 
  [10745b16] + Statistics 
  [4607b0f0] + SuiteSparse 
  [8dfed614] + Test 
  [cf7118a7] + UUIDs 
  [4ec0a83e] + Unicode 
  Building MbedTLS ─────────→ `~/.julia/packages/MbedTLS/a1JFn/deps/build.log`
  Building SpecialFunctions → `~/.julia/packages/SpecialFunctions/ne2iw/deps/build.log`
  Building Arpack ──────────→ `~/.julia/packages/Arpack/cu5By/deps/build.log`
  Building CodecZlib ───────→ `~/.julia/packages/CodecZlib/5t9zO/deps/build.log`
  Building Rmath ───────────→ `~/.julia/packages/Rmath/4wt82/deps/build.log`
   Testing IncrementalInference
 Resolving package versions...
    Status `/tmp/jl_HAEDpB/Manifest.toml`
  [9bbbb610] ApproxManifoldProducts v0.1.2
  [ec485272] ArnoldiMethod v0.0.4
  [7d9fca2a] Arpack v0.3.1
  [4fba245c] ArrayInterface v2.0.0
  [9e28174c] BinDeps v0.8.10
  [b99e7846] BinaryProvider v0.5.8
  [49dc2e85] Calculus v0.5.1
  [324d7699] CategoricalArrays v0.7.3
  [944b1d66] CodecZlib v0.6.0
  [3da002f7] ColorTypes v0.8.0
  [5ae59095] Colors v0.9.6
  [bbf7d656] CommonSubexpressions v0.2.0
  [34da2185] Compat v2.2.0
  [a81c6b42] Compose v0.7.3
  [150eb455] CoordinateTransformations v0.5.0
  [9a962f9c] DataAPI v1.1.0
  [a93c6f00] DataFrames v0.19.4
  [864edb3b] DataStructures v0.17.6
  [e2d170a0] DataValueInterfaces v1.0.0
  [01453d9d] DiffEqDiffTools v1.5.0
  [163ba53b] DiffResults v0.0.4
  [b552c78f] DiffRules v0.1.0
  [b4f34e82] Distances v0.8.2
  [b5cc3c7e] DistributedFactorGraphs v0.5.1
  [31c24e10] Distributions v0.21.9
  [ffbed154] DocStringExtensions v0.8.1
  [5789e2e9] FileIO v1.1.0
  [1a297f60] FillArrays v0.8.2
  [53c48c17] FixedPointNumbers v0.6.1
  [f6369f11] ForwardDiff v0.10.7
  [3e9e306e] FunctionalStateMachine v0.1.3
  [a2cc645c] GraphPlot v0.3.1
  [86223c79] Graphs v0.10.3
  [cd3eb016] HTTP v0.8.8
  [904591bb] IncrementalInference v0.8.2
  [d25df0c9] Inflate v0.1.1
  [83e8ac13] IniFile v0.5.0
  [41ab1584] InvertedIndices v1.0.0
  [c8e1da08] IterTools v1.3.0
  [82899510] IteratorInterfaceExtensions v1.0.0
  [033835bb] JLD2 v0.1.9
  [682c06a0] JSON v0.21.0
  [2535ab7d] JSON2 v0.3.1
  [2472808a] KernelDensityEstimate v0.5.2
  [093fc24a] LightGraphs v1.3.0
  [d3d80556] LineSearches v7.0.1
  [1914dd2f] MacroTools v0.5.2
  [739be429] MbedTLS v0.7.0
  [442fdcdd] Measures v0.3.0
  [e1d29d7a] Missings v0.4.3
  [d41bc354] NLSolversBase v7.5.0
  [2774e3e8] NLsolve v4.2.0
  [77ba4419] NaNMath v0.3.3
  [d2adbeaf] Neo4j v2.0.0
  [429524aa] Optim v0.19.5
  [bac558e1] OrderedCollections v1.1.0
  [90014a1f] PDMats v0.9.10
  [d96e819e] Parameters v0.12.0
  [69de0a69] Parsers v0.3.10
  [2dfb63ee] PooledArrays v0.5.2
  [85a6dd25] PositiveFactorizations v0.2.3
  [92933f4c] ProgressMeter v1.2.0
  [1fd47b50] QuadGK v2.1.1
  [189a3867] Reexport v0.2.0
  [ae029012] Requires v0.5.2
  [79098fc4] Rmath v0.5.1
  [6038ab10] Rotations v0.12.0
  [699a6c99] SimpleTraits v0.9.1
  [a2af1166] SortingAlgorithms v0.3.1
  [276daf66] SpecialFunctions v0.8.0
  [90137ffa] StaticArrays v0.12.1
  [2913bbd2] StatsBase v0.32.0
  [4c63d2b9] StatsFuns v0.9.0
  [3783bdb8] TableTraits v1.0.0
  [bd369af6] Tables v0.2.11
  [3bb67fe8] TranscodingStreams v0.9.5
  [9b8138ad] TransformUtils v0.2.2
  [30578b45] URIParser v0.4.0
  [2a0f44e3] Base64  [`@stdlib/Base64`]
  [ade2ca70] Dates  [`@stdlib/Dates`]
  [8bb1440f] DelimitedFiles  [`@stdlib/DelimitedFiles`]
  [8ba89e20] Distributed  [`@stdlib/Distributed`]
  [9fa8497b] Future  [`@stdlib/Future`]
  [b77e0a4c] InteractiveUtils  [`@stdlib/InteractiveUtils`]
  [76f85450] LibGit2  [`@stdlib/LibGit2`]
  [8f399da3] Libdl  [`@stdlib/Libdl`]
  [37e2e46d] LinearAlgebra  [`@stdlib/LinearAlgebra`]
  [56ddb016] Logging  [`@stdlib/Logging`]
  [d6f4376e] Markdown  [`@stdlib/Markdown`]
  [a63ad114] Mmap  [`@stdlib/Mmap`]
  [44cfe95a] Pkg  [`@stdlib/Pkg`]
  [de0858da] Printf  [`@stdlib/Printf`]
  [9abbd945] Profile  [`@stdlib/Profile`]
  [3fa0cd96] REPL  [`@stdlib/REPL`]
  [9a3f8284] Random  [`@stdlib/Random`]
  [ea8e919c] SHA  [`@stdlib/SHA`]
  [9e88b42a] Serialization  [`@stdlib/Serialization`]
  [1a1011a3] SharedArrays  [`@stdlib/SharedArrays`]
  [6462fe0b] Sockets  [`@stdlib/Sockets`]
  [2f01184e] SparseArrays  [`@stdlib/SparseArrays`]
  [10745b16] Statistics  [`@stdlib/Statistics`]
  [4607b0f0] SuiteSparse  [`@stdlib/SuiteSparse`]
  [8dfed614] Test  [`@stdlib/Test`]
  [cf7118a7] UUIDs  [`@stdlib/UUIDs`]
  [4ec0a83e] Unicode  [`@stdlib/Unicode`]
[ Info: Multithreaded  convolutions possible, Threads.nthreads()=1.  See `addFactor!(.;threadmodel=MultiThreaded)`.
[ Info: KernelDensityEstimate.FORCE_EVAL_DIRECT = true
WARNING: Method definition (::Type{DistributedFactorGraphs.VariableNodeData{T} where T<:DistributedFactorGraphs.InferenceVariable})(Array{Float64, 2}, Array{Float64, 2}, Array{Symbol, 1}, Array{Int64, 1}, Int64, Bool, Symbol, Array{Symbol, 1}, T<:DistributedFactorGraphs.InferenceVariable, Bool, Float64, Bool, Bool, Int64) where {T<:DistributedFactorGraphs.InferenceVariable} in module DistributedFactorGraphs at /root/.julia/packages/DistributedFactorGraphs/NMxiR/src/entities/DFGVariable.jl:11 overwritten at /root/.julia/packages/DistributedFactorGraphs/NMxiR/src/entities/DFGVariable.jl:41.
  ** incremental compilation may be fatally broken for this module **

WARNING: Method definition (::Type{DistributedFactorGraphs.VariableNodeData{T} where T<:DistributedFactorGraphs.InferenceVariable})(Array{Float64, 2}, Array{Float64, 2}, Array{Symbol, 1}, Array{Int64, 1}, Int64, Bool, Symbol, Array{Symbol, 1}, T<:DistributedFactorGraphs.InferenceVariable, Bool, Float64, Bool, Bool, Int64) where {T<:DistributedFactorGraphs.InferenceVariable} in module DistributedFactorGraphs at /root/.julia/packages/DistributedFactorGraphs/NMxiR/src/entities/DFGVariable.jl:11 overwritten at /root/.julia/packages/DistributedFactorGraphs/NMxiR/src/entities/DFGVariable.jl:41.
  ** incremental compilation may be fatally broken for this module **

[ Info: KernelDensityEstimate.FORCE_EVAL_DIRECT = true
[ Info: Adding graph visualization tools.
evalPotential sees SecondType(1)
evalPotential also sees SecondAgain(3)
evalPotential sees SecondType(1)
evalPotential sees SecondType(1)
evalPotential also sees SecondAgain(3)
Check the speed is reasonable
Test Summary:                  | Pass  Total
out of module evalPotential... |    3      3
State machine iter=1
do foo!
State machine iter=2
do bar!
State machine iter=3
do foo!
do bar!
do foo!
do foo!
State machine iter=1
do bar!
State machine iter=2
Test Summary:                       | Pass  Total
Test IIF's generic state machine... |    5      5
[ Info: try doautoinit! of x0
[ Info: try doautoinit! of x0
[ Info: init with useinitfct Symbol[:x0f1]
[ Info: do init of x0
[ Info: try doautoinit! of x1
[ Info: x1
[ Info: x0
[ Info: x1
[ Info: x0
┌ Warning: compareFactorGraphs will skip comparisons on: Symbol[:g, :bn, :IDs, :fIDs, :id, :nodeIDs, :factorIDs, :fifo, :solverParams]
└ @ DistributedFactorGraphs ~/.julia/packages/DistributedFactorGraphs/NMxiR/src/services/CompareUtils.jl:317
[ Info: x1
[ Info: x0
┌ Warning: compareFactorGraphs will skip comparisons on: Symbol[:g, :bn, :IDs, :fIDs, :id, :nodeIDs, :factorIDs, :fifo, :solverParams]
└ @ DistributedFactorGraphs ~/.julia/packages/DistributedFactorGraphs/NMxiR/src/services/CompareUtils.jl:317
[ Info: x1
[ Info: x0
[ Info: Solving over the Bayes (Junction) tree.

Building Bayes net...
[ Info: 
[ Info: Eliminating x0
[ Info: ===============
[ Info: 
[ Info:  - Removing x0
Si = Symbol[:x1]
[ Info: 
[ Info: Eliminating x1
[ Info: ===============
[ Info: 
[ Info:  - Removing x1
[ Info: Looking at x1f1
[ Info:    - Breaking link x1f1->x1...
[ Info:      - Original links: Symbol[:x1]
[ Info:      - New links: Symbol[]
[ Info: x1f1 doesn't have any other links, not adding it back...
Find potential functions for each clique
[ Info: Get potentials x1,x0,: 
[ Info: using all factors among cliq variables
[ Info: finding all frontals for down WIP
Bayes Tree
[ Info: Do tree based init-inference on tree
State machine iter=1
State machine iter=2
State machine iter=3
State machine iter=4
State machine iter=5
State machine iter=6
[ Info: up w 0 msgs
[ Info: ---------- successive fnc approx ------------x1,x0,: 
[ Info: #1	 -- 
[ Info: ---------- successive fnc approx ------------x1,x0,: 
[ Info: #1	 -- 
[ Info: [2x0p,d1,N100],
[ Info: #2	 -- 
[ Info: [2x0p,d1,N100],
[ Info: #3	 -- 
[ Info: [2x0p,d1,N100],
[ Info: fmcmc! -- solverData(vert=x1).inferdim=1.0
[ Info: fmcmc! -- solverData(vert=x0).inferdim=2.0
[ Info: Outgoing msg density on: 
[ Info: prepCliqInitMsgsUp, seps=Symbol[]
State machine iter=7
State machine iter=8
[ Info: transferUpdateSubGraph! -- syms=Symbol[:x1, :x0]
[ Info: sym=x1, mem size of val=(1, 100) and (1, 100)
┌ Warning: Deprecated
└ @ IncrementalInference ~/.julia/packages/IncrementalInference/FweX2/src/FactorGraphTypes.jl:362
[ Info: sym=x0, mem size of val=(1, 100) and (1, 100)
┌ Warning: Deprecated
└ @ IncrementalInference ~/.julia/packages/IncrementalInference/FweX2/src/FactorGraphTypes.jl:362
State machine iter=9
[ Info: Finished tree based init-inference
[ Info: x1
[ Info: x0
┌ Warning: compareFactorGraphs will skip comparisons on: Symbol[:g, :bn, :IDs, :fIDs, :id, :nodeIDs, :factorIDs, :fifo, :solverParams]
└ @ DistributedFactorGraphs ~/.julia/packages/DistributedFactorGraphs/NMxiR/src/services/CompareUtils.jl:317
[ Info: x1
[ Info: x0
┌ Warning: compareFactorGraphs will skip comparisons on: Symbol[:g, :bn, :IDs, :fIDs, :id, :nodeIDs, :factorIDs, :fifo, :solverParams]
└ @ DistributedFactorGraphs ~/.julia/packages/DistributedFactorGraphs/NMxiR/src/services/CompareUtils.jl:317
[ Info: x1
[ Info: x0
[ Info: x1 is not initialized, and will do so now...
[ Info: try doautoinit! of x1
[ Info: init with useinitfct Symbol[:x0x1f1]
[ Info: do init of x1
[ Info: x1
[ Info: x0
[ Info: x1
[ Info: x0

Building Bayes net...
[ Info: 
[ Info: Eliminating x0
[ Info: ===============
[ Info: 
[ Info:  - Removing x0
Si = Symbol[:x1]
[ Info: 
[ Info: Eliminating x1
[ Info: ===============
[ Info: 
[ Info:  - Removing x1
[ Info: Looking at x1f1
[ Info:    - Breaking link x1f1->x1...
[ Info:      - Original links: Symbol[:x1]
[ Info:      - New links: Symbol[]
[ Info: x1f1 doesn't have any other links, not adding it back...
Find potential functions for each clique
[ Info: Get potentials x1,x0,: 
[ Info: using all factors among cliq variables
[ Info: finding all frontals for down WIP
Bayes Tree
┌ Warning: compareFactorGraphs will skip comparisons on: Symbol[:g, :bn, :IDs, :fIDs, :id, :nodeIDs, :factorIDs, :fifo, :solverParams, :initialized, :inferdim, :estimateDict]
└ @ DistributedFactorGraphs ~/.julia/packages/DistributedFactorGraphs/NMxiR/src/services/CompareUtils.jl:317
[ Info: x1
[ Info: x0
Test Summary:                                          | Pass  Total
testing compare functions for variables and factors... |   21     21
[ Info: try doautoinit! of x0
[ Info: try doautoinit! of x0
[ Info: init with useinitfct Symbol[:x0f1]
[ Info: do init of x0
[ Info: try doautoinit! of x1
[ Info: try doautoinit! of x1
[ Info: init with useinitfct Symbol[:x0x1f1]
[ Info: do init of x1
[ Info: try doautoinit! of x2
[ Info: try doautoinit! of l1
┌ Warning: compareFactorGraphs will skip comparisons on: Symbol[:g, :bn, :IDs, :fIDs, :id, :nodeIDs, :factorIDs, :fifo, :solverParams, :labelDict, :addHistory, :logpath]
└ @ DistributedFactorGraphs ~/.julia/packages/DistributedFactorGraphs/NMxiR/src/services/CompareUtils.jl:317
[ Info: x1
[ Info: x0
Test Summary:              | Pass  Total
test subgraph functions... |    1      1
Test Summary:                               | Pass  Total
Ensure memory return is working properly... |    1      1
Test Summary:   | Pass  Total
test the basics |    2      2
[ Info: try doautoinit! of x0
maniT = if length(manifolds) < x
        ([manifolds[1] for i = 1:x]...,)
    else
        manifolds
    end = (:Euclid, :Euclid)
[ Info: try doautoinit! of x1
Test Summary:                             | Pass  Total
testing basic partial factor functions... |    2      2
[ Info: try doautoinit! of x1
[ Info: try doautoinit! of x1
[ Info: init with useinitfct Symbol[:x1f1]
[ Info: do init of x1
[ Info: try doautoinit! of x2
[ Info: try doautoinit! of x2
[ Info: init with useinitfct Symbol[:x1x2f1]
[ Info: do init of x2
[ Info: try doautoinit! of x3
[ Info: try doautoinit! of l1
[ Info: try doautoinit! of l1
[ Info: init with useinitfct Symbol[:x2l1f1, :x1l1f1]
[ Info: do init of l1
[ Info: [2x0p,d1,N100],
[ Info: try doautoinit! of x3
[ Info: init with useinitfct Symbol[:x2x3f1]
[ Info: do init of x3
[ Info: try doautoinit! of l2

Building Bayes net...
[ Info: 
[ Info: Eliminating l1
[ Info: ===============
[ Info: 
[ Info:  - Removing l1
Si = Symbol[:x2, :x1]
[ Info: 
[ Info: Eliminating l2
[ Info: ===============
[ Info: 
[ Info:  - Removing l2
Si = Symbol[:x3]
[ Info: 
[ Info: Eliminating x1
[ Info: ===============
[ Info: 
[ Info:  - Removing x1
[ Info: Looking at x2x1f1
[ Info:    - Breaking link x2x1f1->x1...
[ Info:      - Original links: Symbol[:x2, :x1]
[ Info:      - New links: Symbol[:x2]
[ Info: x2x1f1 still has links to other variables, readding it back...
Si = Symbol[:x2]
[ Info: 
[ Info: Eliminating x2
[ Info: ===============
[ Info: 
[ Info:  - Removing x2
[ Info: Looking at x2f1
[ Info:    - Breaking link x2f1->x2...
[ Info:      - Original links: Symbol[:x2]
[ Info:      - New links: Symbol[]
[ Info: x2f1 doesn't have any other links, not adding it back...
[ Info: Looking at x2f2
Si = Symbol[:x3]
[ Info:    - Breaking link x2f2->x2...
[ Info:      - Original links: Symbol[:x2]
[ Info:      - New links: Symbol[]
[ Info: x2f2 doesn't have any other links, not adding it back...
[ Info: 
[ Info: Eliminating x3
[ Info: ===============
[ Info: 
[ Info:  - Removing x3
[ Info: Looking at x3f2
[ Info:    - Breaking link x3f2->x3...
[ Info:      - Original links: Symbol[:x3]
[ Info:      - New links: Symbol[]
[ Info: x3f2 doesn't have any other links, not adding it back...
[ Info: Looking at x3f1
[ Info:    - Breaking link x3f1->x3...
[ Info:      - Original links: Symbol[:x3]
[ Info:      - New links: Symbol[]
[ Info: x3f1 doesn't have any other links, not adding it back...
Find potential functions for each clique
[ Info: Get potentials x1,l1,: x2,
[ Info: using all factors among cliq variables
[ Info: finding all frontals for down WIP
[ Info: Get potentials l2,: x3,
[ Info: using all factors among cliq variables
[ Info: finding all frontals for down WIP
[ Info: Get potentials x3,x2,: 
[ Info: using all factors among cliq variables
[ Info: finding all frontals for down WIP
[ Info: cliq=1 adding factor that is no in separator, l2
[ Info: cliq=1 adding factor that is no in separator, l1
[ Info: cliq=1 adding factor that is no in separator, x1
┌ Warning: add test tree verification
└ @ Main ~/.julia/packages/IncrementalInference/FweX2/test/testBayesTreeiSAM2Example.jl:73

Building Bayes net...
Si = Symbol[:l1, :x3, :x1]
Si = Symbol[:l1, :x3]
Si = Symbol[:l2, :l1]
[ Info: 
[ Info: Eliminating x2
[ Info: ===============
[ Info: 
[ Info:  - Removing x2
[ Info: 
[ Info: Eliminating x1
[ Info: ===============
[ Info: 
[ Info:  - Removing x1
[ Info: Looking at l1x3x1f1
[ Info:    - Breaking link l1x3x1f1->x1...
[ Info:      - Original links: Symbol[:l1, :x3, :x1]
[ Info:      - New links: Symbol[:l1, :x3]
[ Info: l1x3x1f1 still has links to other variables, readding it back...
[ Info: 
[ Info: Eliminating x3
[ Info: ===============
[ Info: 
[ Info:  - Removing x3
[ Info: Looking at l1x3f1
[ Info:    - Breaking link l1x3f1->x3...
[ Info:      - Original links: Symbol[:l1, :x3]
[ Info:      - New links: Symbol[:l1]
[ Info: l1x3f1 still has links to other variables, readding it back...
[ Info: Looking at l1x3f2
[ Info:    - Breaking link l1x3f2->x3...
[ Info:      - Original links: Symbol[:l1, :x3]
[ Info:      - New links: Symbol[:l1]
[ Info: l1x3f2 still has links to other variables, readding it back...
[ Info: 
[ Info: Eliminating l1
[ Info: ===============
[ Info: 
[ Info:  - Removing l1
[ Info: Looking at l1f2
[ Info:    - Breaking link l1f2->l1...
[ Info:      - Original links: Symbol[:l1]
[ Info:      - New links: Symbol[]
[ Info: l1f2 doesn't have any other links, not adding it back...
[ Info: Looking at l2l1f1
[ Info:    - Breaking link l2l1f1->l1...
[ Info:      - Original links: Symbol[:l2, :l1]
[ Info:      - New links: Symbol[:l2]
[ Info: l2l1f1 still has links to other variables, readding it back...
[ Info: Looking at l1f1
[ Info:    - Breaking link l1f1->l1...
[ Info:      - Original links: Symbol[:l1]
[ Info:      - New links: Symbol[]
[ Info: l1f1 doesn't have any other links, not adding it back...
Si = Symbol[:l2]
[ Info: 
[ Info: Eliminating l2
[ Info: ===============
[ Info: 
[ Info:  - Removing l2
[ Info: Looking at l2f1
[ Info:    - Breaking link l2f1->l2...
[ Info:      - Original links: Symbol[:l2]
[ Info:      - New links: Symbol[]
[ Info: l2f1 doesn't have any other links, not adding it back...
[ Info: Looking at l2f2
[ Info:    - Breaking link l2f2->l2...
[ Info:      - Original links: Symbol[:l2]
[ Info:      - New links: Symbol[]
[ Info: l2f2 doesn't have any other links, not adding it back...
Find potential functions for each clique
[ Info: Get potentials x1,x2,: l1,x3,
[ Info: using all factors among cliq variables
[ Info: finding all frontals for down WIP
[ Info: Get potentials l2,l1,x3,: 
[ Info: using all factors among cliq variables
[ Info: finding all frontals for down WIP
[ Info: cliq=1 adding factor that is no in separator, x2
[ Info: cliq=1 adding factor that is no in separator, x1
[ Info: cliq=1 adding factor that is no in separator, x2
Test Summary:                 | Pass  Total
basic Bayes tree construction |    1      1
Test Summary:                                                  | Pass  Total
Ensure converter types can be run from extending namespaces... |    1      1
┌ Warning: Setting serialization module from AbstractDFG - override this in the 'GraphsDFG{SolverParams} structure! This is being ignored.
└ @ DistributedFactorGraphs ~/.julia/packages/DistributedFactorGraphs/NMxiR/src/services/AbstractDFG.jl:21
[ Info: try doautoinit! of x1
[ Info: try doautoinit! of x1
[ Info: init with useinitfct Symbol[:x1f1]
[ Info: do init of x1
[ Info: try doautoinit! of x2
┌ Warning: Retrieving serialization module from AbstractDFG - override this in the 'GraphsDFG{SolverParams} structure! This is returning Main
└ @ DistributedFactorGraphs ~/.julia/packages/DistributedFactorGraphs/NMxiR/src/services/AbstractDFG.jl:25
Test Summary:              | Pass  Total
packing converters work... |    8      8
Test Summary:                     | Pass  Total
Ensure lambda's work with NLsolve |    1      1
Test Summary:                                       |
minimalistic pattern on how NLsolve is used in IIF. | No tests
Test Summary:                                                  | Pass  Total
generic root finding by numeric solve of residual functions... |    1      1
a1 = [-1.0 0.7079313434577381 0.5920086305088557; 0.3334333065579589 0.07025525623502227 0.8514743879321098]
  0.258148 seconds (174.02 k allocations: 8.864 MiB)
  0.165450 seconds (59.71 k allocations: 2.931 MiB)
  0.013723 seconds (16.65 k allocations: 1.154 MiB)
zDim = size(measurement[1], 1) = 1
ccw.varidx = solvefor = 2
  1.640492 seconds (924.88 k allocations: 45.574 MiB, 2.33% gc time)
and in the reverse direction, achieved by simply changing CommonConvWrapper.varidx to 1...
ccw.varidx = solvefor = 1
  0.005804 seconds (7.64 k allocations: 1.011 MiB)
┌ Warning: test not implemented yet
└ @ Main ~/.julia/packages/IncrementalInference/FweX2/test/testCommonConvWrapper.jl:255
[ Info: try doautoinit! of x1
[ Info: try doautoinit! of x1
[ Info: init with useinitfct Symbol[:x1f1]
[ Info: do init of x1
[ Info: try doautoinit! of x2

Building Bayes net...
[ Info: 
[ Info: Eliminating x1
[ Info: ===============
[ Info: 
[ Info:  - Removing x1
Si = Symbol[:x2]
[ Info: 
[ Info: Eliminating x2
[ Info: ===============
[ Info: 
[ Info:  - Removing x2
[ Info: Looking at x2f1
[ Info:    - Breaking link x2f1->x2...
[ Info:      - Original links: Symbol[:x2]
[ Info:      - New links: Symbol[]
[ Info: x2f1 doesn't have any other links, not adding it back...
[ Info: Get potentials x2,x1,: 
Find potential functions for each clique
[ Info: using all factors among cliq variables
[ Info: finding all frontals for down WIP
Bayes Tree
[ Info: Solving over the Bayes (Junction) tree.

Building Bayes net...
[ Info: 
[ Info: Eliminating x1
[ Info: ===============
[ Info: 
[ Info:  - Removing x1
Si = Symbol[:x2]
[ Info: 
[ Info: Eliminating x2
[ Info: ===============
[ Info: 
[ Info:  - Removing x2
[ Info: Looking at x2f1
[ Info:    - Breaking link x2f1->x2...
[ Info:      - Original links: Symbol[:x2]
[ Info:      - New links: Symbol[]
[ Info: x2f1 doesn't have any other links, not adding it back...
Find potential functions for each clique
[ Info: Get potentials x2,x1,: 
[ Info: using all factors among cliq variables
[ Info: finding all frontals for down WIP
Bayes Tree
[ Info: Do tree based init-inference on tree
State machine iter=1
State machine iter=2
State machine iter=3
State machine iter=4
State machine iter=5
State machine iter=6
[ Info: up w 0 msgs
[ Info: ---------- successive fnc approx ------------x2,x1,: 
[ Info: #1	 -- 
[ Info: ---------- successive fnc approx ------------x2,x1,: 
[ Info: #1	 -- 
[ Info: [2x0p,d1,N100],
[ Info: #2	 -- 
[ Info: [2x0p,d1,N100],
[ Info: #3	 -- 
[ Info: [2x0p,d1,N100],
[ Info: fmcmc! -- solverData(vert=x2).inferdim=1.0
[ Info: fmcmc! -- solverData(vert=x1).inferdim=2.0
[ Info: Outgoing msg density on: 
[ Info: prepCliqInitMsgsUp, seps=Symbol[]
State machine iter=7
State machine iter=8
[ Info: transferUpdateSubGraph! -- syms=Symbol[:x2, :x1]
[ Info: sym=x2, mem size of val=(1, 100) and (1, 100)
┌ Warning: Deprecated
└ @ IncrementalInference ~/.julia/packages/IncrementalInference/FweX2/src/FactorGraphTypes.jl:362
[ Info: sym=x1, mem size of val=(1, 100) and (1, 100)
┌ Warning: Deprecated
└ @ IncrementalInference ~/.julia/packages/IncrementalInference/FweX2/src/FactorGraphTypes.jl:362
State machine iter=9
[ Info: Finished tree based init-inference
Test Summary:                | Pass  Total
GenericWrapParam functors... |  114    114
[ Info: try doautoinit! of x1
[ Info: try doautoinit! of x1
[ Info: init with useinitfct Symbol[:x1f1]
[ Info: do init of x1
[ Info: try doautoinit! of x2
Statistics.mean(pts, dims=2) = [49.89886168575248]
[ Info: Solving over the Bayes (Junction) tree.

Building Bayes net...
[ Info: 
[ Info: Eliminating x1
[ Info: ===============
[ Info: 
[ Info:  - Removing x1
Si = Symbol[:x2]
[ Info: 
[ Info: Eliminating x2
[ Info: ===============
[ Info: 
[ Info:  - Removing x2
[ Info: Looking at x2f1
[ Info:    - Breaking link x2f1->x2...
[ Info:      - Original links: Symbol[:x2]
[ Info:      - New links: Symbol[]
[ Info: x2f1 doesn't have any other links, not adding it back...
Find potential functions for each clique
[ Info: Get potentials x2,x1,: 
[ Info: using all factors among cliq variables
[ Info: finding all frontals for down WIP
Bayes Tree
[ Info: Do tree based init-inference on tree
State machine iter=1
State machine iter=2
State machine iter=3
State machine iter=4
State machine iter=5
State machine iter=6
[ Info: up w 0 msgs
[ Info: ---------- successive fnc approx ------------x2,x1,: 
[ Info: #1	 -- 
[ Info: ---------- successive fnc approx ------------x2,x1,: 
[ Info: #1	 -- 
[ Info: [2x0p,d1,N100],
[ Info: #2	 -- 
[ Info: [2x0p,d1,N100],
[ Info: #3	 -- 
[ Info: [2x0p,d1,N100],
[ Info: fmcmc! -- solverData(vert=x2).inferdim=1.0
[ Info: fmcmc! -- solverData(vert=x1).inferdim=2.0
[ Info: Outgoing msg density on: 
[ Info: prepCliqInitMsgsUp, seps=Symbol[]
State machine iter=7
State machine iter=8
[ Info: transferUpdateSubGraph! -- syms=Symbol[:x2, :x1]
[ Info: sym=x2, mem size of val=(1, 100) and (1, 100)
┌ Warning: Deprecated
└ @ IncrementalInference ~/.julia/packages/IncrementalInference/FweX2/src/FactorGraphTypes.jl:362
[ Info: sym=x1, mem size of val=(1, 100) and (1, 100)
┌ Warning: Deprecated
└ @ IncrementalInference ~/.julia/packages/IncrementalInference/FweX2/src/FactorGraphTypes.jl:362
State machine iter=9
[ Info: Finished tree based init-inference
Test Summary:                                       | Pass  Total
with simple local constraint examples Odo, Obsv2... |    2      2
[ Info: try doautoinit! of x1
[ Info: try doautoinit! of x1
[ Info: init with useinitfct Symbol[:x1f1]
[ Info: do init of x1
[ Info: try doautoinit! of x2
Test Summary:                            | Pass  Total
test default userdata::FactorMetadata... |    2      2
Test Summary:                                                                    | Pass  Total
test IncrementalInference.assembleHypothesesElements! without multihypothesis... |   16     16
Test Summary:                                                             | Pass  Total
test IncrementalInference.assembleHypothesesElements! with bi-modality... |   48     48
┌ Warning: only partially testing tri-modality
└ @ Main ~/.julia/packages/IncrementalInference/FweX2/test/testExplicitMultihypo.jl:321
Test Summary:                                                              | Pass  Total
test IncrementalInference.assembleHypothesesElements! with tri-modality... |   84     84
[ Info: try doautoinit! of l1
[ Info: try doautoinit! of l2
[ Info: try doautoinit! of x1
[ Info: try doautoinit! of l1
[ Info: init with useinitfct Symbol[:l1f1]
[ Info: do init of l1
[ Info: try doautoinit! of l1_0
[ Info: try doautoinit! of x1
[ Info: allowing init from incomplete set of previously initialized hypotheses, fct=x1l1l1_0f1
[ Info: init with useinitfct Symbol[:x1l1l1_0f1]
[ Info: do init of x1
[ Info: not all hypotheses initialized, but at least one available -- see #427
[ Info: try doautoinit! of x2
[ Info: try doautoinit! of x2
[ Info: init with useinitfct Symbol[:x1x2f1]
[ Info: do init of x2
[ Info: try doautoinit! of l2
[ Info: allowing init from incomplete set of previously initialized hypotheses, fct=x2l2l2_0f1
[ Info: init with useinitfct Symbol[:x2l2l2_0f1, :l2f1]
[ Info: do init of l2
[ Info: not all hypotheses initialized, but at least one available -- see #427
[ Info: [2x0p,d1,N100],
[ Info: try doautoinit! of l2_0
[ Info: Solving over the Bayes (Junction) tree.

Building Bayes net...
[ Info: 
[ Info: Eliminating x1
[ Info: ===============
[ Info: 
[ Info:  - Removing x1
Si = Symbol[:x2, :l1, :l1_0]
[ Info: 
[ Info: Eliminating l2
[ Info: ===============
[ Info: 
[ Info:  - Removing l2
Si = Symbol[:x2, :l2_0]
[ Info: 
[ Info: Eliminating l1
[ Info: ===============
[ Info: 
[ Info:  - Removing l1
[ Info: Looking at x2l1l1_0f1
[ Info:    - Breaking link x2l1l1_0f1->l1...
[ Info:      - Original links: Symbol[:x2, :l1, :l1_0]
[ Info:      - New links: Symbol[:x2, :l1_0]
[ Info: x2l1l1_0f1 still has links to other variables, readding it back...
Si = Symbol[:x2, :l1_0]
[ Info: 
[ Info: Eliminating x2
[ Info: ===============
[ Info: 
[ Info:  - Removing x2
[ Info: Looking at x2l2_0f1
[ Info:    - Breaking link x2l2_0f1->x2...
[ Info:      - Original links: Symbol[:x2, :l2_0]
[ Info:      - New links: Symbol[:l2_0]
[ Info: x2l2_0f1 still has links to other variables, readding it back...
[ Info: Looking at x2l1_0f1
[ Info:    - Breaking link x2l1_0f1->x2...
[ Info:      - Original links: Symbol[:x2, :l1_0]
[ Info:      - New links: Symbol[:l1_0]
[ Info: x2l1_0f1 still has links to other variables, readding it back...
[ Info: Looking at x2l1_0f2
[ Info:    - Breaking link x2l1_0f2->x2...
[ Info:      - Original links: Symbol[:x2, :l1_0]
[ Info:      - New links: Symbol[:l1_0]
[ Info: x2l1_0f2 still has links to other variables, readding it back...
Si = Symbol[:l2_0, :l1_0]
[ Info: 
[ Info: Eliminating l2_0
[ Info: ===============
[ Info: 
[ Info:  - Removing l2_0
[ Info: Looking at l2_0f1
[ Info:    - Breaking link l2_0f1->l2_0...
[ Info:      - Original links: Symbol[:l2_0]
[ Info:      - New links: Symbol[]
[ Info: l2_0f1 doesn't have any other links, not adding it back...
[ Info: Looking at l2_0l1_0f1
[ Info:    - Breaking link l2_0l1_0f1->l2_0...
[ Info:      - Original links: Symbol[:l2_0, :l1_0]
[ Info:      - New links: Symbol[:l1_0]
[ Info: l2_0l1_0f1 still has links to other variables, readding it back...
Si = Symbol[:l1_0]
[ Info: 
[ Info: Eliminating l1_0
[ Info: ===============
[ Info: 
[ Info:  - Removing l1_0
[ Info: Looking at l1_0f2
[ Info:    - Breaking link l1_0f2->l1_0...
[ Info:      - Original links: Symbol[:l1_0]
[ Info:      - New links: Symbol[]
[ Info: l1_0f2 doesn't have any other links, not adding it back...
[ Info: Looking at l1_0f4
[ Info:    - Breaking link l1_0f4->l1_0...
[ Info:      - Original links: Symbol[:l1_0]
[ Info:      - New links: Symbol[]
[ Info: l1_0f4 doesn't have any other links, not adding it back...
[ Info: Looking at l1_0f1
[ Info:    - Breaking link l1_0f1->l1_0...
[ Info:      - Original links: Symbol[:l1_0]
[ Info:      - New links: Symbol[]
[ Info: l1_0f1 doesn't have any other links, not adding it back...
[ Info: Looking at l1_0f3
[ Info:    - Breaking link l1_0f3->l1_0...
[ Info:      - Original links: Symbol[:l1_0]
[ Info:      - New links: Symbol[]
[ Info: l1_0f3 doesn't have any other links, not adding it back...
Find potential functions for each clique
[ Info: Get potentials l1,x1,: x2,l1_0,
[ Info: using all factors among cliq variables
[ Info: finding all frontals for down WIP
[ Info: Get potentials l2,: x2,l2_0,
[ Info: using all factors among cliq variables
[ Info: finding all frontals for down WIP
[ Info: Get potentials l1_0,l2_0,x2,: 
[ Info: using all factors among cliq variables
[ Info: finding all frontals for down WIP
[ Info: cliq=1 adding factor that is no in separator, x1
[ Info: cliq=1 adding factor that is no in separator, l1
[ Info: cliq=1 adding factor that is no in separator, l2
[ Info: cliq=1 adding factor that is no in separator, l2
[ Info: cliq=1 adding factor that is no in separator, x1
Bayes Tree
[ Info: Do tree based init-inference on tree
State machine iter=1
State machine iter=2
State machine iter=3
State machine iter=4
State machine iter=1
State machine iter=2
State machine iter=3
State machine iter=4
State machine iter=5
State machine iter=6
State machine iter=7
State machine iter=8
[ Info: up w 0 msgs
[ Info: ---------- successive fnc approx ------------l1,x1,: x2,l1_0,
[ Info: #1	 -- 
State machine iter=1
State machine iter=2[ Info: ---------- successive fnc approx ------------l1,x1,: x2,l1_0,
[ Info: #1	 -- 

State machine iter=3[ Info: [2x0p,d1,N100],

[ Info: [2x0p,d1,N100],
State machine iter=4
[ Info: #2	 -- 
[ Info: [2x0p,d1,N100],
State machine iter=5
[ Info: [2x0p,d1,N100],
[ Info: #3	 -- 
State machine iter=6[ Info: [2x0p,d1,N100],

[ Info: [2x0p,d1,N100],
State machine iter=7[ Info: fmcmc! -- solverData(vert=x2).inferdim=0.0

[ Info: fmcmc! -- solverData(vert=l1_0).inferdim=0.0
State machine iter=8
[ Info: fmcmc! -- solverData(vert=l1).inferdim=1.0
[ Info: fmcmc! -- solverData(vert=x1).inferdim=0.0
[ Info: up w 0 msgs
[ Info: Outgoing msg density on: 
[ Info: ---------- successive fnc approx ------------l2,: x2,l2_0,
[ Info: prepCliqInitMsgsUp, seps=Symbol[:x2, :l1_0]
[ Info: #1	 -- 
[ Info: ---------- successive fnc approx ------------l2,: x2,l2_0,
[ Info: #1	 -- 
[ Info: [2x0p,d1,N100],
[ Info: #2	 -- 
[ Info: [2x0p,d1,N100],
State machine iter=9
[ Info: #3	 -- 
[ Info: [2x0p,d1,N100],
State machine iter=10[ Info: fmcmc! -- solverData(vert=x2).inferdim=0.0
[ Info: fmcmc! -- solverData(vert=l2_0).inferdim=0.0

[ Info: fmcmc! -- solverData(vert=l2).inferdim=1.0
[ Info: Outgoing msg density on: 
[ Info: prepCliqInitMsgsUp, seps=Symbol[:x2, :l2_0]
State machine iter=5
State machine iter=6
[ Info: up w 2 msgs
State machine iter=9
[ Info: inp.sendmsgs[x2].inferdim=0.0
[ Info: inp.sendmsgs[l1_0].inferdim=0.0
State machine iter=10
[ Info: inp.sendmsgs[l2_0].inferdim=0.0
[ Info: inp.sendmsgs[x2].inferdim=0.0
[ Info: ---------- successive fnc approx ------------l1_0,l2_0,x2,: 
[ Info: #1	 -- 
[ Info: fmcmc! -- solverData(vert=l1_0).inferdim=0.0
[ Info: fmcmc! -- solverData(vert=l2_0).inferdim=0.0
[ Info: ---------- successive fnc approx ------------l1_0,l2_0,x2,: 
[ Info: #1	 -- 
[ Info: [2x0p,d1,N100],
[ Info: fmcmc! -- solverData(vert=l1_0).inferdim=0.0
[ Info: fmcmc! -- solverData(vert=l2_0).inferdim=0.0
[ Info: fmcmc! -- solverData(vert=x2).inferdim=0.0
[ Info: Outgoing msg density on: 
[ Info: prepCliqInitMsgsUp, seps=Symbol[]
State machine iter=7
State machine iter=8
[ Info: transferUpdateSubGraph! -- syms=Symbol[:l1_0, :l2_0, :x2]
[ Info: sym=l1_0, mem size of val=(1, 100) and (1, 100)
┌ Warning: Deprecated
└ @ IncrementalInference ~/.julia/packages/IncrementalInference/FweX2/src/FactorGraphTypes.jl:362
[ Info: sym=l2_0, mem size of val=(1, 100) and (1, 100)
┌ Warning: Deprecated
└ @ IncrementalInference ~/.julia/packages/IncrementalInference/FweX2/src/FactorGraphTypes.jl:362
[ Info: sym=x2, mem size of val=(1, 100) and (1, 100)
┌ Warning: Deprecated
└ @ IncrementalInference ~/.julia/packages/IncrementalInference/FweX2/src/FactorGraphTypes.jl:362
State machine iter=11
[ Info: [2x0p,d1,N100],
State machine iter=11[ Info: [2x0p,d1,N100],

[ Info: [2x0p,d1,N100],
[ Info: [2x0p,d1,N100],
State machine iter=9[ Info: [2x0p,d1,N100],
[ Info: [2x0p,d1,N100],

[ Info: [2x0p,d1,N100],
State machine iter=12
State machine iter=12
[ Info: Finished tree based init-inference
Test Summary:                            |
test CSM runaway on upsolve, (issue 427) | No tests
[ Info: try doautoinit! of l0
[ Info: try doautoinit! of l1
[ Info: try doautoinit! of x0
[ Info: try doautoinit! of l0
[ Info: init with useinitfct Symbol[:l0f1]
[ Info: do init of l0
[ Info: try doautoinit! of l1
[ Info: init with useinitfct Symbol[:l1f1]
[ Info: do init of l1
[ Info: try doautoinit! of x0
[ Info: init with useinitfct Symbol[:x0l0l1f1]
[ Info: do init of x0
[ Info: try doautoinit! of x1
[ Info: try doautoinit! of x1
[ Info: init with useinitfct Symbol[:x1l0l1f1, :x0x1f1]
[ Info: do init of x1
[ Info: [2x0p,d1,N200],
[ Info: try doautoinit! of x2
[ Info: Solving over the Bayes (Junction) tree.

Building Bayes net...
[ Info: 
[ Info: Eliminating x1
[ Info: ===============
[ Info: 
[ Info:  - Removing x1
Si = Symbol[:x2, :l0, :l1, :x0]
[ Info: 
[ Info: Eliminating l1
[ Info: ===============
[ Info: 
[ Info:  - Removing l1
[ Info: Looking at x2l0l1x0f1
[ Info:    - Breaking link x2l0l1x0f1->l1...
[ Info:      - Original links: Symbol[:x2, :l0, :l1, :x0]
[ Info:      - New links: Symbol[:x2, :l0, :x0]
[ Info: x2l0l1x0f1 still has links to other variables, readding it back...
Si = Symbol[:x0, :l0, :x2]
[ Info: 
[ Info: Eliminating l0
[ Info: ===============
[ Info: 
[ Info:  - Removing l0
[ Info: Looking at x2l0x0f1
[ Info:    - Breaking link x2l0x0f1->l0...
[ Info:      - Original links: Symbol[:x2, :l0, :x0]
[ Info:      - New links: Symbol[:x2, :x0]
[ Info: x2l0x0f1 still has links to other variables, readding it back...
[ Info: Looking at x0l0x2f1
[ Info:    - Breaking link x0l0x2f1->l0...
[ Info:      - Original links: Symbol[:x0, :l0, :x2]
[ Info:      - New links: Symbol[:x0, :x2]
[ Info: x0l0x2f1 still has links to other variables, readding it back...
Si = Symbol[:x2, :x0]
[ Info: 
[ Info: Eliminating x0
[ Info: ===============
[ Info: 
[ Info:  - Removing x0
[ Info: Looking at x0x2f1
[ Info:    - Breaking link x0x2f1->x0...
[ Info:      - Original links: Symbol[:x0, :x2]
[ Info:      - New links: Symbol[:x2]
[ Info: x0x2f1 still has links to other variables, readding it back...
[ Info: Looking at x2x0f2
[ Info:    - Breaking link x2x0f2->x0...
[ Info:      - Original links: Symbol[:x2, :x0]
[ Info:      - New links: Symbol[:x2]
[ Info: x2x0f2 still has links to other variables, readding it back...
[ Info: Looking at x2x0f1
[ Info:    - Breaking link x2x0f1->x0...
[ Info:      - Original links: Symbol[:x2, :x0]
[ Info:      - New links: Symbol[:x2]
[ Info: x2x0f1 still has links to other variables, readding it back...
Si = Symbol[:x2]
[ Info: 
[ Info: Eliminating x2
[ Info: ===============
[ Info: 
[ Info:  - Removing x2
[ Info: Looking at x2f1
[ Info:    - Breaking link x2f1->x2...
[ Info:      - Original links: Symbol[:x2]
[ Info:      - New links: Symbol[]
[ Info: x2f1 doesn't have any other links, not adding it back...
[ Info: Looking at x2f4
[ Info:    - Breaking link x2f4->x2...
[ Info:      - Original links: Symbol[:x2]
[ Info:      - New links: Symbol[]
[ Info: x2f4 doesn't have any other links, not adding it back...
[ Info: Looking at x2f2
[ Info:    - Breaking link x2f2->x2...
[ Info:      - Original links: Symbol[:x2]
[ Info:      - New links: Symbol[]
[ Info: x2f2 doesn't have any other links, not adding it back...
[ Info: Looking at x2f3
[ Info:    - Breaking link x2f3->x2...
[ Info:      - Original links: Symbol[:x2]
[ Info:      - New links: Symbol[]
[ Info: x2f3 doesn't have any other links, not adding it back...
Find potential functions for each clique
[ Info: Get potentials x2,x0,l0,l1,x1,: 
[ Info: using all factors among cliq variables
[ Info: finding all frontals for down WIP
Bayes Tree
[ Info: Do tree based init-inference on tree
State machine iter=1
State machine iter=2
State machine iter=3
State machine iter=4
State machine iter=5
State machine iter=6
[ Info: up w 0 msgs
[ Info: ---------- successive fnc approx ------------x2,x0,l0,l1,x1,: 
[ Info: #1	 -- 
[ Info: ---------- successive fnc approx ------------x2,x0,l0,l1,x1,: 
[ Info: #1	 -- 
[ Info: [2x0p,d1,N200],
[ Info: [3x0p,d1,N200],
[ Info: [3x0p,d1,N200],
[ Info: [3x0p,d1,N200],
[ Info: #2	 -- 
[ Info: [2x0p,d1,N200],
[ Info: [3x0p,d1,N200],
[ Info: [3x0p,d1,N200],
[ Info: [3x0p,d1,N200],
[ Info: #3	 -- 
[ Info: [2x0p,d1,N200],
[ Info: [3x0p,d1,N200],
[ Info: [3x0p,d1,N200],
[ Info: [3x0p,d1,N200],
[ Info: fmcmc! -- solverData(vert=x2).inferdim=1.0
[ Info: fmcmc! -- solverData(vert=x0).inferdim=2.0
[ Info: fmcmc! -- solverData(vert=l0).inferdim=3.0
[ Info: fmcmc! -- solverData(vert=l1).inferdim=3.0
[ Info: fmcmc! -- solverData(vert=x1).inferdim=3.0
[ Info: Outgoing msg density on: 
[ Info: prepCliqInitMsgsUp, seps=Symbol[]
State machine iter=7
State machine iter=8
[ Info: transferUpdateSubGraph! -- syms=Symbol[:x2, :x0, :l0, :l1, :x1]
[ Info: sym=x2, mem size of val=(1, 200) and (1, 200)
┌ Warning: Deprecated
└ @ IncrementalInference ~/.julia/packages/IncrementalInference/FweX2/src/FactorGraphTypes.jl:362
[ Info: sym=x0, mem size of val=(1, 200) and (1, 200)
┌ Warning: Deprecated
└ @ IncrementalInference ~/.julia/packages/IncrementalInference/FweX2/src/FactorGraphTypes.jl:362
[ Info: sym=l0, mem size of val=(1, 200) and (1, 200)
┌ Warning: Deprecated
└ @ IncrementalInference ~/.julia/packages/IncrementalInference/FweX2/src/FactorGraphTypes.jl:362
[ Info: sym=l1, mem size of val=(1, 200) and (1, 200)
┌ Warning: Deprecated
└ @ IncrementalInference ~/.julia/packages/IncrementalInference/FweX2/src/FactorGraphTypes.jl:362
[ Info: sym=x1, mem size of val=(1, 200) and (1, 200)
┌ Warning: Deprecated
└ @ IncrementalInference ~/.julia/packages/IncrementalInference/FweX2/src/FactorGraphTypes.jl:362
State machine iter=9
[ Info: Finished tree based init-inference
Test Summary:                               | Pass  Total
2door basic binary multihypothesis tests... |    5      5
Threads.nthreads() = 1
[ Info: try doautoinit! of x0
[ Info: try doautoinit! of x0
[ Info: init with useinitfct Symbol[:x0f1]
[ Info: do init of x0
[ Info: try doautoinit! of x1
Test Summary:                                                               | Pass  Total
Basic ContinuousScalar example to ensure multithreaded convolutions work... |    1      1
maniT = if length(manifolds) < x
        ([manifolds[1] for i = 1:x]...,)
    else
        manifolds
    end = (:Euclid, :Euclid)
[ Info: try doautoinit! of x1
[ Info: try doautoinit! of x1
[ Info: init with useinitfct Symbol[:x1f1, :x1f2]
[ Info: do init of x1
[ Info: [1x1p,d2,N100],

Building Bayes net...
[ Info: 
[ Info: Eliminating x1
[ Info: ===============
[ Info: 
[ Info:  - Removing x1
[ Info: Get potentials x1,: 
[ Info: using all factors among cliq variables
Find potential functions for each clique
[ Info: finding all frontals for down WIP
Bayes Tree
[ Info: Solving over the Bayes (Junction) tree.
[ Info: Do tree based init-inference on tree
State machine iter=1
State machine iter=2
State machine iter=3
[ Info: up w 0 msgs
[ Info: ---------- successive fnc approx ------------x1,: 
[ Info: #1	 -- 
[ Info: ---------- successive fnc approx ------------x1,: 
[ Info: #1	 -- 
State machine iter=4
State machine iter=5
State machine iter=6
[ Info: [1x1p,d2,N100],
[ Info: fmcmc! -- solverData(vert=x1).inferdim=2.0
[ Info: Outgoing msg density on: 
[ Info: prepCliqInitMsgsUp, seps=Symbol[]
State machine iter=7
State machine iter=8
[ Info: transferUpdateSubGraph! -- syms=Symbol[:x1]
[ Info: sym=x1, mem size of val=(2, 100) and (2, 100)
┌ Warning: Deprecated
└ @ IncrementalInference ~/.julia/packages/IncrementalInference/FweX2/src/FactorGraphTypes.jl:362
State machine iter=9
[ Info: Finished tree based init-inference
maniT = if length(manifolds) < x
        ([manifolds[1] for i = 1:x]...,)
    else
        manifolds
    end = (:Euclid, :Euclid)
[ Info: try doautoinit! of x2
[ Info: try doautoinit! of x2
[ Info: init with useinitfct Symbol[:x1x2f1, :x2f1]
[ Info: do init of x2
[ Info: [0x2p,d2,N100],
┌ Warning: restore findRelatedFromPotential as testset!
└ @ Main ~/.julia/packages/IncrementalInference/FweX2/test/testpartialconstraint.jl:122
X2lpts[2, 95:100] = [9.172243309460274, 11.452505880031945, 8.291260559727107, 9.834986622030799, 11.254814628590713, 10.152872152753545]
lpts[2, 95:100] = [9.984652230521458, 10.718722155167894, 9.652376815711072, 8.140964344640278, 10.837215875561228, 8.805611080355355]
getPoints(keepaside) = [-19.19279416231592 -20.509809890168388 -18.874876379133404 -20.2084520781843 -20.147012028144665 -19.680561960950072 -19.98111963885341 -20.09010342014423 -17.257233163293865 -20.974353052306256 -19.1271523935143 -20.23257946753028 -20.077574138400948 -20.370698428838935 -20.984374385079192 -18.748407217211067 -20.091070939923963 -20.827568082455617 -20.706652791154394 -19.39320801662916 -19.52923222620011 -20.114682022195915 -21.01790413466925 -20.0429183723625 -19.25447166247261 -20.37092026199939 -20.223047485092348 -18.54479910044559 -20.1908689132824 -18.684986636402822 -20.937445439697417 -18.12347031274725 -20.925202140736673 -20.933602729332495 -19.77765211939588 -19.885840646368408 -21.941685308749186 -19.98876689129342 -19.762538553078826 -18.996815897068537 -19.95449408246089 -20.538823309896216 -20.02454871448312 -18.840005455074895 -19.608142858983335 -19.22733514386932 -21.62499748154291 -19.37231944467145 -18.7110179734474 -20.446937265949167 -21.39627448323529 -21.214991444840006 -19.719313988138214 -19.23006378704295 -19.903110108748315 -19.025375609413803 -18.978094973414773 -19.406810614941072 -19.739517728463397 -19.740779727527457 -19.864331620150406 -20.079844158063747 -20.71133561829081 -20.659995525279612 -20.729092122097573 -18.360732058822297 -20.751640896295772 -20.08245406442757 -18.910782016403235 -19.85191190775807 -20.895966609033415 -17.43001873379454 -21.18612522031391 -20.93096701649852 -21.123211416789456 -19.57809494543341 -20.002686582373503 -20.127268594932776 -18.114871121191687 -20.454926738147474 -18.259450759811152 -20.49371045171742 -21.188809180846782 -19.479054375249344 -20.837684045750827 -19.294328027576 -19.3224198364716 -19.691628401103017 -20.00726259349803 -19.98714250569567 -18.88138858057191 -21.428468041000166 -21.38584479214771 -19.799968136070106 -19.579378525446728 -20.238137314749423 -19.598565430669005 -21.08627006187524 -21.22880179148038 -19.401395232376498; 9.50574057446152 10.462202473428185 8.92839107845342 12.903001583746317 10.785993141488232 8.554235750893453 9.591997195037427 10.296405596729915 11.740050365618703 10.154353906019452 10.371617433996612 11.478401885079183 9.102127943066797 10.631167412694767 10.625931851746817 9.683506110350866 12.1601265897505 10.59545963083675 9.185116224958541 9.97432468082676 11.58297188349041 10.688329490566055 10.354097623710762 9.729983468390108 9.908119237197429 10.355156791211014 10.469132889368636 9.165761111659862 9.654341079109297 9.91995437607202 10.884093144698097 10.037415445948154 9.878941081195958 11.584662067412571 9.839163110515639 11.101226914445167 11.091655611791898 10.765207107132516 8.438077792971194 9.008596516201088 9.197405131592847 9.71611093985233 10.767710729076681 8.88221381640102 10.59409825517828 10.18658165527664 9.65563598768627 9.174338588078175 7.730346271091823 9.520264305216333 8.881885198886577 9.683374178330348 9.767476740457244 10.4753011908884 9.332777260059444 11.067508021853103 10.618836219777164 9.34831188848554 9.113596906960272 12.866257518917998 9.61228177053782 12.388211839964528 11.632540867788288 10.156792670498948 9.659751249882566 8.436441712627486 11.38680276384771 9.8518567923649 9.486094706857747 10.674821593860017 11.51277289111058 10.433899500850696 10.661581671551918 9.186284723707766 10.133807102489447 10.833264886046239 9.244203283960355 8.111172619843131 10.66115355375445 9.702804535380828 11.134900050623513 11.000582853724316 9.89716299541182 9.61021015535652 8.689307105700468 10.567471827174515 8.485165488227187 10.865950417317608 12.124098738358262 10.37536232532195 11.357748657978911 8.963684273057945 9.613921140142843 10.023664610160687 9.984652230521458 10.718722155167894 9.652376815711072 8.140964344640278 10.837215875561228 8.805611080355355]
[ Info: [0x1p,d2,N100],
[ Info: [0x1p,d2,N100],
[ Info: [0x2p,d2,N100],

Building Bayes net...
[ Info: 
[ Info: Eliminating x1
[ Info: ===============
[ Info: 
[ Info:  - Removing x1
Si = Symbol[:x2]
[ Info: 
[ Info: Eliminating x2
[ Info: ===============
[ Info: 
[ Info:  - Removing x2
[ Info: Looking at x2f2
[ Info:    - Breaking link x2f2->x2...
[ Info:      - Original links: Symbol[:x2]
[ Info:      - New links: Symbol[]
[ Info: x2f2 doesn't have any other links, not adding it back...
Find potential functions for each clique
[ Info: Get potentials x2,x1,: 
[ Info: using all factors among cliq variables
[ Info: finding all frontals for down WIP
Bayes Tree
[ Info: Solving over the Bayes (Junction) tree.
[ Info: Do tree based init-inference on tree
State machine iter=1
State machine iter=2
State machine iter=3
[ Info: up w 0 msgs
[ Info: ---------- successive fnc approx ------------x2,x1,: 
[ Info: #1	 -- 
[ Info: ---------- successive fnc approx ------------x2,x1,: 
[ Info: #1	 -- 
State machine iter=4
State machine iter=5
State machine iter=6
[ Info: [0x2p,d2,N100],
[ Info: [1x2p,d2,N100],
[ Info: #2	 -- 
[ Info: [0x2p,d2,N100],
[ Info: [1x2p,d2,N100],
[ Info: #3	 -- 
[ Info: [0x2p,d2,N100],
[ Info: [1x2p,d2,N100],
[ Info: fmcmc! -- solverData(vert=x2).inferdim=0.0
[ Info: fmcmc! -- solverData(vert=x1).inferdim=2.0
[ Info: Outgoing msg density on: 
[ Info: prepCliqInitMsgsUp, seps=Symbol[]
State machine iter=7
State machine iter=8
[ Info: transferUpdateSubGraph! -- syms=Symbol[:x2, :x1]
[ Info: sym=x2, mem size of val=(2, 100) and (2, 100)
┌ Warning: Deprecated
└ @ IncrementalInference ~/.julia/packages/IncrementalInference/FweX2/src/FactorGraphTypes.jl:362
[ Info: sym=x1, mem size of val=(2, 100) and (2, 100)
┌ Warning: Deprecated
└ @ IncrementalInference ~/.julia/packages/IncrementalInference/FweX2/src/FactorGraphTypes.jl:362
State machine iter=9
[ Info: Finished tree based init-inference
Test Summary:          | Pass  Total
partial constraints... |   42     42
[ Info: try doautoinit! of x1
┌ Warning: FunctorSingletonNH will be deprecated in favor of common `nullhypo=` interface.
└ @ IncrementalInference ~/.julia/packages/IncrementalInference/FweX2/src/ApproxConv.jl:273
Test Summary:      | Pass  Total
null hypothesis... |    2      2
[ Info: try doautoinit! of x1
[ Info: x1 is not initialized, and will do so now...
[ Info: try doautoinit! of x1
[ Info: init with useinitfct Symbol[:x1f1]
[ Info: do init of x1
[ Info: try doautoinit! of x2
[ Info: x2 is not initialized, and will do so now...
[ Info: try doautoinit! of x2
[ Info: init with useinitfct Symbol[:x1x2f1]
[ Info: do init of x2
[ Info: try doautoinit! of x3
[ Info: try doautoinit! of x4
Packing converters
[ Info: try doautoinit! of x1
[ Info: x1 is not initialized, and will do so now...
[ Info: try doautoinit! of x1
[ Info: init with useinitfct Symbol[:x1f1]
[ Info: do init of x1
[ Info: try doautoinit! of x2
[ Info: x2 is not initialized, and will do so now...
[ Info: try doautoinit! of x2
[ Info: init with useinitfct Symbol[:x1x2f1]
[ Info: do init of x2
[ Info: try doautoinit! of x3
[ Info: try doautoinit! of x4
[ Info: try doautoinit! of x5
Test Summary:                   | Pass  Total
standardized multihypothesis... |   32     32
[ Info: try doautoinit! of x0
[ Info: try doautoinit! of x0
[ Info: init with useinitfct Symbol[:x0f1]
[ Info: do init of x0
[ Info: try doautoinit! of x2
[ Info: try doautoinit! of x2
[ Info: init with useinitfct Symbol[:x0x2f1]
[ Info: do init of x2
[ Info: try doautoinit! of x3
[ Info: try doautoinit! of x3
[ Info: init with useinitfct Symbol[:x3f1, :x2x3f1]
[ Info: do init of x3
[ Info: [2x0p,d1,N100],
[ Info: try doautoinit! of x4
[ Info: try doautoinit! of l1
[ Info: try doautoinit! of x4
[ Info: init with useinitfct Symbol[:x3x4f1]
[ Info: do init of x4
[ Info: try doautoinit! of l1
[ Info: init with useinitfct Symbol[:x3l1f1, :x4l1f1]
[ Info: do init of l1
[ Info: [2x0p,d1,N100],
[ Info: try doautoinit! of x5
[ Info: try doautoinit! of x5
[ Info: init with useinitfct Symbol[:x4x5f1]
[ Info: do init of x5
[ Info: try doautoinit! of x6
[ Info: try doautoinit! of x6
[ Info: init with useinitfct Symbol[:x5x6f1]
[ Info: do init of x6
[ Info: try doautoinit! of x7
[ Info: try doautoinit! of x7
[ Info: init with useinitfct Symbol[:x6x7f1, :x7f1]
[ Info: do init of x7
[ Info: [2x0p,d1,N100],
[ Info: Solving over the Bayes (Junction) tree.

Building Bayes net...
[ Info: 
[ Info: Eliminating x3
[ Info: ===============
[ Info: 
[ Info:  - Removing x3
Si = Symbol[:l1, :x4, :x2]
[ Info: 
[ Info: Eliminating x4
[ Info: ===============
[ Info: 
[ Info:  - Removing x4
[ Info: Looking at l1x4x2f1
[ Info:    - Breaking link l1x4x2f1->x4...
[ Info:      - Original links: Symbol[:l1, :x4, :x2]
[ Info:      - New links: Symbol[:l1, :x2]
[ Info: l1x4x2f1 still has links to other variables, readding it back...
Si = Symbol[:l1, :x2, :x5]
[ Info: 
[ Info: Eliminating x7
[ Info: ===============
[ Info: 
[ Info:  - Removing x7
Si = Symbol[:x6]
[ Info: 
[ Info: Eliminating x0
[ Info: ===============
[ Info: 
[ Info:  - Removing x0
Si = Symbol[:x2]
[ Info: 
[ Info: Eliminating x5
[ Info: ===============
[ Info: 
[ Info:  - Removing x5
[ Info: Looking at l1x2x5f1
[ Info:    - Breaking link l1x2x5f1->x5...
[ Info:      - Original links: Symbol[:l1, :x2, :x5]
[ Info:      - New links: Symbol[:l1, :x2]
[ Info: l1x2x5f1 still has links to other variables, readding it back...
Si = Symbol[:x6, :l1, :x2]
[ Info: 
[ Info: Eliminating l1
[ Info: ===============
[ Info: 
[ Info:  - Removing l1
[ Info: Looking at l1x2f1
[ Info:    - Breaking link l1x2f1->l1...
[ Info:      - Original links: Symbol[:l1, :x2]
[ Info:      - New links: Symbol[:x2]
[ Info: l1x2f1 still has links to other variables, readding it back...
[ Info: Looking at l1x2f2
[ Info:    - Breaking link l1x2f2->l1...
[ Info:      - Original links: Symbol[:l1, :x2]
[ Info:      - New links: Symbol[:x2]
[ Info: l1x2f2 still has links to other variables, readding it back...
[ Info: Looking at x6l1x2f1
[ Info:    - Breaking link x6l1x2f1->l1...
[ Info:      - Original links: Symbol[:x6, :l1, :x2]
[ Info:      - New links: Symbol[:x6, :x2]
[ Info: x6l1x2f1 still has links to other variables, readding it back...
Si = Symbol[:x2, :x6]
[ Info: 
[ Info: Eliminating x2
[ Info: ===============
[ Info: 
[ Info:  - Removing x2
[ Info: Looking at x2x6f1
[ Info:    - Breaking link x2x6f1->x2...
[ Info:      - Original links: Symbol[:x2, :x6]
[ Info:      - New links: Symbol[:x6]
[ Info: x2x6f1 still has links to other variables, readding it back...
[ Info: Looking at x6x2f1
[ Info:    - Breaking link x6x2f1->x2...
[ Info:      - Original links: Symbol[:x6, :x2]
[ Info:      - New links: Symbol[:x6]
[ Info: x6x2f1 still has links to other variables, readding it back...
[ Info: Looking at x2f1
[ Info:    - Breaking link x2f1->x2...
[ Info:      - Original links: Symbol[:x2]
[ Info:      - New links: Symbol[]
[ Info: x2f1 doesn't have any other links, not adding it back...
[ Info: Looking at x2f3
[ Info:    - Breaking link x2f3->x2...
[ Info:      - Original links: Symbol[:x2]
[ Info:      - New links: Symbol[]
[ Info: x2f3 doesn't have any other links, not adding it back...
[ Info: Looking at x2f2
[ Info:    - Breaking link x2f2->x2...
[ Info:      - Original links: Symbol[:x2]
[ Info:      - New links: Symbol[]
[ Info: x2f2 doesn't have any other links, not adding it back...
Si = Symbol[:x6]
[ Info: 
[ Info: Eliminating x6
[ Info: ===============
[ Info: 
[ Info:  - Removing x6
[ Info: Looking at x6f4
[ Info:    - Breaking link x6f4->x6...
[ Info:      - Original links: Symbol[:x6]
[ Info:      - New links: Symbol[]
[ Info: x6f4 doesn't have any other links, not adding it back...
[ Info: Looking at x6f3
[ Info:    - Breaking link x6f3->x6...
[ Info:      - Original links: Symbol[:x6]
[ Info:      - New links: Symbol[]
[ Info: x6f3 doesn't have any other links, not adding it back...
[ Info: Looking at x6f1
[ Info:    - Breaking link x6f1->x6...
[ Info:      - Original links: Symbol[:x6]
[ Info:      - New links: Symbol[]
[ Info: x6f1 doesn't have any other links, not adding it back...
[ Info: Looking at x6f2
[ Info:    - Breaking link x6f2->x6...
[ Info:      - Original links: Symbol[:x6]
[ Info:      - New links: Symbol[]
[ Info: x6f2 doesn't have any other links, not adding it back...
Find potential functions for each clique
[ Info: Get potentials x0,: x2,
[ Info: using all factors among cliq variables
[ Info: finding all frontals for down WIP
[ Info: Get potentials x7,: x6,
[ Info: using all factors among cliq variables
[ Info: finding all frontals for down WIP
[ Info: Get potentials x3,: l1,x4,x2,
[ Info: using all factors among cliq variables
[ Info: finding all frontals for down WIP
[ Info: Get potentials x4,: l1,x2,x5,
[ Info: using all factors among cliq variables
[ Info: finding all frontals for down WIP
[ Info: cliq=4 adding factor that is no in separator, x3
[ Info: Get potentials x6,x2,l1,x5,: 
[ Info: using all factors among cliq variables
Bayes Tree
[ Info: finding all frontals for down WIP
[ Info: cliq=1 adding factor that is no in separator, x7
[ Info: cliq=1 adding factor that is no in separator, x3
[ Info: cliq=1 adding factor that is no in separator, x0
[ Info: cliq=1 adding factor that is no in separator, x3
[ Info: cliq=1 adding factor that is no in separator, x4
[ Info: cliq=1 adding factor that is no in separator, x4
[ Info: Do tree based init-inference on tree
State machine iter=1
State machine iter=2
State machine iter=3
State machine iter=4
State machine iter=1
State machine iter=2
State machine iter=3
State machine iter=4
State machine iter=5
State machine iter=6
State machine iter=7
State machine iter=8
State machine iter=1
State machine iter=2
State machine iter=3[ Info: up w 0 msgs
[ Info: ---------- successive fnc approx ------------x0,: x2,
[ Info: #1	 -- 
[ Info: ---------- successive fnc approx ------------x0,: x2,
[ Info: #1	 -- 
[ Info: [2x0p,d1,N100],

[ Info: #2	 -- 
State machine iter=4[ Info: [2x0p,d1,N100],

[ Info: #3	 -- 
State machine iter=5[ Info: [2x0p,d1,N100],

[ Info: fmcmc! -- solverData(vert=x2).inferdim=1.0
State machine iter=6[ Info: fmcmc! -- solverData(vert=x0).inferdim=2.0

[ Info: Outgoing msg density on: 
State machine iter=7
[ Info: prepCliqInitMsgsUp, seps=Symbol[:x2]
State machine iter=8
State machine iter=1[ Info: up w 0 msgs
[ Info: ---------- successive fnc approx ------------x7,: x6,

[ Info: #1	 -- 
State machine iter=2[ Info: ---------- successive fnc approx ------------x7,: x6,

[ Info: #1	 -- 
State machine iter=3[ Info: [2x0p,d1,N100],

[ Info: #2	 -- 
State machine iter=4[ Info: [2x0p,d1,N100],

[ Info: #3	 -- 
State machine iter=9[ Info: [2x0p,d1,N100],

[ Info: fmcmc! -- solverData(vert=x6).inferdim=1.0
State machine iter=10[ Info: fmcmc! -- solverData(vert=x7).inferdim=2.0

[ Info: Outgoing msg density on: 
[ Info: prepCliqInitMsgsUp, seps=Symbol[:x6]
State machine iter=1
State machine iter=2
State machine iter=3
State machine iter=4
State machine iter=5
State machine iter=6
State machine iter=7
State machine iter=8
[ Info: up w 0 msgs
[ Info: ---------- successive fnc approx ------------x3,: l1,x4,x2,
[ Info: #1	 -- 
[ Info: ---------- successive fnc approx ------------x3,: l1,x4,x2,
[ Info: #1	 -- 
[ Info: [2x0p,d1,N100],
[ Info: [2x0p,d1,N100],
[ Info: [4x0p,d1,N100],
State machine iter=9[ Info: #2	 -- 

[ Info: [2x0p,d1,N100],
State machine iter=10[ Info: [2x0p,d1,N100],

[ Info: [4x0p,d1,N100],
[ Info: #3	 -- 
[ Info: [2x0p,d1,N100],
[ Info: [2x0p,d1,N100],
[ Info: [4x0p,d1,N100],
[ Info: fmcmc! -- solverData(vert=x2).inferdim=1.0
[ Info: fmcmc! -- solverData(vert=l1).inferdim=2.0
[ Info: fmcmc! -- solverData(vert=x4).inferdim=2.0
[ Info: fmcmc! -- solverData(vert=x3).inferdim=4.0
[ Info: Outgoing msg density on: 
[ Info: prepCliqInitMsgsUp, seps=Symbol[:l1, :x4, :x2]
State machine iter=5
State machine iter=6
State machine iter=7
State machine iter=8
State machine iter=9
[ Info: up w 1 msgs
[ Info: inp.sendmsgs[x2].inferdim=1.0
[ Info: inp.sendmsgs[x4].inferdim=2.0
State machine iter=10[ Info: inp.sendmsgs[l1].inferdim=2.0

[ Info: ---------- successive fnc approx ------------x4,: l1,x2,x5,
[ Info: #1	 -- 
[ Info: ---------- successive fnc approx ------------x4,: l1,x2,x5,
[ Info: #1	 -- 
[ Info: fmcmc! -- solverData(vert=l1).inferdim=2.0
[ Info: fmcmc! -- solverData(vert=x2).inferdim=1.0
[ Info: ---------- successive fnc approx ------------x4,: l1,x2,x5,
[ Info: #1	 -- 
[ Info: [2x0p,d1,N100],
[ Info: #2	 -- 
[ Info: [2x0p,d1,N100],
[ Info: #3	 -- 
[ Info: [2x0p,d1,N100],
[ Info: fmcmc! -- solverData(vert=x5).inferdim=1.0
[ Info: fmcmc! -- solverData(vert=x4).inferdim=3.0
[ Info: ---------- successive fnc approx ------------x4,: l1,x2,x5,
[ Info: #1	 -- 
[ Info: Outgoing msg density on: 
[ Info: prepCliqInitMsgsUp, seps=Symbol[:l1, :x2, :x5]
State machine iter=5
State machine iter=6
[ Info: up w 3 msgs
State machine iter=9
State machine iter=10
[ Info: inp.sendmsgs[x2].inferdim=1.0
[ Info: inp.sendmsgs[x6].inferdim=1.0
[ Info: inp.sendmsgs[x2].inferdim=1.0
[ Info: inp.sendmsgs[x5].inferdim=1.0
[ Info: inp.sendmsgs[l1].inferdim=2.0
[ Info: ---------- successive fnc approx ------------x6,x2,l1,x5,: 
[ Info: #1	 -- 
[ Info: fmcmc! -- solverData(vert=l1).inferdim=2.0
[ Info: ---------- successive fnc approx ------------x6,x2,l1,x5,: 
[ Info: #1	 -- 
[ Info: [2x0p,d1,N100],
[ Info: [2x0p,d1,N100],
[ Info: #2	 -- 
[ Info: [2x0p,d1,N100],
[ Info: [2x0p,d1,N100],
[ Info: #3	 -- 
[ Info: [2x0p,d1,N100],
[ Info: [2x0p,d1,N100],
[ Info: fmcmc! -- solverData(vert=x6).inferdim=2.0
[ Info: fmcmc! -- solverData(vert=x5).inferdim=2.0
[ Info: ---------- successive fnc approx ------------x6,x2,l1,x5,: 
[ Info: #1	 -- 
[ Info: [2x0p,d1,N100],
[ Info: fmcmc! -- solverData(vert=x2).inferdim=2.0
[ Info: fmcmc! -- solverData(vert=l1).inferdim=2.0
[ Info: Outgoing msg density on: 
[ Info: prepCliqInitMsgsUp, seps=Symbol[]
State machine iter=7
State machine iter=8
[ Info: transferUpdateSubGraph! -- syms=Symbol[:x6, :x2, :l1, :x5]
[ Info: sym=x6, mem size of val=(1, 100) and (1, 100)
┌ Warning: Deprecated
└ @ IncrementalInference ~/.julia/packages/IncrementalInference/FweX2/src/FactorGraphTypes.jl:362
[ Info: sym=x2, mem size of val=(1, 100) and (1, 100)
┌ Warning: Deprecated
└ @ IncrementalInference ~/.julia/packages/IncrementalInference/FweX2/src/FactorGraphTypes.jl:362
[ Info: sym=l1, mem size of val=(1, 100) and (1, 100)
┌ Warning: Deprecated
└ @ IncrementalInference ~/.julia/packages/IncrementalInference/FweX2/src/FactorGraphTypes.jl:362
[ Info: sym=x5, mem size of val=(1, 100) and (1, 100)
┌ Warning: Deprecated
└ @ IncrementalInference ~/.julia/packages/IncrementalInference/FweX2/src/FactorGraphTypes.jl:362
State machine iter=11
State machine iter=11[ Info: [2x0p,d1,N100],

State machine iter=11
[ Info: [2x0p,d1,N100],
State machine iter=9[ Info: [3x0p,d1,N100],

State machine iter=12
State machine iter=11
State machine iter=12[ Info: [4x0p,d1,N100],

State machine iter=12
State machine iter=12
Test Summary:                                                  |
with local Graphs.jl dictionary and arrays only (multicore)... | No tests
[ Info: Finished tree based init-inference
[ Info: Folder '/tmp/dfg_test' doesn't exist, creating...
┌ Warning: Retrieving serialization module from AbstractDFG - override this in the 'GraphsDFG{SolverParams} structure! This is returning Main
└ @ DistributedFactorGraphs ~/.julia/packages/DistributedFactorGraphs/NMxiR/src/services/AbstractDFG.jl:25
┌ Warning: Retrieving serialization module from AbstractDFG - override this in the 'GraphsDFG{SolverParams} structure! This is returning Main
└ @ DistributedFactorGraphs ~/.julia/packages/DistributedFactorGraphs/NMxiR/src/services/AbstractDFG.jl:25
┌ Warning: Retrieving serialization module from AbstractDFG - override this in the 'GraphsDFG{SolverParams} structure! This is returning Main
└ @ DistributedFactorGraphs ~/.julia/packages/DistributedFactorGraphs/NMxiR/src/services/AbstractDFG.jl:25
┌ Warning: Retrieving serialization module from AbstractDFG - override this in the 'GraphsDFG{SolverParams} structure! This is returning Main
└ @ DistributedFactorGraphs ~/.julia/packages/DistributedFactorGraphs/NMxiR/src/services/AbstractDFG.jl:25
┌ Warning: Retrieving serialization module from AbstractDFG - override this in the 'GraphsDFG{SolverParams} structure! This is returning Main
└ @ DistributedFactorGraphs ~/.julia/packages/DistributedFactorGraphs/NMxiR/src/services/AbstractDFG.jl:25
┌ Warning: Retrieving serialization module from AbstractDFG - override this in the 'GraphsDFG{SolverParams} structure! This is returning Main
└ @ DistributedFactorGraphs ~/.julia/packages/DistributedFactorGraphs/NMxiR/src/services/AbstractDFG.jl:25
┌ Warning: Retrieving serialization module from AbstractDFG - override this in the 'GraphsDFG{SolverParams} structure! This is returning Main
└ @ DistributedFactorGraphs ~/.julia/packages/DistributedFactorGraphs/NMxiR/src/services/AbstractDFG.jl:25
┌ Warning: Retrieving serialization module from AbstractDFG - override this in the 'GraphsDFG{SolverParams} structure! This is returning Main
└ @ DistributedFactorGraphs ~/.julia/packages/DistributedFactorGraphs/NMxiR/src/services/AbstractDFG.jl:25
[ Info: Loaded 8 variables - Symbol[:l1, :x0, :x2, :x3, :x4, :x5, :x6, :x7]
[ Info: Inserting variables into graph...
[ Info: Loaded 8 factors - Symbol[:x0f1, :x0x2f1, :x2x3f1, :x3f1, :x3l1f1, :x3x4f1, :x4l1f1, :x4x5f1, :x5x6f1, :x6x7f1, :x7f1]
[ Info: Inserting factors into graph...
[ Info: Rebuilding CCW's for the factors...
Test Summary:                      | Pass  Total
saving to and loading from FileDFG |    2      2
┌ Warning: must return testExpandedJLD.jl to testing -- currently skipped since jld2 files cannot be loaded.
└ @ Main ~/.julia/packages/IncrementalInference/FweX2/test/runtests.jl:75
[ Info: try doautoinit! of x1
[ Info: try doautoinit! of x1
[ Info: init with useinitfct Symbol[:x1f1]
[ Info: do init of x1
[ Info: try doautoinit! of x2
[ Info: try doautoinit! of x2
[ Info: init with useinitfct Symbol[:x1x2f1]
[ Info: do init of x2
[ Info: try doautoinit! of x3
[ Info: try doautoinit! of x3
[ Info: init with useinitfct Symbol[:x2x3f1]
[ Info: do init of x3
[ Info: try doautoinit! of x4
[ Info: try doautoinit! of l1
[ Info: try doautoinit! of l1
[ Info: init with useinitfct Symbol[:x1l1f1, :x2l1f1]
[ Info: do init of l1
[ Info: [2x0p,d1,N100],
[ Info: try doautoinit! of l2
[ Info: try doautoinit! of l2
[ Info: init with useinitfct Symbol[:x2l2f1, :x3l2f1]
[ Info: do init of l2
[ Info: [2x0p,d1,N100],
[ Info: try doautoinit! of x4
[ Info: init with useinitfct Symbol[:x4l2f1, :x3x4f1]
[ Info: do init of x4
[ Info: [2x0p,d1,N100],
[ Info: 
[ Info: Eliminating x2
[ Info: ===============
[ Info: 
[ Info:  - Removing x2

Building Bayes net...
Si = Symbol[:x3, :x1, :l2, :l1]
Si = Symbol[:x4, :x1, :l2, :l1]
[ Info: 
[ Info: Eliminating x3
[ Info: ===============
[ Info: 
[ Info:  - Removing x3
[ Info: Looking at x3x1l2l1f1
[ Info:    - Breaking link x3x1l2l1f1->x3...
[ Info:      - Original links: Symbol[:x3, :x1, :l2, :l1]
[ Info:      - New links: Symbol[:x1, :l2, :l1]
[ Info: x3x1l2l1f1 still has links to other variables, readding it back...
Si = Symbol[:l2, :l1, :x4]
[ Info: 
[ Info: Eliminating x1
[ Info: ===============
[ Info: 
[ Info:  - Removing x1
[ Info: Looking at x1l2l1f1
[ Info:    - Breaking link x1l2l1f1->x1...
[ Info:      - Original links: Symbol[:x1, :l2, :l1]
[ Info:      - New links: Symbol[:l2, :l1]
[ Info: x1l2l1f1 still has links to other variables, readding it back...
[ Info: Looking at x4x1l2l1f1
[ Info:    - Breaking link x4x1l2l1f1->x1...
[ Info:      - Original links: Symbol[:x4, :x1, :l2, :l1]
[ Info:      - New links: Symbol[:x4, :l2, :l1]
[ Info: x4x1l2l1f1 still has links to other variables, readding it back...
Si = Symbol[:x4, :l1]
Si = Symbol[:x4]
[ Info: 
[ Info: Eliminating l2
[ Info: ===============
[ Info: 
[ Info:  - Removing l2
[ Info: Looking at x4l2l1f1
[ Info:    - Breaking link x4l2l1f1->l2...
[ Info:      - Original links: Symbol[:x4, :l2, :l1]
[ Info:      - New links: Symbol[:x4, :l1]
[ Info: x4l2l1f1 still has links to other variables, readding it back...
[ Info: Looking at l2l1x4f1
[ Info:    - Breaking link l2l1x4f1->l2...
[ Info:      - Original links: Symbol[:l2, :l1, :x4]
[ Info:      - New links: Symbol[:l1, :x4]
[ Info: l2l1x4f1 still has links to other variables, readding it back...
[ Info: Looking at l2l1f1
[ Info:    - Breaking link l2l1f1->l2...
[ Info:      - Original links: Symbol[:l2, :l1]
[ Info:      - New links: Symbol[:l1]
[ Info: l2l1f1 still has links to other variables, readding it back...
[ Info: 
[ Info: Eliminating l1
[ Info: ===============
[ Info: 
[ Info:  - Removing l1
[ Info: Looking at l1f1
[ Info:    - Breaking link l1f1->l1...
[ Info:      - Original links: Symbol[:l1]
[ Info:      - New links: Symbol[]
[ Info: l1f1 doesn't have any other links, not adding it back...
[ Info: Looking at x4l1f2
[ Info:    - Breaking link x4l1f2->l1...
[ Info:      - Original links: Symbol[:x4, :l1]
[ Info:      - New links: Symbol[:x4]
[ Info: x4l1f2 still has links to other variables, readding it back...
[ Info: Looking at l1x4f1
[ Info:    - Breaking link l1x4f1->l1...
[ Info:      - Original links: Symbol[:l1, :x4]
[ Info:      - New links: Symbol[:x4]
[ Info: l1x4f1 still has links to other variables, readding it back...
[ Info: Looking at x4l1f1
[ Info:    - Breaking link x4l1f1->l1...
[ Info:      - Original links: Symbol[:x4, :l1]
[ Info:      - New links: Symbol[:x4]
[ Info: x4l1f1 still has links to other variables, readding it back...
Find potential functions for each clique
[ Info: 
[ Info: Eliminating x4
[ Info: ===============
[ Info: 
[ Info:  - Removing x4
[ Info: Looking at x4f4
[ Info:    - Breaking link x4f4->x4...
[ Info:      - Original links: Symbol[:x4]
[ Info:      - New links: Symbol[]
[ Info: x4f4 doesn't have any other links, not adding it back...
[ Info: Looking at x4f3
[ Info:    - Breaking link x4f3->x4...
[ Info:      - Original links: Symbol[:x4]
[ Info:      - New links: Symbol[]
[ Info: x4f3 doesn't have any other links, not adding it back...
[ Info: Looking at x4f2
[ Info:    - Breaking link x4f2->x4...
[ Info:      - Original links: Symbol[:x4]
[ Info:      - New links: Symbol[]
[ Info: x4f2 doesn't have any other links, not adding it back...
[ Info: Looking at x4f1
[ Info:    - Breaking link x4f1->x4...
[ Info:      - Original links: Symbol[:x4]
[ Info:      - New links: Symbol[]
[ Info: x4f1 doesn't have any other links, not adding it back...
[ Info: Get potentials x2,: x3,x1,l2,l1,
[ Info: using all factors among cliq variables
[ Info: finding all frontals for down WIP
[ Info: Get potentials x4,l1,l2,x1,x3,: 
[ Info: using all factors among cliq variables
[ Info: finding all frontals for down WIP
[ Info: cliq=1 adding factor that is no in separator, x2
[ Info: cliq=1 adding factor that is no in separator, x2
[ Info: cliq=1 adding factor that is no in separator, x2
[ Info: cliq=1 adding factor that is no in separator, x2
Bayes Tree
┌ Warning: Base.IOError("could not spawn `dot2tex -tmath --preproc /root/.julia/packages/IncrementalInference/FweX2/test/tmp/bt.dot -o /root/.julia/packages/IncrementalInference/FweX2/test/tmp/btproc.dot`: no such file or directory (ENOENT)", -2)
└ @ IncrementalInference ~/.julia/packages/IncrementalInference/FweX2/src/JunctionTree.jl:331
stacktrace() = Base.StackTraces.StackFrame[macro expansion at show.jl:562 [inlined], #generateTexTree#96(::String, ::typeof(generateTexTree), ::BayesTree) at JunctionTree.jl:332, (::IncrementalInference.var"#kw##generateTexTree")(::NamedTuple{(:filepath,),Tuple{String}}, ::typeof(generateTexTree), ::BayesTree) at none:0, top-level scope at testTexTreeIllustration.jl:47, top-level scope at Test.jl:1107, top-level scope at testTexTreeIllustration.jl:14, include at boot.jl:328 [inlined], include_relative(::Module, ::String) at loading.jl:1105, include(::Module, ::String) at Base.jl:31, include(::String) at client.jl:424, top-level scope at runtests.jl:79, include at boot.jl:328 [inlined], include_relative(::Module, ::String) at loading.jl:1105, include(::Module, ::String) at Base.jl:31, include(::String) at client.jl:424, top-level scope at none:6, eval(::Module, ::Any) at boot.jl:330, exec_options(::Base.JLOptions) at client.jl:263, _start() at client.jl:460]
Test Summary:           | Pass  Total
testing generateTexTree |    1      1
   Testing IncrementalInference tests passed 
