 Resolving package versions...
 Installed Parsers ──────────── v0.3.10
 Installed OrderedCollections ─ v1.1.0
 Installed BenchmarkTools ───── v0.4.3
 Installed JSON ─────────────── v0.21.0
 Installed MathOptInterface ─── v0.9.7
  Updating `~/.julia/environments/v1.2/Project.toml`
  [b8f27783] + MathOptInterface v0.9.7
  Updating `~/.julia/environments/v1.2/Manifest.toml`
  [6e4b80f9] + BenchmarkTools v0.4.3
  [682c06a0] + JSON v0.21.0
  [b8f27783] + MathOptInterface v0.9.7
  [bac558e1] + OrderedCollections v1.1.0
  [69de0a69] + Parsers v0.3.10
  [2a0f44e3] + Base64 
  [ade2ca70] + Dates 
  [8ba89e20] + Distributed 
  [b77e0a4c] + InteractiveUtils 
  [8f399da3] + Libdl 
  [37e2e46d] + LinearAlgebra 
  [56ddb016] + Logging 
  [d6f4376e] + Markdown 
  [a63ad114] + Mmap 
  [de0858da] + Printf 
  [9a3f8284] + Random 
  [9e88b42a] + Serialization 
  [6462fe0b] + Sockets 
  [2f01184e] + SparseArrays 
  [10745b16] + Statistics 
  [8dfed614] + Test 
  [4ec0a83e] + Unicode 
   Testing MathOptInterface
    Status `/tmp/jl_xHc3Zr/Manifest.toml`
  [6e4b80f9] BenchmarkTools v0.4.3
  [682c06a0] JSON v0.21.0
  [b8f27783] MathOptInterface v0.9.7
  [bac558e1] OrderedCollections v1.1.0
  [69de0a69] Parsers v0.3.10
  [2a0f44e3] Base64  [`@stdlib/Base64`]
  [ade2ca70] Dates  [`@stdlib/Dates`]
  [8ba89e20] Distributed  [`@stdlib/Distributed`]
  [b77e0a4c] InteractiveUtils  [`@stdlib/InteractiveUtils`]
  [8f399da3] Libdl  [`@stdlib/Libdl`]
  [37e2e46d] LinearAlgebra  [`@stdlib/LinearAlgebra`]
  [56ddb016] Logging  [`@stdlib/Logging`]
  [d6f4376e] Markdown  [`@stdlib/Markdown`]
  [a63ad114] Mmap  [`@stdlib/Mmap`]
  [de0858da] Printf  [`@stdlib/Printf`]
  [9a3f8284] Random  [`@stdlib/Random`]
  [9e88b42a] Serialization  [`@stdlib/Serialization`]
  [6462fe0b] Sockets  [`@stdlib/Sockets`]
  [2f01184e] SparseArrays  [`@stdlib/SparseArrays`]
  [10745b16] Statistics  [`@stdlib/Statistics`]
  [8dfed614] Test  [`@stdlib/Test`]
  [4ec0a83e] Unicode  [`@stdlib/Unicode`]
Test Summary: | Pass  Total
MOI           |  162    162
Test Summary: | Pass  Total
MOI.Utilities | 7156   7156
Test Summary: | Pass  Total
MOI.Test      | 3793   3793
Testing bridge_optimizer.jl
    Took 79.4 seconds
Testing lazy_bridge_optimizer.jl
    Took 310.1 seconds
Testing /root/.julia/packages/MathOptInterface/A2UPd/test/Bridges/Variable/flip_sign.jl
    Took 7.5 seconds
Testing /root/.julia/packages/MathOptInterface/A2UPd/test/Bridges/Variable/free.jl
    Took 12.7 seconds
Testing /root/.julia/packages/MathOptInterface/A2UPd/test/Bridges/Variable/map.jl
    Took 2.4 seconds
Testing /root/.julia/packages/MathOptInterface/A2UPd/test/Bridges/Variable/rsoc_to_psd.jl
    Took 8.6 seconds
Testing /root/.julia/packages/MathOptInterface/A2UPd/test/Bridges/Variable/rsoc_to_soc.jl
    Took 5.3 seconds
Testing /root/.julia/packages/MathOptInterface/A2UPd/test/Bridges/Variable/soc_to_rsoc.jl
    Took 6.1 seconds
Testing /root/.julia/packages/MathOptInterface/A2UPd/test/Bridges/Variable/vectorize.jl
    Took 6.6 seconds
Testing /root/.julia/packages/MathOptInterface/A2UPd/test/Bridges/Variable/zeros.jl
    Took 5.1 seconds
Testing /root/.julia/packages/MathOptInterface/A2UPd/test/Bridges/Constraint/bridge.jl
    Took 0.1 seconds
Testing /root/.julia/packages/MathOptInterface/A2UPd/test/Bridges/Constraint/det.jl
    Took 12.9 seconds
Testing /root/.julia/packages/MathOptInterface/A2UPd/test/Bridges/Constraint/flip_sign.jl
    Took 49.1 seconds
Testing /root/.julia/packages/MathOptInterface/A2UPd/test/Bridges/Constraint/functionize.jl
    Took 21.6 seconds
Testing /root/.julia/packages/MathOptInterface/A2UPd/test/Bridges/Constraint/geomean.jl
    Took 13.3 seconds
Testing /root/.julia/packages/MathOptInterface/A2UPd/test/Bridges/Constraint/indicator.jl
    Took 0.4 seconds
Testing /root/.julia/packages/MathOptInterface/A2UPd/test/Bridges/Constraint/interval.jl
    Took 15.5 seconds
Testing /root/.julia/packages/MathOptInterface/A2UPd/test/Bridges/Constraint/map.jl
    Took 2.2 seconds
Testing /root/.julia/packages/MathOptInterface/A2UPd/test/Bridges/Constraint/norm_to_lp.jl
    Took 30.3 seconds
Testing /root/.julia/packages/MathOptInterface/A2UPd/test/Bridges/Constraint/quad_to_soc.jl
    Took 11.1 seconds
Testing /root/.julia/packages/MathOptInterface/A2UPd/test/Bridges/Constraint/rsoc.jl
    Took 27.5 seconds
Testing /root/.julia/packages/MathOptInterface/A2UPd/test/Bridges/Constraint/scalarize.jl
    Took 42.8 seconds
Testing /root/.julia/packages/MathOptInterface/A2UPd/test/Bridges/Constraint/slack.jl
    Took 32.3 seconds
Testing /root/.julia/packages/MathOptInterface/A2UPd/test/Bridges/Constraint/soc_to_psd.jl
    Took 29.2 seconds
Testing /root/.julia/packages/MathOptInterface/A2UPd/test/Bridges/Constraint/square.jl
    Took 14.5 seconds
Testing /root/.julia/packages/MathOptInterface/A2UPd/test/Bridges/Constraint/vectorize.jl
    Took 24.0 seconds
Testing /root/.julia/packages/MathOptInterface/A2UPd/test/Bridges/Objective/functionize.jl
    Took 2.9 seconds
Testing /root/.julia/packages/MathOptInterface/A2UPd/test/Bridges/Objective/map.jl
    Took 0.5 seconds
Testing /root/.julia/packages/MathOptInterface/A2UPd/test/Bridges/Objective/slack.jl
    Took 12.7 seconds
Test Summary: | Pass  Total
MOI.Bridges   | 6851   6851
(1/9) benchmarking "delete_constraint"...
done (took 4.81961131 seconds)
(2/9) benchmarking "add_variable_constraints"...
done (took 4.709708135 seconds)
(3/9) benchmarking "add_variables"...
done (took 4.775644868 seconds)
(4/9) benchmarking "add_constraint"...
done (took 4.639548804 seconds)
(5/9) benchmarking "add_variable"...
done (took 4.711918125 seconds)
(6/9) benchmarking "delete_variable_constraint"...
done (took 4.55931663 seconds)
(7/9) benchmarking "add_variable_constraint"...
done (took 4.795439383 seconds)
(8/9) benchmarking "add_constraints"...
done (took 4.837140434 seconds)
(9/9) benchmarking "delete_variable"...
done (took 4.767948582 seconds)
(1/9) benchmarking "delete_constraint"...
done (took 4.929118222 seconds)
(2/9) benchmarking "add_variable_constraints"...
done (took 4.946807855 seconds)
(3/9) benchmarking "add_variables"...
done (took 4.747009306 seconds)
(4/9) benchmarking "add_constraint"...
done (took 4.909907119 seconds)
(5/9) benchmarking "add_variable"...
done (took 4.842582535 seconds)
(6/9) benchmarking "delete_variable_constraint"...
done (took 5.131919258 seconds)
(7/9) benchmarking "add_variable_constraint"...
done (took 4.796778307 seconds)
(8/9) benchmarking "add_constraints"...
done (took 5.145571147 seconds)
(9/9) benchmarking "delete_variable"...
done (took 4.899243395 seconds)

========== Results ==========

delete_constraint
BenchmarkTools.TrialJudgement: 
  time:   +0.82% => invariant (5.00% tolerance)
  memory: +0.00% => invariant (1.00% tolerance)

add_variable_constraints
BenchmarkTools.TrialJudgement: 
  time:   +4.70% => invariant (5.00% tolerance)
  memory: +0.00% => invariant (1.00% tolerance)

add_variables
BenchmarkTools.TrialJudgement: 
  time:   -0.58% => invariant (5.00% tolerance)
  memory: +0.00% => invariant (1.00% tolerance)

add_constraint
BenchmarkTools.TrialJudgement: 
  time:   +2.55% => invariant (5.00% tolerance)
  memory: +0.00% => invariant (1.00% tolerance)

add_variable
BenchmarkTools.TrialJudgement: 
  time:   +1.01% => invariant (5.00% tolerance)
  memory: +0.00% => invariant (1.00% tolerance)

delete_variable_constraint
BenchmarkTools.TrialJudgement: 
  time:   -0.51% => invariant (5.00% tolerance)
  memory: +0.00% => invariant (1.00% tolerance)

add_variable_constraint
BenchmarkTools.TrialJudgement: 
  time:   +1.84% => invariant (5.00% tolerance)
  memory: +0.00% => invariant (1.00% tolerance)

add_constraints
BenchmarkTools.TrialJudgement: 
  time:   +4.24% => invariant (5.00% tolerance)
  memory: +0.00% => invariant (1.00% tolerance)

delete_variable
BenchmarkTools.TrialJudgement: 
  time:   +0.61% => invariant (5.00% tolerance)
  memory: +0.00% => invariant (1.00% tolerance)
Test Summary:  | Pass  Total
MOI.Benchmarks |    7      7
   Testing MathOptInterface tests passed 
