 Resolving package versions...
 Installed Parsers ──────────── v0.3.10
 Installed OrderedCollections ─ v1.1.0
 Installed BenchmarkTools ───── v0.4.3
 Installed JSON ─────────────── v0.21.0
 Installed MathOptInterface ─── v0.9.7
  Updating `~/.julia/environments/v1.3/Project.toml`
  [b8f27783] + MathOptInterface v0.9.7
  Updating `~/.julia/environments/v1.3/Manifest.toml`
  [6e4b80f9] + BenchmarkTools v0.4.3
  [682c06a0] + JSON v0.21.0
  [b8f27783] + MathOptInterface v0.9.7
  [bac558e1] + OrderedCollections v1.1.0
  [69de0a69] + Parsers v0.3.10
  [2a0f44e3] + Base64 
  [ade2ca70] + Dates 
  [8ba89e20] + Distributed 
  [b77e0a4c] + InteractiveUtils 
  [8f399da3] + Libdl 
  [37e2e46d] + LinearAlgebra 
  [56ddb016] + Logging 
  [d6f4376e] + Markdown 
  [a63ad114] + Mmap 
  [de0858da] + Printf 
  [9a3f8284] + Random 
  [9e88b42a] + Serialization 
  [6462fe0b] + Sockets 
  [2f01184e] + SparseArrays 
  [10745b16] + Statistics 
  [8dfed614] + Test 
  [4ec0a83e] + Unicode 
   Testing MathOptInterface
    Status `/tmp/jl_iXLTXe/Manifest.toml`
  [6e4b80f9] BenchmarkTools v0.4.3
  [682c06a0] JSON v0.21.0
  [b8f27783] MathOptInterface v0.9.7
  [bac558e1] OrderedCollections v1.1.0
  [69de0a69] Parsers v0.3.10
  [2a0f44e3] Base64  [`@stdlib/Base64`]
  [ade2ca70] Dates  [`@stdlib/Dates`]
  [8ba89e20] Distributed  [`@stdlib/Distributed`]
  [b77e0a4c] InteractiveUtils  [`@stdlib/InteractiveUtils`]
  [8f399da3] Libdl  [`@stdlib/Libdl`]
  [37e2e46d] LinearAlgebra  [`@stdlib/LinearAlgebra`]
  [56ddb016] Logging  [`@stdlib/Logging`]
  [d6f4376e] Markdown  [`@stdlib/Markdown`]
  [a63ad114] Mmap  [`@stdlib/Mmap`]
  [de0858da] Printf  [`@stdlib/Printf`]
  [9a3f8284] Random  [`@stdlib/Random`]
  [9e88b42a] Serialization  [`@stdlib/Serialization`]
  [6462fe0b] Sockets  [`@stdlib/Sockets`]
  [2f01184e] SparseArrays  [`@stdlib/SparseArrays`]
  [10745b16] Statistics  [`@stdlib/Statistics`]
  [8dfed614] Test  [`@stdlib/Test`]
  [4ec0a83e] Unicode  [`@stdlib/Unicode`]
Test Summary: | Pass  Total
MOI           |  162    162
Test Summary: | Pass  Total
MOI.Utilities | 7156   7156
Test Summary: | Pass  Total
MOI.Test      | 3793   3793
Testing bridge_optimizer.jl
    Took 69.3 seconds
Testing lazy_bridge_optimizer.jl
    Took 269.7 seconds
Testing /root/.julia/packages/MathOptInterface/A2UPd/test/Bridges/Variable/flip_sign.jl
    Took 8.2 seconds
Testing /root/.julia/packages/MathOptInterface/A2UPd/test/Bridges/Variable/free.jl
    Took 13.0 seconds
Testing /root/.julia/packages/MathOptInterface/A2UPd/test/Bridges/Variable/map.jl
    Took 2.2 seconds
Testing /root/.julia/packages/MathOptInterface/A2UPd/test/Bridges/Variable/rsoc_to_psd.jl
    Took 8.4 seconds
Testing /root/.julia/packages/MathOptInterface/A2UPd/test/Bridges/Variable/rsoc_to_soc.jl
    Took 5.0 seconds
Testing /root/.julia/packages/MathOptInterface/A2UPd/test/Bridges/Variable/soc_to_rsoc.jl
    Took 6.2 seconds
Testing /root/.julia/packages/MathOptInterface/A2UPd/test/Bridges/Variable/vectorize.jl
    Took 6.6 seconds
Testing /root/.julia/packages/MathOptInterface/A2UPd/test/Bridges/Variable/zeros.jl
    Took 5.0 seconds
Testing /root/.julia/packages/MathOptInterface/A2UPd/test/Bridges/Constraint/bridge.jl
    Took 0.1 seconds
Testing /root/.julia/packages/MathOptInterface/A2UPd/test/Bridges/Constraint/det.jl
    Took 13.3 seconds
Testing /root/.julia/packages/MathOptInterface/A2UPd/test/Bridges/Constraint/flip_sign.jl
    Took 48.1 seconds
Testing /root/.julia/packages/MathOptInterface/A2UPd/test/Bridges/Constraint/functionize.jl
    Took 19.2 seconds
Testing /root/.julia/packages/MathOptInterface/A2UPd/test/Bridges/Constraint/geomean.jl
    Took 12.5 seconds
Testing /root/.julia/packages/MathOptInterface/A2UPd/test/Bridges/Constraint/indicator.jl
    Took 0.4 seconds
Testing /root/.julia/packages/MathOptInterface/A2UPd/test/Bridges/Constraint/interval.jl
    Took 15.3 seconds
Testing /root/.julia/packages/MathOptInterface/A2UPd/test/Bridges/Constraint/map.jl
    Took 2.3 seconds
Testing /root/.julia/packages/MathOptInterface/A2UPd/test/Bridges/Constraint/norm_to_lp.jl
    Took 30.1 seconds
Testing /root/.julia/packages/MathOptInterface/A2UPd/test/Bridges/Constraint/quad_to_soc.jl
    Took 12.1 seconds
Testing /root/.julia/packages/MathOptInterface/A2UPd/test/Bridges/Constraint/rsoc.jl
    Took 24.4 seconds
Testing /root/.julia/packages/MathOptInterface/A2UPd/test/Bridges/Constraint/scalarize.jl
    Took 36.7 seconds
Testing /root/.julia/packages/MathOptInterface/A2UPd/test/Bridges/Constraint/slack.jl
    Took 30.9 seconds
Testing /root/.julia/packages/MathOptInterface/A2UPd/test/Bridges/Constraint/soc_to_psd.jl
    Took 28.6 seconds
Testing /root/.julia/packages/MathOptInterface/A2UPd/test/Bridges/Constraint/square.jl
    Took 12.7 seconds
Testing /root/.julia/packages/MathOptInterface/A2UPd/test/Bridges/Constraint/vectorize.jl
    Took 23.4 seconds
Testing /root/.julia/packages/MathOptInterface/A2UPd/test/Bridges/Objective/functionize.jl
    Took 2.9 seconds
Testing /root/.julia/packages/MathOptInterface/A2UPd/test/Bridges/Objective/map.jl
    Took 0.4 seconds
Testing /root/.julia/packages/MathOptInterface/A2UPd/test/Bridges/Objective/slack.jl
    Took 11.7 seconds
Test Summary: | Pass  Total
MOI.Bridges   | 6851   6851
(1/9) benchmarking "delete_constraint"...
done (took 4.965506137 seconds)
(2/9) benchmarking "add_variable_constraints"...
done (took 4.956368773 seconds)
(3/9) benchmarking "add_variables"...
done (took 4.886283554 seconds)
(4/9) benchmarking "add_constraint"...
done (took 4.958701054 seconds)
(5/9) benchmarking "add_variable"...
done (took 4.982249478 seconds)
(6/9) benchmarking "delete_variable_constraint"...
done (took 4.815610252 seconds)
(7/9) benchmarking "add_variable_constraint"...
done (took 4.992655346 seconds)
(8/9) benchmarking "add_constraints"...
done (took 4.928146458 seconds)
(9/9) benchmarking "delete_variable"...
done (took 4.869417486 seconds)
(1/9) benchmarking "delete_constraint"...
done (took 5.265332824 seconds)
(2/9) benchmarking "add_variable_constraints"...
done (took 5.19865845 seconds)
(3/9) benchmarking "add_variables"...
done (took 4.960781579 seconds)
(4/9) benchmarking "add_constraint"...
done (took 5.016199544 seconds)
(5/9) benchmarking "add_variable"...
done (took 4.871271513 seconds)
(6/9) benchmarking "delete_variable_constraint"...
done (took 5.422813038 seconds)
(7/9) benchmarking "add_variable_constraint"...
done (took 4.884144523 seconds)
(8/9) benchmarking "add_constraints"...
done (took 5.141836443 seconds)
(9/9) benchmarking "delete_variable"...
done (took 5.247603445 seconds)

========== Results ==========

delete_constraint
BenchmarkTools.TrialJudgement: 
  time:   +5.93% => regression (5.00% tolerance)
  memory: +0.00% => invariant (1.00% tolerance)

add_variable_constraints
BenchmarkTools.TrialJudgement: 
  time:   +1.84% => invariant (5.00% tolerance)
  memory: +0.00% => invariant (1.00% tolerance)

add_variables
BenchmarkTools.TrialJudgement: 
  time:   +1.57% => invariant (5.00% tolerance)
  memory: +0.00% => invariant (1.00% tolerance)

add_constraint
BenchmarkTools.TrialJudgement: 
  time:   -1.18% => invariant (5.00% tolerance)
  memory: +0.00% => invariant (1.00% tolerance)

add_variable
BenchmarkTools.TrialJudgement: 
  time:   +21.09% => regression (5.00% tolerance)
  memory: +0.00% => invariant (1.00% tolerance)

delete_variable_constraint
BenchmarkTools.TrialJudgement: 
  time:   -4.23% => invariant (5.00% tolerance)
  memory: +0.00% => invariant (1.00% tolerance)

add_variable_constraint
BenchmarkTools.TrialJudgement: 
  time:   -4.03% => invariant (5.00% tolerance)
  memory: +0.00% => invariant (1.00% tolerance)

add_constraints
BenchmarkTools.TrialJudgement: 
  time:   +1.30% => invariant (5.00% tolerance)
  memory: +0.00% => invariant (1.00% tolerance)

delete_variable
BenchmarkTools.TrialJudgement: 
  time:   -2.12% => invariant (5.00% tolerance)
  memory: +0.00% => invariant (1.00% tolerance)
Test Summary:  | Pass  Total
MOI.Benchmarks |    7      7
   Testing MathOptInterface tests passed 
