 Resolving package versions...
 Installed TickTock ─ v1.0.0
  Updating `~/.julia/environments/v1.3/Project.toml`
  [9ff05d80] + TickTock v1.0.0
  Updating `~/.julia/environments/v1.3/Manifest.toml`
  [9ff05d80] + TickTock v1.0.0
  [2a0f44e3] + Base64 
  [ade2ca70] + Dates 
  [8ba89e20] + Distributed 
  [b77e0a4c] + InteractiveUtils 
  [76f85450] + LibGit2 
  [8f399da3] + Libdl 
  [56ddb016] + Logging 
  [d6f4376e] + Markdown 
  [44cfe95a] + Pkg 
  [de0858da] + Printf 
  [3fa0cd96] + REPL 
  [9a3f8284] + Random 
  [ea8e919c] + SHA 
  [9e88b42a] + Serialization 
  [6462fe0b] + Sockets 
  [8dfed614] + Test 
  [cf7118a7] + UUIDs 
  [4ec0a83e] + Unicode 
   Testing TickTock
    Status `/tmp/jl_0KrDIg/Manifest.toml`
  [9ff05d80] TickTock v1.0.0
  [2a0f44e3] Base64  [`@stdlib/Base64`]
  [ade2ca70] Dates  [`@stdlib/Dates`]
  [8ba89e20] Distributed  [`@stdlib/Distributed`]
  [b77e0a4c] InteractiveUtils  [`@stdlib/InteractiveUtils`]
  [76f85450] LibGit2  [`@stdlib/LibGit2`]
  [8f399da3] Libdl  [`@stdlib/Libdl`]
  [56ddb016] Logging  [`@stdlib/Logging`]
  [d6f4376e] Markdown  [`@stdlib/Markdown`]
  [44cfe95a] Pkg  [`@stdlib/Pkg`]
  [de0858da] Printf  [`@stdlib/Printf`]
  [3fa0cd96] REPL  [`@stdlib/REPL`]
  [9a3f8284] Random  [`@stdlib/Random`]
  [ea8e919c] SHA  [`@stdlib/SHA`]
  [9e88b42a] Serialization  [`@stdlib/Serialization`]
  [6462fe0b] Sockets  [`@stdlib/Sockets`]
  [8dfed614] Test  [`@stdlib/Test`]
  [cf7118a7] UUIDs  [`@stdlib/UUIDs`]
  [4ec0a83e] Unicode  [`@stdlib/Unicode`]
[ Info:  started timer at: 2019-12-02T19:37:32.671
1         [ Info: TickTock: "TickTock alarm" alarm for 0 hours, 0 minutes, 9 seconds
[ Info: TickTock: "TickTock alarm" alarm for 0 hours, 0 minutes, 5 seconds
[ Info:           3.65387123s: 3 seconds, 653 milliseconds
[ Info:  started timer at: 2019-12-02T19:37:37.502
[ Info:  started timer at: 2019-12-02T19:37:37.618
[ Info:  started timer at: 2019-12-02T19:37:37.67
[ Info:          0.009099788s: 9 milliseconds
Make 10 timers
[ Info:  started timer at: 2019-12-02T19:37:37.703
[ Info:  started timer at: 2019-12-02T19:37:38.706
[ Info:  started timer at: 2019-12-02T19:37:39.708
[ Info:  started timer at: 2019-12-02T19:37:40.711
[ Info:  started timer at: 2019-12-02T19:37:41.712
[ Info: TickTock alarm
This is an alarm. Do not be alarmed.
[ Info:          5.054668034s: 5 seconds, 54 milliseconds
[ Info:  started timer at: 2019-12-02T19:37:42.714
[ Info:  started timer at: 2019-12-02T19:37:43.716
[ Info:  started timer at: 2019-12-02T19:37:44.718
[ Info:  started timer at: 2019-12-02T19:37:45.72
[ Info:  started timer at: 2019-12-02T19:37:46.724
[ Info: TickTock alarm
test alarm has fired
[ Info:         10.172857956s: 10 seconds, 172 milliseconds
Check that there are 10 timers
wait a second
[ Info:          2.037901144s: 2 seconds, 37 milliseconds
[ Info:          3.041943509s: 3 seconds, 41 milliseconds
[ Info:          4.043608947s: 4 seconds, 43 milliseconds
[ Info:          5.045927375s: 5 seconds, 45 milliseconds
[ Info:          6.048275286s: 6 seconds, 48 milliseconds
[ Info:          7.049940992s: 7 seconds, 49 milliseconds
[ Info:          8.051523496s: 8 seconds, 51 milliseconds
[ Info:          9.053941776s: 9 seconds, 53 milliseconds
[ Info:         10.055776789s: 10 seconds, 55 milliseconds
[ Info:         11.058523517s: 11 seconds, 58 milliseconds
Print all the timers
10        9         8         7         6         5         4         3         2         1         Check that the most recent timer is more than 1 second
  2.055830301
Finish 10 timers and show canonical
[ Info:          2.282174249s: 2 seconds, 282 milliseconds
[ Info:          3.286521569s: 3 seconds, 286 milliseconds
[ Info:          4.288302457s: 4 seconds, 288 milliseconds
[ Info:          5.290702792s: 5 seconds, 290 milliseconds
[ Info:          6.293150245s: 6 seconds, 293 milliseconds
[ Info:          7.294894178s: 7 seconds, 294 milliseconds
[ Info:          8.296570286s: 8 seconds, 296 milliseconds
[ Info:          9.299067477s: 9 seconds, 299 milliseconds
[ Info:         10.300976623s: 10 seconds, 300 milliseconds
[ Info:         11.303811357s: 11 seconds, 303 milliseconds
   Testing TickTock tests passed 
