 Resolving package versions...
 Installed FastClosures ──── v0.3.2
 Installed TimerOutputs ──── v0.5.3
 Installed MatrixEquations ─ v1.1.1
 Installed LinearOperators ─ v0.7.1
  Updating `~/.julia/environments/v1.2/Project.toml`
  [99c1a7ee] + MatrixEquations v1.1.1
  Updating `~/.julia/environments/v1.2/Manifest.toml`
  [9aa1b823] + FastClosures v0.3.2
  [5c8ed15e] + LinearOperators v0.7.1
  [99c1a7ee] + MatrixEquations v1.1.1
  [a759f4b9] + TimerOutputs v0.5.3
  [2a0f44e3] + Base64 
  [8ba89e20] + Distributed 
  [b77e0a4c] + InteractiveUtils 
  [8f399da3] + Libdl 
  [37e2e46d] + LinearAlgebra 
  [56ddb016] + Logging 
  [d6f4376e] + Markdown 
  [de0858da] + Printf 
  [9a3f8284] + Random 
  [9e88b42a] + Serialization 
  [6462fe0b] + Sockets 
  [2f01184e] + SparseArrays 
  [8dfed614] + Test 
  [4ec0a83e] + Unicode 
   Testing MatrixEquations
    Status `/tmp/jl_u1ZB1l/Manifest.toml`
  [9aa1b823] FastClosures v0.3.2
  [5c8ed15e] LinearOperators v0.7.1
  [99c1a7ee] MatrixEquations v1.1.1
  [a759f4b9] TimerOutputs v0.5.3
  [2a0f44e3] Base64  [`@stdlib/Base64`]
  [8ba89e20] Distributed  [`@stdlib/Distributed`]
  [b77e0a4c] InteractiveUtils  [`@stdlib/InteractiveUtils`]
  [8f399da3] Libdl  [`@stdlib/Libdl`]
  [37e2e46d] LinearAlgebra  [`@stdlib/LinearAlgebra`]
  [56ddb016] Logging  [`@stdlib/Logging`]
  [d6f4376e] Markdown  [`@stdlib/Markdown`]
  [de0858da] Printf  [`@stdlib/Printf`]
  [9a3f8284] Random  [`@stdlib/Random`]
  [9e88b42a] Serialization  [`@stdlib/Serialization`]
  [6462fe0b] Sockets  [`@stdlib/Sockets`]
  [2f01184e] SparseArrays  [`@stdlib/SparseArrays`]
  [8dfed614] Test  [`@stdlib/Test`]
  [4ec0a83e] Unicode  [`@stdlib/Unicode`]
  0.028268 seconds (16.39 k allocations: 931.911 KiB, 34.71% gc time)
  0.063474 seconds (45.33 k allocations: 2.382 MiB)
  5.076091 seconds (1.06 M allocations: 54.611 MiB, 1.76% gc time)
  0.574532 seconds (436.33 k allocations: 21.978 MiB, 4.10% gc time)
  0.573660 seconds (440.77 k allocations: 21.949 MiB, 4.79% gc time)
  0.859094 seconds (15.62 k allocations: 2.228 MiB, 0.62% gc time)
 11.249485 seconds (7.10 M allocations: 344.962 MiB, 4.48% gc time)
  0.783626 seconds (61.50 k allocations: 6.742 MiB)
  1.108414 seconds (72.21 k allocations: 5.303 MiB)
  0.918335 seconds (16.82 k allocations: 2.431 MiB)
  0.757584 seconds (17.71 k allocations: 2.485 MiB)
  0.845446 seconds (17.88 k allocations: 2.488 MiB)
  3.392954 seconds (878.20 k allocations: 44.438 MiB, 1.36% gc time)
  0.642646 seconds (420.17 k allocations: 20.652 MiB, 8.66% gc time)
  0.551015 seconds (421.18 k allocations: 20.630 MiB, 1.33% gc time)
  1.299258 seconds (15.61 k allocations: 1.502 MiB)
 12.749082 seconds (7.06 M allocations: 342.220 MiB, 5.89% gc time)
  0.502185 seconds (63.17 k allocations: 5.288 MiB)
  0.927657 seconds (50.75 k allocations: 3.367 MiB)
  1.597553 seconds (16.83 k allocations: 1.629 MiB)
  2.015244 seconds (15.98 k allocations: 1.584 MiB, 4.68% gc time)
  1.986767 seconds (17.88 k allocations: 1.686 MiB)
  0.022106 seconds (25.95 k allocations: 1.310 MiB)
  0.016165 seconds (14.45 k allocations: 730.407 KiB)
  2.265489 seconds (717.95 k allocations: 38.738 MiB, 1.73% gc time)
  0.969607 seconds (235.93 k allocations: 13.351 MiB, 8.71% gc time)
  0.787053 seconds (1.82 k allocations: 1.699 MiB)
  0.162644 seconds (3.56 k allocations: 1.795 MiB)
  0.092094 seconds (9.07 k allocations: 748.566 KiB)
  1.190656 seconds (536.16 k allocations: 28.873 MiB, 2.13% gc time)
  0.561588 seconds (4.70 k allocations: 1.858 MiB)
  0.787556 seconds (2.99 k allocations: 1.759 MiB)
  0.835372 seconds (25.15 k allocations: 3.470 MiB)
  0.729202 seconds (27.55 k allocations: 3.735 MiB)
  3.782036 seconds (2.09 M allocations: 109.914 MiB, 8.89% gc time)
  2.034848 seconds (27.16 k allocations: 3.719 MiB, 1.07% gc time)
  1.996310 seconds (555.01 k allocations: 40.314 MiB, 2.10% gc time)
  1.119542 seconds (135.41 k allocations: 19.720 MiB)
  1.169103 seconds (137.83 k allocations: 19.926 MiB, 3.62% gc time)
  1.716853 seconds (25.63 k allocations: 3.500 MiB, 0.27% gc time)
  1.006290 seconds (31.19 k allocations: 3.926 MiB)
  1.332461 seconds (26.36 k allocations: 3.665 MiB)
  1.331337 seconds (28.78 k allocations: 3.937 MiB)
  0.947389 seconds (49 allocations: 2.359 MiB)
  1.139162 seconds (34.13 k allocations: 4.140 MiB, 2.42% gc time)
  0.929967 seconds (27.58 k allocations: 3.796 MiB)
  1.093969 seconds (29.94 k allocations: 3.989 MiB)
  2.913532 seconds (651.14 k allocations: 33.220 MiB, 1.11% gc time)
  1.351248 seconds (231.90 k allocations: 12.311 MiB)
  1.117907 seconds (1.81 k allocations: 917.876 KiB)
  0.790584 seconds (3.56 k allocations: 1016.599 KiB)
  0.089392 seconds (9.06 k allocations: 592.160 KiB)
  1.650657 seconds (526.13 k allocations: 27.085 MiB, 1.52% gc time)
  1.550807 seconds (4.69 k allocations: 1.055 MiB)
  1.554994 seconds (2.98 k allocations: 979.980 KiB)
  1.422119 seconds (25.14 k allocations: 2.368 MiB)
  1.120255 seconds (27.55 k allocations: 2.554 MiB, 5.10% gc time)
  5.203196 seconds (1.95 M allocations: 96.984 MiB, 2.91% gc time)
  1.075211 seconds (27.16 k allocations: 2.541 MiB)
  1.736010 seconds (551.73 k allocations: 34.201 MiB, 8.28% gc time)
  1.073160 seconds (131.71 k allocations: 13.594 MiB)
  1.016367 seconds (134.12 k allocations: 13.761 MiB, 4.40% gc time)
  0.977925 seconds (25.63 k allocations: 2.399 MiB)
  1.151140 seconds (31.19 k allocations: 2.748 MiB)
  0.837711 seconds (26.36 k allocations: 2.487 MiB)
  1.319353 seconds (28.78 k allocations: 2.682 MiB, 5.62% gc time)
  1.532251 seconds (49 allocations: 1.181 MiB)
  2.518273 seconds (34.12 k allocations: 2.923 MiB)
  1.039242 seconds (27.58 k allocations: 2.580 MiB)
  2.163753 seconds (29.94 k allocations: 2.735 MiB)
  0.007451 seconds (45 allocations: 4.484 KiB)
  0.158347 seconds (12.20 k allocations: 640.632 KiB)
  0.057467 seconds (146 allocations: 10.719 KiB)
  0.211764 seconds (99.52 k allocations: 16.179 MiB, 48.53% gc time)
  8.059279 seconds (4.89 M allocations: 245.691 MiB, 6.15% gc time)
  0.143578 seconds (55.94 k allocations: 5.915 MiB, 11.70% gc time)
  0.091151 seconds (45.21 k allocations: 5.360 MiB)
  0.176387 seconds (66.15 k allocations: 7.481 MiB)
  0.027092 seconds (92.16 k allocations: 16.343 MiB)
  0.009338 seconds (605 allocations: 37.862 KiB)
  0.021688 seconds (86 allocations: 5.094 KiB)
  0.075739 seconds (44.62 k allocations: 5.324 MiB, 32.84% gc time)
  0.042572 seconds (47.71 k allocations: 5.376 MiB)
  0.013456 seconds (44 allocations: 4.438 KiB)
  0.133770 seconds (12.20 k allocations: 640.476 KiB)
  0.052761 seconds (91 allocations: 7.063 KiB)
  0.118171 seconds (96.00 k allocations: 10.838 MiB, 14.68% gc time)
  9.863348 seconds (4.90 M allocations: 238.452 MiB, 2.74% gc time)
  0.301537 seconds (54.39 k allocations: 4.575 MiB, 62.08% gc time)
  0.135169 seconds (43.65 k allocations: 4.020 MiB)
  0.482157 seconds (63.51 k allocations: 5.502 MiB)
  0.396579 seconds (88.87 k allocations: 10.789 MiB, 61.91% gc time)
  0.023995 seconds (604 allocations: 37.800 KiB)
  0.058033 seconds (86 allocations: 5.094 KiB)
  0.074542 seconds (43.07 k allocations: 3.984 MiB)
  0.062740 seconds (46.04 k allocations: 4.030 MiB)
  0.029735 seconds (15.08 k allocations: 767.983 KiB)
  0.034548 seconds (17.55 k allocations: 916.208 KiB)
  1.737830 seconds (194.14 k allocations: 11.218 MiB, 0.65% gc time)
  0.295323 seconds (244.00 k allocations: 12.162 MiB, 2.83% gc time)
  0.398999 seconds (252.67 k allocations: 12.889 MiB, 3.40% gc time)
  0.810955 seconds (15.61 k allocations: 2.228 MiB)
  2.378693 seconds (705.30 k allocations: 38.248 MiB, 2.07% gc time)
  0.702532 seconds (69.10 k allocations: 10.116 MiB)
  0.883006 seconds (15.88 k allocations: 2.381 MiB, 10.60% gc time)
  1.278947 seconds (16.82 k allocations: 2.430 MiB)
  0.849789 seconds (15.97 k allocations: 2.386 MiB)
  0.914076 seconds (17.88 k allocations: 2.488 MiB)
  1.985523 seconds (198.65 k allocations: 10.667 MiB)
  0.306234 seconds (248.19 k allocations: 12.128 MiB)
  0.359992 seconds (265.82 k allocations: 13.386 MiB, 4.68% gc time)
  1.024972 seconds (15.61 k allocations: 1.502 MiB)
  2.375543 seconds (710.38 k allocations: 35.639 MiB, 1.15% gc time)
  0.586880 seconds (71.05 k allocations: 7.225 MiB)
  0.742122 seconds (15.88 k allocations: 1.581 MiB)
  0.565991 seconds (16.82 k allocations: 1.629 MiB)
  0.977629 seconds (15.97 k allocations: 1.583 MiB)
  0.689834 seconds (17.88 k allocations: 1.686 MiB)
  1.621792 seconds (221.82 k allocations: 12.826 MiB, 0.55% gc time)
  0.883543 seconds (9.33 k allocations: 2.245 MiB)
  0.842912 seconds (3.27 k allocations: 1.912 MiB)
  0.945388 seconds (9.48 k allocations: 2.209 MiB)
  0.326890 seconds (3.81 k allocations: 1.936 MiB)
  0.160570 seconds (13.95 k allocations: 847.506 KiB)
  0.042028 seconds (12.63 k allocations: 753.401 KiB)
  0.870593 seconds (33.90 k allocations: 3.931 MiB, 1.15% gc time)
  1.025509 seconds (6.85 k allocations: 2.074 MiB)
  0.745928 seconds (7.54 k allocations: 2.105 MiB)
  1.490031 seconds (25.37 k allocations: 3.480 MiB)
  1.469690 seconds (27.78 k allocations: 3.742 MiB)
  3.111477 seconds (859.71 k allocations: 49.758 MiB, 2.67% gc time)
  1.062222 seconds (127.87 k allocations: 19.037 MiB, 0.46% gc time)
  1.218325 seconds (133.93 k allocations: 19.560 MiB)
  1.242286 seconds (136.34 k allocations: 19.765 MiB, 4.44% gc time)
  1.351168 seconds (25.11 k allocations: 3.465 MiB, 0.68% gc time)
  1.611576 seconds (31.42 k allocations: 3.937 MiB)
  1.427221 seconds (26.59 k allocations: 3.674 MiB)
  1.306890 seconds (29.00 k allocations: 3.945 MiB)
  1.046387 seconds (26.59 k allocations: 3.682 MiB)
  1.095437 seconds (34.36 k allocations: 4.150 MiB, 2.86% gc time)
  1.183390 seconds (27.80 k allocations: 3.805 MiB)
  0.657583 seconds (30.17 k allocations: 4.001 MiB)
  2.174329 seconds (250.92 k allocations: 12.997 MiB, 6.15% gc time)
  0.978643 seconds (6.99 k allocations: 1.240 MiB)
  0.577886 seconds (3.27 k allocations: 1.033 MiB)
  0.564021 seconds (6.59 k allocations: 1.175 MiB)
  1.048832 seconds (3.81 k allocations: 1.058 MiB)
  0.093057 seconds (7.45 k allocations: 417.309 KiB)
  0.029531 seconds (10.32 k allocations: 554.104 KiB)
  1.019812 seconds (33.90 k allocations: 2.830 MiB)
  0.878314 seconds (6.85 k allocations: 1.196 MiB)
  0.911638 seconds (7.53 k allocations: 1.226 MiB, 24.35% gc time)
  1.091008 seconds (25.37 k allocations: 2.378 MiB)
  1.064293 seconds (27.78 k allocations: 2.564 MiB)
  2.530281 seconds (856.74 k allocations: 43.945 MiB, 0.91% gc time)
  0.487081 seconds (124.51 k allocations: 12.948 MiB)
  0.901032 seconds (130.28 k allocations: 13.453 MiB, 0.62% gc time)
  1.095840 seconds (132.69 k allocations: 13.619 MiB, 3.05% gc time)
  0.794398 seconds (25.11 k allocations: 2.364 MiB)
  0.591430 seconds (31.42 k allocations: 2.759 MiB)
  0.614177 seconds (26.59 k allocations: 2.496 MiB)
  0.556147 seconds (29.00 k allocations: 2.691 MiB)
  1.703551 seconds (26.59 k allocations: 2.504 MiB)
  1.190931 seconds (34.35 k allocations: 2.934 MiB, 9.77% gc time)
  1.011466 seconds (27.80 k allocations: 2.589 MiB)
  0.875086 seconds (30.17 k allocations: 2.746 MiB)
  0.066154 seconds (59.15 k allocations: 8.803 MiB)
  1.685549 seconds (708.20 k allocations: 40.116 MiB, 3.07% gc time)
  0.153934 seconds (55.60 k allocations: 8.859 MiB, 44.95% gc time)
  0.257395 seconds (75.80 k allocations: 12.581 MiB)
  0.042415 seconds (44 allocations: 4.438 KiB)
  0.215336 seconds (12.20 k allocations: 640.116 KiB)
  0.046547 seconds (91 allocations: 7.063 KiB)
  0.156869 seconds (97.98 k allocations: 16.023 MiB, 13.30% gc time)
  0.126375 seconds (95.13 k allocations: 16.254 MiB, 10.42% gc time)
  1.994423 seconds (924.66 k allocations: 56.666 MiB, 3.55% gc time)
  0.384225 seconds (118.47 k allocations: 22.602 MiB, 1.30% gc time)
  0.036473 seconds (57.10 k allocations: 6.014 MiB)
  1.614134 seconds (704.81 k allocations: 35.897 MiB, 2.54% gc time)
  0.081405 seconds (53.65 k allocations: 5.963 MiB)
  0.204749 seconds (73.41 k allocations: 8.190 MiB)
  0.088428 seconds (44 allocations: 4.438 KiB)
  0.143072 seconds (12.20 k allocations: 641.288 KiB)
  0.095141 seconds (91 allocations: 7.063 KiB)
  0.220638 seconds (94.51 k allocations: 10.703 MiB, 15.83% gc time)
  0.137941 seconds (91.77 k allocations: 10.718 MiB)
  2.155707 seconds (918.34 k allocations: 48.637 MiB, 5.15% gc time)
  0.374731 seconds (114.55 k allocations: 14.254 MiB)
  0.330618 seconds (52.15 k allocations: 6.407 MiB)
  0.065558 seconds (9 allocations: 3.815 MiB)
  0.138748 seconds (17 allocations: 5.731 MiB)
  0.080180 seconds (9 allocations: 3.815 MiB)
  0.121130 seconds (18 allocations: 7.638 MiB)
  0.329203 seconds (9 allocations: 3.815 MiB, 46.30% gc time)
  0.449840 seconds (52.17 k allocations: 12.166 MiB)
  0.130597 seconds (9 allocations: 3.815 MiB)
  0.505541 seconds (134.63 k allocations: 9.930 MiB)
  0.021153 seconds (20 allocations: 2.864 MiB)
  0.003733 seconds (20 allocations: 2.864 MiB)
  0.239911 seconds (20 allocations: 2.864 MiB, 91.47% gc time)
  2.831615 seconds (1.72 M allocations: 88.481 MiB, 2.44% gc time)
  0.392706 seconds (322.66 k allocations: 16.822 MiB)
  1.348943 seconds (627.46 k allocations: 33.632 MiB, 3.17% gc time)
  0.934265 seconds (325.04 k allocations: 17.376 MiB, 2.58% gc time)
  0.405512 seconds (196.16 k allocations: 10.567 MiB)
  0.608950 seconds (193.58 k allocations: 10.433 MiB, 4.19% gc time)
  0.709023 seconds (192.52 k allocations: 10.374 MiB)
  0.655707 seconds (310.48 k allocations: 16.510 MiB, 2.64% gc time)
  1.491076 seconds (1.08 M allocations: 54.924 MiB, 3.25% gc time)
  3.660672 seconds (1.20 M allocations: 59.582 MiB, 1.87% gc time)
  1.589505 seconds (458.15 k allocations: 23.813 MiB, 0.61% gc time)
  1.763079 seconds (179.81 k allocations: 9.842 MiB, 1.43% gc time)
  1.791781 seconds (181.50 k allocations: 9.933 MiB, 1.19% gc time)
  6.553675 seconds (2.88 M allocations: 147.564 MiB, 7.82% gc time)
  1.347840 seconds (358.75 k allocations: 18.324 MiB, 2.48% gc time)
  2.261242 seconds (660.24 k allocations: 33.966 MiB, 2.34% gc time)
  1.775910 seconds (233.51 k allocations: 12.398 MiB)
  1.376740 seconds (357.24 k allocations: 18.885 MiB, 2.92% gc time)
  1.008621 seconds (857.30 k allocations: 46.971 MiB, 1.98% gc time)
  3.647241 seconds (2.91 M allocations: 142.409 MiB, 2.82% gc time)
  1.040977 seconds (218.79 k allocations: 12.669 MiB, 2.62% gc time)
  0.417085 seconds (70.65 k allocations: 4.447 MiB)
  0.388866 seconds (3.44 k allocations: 459.975 KiB)
  1.670538 seconds (734.65 k allocations: 36.797 MiB, 4.65% gc time)
  1.589155 seconds (699.17 k allocations: 34.794 MiB, 2.26% gc time)
  1.983503 seconds (939.12 k allocations: 46.448 MiB, 2.74% gc time)
  0.926796 seconds (680.15 k allocations: 33.885 MiB, 11.03% gc time)
  5.325357 seconds (2.31 M allocations: 113.374 MiB, 2.46% gc time)
  1.782863 seconds (302 allocations: 674.875 KiB)
  2.996083 seconds (890.78 k allocations: 43.975 MiB, 1.84% gc time)
  1.451354 seconds (650.25 k allocations: 32.260 MiB, 0.92% gc time)
  0.624228 seconds (58.49 k allocations: 3.807 MiB)
  1.110528 seconds (423.66 k allocations: 21.530 MiB, 2.48% gc time)
  0.590505 seconds (58.48 k allocations: 3.807 MiB)
  2.030926 seconds (841.50 k allocations: 41.386 MiB, 2.47% gc time)
  1.345337 seconds (367.65 k allocations: 18.739 MiB, 0.98% gc time)
  1.324607 seconds (58.87 k allocations: 4.082 MiB)
  1.705044 seconds (338.76 k allocations: 17.167 MiB, 1.69% gc time)
  1.304912 seconds (57.67 k allocations: 4.032 MiB)
  1.675001 seconds (383.59 k allocations: 19.593 MiB, 0.70% gc time)
 12.009598 seconds (4.42 M allocations: 217.167 MiB, 3.03% gc time)
  4.517336 seconds (376.89 k allocations: 19.746 MiB, 1.48% gc time)
  0.968433 seconds (53.82 k allocations: 3.827 MiB)
  1.792373 seconds (349.50 k allocations: 17.806 MiB, 15.32% gc time)
  1.041278 seconds (57.72 k allocations: 4.035 MiB)
  1.687084 seconds (354.35 k allocations: 18.100 MiB, 0.78% gc time)
  5.170905 seconds (2.27 M allocations: 123.199 MiB, 4.21% gc time)
  1.979856 seconds (740.39 k allocations: 45.031 MiB, 1.34% gc time)
  0.827300 seconds (77.91 k allocations: 11.496 MiB)
  0.683806 seconds (15.09 k allocations: 7.841 MiB, 2.06% gc time)
  0.770334 seconds (73.60 k allocations: 11.298 MiB)
  5.827096 seconds (1.97 M allocations: 113.890 MiB, 2.70% gc time)
  1.785207 seconds (15.10 k allocations: 14.368 MiB, 1.45% gc time)
  1.670024 seconds (528.12 k allocations: 33.521 MiB, 2.20% gc time)
  1.712827 seconds (523.00 k allocations: 32.086 MiB, 7.56% gc time)
  1.303086 seconds (72.33 k allocations: 11.266 MiB)
  2.239355 seconds (585.21 k allocations: 35.965 MiB, 2.30% gc time)
  1.496102 seconds (75.64 k allocations: 11.424 MiB, 2.33% gc time)
  3.679713 seconds (523.72 k allocations: 38.666 MiB, 1.00% gc time)
  3.680696 seconds (226.47 k allocations: 25.692 MiB, 2.50% gc time)
  4.283031 seconds (393.79 k allocations: 32.314 MiB, 0.61% gc time)
  2.296619 seconds (548.03 k allocations: 33.896 MiB, 1.04% gc time)
  0.033722 seconds (81 allocations: 17.453 KiB)
  0.001152 seconds (87 allocations: 17.672 KiB)
  0.000977 seconds (98 allocations: 18.016 KiB)
  0.000857 seconds (100 allocations: 18.000 KiB)
  0.017161 seconds (99 allocations: 17.984 KiB)
  0.015731 seconds (99 allocations: 18.031 KiB)
  0.011302 seconds (98 allocations: 18.016 KiB)
  0.000434 seconds (99 allocations: 18.016 KiB)
  0.000307 seconds (90 allocations: 17.719 KiB)
  0.010153 seconds (73 allocations: 24.500 KiB)
  0.011455 seconds (82 allocations: 24.766 KiB)
  0.011374 seconds (74 allocations: 24.984 KiB)
  0.011347 seconds (75 allocations: 25.469 KiB)
  0.037809 seconds (123 allocations: 25.781 KiB)
  0.000806 seconds (129 allocations: 26.000 KiB)
  0.000592 seconds (158 allocations: 27.188 KiB)
  0.000815 seconds (159 allocations: 27.203 KiB)
  0.008348 seconds (160 allocations: 27.172 KiB)
  0.011330 seconds (190 allocations: 27.109 KiB)
  2.091194 seconds (1.12 M allocations: 55.391 MiB, 7.22% gc time)
  0.164217 seconds (137.16 k allocations: 7.779 MiB)
  0.171912 seconds (69.83 k allocations: 4.084 MiB, 31.49% gc time)
  0.019866 seconds (3.25 k allocations: 172.950 KiB)
  1.143223 seconds (729.87 k allocations: 36.250 MiB, 2.60% gc time)
  1.142405 seconds (689.88 k allocations: 34.082 MiB, 5.15% gc time)
  1.709692 seconds (949.82 k allocations: 46.778 MiB, 2.61% gc time)
  1.176027 seconds (709.12 k allocations: 35.059 MiB, 3.43% gc time)
  0.014527 seconds (124 allocations: 31.250 KiB)
  1.369263 seconds (1.15 M allocations: 56.608 MiB, 3.60% gc time)
  1.156993 seconds (833.14 k allocations: 40.563 MiB, 3.82% gc time)
  0.797102 seconds (679.63 k allocations: 33.408 MiB, 4.82% gc time)
  0.255063 seconds (58.46 k allocations: 3.492 MiB, 21.84% gc time)
  0.912971 seconds (449.32 k allocations: 22.436 MiB, 3.19% gc time)
  0.071493 seconds (58.45 k allocations: 3.492 MiB)
  1.521198 seconds (790.38 k allocations: 38.685 MiB, 5.02% gc time)
  0.597907 seconds (397.07 k allocations: 19.673 MiB, 2.20% gc time)
  0.148403 seconds (58.83 k allocations: 3.501 MiB)
  0.711354 seconds (370.61 k allocations: 18.247 MiB, 6.89% gc time)
  0.191536 seconds (57.63 k allocations: 3.452 MiB)
  0.695484 seconds (413.51 k allocations: 20.553 MiB, 4.44% gc time)
  0.625831 seconds (411.80 k allocations: 20.640 MiB, 1.93% gc time)
  0.481608 seconds (375.68 k allocations: 18.541 MiB, 2.57% gc time)
  0.137072 seconds (53.77 k allocations: 3.246 MiB)
  0.641170 seconds (378.96 k allocations: 18.740 MiB, 2.55% gc time)
  0.204813 seconds (57.66 k allocations: 3.454 MiB)
  0.738038 seconds (356.15 k allocations: 17.666 MiB, 4.21% gc time)
  1.208142 seconds (933.57 k allocations: 46.579 MiB, 2.74% gc time)
  0.818793 seconds (575.58 k allocations: 28.942 MiB, 2.33% gc time)
  0.252920 seconds (63.35 k allocations: 3.744 MiB, 13.31% gc time)
  0.023282 seconds (727 allocations: 102.688 KiB)
  0.257197 seconds (59.22 k allocations: 3.557 MiB)
  0.002420 seconds (625 allocations: 140.297 KiB)
  1.353754 seconds (710.10 k allocations: 35.545 MiB, 2.18% gc time)
  0.855528 seconds (557.39 k allocations: 28.123 MiB, 3.39% gc time)
  1.172364 seconds (565.22 k allocations: 27.893 MiB, 1.46% gc time)
  0.204436 seconds (57.95 k allocations: 3.510 MiB)
  1.320651 seconds (648.39 k allocations: 32.270 MiB, 5.84% gc time)
  0.207447 seconds (61.09 k allocations: 3.656 MiB)
  0.784539 seconds (475.15 k allocations: 23.217 MiB, 1.62% gc time)
  0.228762 seconds (58.04 k allocations: 3.554 MiB)
  0.837726 seconds (376.17 k allocations: 17.878 MiB, 7.44% gc time)
  0.677399 seconds (582.48 k allocations: 28.796 MiB, 2.09% gc time)
  0.017050 seconds (6.30 k allocations: 323.559 KiB)
  0.555942 seconds (309.53 k allocations: 15.229 MiB, 6.71% gc time)
  0.265467 seconds (9.84 k allocations: 549.999 KiB)
  0.094683 seconds (8.31 k allocations: 459.202 KiB)
  0.125784 seconds (15.37 k allocations: 878.902 KiB)
  0.007440 seconds (3.05 k allocations: 175.751 KiB)
  0.314058 seconds (192.03 k allocations: 10.250 MiB)
  0.086446 seconds (21.89 k allocations: 1.207 MiB)
  7.806618 seconds (15.91 k allocations: 11.809 MiB, 0.27% gc time)
  0.390419 seconds (138.51 k allocations: 7.435 MiB)
  0.050160 seconds (20.14 k allocations: 1.248 MiB)
 15.054491 seconds (561.53 k allocations: 50.437 MiB, 0.25% gc time)
  0.198657 seconds (55.89 k allocations: 3.232 MiB)
  0.095830 seconds (60.43 k allocations: 3.235 MiB)
  0.112020 seconds (58.98 k allocations: 3.156 MiB)
  0.085058 seconds (57.90 k allocations: 3.331 MiB)
  0.096400 seconds (58.40 k allocations: 3.361 MiB, 12.46% gc time)
  0.144275 seconds (91.23 k allocations: 4.935 MiB)
  0.813352 seconds (423.07 k allocations: 20.681 MiB, 1.83% gc time)
  0.776262 seconds (487.49 k allocations: 23.940 MiB, 1.86% gc time)
  0.069704 seconds (8.32 k allocations: 459.671 KiB)
  0.016645 seconds (13.85 k allocations: 794.770 KiB)
  0.024591 seconds (3.05 k allocations: 173.220 KiB)
  0.165963 seconds (148.44 k allocations: 7.667 MiB)
  0.051277 seconds (21.89 k allocations: 1.151 MiB)
 13.202331 seconds (15.90 k allocations: 6.305 MiB)
  0.554954 seconds (144.26 k allocations: 7.560 MiB, 28.56% gc time)
  0.053866 seconds (19.93 k allocations: 1.124 MiB)
 20.780704 seconds (3.00 M allocations: 155.376 MiB, 0.70% gc time)
  0.460733 seconds (55.67 k allocations: 3.013 MiB)
  0.183366 seconds (60.43 k allocations: 3.141 MiB)
  0.151171 seconds (62.37 k allocations: 3.255 MiB)
  0.144245 seconds (57.70 k allocations: 3.127 MiB)
  0.089674 seconds (58.23 k allocations: 3.156 MiB)
  0.380906 seconds (89.30 k allocations: 4.643 MiB)
  0.005157 seconds (636 allocations: 39.726 KiB)
  0.019917 seconds (7.96 k allocations: 459.638 KiB)
  0.019746 seconds (7.96 k allocations: 459.638 KiB)
  0.008765 seconds (71 allocations: 4.453 KiB)
  0.272896 seconds (245.73 k allocations: 12.173 MiB, 6.07% gc time)
  0.011943 seconds (4.68 k allocations: 288.280 KiB)
  0.012515 seconds (4.67 k allocations: 288.030 KiB)
  0.010343 seconds (5.31 k allocations: 327.289 KiB)
  0.004669 seconds (647 allocations: 40.462 KiB)
  0.010418 seconds (4.63 k allocations: 257.062 KiB)
  0.009876 seconds (4.63 k allocations: 256.858 KiB)
  0.008046 seconds (96 allocations: 5.703 KiB)
  0.005740 seconds (635 allocations: 39.726 KiB)
  0.008613 seconds (4.62 k allocations: 256.200 KiB)
  0.008029 seconds (4.62 k allocations: 256.200 KiB)
  0.000329 seconds (14 allocations: 656 bytes)
  0.294692 seconds (246.56 k allocations: 12.281 MiB, 5.69% gc time)
  0.009025 seconds (4.67 k allocations: 274.202 KiB)
  0.017689 seconds (4.68 k allocations: 274.405 KiB)
  0.017799 seconds (5.30 k allocations: 313.055 KiB)
  0.008911 seconds (647 allocations: 40.509 KiB)
  0.008908 seconds (4.63 k allocations: 256.890 KiB)
  0.009004 seconds (4.63 k allocations: 256.858 KiB)
  0.007043 seconds (96 allocations: 5.703 KiB)
  0.023020 seconds (28.45 k allocations: 1.519 MiB)
  0.024048 seconds (26.17 k allocations: 1.410 MiB)
  0.083406 seconds (3.31 k allocations: 215.726 KiB)
  0.172491 seconds (4.82 k allocations: 266.752 KiB)
  0.172277 seconds (3.13 k allocations: 168.538 KiB)
  0.135880 seconds (13.12 k allocations: 752.112 KiB)
  0.028184 seconds (4.07 k allocations: 232.429 KiB)
  1.740922 seconds (781.93 k allocations: 35.302 MiB, 1.92% gc time)
  0.055458 seconds (37.36 k allocations: 2.417 MiB)
  0.058234 seconds (36.88 k allocations: 2.409 MiB)
  0.134791 seconds (58.83 k allocations: 3.534 MiB)
  1.439547 seconds (621.14 k allocations: 30.469 MiB, 1.17% gc time)
  0.159254 seconds (58.02 k allocations: 4.047 MiB, 18.04% gc time)
  0.077444 seconds (34.00 k allocations: 3.085 MiB)
  0.102340 seconds (55.68 k allocations: 4.205 MiB)
 13.713591 seconds (23.25 k allocations: 17.631 MiB, 0.48% gc time)
  0.000008 seconds (6 allocations: 224 bytes)
  0.000010 seconds (6 allocations: 192 bytes)
  0.601578 seconds (13.55 k allocations: 711.694 KiB)
  0.398257 seconds (222.94 k allocations: 11.069 MiB)
  0.132480 seconds (3.14 k allocations: 168.960 KiB)
  0.124902 seconds (10.87 k allocations: 627.850 KiB)
  0.008684 seconds (4.07 k allocations: 228.835 KiB)
  2.102333 seconds (779.38 k allocations: 34.918 MiB, 15.22% gc time)
  0.064089 seconds (36.05 k allocations: 2.116 MiB)
  0.052729 seconds (35.65 k allocations: 2.113 MiB)
  0.090670 seconds (58.53 k allocations: 3.295 MiB)
  1.312148 seconds (629.26 k allocations: 30.230 MiB, 0.88% gc time)
  0.118502 seconds (57.83 k allocations: 3.574 MiB, 8.80% gc time)
  0.078270 seconds (33.78 k allocations: 2.484 MiB)
  0.095106 seconds (56.46 k allocations: 3.666 MiB)
 16.459961 seconds (23.98 k allocations: 9.424 MiB)
  0.075175 seconds (8.14 k allocations: 876.991 KiB)
  0.038420 seconds (12.36 k allocations: 1.072 MiB)
  0.039761 seconds (11.88 k allocations: 1.064 MiB)
  0.077824 seconds (7.52 k allocations: 838.141 KiB, 97.47% gc time)
  1.704057 seconds (750.34 k allocations: 33.628 MiB, 0.76% gc time)
  0.038397 seconds (15.14 k allocations: 1.349 MiB)
  0.041131 seconds (17.07 k allocations: 1.452 MiB)
  0.032137 seconds (15.97 k allocations: 1.390 MiB)
  0.006618 seconds (5.81 k allocations: 1.187 MiB)
  0.027418 seconds (9.79 k allocations: 1.661 MiB)
  0.011859 seconds (9.79 k allocations: 1.398 MiB)
  0.091599 seconds (5.25 k allocations: 1.415 MiB, 57.94% gc time)
  0.046581 seconds (6.86 k allocations: 625.960 KiB)
  0.053130 seconds (11.04 k allocations: 843.075 KiB)
  0.009685 seconds (10.64 k allocations: 838.403 KiB)
  0.001659 seconds (6.24 k allocations: 583.547 KiB)
  1.529810 seconds (748.62 k allocations: 33.259 MiB, 0.75% gc time)
  0.150297 seconds (13.48 k allocations: 1020.171 KiB)
  0.027996 seconds (14.85 k allocations: 1.073 MiB)
  0.040012 seconds (14.28 k allocations: 1.035 MiB)
  0.005801 seconds (5.81 k allocations: 849.399 KiB)
  0.018954 seconds (9.79 k allocations: 1.179 MiB)
  0.027366 seconds (9.79 k allocations: 1.041 MiB)
  0.051080 seconds (5.25 k allocations: 955.906 KiB, 49.57% gc time)
  0.190888 seconds (2.64 k allocations: 149.530 KiB)
  0.531026 seconds (209.11 k allocations: 10.352 MiB)
  0.295561 seconds (1.58 k allocations: 99.438 KiB)
  0.124802 seconds (2.71 k allocations: 145.407 KiB)
  0.484121 seconds (249.00 k allocations: 12.536 MiB, 7.14% gc time)
  2.756028 seconds (1.07 M allocations: 47.022 MiB, 0.93% gc time)
  0.198325 seconds (125.49 k allocations: 7.329 MiB)
  1.746874 seconds (696.84 k allocations: 33.401 MiB, 2.87% gc time)
  0.096047 seconds (48.13 k allocations: 4.496 MiB)
  0.124964 seconds (91.58 k allocations: 6.739 MiB)
  0.095062 seconds (91.60 k allocations: 6.733 MiB)
  0.012295 seconds (13.87 k allocations: 1.567 MiB)
  0.085026 seconds (46.04 k allocations: 4.301 MiB)
  0.123197 seconds (96.33 k allocations: 5.816 MiB)
  0.147604 seconds (90.44 k allocations: 5.533 MiB, 6.44% gc time)
  0.137287 seconds (96.10 k allocations: 5.797 MiB)
  0.008300 seconds (13.40 k allocations: 1.558 MiB)
  0.008853 seconds (13.88 k allocations: 1.558 MiB)
  0.008675 seconds (14.34 k allocations: 1.567 MiB)
  0.187534 seconds (96.54 k allocations: 6.937 MiB, 13.57% gc time)
  5.611951 seconds (13.17 k allocations: 11.645 MiB)
 11.408212 seconds (13.17 k allocations: 22.639 MiB, 0.23% gc time)
  6.699552 seconds (14.44 k allocations: 11.727 MiB, 0.27% gc time)
 12.734225 seconds (128.66 k allocations: 28.516 MiB, 0.05% gc time)
  1.451290 seconds (436.08 k allocations: 21.298 MiB, 3.71% gc time)
  0.657380 seconds (209.11 k allocations: 10.352 MiB)
  0.630339 seconds (1.58 k allocations: 91.313 KiB)
  0.330784 seconds (2.71 k allocations: 136.985 KiB)
  0.513672 seconds (241.43 k allocations: 12.062 MiB, 2.33% gc time)
  2.441068 seconds (1.06 M allocations: 46.102 MiB, 1.37% gc time)
  0.267721 seconds (134.77 k allocations: 7.511 MiB)
  2.190419 seconds (691.21 k allocations: 32.095 MiB, 1.77% gc time)
  0.058230 seconds (32.44 k allocations: 2.896 MiB)
  0.168822 seconds (91.38 k allocations: 5.894 MiB)
  0.168582 seconds (91.40 k allocations: 5.887 MiB)
  0.005395 seconds (15.79 k allocations: 1.385 MiB)
  0.051051 seconds (47.31 k allocations: 3.569 MiB)
  0.080895 seconds (98.31 k allocations: 5.633 MiB)
  0.086192 seconds (92.29 k allocations: 5.355 MiB, 11.49% gc time)
  0.096172 seconds (98.02 k allocations: 5.621 MiB)
  0.005463 seconds (15.26 k allocations: 1.381 MiB)
  0.004742 seconds (15.79 k allocations: 1.381 MiB)
  0.005216 seconds (16.32 k allocations: 1.385 MiB)
  0.104565 seconds (96.36 k allocations: 6.101 MiB)
  8.893509 seconds (13.17 k allocations: 6.146 MiB, 0.11% gc time)
 14.219601 seconds (13.17 k allocations: 11.645 MiB)
 10.113953 seconds (14.43 k allocations: 6.226 MiB)
 14.226407 seconds (130.24 k allocations: 17.599 MiB, 0.77% gc time)
  0.052228 seconds (14.54 k allocations: 1.512 MiB)
  0.082714 seconds (24.08 k allocations: 2.025 MiB)
  0.153903 seconds (23.16 k allocations: 2.016 MiB, 52.32% gc time)
  0.026854 seconds (13.90 k allocations: 1.464 MiB)
  2.456342 seconds (1.02 M allocations: 44.594 MiB, 1.79% gc time)
  0.031005 seconds (24.32 k allocations: 2.258 MiB)
  0.032484 seconds (28.06 k allocations: 2.473 MiB)
  0.030792 seconds (25.37 k allocations: 2.303 MiB)
  0.008774 seconds (11.05 k allocations: 2.339 MiB)
  0.014820 seconds (16.79 k allocations: 2.653 MiB)
  0.019656 seconds (16.78 k allocations: 3.176 MiB)
  0.014955 seconds (10.42 k allocations: 2.824 MiB)
  0.024568 seconds (16.45 k allocations: 1.377 MiB, 63.00% gc time)
  0.019540 seconds (22.72 k allocations: 1.690 MiB)
  0.010969 seconds (21.67 k allocations: 1.687 MiB)
  0.003214 seconds (15.76 k allocations: 1.329 MiB)
  1.830180 seconds (1.03 M allocations: 44.330 MiB, 1.39% gc time)
  0.016327 seconds (26.58 k allocations: 1.967 MiB)
  0.017357 seconds (30.48 k allocations: 2.200 MiB)
  0.022409 seconds (27.69 k allocations: 2.021 MiB)
  0.009634 seconds (11.05 k allocations: 1.625 MiB)
  0.047349 seconds (16.79 k allocations: 1.938 MiB)
  0.025951 seconds (16.78 k allocations: 2.214 MiB)
  0.023392 seconds (10.42 k allocations: 1.862 MiB)
  0.409821 seconds (202.60 k allocations: 10.840 MiB, 3.38% gc time)
  0.006129 seconds (65 allocations: 128.031 KiB)
  0.337822 seconds (175.58 k allocations: 9.156 MiB)
  0.008664 seconds (63 allocations: 245.609 KiB)
  0.136071 seconds (56.01 k allocations: 3.096 MiB, 7.66% gc time)
  0.159906 seconds (60.74 k allocations: 3.341 MiB)
  0.092992 seconds (77.98 k allocations: 4.036 MiB)
  9.970752 seconds (77.50 k allocations: 36.843 MiB, 0.14% gc time)
  8.784159 seconds (48 allocations: 33.034 MiB, 1.36% gc time)
 13.789737 seconds (100.69 k allocations: 71.050 MiB, 1.12% gc time)
 13.923186 seconds (50 allocations: 66.055 MiB, 0.10% gc time)
  0.504332 seconds (176.13 k allocations: 8.990 MiB)
  0.003176 seconds (65 allocations: 68.031 KiB)
  0.204164 seconds (179.43 k allocations: 9.222 MiB)
  0.008043 seconds (63 allocations: 125.922 KiB)
  0.089780 seconds (55.61 k allocations: 2.952 MiB)
  0.192776 seconds (60.34 k allocations: 3.178 MiB, 14.37% gc time)
  0.120678 seconds (77.98 k allocations: 3.976 MiB)
 13.272849 seconds (296.79 k allocations: 31.446 MiB, 0.06% gc time)
 13.175882 seconds (48 allocations: 16.523 MiB, 1.16% gc time)
 13.736340 seconds (296.80 k allocations: 47.954 MiB, 0.10% gc time)
 13.471086 seconds (48 allocations: 33.034 MiB, 0.05% gc time)
  0.447727 seconds (59.68 k allocations: 3.138 MiB)
  0.127287 seconds (54.97 k allocations: 2.938 MiB)
  0.006380 seconds (75 allocations: 136.969 KiB)
  0.178971 seconds (57.45 k allocations: 3.050 MiB)
  0.148073 seconds (60.24 k allocations: 3.303 MiB)
  0.217471 seconds (102.44 k allocations: 5.505 MiB)
  0.023090 seconds (102 allocations: 265.188 KiB)
  0.196455 seconds (58.25 k allocations: 3.225 MiB, 20.81% gc time)
  0.219868 seconds (104.61 k allocations: 5.726 MiB)
  8.058336 seconds (119.76 k allocations: 38.975 MiB, 0.54% gc time)
  0.223535 seconds (59.67 k allocations: 3.070 MiB)
  0.091338 seconds (54.97 k allocations: 2.881 MiB)
  0.003884 seconds (75 allocations: 72.641 KiB)
  0.094114 seconds (58.65 k allocations: 3.052 MiB)
  0.116503 seconds (59.84 k allocations: 3.139 MiB)
  0.151887 seconds (102.04 k allocations: 5.360 MiB)
  0.016826 seconds (3.49 k allocations: 336.784 KiB)
  0.094973 seconds (59.05 k allocations: 3.132 MiB)
  0.206152 seconds (104.99 k allocations: 5.596 MiB, 4.74% gc time)
 10.490552 seconds (122.17 k allocations: 22.607 MiB, 0.07% gc time)
  0.024810 seconds (1.01 k allocations: 61.080 KiB)
  0.000789 seconds (21 allocations: 1.594 KiB)
  0.032079 seconds (1.01 k allocations: 60.955 KiB)
  0.001044 seconds (21 allocations: 1.594 KiB)
  0.000932 seconds (18 allocations: 1.375 KiB)
  0.000750 seconds (18 allocations: 1.375 KiB)
  0.001010 seconds (18 allocations: 1.375 KiB)
  0.001040 seconds (18 allocations: 1.375 KiB)
  0.029806 seconds (13.80 k allocations: 712.477 KiB)
  0.126754 seconds (64.90 k allocations: 3.156 MiB)
  0.102375 seconds (60.58 k allocations: 2.937 MiB)
  0.057534 seconds (26.65 k allocations: 1.345 MiB)
  0.030150 seconds (12.79 k allocations: 648.307 KiB)
  0.033307 seconds (15.74 k allocations: 799.604 KiB)
  0.020542 seconds (1.01 k allocations: 61.096 KiB)
  0.001042 seconds (21 allocations: 1.594 KiB)
  0.019693 seconds (1.01 k allocations: 60.955 KiB)
  0.000947 seconds (21 allocations: 1.594 KiB)
  0.000837 seconds (18 allocations: 1.375 KiB)
  0.001017 seconds (18 allocations: 1.375 KiB)
  0.001165 seconds (18 allocations: 1.375 KiB)
  0.001079 seconds (18 allocations: 1.375 KiB)
  0.025676 seconds (13.80 k allocations: 711.930 KiB)
  0.152315 seconds (63.47 k allocations: 3.043 MiB)
  0.111214 seconds (60.57 k allocations: 2.927 MiB, 7.44% gc time)
  0.055757 seconds (26.65 k allocations: 1.304 MiB)
  0.026726 seconds (12.79 k allocations: 647.713 KiB)
  0.033552 seconds (15.74 k allocations: 785.744 KiB)
  0.475438 seconds (29 allocations: 157.609 KiB)
  2.878384 seconds (28 allocations: 312.969 KiB)
  0.850174 seconds (12.74 k allocations: 754.228 KiB)
  3.432622 seconds (20 allocations: 233.531 KiB)
  1.414106 seconds (15.92 k allocations: 1.108 MiB)
  3.479088 seconds (73.30 k allocations: 4.396 MiB)
  0.988443 seconds (12.77 k allocations: 876.526 KiB)
  3.846135 seconds (12.75 k allocations: 1.086 MiB)
  0.872083 seconds (28 allocations: 156.281 KiB)
  2.977029 seconds (27 allocations: 310.359 KiB)
  0.617915 seconds (31 allocations: 157.203 KiB)
  2.871675 seconds (34 allocations: 312.266 KiB)
  0.722331 seconds (31 allocations: 317.109 KiB)
  3.903874 seconds (39.33 k allocations: 2.620 MiB)
  0.839047 seconds (35 allocations: 318.078 KiB)
  3.554560 seconds (38 allocations: 634.188 KiB)
  2.055099 seconds (41 allocations: 469.750 KiB)
  2.111677 seconds (48 allocations: 470.859 KiB)
  5.115948 seconds (40 allocations: 935.953 KiB)
  4.328204 seconds (48 allocations: 937.891 KiB, 2.86% gc time)
  1.106701 seconds (52 allocations: 471.516 KiB)
  0.022450 seconds (28.35 k allocations: 1.479 MiB)
  0.016234 seconds (20.85 k allocations: 1.157 MiB)
  2.654786 seconds (2.11 M allocations: 100.586 MiB, 3.01% gc time)
  0.022564 seconds (555 allocations: 156.688 KiB)
  0.120506 seconds (8.74 k allocations: 649.990 KiB)
  0.424418 seconds (169.30 k allocations: 8.668 MiB, 8.45% gc time)
  0.032339 seconds (597 allocations: 163.906 KiB)
  2.574490 seconds (1.72 M allocations: 83.053 MiB, 3.18% gc time)
  0.042005 seconds (933 allocations: 281.844 KiB)
  0.369883 seconds (173.45 k allocations: 8.967 MiB)
  0.044259 seconds (1.23 k allocations: 309.875 KiB)
  0.141941 seconds (11.32 k allocations: 919.105 KiB)
  0.388540 seconds (109.93 k allocations: 5.533 MiB)
  0.515827 seconds (116.83 k allocations: 5.894 MiB, 5.48% gc time)
  0.451426 seconds (109.96 k allocations: 5.546 MiB)
  0.610324 seconds (116.84 k allocations: 5.908 MiB)
 14.678738 seconds (4.21 M allocations: 188.941 MiB, 1.30% gc time)
  0.011592 seconds (1.24 k allocations: 107.578 KiB)
  0.079705 seconds (9.42 k allocations: 601.318 KiB)
  0.529965 seconds (230.44 k allocations: 11.670 MiB, 14.98% gc time)
  0.009666 seconds (1.44 k allocations: 113.922 KiB)
  2.850873 seconds (2.18 M allocations: 104.365 MiB, 3.23% gc time)
  0.096025 seconds (874 allocations: 165.516 KiB)
  0.629299 seconds (221.33 k allocations: 11.331 MiB, 2.99% gc time)
  0.027906 seconds (1.17 k allocations: 183.484 KiB)
  0.147874 seconds (11.26 k allocations: 793.574 KiB)
  0.294681 seconds (109.82 k allocations: 5.414 MiB)
  0.434047 seconds (116.71 k allocations: 5.766 MiB)
  0.415041 seconds (109.84 k allocations: 5.421 MiB)
  0.487037 seconds (116.71 k allocations: 5.772 MiB, 17.49% gc time)
  0.043225 seconds (7.50 k allocations: 366.309 KiB)
  0.018398 seconds (18.48 k allocations: 1.033 MiB)
  4.019830 seconds (1.88 M allocations: 87.824 MiB, 6.35% gc time)
  0.023835 seconds (7.92 k allocations: 980.422 KiB)
  0.477452 seconds (133.08 k allocations: 7.092 MiB)
  0.033697 seconds (8.65 k allocations: 1009.469 KiB)
  1.161150 seconds (663.20 k allocations: 32.066 MiB, 2.45% gc time)
  0.066306 seconds (4.06 k allocations: 1.232 MiB)
  0.384689 seconds (133.59 k allocations: 7.589 MiB)
  0.066843 seconds (4.53 k allocations: 1.286 MiB)
  0.276772 seconds (127.80 k allocations: 7.278 MiB)
  0.325195 seconds (137.92 k allocations: 7.829 MiB, 7.46% gc time)
  0.585558 seconds (126.26 k allocations: 7.185 MiB)
  0.351527 seconds (135.91 k allocations: 7.722 MiB)
  0.417073 seconds (206.56 k allocations: 10.374 MiB)
  0.095947 seconds (7.93 k allocations: 986.203 KiB)
  0.545390 seconds (208.29 k allocations: 10.508 MiB)
  0.050374 seconds (8.66 k allocations: 1013.688 KiB)
  0.740559 seconds (234.89 k allocations: 12.209 MiB, 7.59% gc time)
  0.072728 seconds (4.06 k allocations: 1.248 MiB)
  0.441256 seconds (212.44 k allocations: 11.185 MiB)
  0.013153 seconds (4.53 k allocations: 1.301 MiB)
  0.495295 seconds (214.60 k allocations: 11.256 MiB, 7.98% gc time)
  0.552586 seconds (218.66 k allocations: 11.485 MiB)
  0.612262 seconds (239.36 k allocations: 12.474 MiB, 14.97% gc time)
  0.644749 seconds (212.42 k allocations: 11.179 MiB)
  4.600671 seconds (3.79 M allocations: 170.519 MiB, 3.70% gc time)
  0.000665 seconds (539 allocations: 90.031 KiB)
  0.067241 seconds (16.63 k allocations: 999.588 KiB)
  0.219865 seconds (91.58 k allocations: 4.615 MiB)
  0.000393 seconds (579 allocations: 90.547 KiB)
  1.657002 seconds (726.11 k allocations: 34.602 MiB, 4.36% gc time)
  0.369475 seconds (96.94 k allocations: 4.892 MiB)
  0.107188 seconds (20.19 k allocations: 1.218 MiB)
  0.022553 seconds (644 allocations: 72.547 KiB)
  0.179888 seconds (15.90 k allocations: 877.329 KiB)
  0.000470 seconds (539 allocations: 67.875 KiB)
  0.025517 seconds (1.28 k allocations: 127.453 KiB)
  0.000738 seconds (918 allocations: 108.281 KiB)
  1.717363 seconds (1.07 M allocations: 50.140 MiB, 3.50% gc time)
  0.002010 seconds (7.90 k allocations: 908.891 KiB)
  0.256636 seconds (109.94 k allocations: 5.962 MiB, 7.73% gc time)
  0.002128 seconds (8.63 k allocations: 931.234 KiB)
  1.167326 seconds (948.31 k allocations: 45.080 MiB, 2.87% gc time)
  0.245454 seconds (110.55 k allocations: 6.396 MiB)
  0.032359 seconds (8.70 k allocations: 906.938 KiB)
  0.001802 seconds (7.90 k allocations: 886.734 KiB)
  0.087401 seconds (4.12 k allocations: 1.060 MiB)
  0.001970 seconds (4.50 k allocations: 1.082 MiB)
  4.817280 seconds (3.99 M allocations: 179.919 MiB, 4.06% gc time)
  0.000871 seconds (1.22 k allocations: 73.641 KiB)
  0.058485 seconds (17.31 k allocations: 982.869 KiB)
  0.241673 seconds (92.42 k allocations: 4.602 MiB, 33.13% gc time)
  0.000745 seconds (1.41 k allocations: 76.609 KiB)
  1.032380 seconds (726.15 k allocations: 34.475 MiB, 1.94% gc time)
  0.361382 seconds (96.88 k allocations: 4.838 MiB)
  0.115752 seconds (20.14 k allocations: 1.164 MiB, 82.31% gc time)
  0.023502 seconds (1.47 k allocations: 69.438 KiB)
  0.147075 seconds (16.73 k allocations: 873.892 KiB)
  0.000535 seconds (1.21 k allocations: 62.297 KiB)
  0.006984 seconds (1.22 k allocations: 93.578 KiB)
  0.000694 seconds (860 allocations: 77.859 KiB)
  2.320107 seconds (1.49 M allocations: 67.452 MiB, 3.41% gc time)
  0.003011 seconds (12.46 k allocations: 834.578 KiB)
  0.379108 seconds (114.64 k allocations: 5.874 MiB)
  0.002878 seconds (13.27 k allocations: 838.375 KiB)
  2.472654 seconds (1.46 M allocations: 66.544 MiB, 9.07% gc time)
  0.263365 seconds (110.47 k allocations: 5.984 MiB)
  0.080537 seconds (13.34 k allocations: 828.453 KiB)
  0.002584 seconds (12.46 k allocations: 823.297 KiB)
  0.076479 seconds (4.03 k allocations: 697.516 KiB)
  0.001516 seconds (4.41 k allocations: 713.156 KiB)
  0.026308 seconds (24.43 k allocations: 1.303 MiB)
  0.146070 seconds (156.00 k allocations: 8.086 MiB)
  0.352971 seconds (159.85 k allocations: 8.643 MiB)
  0.031406 seconds (3.66 k allocations: 547.422 KiB)
  0.123859 seconds (12.08 k allocations: 1.020 MiB)
  0.366631 seconds (114.42 k allocations: 5.899 MiB)
  0.031070 seconds (4.01 k allocations: 558.938 KiB)
  0.436892 seconds (110.74 k allocations: 5.914 MiB, 3.21% gc time)
  0.039877 seconds (2.50 k allocations: 702.859 KiB)
  0.374719 seconds (116.71 k allocations: 6.229 MiB)
  0.031534 seconds (2.85 k allocations: 740.594 KiB)
  0.394633 seconds (119.05 k allocations: 6.343 MiB)
  0.442268 seconds (112.11 k allocations: 5.985 MiB, 3.17% gc time)
  0.583606 seconds (119.07 k allocations: 6.355 MiB)
  0.670139 seconds (110.71 k allocations: 5.559 MiB, 5.75% gc time)
  0.049308 seconds (4.78 k allocations: 448.219 KiB)
  0.091761 seconds (13.20 k allocations: 945.412 KiB)
  0.264650 seconds (115.73 k allocations: 5.801 MiB)
  0.036563 seconds (5.32 k allocations: 456.438 KiB)
  0.356518 seconds (110.63 k allocations: 5.650 MiB)
  0.023881 seconds (2.44 k allocations: 439.844 KiB)
  0.453570 seconds (116.58 k allocations: 5.952 MiB, 2.50% gc time)
  0.039814 seconds (2.79 k allocations: 464.063 KiB)
  0.395155 seconds (118.92 k allocations: 6.068 MiB)
  0.392626 seconds (112.00 k allocations: 5.716 MiB)
  0.386720 seconds (118.95 k allocations: 6.077 MiB)
  0.129532 seconds (15.81 k allocations: 696.306 KiB)
  0.012250 seconds (5.32 k allocations: 260.523 KiB)
  0.419541 seconds (345.97 k allocations: 17.636 MiB, 2.82% gc time)
  0.051239 seconds (8.83 k allocations: 1001.984 KiB)
  0.581116 seconds (124.77 k allocations: 6.637 MiB, 12.42% gc time)
  0.110602 seconds (8.18 k allocations: 979.016 KiB)
  0.910355 seconds (325.18 k allocations: 16.821 MiB)
  0.201321 seconds (4.35 k allocations: 1.128 MiB, 27.19% gc time)
  0.416272 seconds (134.10 k allocations: 7.489 MiB)
  0.072660 seconds (4.76 k allocations: 1.179 MiB)
  0.521680 seconds (128.38 k allocations: 7.183 MiB)
  0.435450 seconds (138.44 k allocations: 7.730 MiB, 3.06% gc time)
  0.632913 seconds (208.09 k allocations: 10.763 MiB)
  0.498958 seconds (136.43 k allocations: 7.622 MiB)
  0.680870 seconds (423.84 k allocations: 21.177 MiB, 15.81% gc time)
  0.015114 seconds (14.31 k allocations: 863.625 KiB)
  0.459481 seconds (130.25 k allocations: 6.509 MiB, 11.99% gc time)
  0.063793 seconds (13.65 k allocations: 847.516 KiB)
  0.807834 seconds (395.05 k allocations: 19.924 MiB, 1.48% gc time)
  0.048870 seconds (4.26 k allocations: 737.609 KiB)
  0.447231 seconds (133.95 k allocations: 7.060 MiB)
  0.038863 seconds (4.67 k allocations: 769.938 KiB)
  0.495381 seconds (128.24 k allocations: 6.756 MiB)
  0.567718 seconds (138.28 k allocations: 7.288 MiB, 25.16% gc time)
  0.619408 seconds (207.88 k allocations: 10.344 MiB)
  0.350420 seconds (136.27 k allocations: 7.192 MiB, 3.43% gc time)
  0.125340 seconds (10.68 k allocations: 949.731 KiB)
  0.001659 seconds (3.65 k allocations: 480.953 KiB)
  0.100745 seconds (7.68 k allocations: 687.138 KiB)
  0.001388 seconds (4.00 k allocations: 485.766 KiB)
  0.098707 seconds (6.17 k allocations: 774.356 KiB)
  0.057135 seconds (6.52 k allocations: 798.778 KiB)
  0.076558 seconds (3.71 k allocations: 462.766 KiB)
  0.001363 seconds (3.99 k allocations: 463.359 KiB)
  0.101854 seconds (2.56 k allocations: 533.750 KiB)
  0.001072 seconds (2.83 k allocations: 553.656 KiB)
  0.061990 seconds (11.90 k allocations: 1.086 MiB)
  0.002254 seconds (8.16 k allocations: 908.234 KiB)
  0.087230 seconds (12.55 k allocations: 1.102 MiB)
  0.002397 seconds (8.81 k allocations: 924.500 KiB)
  0.045052 seconds (8.06 k allocations: 1.193 MiB)
  0.024744 seconds (8.47 k allocations: 1.232 MiB)
  0.010572 seconds (8.23 k allocations: 890.984 KiB)
  0.002367 seconds (8.80 k allocations: 894.891 KiB)
  0.020385 seconds (4.41 k allocations: 979.516 KiB)
  0.002190 seconds (4.73 k allocations: 999.375 KiB)
  0.013653 seconds (8.46 k allocations: 612.435 KiB)
  0.001756 seconds (4.78 k allocations: 410.891 KiB)
  0.038799 seconds (9.00 k allocations: 620.747 KiB, 67.84% gc time)
  0.022731 seconds (5.31 k allocations: 419.500 KiB)
  0.054168 seconds (6.12 k allocations: 575.935 KiB)
  0.035856 seconds (6.46 k allocations: 593.138 KiB)
  0.051193 seconds (4.84 k allocations: 403.484 KiB)
  0.001546 seconds (5.30 k allocations: 407.906 KiB)
  0.009911 seconds (2.50 k allocations: 356.641 KiB)
  0.001204 seconds (2.77 k allocations: 369.641 KiB)
  0.033858 seconds (17.46 k allocations: 1.022 MiB)
  0.013386 seconds (13.73 k allocations: 842.250 KiB)
  0.073192 seconds (18.21 k allocations: 1.039 MiB)
  0.003849 seconds (14.46 k allocations: 858.703 KiB)
  0.049052 seconds (7.97 k allocations: 872.470 KiB)
  0.076241 seconds (8.38 k allocations: 897.782 KiB)
  0.092958 seconds (13.80 k allocations: 835.875 KiB)
  0.003356 seconds (14.45 k allocations: 843.469 KiB)
  0.080424 seconds (4.32 k allocations: 651.281 KiB)
  0.001783 seconds (4.64 k allocations: 664.234 KiB)
  0.000806 seconds (123 allocations: 30.516 KiB)
  0.133788 seconds (58.16 k allocations: 3.021 MiB, 15.26% gc time)
  0.085367 seconds (5.86 k allocations: 362.665 KiB)
  0.230770 seconds (41.17 k allocations: 2.075 MiB)
  0.183609 seconds (72.12 k allocations: 3.605 MiB)
  0.116466 seconds (38.32 k allocations: 1.933 MiB, 16.19% gc time)
  0.029035 seconds (874 allocations: 79.625 KiB)
  0.000065 seconds (15 allocations: 4.016 KiB)
  0.000082 seconds (36 allocations: 13.563 KiB)
  0.165528 seconds (20.16 k allocations: 1.130 MiB)
  0.000055 seconds (16 allocations: 4.031 KiB)
  0.005080 seconds (37 allocations: 13.578 KiB)
  0.000204 seconds (790 allocations: 66.078 KiB)
  0.433001 seconds (118.14 k allocations: 6.155 MiB)
  0.000411 seconds (848 allocations: 67.125 KiB)
  0.147817 seconds (22.42 k allocations: 1.226 MiB)
  0.092406 seconds (98 allocations: 32.328 KiB)
  0.143400 seconds (38.26 k allocations: 1.927 MiB, 16.59% gc time)
  0.088415 seconds (102 allocations: 32.703 KiB)
  0.000135 seconds (15 allocations: 7.578 KiB)
  0.000051 seconds (10 allocations: 4.969 KiB)
  0.000691 seconds (58 allocations: 27.078 KiB)
  0.000077 seconds (16 allocations: 4.031 KiB)
  0.001446 seconds (2.69 k allocations: 255.156 KiB)
  0.099177 seconds (54.87 k allocations: 2.924 MiB)
  0.001034 seconds (1.73 k allocations: 152.422 KiB)
  0.000683 seconds (42 allocations: 40.172 KiB)
  0.038614 seconds (15.91 k allocations: 910.925 KiB)
  0.269384 seconds (56.08 k allocations: 2.980 MiB)
  0.071820 seconds (15.61 k allocations: 984.690 KiB, 30.84% gc time)
  0.012241 seconds (1.65 k allocations: 151.047 KiB)
  0.001103 seconds (46 allocations: 41.094 KiB)
  0.000607 seconds (2.65 k allocations: 233.516 KiB)
  0.088515 seconds (11.22 k allocations: 732.980 KiB)
  0.000856 seconds (2.85 k allocations: 234.188 KiB)
  0.000317 seconds (1.70 k allocations: 135.844 KiB)
  0.018042 seconds (2.38 k allocations: 183.875 KiB)
  0.000325 seconds (1.61 k allocations: 133.563 KiB)
  0.000739 seconds (1.68 k allocations: 137.313 KiB)
  0.201171 seconds (14.40 k allocations: 919.828 KiB)
  0.021862 seconds (41 allocations: 37.172 KiB)
  0.194992 seconds (15.61 k allocations: 1002.940 KiB)
  0.058789 seconds (45 allocations: 38.984 KiB)
  0.001373 seconds (1.64 k allocations: 228.453 KiB)
  0.000061 seconds (11 allocations: 5.203 KiB)
  0.035097 seconds (2.89 k allocations: 257.078 KiB)
  0.000485 seconds (2.85 k allocations: 234.188 KiB)
  0.000533 seconds (1.46 k allocations: 147.234 KiB)
  0.045588 seconds (31.23 k allocations: 1.653 MiB)
  0.048202 seconds (1.06 k allocations: 92.828 KiB)
  0.000545 seconds (1.56 k allocations: 150.141 KiB)
  0.009722 seconds (1.02 k allocations: 92.703 KiB)
  0.003110 seconds (35 allocations: 30.188 KiB)
  0.000334 seconds (1.43 k allocations: 132.875 KiB)
  0.008729 seconds (1.53 k allocations: 135.781 KiB)
  0.000236 seconds (1.03 k allocations: 80.328 KiB)
  0.002938 seconds (1.47 k allocations: 110.813 KiB)
  0.007157 seconds (1.02 k allocations: 92.703 KiB)
  0.000255 seconds (994 allocations: 80.203 KiB)
  0.001018 seconds (851 allocations: 144.844 KiB)
  0.014690 seconds (33 allocations: 28.922 KiB)
  0.001032 seconds (852 allocations: 157.516 KiB)
  0.005647 seconds (35 allocations: 28.953 KiB)
  0.000401 seconds (827 allocations: 118.875 KiB)
  0.028386 seconds (610 allocations: 42.628 KiB)
  0.000702 seconds (1.56 k allocations: 150.141 KiB)
  0.000344 seconds (1.53 k allocations: 135.781 KiB)
  0.000995 seconds (2.70 k allocations: 257.063 KiB)
  0.019249 seconds (1.70 k allocations: 149.734 KiB)
  0.001370 seconds (2.90 k allocations: 257.734 KiB)
  0.009292 seconds (1.68 k allocations: 149.016 KiB)
  0.000579 seconds (2.66 k allocations: 234.484 KiB)
  0.021046 seconds (4.09 k allocations: 324.906 KiB)
  0.000544 seconds (2.85 k allocations: 235.156 KiB)
  0.243078 seconds (1.70 k allocations: 149.734 KiB, 60.40% gc time)
  0.011948 seconds (42 allocations: 40.172 KiB)
  0.007883 seconds (1.68 k allocations: 149.016 KiB)
  0.007911 seconds (1.68 k allocations: 149.016 KiB)
  0.003641 seconds (46 allocations: 41.094 KiB)
  0.001680 seconds (1.68 k allocations: 272.344 KiB)
  0.011959 seconds (41 allocations: 37.172 KiB)
  0.001750 seconds (1.68 k allocations: 297.672 KiB)
  0.035407 seconds (45 allocations: 38.984 KiB)
  0.000555 seconds (1.64 k allocations: 230.313 KiB)
  0.000043 seconds (11 allocations: 5.203 KiB)
  0.001525 seconds (2.90 k allocations: 257.734 KiB)
  0.000676 seconds (2.85 k allocations: 235.156 KiB)
  0.000288 seconds (56 allocations: 19.453 KiB)
  0.000040 seconds (14 allocations: 1.969 KiB)
  0.000076 seconds (21 allocations: 2.281 KiB)
  0.000104 seconds (42 allocations: 6.875 KiB)
  0.118708 seconds (40.56 k allocations: 2.154 MiB)
  0.104531 seconds (39.72 k allocations: 2.104 MiB)
  0.108576 seconds (39.72 k allocations: 2.104 MiB)
  0.000085 seconds (22 allocations: 2.297 KiB)
  0.000110 seconds (43 allocations: 6.891 KiB)
  0.000090 seconds (23 allocations: 2.313 KiB)
  0.000095 seconds (23 allocations: 2.313 KiB)
  0.000084 seconds (24 allocations: 2.328 KiB)
  0.000074 seconds (22 allocations: 2.297 KiB)
  0.000046 seconds (23 allocations: 2.313 KiB)
  0.000084 seconds (23 allocations: 2.313 KiB)
  0.000086 seconds (24 allocations: 2.328 KiB)
  0.024130 seconds (6.41 k allocations: 357.330 KiB)
  0.000058 seconds (14 allocations: 3.141 KiB)
  0.023547 seconds (6.58 k allocations: 341.104 KiB)
  0.032093 seconds (7.49 k allocations: 409.479 KiB)
  0.000354 seconds (840 allocations: 80.094 KiB)
  0.000176 seconds (816 allocations: 70.516 KiB)
  0.000247 seconds (829 allocations: 71.047 KiB)
  0.008736 seconds (1.24 k allocations: 97.781 KiB)
  0.018261 seconds (4.48 k allocations: 271.403 KiB)
  0.008863 seconds (4.53 k allocations: 272.810 KiB)
  0.008718 seconds (4.51 k allocations: 272.278 KiB)
  0.000260 seconds (830 allocations: 71.375 KiB)
  0.000234 seconds (859 allocations: 71.938 KiB)
  0.000238 seconds (803 allocations: 70.531 KiB)
  0.000228 seconds (832 allocations: 71.094 KiB)
  0.000229 seconds (830 allocations: 71.375 KiB)
  0.000232 seconds (859 allocations: 71.938 KiB)
  0.000222 seconds (803 allocations: 70.531 KiB)
  0.000221 seconds (832 allocations: 71.094 KiB)
  0.000556 seconds (407 allocations: 67.719 KiB)
  0.000136 seconds (388 allocations: 51.531 KiB)
  0.000151 seconds (390 allocations: 57.656 KiB)
  0.000345 seconds (843 allocations: 80.453 KiB)
  0.000185 seconds (817 allocations: 70.844 KiB)
  0.000166 seconds (817 allocations: 70.844 KiB)
  0.000573 seconds (410 allocations: 73.391 KiB)
  0.000140 seconds (389 allocations: 57.172 KiB)
  0.000707 seconds (1.14 k allocations: 110.297 KiB)
  0.000212 seconds (1.11 k allocations: 95.156 KiB)
  0.000197 seconds (1.11 k allocations: 95.156 KiB)
  0.000247 seconds (1.12 k allocations: 95.766 KiB)
  0.278855 seconds (78.16 k allocations: 4.370 MiB)
  0.231547 seconds (78.08 k allocations: 4.370 MiB)
  0.293007 seconds (78.12 k allocations: 4.370 MiB)
  0.012498 seconds (9.42 k allocations: 581.271 KiB)
  0.005964 seconds (1.44 k allocations: 118.422 KiB)
  0.002182 seconds (1.68 k allocations: 135.266 KiB)
  0.001567 seconds (1.47 k allocations: 120.266 KiB)
  0.000301 seconds (1.12 k allocations: 95.625 KiB)
  0.000283 seconds (1.12 k allocations: 95.625 KiB)
  0.000256 seconds (1.08 k allocations: 95.844 KiB)
  0.000299 seconds (1.16 k allocations: 95.719 KiB)
  0.000286 seconds (1.12 k allocations: 95.844 KiB)
  0.000282 seconds (1.12 k allocations: 95.625 KiB)
  0.000396 seconds (1.08 k allocations: 95.844 KiB)
  0.000292 seconds (1.16 k allocations: 95.719 KiB)
  0.000306 seconds (1.12 k allocations: 95.844 KiB)
  0.002419 seconds (1.47 k allocations: 120.219 KiB)
  0.003072 seconds (1.68 k allocations: 135.281 KiB)
  0.003059 seconds (1.45 k allocations: 118.438 KiB)
  0.003068 seconds (1.66 k allocations: 133.313 KiB)
  0.037575 seconds (5.40 k allocations: 366.954 KiB)
  0.000239 seconds (765 allocations: 100.156 KiB)
  0.000249 seconds (767 allocations: 111.906 KiB)
  0.018753 seconds (5.90 k allocations: 348.679 KiB)
  0.000203 seconds (1.11 k allocations: 95.016 KiB)
  0.000188 seconds (1.11 k allocations: 95.016 KiB)
  0.000209 seconds (1.11 k allocations: 95.016 KiB)
  0.020247 seconds (6.47 k allocations: 429.710 KiB)
  0.000223 seconds (766 allocations: 111.422 KiB)
  0.000594 seconds (75 allocations: 23.797 KiB)
  0.201071 seconds (122.09 k allocations: 6.164 MiB, 5.88% gc time)
  0.133172 seconds (62.93 k allocations: 3.134 MiB)
  0.199519 seconds (128.97 k allocations: 6.458 MiB)
  0.052369 seconds (62.57 k allocations: 3.143 MiB)
  0.054009 seconds (63.85 k allocations: 3.206 MiB)
  0.000117 seconds (26 allocations: 5.781 KiB)
  0.000168 seconds (71 allocations: 18.922 KiB)
  0.000124 seconds (28 allocations: 9.313 KiB)
  0.000123 seconds (33 allocations: 7.344 KiB)
  0.000166 seconds (80 allocations: 20.094 KiB)
  0.000128 seconds (28 allocations: 9.313 KiB)
  0.000107 seconds (35 allocations: 12.047 KiB)
Test Summary:           | Pass  Total
Test MatrixEquations.jl | 1052   1052
   Testing MatrixEquations tests passed 
