 Resolving package versions...
 Installed TimerOutputs ──── v0.5.3
 Installed FastClosures ──── v0.3.2
 Installed MatrixEquations ─ v1.1.1
 Installed LinearOperators ─ v0.7.1
  Updating `~/.julia/environments/v1.3/Project.toml`
  [99c1a7ee] + MatrixEquations v1.1.1
  Updating `~/.julia/environments/v1.3/Manifest.toml`
  [9aa1b823] + FastClosures v0.3.2
  [5c8ed15e] + LinearOperators v0.7.1
  [99c1a7ee] + MatrixEquations v1.1.1
  [a759f4b9] + TimerOutputs v0.5.3
  [2a0f44e3] + Base64 
  [8ba89e20] + Distributed 
  [b77e0a4c] + InteractiveUtils 
  [8f399da3] + Libdl 
  [37e2e46d] + LinearAlgebra 
  [56ddb016] + Logging 
  [d6f4376e] + Markdown 
  [de0858da] + Printf 
  [9a3f8284] + Random 
  [9e88b42a] + Serialization 
  [6462fe0b] + Sockets 
  [2f01184e] + SparseArrays 
  [8dfed614] + Test 
  [4ec0a83e] + Unicode 
   Testing MatrixEquations
    Status `/tmp/jl_hGjnep/Manifest.toml`
  [9aa1b823] FastClosures v0.3.2
  [5c8ed15e] LinearOperators v0.7.1
  [99c1a7ee] MatrixEquations v1.1.1
  [a759f4b9] TimerOutputs v0.5.3
  [2a0f44e3] Base64  [`@stdlib/Base64`]
  [8ba89e20] Distributed  [`@stdlib/Distributed`]
  [b77e0a4c] InteractiveUtils  [`@stdlib/InteractiveUtils`]
  [8f399da3] Libdl  [`@stdlib/Libdl`]
  [37e2e46d] LinearAlgebra  [`@stdlib/LinearAlgebra`]
  [56ddb016] Logging  [`@stdlib/Logging`]
  [d6f4376e] Markdown  [`@stdlib/Markdown`]
  [de0858da] Printf  [`@stdlib/Printf`]
  [9a3f8284] Random  [`@stdlib/Random`]
  [9e88b42a] Serialization  [`@stdlib/Serialization`]
  [6462fe0b] Sockets  [`@stdlib/Sockets`]
  [2f01184e] SparseArrays  [`@stdlib/SparseArrays`]
  [8dfed614] Test  [`@stdlib/Test`]
  [4ec0a83e] Unicode  [`@stdlib/Unicode`]
  0.015078 seconds (15.88 k allocations: 899.140 KiB)
  0.084113 seconds (62.98 k allocations: 3.283 MiB)
  1.673933 seconds (1.01 M allocations: 51.557 MiB, 0.76% gc time)
  0.323659 seconds (460.20 k allocations: 22.857 MiB, 8.91% gc time)
  0.329308 seconds (433.23 k allocations: 21.137 MiB, 15.84% gc time)
  0.430140 seconds (15.63 k allocations: 2.229 MiB)
  7.222346 seconds (6.90 M allocations: 332.465 MiB, 6.26% gc time)
  0.296792 seconds (61.55 k allocations: 6.752 MiB, 12.18% gc time)
  0.200252 seconds (67.49 k allocations: 5.133 MiB)
  0.401607 seconds (16.88 k allocations: 2.434 MiB)
  0.799372 seconds (17.62 k allocations: 2.480 MiB)
  0.358875 seconds (17.92 k allocations: 2.490 MiB)
  1.401581 seconds (820.69 k allocations: 41.586 MiB, 1.17% gc time)
  0.258943 seconds (446.55 k allocations: 21.602 MiB)
  0.280940 seconds (435.09 k allocations: 21.040 MiB)
  0.546669 seconds (15.62 k allocations: 1.503 MiB)
  5.884653 seconds (7.16 M allocations: 343.708 MiB, 3.46% gc time)
  0.183808 seconds (63.21 k allocations: 5.284 MiB)
  0.355953 seconds (50.45 k allocations: 3.373 MiB, 21.18% gc time)
  0.108114 seconds (16.89 k allocations: 1.634 MiB)
  0.098490 seconds (16.06 k allocations: 1.588 MiB)
  0.333659 seconds (17.91 k allocations: 1.688 MiB)
  0.020802 seconds (25.34 k allocations: 1.272 MiB)
  0.014720 seconds (9.89 k allocations: 456.347 KiB)
  1.369591 seconds (635.84 k allocations: 34.489 MiB, 1.82% gc time)
  0.760667 seconds (245.36 k allocations: 13.628 MiB)
  0.285526 seconds (1.80 k allocations: 1.699 MiB)
  0.412212 seconds (3.46 k allocations: 1.791 MiB)
  0.071637 seconds (8.33 k allocations: 704.679 KiB)
  0.756585 seconds (548.27 k allocations: 29.132 MiB, 4.61% gc time)
  0.516160 seconds (4.63 k allocations: 1.855 MiB)
  0.549607 seconds (2.96 k allocations: 1.758 MiB)
  0.739927 seconds (25.13 k allocations: 3.471 MiB)
  0.442910 seconds (27.58 k allocations: 3.736 MiB)
  2.189932 seconds (1.85 M allocations: 99.110 MiB, 2.37% gc time)
  0.447632 seconds (27.21 k allocations: 3.723 MiB)
  1.027089 seconds (580.76 k allocations: 41.775 MiB, 3.12% gc time)
  0.971735 seconds (129.94 k allocations: 19.239 MiB)
  1.076127 seconds (132.39 k allocations: 19.446 MiB, 1.55% gc time)
  0.882929 seconds (25.64 k allocations: 3.501 MiB)
  0.944881 seconds (31.27 k allocations: 3.932 MiB)
  0.612332 seconds (26.40 k allocations: 3.668 MiB)
  0.664727 seconds (28.86 k allocations: 3.943 MiB)
  0.339368 seconds (49 allocations: 2.359 MiB)
  0.606160 seconds (34.25 k allocations: 4.149 MiB)
  0.494364 seconds (27.66 k allocations: 3.801 MiB)
  0.428215 seconds (30.06 k allocations: 4.002 MiB)
  1.462064 seconds (589.42 k allocations: 29.895 MiB, 4.73% gc time)
  0.769331 seconds (241.37 k allocations: 12.591 MiB)
  0.524129 seconds (1.78 k allocations: 917.131 KiB)
  0.370982 seconds (3.46 k allocations: 1011.517 KiB)
  0.017296 seconds (8.32 k allocations: 548.272 KiB)
  0.760359 seconds (538.19 k allocations: 27.442 MiB)
  0.321776 seconds (4.61 k allocations: 1.052 MiB, 4.07% gc time)
  0.290319 seconds (2.96 k allocations: 978.790 KiB)
  0.655805 seconds (25.13 k allocations: 2.369 MiB)
  0.848423 seconds (27.57 k allocations: 2.558 MiB)
  2.326790 seconds (1.73 M allocations: 86.585 MiB, 1.40% gc time)
  0.542563 seconds (27.20 k allocations: 2.545 MiB)
  0.823989 seconds (573.92 k allocations: 35.425 MiB, 1.89% gc time)
  0.626501 seconds (129.94 k allocations: 13.294 MiB)
  0.822983 seconds (132.40 k allocations: 13.456 MiB)
  1.152150 seconds (25.64 k allocations: 2.400 MiB)
  0.854456 seconds (31.27 k allocations: 2.754 MiB)
  1.569998 seconds (26.40 k allocations: 2.490 MiB)
  0.957190 seconds (28.86 k allocations: 2.689 MiB)
  0.519599 seconds (49 allocations: 1.181 MiB)
  0.677661 seconds (34.23 k allocations: 2.930 MiB)
  1.727797 seconds (27.66 k allocations: 2.586 MiB)
  0.640067 seconds (30.06 k allocations: 2.744 MiB)
  0.008477 seconds (45 allocations: 4.484 KiB)
  0.102275 seconds (12.22 k allocations: 641.979 KiB)
  0.085200 seconds (162 allocations: 11.531 KiB)
  0.188265 seconds (115.87 k allocations: 17.974 MiB)
  6.095695 seconds (5.56 M allocations: 275.073 MiB, 10.14% gc time)
  0.108138 seconds (62.47 k allocations: 6.394 MiB)
  0.019467 seconds (51.72 k allocations: 5.839 MiB)
  0.031028 seconds (74.86 k allocations: 8.175 MiB)
  0.056060 seconds (107.61 k allocations: 17.538 MiB, 42.78% gc time)
  0.006560 seconds (608 allocations: 37.956 KiB)
  0.008693 seconds (86 allocations: 5.094 KiB)
  0.019308 seconds (51.13 k allocations: 5.803 MiB)
  0.027168 seconds (54.68 k allocations: 5.853 MiB)
  0.017213 seconds (44 allocations: 4.438 KiB)
  0.078729 seconds (12.22 k allocations: 641.822 KiB)
  0.031816 seconds (91 allocations: 7.063 KiB)
  0.094441 seconds (108.65 k allocations: 11.788 MiB)
  5.995391 seconds (5.54 M allocations: 264.877 MiB, 2.54% gc time)
  0.147436 seconds (59.20 k allocations: 4.937 MiB)
  0.149820 seconds (48.44 k allocations: 4.380 MiB, 65.46% gc time)
  0.087944 seconds (70.02 k allocations: 5.955 MiB)
  0.094187 seconds (100.75 k allocations: 11.731 MiB)
  0.037810 seconds (607 allocations: 37.894 KiB)
  0.022535 seconds (86 allocations: 5.094 KiB)
  0.046664 seconds (47.85 k allocations: 4.344 MiB)
  0.030453 seconds (51.16 k allocations: 4.396 MiB)
  0.017919 seconds (10.57 k allocations: 519.382 KiB)
  0.016808 seconds (8.04 k allocations: 372.591 KiB)
  0.741586 seconds (173.63 k allocations: 10.006 MiB, 2.96% gc time)
  0.150178 seconds (243.22 k allocations: 11.853 MiB)
  0.173165 seconds (245.82 k allocations: 12.282 MiB)
  0.416129 seconds (15.62 k allocations: 2.229 MiB)
  1.343774 seconds (474.75 k allocations: 27.581 MiB, 1.38% gc time)
  0.463977 seconds (70.14 k allocations: 10.127 MiB)
  0.649517 seconds (15.96 k allocations: 2.385 MiB)
  0.660181 seconds (16.88 k allocations: 2.434 MiB)
  0.663258 seconds (16.05 k allocations: 2.390 MiB)
  0.530759 seconds (17.92 k allocations: 2.490 MiB)
  1.092868 seconds (178.16 k allocations: 9.455 MiB)
  0.257827 seconds (247.08 k allocations: 11.774 MiB, 9.17% gc time)
  0.337618 seconds (259.34 k allocations: 12.902 MiB)
  0.535744 seconds (15.61 k allocations: 1.503 MiB)
  1.738295 seconds (479.58 k allocations: 24.914 MiB, 1.69% gc time)
  0.414538 seconds (72.04 k allocations: 7.254 MiB)
  0.434130 seconds (15.96 k allocations: 1.583 MiB)
  0.334957 seconds (16.89 k allocations: 1.634 MiB)
  0.449387 seconds (16.05 k allocations: 1.588 MiB)
  0.325413 seconds (17.91 k allocations: 1.690 MiB)
  1.093309 seconds (211.42 k allocations: 12.187 MiB)
  0.532630 seconds (8.73 k allocations: 2.210 MiB)
  0.307112 seconds (3.03 k allocations: 1.901 MiB)
  0.315311 seconds (9.46 k allocations: 2.208 MiB)
  0.355208 seconds (3.57 k allocations: 1.924 MiB)
  0.086252 seconds (13.94 k allocations: 846.799 KiB)
  0.023271 seconds (12.52 k allocations: 747.640 KiB)
  0.542814 seconds (33.96 k allocations: 3.936 MiB)
  0.485697 seconds (6.82 k allocations: 2.073 MiB)
  0.453435 seconds (7.50 k allocations: 2.103 MiB)
  0.627387 seconds (25.36 k allocations: 3.481 MiB)
  0.728478 seconds (27.80 k allocations: 3.746 MiB)
  1.661014 seconds (623.88 k allocations: 40.230 MiB, 0.99% gc time)
  0.728249 seconds (143.60 k allocations: 20.220 MiB)
  0.941839 seconds (128.57 k allocations: 19.088 MiB, 16.45% gc time)
  0.820530 seconds (131.02 k allocations: 19.295 MiB)
  0.940018 seconds (25.11 k allocations: 3.467 MiB)
  0.746317 seconds (31.50 k allocations: 3.943 MiB)
  1.254963 seconds (26.63 k allocations: 3.678 MiB, 20.84% gc time)
  0.965544 seconds (29.08 k allocations: 3.953 MiB)
  0.912730 seconds (26.64 k allocations: 3.686 MiB)
  1.039369 seconds (34.48 k allocations: 4.159 MiB)
  1.020567 seconds (27.88 k allocations: 3.810 MiB)
  0.555597 seconds (30.29 k allocations: 4.009 MiB)
  1.353240 seconds (242.05 k allocations: 12.412 MiB)
  0.343770 seconds (6.37 k allocations: 1.204 MiB)
  0.684133 seconds (3.03 k allocations: 1.022 MiB, 36.47% gc time)
  0.493391 seconds (6.58 k allocations: 1.174 MiB)
  0.307746 seconds (3.57 k allocations: 1.046 MiB)
  0.104068 seconds (7.45 k allocations: 417.283 KiB)
  0.014938 seconds (10.21 k allocations: 548.374 KiB)
  0.491998 seconds (33.96 k allocations: 2.835 MiB)
  0.399813 seconds (6.82 k allocations: 1.194 MiB)
  0.419858 seconds (7.50 k allocations: 1.225 MiB)
  0.724789 seconds (25.35 k allocations: 2.379 MiB)
  0.730606 seconds (27.80 k allocations: 2.568 MiB)
  1.375675 seconds (617.55 k allocations: 33.587 MiB, 0.62% gc time)
  0.558558 seconds (136.64 k allocations: 13.883 MiB)
  0.325818 seconds (128.57 k allocations: 13.158 MiB)
  0.370388 seconds (131.03 k allocations: 13.320 MiB, 7.87% gc time)
  0.479368 seconds (25.11 k allocations: 2.366 MiB)
  0.811015 seconds (31.50 k allocations: 2.765 MiB)
  0.949137 seconds (26.63 k allocations: 2.500 MiB)
  0.620297 seconds (29.07 k allocations: 2.698 MiB)
  0.659914 seconds (26.64 k allocations: 2.508 MiB)
  0.594490 seconds (34.46 k allocations: 2.941 MiB)
  0.568900 seconds (27.88 k allocations: 2.595 MiB)
  0.324995 seconds (30.29 k allocations: 2.755 MiB)
  0.059486 seconds (68.52 k allocations: 9.748 MiB, 29.84% gc time)
  1.017354 seconds (441.93 k allocations: 28.717 MiB)
  0.124653 seconds (64.51 k allocations: 9.502 MiB)
  0.187600 seconds (85.44 k allocations: 13.277 MiB, 20.15% gc time)
  0.026325 seconds (44 allocations: 4.438 KiB)
  0.095430 seconds (12.22 k allocations: 641.463 KiB)
  0.025054 seconds (91 allocations: 7.063 KiB)
  0.129217 seconds (114.10 k allocations: 17.799 MiB)
  0.158089 seconds (110.81 k allocations: 17.434 MiB, 10.08% gc time)
  1.119132 seconds (647.53 k allocations: 45.913 MiB, 1.64% gc time)
  0.163396 seconds (134.51 k allocations: 23.846 MiB)
  0.043383 seconds (64.30 k allocations: 6.532 MiB, 34.51% gc time)
  0.711330 seconds (434.96 k allocations: 23.764 MiB)
  0.044468 seconds (60.48 k allocations: 6.476 MiB)
  0.536814 seconds (290.62 k allocations: 16.823 MiB, 12.02% gc time)
  0.029792 seconds (44 allocations: 4.438 KiB)
  0.157704 seconds (12.22 k allocations: 642.635 KiB)
  0.042303 seconds (91 allocations: 7.063 KiB)
  0.138868 seconds (106.99 k allocations: 11.637 MiB)
  0.119218 seconds (103.84 k allocations: 11.649 MiB)
  1.376644 seconds (634.62 k allocations: 36.425 MiB, 1.33% gc time)
  0.191382 seconds (126.44 k allocations: 15.294 MiB)
  0.297597 seconds (50.45 k allocations: 6.257 MiB)
  0.067644 seconds (9 allocations: 3.815 MiB)
  0.107603 seconds (17 allocations: 5.731 MiB)
  0.104343 seconds (9 allocations: 3.815 MiB)
  0.076633 seconds (18 allocations: 7.638 MiB)
  0.089205 seconds (9 allocations: 3.815 MiB, 6.70% gc time)
  0.307184 seconds (49.93 k allocations: 11.996 MiB)
  0.035822 seconds (9 allocations: 3.815 MiB)
  0.450122 seconds (113.87 k allocations: 8.703 MiB)
  0.005099 seconds (20 allocations: 2.864 MiB)
  0.003197 seconds (20 allocations: 2.864 MiB)
  0.014257 seconds (20 allocations: 2.864 MiB, 59.54% gc time)
  1.648055 seconds (1.57 M allocations: 79.829 MiB, 1.01% gc time)
  0.263002 seconds (277.42 k allocations: 14.236 MiB)
  0.837080 seconds (679.99 k allocations: 35.589 MiB)
  0.461400 seconds (224.88 k allocations: 12.226 MiB)
  0.237112 seconds (97.62 k allocations: 5.472 MiB)
  0.323106 seconds (97.65 k allocations: 5.466 MiB)
  0.246330 seconds (96.83 k allocations: 5.418 MiB)
  0.505479 seconds (213.38 k allocations: 11.430 MiB)
  0.670206 seconds (455.63 k allocations: 23.270 MiB, 2.40% gc time)
  1.231629 seconds (954.46 k allocations: 47.697 MiB, 1.29% gc time)
  1.266317 seconds (373.15 k allocations: 19.371 MiB, 1.13% gc time)
  0.887579 seconds (96.59 k allocations: 5.624 MiB)
  0.950977 seconds (98.30 k allocations: 5.711 MiB)
  3.108634 seconds (2.23 M allocations: 111.026 MiB, 3.11% gc time)
  0.638472 seconds (303.61 k allocations: 15.308 MiB, 8.67% gc time)
  1.087282 seconds (573.95 k allocations: 29.385 MiB)
  0.861543 seconds (155.05 k allocations: 8.381 MiB, 2.64% gc time)
  1.015180 seconds (268.68 k allocations: 14.239 MiB)
  1.358932 seconds (781.29 k allocations: 42.560 MiB, 4.51% gc time)
  5.460304 seconds (2.62 M allocations: 127.789 MiB, 1.70% gc time)
  0.574946 seconds (182.78 k allocations: 10.372 MiB)
  0.196956 seconds (62.86 k allocations: 3.994 MiB)
  0.345782 seconds (3.43 k allocations: 450.686 KiB)
  1.030596 seconds (565.78 k allocations: 28.110 MiB, 7.20% gc time)
  0.814375 seconds (538.00 k allocations: 26.579 MiB, 5.33% gc time)
  1.252802 seconds (779.96 k allocations: 38.120 MiB)
  0.783028 seconds (524.16 k allocations: 25.873 MiB)
  3.238634 seconds (2.07 M allocations: 100.799 MiB, 1.20% gc time)
  0.751809 seconds (304 allocations: 660.875 KiB)
  1.561134 seconds (713.54 k allocations: 35.024 MiB)
  1.115983 seconds (500.18 k allocations: 24.702 MiB)
  0.296750 seconds (50.67 k allocations: 3.352 MiB)
  0.741509 seconds (353.22 k allocations: 17.824 MiB, 6.62% gc time)
  0.280801 seconds (50.66 k allocations: 3.352 MiB)
  1.304865 seconds (667.63 k allocations: 32.431 MiB, 3.27% gc time)
  0.750055 seconds (269.11 k allocations: 13.684 MiB)
  0.474255 seconds (51.05 k allocations: 3.631 MiB)
  0.734048 seconds (251.43 k allocations: 12.760 MiB, 2.87% gc time)
  0.576365 seconds (49.84 k allocations: 3.582 MiB)
  1.011026 seconds (283.24 k allocations: 14.428 MiB)
  6.879250 seconds (4.11 M allocations: 200.772 MiB, 1.16% gc time)
  2.095245 seconds (275.58 k allocations: 14.547 MiB)
  0.677932 seconds (45.98 k allocations: 3.375 MiB)
  1.148427 seconds (250.64 k allocations: 12.735 MiB, 6.19% gc time)
  0.528961 seconds (49.90 k allocations: 3.586 MiB)
  0.925056 seconds (254.38 k allocations: 12.952 MiB)
  2.570635 seconds (1.85 M allocations: 100.140 MiB, 2.94% gc time)
  1.644047 seconds (704.41 k allocations: 42.781 MiB, 1.14% gc time)
  0.737304 seconds (70.09 k allocations: 11.039 MiB, 23.05% gc time)
  0.501410 seconds (15.10 k allocations: 7.832 MiB)
  0.347931 seconds (65.78 k allocations: 10.840 MiB)
  3.590792 seconds (1.73 M allocations: 100.628 MiB, 1.50% gc time)
  1.142168 seconds (15.11 k allocations: 14.350 MiB, 2.60% gc time)
  0.714741 seconds (410.18 k allocations: 27.270 MiB)
  1.225885 seconds (399.33 k allocations: 25.837 MiB, 1.74% gc time)
  0.967872 seconds (64.52 k allocations: 10.816 MiB)
  1.479289 seconds (472.59 k allocations: 29.872 MiB, 1.97% gc time)
  0.825971 seconds (67.81 k allocations: 10.974 MiB)
  3.855812 seconds (400.23 k allocations: 32.421 MiB, 0.45% gc time)
  3.408498 seconds (204.92 k allocations: 24.368 MiB)
  3.164270 seconds (299.84 k allocations: 27.442 MiB, 6.15% gc time)
  1.429135 seconds (434.27 k allocations: 27.772 MiB)
  0.000349 seconds (80 allocations: 17.172 KiB)
  0.000335 seconds (86 allocations: 17.391 KiB)
  0.000322 seconds (97 allocations: 17.734 KiB)
  0.000336 seconds (99 allocations: 17.719 KiB)
  0.000285 seconds (98 allocations: 17.703 KiB)
  0.000268 seconds (98 allocations: 17.750 KiB)
  0.000268 seconds (97 allocations: 17.734 KiB)
  0.000284 seconds (98 allocations: 17.734 KiB)
  0.000272 seconds (89 allocations: 17.438 KiB)
  0.000453 seconds (72 allocations: 24.016 KiB)
  0.000478 seconds (81 allocations: 24.281 KiB)
  0.000427 seconds (73 allocations: 24.500 KiB)
  0.000449 seconds (74 allocations: 24.984 KiB)
  0.021199 seconds (123 allocations: 25.781 KiB)
  0.007060 seconds (129 allocations: 26.000 KiB)
  0.004826 seconds (158 allocations: 27.188 KiB)
  0.000793 seconds (159 allocations: 27.203 KiB)
  0.000898 seconds (160 allocations: 27.172 KiB)
  0.000614 seconds (189 allocations: 26.828 KiB)
  1.108969 seconds (944.56 k allocations: 46.258 MiB, 1.75% gc time)
  0.145690 seconds (121.79 k allocations: 6.881 MiB, 16.99% gc time)
  0.028883 seconds (62.05 k allocations: 3.638 MiB)
  0.008716 seconds (3.24 k allocations: 172.706 KiB)
  0.582541 seconds (560.92 k allocations: 27.580 MiB)
  0.565613 seconds (528.76 k allocations: 25.872 MiB, 3.66% gc time)
  1.161557 seconds (786.06 k allocations: 38.237 MiB, 4.54% gc time)
  0.612224 seconds (552.69 k allocations: 27.022 MiB)
  0.000585 seconds (123 allocations: 30.766 KiB)
  0.968336 seconds (976.08 k allocations: 47.585 MiB, 1.90% gc time)
  0.804361 seconds (672.15 k allocations: 32.420 MiB)
  1.036725 seconds (526.79 k allocations: 25.689 MiB, 3.56% gc time)
  0.042375 seconds (50.63 k allocations: 3.043 MiB)
  0.709409 seconds (378.47 k allocations: 18.712 MiB)
  0.034422 seconds (50.63 k allocations: 3.043 MiB)
  0.821276 seconds (634.49 k allocations: 30.657 MiB, 2.45% gc time)
  0.424573 seconds (297.65 k allocations: 14.567 MiB)
  0.108770 seconds (51.01 k allocations: 3.053 MiB)
  0.567022 seconds (280.06 k allocations: 13.646 MiB, 4.89% gc time)
  0.145654 seconds (49.80 k allocations: 3.004 MiB)
  0.717043 seconds (312.33 k allocations: 15.339 MiB)
  0.577517 seconds (304.81 k allocations: 15.112 MiB)
  0.619113 seconds (274.35 k allocations: 13.350 MiB)
  0.205924 seconds (45.94 k allocations: 2.796 MiB, 54.55% gc time)
  0.557352 seconds (279.24 k allocations: 13.616 MiB)
  0.087418 seconds (49.84 k allocations: 3.006 MiB)
  0.449586 seconds (256.25 k allocations: 12.526 MiB)
  1.220494 seconds (811.50 k allocations: 40.184 MiB, 2.51% gc time)
  0.413610 seconds (455.26 k allocations: 22.571 MiB)
  0.082879 seconds (55.54 k allocations: 3.297 MiB, 41.91% gc time)
  0.006530 seconds (729 allocations: 102.500 KiB)
  0.025894 seconds (51.40 k allocations: 3.108 MiB)
  0.001287 seconds (624 allocations: 139.734 KiB)
  0.810884 seconds (599.92 k allocations: 29.714 MiB)
  0.538507 seconds (433.17 k allocations: 21.558 MiB, 6.60% gc time)
  0.658349 seconds (465.12 k allocations: 22.661 MiB)
  0.236429 seconds (50.13 k allocations: 3.059 MiB)
  0.813773 seconds (530.36 k allocations: 25.881 MiB)
  0.170732 seconds (53.27 k allocations: 3.208 MiB)
  0.761626 seconds (379.02 k allocations: 18.208 MiB)
  0.062529 seconds (50.19 k allocations: 3.106 MiB)
  0.790432 seconds (282.21 k allocations: 13.015 MiB)
  0.633132 seconds (465.33 k allocations: 22.500 MiB, 7.97% gc time)
  0.017742 seconds (4.23 k allocations: 209.568 KiB)
  0.404288 seconds (276.58 k allocations: 13.482 MiB)
  0.161898 seconds (4.19 k allocations: 223.620 KiB)
  0.073235 seconds (3.42 k allocations: 176.819 KiB)
  0.094508 seconds (7.93 k allocations: 429.056 KiB)
  0.015133 seconds (2.47 k allocations: 139.831 KiB)
  0.184549 seconds (166.72 k allocations: 9.072 MiB)
  0.039740 seconds (21.98 k allocations: 1.214 MiB)
  3.685631 seconds (15.10 k allocations: 11.777 MiB)
  0.442716 seconds (114.87 k allocations: 6.354 MiB)
  0.056251 seconds (20.22 k allocations: 1.255 MiB)
 10.123034 seconds (514.87 k allocations: 48.017 MiB, 0.85% gc time)
  0.224205 seconds (50.57 k allocations: 2.890 MiB)
  0.116777 seconds (53.63 k allocations: 2.818 MiB)
  0.128778 seconds (53.66 k allocations: 2.823 MiB)
  0.180856 seconds (51.09 k allocations: 2.915 MiB, 50.24% gc time)
  0.099645 seconds (50.56 k allocations: 2.902 MiB)
  0.145542 seconds (83.06 k allocations: 4.467 MiB)
  0.759464 seconds (363.11 k allocations: 17.733 MiB)
  0.429256 seconds (459.27 k allocations: 22.372 MiB, 4.50% gc time)
  0.096728 seconds (3.43 k allocations: 177.288 KiB)
  0.069847 seconds (5.59 k allocations: 297.812 KiB)
  0.008005 seconds (2.47 k allocations: 137.581 KiB)
  0.142658 seconds (124.02 k allocations: 6.529 MiB)
  0.039180 seconds (21.97 k allocations: 1.158 MiB)
  8.014660 seconds (15.10 k allocations: 6.273 MiB)
  0.318856 seconds (120.64 k allocations: 6.484 MiB)
  0.047373 seconds (20.02 k allocations: 1.131 MiB)
 12.361060 seconds (2.82 M allocations: 146.620 MiB, 0.59% gc time)
  0.350884 seconds (50.35 k allocations: 2.673 MiB)
  0.088603 seconds (53.63 k allocations: 2.722 MiB)
  0.099150 seconds (56.90 k allocations: 2.915 MiB)
  0.082134 seconds (50.90 k allocations: 2.713 MiB)
  0.159218 seconds (50.39 k allocations: 2.697 MiB, 36.08% gc time)
  0.158431 seconds (81.08 k allocations: 4.170 MiB)
  0.005734 seconds (639 allocations: 39.819 KiB)
  0.021331 seconds (8.01 k allocations: 462.372 KiB)
  0.020346 seconds (8.01 k allocations: 462.372 KiB)
  0.008912 seconds (87 allocations: 5.266 KiB)
  0.360431 seconds (252.95 k allocations: 12.353 MiB)
  0.011541 seconds (4.70 k allocations: 289.733 KiB)
  0.009698 seconds (4.70 k allocations: 289.483 KiB)
  0.010192 seconds (5.34 k allocations: 328.852 KiB)
  0.004415 seconds (650 allocations: 40.556 KiB)
  0.010600 seconds (4.65 k allocations: 258.515 KiB)
  0.010933 seconds (4.65 k allocations: 258.312 KiB)
  0.007848 seconds (96 allocations: 5.703 KiB)
  0.005225 seconds (638 allocations: 39.819 KiB)
  0.008072 seconds (4.64 k allocations: 257.653 KiB)
  0.008067 seconds (4.64 k allocations: 257.653 KiB)
  0.000192 seconds (14 allocations: 656 bytes)
  0.478002 seconds (253.77 k allocations: 12.388 MiB)
  0.010221 seconds (4.70 k allocations: 275.655 KiB)
  0.026335 seconds (4.70 k allocations: 275.858 KiB)
  0.026310 seconds (5.33 k allocations: 314.617 KiB)
  0.004893 seconds (650 allocations: 40.603 KiB)
  0.010184 seconds (4.65 k allocations: 258.343 KiB)
  0.010512 seconds (4.65 k allocations: 258.312 KiB)
  0.008215 seconds (96 allocations: 5.703 KiB)
  0.020191 seconds (14.88 k allocations: 783.798 KiB)
  0.016614 seconds (10.02 k allocations: 504.978 KiB)
  0.156336 seconds (3.29 k allocations: 215.187 KiB)
  0.146279 seconds (4.71 k allocations: 261.307 KiB)
  0.135674 seconds (3.04 k allocations: 164.568 KiB)
  0.103168 seconds (6.26 k allocations: 338.998 KiB)
  0.008394 seconds (3.02 k allocations: 168.399 KiB)
  1.067441 seconds (572.10 k allocations: 25.605 MiB, 2.66% gc time)
  0.047569 seconds (36.68 k allocations: 2.386 MiB)
  0.074847 seconds (36.22 k allocations: 2.385 MiB)
  0.086590 seconds (56.14 k allocations: 3.357 MiB)
  0.869127 seconds (590.37 k allocations: 28.947 MiB)
  0.076668 seconds (52.71 k allocations: 3.716 MiB)
  0.067748 seconds (33.37 k allocations: 3.067 MiB, 29.82% gc time)
  0.063682 seconds (53.05 k allocations: 4.039 MiB)
  8.353027 seconds (22.42 k allocations: 17.599 MiB)
  0.000022 seconds (6 allocations: 224 bytes)
  0.000010 seconds (6 allocations: 192 bytes)
  0.728462 seconds (13.52 k allocations: 708.613 KiB)
  0.267193 seconds (231.88 k allocations: 11.331 MiB)
  0.108082 seconds (3.05 k allocations: 164.990 KiB)
  0.042365 seconds (2.73 k allocations: 136.546 KiB)
  0.007724 seconds (3.02 k allocations: 165.087 KiB)
  0.962706 seconds (571.09 k allocations: 25.325 MiB, 3.51% gc time)
  0.045549 seconds (36.37 k allocations: 2.161 MiB)
  0.047985 seconds (35.93 k allocations: 2.157 MiB)
  0.074222 seconds (56.84 k allocations: 3.192 MiB)
  0.960116 seconds (606.43 k allocations: 29.137 MiB)
  0.190837 seconds (52.52 k allocations: 3.242 MiB)
  0.115034 seconds (33.15 k allocations: 2.465 MiB)
  0.174038 seconds (53.84 k allocations: 3.501 MiB, 12.92% gc time)
  6.145565 seconds (22.42 k allocations: 9.350 MiB)
  0.028069 seconds (8.10 k allocations: 871.991 KiB)
  0.015309 seconds (12.33 k allocations: 1.062 MiB)
  0.024784 seconds (11.87 k allocations: 1.061 MiB)
  0.001786 seconds (7.46 k allocations: 826.344 KiB)
  1.191340 seconds (700.55 k allocations: 29.806 MiB)
  0.013990 seconds (14.97 k allocations: 1.333 MiB)
  0.023440 seconds (16.81 k allocations: 1.445 MiB)
  0.019424 seconds (15.81 k allocations: 1.375 MiB)
  0.022059 seconds (5.81 k allocations: 1.187 MiB)
  0.053065 seconds (9.82 k allocations: 1.662 MiB)
  0.041867 seconds (9.81 k allocations: 1.400 MiB)
  0.053856 seconds (5.25 k allocations: 1.415 MiB, 62.00% gc time)
  0.020004 seconds (7.80 k allocations: 693.632 KiB)
  0.024270 seconds (12.02 k allocations: 910.388 KiB)
  0.023944 seconds (11.58 k allocations: 905.122 KiB)
  0.002716 seconds (7.17 k allocations: 647.031 KiB)
  1.399221 seconds (490.86 k allocations: 21.507 MiB)
  0.023624 seconds (14.68 k allocations: 1.069 MiB)
  0.024631 seconds (16.29 k allocations: 1.158 MiB)
  0.025455 seconds (15.51 k allocations: 1.104 MiB)
  0.006944 seconds (5.81 k allocations: 849.493 KiB)
  0.027970 seconds (9.81 k allocations: 1.180 MiB)
  0.021815 seconds (9.81 k allocations: 1.042 MiB)
  0.018314 seconds (5.25 k allocations: 955.906 KiB)
  0.136981 seconds (2.63 k allocations: 149.155 KiB)
  0.387196 seconds (217.52 k allocations: 10.583 MiB)
  0.094625 seconds (1.58 k allocations: 99.238 KiB)
  0.077679 seconds (2.56 k allocations: 138.140 KiB)
  0.485613 seconds (258.02 k allocations: 12.795 MiB, 8.12% gc time)
  1.498782 seconds (836.83 k allocations: 36.847 MiB)
  0.135322 seconds (108.28 k allocations: 6.284 MiB)
  1.189256 seconds (621.88 k allocations: 29.600 MiB, 2.05% gc time)
  0.071038 seconds (39.33 k allocations: 3.996 MiB)
  0.102322 seconds (77.27 k allocations: 5.894 MiB)
  0.097836 seconds (77.30 k allocations: 5.888 MiB)
  0.009577 seconds (13.30 k allocations: 1.510 MiB)
  0.099240 seconds (45.36 k allocations: 4.281 MiB, 38.58% gc time)
  0.096658 seconds (79.43 k allocations: 4.793 MiB)
  0.131342 seconds (78.52 k allocations: 4.774 MiB)
  0.143651 seconds (88.79 k allocations: 5.322 MiB)
  0.009110 seconds (12.84 k allocations: 1.493 MiB)
  0.008994 seconds (13.29 k allocations: 1.497 MiB)
  0.009037 seconds (13.75 k allocations: 1.514 MiB)
  0.145373 seconds (80.24 k allocations: 5.970 MiB)
  4.903542 seconds (12.35 k allocations: 11.614 MiB)
  8.402825 seconds (12.34 k allocations: 22.608 MiB, 0.18% gc time)
  3.821308 seconds (13.58 k allocations: 11.694 MiB)
  4.955942 seconds (128.13 k allocations: 28.369 MiB)
  1.728870 seconds (416.20 k allocations: 20.098 MiB, 1.86% gc time)
  0.801877 seconds (217.52 k allocations: 10.572 MiB)
  0.680406 seconds (1.58 k allocations: 91.113 KiB)
  0.059452 seconds (2.56 k allocations: 129.718 KiB)
  0.351812 seconds (250.37 k allocations: 12.442 MiB)
  1.393739 seconds (825.91 k allocations: 35.611 MiB, 1.76% gc time)
  0.154267 seconds (117.01 k allocations: 6.418 MiB)
  1.451019 seconds (612.25 k allocations: 28.031 MiB)
  0.033732 seconds (21.46 k allocations: 2.269 MiB)
  0.080847 seconds (77.08 k allocations: 5.050 MiB)
  0.080363 seconds (77.10 k allocations: 5.043 MiB)
  0.005576 seconds (13.31 k allocations: 1.191 MiB)
  0.058917 seconds (46.63 k allocations: 3.551 MiB)
  0.090789 seconds (79.43 k allocations: 4.471 MiB)
  0.079240 seconds (78.54 k allocations: 4.466 MiB)
  0.083458 seconds (88.81 k allocations: 5.013 MiB)
  0.005615 seconds (12.87 k allocations: 1.186 MiB)
  0.005479 seconds (13.31 k allocations: 1.187 MiB)
  0.005920 seconds (13.75 k allocations: 1.192 MiB)
  0.091717 seconds (80.06 k allocations: 5.133 MiB)
  7.075727 seconds (12.35 k allocations: 6.115 MiB)
  7.892702 seconds (12.34 k allocations: 11.613 MiB, 0.82% gc time)
  7.530045 seconds (13.57 k allocations: 6.192 MiB)
  8.030606 seconds (129.89 k allocations: 17.460 MiB)
  0.045543 seconds (13.98 k allocations: 1.455 MiB)
  0.071011 seconds (23.53 k allocations: 1.973 MiB)
  0.063533 seconds (22.63 k allocations: 1.953 MiB)
  0.043888 seconds (13.32 k allocations: 1.403 MiB)
  1.482239 seconds (741.72 k allocations: 32.172 MiB, 2.30% gc time)
  0.019850 seconds (23.48 k allocations: 2.200 MiB)
  0.028765 seconds (27.02 k allocations: 2.379 MiB)
  0.018674 seconds (24.50 k allocations: 2.227 MiB)
  0.009390 seconds (11.05 k allocations: 2.339 MiB)
  0.014655 seconds (16.80 k allocations: 2.654 MiB)
  0.015634 seconds (16.79 k allocations: 3.177 MiB)
  0.013782 seconds (10.42 k allocations: 2.824 MiB)
  0.008598 seconds (13.98 k allocations: 1.183 MiB)
  0.011322 seconds (20.16 k allocations: 1.498 MiB)
  0.011874 seconds (19.29 k allocations: 1.493 MiB)
  0.003581 seconds (13.28 k allocations: 1.135 MiB)
  1.343746 seconds (743.01 k allocations: 31.780 MiB, 1.84% gc time)
  0.028600 seconds (23.47 k allocations: 1.758 MiB)
  0.052701 seconds (26.68 k allocations: 1.945 MiB)
  0.039066 seconds (24.50 k allocations: 1.805 MiB)
  0.024036 seconds (11.05 k allocations: 1.625 MiB)
  0.030171 seconds (16.80 k allocations: 1.939 MiB)
  0.019558 seconds (16.79 k allocations: 2.215 MiB)
  0.011227 seconds (10.42 k allocations: 1.862 MiB)
  0.222929 seconds (190.27 k allocations: 9.688 MiB)
  0.005525 seconds (65 allocations: 128.031 KiB)
  0.190303 seconds (165.43 k allocations: 8.645 MiB)
  0.008428 seconds (63 allocations: 245.609 KiB)
  0.088303 seconds (55.59 k allocations: 3.091 MiB)
  0.099352 seconds (60.52 k allocations: 3.345 MiB)
  0.095042 seconds (74.78 k allocations: 3.839 MiB)
  7.057000 seconds (43.42 k allocations: 35.105 MiB, 0.28% gc time)
  3.377738 seconds (48 allocations: 33.034 MiB, 0.54% gc time)
  3.520063 seconds (64.96 k allocations: 69.172 MiB, 0.24% gc time)
  7.976028 seconds (50 allocations: 66.055 MiB)
  0.345973 seconds (166.63 k allocations: 8.508 MiB, 47.34% gc time)
  0.002912 seconds (65 allocations: 68.031 KiB)
  0.182906 seconds (169.93 k allocations: 8.741 MiB)
  0.005722 seconds (63 allocations: 125.922 KiB)
  0.083815 seconds (55.19 k allocations: 2.947 MiB)
  0.094401 seconds (60.12 k allocations: 3.182 MiB)
  0.090528 seconds (74.78 k allocations: 3.779 MiB)
  9.237418 seconds (185.95 k allocations: 25.912 MiB)
  9.511172 seconds (48 allocations: 16.523 MiB, 2.13% gc time)
 10.559576 seconds (185.96 k allocations: 42.419 MiB)
 11.203948 seconds (48 allocations: 33.034 MiB, 1.45% gc time)
  0.339830 seconds (59.15 k allocations: 3.131 MiB)
  0.141169 seconds (54.32 k allocations: 2.922 MiB)
  0.005927 seconds (75 allocations: 136.969 KiB)
  0.130222 seconds (56.87 k allocations: 3.039 MiB)
  0.149417 seconds (59.71 k allocations: 3.296 MiB)
  0.259269 seconds (95.73 k allocations: 5.095 MiB)
  0.018226 seconds (101 allocations: 265.125 KiB)
  0.131106 seconds (57.66 k allocations: 3.215 MiB)
  0.199245 seconds (87.48 k allocations: 4.730 MiB)
  6.229164 seconds (88.16 k allocations: 37.321 MiB, 0.23% gc time)
  0.132664 seconds (59.14 k allocations: 3.061 MiB)
  0.071093 seconds (54.32 k allocations: 2.865 MiB)
  0.002875 seconds (75 allocations: 72.641 KiB)
  0.079967 seconds (58.06 k allocations: 3.042 MiB)
  0.093527 seconds (59.31 k allocations: 3.132 MiB)
  0.110723 seconds (95.32 k allocations: 4.949 MiB)
  0.018274 seconds (3.34 k allocations: 329.916 KiB)
  0.100491 seconds (58.44 k allocations: 3.121 MiB)
  0.142106 seconds (87.86 k allocations: 4.602 MiB)
  8.371611 seconds (90.40 k allocations: 20.923 MiB, 0.19% gc time)
  0.140717 seconds (1.01 k allocations: 61.174 KiB)
  0.000957 seconds (21 allocations: 1.594 KiB)
  0.040987 seconds (1.01 k allocations: 61.049 KiB)
  0.001237 seconds (21 allocations: 1.594 KiB)
  0.000935 seconds (18 allocations: 1.375 KiB)
  0.000907 seconds (18 allocations: 1.375 KiB)
  0.000979 seconds (18 allocations: 1.375 KiB)
  0.000960 seconds (18 allocations: 1.375 KiB)
  0.045637 seconds (13.82 k allocations: 713.184 KiB)
  0.094532 seconds (63.68 k allocations: 3.092 MiB)
  0.118670 seconds (60.45 k allocations: 2.931 MiB)
  0.070390 seconds (25.18 k allocations: 1.269 MiB)
  0.047974 seconds (12.81 k allocations: 649.064 KiB)
  0.046080 seconds (15.63 k allocations: 794.317 KiB)
  0.025759 seconds (1.01 k allocations: 61.189 KiB)
  0.001001 seconds (21 allocations: 1.594 KiB)
  0.026634 seconds (1.01 k allocations: 61.049 KiB)
  0.003281 seconds (21 allocations: 1.594 KiB)
  0.001011 seconds (18 allocations: 1.375 KiB)
  0.000909 seconds (18 allocations: 1.375 KiB)
  0.001179 seconds (18 allocations: 1.375 KiB)
  0.001339 seconds (18 allocations: 1.375 KiB)
  0.029783 seconds (13.82 k allocations: 712.637 KiB)
  0.136962 seconds (62.25 k allocations: 2.979 MiB)
  0.110214 seconds (60.44 k allocations: 2.920 MiB)
  0.059154 seconds (25.18 k allocations: 1.228 MiB)
  0.032006 seconds (12.81 k allocations: 648.471 KiB)
  0.040966 seconds (15.63 k allocations: 779.927 KiB)
  0.595991 seconds (29 allocations: 157.609 KiB)
  2.203740 seconds (28 allocations: 312.969 KiB)
  0.519835 seconds (11.92 k allocations: 722.292 KiB)
  1.505909 seconds (20 allocations: 233.531 KiB)
  0.410319 seconds (15.12 k allocations: 1.077 MiB)
  1.448314 seconds (70.06 k allocations: 4.152 MiB)
  0.546380 seconds (11.94 k allocations: 844.323 KiB)
  1.327118 seconds (11.93 k allocations: 1.055 MiB, 5.93% gc time)
  0.060254 seconds (28 allocations: 156.281 KiB)
  1.585758 seconds (27 allocations: 310.359 KiB)
  0.634269 seconds (31 allocations: 157.203 KiB)
  2.028499 seconds (34 allocations: 312.266 KiB)
  0.781203 seconds (31 allocations: 317.109 KiB)
  1.972652 seconds (31.82 k allocations: 2.150 MiB)
  0.951422 seconds (35 allocations: 318.078 KiB)
  2.739692 seconds (38 allocations: 634.188 KiB)
  1.030375 seconds (41 allocations: 469.750 KiB)
  1.532292 seconds (48 allocations: 470.859 KiB)
  4.644379 seconds (40 allocations: 935.953 KiB)
  3.708605 seconds (48 allocations: 937.891 KiB)
  0.968364 seconds (52 allocations: 471.516 KiB)
  0.011962 seconds (6.24 k allocations: 321.388 KiB)
  0.010401 seconds (6.62 k allocations: 328.270 KiB)
  2.549952 seconds (1.96 M allocations: 93.102 MiB, 2.08% gc time)
  0.045083 seconds (580 allocations: 157.922 KiB)
  0.109730 seconds (8.78 k allocations: 651.679 KiB)
  0.303883 seconds (154.79 k allocations: 7.849 MiB)
  0.133727 seconds (638 allocations: 165.719 KiB, 80.50% gc time)
  2.003164 seconds (1.61 M allocations: 76.993 MiB, 0.92% gc time)
  0.011815 seconds (875 allocations: 280.031 KiB)
  0.352202 seconds (158.86 k allocations: 8.173 MiB, 4.73% gc time)
  0.051041 seconds (1.17 k allocations: 308.063 KiB)
  0.123885 seconds (11.28 k allocations: 918.077 KiB)
  0.508867 seconds (110.77 k allocations: 5.476 MiB)
  0.355754 seconds (103.57 k allocations: 5.190 MiB)
  0.364685 seconds (110.80 k allocations: 5.489 MiB)
  0.423867 seconds (103.58 k allocations: 5.193 MiB)
 14.533381 seconds (4.11 M allocations: 183.198 MiB, 0.97% gc time)
  0.010972 seconds (1.24 k allocations: 107.516 KiB)
  0.086097 seconds (9.43 k allocations: 603.179 KiB)
  0.487039 seconds (207.22 k allocations: 10.447 MiB)
  0.011827 seconds (1.43 k allocations: 113.859 KiB)
  2.884718 seconds (2.18 M allocations: 103.925 MiB, 2.93% gc time)
  0.023071 seconds (874 allocations: 165.516 KiB)
  0.421395 seconds (198.13 k allocations: 10.130 MiB, 6.35% gc time)
  0.015521 seconds (1.17 k allocations: 183.484 KiB)
  0.055393 seconds (11.28 k allocations: 794.358 KiB)
  0.429933 seconds (110.71 k allocations: 5.360 MiB)
  0.400963 seconds (103.51 k allocations: 5.056 MiB)
  0.285730 seconds (110.74 k allocations: 5.366 MiB)
  0.328522 seconds (103.51 k allocations: 5.061 MiB)
  0.115763 seconds (4.32 k allocations: 213.896 KiB)
  0.010859 seconds (4.72 k allocations: 229.086 KiB)
  2.694571 seconds (1.65 M allocations: 77.359 MiB, 1.98% gc time)
  0.027364 seconds (8.88 k allocations: 1014.203 KiB)
  0.428968 seconds (120.83 k allocations: 6.407 MiB)
  0.066576 seconds (9.70 k allocations: 1.035 MiB)
  1.438116 seconds (562.24 k allocations: 27.348 MiB, 2.04% gc time)
  0.077872 seconds (3.97 k allocations: 1.229 MiB)
  0.439300 seconds (120.20 k allocations: 6.871 MiB)
  0.073032 seconds (4.44 k allocations: 1.283 MiB)
  0.444517 seconds (128.56 k allocations: 7.213 MiB)
  0.399685 seconds (124.61 k allocations: 7.096 MiB)
  0.401094 seconds (126.97 k allocations: 7.117 MiB)
  0.380872 seconds (122.57 k allocations: 6.988 MiB, 4.24% gc time)
  0.431548 seconds (212.24 k allocations: 10.523 MiB)
  0.006934 seconds (8.41 k allocations: 992.438 KiB)
  0.489580 seconds (199.64 k allocations: 9.945 MiB, 3.82% gc time)
  0.070172 seconds (9.14 k allocations: 1.001 MiB)
  0.773794 seconds (240.15 k allocations: 12.319 MiB)
  0.027148 seconds (3.97 k allocations: 1.245 MiB)
  0.713856 seconds (203.19 k allocations: 10.629 MiB, 3.52% gc time)
  0.072815 seconds (4.44 k allocations: 1.299 MiB)
  0.560841 seconds (219.74 k allocations: 11.357 MiB)
  0.649375 seconds (209.52 k allocations: 10.938 MiB)
  0.655809 seconds (244.68 k allocations: 12.583 MiB)
  0.412457 seconds (203.18 k allocations: 10.627 MiB)
  2.116462 seconds (3.44 M allocations: 154.051 MiB, 5.52% gc time)
  0.000614 seconds (564 allocations: 91.266 KiB)
  0.067601 seconds (16.67 k allocations: 1001.512 KiB)
  0.176769 seconds (77.02 k allocations: 3.835 MiB)
  0.000534 seconds (620 allocations: 92.359 KiB)
  0.890336 seconds (624.21 k allocations: 29.924 MiB, 3.42% gc time)
  0.254854 seconds (82.27 k allocations: 4.109 MiB)
  0.036867 seconds (20.16 k allocations: 1.217 MiB)
  0.019242 seconds (685 allocations: 74.359 KiB)
  0.054923 seconds (16.00 k allocations: 882.237 KiB)
  0.000425 seconds (564 allocations: 69.109 KiB)
  0.032209 seconds (1.22 k allocations: 125.641 KiB)
  0.000778 seconds (860 allocations: 106.469 KiB)
  1.667932 seconds (944.99 k allocations: 43.808 MiB, 1.63% gc time)
  0.002738 seconds (8.85 k allocations: 942.672 KiB)
  0.269306 seconds (96.41 k allocations: 5.232 MiB)
  0.002559 seconds (9.67 k allocations: 982.063 KiB)
  1.275387 seconds (895.65 k allocations: 42.117 MiB, 2.40% gc time)
  0.233108 seconds (95.89 k allocations: 5.616 MiB)
  0.058493 seconds (9.75 k allocations: 957.766 KiB)
  0.003494 seconds (8.85 k allocations: 920.516 KiB)
  0.024230 seconds (4.03 k allocations: 1.058 MiB)
  0.004406 seconds (4.41 k allocations: 1.080 MiB)
  3.246232 seconds (3.64 M allocations: 163.147 MiB, 5.67% gc time)
  0.000794 seconds (1.26 k allocations: 72.938 KiB)
  0.018501 seconds (17.35 k allocations: 982.605 KiB)
  0.349267 seconds (77.85 k allocations: 3.820 MiB)
  0.000793 seconds (1.44 k allocations: 75.813 KiB)
  1.289585 seconds (624.34 k allocations: 29.802 MiB, 3.16% gc time)
  0.286173 seconds (82.28 k allocations: 4.057 MiB)
  0.092276 seconds (20.16 k allocations: 1.165 MiB)
  0.007567 seconds (1.50 k allocations: 68.516 KiB)
  0.124721 seconds (16.83 k allocations: 876.300 KiB)
  0.000604 seconds (1.24 k allocations: 61.344 KiB)
  0.007876 seconds (1.22 k allocations: 93.578 KiB)
  0.000854 seconds (860 allocations: 77.859 KiB)
  2.143962 seconds (1.32 M allocations: 59.227 MiB, 1.33% gc time)
  0.003755 seconds (12.77 k allocations: 797.656 KiB)
  0.350706 seconds (100.30 k allocations: 5.072 MiB)
  0.003534 seconds (13.51 k allocations: 813.953 KiB)
  2.269602 seconds (1.40 M allocations: 63.771 MiB, 1.32% gc time)
  0.236702 seconds (95.90 k allocations: 5.206 MiB)
  0.047999 seconds (13.58 k allocations: 804.031 KiB)
  0.026074 seconds (12.77 k allocations: 786.375 KiB)
  0.051795 seconds (4.03 k allocations: 697.516 KiB)
  0.001611 seconds (4.41 k allocations: 713.156 KiB)
  0.013582 seconds (7.78 k allocations: 384.235 KiB)
  0.083179 seconds (108.47 k allocations: 5.798 MiB)
  0.321961 seconds (163.02 k allocations: 8.724 MiB, 7.81% gc time)
  0.031768 seconds (4.10 k allocations: 570.953 KiB)
  0.145256 seconds (12.52 k allocations: 1.043 MiB)
  0.524153 seconds (224.17 k allocations: 10.175 MiB)
  0.029956 seconds (4.50 k allocations: 588.500 KiB)
  0.359165 seconds (111.50 k allocations: 5.850 MiB)
  0.038284 seconds (2.44 k allocations: 701.047 KiB)
  0.496239 seconds (103.37 k allocations: 5.507 MiB)
  0.037688 seconds (2.79 k allocations: 738.781 KiB)
  0.460068 seconds (105.74 k allocations: 5.623 MiB)
  0.391114 seconds (112.91 k allocations: 5.922 MiB)
  0.371527 seconds (105.76 k allocations: 5.636 MiB, 18.82% gc time)
  0.586777 seconds (234.24 k allocations: 10.503 MiB)
  0.015240 seconds (4.86 k allocations: 447.406 KiB)
  0.028344 seconds (13.29 k allocations: 944.944 KiB)
  0.538180 seconds (225.07 k allocations: 10.051 MiB)
  0.058737 seconds (5.40 k allocations: 460.359 KiB)
  0.439864 seconds (111.45 k allocations: 5.588 MiB)
  0.011712 seconds (2.44 k allocations: 439.844 KiB)
  0.487020 seconds (103.30 k allocations: 5.233 MiB, 16.47% gc time)
  0.027878 seconds (2.79 k allocations: 464.063 KiB)
  0.432119 seconds (105.67 k allocations: 5.358 MiB)
  0.304045 seconds (112.85 k allocations: 5.655 MiB)
  0.479841 seconds (105.70 k allocations: 5.360 MiB)
  0.067790 seconds (6.96 k allocations: 325.451 KiB)
  0.011968 seconds (5.33 k allocations: 260.633 KiB)
  0.361428 seconds (292.72 k allocations: 14.792 MiB)
  0.059778 seconds (9.87 k allocations: 1.023 MiB)
  0.362990 seconds (126.79 k allocations: 6.640 MiB)
  0.059463 seconds (9.13 k allocations: 1014.172 KiB)
  0.852618 seconds (288.56 k allocations: 14.800 MiB, 38.64% gc time)
  0.064587 seconds (4.26 k allocations: 1.125 MiB)
  0.538332 seconds (121.02 k allocations: 6.785 MiB)
  0.099848 seconds (4.67 k allocations: 1.177 MiB)
  0.425786 seconds (129.43 k allocations: 7.130 MiB)
  0.479573 seconds (125.44 k allocations: 7.011 MiB)
  0.615551 seconds (213.48 k allocations: 10.876 MiB, 2.77% gc time)
  0.346885 seconds (123.38 k allocations: 6.901 MiB)
  0.624198 seconds (356.26 k allocations: 17.469 MiB)
  0.020831 seconds (14.80 k allocations: 873.031 KiB)
  0.338026 seconds (131.81 k allocations: 6.485 MiB)
  0.048156 seconds (14.14 k allocations: 854.844 KiB)
  0.673455 seconds (338.22 k allocations: 16.841 MiB, 2.52% gc time)
  0.046008 seconds (4.26 k allocations: 737.609 KiB)
  0.392635 seconds (120.97 k allocations: 6.359 MiB)
  0.061722 seconds (4.67 k allocations: 769.938 KiB)
  0.196986 seconds (129.38 k allocations: 6.708 MiB)
  0.457353 seconds (125.36 k allocations: 6.572 MiB)
  0.540876 seconds (213.37 k allocations: 10.458 MiB)
  0.468707 seconds (123.31 k allocations: 6.472 MiB)
  0.105453 seconds (11.17 k allocations: 944.075 KiB)
  0.001433 seconds (4.08 k allocations: 504.484 KiB)
  0.030592 seconds (8.20 k allocations: 718.231 KiB)
  0.001384 seconds (4.48 k allocations: 515.328 KiB)
  0.050743 seconds (6.14 k allocations: 774.075 KiB)
  0.034078 seconds (6.50 k allocations: 798.497 KiB)
  0.024892 seconds (4.14 k allocations: 486.297 KiB)
  0.001500 seconds (4.47 k allocations: 492.922 KiB)
  0.052562 seconds (2.50 k allocations: 531.938 KiB)
  0.000991 seconds (2.77 k allocations: 551.844 KiB)
  0.199246 seconds (12.88 k allocations: 1.122 MiB)
  0.002879 seconds (9.11 k allocations: 943.391 KiB)
  0.058922 seconds (13.61 k allocations: 1.148 MiB)
  0.002907 seconds (9.85 k allocations: 969.922 KiB)
  0.123995 seconds (8.00 k allocations: 1.192 MiB)
  0.041063 seconds (8.41 k allocations: 1.231 MiB)
  0.053324 seconds (9.18 k allocations: 926.141 KiB)
  0.002495 seconds (9.84 k allocations: 940.313 KiB)
  0.034072 seconds (4.32 k allocations: 976.766 KiB)
  0.001850 seconds (4.64 k allocations: 996.625 KiB)
  0.033622 seconds (8.26 k allocations: 587.247 KiB)
  0.001689 seconds (4.54 k allocations: 384.078 KiB)
  0.059513 seconds (8.77 k allocations: 596.544 KiB)
  0.001675 seconds (5.05 k allocations: 393.672 KiB)
  0.015587 seconds (6.15 k allocations: 577.466 KiB)
  0.018165 seconds (6.50 k allocations: 594.669 KiB)
  0.014611 seconds (4.60 k allocations: 376.672 KiB)
  0.001618 seconds (5.04 k allocations: 382.188 KiB)
  0.014693 seconds (2.50 k allocations: 356.641 KiB)
  0.043903 seconds (2.77 k allocations: 369.641 KiB)
  0.100832 seconds (17.89 k allocations: 1021.938 KiB)
  0.004073 seconds (14.13 k allocations: 816.375 KiB)
  0.074391 seconds (18.56 k allocations: 1.016 MiB)
  0.004148 seconds (14.78 k allocations: 832.875 KiB)
  0.041210 seconds (8.00 k allocations: 873.985 KiB)
  0.062748 seconds (8.41 k allocations: 899.298 KiB)
  0.020047 seconds (14.20 k allocations: 810.000 KiB)
  0.004009 seconds (14.77 k allocations: 817.641 KiB)
  0.040847 seconds (4.32 k allocations: 651.281 KiB)
  0.001946 seconds (4.64 k allocations: 664.234 KiB)
  0.000846 seconds (124 allocations: 30.563 KiB)
  0.086437 seconds (55.96 k allocations: 2.902 MiB)
  0.084979 seconds (5.90 k allocations: 364.306 KiB)
  0.195843 seconds (41.42 k allocations: 2.086 MiB)
  0.132531 seconds (71.92 k allocations: 3.602 MiB)
  0.088037 seconds (38.65 k allocations: 1.946 MiB)
  0.084087 seconds (875 allocations: 79.531 KiB)
  0.000061 seconds (15 allocations: 4.016 KiB)
  0.000108 seconds (36 allocations: 13.563 KiB)
  0.129800 seconds (20.33 k allocations: 1.141 MiB)
  0.000091 seconds (16 allocations: 4.031 KiB)
  0.000095 seconds (37 allocations: 13.578 KiB)
  0.000273 seconds (791 allocations: 66.078 KiB)
  0.235284 seconds (101.47 k allocations: 5.179 MiB)
  0.000194 seconds (849 allocations: 67.031 KiB)
  0.117309 seconds (22.61 k allocations: 1.237 MiB)
  0.096641 seconds (99 allocations: 32.375 KiB)
  0.133422 seconds (38.58 k allocations: 1.939 MiB)
  0.079555 seconds (103 allocations: 32.750 KiB)
  0.000103 seconds (15 allocations: 7.578 KiB)
  0.000042 seconds (10 allocations: 4.969 KiB)
  0.000673 seconds (58 allocations: 27.078 KiB)
  0.000049 seconds (16 allocations: 4.031 KiB)
  0.001491 seconds (3.54 k allocations: 314.984 KiB)
  0.108567 seconds (54.57 k allocations: 2.926 MiB)
  0.089624 seconds (2.21 k allocations: 183.016 KiB)
  0.011337 seconds (42 allocations: 40.172 KiB)
  0.135394 seconds (17.02 k allocations: 985.706 KiB)
  0.111632 seconds (55.91 k allocations: 2.990 MiB)
  0.043596 seconds (15.92 k allocations: 1002.112 KiB)
  0.048197 seconds (2.12 k allocations: 183.703 KiB)
  0.034010 seconds (46 allocations: 41.094 KiB)
  0.000802 seconds (3.50 k allocations: 292.875 KiB)
  0.072049 seconds (12.48 k allocations: 809.027 KiB)
  0.000782 seconds (3.76 k allocations: 298.828 KiB)
  0.000442 seconds (2.18 k allocations: 166.438 KiB)
  0.003740 seconds (3.04 k allocations: 221.156 KiB)
  0.000456 seconds (2.08 k allocations: 166.219 KiB)
  0.000902 seconds (2.15 k allocations: 170.016 KiB)
  0.044401 seconds (14.58 k allocations: 930.687 KiB)
  0.065096 seconds (41 allocations: 37.172 KiB)
  0.142682 seconds (15.92 k allocations: 1020.362 KiB)
  0.069803 seconds (45 allocations: 38.984 KiB)
  0.000565 seconds (1.64 k allocations: 228.453 KiB)
  0.000046 seconds (11 allocations: 5.203 KiB)
  0.001678 seconds (3.80 k allocations: 320.250 KiB)
  0.000786 seconds (3.76 k allocations: 298.828 KiB)
  0.003283 seconds (1.47 k allocations: 147.828 KiB)
  0.062839 seconds (30.73 k allocations: 1.644 MiB)
  0.018459 seconds (1.06 k allocations: 93.047 KiB)
  0.000633 seconds (1.57 k allocations: 149.828 KiB)
  0.010885 seconds (1.02 k allocations: 92.578 KiB)
  0.010383 seconds (35 allocations: 30.188 KiB)
  0.000393 seconds (1.44 k allocations: 133.469 KiB)
  0.000387 seconds (1.54 k allocations: 135.469 KiB)
  0.000270 seconds (1.03 k allocations: 80.547 KiB)
  0.001391 seconds (1.47 k allocations: 111.141 KiB)
  0.006972 seconds (1.02 k allocations: 92.578 KiB)
  0.000242 seconds (997 allocations: 80.078 KiB)
  0.001058 seconds (851 allocations: 144.844 KiB)
  0.004366 seconds (33 allocations: 28.922 KiB)
  0.001081 seconds (852 allocations: 157.516 KiB)
  0.012416 seconds (35 allocations: 28.953 KiB)
  0.000318 seconds (827 allocations: 118.875 KiB)
  0.004090 seconds (615 allocations: 42.815 KiB)
  0.000629 seconds (1.57 k allocations: 149.828 KiB)
  0.000366 seconds (1.54 k allocations: 135.469 KiB)
  0.001472 seconds (3.54 k allocations: 316.422 KiB)
  0.065412 seconds (2.18 k allocations: 179.625 KiB)
  0.001456 seconds (3.81 k allocations: 322.375 KiB)
  0.013113 seconds (2.15 k allocations: 180.656 KiB)
  0.000882 seconds (3.50 k allocations: 293.844 KiB)
  0.001065 seconds (5.33 k allocations: 399.578 KiB)
  0.000697 seconds (3.77 k allocations: 299.797 KiB)
  0.010256 seconds (2.18 k allocations: 179.625 KiB)
  0.011975 seconds (42 allocations: 40.172 KiB)
  0.000698 seconds (2.15 k allocations: 180.656 KiB)
  0.000523 seconds (2.15 k allocations: 180.656 KiB)
  0.000194 seconds (46 allocations: 41.094 KiB)
  0.001485 seconds (1.68 k allocations: 272.344 KiB)
  0.004073 seconds (41 allocations: 37.172 KiB)
  0.001797 seconds (1.68 k allocations: 297.672 KiB)
  0.012624 seconds (45 allocations: 38.984 KiB)
  0.000753 seconds (1.64 k allocations: 230.313 KiB)
  0.000059 seconds (11 allocations: 5.203 KiB)
  0.001413 seconds (3.81 k allocations: 322.375 KiB)
  0.000672 seconds (3.77 k allocations: 299.797 KiB)
  0.000293 seconds (56 allocations: 19.453 KiB)
  0.000033 seconds (14 allocations: 1.969 KiB)
  0.000069 seconds (21 allocations: 2.281 KiB)
  0.000086 seconds (42 allocations: 6.875 KiB)
  0.132000 seconds (41.82 k allocations: 2.247 MiB)
  0.142322 seconds (40.91 k allocations: 2.195 MiB)
  0.136039 seconds (40.91 k allocations: 2.195 MiB)
  0.000095 seconds (22 allocations: 2.297 KiB)
  0.000119 seconds (43 allocations: 6.891 KiB)
  0.000111 seconds (23 allocations: 2.313 KiB)
  0.000087 seconds (23 allocations: 2.313 KiB)
  0.000090 seconds (24 allocations: 2.328 KiB)
  0.000088 seconds (22 allocations: 2.297 KiB)
  0.000080 seconds (23 allocations: 2.313 KiB)
  0.000098 seconds (23 allocations: 2.313 KiB)
  0.000088 seconds (24 allocations: 2.328 KiB)
  0.021959 seconds (6.61 k allocations: 368.580 KiB)
  0.000065 seconds (14 allocations: 3.141 KiB)
  0.021936 seconds (6.68 k allocations: 346.553 KiB)
  0.024373 seconds (7.69 k allocations: 420.740 KiB)
  0.000329 seconds (633 allocations: 65.109 KiB)
  0.000171 seconds (609 allocations: 55.531 KiB)
  0.000238 seconds (622 allocations: 56.063 KiB)
  0.008767 seconds (967 allocations: 80.297 KiB)
  0.014751 seconds (4.31 k allocations: 257.903 KiB)
  0.012206 seconds (4.35 k allocations: 258.966 KiB)
  0.008154 seconds (4.33 k allocations: 258.372 KiB)
  0.000279 seconds (626 allocations: 55.938 KiB)
  0.000221 seconds (645 allocations: 56.563 KiB)
  0.000240 seconds (606 allocations: 55.500 KiB)
  0.000217 seconds (625 allocations: 56.109 KiB)
  0.000250 seconds (626 allocations: 55.938 KiB)
  0.000187 seconds (645 allocations: 56.563 KiB)
  0.000161 seconds (606 allocations: 55.500 KiB)
  0.000162 seconds (625 allocations: 56.109 KiB)
  0.000529 seconds (407 allocations: 67.719 KiB)
  0.000196 seconds (388 allocations: 51.531 KiB)
  0.000131 seconds (390 allocations: 57.656 KiB)
  0.000296 seconds (639 allocations: 65.016 KiB)
  0.000134 seconds (613 allocations: 55.406 KiB)
  0.000129 seconds (613 allocations: 55.406 KiB)
  0.000467 seconds (410 allocations: 73.391 KiB)
  0.000199 seconds (389 allocations: 57.172 KiB)
  0.000876 seconds (1.55 k allocations: 138.938 KiB)
  0.000314 seconds (1.52 k allocations: 123.797 KiB)
  0.000315 seconds (1.52 k allocations: 123.797 KiB)
  0.000368 seconds (1.53 k allocations: 124.422 KiB)
  0.240536 seconds (80.10 k allocations: 4.552 MiB)
  0.263266 seconds (79.98 k allocations: 4.550 MiB)
  0.280394 seconds (80.04 k allocations: 4.551 MiB)
  0.016999 seconds (10.00 k allocations: 617.567 KiB)
  0.005335 seconds (1.91 k allocations: 148.453 KiB)
  0.002527 seconds (2.25 k allocations: 167.703 KiB)
  0.006522 seconds (1.95 k allocations: 147.859 KiB)
  0.000597 seconds (1.53 k allocations: 123.313 KiB)
  0.000422 seconds (1.53 k allocations: 123.313 KiB)
  0.000433 seconds (1.48 k allocations: 123.063 KiB)
  0.000448 seconds (1.59 k allocations: 124.625 KiB)
  0.000456 seconds (1.54 k allocations: 124.500 KiB)
  0.000447 seconds (1.53 k allocations: 123.313 KiB)
  0.000390 seconds (1.48 k allocations: 123.063 KiB)
  0.000453 seconds (1.59 k allocations: 124.625 KiB)
  0.000462 seconds (1.54 k allocations: 124.500 KiB)
  0.009069 seconds (1.95 k allocations: 147.813 KiB)
  0.010290 seconds (2.25 k allocations: 167.719 KiB)
  0.011562 seconds (1.92 k allocations: 148.469 KiB)
  0.006534 seconds (2.21 k allocations: 168.125 KiB)
  0.041200 seconds (5.60 k allocations: 378.329 KiB)
  0.000284 seconds (765 allocations: 100.156 KiB)
  0.000342 seconds (767 allocations: 111.906 KiB)
  0.023888 seconds (6.42 k allocations: 381.925 KiB)
  0.000318 seconds (1.52 k allocations: 122.688 KiB)
  0.000326 seconds (1.52 k allocations: 122.688 KiB)
  0.000341 seconds (1.52 k allocations: 122.688 KiB)
  0.025673 seconds (6.68 k allocations: 441.097 KiB)
  0.000269 seconds (766 allocations: 111.422 KiB)
  0.000581 seconds (75 allocations: 23.797 KiB)
  0.189292 seconds (88.39 k allocations: 4.446 MiB, 24.40% gc time)
  0.049713 seconds (29.39 k allocations: 1.410 MiB)
  0.158156 seconds (95.21 k allocations: 4.736 MiB)
  0.047157 seconds (29.14 k allocations: 1.425 MiB)
  0.049935 seconds (30.41 k allocations: 1.486 MiB)
  0.000133 seconds (26 allocations: 5.781 KiB)
  0.000165 seconds (71 allocations: 18.922 KiB)
  0.000115 seconds (28 allocations: 9.313 KiB)
  0.000094 seconds (33 allocations: 7.344 KiB)
  0.000140 seconds (80 allocations: 20.094 KiB)
  0.000090 seconds (28 allocations: 9.313 KiB)
  0.000112 seconds (35 allocations: 12.047 KiB)
Test Summary:           | Pass  Total
Test MatrixEquations.jl | 1052   1052
   Testing MatrixEquations tests passed 
