 Resolving package versions...
 Installed TimerOutputs ──── v0.5.3
 Installed FastClosures ──── v0.3.2
 Installed MatrixEquations ─ v1.1.1
 Installed LinearOperators ─ v0.7.1
  Updating `~/.julia/environments/v1.3/Project.toml`
  [99c1a7ee] + MatrixEquations v1.1.1
  Updating `~/.julia/environments/v1.3/Manifest.toml`
  [9aa1b823] + FastClosures v0.3.2
  [5c8ed15e] + LinearOperators v0.7.1
  [99c1a7ee] + MatrixEquations v1.1.1
  [a759f4b9] + TimerOutputs v0.5.3
  [2a0f44e3] + Base64 
  [8ba89e20] + Distributed 
  [b77e0a4c] + InteractiveUtils 
  [8f399da3] + Libdl 
  [37e2e46d] + LinearAlgebra 
  [56ddb016] + Logging 
  [d6f4376e] + Markdown 
  [de0858da] + Printf 
  [9a3f8284] + Random 
  [9e88b42a] + Serialization 
  [6462fe0b] + Sockets 
  [2f01184e] + SparseArrays 
  [8dfed614] + Test 
  [4ec0a83e] + Unicode 
   Testing MatrixEquations
    Status `/tmp/jl_RFQ3uZ/Manifest.toml`
  [9aa1b823] FastClosures v0.3.2
  [5c8ed15e] LinearOperators v0.7.1
  [99c1a7ee] MatrixEquations v1.1.1
  [a759f4b9] TimerOutputs v0.5.3
  [2a0f44e3] Base64  [`@stdlib/Base64`]
  [8ba89e20] Distributed  [`@stdlib/Distributed`]
  [b77e0a4c] InteractiveUtils  [`@stdlib/InteractiveUtils`]
  [8f399da3] Libdl  [`@stdlib/Libdl`]
  [37e2e46d] LinearAlgebra  [`@stdlib/LinearAlgebra`]
  [56ddb016] Logging  [`@stdlib/Logging`]
  [d6f4376e] Markdown  [`@stdlib/Markdown`]
  [de0858da] Printf  [`@stdlib/Printf`]
  [9a3f8284] Random  [`@stdlib/Random`]
  [9e88b42a] Serialization  [`@stdlib/Serialization`]
  [6462fe0b] Sockets  [`@stdlib/Sockets`]
  [2f01184e] SparseArrays  [`@stdlib/SparseArrays`]
  [8dfed614] Test  [`@stdlib/Test`]
  [4ec0a83e] Unicode  [`@stdlib/Unicode`]
  0.014751 seconds (15.88 k allocations: 899.140 KiB)
  0.057148 seconds (62.98 k allocations: 3.283 MiB)
  3.060567 seconds (3.12 M allocations: 148.145 MiB, 4.15% gc time)
  0.318412 seconds (460.21 k allocations: 22.887 MiB)
  0.315138 seconds (433.24 k allocations: 21.144 MiB)
  0.361596 seconds (15.63 k allocations: 2.229 MiB)
  9.140803 seconds (9.59 M allocations: 455.700 MiB, 5.04% gc time)
  0.173922 seconds (59.87 k allocations: 6.625 MiB)
  0.549925 seconds (67.48 k allocations: 5.010 MiB)
  0.510905 seconds (16.88 k allocations: 2.434 MiB)
  0.502226 seconds (17.62 k allocations: 2.480 MiB)
  0.533450 seconds (17.92 k allocations: 2.490 MiB)
  2.950548 seconds (2.93 M allocations: 138.232 MiB, 3.76% gc time)
  0.340265 seconds (446.55 k allocations: 21.603 MiB)
  0.369668 seconds (435.09 k allocations: 21.038 MiB)
  1.116295 seconds (15.62 k allocations: 1.503 MiB)
 10.148629 seconds (9.86 M allocations: 467.079 MiB, 6.39% gc time)
  0.350033 seconds (61.51 k allocations: 5.167 MiB)
  0.438896 seconds (50.44 k allocations: 3.342 MiB)
  0.594946 seconds (16.89 k allocations: 1.634 MiB)
  0.583813 seconds (16.06 k allocations: 1.588 MiB)
  0.752914 seconds (17.91 k allocations: 1.688 MiB)
  0.029081 seconds (25.34 k allocations: 1.272 MiB)
  0.018153 seconds (9.89 k allocations: 456.347 KiB)
  1.631271 seconds (633.27 k allocations: 34.338 MiB, 2.03% gc time)
  0.847400 seconds (245.35 k allocations: 13.625 MiB)
  0.471814 seconds (1.80 k allocations: 1.699 MiB)
  0.485680 seconds (3.46 k allocations: 1.791 MiB)
  0.018716 seconds (8.33 k allocations: 704.679 KiB)
  1.053874 seconds (548.27 k allocations: 29.129 MiB, 8.06% gc time)
  0.797087 seconds (4.63 k allocations: 1.855 MiB)
  0.351599 seconds (2.96 k allocations: 1.758 MiB)
  0.804980 seconds (25.13 k allocations: 3.471 MiB)
  0.639881 seconds (27.58 k allocations: 3.736 MiB)
  2.932964 seconds (1.83 M allocations: 96.810 MiB, 5.57% gc time)
  0.596640 seconds (27.21 k allocations: 3.723 MiB)
  1.065957 seconds (558.79 k allocations: 39.656 MiB, 1.61% gc time)
  0.677583 seconds (135.40 k allocations: 19.601 MiB)
  0.686136 seconds (137.85 k allocations: 19.813 MiB, 1.13% gc time)
  0.664113 seconds (25.64 k allocations: 3.501 MiB)
  0.356184 seconds (31.27 k allocations: 3.932 MiB)
  0.643652 seconds (26.40 k allocations: 3.668 MiB)
  0.677030 seconds (28.86 k allocations: 3.943 MiB)
  0.243615 seconds (49 allocations: 2.359 MiB)
  0.766382 seconds (34.25 k allocations: 4.149 MiB)
  0.914805 seconds (27.66 k allocations: 3.801 MiB)
  0.820353 seconds (30.06 k allocations: 3.999 MiB)
  1.516411 seconds (586.87 k allocations: 29.763 MiB, 2.88% gc time)
  0.640065 seconds (241.37 k allocations: 12.591 MiB)
  0.364388 seconds (1.78 k allocations: 917.131 KiB)
  0.473968 seconds (3.46 k allocations: 1011.517 KiB)
  0.079462 seconds (8.32 k allocations: 548.272 KiB)
  0.669489 seconds (538.18 k allocations: 27.432 MiB)
  0.400134 seconds (4.61 k allocations: 1.052 MiB)
  0.390476 seconds (2.96 k allocations: 978.790 KiB)
  0.599791 seconds (25.13 k allocations: 2.369 MiB, 1.91% gc time)
  0.539942 seconds (27.57 k allocations: 2.558 MiB)
  2.565905 seconds (1.73 M allocations: 87.333 MiB, 1.86% gc time)
  1.295331 seconds (27.20 k allocations: 2.545 MiB)
  0.695818 seconds (579.13 k allocations: 35.998 MiB, 1.57% gc time)
  0.723729 seconds (128.04 k allocations: 13.358 MiB)
  0.571403 seconds (130.50 k allocations: 13.532 MiB)
  0.605105 seconds (25.64 k allocations: 2.400 MiB)
  0.681473 seconds (31.27 k allocations: 2.754 MiB)
  0.722111 seconds (26.40 k allocations: 2.490 MiB)
  0.631152 seconds (28.85 k allocations: 2.689 MiB)
  0.325093 seconds (49 allocations: 1.181 MiB)
  0.360144 seconds (34.23 k allocations: 2.930 MiB, 3.90% gc time)
  0.498301 seconds (27.66 k allocations: 2.585 MiB)
  0.592343 seconds (30.06 k allocations: 2.744 MiB)
  0.008793 seconds (45 allocations: 4.484 KiB)
  0.093351 seconds (12.22 k allocations: 641.979 KiB)
  0.057788 seconds (162 allocations: 11.531 KiB)
  0.111175 seconds (92.53 k allocations: 15.698 MiB)
  5.391594 seconds (5.53 M allocations: 271.815 MiB, 3.20% gc time)
  0.274485 seconds (52.87 k allocations: 5.676 MiB, 53.26% gc time)
  0.015176 seconds (42.12 k allocations: 5.120 MiB)
  0.059449 seconds (61.80 k allocations: 7.210 MiB)
  0.030404 seconds (85.64 k allocations: 15.394 MiB)
  0.006393 seconds (608 allocations: 37.956 KiB)
  0.008637 seconds (86 allocations: 5.094 KiB)
  0.016851 seconds (41.53 k allocations: 5.084 MiB)
  0.126260 seconds (44.40 k allocations: 5.125 MiB, 92.54% gc time)
  0.008953 seconds (44 allocations: 4.438 KiB)
  0.073130 seconds (12.22 k allocations: 641.822 KiB)
  0.024142 seconds (91 allocations: 7.063 KiB)
  0.043142 seconds (114.23 k allocations: 12.472 MiB)
  5.548542 seconds (5.55 M allocations: 266.097 MiB, 2.03% gc time)
  0.133413 seconds (62.46 k allocations: 5.185 MiB)
  0.026309 seconds (51.70 k allocations: 4.628 MiB)
  0.107815 seconds (74.36 k allocations: 6.271 MiB)
  0.102714 seconds (105.97 k allocations: 12.311 MiB, 55.46% gc time)
  0.009676 seconds (607 allocations: 37.894 KiB)
  0.011138 seconds (86 allocations: 5.094 KiB)
  0.050991 seconds (51.11 k allocations: 4.592 MiB)
  0.030742 seconds (54.65 k allocations: 4.645 MiB)
  0.017906 seconds (10.57 k allocations: 519.382 KiB)
  0.017376 seconds (8.04 k allocations: 372.591 KiB)
  0.826568 seconds (173.63 k allocations: 10.007 MiB)
  0.174915 seconds (243.22 k allocations: 11.858 MiB)
  0.176210 seconds (245.82 k allocations: 12.272 MiB)
  0.484445 seconds (15.62 k allocations: 2.229 MiB)
  1.379357 seconds (471.75 k allocations: 27.401 MiB)
  0.233718 seconds (67.20 k allocations: 9.899 MiB)
  0.360066 seconds (15.96 k allocations: 2.385 MiB)
  0.411113 seconds (16.88 k allocations: 2.434 MiB)
  0.647209 seconds (16.05 k allocations: 2.390 MiB)
  0.589176 seconds (17.92 k allocations: 2.490 MiB)
  0.870916 seconds (178.17 k allocations: 9.455 MiB)
  0.179082 seconds (247.08 k allocations: 11.767 MiB)
  0.239892 seconds (259.34 k allocations: 12.776 MiB, 11.60% gc time)
  0.353071 seconds (15.61 k allocations: 1.503 MiB)
  1.170993 seconds (476.60 k allocations: 24.712 MiB, 1.18% gc time)
  0.375629 seconds (69.11 k allocations: 7.148 MiB)
  0.336473 seconds (15.96 k allocations: 1.583 MiB)
  0.356372 seconds (16.89 k allocations: 1.634 MiB)
  0.306731 seconds (16.05 k allocations: 1.588 MiB)
  0.545279 seconds (17.91 k allocations: 1.690 MiB, 13.35% gc time)
  1.013001 seconds (211.42 k allocations: 12.187 MiB)
  0.331173 seconds (8.73 k allocations: 2.210 MiB)
  0.302699 seconds (3.03 k allocations: 1.901 MiB)
  0.425306 seconds (9.46 k allocations: 2.208 MiB)
  0.575068 seconds (3.57 k allocations: 1.924 MiB)
  0.052485 seconds (13.94 k allocations: 846.799 KiB)
  0.014034 seconds (12.52 k allocations: 747.640 KiB)
  0.446241 seconds (33.96 k allocations: 3.936 MiB)
  0.335728 seconds (6.82 k allocations: 2.073 MiB)
  0.475415 seconds (7.50 k allocations: 2.103 MiB)
  0.683505 seconds (25.36 k allocations: 3.481 MiB)
  0.559295 seconds (27.80 k allocations: 3.746 MiB)
  1.246155 seconds (600.99 k allocations: 37.985 MiB, 0.87% gc time)
  0.470758 seconds (121.26 k allocations: 18.097 MiB)
  0.706812 seconds (133.91 k allocations: 19.441 MiB)
  0.895605 seconds (136.37 k allocations: 19.653 MiB, 27.00% gc time)
  0.608697 seconds (25.11 k allocations: 3.467 MiB)
  0.539794 seconds (31.50 k allocations: 3.943 MiB)
  0.229931 seconds (26.63 k allocations: 3.678 MiB)
  0.436950 seconds (29.08 k allocations: 3.953 MiB)
  0.679031 seconds (26.64 k allocations: 3.686 MiB)
  0.826356 seconds (34.48 k allocations: 4.159 MiB)
  0.764782 seconds (27.88 k allocations: 3.810 MiB)
  0.616449 seconds (30.29 k allocations: 4.009 MiB)
  0.786668 seconds (242.05 k allocations: 12.408 MiB)
  0.409237 seconds (6.37 k allocations: 1.204 MiB)
  0.353598 seconds (3.03 k allocations: 1.022 MiB)
  0.230977 seconds (6.58 k allocations: 1.174 MiB)
  0.227572 seconds (3.57 k allocations: 1.046 MiB)
  0.082820 seconds (7.45 k allocations: 417.283 KiB)
  0.087467 seconds (10.21 k allocations: 548.374 KiB)
  0.780283 seconds (33.96 k allocations: 2.835 MiB)
  0.421296 seconds (6.82 k allocations: 1.194 MiB)
  0.394977 seconds (7.50 k allocations: 1.225 MiB)
  0.532860 seconds (25.35 k allocations: 2.379 MiB)
  0.638196 seconds (27.80 k allocations: 2.568 MiB)
  1.262134 seconds (623.13 k allocations: 34.267 MiB)
  0.985291 seconds (141.96 k allocations: 14.453 MiB, 40.65% gc time)
  0.691555 seconds (126.68 k allocations: 13.222 MiB)
  0.462401 seconds (129.13 k allocations: 13.396 MiB)
  0.418787 seconds (25.11 k allocations: 2.365 MiB)
  0.441535 seconds (31.50 k allocations: 2.765 MiB, 48.10% gc time)
  0.594883 seconds (26.63 k allocations: 2.500 MiB)
  0.400914 seconds (29.07 k allocations: 2.698 MiB)
  0.353644 seconds (26.64 k allocations: 2.508 MiB)
  0.326027 seconds (34.46 k allocations: 2.941 MiB)
  0.214538 seconds (27.88 k allocations: 2.595 MiB)
  0.502537 seconds (30.29 k allocations: 2.755 MiB)
  0.023436 seconds (55.08 k allocations: 8.540 MiB)
  0.686718 seconds (422.20 k allocations: 26.962 MiB, 6.86% gc time)
  0.028366 seconds (51.74 k allocations: 8.362 MiB)
  0.096271 seconds (71.06 k allocations: 11.859 MiB)
  0.015321 seconds (44 allocations: 4.438 KiB)
  0.080669 seconds (12.22 k allocations: 641.463 KiB)
  0.051202 seconds (91 allocations: 7.063 KiB)
  0.158062 seconds (91.10 k allocations: 15.551 MiB, 70.02% gc time)
  0.032744 seconds (88.46 k allocations: 15.310 MiB)
  0.919471 seconds (613.67 k allocations: 42.636 MiB, 1.63% gc time)
  0.387444 seconds (110.70 k allocations: 21.236 MiB, 2.18% gc time)
  0.026961 seconds (67.69 k allocations: 6.903 MiB)
  0.645392 seconds (441.71 k allocations: 24.309 MiB)
  0.083025 seconds (63.69 k allocations: 6.794 MiB, 50.22% gc time)
  0.104663 seconds (85.44 k allocations: 9.130 MiB)
  0.030445 seconds (44 allocations: 4.438 KiB)
  0.068493 seconds (12.22 k allocations: 642.635 KiB)
  0.033185 seconds (91 allocations: 7.063 KiB)
  0.079628 seconds (112.46 k allocations: 12.311 MiB)
  0.076419 seconds (109.17 k allocations: 12.219 MiB)
  0.868960 seconds (646.32 k allocations: 37.431 MiB, 2.61% gc time)
  0.167462 seconds (134.51 k allocations: 15.922 MiB, 5.58% gc time)
  0.140525 seconds (50.45 k allocations: 6.255 MiB)
  0.035937 seconds (9 allocations: 3.815 MiB)
  0.079358 seconds (17 allocations: 5.731 MiB)
  0.077608 seconds (9 allocations: 3.815 MiB)
  0.062543 seconds (18 allocations: 7.638 MiB)
  0.031476 seconds (9 allocations: 3.815 MiB)
  0.260405 seconds (49.94 k allocations: 11.997 MiB)
  0.055283 seconds (9 allocations: 3.815 MiB)
  0.285222 seconds (113.88 k allocations: 8.705 MiB)
  0.002634 seconds (20 allocations: 2.864 MiB)
  0.001631 seconds (20 allocations: 2.864 MiB)
  0.003118 seconds (20 allocations: 2.864 MiB)
  1.984838 seconds (1.57 M allocations: 79.836 MiB, 1.07% gc time)
  0.403357 seconds (277.42 k allocations: 14.236 MiB)
  0.989572 seconds (679.98 k allocations: 35.589 MiB, 1.50% gc time)
  0.420328 seconds (224.88 k allocations: 12.132 MiB)
  0.332622 seconds (97.62 k allocations: 5.472 MiB)
  0.496364 seconds (97.65 k allocations: 5.466 MiB)
  0.280357 seconds (96.83 k allocations: 5.418 MiB)
  0.566114 seconds (213.38 k allocations: 11.430 MiB)
  0.695543 seconds (455.64 k allocations: 23.271 MiB, 12.73% gc time)
  1.668118 seconds (954.44 k allocations: 47.695 MiB, 0.97% gc time)
  0.917743 seconds (373.15 k allocations: 19.371 MiB)
  0.752434 seconds (96.59 k allocations: 5.624 MiB)
  0.592063 seconds (98.30 k allocations: 5.712 MiB)
  2.501759 seconds (2.23 M allocations: 110.885 MiB, 2.84% gc time)
  0.597925 seconds (303.61 k allocations: 15.308 MiB)
  1.181012 seconds (573.97 k allocations: 29.382 MiB, 2.71% gc time)
  0.692469 seconds (155.07 k allocations: 8.381 MiB)
  0.801516 seconds (268.71 k allocations: 14.270 MiB)
  1.127882 seconds (781.29 k allocations: 42.558 MiB, 5.01% gc time)
  2.894421 seconds (2.62 M allocations: 127.847 MiB, 2.54% gc time)
  0.556194 seconds (182.78 k allocations: 10.372 MiB, 5.00% gc time)
  0.216434 seconds (62.86 k allocations: 3.994 MiB)
  0.172741 seconds (3.43 k allocations: 450.686 KiB)
  1.099017 seconds (565.93 k allocations: 28.118 MiB)
  0.988431 seconds (538.16 k allocations: 26.581 MiB, 2.28% gc time)
  1.069642 seconds (780.15 k allocations: 38.126 MiB, 2.12% gc time)
  0.689615 seconds (524.31 k allocations: 25.871 MiB)
  2.916782 seconds (2.07 M allocations: 100.804 MiB, 2.44% gc time)
  0.470145 seconds (304 allocations: 660.875 KiB)
  1.669450 seconds (713.70 k allocations: 35.031 MiB, 1.81% gc time)
  0.846146 seconds (500.32 k allocations: 24.706 MiB, 3.30% gc time)
  0.287396 seconds (50.67 k allocations: 3.352 MiB)
  0.700993 seconds (353.33 k allocations: 17.827 MiB)
  0.237263 seconds (50.66 k allocations: 3.352 MiB)
  1.086670 seconds (667.83 k allocations: 32.436 MiB, 3.53% gc time)
  0.858630 seconds (269.19 k allocations: 13.687 MiB)
  0.672169 seconds (51.05 k allocations: 3.631 MiB)
  0.990470 seconds (251.51 k allocations: 12.763 MiB, 1.93% gc time)
  0.530623 seconds (49.84 k allocations: 3.582 MiB)
  1.074461 seconds (283.32 k allocations: 14.430 MiB)
  6.686814 seconds (4.11 M allocations: 200.662 MiB, 2.25% gc time)
  2.581588 seconds (275.66 k allocations: 14.551 MiB)
  0.738129 seconds (45.98 k allocations: 3.375 MiB)
  0.782914 seconds (250.72 k allocations: 12.737 MiB)
  0.519341 seconds (49.90 k allocations: 3.586 MiB)
  1.024097 seconds (254.46 k allocations: 12.955 MiB)
  2.795932 seconds (1.85 M allocations: 100.143 MiB, 1.35% gc time)
  1.221685 seconds (704.48 k allocations: 42.781 MiB, 5.45% gc time)
  0.557153 seconds (70.09 k allocations: 11.039 MiB)
  0.461929 seconds (15.10 k allocations: 7.832 MiB)
  0.630542 seconds (65.78 k allocations: 10.840 MiB)
  2.281131 seconds (1.73 M allocations: 100.628 MiB, 1.97% gc time)
  0.995380 seconds (15.11 k allocations: 14.350 MiB, 2.75% gc time)
  1.088977 seconds (410.24 k allocations: 27.272 MiB)
  1.440751 seconds (399.41 k allocations: 25.838 MiB, 3.44% gc time)
  0.708076 seconds (64.52 k allocations: 10.816 MiB)
  1.503400 seconds (472.67 k allocations: 29.874 MiB)
  0.772861 seconds (67.81 k allocations: 10.974 MiB, 17.44% gc time)
  2.878726 seconds (400.31 k allocations: 32.424 MiB)
  2.013571 seconds (204.92 k allocations: 24.368 MiB, 2.35% gc time)
  2.187125 seconds (299.92 k allocations: 27.445 MiB)
  1.302122 seconds (434.35 k allocations: 27.775 MiB, 2.45% gc time)
  0.000328 seconds (80 allocations: 17.172 KiB)
  0.000278 seconds (86 allocations: 17.391 KiB)
  0.000232 seconds (97 allocations: 17.734 KiB)
  0.000251 seconds (99 allocations: 17.719 KiB)
  0.000216 seconds (98 allocations: 17.703 KiB)
  0.000235 seconds (98 allocations: 17.750 KiB)
  0.000233 seconds (97 allocations: 17.734 KiB)
  0.000360 seconds (98 allocations: 17.734 KiB)
  0.000254 seconds (89 allocations: 17.438 KiB)
  0.000467 seconds (72 allocations: 24.016 KiB)
  0.000456 seconds (81 allocations: 24.281 KiB)
  0.000401 seconds (73 allocations: 24.500 KiB)
  0.000384 seconds (74 allocations: 24.984 KiB)
  0.000968 seconds (123 allocations: 25.781 KiB)
  0.000780 seconds (129 allocations: 26.000 KiB)
  0.000476 seconds (158 allocations: 27.188 KiB)
  0.000862 seconds (159 allocations: 27.203 KiB)
  0.000757 seconds (160 allocations: 27.172 KiB)
  0.000585 seconds (189 allocations: 26.828 KiB)
  0.972315 seconds (944.74 k allocations: 46.263 MiB)
  0.108417 seconds (121.79 k allocations: 6.881 MiB)
  0.029177 seconds (62.05 k allocations: 3.638 MiB)
  0.007973 seconds (3.24 k allocations: 172.706 KiB)
  0.589167 seconds (561.06 k allocations: 27.584 MiB, 3.90% gc time)
  0.586964 seconds (528.92 k allocations: 25.877 MiB)
  0.910906 seconds (786.27 k allocations: 38.243 MiB, 3.07% gc time)
  0.667706 seconds (552.85 k allocations: 27.026 MiB)
  0.000607 seconds (123 allocations: 30.766 KiB)
  1.335494 seconds (976.28 k allocations: 47.606 MiB, 1.92% gc time)
  0.815420 seconds (672.30 k allocations: 32.424 MiB)
  0.658479 seconds (526.95 k allocations: 25.694 MiB, 4.91% gc time)
  0.025606 seconds (50.63 k allocations: 3.043 MiB)
  0.373192 seconds (378.59 k allocations: 18.715 MiB)
  0.025723 seconds (50.63 k allocations: 3.043 MiB)
  0.704123 seconds (634.68 k allocations: 30.662 MiB, 3.84% gc time)
  0.299425 seconds (297.73 k allocations: 14.569 MiB)
  0.102148 seconds (51.01 k allocations: 3.056 MiB)
  0.432188 seconds (280.13 k allocations: 13.649 MiB)
  0.139518 seconds (49.80 k allocations: 3.004 MiB)
  0.467267 seconds (312.41 k allocations: 15.348 MiB, 5.23% gc time)
  0.481996 seconds (304.89 k allocations: 15.115 MiB)
  0.513130 seconds (274.43 k allocations: 13.349 MiB)
  0.034487 seconds (45.94 k allocations: 2.796 MiB)
  0.397702 seconds (279.31 k allocations: 13.618 MiB)
  0.086675 seconds (49.84 k allocations: 3.006 MiB)
  0.394731 seconds (256.33 k allocations: 12.528 MiB, 11.18% gc time)
  0.874141 seconds (811.56 k allocations: 40.185 MiB)
  0.448221 seconds (455.32 k allocations: 22.573 MiB, 6.75% gc time)
  0.037885 seconds (55.54 k allocations: 3.297 MiB)
  0.006146 seconds (729 allocations: 102.500 KiB)
  0.035444 seconds (51.40 k allocations: 3.108 MiB)
  0.001661 seconds (624 allocations: 139.734 KiB)
  0.707997 seconds (599.98 k allocations: 29.721 MiB)
  0.468088 seconds (433.22 k allocations: 21.551 MiB, 6.35% gc time)
  0.644458 seconds (465.20 k allocations: 22.660 MiB)
  0.135512 seconds (50.13 k allocations: 3.059 MiB)
  0.645582 seconds (530.44 k allocations: 25.883 MiB, 3.70% gc time)
  0.099019 seconds (53.27 k allocations: 3.208 MiB)
  0.547037 seconds (379.10 k allocations: 18.210 MiB)
  0.115159 seconds (50.19 k allocations: 3.106 MiB)
  0.523376 seconds (282.29 k allocations: 13.016 MiB)
  0.604675 seconds (465.42 k allocations: 22.503 MiB, 8.89% gc time)
  0.012161 seconds (4.23 k allocations: 209.568 KiB)
  0.312734 seconds (276.57 k allocations: 13.454 MiB)
  0.132407 seconds (4.19 k allocations: 223.620 KiB)
  0.016516 seconds (3.42 k allocations: 176.819 KiB)
  0.013797 seconds (7.93 k allocations: 429.056 KiB)
  0.008190 seconds (2.47 k allocations: 139.831 KiB)
  0.218621 seconds (149.17 k allocations: 8.126 MiB, 21.80% gc time)
  0.038196 seconds (21.98 k allocations: 1.215 MiB)
  2.972503 seconds (15.10 k allocations: 11.777 MiB)
  0.212875 seconds (114.87 k allocations: 6.355 MiB)
  0.042444 seconds (20.23 k allocations: 1.255 MiB)
  6.685251 seconds (514.85 k allocations: 47.986 MiB, 0.73% gc time)
  0.164769 seconds (50.58 k allocations: 2.893 MiB)
  0.109583 seconds (53.63 k allocations: 2.819 MiB)
  0.110291 seconds (53.66 k allocations: 2.824 MiB)
  0.091829 seconds (51.10 k allocations: 2.918 MiB)
  0.088267 seconds (50.56 k allocations: 2.901 MiB)
  0.144267 seconds (83.07 k allocations: 4.468 MiB)
  0.587072 seconds (363.11 k allocations: 17.733 MiB, 4.34% gc time)
  0.474329 seconds (459.27 k allocations: 22.374 MiB)
  0.062607 seconds (3.43 k allocations: 177.288 KiB)
  0.058771 seconds (5.59 k allocations: 297.812 KiB)
  0.007343 seconds (2.47 k allocations: 137.581 KiB)
  0.121749 seconds (106.48 k allocations: 5.584 MiB)
  0.036569 seconds (21.98 k allocations: 1.158 MiB)
  4.240905 seconds (15.10 k allocations: 6.273 MiB)
  0.191782 seconds (120.65 k allocations: 6.487 MiB)
  0.037899 seconds (20.02 k allocations: 1.132 MiB)
  9.055488 seconds (2.82 M allocations: 146.997 MiB, 0.57% gc time)
  0.254624 seconds (50.36 k allocations: 2.674 MiB)
  0.100470 seconds (53.63 k allocations: 2.723 MiB)
  0.109478 seconds (56.91 k allocations: 2.915 MiB)
  0.093481 seconds (50.91 k allocations: 2.715 MiB)
  0.104183 seconds (50.39 k allocations: 2.696 MiB)
  0.152283 seconds (81.09 k allocations: 4.170 MiB)
  0.005625 seconds (639 allocations: 39.819 KiB)
  0.021599 seconds (8.01 k allocations: 462.372 KiB)
  0.019867 seconds (8.01 k allocations: 462.372 KiB)
  0.009363 seconds (87 allocations: 5.266 KiB)
  0.253718 seconds (252.95 k allocations: 12.354 MiB)
  0.010602 seconds (4.70 k allocations: 289.733 KiB)
  0.010607 seconds (4.70 k allocations: 289.483 KiB)
  0.010833 seconds (5.34 k allocations: 328.852 KiB)
  0.004761 seconds (650 allocations: 40.556 KiB)
  0.010014 seconds (4.65 k allocations: 258.515 KiB)
  0.048438 seconds (4.65 k allocations: 258.312 KiB, 76.75% gc time)
  0.008997 seconds (96 allocations: 5.703 KiB)
  0.005430 seconds (638 allocations: 39.819 KiB)
  0.009021 seconds (4.64 k allocations: 257.653 KiB)
  0.011287 seconds (4.64 k allocations: 257.653 KiB)
  0.000347 seconds (14 allocations: 656 bytes)
  0.318509 seconds (253.77 k allocations: 12.387 MiB)
  0.016935 seconds (4.70 k allocations: 275.655 KiB)
  0.012323 seconds (4.70 k allocations: 275.858 KiB)
  0.009020 seconds (5.33 k allocations: 314.617 KiB)
  0.005441 seconds (650 allocations: 40.603 KiB)
  0.011254 seconds (4.65 k allocations: 258.343 KiB)
  0.012451 seconds (4.65 k allocations: 258.312 KiB)
  0.009744 seconds (96 allocations: 5.703 KiB)
  0.023210 seconds (14.88 k allocations: 783.798 KiB)
  0.020391 seconds (10.02 k allocations: 504.978 KiB)
  0.125387 seconds (3.29 k allocations: 215.187 KiB)
  0.091160 seconds (4.71 k allocations: 261.307 KiB)
  0.044825 seconds (3.04 k allocations: 164.568 KiB)
  0.026623 seconds (6.26 k allocations: 338.998 KiB)
  0.033452 seconds (3.02 k allocations: 168.399 KiB)
  1.195542 seconds (571.75 k allocations: 25.575 MiB)
  0.053552 seconds (36.18 k allocations: 2.353 MiB)
  0.059842 seconds (35.74 k allocations: 2.352 MiB)
  0.086106 seconds (55.66 k allocations: 3.324 MiB)
  0.962917 seconds (580.44 k allocations: 28.404 MiB, 3.19% gc time)
  0.075694 seconds (52.72 k allocations: 3.717 MiB)
  0.064291 seconds (33.38 k allocations: 3.067 MiB)
  0.069120 seconds (53.06 k allocations: 4.040 MiB)
  7.312195 seconds (22.42 k allocations: 17.599 MiB)
  0.000009 seconds (6 allocations: 224 bytes)
  0.000006 seconds (6 allocations: 192 bytes)
  0.445633 seconds (13.52 k allocations: 708.613 KiB)
  0.282370 seconds (231.88 k allocations: 11.331 MiB, 7.63% gc time)
  0.100792 seconds (3.05 k allocations: 164.990 KiB)
  0.069240 seconds (2.73 k allocations: 136.546 KiB)
  0.007819 seconds (3.02 k allocations: 165.087 KiB)
  0.956557 seconds (571.04 k allocations: 25.318 MiB)
  0.042353 seconds (36.18 k allocations: 2.152 MiB)
  0.043625 seconds (35.74 k allocations: 2.150 MiB)
  0.076457 seconds (56.66 k allocations: 3.186 MiB)
  0.872464 seconds (596.52 k allocations: 28.655 MiB, 3.62% gc time)
  0.090005 seconds (52.53 k allocations: 3.243 MiB)
  0.052137 seconds (33.16 k allocations: 2.466 MiB)
  0.080684 seconds (53.84 k allocations: 3.502 MiB)
  5.840886 seconds (22.42 k allocations: 9.350 MiB)
  0.061352 seconds (7.60 k allocations: 837.397 KiB)
  0.017662 seconds (11.82 k allocations: 1.028 MiB)
  0.017795 seconds (11.38 k allocations: 1.026 MiB)
  0.002249 seconds (6.97 k allocations: 791.547 KiB)
  1.139732 seconds (490.00 k allocations: 21.717 MiB)
  0.019116 seconds (14.46 k allocations: 1.293 MiB)
  0.013684 seconds (16.24 k allocations: 1.401 MiB)
  0.013989 seconds (15.28 k allocations: 1.332 MiB)
  0.007599 seconds (5.81 k allocations: 1.187 MiB)
  0.013155 seconds (9.82 k allocations: 1.662 MiB)
  0.013682 seconds (9.81 k allocations: 1.400 MiB)
  0.088638 seconds (5.25 k allocations: 1.415 MiB, 87.21% gc time)
  0.007417 seconds (7.60 k allocations: 682.757 KiB)
  0.010019 seconds (11.83 k allocations: 899.747 KiB)
  0.009509 seconds (11.38 k allocations: 897.185 KiB)
  0.002319 seconds (6.97 k allocations: 639.453 KiB)
  0.988648 seconds (490.60 k allocations: 21.491 MiB)
  0.024885 seconds (14.46 k allocations: 1.055 MiB)
  0.025171 seconds (16.02 k allocations: 1.148 MiB)
  0.024489 seconds (15.28 k allocations: 1.096 MiB)
  0.005925 seconds (5.81 k allocations: 849.493 KiB)
  0.022267 seconds (9.81 k allocations: 1.180 MiB)
  0.024280 seconds (9.81 k allocations: 1.042 MiB)
  0.019424 seconds (5.25 k allocations: 955.906 KiB)
  0.177762 seconds (2.63 k allocations: 149.155 KiB)
  0.193521 seconds (217.52 k allocations: 10.587 MiB)
  0.094280 seconds (1.58 k allocations: 99.238 KiB)
  0.075271 seconds (2.56 k allocations: 138.140 KiB)
  0.271657 seconds (258.02 k allocations: 12.797 MiB)
  1.477820 seconds (838.77 k allocations: 36.992 MiB, 1.48% gc time)
  0.155609 seconds (107.35 k allocations: 6.218 MiB)
  1.309955 seconds (622.04 k allocations: 29.603 MiB, 1.92% gc time)
  0.062634 seconds (39.33 k allocations: 3.996 MiB)
  0.087567 seconds (77.29 k allocations: 5.894 MiB)
  0.088656 seconds (77.32 k allocations: 5.888 MiB)
  0.008347 seconds (14.96 k allocations: 1.647 MiB)
  0.050585 seconds (45.36 k allocations: 4.281 MiB)
  0.075476 seconds (81.15 k allocations: 4.939 MiB)
  0.079148 seconds (80.14 k allocations: 4.926 MiB)
  0.115246 seconds (90.47 k allocations: 5.482 MiB, 23.24% gc time)
  0.009010 seconds (14.45 k allocations: 1.645 MiB)
  0.008767 seconds (14.96 k allocations: 1.657 MiB)
  0.009160 seconds (15.46 k allocations: 1.659 MiB)
  0.094396 seconds (80.25 k allocations: 5.971 MiB)
  2.960182 seconds (12.35 k allocations: 11.614 MiB)
  7.452487 seconds (12.34 k allocations: 22.608 MiB)
  4.636778 seconds (13.58 k allocations: 11.694 MiB)
  5.828393 seconds (128.13 k allocations: 28.370 MiB, 2.09% gc time)
  0.950075 seconds (416.20 k allocations: 20.098 MiB)
  0.427344 seconds (217.54 k allocations: 10.621 MiB)
  0.379858 seconds (1.58 k allocations: 91.113 KiB)
  0.095717 seconds (2.56 k allocations: 129.718 KiB)
  0.355029 seconds (250.37 k allocations: 12.317 MiB, 10.02% gc time)
  1.684072 seconds (828.68 k allocations: 35.804 MiB)
  0.148287 seconds (114.34 k allocations: 6.228 MiB)
  1.202049 seconds (612.41 k allocations: 28.037 MiB, 1.99% gc time)
  0.037033 seconds (21.46 k allocations: 2.269 MiB)
  0.086665 seconds (77.10 k allocations: 5.051 MiB)
  0.097542 seconds (77.11 k allocations: 5.043 MiB)
  0.006357 seconds (15.79 k allocations: 1.376 MiB)
  0.065770 seconds (46.63 k allocations: 3.550 MiB)
  0.098055 seconds (82.01 k allocations: 4.678 MiB)
  0.096019 seconds (80.93 k allocations: 4.644 MiB)
  0.136620 seconds (91.30 k allocations: 5.214 MiB, 20.78% gc time)
  0.005767 seconds (15.26 k allocations: 1.365 MiB)
  0.005581 seconds (15.79 k allocations: 1.388 MiB)
  0.005404 seconds (16.32 k allocations: 1.399 MiB)
  0.121666 seconds (80.06 k allocations: 5.134 MiB)
  3.913846 seconds (12.35 k allocations: 6.115 MiB)
  6.630619 seconds (12.34 k allocations: 11.613 MiB)
  5.087031 seconds (13.57 k allocations: 6.192 MiB)
  4.932101 seconds (129.89 k allocations: 17.462 MiB)
  0.021175 seconds (15.63 k allocations: 1.592 MiB)
  0.066910 seconds (25.24 k allocations: 2.118 MiB)
  0.102865 seconds (24.25 k allocations: 2.105 MiB, 74.31% gc time)
  0.012170 seconds (15.00 k allocations: 1.563 MiB)
  1.392669 seconds (744.37 k allocations: 32.355 MiB)
  0.035158 seconds (25.64 k allocations: 2.368 MiB)
  0.034819 seconds (29.74 k allocations: 2.590 MiB)
  0.042249 seconds (26.73 k allocations: 2.423 MiB)
  0.013494 seconds (11.05 k allocations: 2.339 MiB)
  0.038573 seconds (16.80 k allocations: 2.654 MiB)
  0.045063 seconds (16.79 k allocations: 3.177 MiB)
  0.020787 seconds (10.42 k allocations: 2.824 MiB)
  0.008499 seconds (16.46 k allocations: 1.368 MiB)
  0.011606 seconds (22.73 k allocations: 1.705 MiB)
  0.011886 seconds (21.68 k allocations: 1.671 MiB)
  0.003915 seconds (15.76 k allocations: 1.336 MiB)
  1.303001 seconds (746.78 k allocations: 32.016 MiB, 1.83% gc time)
  0.014533 seconds (26.59 k allocations: 1.995 MiB)
  0.016491 seconds (30.53 k allocations: 2.173 MiB)
  0.014789 seconds (27.70 k allocations: 2.034 MiB)
  0.008069 seconds (11.05 k allocations: 1.625 MiB)
  0.015078 seconds (16.80 k allocations: 1.939 MiB)
  0.014739 seconds (16.79 k allocations: 2.215 MiB)
  0.013229 seconds (10.42 k allocations: 1.862 MiB)
  0.224583 seconds (190.31 k allocations: 9.690 MiB)
  0.008816 seconds (65 allocations: 128.031 KiB)
  0.302562 seconds (165.47 k allocations: 8.646 MiB, 11.42% gc time)
  0.011928 seconds (63 allocations: 245.609 KiB)
  0.106757 seconds (55.63 k allocations: 3.092 MiB)
  0.110000 seconds (60.55 k allocations: 3.355 MiB)
  0.095706 seconds (74.81 k allocations: 3.840 MiB)
  5.239689 seconds (43.42 k allocations: 35.105 MiB)
  3.786396 seconds (48 allocations: 33.034 MiB, 1.01% gc time)
  6.716841 seconds (64.96 k allocations: 69.182 MiB, 0.14% gc time)
  6.700973 seconds (50 allocations: 66.055 MiB)
  0.558472 seconds (166.67 k allocations: 8.510 MiB, 45.31% gc time)
  0.003050 seconds (65 allocations: 68.031 KiB)
  0.244508 seconds (169.97 k allocations: 8.744 MiB)
  0.008200 seconds (63 allocations: 125.922 KiB)
  0.099530 seconds (55.22 k allocations: 2.948 MiB)
  0.099685 seconds (60.15 k allocations: 3.183 MiB)
  0.126597 seconds (74.81 k allocations: 3.780 MiB)
  8.645127 seconds (185.95 k allocations: 25.912 MiB)
  4.965465 seconds (48 allocations: 16.523 MiB)
  7.274289 seconds (185.97 k allocations: 42.481 MiB, 4.46% gc time)
  6.667984 seconds (48 allocations: 33.034 MiB)
  0.233889 seconds (59.18 k allocations: 3.132 MiB)
  0.289724 seconds (54.36 k allocations: 2.923 MiB, 67.58% gc time)
  0.006264 seconds (75 allocations: 136.969 KiB)
  0.094219 seconds (56.91 k allocations: 3.040 MiB)
  0.099994 seconds (59.74 k allocations: 3.297 MiB)
  0.116774 seconds (95.76 k allocations: 5.105 MiB)
  0.014195 seconds (101 allocations: 265.125 KiB)
  0.093806 seconds (57.70 k allocations: 3.216 MiB)
  0.126672 seconds (87.52 k allocations: 4.732 MiB)
  4.571842 seconds (88.16 k allocations: 37.322 MiB, 0.21% gc time)
  0.145598 seconds (59.18 k allocations: 3.064 MiB)
  0.150498 seconds (54.36 k allocations: 2.866 MiB)
  0.003052 seconds (75 allocations: 72.641 KiB)
  0.118165 seconds (58.09 k allocations: 3.041 MiB)
  0.095667 seconds (59.34 k allocations: 3.133 MiB)
  0.120638 seconds (95.36 k allocations: 4.959 MiB)
  0.016596 seconds (3.34 k allocations: 329.916 KiB)
  0.091395 seconds (58.48 k allocations: 3.122 MiB)
  0.129807 seconds (87.90 k allocations: 4.603 MiB)
  5.865953 seconds (90.40 k allocations: 20.923 MiB, 0.27% gc time)
  0.086691 seconds (1.02 k allocations: 77.314 KiB)
  0.000988 seconds (21 allocations: 1.594 KiB)
  0.075225 seconds (1.01 k allocations: 61.049 KiB)
  0.001394 seconds (21 allocations: 1.594 KiB)
  0.000906 seconds (18 allocations: 1.375 KiB)
  0.000849 seconds (18 allocations: 1.375 KiB)
  0.001636 seconds (18 allocations: 1.375 KiB)
  0.001183 seconds (18 allocations: 1.375 KiB)
  0.027754 seconds (13.82 k allocations: 713.043 KiB)
  0.131682 seconds (63.68 k allocations: 3.092 MiB)
  0.099454 seconds (60.45 k allocations: 2.931 MiB)
  0.053244 seconds (25.18 k allocations: 1.269 MiB)
  0.030043 seconds (12.81 k allocations: 649.064 KiB)
  0.035074 seconds (15.63 k allocations: 794.317 KiB)
  0.020511 seconds (1.01 k allocations: 61.189 KiB)
  0.001126 seconds (21 allocations: 1.594 KiB)
  0.021963 seconds (1.01 k allocations: 61.049 KiB)
  0.001407 seconds (21 allocations: 1.594 KiB)
  0.001076 seconds (18 allocations: 1.375 KiB)
  0.001074 seconds (18 allocations: 1.375 KiB)
  0.001328 seconds (18 allocations: 1.375 KiB)
  0.001459 seconds (18 allocations: 1.375 KiB)
  0.027079 seconds (13.82 k allocations: 712.496 KiB)
  0.113066 seconds (62.25 k allocations: 2.979 MiB)
  0.107495 seconds (60.44 k allocations: 2.920 MiB)
  0.049557 seconds (25.18 k allocations: 1.228 MiB)
  0.026876 seconds (12.81 k allocations: 648.471 KiB)
  0.032352 seconds (15.63 k allocations: 779.927 KiB)
  0.257612 seconds (29 allocations: 157.609 KiB)
  0.570077 seconds (28 allocations: 312.969 KiB)
  0.373820 seconds (11.92 k allocations: 722.292 KiB)
  1.263386 seconds (20 allocations: 233.531 KiB)
  0.671427 seconds (15.12 k allocations: 1.077 MiB)
  1.095814 seconds (70.06 k allocations: 4.152 MiB)
  0.573347 seconds (11.94 k allocations: 844.323 KiB)
  2.387934 seconds (11.93 k allocations: 1.055 MiB, 4.17% gc time)
  0.302283 seconds (28 allocations: 156.281 KiB)
  1.746674 seconds (27 allocations: 310.359 KiB)
  0.553484 seconds (31 allocations: 157.203 KiB)
  1.068776 seconds (34 allocations: 312.266 KiB)
  0.393941 seconds (31 allocations: 317.109 KiB)
  1.432762 seconds (31.82 k allocations: 2.150 MiB)
  0.756646 seconds (35 allocations: 318.078 KiB)
  2.784042 seconds (38 allocations: 634.188 KiB)
  1.274546 seconds (41 allocations: 469.750 KiB)
  1.356126 seconds (48 allocations: 470.859 KiB)
  2.908893 seconds (40 allocations: 935.953 KiB)
  2.276457 seconds (48 allocations: 937.891 KiB)
  1.169006 seconds (52 allocations: 471.516 KiB)
  0.025606 seconds (6.24 k allocations: 321.388 KiB)
  0.016056 seconds (6.62 k allocations: 328.270 KiB)
  2.395614 seconds (1.96 M allocations: 93.712 MiB, 2.75% gc time)
  0.002622 seconds (555 allocations: 157.016 KiB)
  0.058645 seconds (8.76 k allocations: 650.772 KiB)
  0.229918 seconds (154.76 k allocations: 7.848 MiB, 8.23% gc time)
  0.011789 seconds (597 allocations: 164.016 KiB)
  2.151997 seconds (1.61 M allocations: 77.032 MiB, 0.93% gc time)
  0.029578 seconds (875 allocations: 280.031 KiB)
  0.272629 seconds (158.87 k allocations: 8.158 MiB, 6.10% gc time)
  0.010033 seconds (1.17 k allocations: 308.063 KiB)
  0.023308 seconds (11.28 k allocations: 918.077 KiB)
  0.192969 seconds (110.76 k allocations: 5.476 MiB)
  0.303944 seconds (103.58 k allocations: 5.181 MiB)
  0.323989 seconds (110.80 k allocations: 5.489 MiB)
  0.419072 seconds (103.60 k allocations: 5.194 MiB)
 14.047905 seconds (4.11 M allocations: 183.401 MiB, 1.13% gc time)
  0.014472 seconds (1.27 k allocations: 107.094 KiB)
  0.074756 seconds (9.48 k allocations: 602.960 KiB)
  0.356219 seconds (207.24 k allocations: 10.445 MiB)
  0.009276 seconds (1.47 k allocations: 113.500 KiB)
  2.409068 seconds (2.18 M allocations: 103.656 MiB, 3.03% gc time)
  0.032913 seconds (874 allocations: 165.516 KiB)
  0.493424 seconds (198.13 k allocations: 10.129 MiB, 5.48% gc time)
  0.021958 seconds (1.17 k allocations: 183.484 KiB)
  0.141384 seconds (11.28 k allocations: 794.358 KiB)
  0.318480 seconds (110.71 k allocations: 5.359 MiB)
  0.418295 seconds (103.52 k allocations: 5.056 MiB)
  0.365332 seconds (110.73 k allocations: 5.367 MiB)
  0.278178 seconds (103.52 k allocations: 5.061 MiB)
  0.017895 seconds (4.32 k allocations: 213.896 KiB)
  0.012101 seconds (4.72 k allocations: 229.086 KiB)
  2.936785 seconds (1.65 M allocations: 77.338 MiB, 2.01% gc time)
  0.034517 seconds (7.92 k allocations: 973.859 KiB)
  0.431168 seconds (119.80 k allocations: 6.365 MiB)
  0.052939 seconds (8.65 k allocations: 1016.609 KiB)
  1.395334 seconds (562.33 k allocations: 27.354 MiB, 1.59% gc time)
  0.105994 seconds (3.97 k allocations: 1.229 MiB)
  0.504190 seconds (120.22 k allocations: 6.871 MiB)
  0.078794 seconds (4.44 k allocations: 1.283 MiB)
  0.433443 seconds (128.56 k allocations: 7.213 MiB)
  0.379848 seconds (124.62 k allocations: 7.096 MiB)
  0.388437 seconds (126.97 k allocations: 7.117 MiB)
  0.416378 seconds (122.58 k allocations: 6.988 MiB, 4.89% gc time)
  0.424077 seconds (212.26 k allocations: 10.555 MiB)
  0.013216 seconds (8.44 k allocations: 1021.563 KiB)
  0.541550 seconds (199.78 k allocations: 10.012 MiB, 6.55% gc time)
  0.062891 seconds (9.26 k allocations: 1.049 MiB)
  0.678909 seconds (240.14 k allocations: 12.315 MiB)
  0.017777 seconds (3.97 k allocations: 1.245 MiB)
  0.649787 seconds (203.22 k allocations: 10.630 MiB, 5.16% gc time)
  0.098293 seconds (4.44 k allocations: 1.299 MiB)
  0.631453 seconds (219.73 k allocations: 11.356 MiB)
  0.608545 seconds (209.56 k allocations: 10.939 MiB)
  0.694666 seconds (244.68 k allocations: 12.582 MiB, 4.38% gc time)
  0.430700 seconds (203.21 k allocations: 10.629 MiB)
  5.618923 seconds (6.27 M allocations: 272.940 MiB, 3.50% gc time)
  0.000445 seconds (539 allocations: 90.359 KiB)
  0.036449 seconds (16.64 k allocations: 1000.605 KiB)
  0.188020 seconds (76.98 k allocations: 3.834 MiB)
  0.000433 seconds (579 allocations: 90.656 KiB)
  0.851101 seconds (627.89 k allocations: 30.160 MiB)
  0.226141 seconds (82.27 k allocations: 4.109 MiB)
  0.101123 seconds (20.16 k allocations: 1.217 MiB)
  0.025670 seconds (644 allocations: 72.656 KiB)
  0.126004 seconds (15.96 k allocations: 880.534 KiB)
  0.000426 seconds (539 allocations: 68.203 KiB)
  0.007354 seconds (1.22 k allocations: 125.641 KiB)
  0.000751 seconds (860 allocations: 106.469 KiB)
  1.349982 seconds (944.19 k allocations: 43.821 MiB, 3.11% gc time)
  0.001888 seconds (7.90 k allocations: 902.328 KiB)
  0.308831 seconds (95.36 k allocations: 5.190 MiB)
  0.001729 seconds (8.63 k allocations: 938.375 KiB)
  1.169019 seconds (895.70 k allocations: 42.115 MiB)
  0.207790 seconds (95.89 k allocations: 5.617 MiB)
  0.033403 seconds (8.70 k allocations: 914.078 KiB)
  0.001767 seconds (7.90 k allocations: 880.172 KiB)
  0.020044 seconds (4.03 k allocations: 1.058 MiB)
  0.002085 seconds (4.41 k allocations: 1.080 MiB)
  5.773874 seconds (6.44 M allocations: 280.951 MiB, 3.78% gc time)
  0.000806 seconds (1.22 k allocations: 73.391 KiB)
  0.027500 seconds (17.31 k allocations: 982.996 KiB)
  0.184209 seconds (77.81 k allocations: 3.821 MiB)
  0.000745 seconds (1.42 k allocations: 76.406 KiB)
  1.036262 seconds (628.01 k allocations: 30.032 MiB, 18.48% gc time)
  0.188068 seconds (82.28 k allocations: 4.057 MiB)
  0.029181 seconds (20.16 k allocations: 1.165 MiB)
  0.018598 seconds (1.48 k allocations: 69.203 KiB)
  0.030927 seconds (16.81 k allocations: 876.972 KiB)
  0.000649 seconds (1.22 k allocations: 62.063 KiB)
  0.016282 seconds (1.22 k allocations: 93.578 KiB)
  0.000636 seconds (860 allocations: 77.859 KiB)
  2.207387 seconds (1.32 M allocations: 59.252 MiB, 6.65% gc time)
  0.028013 seconds (12.46 k allocations: 825.391 KiB)
  0.244454 seconds (100.06 k allocations: 5.104 MiB)
  0.003054 seconds (13.27 k allocations: 847.078 KiB)
  2.009565 seconds (1.40 M allocations: 63.777 MiB, 5.04% gc time)
  0.223023 seconds (95.90 k allocations: 5.206 MiB)
  0.051290 seconds (13.34 k allocations: 837.156 KiB)
  0.005784 seconds (12.46 k allocations: 814.109 KiB)
  0.054691 seconds (4.03 k allocations: 697.516 KiB)
  0.001553 seconds (4.41 k allocations: 713.156 KiB)
  0.014562 seconds (7.78 k allocations: 384.235 KiB)
  0.088307 seconds (108.47 k allocations: 5.797 MiB)
  0.322380 seconds (162.58 k allocations: 8.699 MiB)
  0.030453 seconds (3.66 k allocations: 545.609 KiB)
  0.152690 seconds (12.09 k allocations: 1.018 MiB)
  0.351141 seconds (101.16 k allocations: 5.167 MiB)
  0.028670 seconds (4.01 k allocations: 561.672 KiB)
  0.375783 seconds (111.49 k allocations: 5.849 MiB)
  0.042265 seconds (2.44 k allocations: 701.047 KiB)
  0.338578 seconds (103.39 k allocations: 5.508 MiB)
  0.032643 seconds (2.79 k allocations: 738.781 KiB)
  0.354484 seconds (105.75 k allocations: 5.623 MiB)
  0.423519 seconds (112.91 k allocations: 5.922 MiB, 3.95% gc time)
  0.490261 seconds (105.77 k allocations: 5.636 MiB)
  0.231220 seconds (111.19 k allocations: 5.484 MiB)
  0.007660 seconds (4.48 k allocations: 417.766 KiB)
  0.103719 seconds (12.89 k allocations: 915.038 KiB)
  0.392783 seconds (102.13 k allocations: 5.039 MiB)
  0.016667 seconds (4.98 k allocations: 430.313 KiB)
  0.290114 seconds (111.44 k allocations: 5.588 MiB)
  0.004330 seconds (2.44 k allocations: 439.844 KiB)
  0.291955 seconds (103.32 k allocations: 5.235 MiB)
  0.055815 seconds (2.79 k allocations: 464.063 KiB, 57.15% gc time)
  0.358991 seconds (105.68 k allocations: 5.358 MiB)
  0.287962 seconds (112.85 k allocations: 5.655 MiB)
  0.369311 seconds (105.71 k allocations: 5.360 MiB)
  0.122490 seconds (6.96 k allocations: 325.451 KiB)
  0.028304 seconds (5.33 k allocations: 260.633 KiB)
  0.428243 seconds (291.69 k allocations: 14.753 MiB)
  0.018457 seconds (8.83 k allocations: 1006.328 KiB)
  0.202857 seconds (125.83 k allocations: 6.601 MiB)
  0.029536 seconds (8.18 k allocations: 975.141 KiB)
  0.451111 seconds (288.56 k allocations: 14.800 MiB, 7.63% gc time)
  0.047971 seconds (4.26 k allocations: 1.125 MiB)
  0.231965 seconds (121.04 k allocations: 6.785 MiB)
  0.026087 seconds (4.67 k allocations: 1.177 MiB)
  0.265134 seconds (129.43 k allocations: 7.130 MiB)
  0.294417 seconds (125.44 k allocations: 7.011 MiB)
  0.416987 seconds (213.48 k allocations: 10.874 MiB, 3.64% gc time)
  0.362616 seconds (123.39 k allocations: 6.905 MiB)
  0.467676 seconds (355.96 k allocations: 17.499 MiB)
  0.040245 seconds (14.49 k allocations: 903.438 KiB)
  0.377579 seconds (131.41 k allocations: 6.506 MiB)
  0.042308 seconds (13.75 k allocations: 877.219 KiB)
  0.550248 seconds (338.22 k allocations: 16.828 MiB, 2.75% gc time)
  0.057776 seconds (4.26 k allocations: 737.609 KiB)
  0.329738 seconds (120.98 k allocations: 6.360 MiB)
  0.014644 seconds (4.67 k allocations: 769.938 KiB)
  0.324319 seconds (129.37 k allocations: 6.707 MiB)
  0.272045 seconds (125.37 k allocations: 6.572 MiB)
  0.479464 seconds (213.36 k allocations: 10.457 MiB)
  0.431652 seconds (123.31 k allocations: 6.473 MiB, 9.00% gc time)
  0.036484 seconds (10.74 k allocations: 918.731 KiB)
  0.001214 seconds (3.65 k allocations: 479.141 KiB)
  0.010871 seconds (7.71 k allocations: 691.403 KiB)
  0.003724 seconds (4.00 k allocations: 488.500 KiB)
  0.013235 seconds (6.14 k allocations: 774.075 KiB)
  0.010924 seconds (6.50 k allocations: 798.497 KiB)
  0.008851 seconds (3.71 k allocations: 460.953 KiB)
  0.001388 seconds (3.99 k allocations: 466.094 KiB)
  0.008694 seconds (2.50 k allocations: 531.938 KiB)
  0.001017 seconds (2.77 k allocations: 551.844 KiB)
  0.011924 seconds (11.93 k allocations: 1.084 MiB)
  0.002280 seconds (8.16 k allocations: 904.359 KiB)
  0.011528 seconds (12.57 k allocations: 1.108 MiB)
  0.002331 seconds (8.81 k allocations: 928.844 KiB)
  0.011909 seconds (8.00 k allocations: 1.192 MiB)
  0.011742 seconds (8.41 k allocations: 1.231 MiB)
  0.009888 seconds (8.23 k allocations: 887.109 KiB)
  0.002233 seconds (8.80 k allocations: 899.234 KiB)
  0.009760 seconds (4.32 k allocations: 976.766 KiB)
  0.001940 seconds (4.64 k allocations: 996.625 KiB)
  0.010849 seconds (8.18 k allocations: 588.669 KiB)
  0.001671 seconds (4.45 k allocations: 385.328 KiB)
  0.024405 seconds (8.68 k allocations: 594.216 KiB)
  0.001571 seconds (4.97 k allocations: 391.500 KiB)
  0.044933 seconds (6.15 k allocations: 577.466 KiB)
  0.020124 seconds (6.50 k allocations: 594.669 KiB)
  0.041800 seconds (4.54 k allocations: 378.375 KiB)
  0.001259 seconds (4.98 k allocations: 380.266 KiB)
  0.007817 seconds (2.50 k allocations: 356.641 KiB)
  0.001005 seconds (2.77 k allocations: 369.641 KiB)
  0.086467 seconds (17.40 k allocations: 1018.063 KiB)
  0.003480 seconds (13.63 k allocations: 812.500 KiB)
  0.089585 seconds (18.07 k allocations: 1.007 MiB)
  0.003230 seconds (14.29 k allocations: 823.359 KiB)
  0.065806 seconds (8.00 k allocations: 873.985 KiB)
  0.029094 seconds (8.41 k allocations: 899.298 KiB)
  0.010600 seconds (13.71 k allocations: 806.125 KiB)
  0.003141 seconds (14.28 k allocations: 808.125 KiB)
  0.017053 seconds (4.32 k allocations: 651.281 KiB)
  0.001658 seconds (4.64 k allocations: 664.234 KiB)
  0.000875 seconds (124 allocations: 30.563 KiB)
  0.116431 seconds (55.97 k allocations: 2.902 MiB)
  0.015431 seconds (5.89 k allocations: 364.415 KiB)
  0.197001 seconds (41.42 k allocations: 2.087 MiB)
  0.138581 seconds (71.93 k allocations: 3.603 MiB)
  0.092228 seconds (38.65 k allocations: 1.946 MiB)
  0.008646 seconds (874 allocations: 79.359 KiB)
  0.000062 seconds (15 allocations: 4.016 KiB)
  0.000129 seconds (36 allocations: 13.563 KiB)
  0.034761 seconds (20.33 k allocations: 1.138 MiB)
  0.000064 seconds (16 allocations: 4.031 KiB)
  0.000105 seconds (37 allocations: 13.578 KiB)
  0.000176 seconds (790 allocations: 66.188 KiB)
  0.182203 seconds (101.47 k allocations: 5.181 MiB)
  0.000181 seconds (848 allocations: 66.859 KiB)
  0.060864 seconds (22.61 k allocations: 1.237 MiB)
  0.002650 seconds (99 allocations: 32.375 KiB)
  0.093624 seconds (38.58 k allocations: 1.939 MiB)
  0.010345 seconds (103 allocations: 32.750 KiB)
  0.000089 seconds (15 allocations: 7.578 KiB)
  0.000031 seconds (10 allocations: 4.969 KiB)
  0.000400 seconds (58 allocations: 27.078 KiB)
  0.000057 seconds (16 allocations: 4.031 KiB)
  0.001368 seconds (3.53 k allocations: 316.547 KiB)
  0.087533 seconds (54.58 k allocations: 2.926 MiB)
  0.061974 seconds (2.21 k allocations: 184.203 KiB)
  0.005008 seconds (42 allocations: 40.172 KiB)
  0.138009 seconds (17.01 k allocations: 983.269 KiB)
  0.084663 seconds (55.91 k allocations: 2.990 MiB)
  0.037421 seconds (15.92 k allocations: 1002.112 KiB)
  0.047750 seconds (2.11 k allocations: 182.266 KiB)
  0.014950 seconds (46 allocations: 41.094 KiB)
  0.000696 seconds (3.49 k allocations: 295.250 KiB)
  0.046288 seconds (12.44 k allocations: 811.184 KiB)
  0.000681 seconds (3.75 k allocations: 294.953 KiB)
  0.000378 seconds (2.18 k allocations: 167.625 KiB)
  0.002608 seconds (3.04 k allocations: 222.938 KiB)
  0.000390 seconds (2.08 k allocations: 164.781 KiB)
  0.000778 seconds (2.15 k allocations: 168.578 KiB)
  0.081300 seconds (14.58 k allocations: 930.687 KiB)
  0.057852 seconds (41 allocations: 37.172 KiB)
  0.137317 seconds (15.92 k allocations: 1020.362 KiB)
  0.070978 seconds (45 allocations: 38.984 KiB)
  0.000488 seconds (1.64 k allocations: 228.453 KiB)
  0.000035 seconds (11 allocations: 5.203 KiB)
  0.017285 seconds (3.79 k allocations: 317.813 KiB)
  0.000622 seconds (3.75 k allocations: 294.953 KiB)
  0.000685 seconds (1.46 k allocations: 148.266 KiB)
  0.051998 seconds (30.74 k allocations: 1.643 MiB)
  0.001532 seconds (1.06 k allocations: 93.344 KiB)
  0.000600 seconds (1.56 k allocations: 148.156 KiB)
  0.011149 seconds (1.02 k allocations: 91.938 KiB)
  0.001950 seconds (35 allocations: 30.188 KiB)
  0.000371 seconds (1.43 k allocations: 133.906 KiB)
  0.000319 seconds (1.53 k allocations: 133.797 KiB)
  0.000210 seconds (1.03 k allocations: 80.844 KiB)
  0.000415 seconds (1.46 k allocations: 111.438 KiB)
  0.004020 seconds (1.02 k allocations: 91.938 KiB)
  0.000308 seconds (994 allocations: 79.438 KiB)
  0.001379 seconds (851 allocations: 144.844 KiB)
  0.009654 seconds (33 allocations: 28.922 KiB)
  0.001529 seconds (852 allocations: 157.516 KiB)
  0.040651 seconds (35 allocations: 28.953 KiB)
  0.000310 seconds (827 allocations: 118.875 KiB)
  0.014825 seconds (615 allocations: 42.815 KiB)
  0.000635 seconds (1.56 k allocations: 148.156 KiB)
  0.000315 seconds (1.53 k allocations: 133.797 KiB)
  0.001018 seconds (3.54 k allocations: 318.797 KiB)
  0.025246 seconds (2.17 k allocations: 180.797 KiB)
  0.001389 seconds (3.79 k allocations: 318.500 KiB)
  0.004492 seconds (2.14 k allocations: 179.219 KiB)
  0.000674 seconds (3.50 k allocations: 296.219 KiB)
  0.006272 seconds (5.29 k allocations: 401.734 KiB)
  0.000644 seconds (3.75 k allocations: 295.922 KiB)
  0.003528 seconds (2.17 k allocations: 180.797 KiB)
  0.001422 seconds (42 allocations: 40.172 KiB)
  0.004013 seconds (2.14 k allocations: 179.219 KiB)
  0.003028 seconds (2.14 k allocations: 179.219 KiB)
  0.001363 seconds (46 allocations: 41.094 KiB)
  0.001157 seconds (1.68 k allocations: 272.344 KiB)
  0.003263 seconds (41 allocations: 37.172 KiB)
  0.001155 seconds (1.68 k allocations: 297.672 KiB)
  0.003226 seconds (45 allocations: 38.984 KiB)
  0.000513 seconds (1.64 k allocations: 230.313 KiB)
  0.000042 seconds (11 allocations: 5.203 KiB)
  0.001324 seconds (3.79 k allocations: 318.500 KiB)
  0.000614 seconds (3.75 k allocations: 295.922 KiB)
  0.000446 seconds (56 allocations: 19.453 KiB)
  0.000035 seconds (14 allocations: 1.969 KiB)
  0.000066 seconds (21 allocations: 2.281 KiB)
  0.000096 seconds (42 allocations: 6.875 KiB)
  0.144712 seconds (41.82 k allocations: 2.247 MiB)
  0.109117 seconds (40.91 k allocations: 2.195 MiB)
  0.120237 seconds (40.91 k allocations: 2.195 MiB)
  0.000085 seconds (22 allocations: 2.297 KiB)
  0.000085 seconds (43 allocations: 6.891 KiB)
  0.000096 seconds (23 allocations: 2.313 KiB)
  0.000094 seconds (23 allocations: 2.313 KiB)
  0.000123 seconds (24 allocations: 2.328 KiB)
  0.000083 seconds (22 allocations: 2.297 KiB)
  0.000056 seconds (23 allocations: 2.313 KiB)
  0.000089 seconds (23 allocations: 2.313 KiB)
  0.000086 seconds (24 allocations: 2.328 KiB)
  0.022212 seconds (6.61 k allocations: 368.580 KiB)
  0.000059 seconds (14 allocations: 3.141 KiB)
  0.023566 seconds (6.68 k allocations: 346.553 KiB)
  0.024892 seconds (7.69 k allocations: 420.740 KiB)
  0.000464 seconds (840 allocations: 80.531 KiB)
  0.000181 seconds (816 allocations: 70.953 KiB)
  0.000359 seconds (829 allocations: 71.484 KiB)
  0.000510 seconds (1.24 k allocations: 98.234 KiB)
  0.012815 seconds (4.51 k allocations: 273.372 KiB)
  0.020669 seconds (4.56 k allocations: 273.700 KiB)
  0.010412 seconds (4.54 k allocations: 273.169 KiB)
  0.000278 seconds (830 allocations: 70.734 KiB)
  0.000221 seconds (859 allocations: 71.297 KiB)
  0.000213 seconds (803 allocations: 70.969 KiB)
  0.000195 seconds (832 allocations: 71.531 KiB)
  0.000198 seconds (830 allocations: 70.734 KiB)
  0.000198 seconds (859 allocations: 71.297 KiB)
  0.000222 seconds (803 allocations: 70.969 KiB)
  0.000206 seconds (832 allocations: 71.531 KiB)
  0.000593 seconds (407 allocations: 67.719 KiB)
  0.000177 seconds (388 allocations: 51.531 KiB)
  0.000203 seconds (390 allocations: 57.656 KiB)
  0.000374 seconds (843 allocations: 79.813 KiB)
  0.000171 seconds (817 allocations: 70.203 KiB)
  0.000273 seconds (817 allocations: 70.203 KiB)
  0.000581 seconds (410 allocations: 73.391 KiB)
  0.000185 seconds (389 allocations: 57.172 KiB)
  0.000871 seconds (1.55 k allocations: 138.094 KiB)
  0.000309 seconds (1.51 k allocations: 122.953 KiB)
  0.000294 seconds (1.51 k allocations: 122.953 KiB)
  0.000358 seconds (1.53 k allocations: 123.578 KiB)
  0.203827 seconds (80.09 k allocations: 4.552 MiB)
  0.196864 seconds (79.98 k allocations: 4.550 MiB)
  0.198892 seconds (80.03 k allocations: 4.551 MiB)
  0.026047 seconds (9.99 k allocations: 616.224 KiB)
  0.006120 seconds (1.91 k allocations: 149.578 KiB)
  0.002060 seconds (2.24 k allocations: 166.109 KiB)
  0.001972 seconds (1.94 k allocations: 148.797 KiB)
  0.000380 seconds (1.53 k allocations: 123.844 KiB)
  0.000362 seconds (1.53 k allocations: 123.844 KiB)
  0.000501 seconds (1.47 k allocations: 122.344 KiB)
  0.000404 seconds (1.58 k allocations: 125.250 KiB)
  0.000420 seconds (1.53 k allocations: 123.656 KiB)
  0.000361 seconds (1.53 k allocations: 123.844 KiB)
  0.000333 seconds (1.47 k allocations: 122.344 KiB)
  0.000363 seconds (1.58 k allocations: 125.250 KiB)
  0.000408 seconds (1.53 k allocations: 123.656 KiB)
  0.002933 seconds (1.94 k allocations: 148.750 KiB)
  0.000492 seconds (2.24 k allocations: 166.125 KiB)
  0.010942 seconds (1.91 k allocations: 149.594 KiB)
  0.005593 seconds (2.21 k allocations: 166.781 KiB)
  0.042272 seconds (5.60 k allocations: 378.329 KiB)
  0.000255 seconds (765 allocations: 100.156 KiB)
  0.000421 seconds (767 allocations: 111.906 KiB)
  0.022205 seconds (6.41 k allocations: 382.456 KiB)
  0.000320 seconds (1.51 k allocations: 123.219 KiB)
  0.000308 seconds (1.51 k allocations: 123.219 KiB)
  0.000295 seconds (1.51 k allocations: 123.219 KiB)
  0.070301 seconds (6.68 k allocations: 441.097 KiB)
  0.000227 seconds (766 allocations: 111.422 KiB)
  0.000802 seconds (75 allocations: 23.797 KiB)
  0.148056 seconds (88.42 k allocations: 4.447 MiB)
  0.059393 seconds (29.39 k allocations: 1.410 MiB)
  0.181458 seconds (95.24 k allocations: 4.737 MiB)
  0.063721 seconds (29.14 k allocations: 1.425 MiB)
  0.048894 seconds (30.41 k allocations: 1.486 MiB)
  0.000117 seconds (26 allocations: 5.781 KiB)
  0.000147 seconds (71 allocations: 18.922 KiB)
  0.000101 seconds (28 allocations: 9.313 KiB)
  0.000086 seconds (33 allocations: 7.344 KiB)
  0.000120 seconds (80 allocations: 20.094 KiB)
  0.000081 seconds (28 allocations: 9.313 KiB)
  0.000089 seconds (35 allocations: 12.047 KiB)
Test Summary:           | Pass  Total
Test MatrixEquations.jl | 1052   1052
   Testing MatrixEquations tests passed 
