 Resolving package versions...
 Installed CoordinateTransformations ─── v0.5.0
 Installed URIParser ─────────────────── v0.4.0
 Installed SortingAlgorithms ─────────── v0.3.1
 Installed DiffResults ───────────────── v0.0.4
 Installed GeoArrays ─────────────────── v0.1.1
 Installed Arpack ────────────────────── v0.3.1
 Installed DataStructures ────────────── v0.17.6
 Installed LossFunctions ─────────────── v0.5.1
 Installed Rotations ─────────────────── v0.12.0
 Installed LazyArrays ────────────────── v0.14.10
 Installed StaticArrays ──────────────── v0.12.1
 Installed LineSearches ──────────────── v7.0.1
 Installed ScientificTypes ───────────── v0.2.6
 Installed QuadGK ────────────────────── v2.1.1
 Installed Compat ────────────────────── v2.2.0
 Installed CategoricalArrays ─────────── v0.7.3
 Installed CSV ───────────────────────── v0.5.18
 Installed BinaryProvider ────────────── v0.5.8
 Installed NearestNeighbors ──────────── v0.4.4
 Installed StatsFuns ─────────────────── v0.8.0
 Installed NLSolversBase ─────────────── v7.5.0
 Installed Missings ──────────────────── v0.4.3
 Installed Parsers ───────────────────── v0.3.10
 Installed MacroTools ────────────────── v0.5.2
 Installed LearnBase ─────────────────── v0.2.2
 Installed Parameters ────────────────── v0.12.0
 Installed Rmath ─────────────────────── v0.6.0
 Installed MLJBase ───────────────────── v0.7.5
 Installed PositiveFactorizations ────── v0.2.3
 Installed AverageShiftedHistograms ──── v0.8.1
 Installed TableTraits ───────────────── v1.0.0
 Installed OrderedCollections ────────── v1.1.0
 Installed Distributions ─────────────── v0.21.5
 Installed FixedPointNumbers ─────────── v0.6.1
 Installed SpecialFunctions ──────────── v0.7.2
 Installed JSON ──────────────────────── v0.21.0
 Installed ArchGDAL ──────────────────── v0.2.1
 Installed ArrayLayouts ──────────────── v0.1.5
 Installed CommonSubexpressions ──────── v0.2.0
 Installed DataAPI ───────────────────── v1.1.0
 Installed BinDeps ───────────────────── v0.8.10
 Installed ColorTypes ────────────────── v0.8.0
 Installed RecipesBase ───────────────── v0.7.0
 Installed Distances ─────────────────── v0.8.2
 Installed Tables ────────────────────── v0.2.11
 Installed GDAL ──────────────────────── v0.2.0
 Installed ForwardDiff ───────────────── v0.10.7
 Installed NaNMath ───────────────────── v0.3.3
 Installed DataValueInterfaces ───────── v1.0.0
 Installed DiffEqDiffTools ───────────── v0.14.0
 Installed UnicodePlots ──────────────── v1.1.0
 Installed Calculus ──────────────────── v0.5.1
 Installed Optim ─────────────────────── v0.18.1
 Installed DiffRules ─────────────────── v0.0.10
 Installed FilePathsBase ─────────────── v0.7.0
 Installed GeoInterface ──────────────── v0.4.1
 Installed IteratorInterfaceExtensions ─ v1.0.0
 Installed WeakRefStrings ────────────── v0.6.1
 Installed PooledArrays ──────────────── v0.5.2
 Installed PDMats ────────────────────── v0.9.10
 Installed DataFrames ────────────────── v0.18.4
 Installed DataStreams ───────────────── v0.4.2
 Installed FillArrays ────────────────── v0.8.2
 Installed Reexport ──────────────────── v0.2.0
 Installed GeoStatsBase ──────────────── v0.7.0
 Installed StatsBase ─────────────────── v0.32.0
  Updating `~/.julia/environments/v1.3/Project.toml`
  [2fb1d81b] + GeoArrays v0.1.1
  Updating `~/.julia/environments/v1.3/Manifest.toml`
  [c9ce4bd3] + ArchGDAL v0.2.1
  [7d9fca2a] + Arpack v0.3.1
  [4c555306] + ArrayLayouts v0.1.5
  [77b51b56] + AverageShiftedHistograms v0.8.1
  [9e28174c] + BinDeps v0.8.10
  [b99e7846] + BinaryProvider v0.5.8
  [336ed68f] + CSV v0.5.18
  [49dc2e85] + Calculus v0.5.1
  [324d7699] + CategoricalArrays v0.7.3
  [3da002f7] + ColorTypes v0.8.0
  [bbf7d656] + CommonSubexpressions v0.2.0
  [34da2185] + Compat v2.2.0
  [150eb455] + CoordinateTransformations v0.5.0
  [9a962f9c] + DataAPI v1.1.0
  [a93c6f00] + DataFrames v0.18.4
  [9a8bc11e] + DataStreams v0.4.2
  [864edb3b] + DataStructures v0.17.6
  [e2d170a0] + DataValueInterfaces v1.0.0
  [01453d9d] + DiffEqDiffTools v0.14.0
  [163ba53b] + DiffResults v0.0.4
  [b552c78f] + DiffRules v0.0.10
  [b4f34e82] + Distances v0.8.2
  [31c24e10] + Distributions v0.21.5
  [48062228] + FilePathsBase v0.7.0
  [1a297f60] + FillArrays v0.8.2
  [53c48c17] + FixedPointNumbers v0.6.1
  [f6369f11] + ForwardDiff v0.10.7
  [add2ef01] + GDAL v0.2.0
  [2fb1d81b] + GeoArrays v0.1.1
  [cf35fbd7] + GeoInterface v0.4.1
  [323cb8eb] + GeoStatsBase v0.7.0
  [82899510] + IteratorInterfaceExtensions v1.0.0
  [682c06a0] + JSON v0.21.0
  [5078a376] + LazyArrays v0.14.10
  [7f8f8fb0] + LearnBase v0.2.2
  [d3d80556] + LineSearches v7.0.1
  [30fc2ffe] + LossFunctions v0.5.1
  [a7f614a8] + MLJBase v0.7.5
  [1914dd2f] + MacroTools v0.5.2
  [e1d29d7a] + Missings v0.4.3
  [d41bc354] + NLSolversBase v7.5.0
  [77ba4419] + NaNMath v0.3.3
  [b8a86587] + NearestNeighbors v0.4.4
  [429524aa] + Optim v0.18.1
  [bac558e1] + OrderedCollections v1.1.0
  [90014a1f] + PDMats v0.9.10
  [d96e819e] + Parameters v0.12.0
  [69de0a69] + Parsers v0.3.10
  [2dfb63ee] + PooledArrays v0.5.2
  [85a6dd25] + PositiveFactorizations v0.2.3
  [1fd47b50] + QuadGK v2.1.1
  [3cdcf5f2] + RecipesBase v0.7.0
  [189a3867] + Reexport v0.2.0
  [79098fc4] + Rmath v0.6.0
  [6038ab10] + Rotations v0.12.0
  [321657f4] + ScientificTypes v0.2.6
  [a2af1166] + SortingAlgorithms v0.3.1
  [276daf66] + SpecialFunctions v0.7.2
  [90137ffa] + StaticArrays v0.12.1
  [2913bbd2] + StatsBase v0.32.0
  [4c63d2b9] + StatsFuns v0.8.0
  [3783bdb8] + TableTraits v1.0.0
  [bd369af6] + Tables v0.2.11
  [30578b45] + URIParser v0.4.0
  [b8865327] + UnicodePlots v1.1.0
  [ea10d353] + WeakRefStrings v0.6.1
  [2a0f44e3] + Base64 
  [ade2ca70] + Dates 
  [8bb1440f] + DelimitedFiles 
  [8ba89e20] + Distributed 
  [9fa8497b] + Future 
  [b77e0a4c] + InteractiveUtils 
  [76f85450] + LibGit2 
  [8f399da3] + Libdl 
  [37e2e46d] + LinearAlgebra 
  [56ddb016] + Logging 
  [d6f4376e] + Markdown 
  [a63ad114] + Mmap 
  [44cfe95a] + Pkg 
  [de0858da] + Printf 
  [3fa0cd96] + REPL 
  [9a3f8284] + Random 
  [ea8e919c] + SHA 
  [9e88b42a] + Serialization 
  [1a1011a3] + SharedArrays 
  [6462fe0b] + Sockets 
  [2f01184e] + SparseArrays 
  [10745b16] + Statistics 
  [4607b0f0] + SuiteSparse 
  [8dfed614] + Test 
  [cf7118a7] + UUIDs 
  [4ec0a83e] + Unicode 
  Building Arpack ──────────→ `~/.julia/packages/Arpack/cu5By/deps/build.log`
  Building Rmath ───────────→ `~/.julia/packages/Rmath/BoBag/deps/build.log`
  Building SpecialFunctions → `~/.julia/packages/SpecialFunctions/fvheQ/deps/build.log`
  Building GDAL ────────────→ `~/.julia/packages/GDAL/vec6Y/deps/build.log`
   Testing GeoArrays
 Resolving package versions...
 Installed Polynomials ─────── v0.6.0
 Installed Combinatorics ───── v0.7.0
 Installed KrigingEstimators ─ v0.3.3
 Installed Variography ─────── v0.5.0
 Installed GeoStats ────────── v0.9.0
 Installed GeoStatsDevTools ── v0.4.5
    Status `/tmp/jl_mQGvX3/Manifest.toml`
  [c9ce4bd3] ArchGDAL v0.2.1
  [7d9fca2a] Arpack v0.3.1
  [4c555306] ArrayLayouts v0.1.5
  [77b51b56] AverageShiftedHistograms v0.8.1
  [9e28174c] BinDeps v0.8.10
  [b99e7846] BinaryProvider v0.5.8
  [336ed68f] CSV v0.5.18
  [49dc2e85] Calculus v0.5.1
  [324d7699] CategoricalArrays v0.7.3
  [3da002f7] ColorTypes v0.8.0
  [861a8166] Combinatorics v0.7.0
  [bbf7d656] CommonSubexpressions v0.2.0
  [34da2185] Compat v2.2.0
  [150eb455] CoordinateTransformations v0.5.0
  [9a962f9c] DataAPI v1.1.0
  [a93c6f00] DataFrames v0.18.4
  [9a8bc11e] DataStreams v0.4.2
  [864edb3b] DataStructures v0.17.6
  [e2d170a0] DataValueInterfaces v1.0.0
  [01453d9d] DiffEqDiffTools v0.14.0
  [163ba53b] DiffResults v0.0.4
  [b552c78f] DiffRules v0.0.10
  [b4f34e82] Distances v0.8.2
  [31c24e10] Distributions v0.21.5
  [48062228] FilePathsBase v0.7.0
  [1a297f60] FillArrays v0.8.2
  [53c48c17] FixedPointNumbers v0.6.1
  [f6369f11] ForwardDiff v0.10.7
  [add2ef01] GDAL v0.2.0
  [2fb1d81b] GeoArrays v0.1.1
  [cf35fbd7] GeoInterface v0.4.1
  [dcc97b0b] GeoStats v0.9.0
  [323cb8eb] GeoStatsBase v0.7.0
  [19e549d1] GeoStatsDevTools v0.4.5
  [82899510] IteratorInterfaceExtensions v1.0.0
  [682c06a0] JSON v0.21.0
  [d293930c] KrigingEstimators v0.3.3
  [5078a376] LazyArrays v0.14.10
  [7f8f8fb0] LearnBase v0.2.2
  [d3d80556] LineSearches v7.0.1
  [30fc2ffe] LossFunctions v0.5.1
  [a7f614a8] MLJBase v0.7.5
  [1914dd2f] MacroTools v0.5.2
  [e1d29d7a] Missings v0.4.3
  [d41bc354] NLSolversBase v7.5.0
  [77ba4419] NaNMath v0.3.3
  [b8a86587] NearestNeighbors v0.4.4
  [429524aa] Optim v0.18.1
  [bac558e1] OrderedCollections v1.1.0
  [90014a1f] PDMats v0.9.10
  [d96e819e] Parameters v0.12.0
  [69de0a69] Parsers v0.3.10
  [f27b6e38] Polynomials v0.6.0
  [2dfb63ee] PooledArrays v0.5.2
  [85a6dd25] PositiveFactorizations v0.2.3
  [1fd47b50] QuadGK v2.1.1
  [3cdcf5f2] RecipesBase v0.7.0
  [189a3867] Reexport v0.2.0
  [79098fc4] Rmath v0.6.0
  [6038ab10] Rotations v0.12.0
  [321657f4] ScientificTypes v0.2.6
  [a2af1166] SortingAlgorithms v0.3.1
  [276daf66] SpecialFunctions v0.7.2
  [90137ffa] StaticArrays v0.12.1
  [2913bbd2] StatsBase v0.32.0
  [4c63d2b9] StatsFuns v0.8.0
  [3783bdb8] TableTraits v1.0.0
  [bd369af6] Tables v0.2.11
  [30578b45] URIParser v0.4.0
  [b8865327] UnicodePlots v1.1.0
  [04a0146e] Variography v0.5.0
  [ea10d353] WeakRefStrings v0.6.1
  [2a0f44e3] Base64  [`@stdlib/Base64`]
  [ade2ca70] Dates  [`@stdlib/Dates`]
  [8bb1440f] DelimitedFiles  [`@stdlib/DelimitedFiles`]
  [8ba89e20] Distributed  [`@stdlib/Distributed`]
  [9fa8497b] Future  [`@stdlib/Future`]
  [b77e0a4c] InteractiveUtils  [`@stdlib/InteractiveUtils`]
  [76f85450] LibGit2  [`@stdlib/LibGit2`]
  [8f399da3] Libdl  [`@stdlib/Libdl`]
  [37e2e46d] LinearAlgebra  [`@stdlib/LinearAlgebra`]
  [56ddb016] Logging  [`@stdlib/Logging`]
  [d6f4376e] Markdown  [`@stdlib/Markdown`]
  [a63ad114] Mmap  [`@stdlib/Mmap`]
  [44cfe95a] Pkg  [`@stdlib/Pkg`]
  [de0858da] Printf  [`@stdlib/Printf`]
  [3fa0cd96] REPL  [`@stdlib/REPL`]
  [9a3f8284] Random  [`@stdlib/Random`]
  [ea8e919c] SHA  [`@stdlib/SHA`]
  [9e88b42a] Serialization  [`@stdlib/Serialization`]
  [1a1011a3] SharedArrays  [`@stdlib/SharedArrays`]
  [6462fe0b] Sockets  [`@stdlib/Sockets`]
  [2f01184e] SparseArrays  [`@stdlib/SparseArrays`]
  [10745b16] Statistics  [`@stdlib/Statistics`]
  [4607b0f0] SuiteSparse  [`@stdlib/SuiteSparse`]
  [8dfed614] Test  [`@stdlib/Test`]
  [cf7118a7] UUIDs  [`@stdlib/UUIDs`]
  [4ec0a83e] Unicode  [`@stdlib/Unicode`]
┌ Warning: Failed to get geotransform
└ @ GeoArrays ~/.julia/packages/GeoArrays/wzC1B/src/geoutils.jl:8
┌ Warning: Failed to get geotransform
└ @ GeoArrays ~/.julia/packages/GeoArrays/wzC1B/src/geoutils.jl:8
┌ Warning: Failed to get geotransform
└ @ GeoArrays ~/.julia/packages/GeoArrays/wzC1B/src/geoutils.jl:8
WARNING: could not import GeoStatsBase.bounds into GeoStatsDevTools
WARNING: could not import GeoStatsBase.nearestlocation into GeoStatsDevTools
WARNING: could not import GeoStatsBase.value into GeoStatsDevTools
ERROR: LoadError: LoadError: UndefVarError: AbstractSpatialData not defined
Stacktrace:
 [1] top-level scope at /root/.julia/packages/GeoStatsDevTools/mC6jC/src/spatialdata/geodataframe.jl:5
 [2] include at ./boot.jl:328 [inlined]
 [3] include_relative(::Module, ::String) at ./loading.jl:1105
 [4] include at ./Base.jl:31 [inlined]
 [5] include(::String) at /root/.julia/packages/GeoStatsDevTools/mC6jC/src/GeoStatsDevTools.jl:5
 [6] top-level scope at /root/.julia/packages/GeoStatsDevTools/mC6jC/src/GeoStatsDevTools.jl:37
 [7] include at ./boot.jl:328 [inlined]
 [8] include_relative(::Module, ::String) at ./loading.jl:1105
 [9] include(::Module, ::String) at ./Base.jl:31
 [10] top-level scope at none:2
 [11] eval at ./boot.jl:330 [inlined]
 [12] eval(::Expr) at ./client.jl:425
 [13] top-level scope at ./none:3
in expression starting at /root/.julia/packages/GeoStatsDevTools/mC6jC/src/spatialdata/geodataframe.jl:5
in expression starting at /root/.julia/packages/GeoStatsDevTools/mC6jC/src/GeoStatsDevTools.jl:37
ERROR: LoadError: Failed to precompile GeoStatsDevTools [19e549d1-356f-5655-9f3d-c1d6136da705] to /root/.julia/compiled/v1.3/GeoStatsDevTools/ylfmI_baHhn.ji.
Stacktrace:
 [1] error(::String) at ./error.jl:33
 [2] compilecache(::Base.PkgId, ::String) at ./loading.jl:1283
 [3] _require(::Base.PkgId) at ./loading.jl:1024
 [4] require(::Base.PkgId) at ./loading.jl:922
 [5] require(::Module, ::Symbol) at ./loading.jl:917
 [6] include at ./boot.jl:328 [inlined]
 [7] include_relative(::Module, ::String) at ./loading.jl:1105
 [8] include(::Module, ::String) at ./Base.jl:31
 [9] top-level scope at none:2
 [10] eval at ./boot.jl:330 [inlined]
 [11] eval(::Expr) at ./client.jl:425
 [12] top-level scope at ./none:3
in expression starting at /root/.julia/packages/GeoStats/MLTB3/src/GeoStats.jl:19
GeoArrays: Error During Test at /root/.julia/packages/GeoArrays/wzC1B/test/runtests.jl:4
  Got exception outside of a @test
  LoadError: Failed to precompile GeoStats [dcc97b0b-8ce5-5539-9008-bb190f959ef6] to /root/.julia/compiled/v1.3/GeoStats/ce7nU_baHhn.ji.
  Stacktrace:
   [1] error(::String) at ./error.jl:33
   [2] compilecache(::Base.PkgId, ::String) at ./loading.jl:1283
   [3] _require(::Base.PkgId) at ./loading.jl:1024
   [4] require(::Base.PkgId) at ./loading.jl:922
   [5] require(::Module, ::Symbol) at ./loading.jl:917
   [6] include at ./boot.jl:328 [inlined]
   [7] include_relative(::Module, ::String) at ./loading.jl:1105
   [8] include(::Module, ::String) at ./Base.jl:31
   [9] include(::String) at ./client.jl:424
   [10] #3 at /root/.julia/packages/GeoArrays/wzC1B/test/runtests.jl:9 [inlined]
   [11] cd(::var"#3#4", ::String) at ./file.jl:104
   [12] top-level scope at /root/.julia/packages/GeoArrays/wzC1B/test/runtests.jl:5
   [13] top-level scope at /buildworker/worker/package_linux64/build/usr/share/julia/stdlib/v1.3/Test/src/Test.jl:1107
   [14] top-level scope at /root/.julia/packages/GeoArrays/wzC1B/test/runtests.jl:5
   [15] include at ./boot.jl:328 [inlined]
   [16] include_relative(::Module, ::String) at ./loading.jl:1105
   [17] include(::Module, ::String) at ./Base.jl:31
   [18] include(::String) at ./client.jl:424
   [19] top-level scope at none:6
   [20] eval(::Module, ::Any) at ./boot.jl:330
   [21] exec_options(::Base.JLOptions) at ./client.jl:263
   [22] _start() at ./client.jl:460
  in expression starting at /root/.julia/packages/GeoArrays/wzC1B/test/test_interpolate.jl:1
  
Test Summary:     | Pass  Error  Total
GeoArrays         |    4      1      5
  GeoUtils        |    4             4
  Reading rasters |              No tests
  Writing rasters |              No tests
ERROR: LoadError: Some tests did not pass: 4 passed, 0 failed, 1 errored, 0 broken.
in expression starting at /root/.julia/packages/GeoArrays/wzC1B/test/runtests.jl:4
ERROR: Package GeoArrays errored during testing
Stacktrace:
 [1] pkgerror(::String, ::Vararg{String,N} where N) at /buildworker/worker/package_linux64/build/usr/share/julia/stdlib/v1.3/Pkg/src/Types.jl:113
 [2] #test#131(::Bool, ::Nothing, ::Cmd, ::Cmd, ::typeof(Pkg.Operations.test), ::Pkg.Types.Context, ::Array{Pkg.Types.PackageSpec,1}) at /buildworker/worker/package_linux64/build/usr/share/julia/stdlib/v1.3/Pkg/src/Operations.jl:1370
 [3] #test at ./none:0 [inlined]
 [4] #test#62(::Bool, ::Nothing, ::Cmd, ::Cmd, ::Base.Iterators.Pairs{Union{},Union{},Tuple{},NamedTuple{(),Tuple{}}}, ::typeof(Pkg.API.test), ::Pkg.Types.Context, ::Array{Pkg.Types.PackageSpec,1}) at /buildworker/worker/package_linux64/build/usr/share/julia/stdlib/v1.3/Pkg/src/API.jl:253
 [5] test(::Pkg.Types.Context, ::Array{Pkg.Types.PackageSpec,1}) at /buildworker/worker/package_linux64/build/usr/share/julia/stdlib/v1.3/Pkg/src/API.jl:239
 [6] #test#61 at /buildworker/worker/package_linux64/build/usr/share/julia/stdlib/v1.3/Pkg/src/API.jl:233 [inlined]
 [7] test at /buildworker/worker/package_linux64/build/usr/share/julia/stdlib/v1.3/Pkg/src/API.jl:233 [inlined]
 [8] #test#60 at /buildworker/worker/package_linux64/build/usr/share/julia/stdlib/v1.3/Pkg/src/API.jl:232 [inlined]
 [9] test at /buildworker/worker/package_linux64/build/usr/share/julia/stdlib/v1.3/Pkg/src/API.jl:232 [inlined]
 [10] #test#59(::Base.Iterators.Pairs{Union{},Union{},Tuple{},NamedTuple{(),Tuple{}}}, ::typeof(Pkg.API.test), ::String) at /buildworker/worker/package_linux64/build/usr/share/julia/stdlib/v1.3/Pkg/src/API.jl:231
 [11] test(::String) at /buildworker/worker/package_linux64/build/usr/share/julia/stdlib/v1.3/Pkg/src/API.jl:231
 [12] top-level scope at none:10
