 Resolving package versions...
 Installed SortingAlgorithms ── v0.3.1
 Installed Missings ─────────── v0.4.3
 Installed DataAPI ──────────── v1.1.0
 Installed Parsers ──────────── v0.3.10
 Installed DataStructures ───── v0.17.6
 Installed StatsBase ────────── v0.32.0
 Installed JSON ─────────────── v0.21.0
 Installed SimilaritySearch ─── v0.3.16
 Installed OrderedCollections ─ v1.1.0
  Updating `~/.julia/environments/v1.2/Project.toml`
  [053f045d] + SimilaritySearch v0.3.16
  Updating `~/.julia/environments/v1.2/Manifest.toml`
  [9a962f9c] + DataAPI v1.1.0
  [864edb3b] + DataStructures v0.17.6
  [682c06a0] + JSON v0.21.0
  [e1d29d7a] + Missings v0.4.3
  [bac558e1] + OrderedCollections v1.1.0
  [69de0a69] + Parsers v0.3.10
  [053f045d] + SimilaritySearch v0.3.16
  [a2af1166] + SortingAlgorithms v0.3.1
  [2913bbd2] + StatsBase v0.32.0
  [2a0f44e3] + Base64 
  [ade2ca70] + Dates 
  [8ba89e20] + Distributed 
  [b77e0a4c] + InteractiveUtils 
  [8f399da3] + Libdl 
  [37e2e46d] + LinearAlgebra 
  [56ddb016] + Logging 
  [d6f4376e] + Markdown 
  [a63ad114] + Mmap 
  [de0858da] + Printf 
  [9a3f8284] + Random 
  [9e88b42a] + Serialization 
  [6462fe0b] + Sockets 
  [2f01184e] + SparseArrays 
  [10745b16] + Statistics 
  [8dfed614] + Test 
  [4ec0a83e] + Unicode 
   Testing SimilaritySearch
    Status `/tmp/jl_TVuCoc/Manifest.toml`
  [9a962f9c] DataAPI v1.1.0
  [864edb3b] DataStructures v0.17.6
  [682c06a0] JSON v0.21.0
  [e1d29d7a] Missings v0.4.3
  [bac558e1] OrderedCollections v1.1.0
  [69de0a69] Parsers v0.3.10
  [053f045d] SimilaritySearch v0.3.16
  [a2af1166] SortingAlgorithms v0.3.1
  [2913bbd2] StatsBase v0.32.0
  [2a0f44e3] Base64  [`@stdlib/Base64`]
  [ade2ca70] Dates  [`@stdlib/Dates`]
  [8ba89e20] Distributed  [`@stdlib/Distributed`]
  [b77e0a4c] InteractiveUtils  [`@stdlib/InteractiveUtils`]
  [8f399da3] Libdl  [`@stdlib/Libdl`]
  [37e2e46d] LinearAlgebra  [`@stdlib/LinearAlgebra`]
  [56ddb016] Logging  [`@stdlib/Logging`]
  [d6f4376e] Markdown  [`@stdlib/Markdown`]
  [a63ad114] Mmap  [`@stdlib/Mmap`]
  [de0858da] Printf  [`@stdlib/Printf`]
  [9a3f8284] Random  [`@stdlib/Random`]
  [9e88b42a] Serialization  [`@stdlib/Serialization`]
  [6462fe0b] Sockets  [`@stdlib/Sockets`]
  [2f01184e] SparseArrays  [`@stdlib/SparseArrays`]
  [10745b16] Statistics  [`@stdlib/Statistics`]
  [8dfed614] Test  [`@stdlib/Test`]
  [4ec0a83e] Unicode  [`@stdlib/Unicode`]
Test Summary: | Pass  Total
bit ops       |    3      3
Test Summary: | Pass  Total
Result set    |    3      3
(recall_lower_bound, dist) = (1.0, SimilaritySearch.l2_distance)
(dist, p) = (SimilaritySearch.l2_distance, PerformanceResult(1.0, 1.0, 1.0, 0.001291330655415853, 0.003136793772379557, 301.0, 48.18459751084447))
(recall_lower_bound, dist) = (1.0, SimilaritySearch.l1_distance)
(dist, p) = (SimilaritySearch.l1_distance, PerformanceResult(1.0, 1.0, 1.0, 0.0014300982157389322, 0.002065269152323405, 301.0, 70.93326222896576))
(recall_lower_bound, dist) = (1.0, SimilaritySearch.linf_distance)
(dist, p) = (SimilaritySearch.linf_distance, PerformanceResult(1.0, 1.0, 1.0, 0.001049669583638509, 0.00201720396677653, 301.0, 39.23113977909088))
(recall_lower_bound, dist) = (0.1, SimilaritySearch.squared_l2_distance)
(dist, p) = (SimilaritySearch.squared_l2_distance, PerformanceResult(1.0, 1.0, 1.0, 0.0013699054718017579, 0.0017220338185628256, 301.0, 8.506357213947922))
(recall_lower_bound, dist) = (1.0, getfield(SimilaritySearch, Symbol("#_lp#1")){Float64}(Core.Box(3.0), 0.3333333333333333))
(dist, p) = (getfield(SimilaritySearch, Symbol("#_lp#1")){Float64}(Core.Box(3.0), 0.3333333333333333), PerformanceResult(1.0, 1.0, 1.0, 0.0015897909800211588, 0.004554168383280436, 301.0, 43.625293431803584))
(recall_lower_bound, dist) = (0.1, getfield(SimilaritySearch, Symbol("#_lp#1")){Float64}(Core.Box(0.5), 2.0))
(dist, p) = (getfield(SimilaritySearch, Symbol("#_lp#1")){Float64}(Core.Box(0.5), 2.0), PerformanceResult(1.0, 1.0, 1.0, 0.0006002108256022135, 0.0005653301874796549, 301.0, 177.4458190947771))
[ Info: inserting items into the index
[ Info: inserting items into the index
[ Info: Creating a pivot table with 1 pivots and distance=jaccard_distance
[ Info: inserting items into the index
[ Info: inserting items into the index
[ Info: Creating a pivot table with 1 pivots and distance=dice_distance
[ Info: inserting items into the index
[ Info: inserting items into the index
[ Info: Creating a pivot table with 1 pivots and distance=intersection_distance
[ Info: inserting items into the index
[ Info: inserting items into the index
[ Info: Creating a pivot table with 1 pivots and distance=common_prefix_distance
[ Info: inserting items into the index
[ Info: inserting items into the index
[ Info: Creating a pivot table with 1 pivots and distance=levenshtein_distance
[ Info: inserting items into the index
[ Info: inserting items into the index
[ Info: Creating a pivot table with 1 pivots and distance=lcs_distance
[ Info: inserting items into the index
[ Info: inserting items into the index
[ Info: Creating a pivot table with 1 pivots and distance=hamming_distance
p = PerformanceResult(1.0, 1.0, 1.0, 5.935033162434896e-5, 0.002605295181274414, 300.0, 29.33565381122753)
p = PerformanceResult(1.0, 1.0, 1.0, 6.0439109802246094e-5, 2.9166539510091145e-5, 300.0, 29.33565381122753)
p = PerformanceResult(1.0, 1.0, 1.0, 0.0012685457865397136, 0.0014616966247558594, 300.0, 1.6964741440060607)
p = PerformanceResult(1.0, 1.0, 1.0, 3.7961535983615446e-5, 1.666545867919922e-5, 300.0, 1.6964741440060607)
(p1, p2, p3, p4) = (PerformanceResult(1.0, 1.0, 1.0, 5.935033162434896e-5, 0.002605295181274414, 300.0, 29.33565381122753), PerformanceResult(1.0, 1.0, 1.0, 6.0439109802246094e-5, 2.9166539510091145e-5, 300.0, 29.33565381122753), PerformanceResult(1.0, 1.0, 1.0, 0.0012685457865397136, 0.0014616966247558594, 300.0, 1.6964741440060607), PerformanceResult(1.0, 1.0, 1.0, 3.7961535983615446e-5, 1.666545867919922e-5, 300.0, 1.6964741440060607))
[ Info: select_sss: db=Array{Array{UInt32,1},1}, alpha=0.35, distance=hamming_distance, shuf=false
[ Info: the maximum distance estimated as 118.0, now selecting pivots
[ Info: Creating a pivot table with 300 pivots and distance=hamming_distance
p = PerformanceResult(1.0, 1.0, 1.0, 0.00491800308227539, 0.0009607394536336263, 348.8, 28730.0)
[ Info: Creating a pivot table with 16 pivots and distance=hamming_distance
p = PerformanceResult(1.0, 1.0, 1.0, 0.0035622755686442057, 0.0006933053334554037, 303.8666666666667, 6990.0)
(recall_lower_bound, dist) = (1.0, SimilaritySearch.l2_distance)
Kvp = Kvp
[ Info: Kvp, refs=Array{Array{Float32,1},1}, k=3, numrefs=32, dist=l2_distance
(dist, p) = (SimilaritySearch.l2_distance, PerformanceResult(1.0, 1.0, 1.0, 2.048015594482422e-5, 1.2564659118652344e-5, 97.5, 48.177619615665066))
(recall_lower_bound, dist) = (1.0, SimilaritySearch.l1_distance)
Kvp = Kvp
[ Info: Kvp, refs=Array{Array{Float32,1},1}, k=3, numrefs=32, dist=l1_distance
(dist, p) = (SimilaritySearch.l1_distance, PerformanceResult(1.0, 1.0, 1.0, 2.185503641764323e-5, 1.2302398681640625e-5, 87.56666666666666, 70.86327862739563))
(recall_lower_bound, dist) = (1.0, SimilaritySearch.linf_distance)
Kvp = Kvp
[ Info: Kvp, refs=Array{Array{Float32,1},1}, k=3, numrefs=32, dist=linf_distance
(dist, p) = (SimilaritySearch.linf_distance, PerformanceResult(1.0, 1.0, 1.0, 2.2212664286295574e-5, 1.9137064615885416e-5, 89.03333333333333, 39.23113977909088))
(recall_lower_bound, dist) = (1.0, getfield(SimilaritySearch, Symbol("#_lp#1")){Float64}(Core.Box(3.0), 0.3333333333333333))
Kvp = Kvp
[ Info: Kvp, refs=Array{Array{Float32,1},1}, k=3, numrefs=32, dist=_lp
[ Info: Kvp, refs=Array{Array{Float32,1},1}, k=3, numrefs=32, dist=_lp
(dist, p) = (getfield(SimilaritySearch, Symbol("#_lp#1")){Float64}(Core.Box(3.0), 0.3333333333333333), PerformanceResult(1.0, 1.0, 1.0, 0.0002036571502685547, 0.0006000041961669922, 97.33333333333333, 43.62529347405408))
(recall_lower_bound, dist) = (0.1, getfield(SimilaritySearch, Symbol("#_lp#1")){Float64}(Core.Box(0.5), 2.0))
Kvp = Kvp
(dist, p) = (getfield(SimilaritySearch, Symbol("#_lp#1")){Float64}(Core.Box(0.5), 2.0), PerformanceResult(0.8066666666666666, 0.8066666666666666, 0.8066666666666666, 0.0001293182373046875, 0.0005116621653238932, 71.3, 187.31259950190395))
[ Info: inserting items into the index
[ Info: Kvp, refs=Array{Array{Int64,1},1}, k=3, numrefs=32, dist=jaccard_distance
[ Info: inserting items into the index
[ Info: Kvp, refs=Array{Array{Int64,1},1}, k=3, numrefs=32, dist=dice_distance
[ Info: inserting items into the index
[ Info: Kvp, refs=Array{Array{Int64,1},1}, k=3, numrefs=32, dist=intersection_distance
[ Info: inserting items into the index
[ Info: Kvp, refs=Array{Array{Int64,1},1}, k=3, numrefs=32, dist=common_prefix_distance
[ Info: inserting items into the index
[ Info: Kvp, refs=Array{Array{Int64,1},1}, k=3, numrefs=32, dist=levenshtein_distance
[ Info: inserting items into the index
[ Info: Kvp, refs=Array{Array{Int64,1},1}, k=3, numrefs=32, dist=lcs_distance
[ Info: inserting items into the index
[ Info: Kvp, refs=Array{Array{Int64,1},1}, k=3, numrefs=32, dist=hamming_distance
(dist, p) = (SimilaritySearch.l2_distance, PerformanceResult(0.8849999999999997, 0.8849999999999997, 0.8849999999999997, 2.12860107421875e-5, 3.3562183380126956e-5, 151.27, 53.68091911316237))
[ Info: adding more items
(dist, p) = (SimilaritySearch.l2_distance, PerformanceResult(1.0, 1.0, 1.0, 2.193927764892578e-5, 3.381013870239258e-5, 154.81, 0.0))
(dist, p) = (SimilaritySearch.l1_distance, PerformanceResult(0.8879999999999998, 0.8859999999999999, 0.8868888888888888, 2.0046234130859375e-5, 3.358125686645508e-5, 152.15, 78.59312075516209))
[ Info: adding more items
(dist, p) = (SimilaritySearch.l1_distance, PerformanceResult(1.0, 1.0, 1.0, 2.0287036895751954e-5, 3.4639835357666014e-5, 155.65, 0.0))
[ Info: adding more items
(dist, p) = (SimilaritySearch.linf_distance, PerformanceResult(0.9630000000000003, 0.9630000000000003, 0.9630000000000003, 6.03175163269043e-5, 4.949092864990235e-5, 165.95, 41.61654637940228))
(dist, p) = (SimilaritySearch.linf_distance, PerformanceResult(1.0, 1.0, 1.0, 2.704143524169922e-5, 5.170106887817383e-5, 170.99, 0.0))
(dist, p) = (getfield(SimilaritySearch, Symbol("#_lp#1")){Float64}(Core.Box(3.0), 0.3333333333333333), PerformanceResult(0.8880000000000001, 0.8880000000000001, 0.8880000000000001, 0.0002706766128540039, 0.001647648811340332, 152.36, 48.29884804619416))
[ Info: adding more items
(dist, p) = (getfield(SimilaritySearch, Symbol("#_lp#1")){Float64}(Core.Box(3.0), 0.3333333333333333), PerformanceResult(1.0, 1.0, 1.0, 0.0002692031860351562, 0.0018737387657165527, 155.92, 0.0))
(dist, p) = (getfield(SimilaritySearch, Symbol("#_lp#1")){Float64}(Core.Box(0.5), 2.0), PerformanceResult(0.9590000000000001, 0.9590000000000001, 0.9590000000000001, 0.0003052544593811035, 0.001518380641937256, 166.64, 197.45719192641283))
[ Info: adding more items
(dist, p) = (getfield(SimilaritySearch, Symbol("#_lp#1")){Float64}(Core.Box(0.5), 2.0), PerformanceResult(1.0, 1.0, 1.0, 0.00044610500335693357, 0.0017296290397644043, 171.88, 0.0))
[ Info: adding more items
(dist, p) = (SimilaritySearch.angle_distance, PerformanceResult(0.8849999999999997, 0.8849999999999997, 0.8849999999999997, 2.762794494628906e-5, 7.327079772949219e-5, 151.27, 53.6948173380224))
(dist, p) = (SimilaritySearch.angle_distance, PerformanceResult(1.0, 1.0, 1.0, 2.753257751464844e-5, 7.822036743164062e-5, 154.81, 0.015315859520342201))
[ Info: inserting items into the index
(dist, p) = (SimilaritySearch.jaccard_distance, PerformanceResult(0.7530000000000001, 0.7530000000000001, 0.7530000000000001, 0.0004369854927062988, 8.019924163818359e-5, 204.22, 185.54999999999902))
[ Info: inserting items into the index
(dist, p) = (SimilaritySearch.dice_distance, PerformanceResult(0.7530000000000001, 0.7530000000000001, 0.7530000000000001, 0.0004890275001525879, 8.138179779052734e-5, 204.22, 106.01428571428677))
[ Info: inserting items into the index
(dist, p) = (SimilaritySearch.intersection_distance, PerformanceResult(0.6589999999999998, 0.6589999999999998, NaN, 0.0004428982734680176, 6.832122802734375e-5, 257.66, 4.5))
[ Info: inserting items into the index
(dist, p) = (SimilaritySearch.common_prefix_distance, PerformanceResult(0.9789999999999999, 0.9789999999999999, 0.9789999999999999, 0.0004307103157043457, 2.4080276489257812e-5, 223.72, 605.800000000008))
[ Info: inserting items into the index
(dist, p) = (SimilaritySearch.levenshtein_distance, PerformanceResult(0.5650000000000001, 0.5650000000000001, 0.5650000000000001, 0.0005638337135314941, 0.0003817296028137207, 257.71, 2367.0))
[ Info: inserting items into the index
(dist, p) = (SimilaritySearch.lcs_distance, PerformanceResult(0.402, 0.402, 0.402, 0.0005668020248413086, 0.0007139110565185547, 247.9, 3640.0))
[ Info: inserting items into the index
(dist, p) = (SimilaritySearch.hamming_distance, PerformanceResult(0.573, 0.573, 0.573, 0.0006426191329956055, 2.816915512084961e-5, 244.85, 2395.0))
[ Info: inserting items to the index
==== BEGIN Opt. TIHCSearch, expected recall: 0.9, n: 9
  == Begin Opt. TIHCSearch iteration: 1, expected recall: 0.9, n: 9
    ** Opt. TIHCSearch. A new best conf was found> score: 1.8875192604006163, conf: {"ssize":1,"restarts":2,"use_local_improvement":false}, perf: {"precision":0.9252232142857139,"recall":0.9228515625,"f1":0.9222645308123245,"seconds":6.329268217086792e-6,"exhaustive_search_seconds":1.3504177331924438e-6,"evaluations":10.140625,"distances_sum":746.5153054445982}, best_list's length: 2, n: 9
  == End Opt. TIHCSearch. Iteration finished; {"score":1.8875192604006163,"state":{"ssize":1,"restarts":2,"use_local_improvement":false},"perf":{"precision":0.9252232142857139,"recall":0.9228515625,"f1":0.9222645308123245,"seconds":6.329268217086792e-6,"exhaustive_search_seconds":1.3504177331924438e-6,"evaluations":10.140625,"distances_sum":746.5153054445982}}, beam: 2, n: 9
  == Begin Opt. TIHCSearch iteration: 2, expected recall: 0.9, n: 9
    ** Opt. TIHCSearch. A new best conf was found> score: 1.895104895104895, conf: {"ssize":2,"restarts":2,"use_local_improvement":false}, perf: {"precision":0.919642857142857,"recall":0.9130859375,"f1":0.9146008403361339,"seconds":5.5730342864990234e-6,"exhaustive_search_seconds":1.3504177331924438e-6,"evaluations":10.0546875,"distances_sum":737.5282934308052}, best_list's length: 4, n: 9
  == End Opt. TIHCSearch. Iteration finished; {"score":1.895104895104895,"state":{"ssize":2,"restarts":2,"use_local_improvement":false},"perf":{"precision":0.919642857142857,"recall":0.9130859375,"f1":0.9146008403361339,"seconds":5.5730342864990234e-6,"exhaustive_search_seconds":1.3504177331924438e-6,"evaluations":10.0546875,"distances_sum":737.5282934308052}}, beam: 4, n: 9
==== END Opt. TIHCSearch. Finished, best: {"score":1.895104895104895,"state":{"ssize":2,"restarts":2,"use_local_improvement":false},"perf":{"precision":0.919642857142857,"recall":0.9130859375,"f1":0.9146008403361339,"seconds":5.5730342864990234e-6,"exhaustive_search_seconds":1.3504177331924438e-6,"evaluations":10.0546875,"distances_sum":737.5282934308052}}, n: 9
==== BEGIN Opt. TIHCSearch, expected recall: 0.9, n: 99
  == Begin Opt. TIHCSearch iteration: 1, expected recall: 0.9, n: 99
    ** Opt. TIHCSearch. A new best conf was found> score: 0.8645833333333316, conf: {"ssize":2,"restarts":3,"use_local_improvement":false}, perf: {"precision":0.9396391369047614,"recall":0.8645833333333316,"f1":0.8994523590686262,"seconds":2.3905187845230103e-5,"exhaustive_search_seconds":6.187707185745239e-6,"evaluations":50.578125,"distances_sum":275.10367964953184}, best_list's length: 2, n: 99
    ** Opt. TIHCSearch. A new best conf was found> score: 0.8663194444444425, conf: {"ssize":3,"restarts":2,"use_local_improvement":false}, perf: {"precision":0.9385385664682535,"recall":0.8663194444444425,"f1":0.9000587214052274,"seconds":1.8127262592315674e-5,"exhaustive_search_seconds":6.187707185745239e-6,"evaluations":40.5703125,"distances_sum":274.8040756843984}, best_list's length: 3, n: 99
  == End Opt. TIHCSearch. Iteration finished; {"score":0.8663194444444425,"state":{"ssize":3,"restarts":2,"use_local_improvement":false},"perf":{"precision":0.9385385664682535,"recall":0.8663194444444425,"f1":0.9000587214052274,"seconds":1.8127262592315674e-5,"exhaustive_search_seconds":6.187707185745239e-6,"evaluations":40.5703125,"distances_sum":274.8040756843984}}, beam: 3, n: 99
  == Begin Opt. TIHCSearch iteration: 2, expected recall: 0.9, n: 99
    ** Opt. TIHCSearch. A new best conf was found> score: 0.8854166666666652, conf: {"ssize":3,"restarts":4,"use_local_improvement":false}, perf: {"precision":0.9596354166666664,"recall":0.8854166666666652,"f1":0.919768688725489,"seconds":2.8563663363456726e-5,"exhaustive_search_seconds":6.187707185745239e-6,"evaluations":59.8203125,"distances_sum":274.391687348485}, best_list's length: 5, n: 99
    ** Opt. TIHCSearch. A new best conf was found> score: 0.8767361111111092, conf: {"ssize":3,"restarts":3,"use_local_improvement":false}, perf: {"precision":0.9414837549603168,"recall":0.8767361111111092,"f1":0.9067542381535934,"seconds":2.6086345314979553e-5,"exhaustive_search_seconds":6.187707185745239e-6,"evaluations":51.109375,"distances_sum":272.54175635427237}, best_list's length: 6, n: 99
    ** Opt. TIHCSearch. A new best conf was found> score: 0.8793402777777761, conf: {"ssize":2,"restarts":4,"use_local_improvement":false}, perf: {"precision":0.9688275049603171,"recall":0.8793402777777761,"f1":0.9201848447712406,"seconds":3.0821189284324646e-5,"exhaustive_search_seconds":6.187707185745239e-6,"evaluations":60.109375,"distances_sum":271.2554870918393}, best_list's length: 7, n: 99
    ** Opt. TIHCSearch. A new best conf was found> score: 0.8897569444444428, conf: {"ssize":2,"restarts":5,"use_local_improvement":false}, perf: {"precision":0.9658203124999997,"recall":0.8897569444444428,"f1":0.9249770220588223,"seconds":3.211945295333862e-5,"exhaustive_search_seconds":6.187707185745239e-6,"evaluations":66.3515625,"distances_sum":271.17697186395526}, best_list's length: 8, n: 99
  == End Opt. TIHCSearch. Iteration finished; {"score":0.8897569444444428,"state":{"ssize":2,"restarts":5,"use_local_improvement":false},"perf":{"precision":0.9658203124999997,"recall":0.8897569444444428,"f1":0.9249770220588223,"seconds":3.211945295333862e-5,"exhaustive_search_seconds":6.187707185745239e-6,"evaluations":66.3515625,"distances_sum":271.17697186395526}}, beam: 4, n: 99
  == Begin Opt. TIHCSearch iteration: 3, expected recall: 0.9, n: 99
  == End Opt. TIHCSearch. Iteration finished; {"score":0.8897569444444428,"state":{"ssize":2,"restarts":5,"use_local_improvement":false},"perf":{"precision":0.9658203124999997,"recall":0.8897569444444428,"f1":0.9249770220588223,"seconds":3.211945295333862e-5,"exhaustive_search_seconds":6.187707185745239e-6,"evaluations":66.3515625,"distances_sum":271.17697186395526}}, beam: 4, n: 99
==== END Opt. TIHCSearch. Finished, best: {"score":0.8897569444444428,"state":{"ssize":2,"restarts":5,"use_local_improvement":false},"perf":{"precision":0.9658203124999997,"recall":0.8897569444444428,"f1":0.9249770220588223,"seconds":3.211945295333862e-5,"exhaustive_search_seconds":6.187707185745239e-6,"evaluations":66.3515625,"distances_sum":271.17697186395526}}, n: 99
==== BEGIN Opt. TIHCSearch, expected recall: 0.9, n: 999
  == Begin Opt. TIHCSearch iteration: 1, expected recall: 0.9, n: 999
    ** Opt. TIHCSearch. A new best conf was found> score: 0.882812499999999, conf: {"ssize":2,"restarts":6,"use_local_improvement":false}, perf: {"precision":0.8944227430555548,"recall":0.882812499999999,"f1":0.8881612540849666,"seconds":4.005990922451019e-5,"exhaustive_search_seconds":3.298558294773102e-5,"evaluations":128.1640625,"distances_sum":121.29380330536515}, best_list's length: 3, n: 999
    ** Opt. TIHCSearch. A new best conf was found> score: 7.895599654874892, conf: {"ssize":2,"restarts":7,"use_local_improvement":false}, perf: {"precision":0.915039062499999,"recall":0.90017361111111,"f1":0.9071116727941164,"seconds":4.386529326438904e-5,"exhaustive_search_seconds":3.298558294773102e-5,"evaluations":144.875,"distances_sum":120.00783147010952}, best_list's length: 4, n: 999
  == End Opt. TIHCSearch. Iteration finished; {"score":7.895599654874892,"state":{"ssize":2,"restarts":7,"use_local_improvement":false},"perf":{"precision":0.915039062499999,"recall":0.90017361111111,"f1":0.9071116727941164,"seconds":4.386529326438904e-5,"exhaustive_search_seconds":3.298558294773102e-5,"evaluations":144.875,"distances_sum":120.00783147010952}}, beam: 4, n: 999
  == Begin Opt. TIHCSearch iteration: 2, expected recall: 0.9, n: 999
  == End Opt. TIHCSearch. Iteration finished; {"score":7.895599654874892,"state":{"ssize":2,"restarts":7,"use_local_improvement":false},"perf":{"precision":0.915039062499999,"recall":0.90017361111111,"f1":0.9071116727941164,"seconds":4.386529326438904e-5,"exhaustive_search_seconds":3.298558294773102e-5,"evaluations":144.875,"distances_sum":120.00783147010952}}, beam: 4, n: 999
==== END Opt. TIHCSearch. Finished, best: {"score":7.895599654874892,"state":{"ssize":2,"restarts":7,"use_local_improvement":false},"perf":{"precision":0.915039062499999,"recall":0.90017361111111,"f1":0.9071116727941164,"seconds":4.386529326438904e-5,"exhaustive_search_seconds":3.298558294773102e-5,"evaluations":144.875,"distances_sum":120.00783147010952}}, n: 999
added n=5000, neighborhood=4, 2019-12-02T19:19:08.723
==== BEGIN Opt. TIHCSearch, expected recall: 0.9, n: 9999
  == Begin Opt. TIHCSearch iteration: 1, expected recall: 0.9, n: 9999
  == End Opt. TIHCSearch. Iteration finished; {"score":0.872395833333332,"state":{"ssize":2,"restarts":7,"use_local_improvement":false},"perf":{"precision":0.8749999999999988,"recall":0.872395833333332,"f1":0.8736213235294105,"seconds":7.211975753307343e-5,"exhaustive_search_seconds":0.0003253817558288574,"evaluations":192.9375,"distances_sum":56.27081471728161}}, beam: 4, n: 9999
==== END Opt. TIHCSearch. Finished, best: {"score":0.872395833333332,"state":{"ssize":2,"restarts":7,"use_local_improvement":false},"perf":{"precision":0.8749999999999988,"recall":0.872395833333332,"f1":0.8736213235294105,"seconds":7.211975753307343e-5,"exhaustive_search_seconds":0.0003253817558288574,"evaluations":192.9375,"distances_sum":56.27081471728161}}, n: 9999
added n=10000, neighborhood=3, 2019-12-02T19:19:09.649
[ Info: done; now testing
res = KnnResult(10, Item[Item(2916, 0.01937285251915455), Item(9597, 0.022434229031205177), Item(1547, 0.03245045617222786), Item(6024, 0.042102884501218796), Item(4977, 0.051481153815984726), Item(7497, 0.0515064001083374), Item(6551, 0.05725330114364624), Item(7882, 0.060828424990177155), Item(4804, 0.07021630555391312), Item(3202, 0.07194709777832031)])
[ Info: inserting items to the index
==== BEGIN Opt. IHCSearch, expected recall: 0.9, n: 9
  == Begin Opt. IHCSearch iteration: 1, expected recall: 0.9, n: 9
  == End Opt. IHCSearch. Iteration finished; {"score":2.0696378830083564,"state":{"restarts":1,"use_local_improvement":false},"perf":{"precision":1.0,"recall":0.9267578125,"f1":0.9541895604395609,"seconds":0.00024930015206336975,"exhaustive_search_seconds":1.521781086921692e-6,"evaluations":8.4140625,"distances_sum":640.4044959843159}}, beam: 3, n: 9
==== END Opt. IHCSearch. Finished, best: {"score":2.0696378830083564,"state":{"restarts":1,"use_local_improvement":false},"perf":{"precision":1.0,"recall":0.9267578125,"f1":0.9541895604395609,"seconds":0.00024930015206336975,"exhaustive_search_seconds":1.521781086921692e-6,"evaluations":8.4140625,"distances_sum":640.4044959843159}}, n: 9
==== BEGIN Opt. IHCSearch, expected recall: 0.9, n: 99
  == Begin Opt. IHCSearch iteration: 1, expected recall: 0.9, n: 99
    ** Opt. IHCSearch. A new best conf was found> score: 0.8741319444444431, conf: {"restarts":5,"use_local_improvement":false}, perf: {"precision":0.8741319444444431,"recall":0.8741319444444431,"f1":0.8741319444444431,"seconds":1.730211079120636e-5,"exhaustive_search_seconds":6.234273314476013e-6,"evaluations":43.78125,"distances_sum":290.63614697754383}, best_list's length: 2, n: 99
    ** Opt. IHCSearch. A new best conf was found> score: 0.8749999999999987, conf: {"restarts":4,"use_local_improvement":false}, perf: {"precision":0.8749999999999987,"recall":0.8749999999999987,"f1":0.8749999999999987,"seconds":1.6694888472557068e-5,"exhaustive_search_seconds":6.234273314476013e-6,"evaluations":40.1171875,"distances_sum":290.67282082140446}, best_list's length: 3, n: 99
    ** Opt. IHCSearch. A new best conf was found> score: 2.975062344139651, conf: {"restarts":8,"use_local_improvement":false}, perf: {"precision":0.9027777777777767,"recall":0.9027777777777767,"f1":0.9027777777777767,"seconds":2.097897231578827e-5,"exhaustive_search_seconds":6.234273314476013e-6,"evaluations":50.125,"distances_sum":287.7461487799883}, best_list's length: 4, n: 99
  == End Opt. IHCSearch. Iteration finished; {"score":2.975062344139651,"state":{"restarts":8,"use_local_improvement":false},"perf":{"precision":0.9027777777777767,"recall":0.9027777777777767,"f1":0.9027777777777767,"seconds":2.097897231578827e-5,"exhaustive_search_seconds":6.234273314476013e-6,"evaluations":50.125,"distances_sum":287.7461487799883}}, beam: 4, n: 99
  == Begin Opt. IHCSearch iteration: 2, expected recall: 0.9, n: 99
  == End Opt. IHCSearch. Iteration finished; {"score":2.975062344139651,"state":{"restarts":8,"use_local_improvement":false},"perf":{"precision":0.9027777777777767,"recall":0.9027777777777767,"f1":0.9027777777777767,"seconds":2.097897231578827e-5,"exhaustive_search_seconds":6.234273314476013e-6,"evaluations":50.125,"distances_sum":287.7461487799883}}, beam: 4, n: 99
==== END Opt. IHCSearch. Finished, best: {"score":2.975062344139651,"state":{"restarts":8,"use_local_improvement":false},"perf":{"precision":0.9027777777777767,"recall":0.9027777777777767,"f1":0.9027777777777767,"seconds":2.097897231578827e-5,"exhaustive_search_seconds":6.234273314476013e-6,"evaluations":50.125,"distances_sum":287.7461487799883}}, n: 99
==== BEGIN Opt. IHCSearch, expected recall: 0.9, n: 999
  == Begin Opt. IHCSearch iteration: 1, expected recall: 0.9, n: 999
    ** Opt. IHCSearch. A new best conf was found> score: 0.862847222222221, conf: {"restarts":18,"use_local_improvement":false}, perf: {"precision":0.862847222222221,"recall":0.862847222222221,"f1":0.862847222222221,"seconds":6.775930523872375e-5,"exhaustive_search_seconds":3.770366311073303e-5,"evaluations":177.0390625,"distances_sum":126.22111598867923}, best_list's length: 3, n: 999
    ** Opt. IHCSearch. A new best conf was found> score: 0.8715277777777763, conf: {"restarts":9,"use_local_improvement":false}, perf: {"precision":0.8715277777777763,"recall":0.8715277777777763,"f1":0.8715277777777763,"seconds":9.284168481826782e-5,"exhaustive_search_seconds":3.770366311073303e-5,"evaluations":123.515625,"distances_sum":125.35229417402297}, best_list's length: 4, n: 999
  == End Opt. IHCSearch. Iteration finished; {"score":0.8715277777777763,"state":{"restarts":9,"use_local_improvement":false},"perf":{"precision":0.8715277777777763,"recall":0.8715277777777763,"f1":0.8715277777777763,"seconds":9.284168481826782e-5,"exhaustive_search_seconds":3.770366311073303e-5,"evaluations":123.515625,"distances_sum":125.35229417402297}}, beam: 4, n: 999
  == Begin Opt. IHCSearch iteration: 2, expected recall: 0.9, n: 999
    ** Opt. IHCSearch. A new best conf was found> score: 0.8732638888888877, conf: {"restarts":25,"use_local_improvement":false}, perf: {"precision":0.8732638888888877,"recall":0.8732638888888877,"f1":0.8732638888888877,"seconds":7.409974932670593e-5,"exhaustive_search_seconds":3.770366311073303e-5,"evaluations":213.8984375,"distances_sum":125.6727510234341}, best_list's length: 8, n: 999
    ** Opt. IHCSearch. A new best conf was found> score: 0.8810763888888876, conf: {"restarts":24,"use_local_improvement":false}, perf: {"precision":0.8810763888888876,"recall":0.8810763888888876,"f1":0.8810763888888876,"seconds":7.819384336471558e-5,"exhaustive_search_seconds":3.770366311073303e-5,"evaluations":212.7578125,"distances_sum":125.1553492071107}, best_list's length: 9, n: 999
    ** Opt. IHCSearch. A new best conf was found> score: 0.8776041666666653, conf: {"restarts":27,"use_local_improvement":false}, perf: {"precision":0.8776041666666653,"recall":0.8776041666666653,"f1":0.8776041666666653,"seconds":0.00012560933828353882,"exhaustive_search_seconds":3.770366311073303e-5,"evaluations":227.921875,"distances_sum":125.36053744796664}, best_list's length: 11, n: 999
    ** Opt. IHCSearch. A new best conf was found> score: 0.8741319444444432, conf: {"restarts":17,"use_local_improvement":false}, perf: {"precision":0.8741319444444432,"recall":0.8741319444444432,"f1":0.8741319444444432,"seconds":5.665794014930725e-5,"exhaustive_search_seconds":3.770366311073303e-5,"evaluations":170.6171875,"distances_sum":126.1070747198537}, best_list's length: 12, n: 999
  == End Opt. IHCSearch. Iteration finished; {"score":0.8810763888888876,"state":{"restarts":24,"use_local_improvement":false},"perf":{"precision":0.8810763888888876,"recall":0.8810763888888876,"f1":0.8810763888888876,"seconds":7.819384336471558e-5,"exhaustive_search_seconds":3.770366311073303e-5,"evaluations":212.7578125,"distances_sum":125.1553492071107}}, beam: 4, n: 999
==== END Opt. IHCSearch. Finished, best: {"score":0.8810763888888876,"state":{"restarts":24,"use_local_improvement":false},"perf":{"precision":0.8810763888888876,"recall":0.8810763888888876,"f1":0.8810763888888876,"seconds":7.819384336471558e-5,"exhaustive_search_seconds":3.770366311073303e-5,"evaluations":212.7578125,"distances_sum":125.1553492071107}}, n: 999
added n=5000, neighborhood=4, 2019-12-02T19:19:12.217
==== BEGIN Opt. IHCSearch, expected recall: 0.9, n: 9999
  == Begin Opt. IHCSearch iteration: 1, expected recall: 0.9, n: 9999
    ** Opt. IHCSearch. A new best conf was found> score: 0.8472222222222214, conf: {"restarts":25,"use_local_improvement":false}, perf: {"precision":0.8472222222222214,"recall":0.8472222222222214,"f1":0.8472222222222214,"seconds":0.0001187790185213089,"exhaustive_search_seconds":0.0003572646528482437,"evaluations":333.3515625,"distances_sum":56.37303827609867}, best_list's length: 3, n: 9999
    ** Opt. IHCSearch. A new best conf was found> score: 0.8489583333333318, conf: {"restarts":31,"use_local_improvement":false}, perf: {"precision":0.8489583333333318,"recall":0.8489583333333318,"f1":0.8489583333333318,"seconds":0.00017870217561721802,"exhaustive_search_seconds":0.0003572646528482437,"evaluations":387.6640625,"distances_sum":56.288172642700374}, best_list's length: 4, n: 9999
    ** Opt. IHCSearch. A new best conf was found> score: 0.856770833333332, conf: {"restarts":19,"use_local_improvement":false}, perf: {"precision":0.856770833333332,"recall":0.856770833333332,"f1":0.856770833333332,"seconds":0.0001035984605550766,"exhaustive_search_seconds":0.0003572646528482437,"evaluations":283.8359375,"distances_sum":56.24385938886553}, best_list's length: 5, n: 9999
    ** Opt. IHCSearch. A new best conf was found> score: 0.855034722222221, conf: {"restarts":14,"use_local_improvement":false}, perf: {"precision":0.855034722222221,"recall":0.855034722222221,"f1":0.855034722222221,"seconds":9.137392044067383e-5,"exhaustive_search_seconds":0.0003572646528482437,"evaluations":241.328125,"distances_sum":56.30401873309165}, best_list's length: 6, n: 9999
    ** Opt. IHCSearch. A new best conf was found> score: 0.8489583333333323, conf: {"restarts":15,"use_local_improvement":false}, perf: {"precision":0.8489583333333323,"recall":0.8489583333333323,"f1":0.8489583333333323,"seconds":9.491294622421265e-5,"exhaustive_search_seconds":0.0003572646528482437,"evaluations":248.0390625,"distances_sum":56.4119662148878}, best_list's length: 7, n: 9999
    ** Opt. IHCSearch. A new best conf was found> score: 0.8498263888888877, conf: {"restarts":27,"use_local_improvement":false}, perf: {"precision":0.8498263888888877,"recall":0.8498263888888877,"f1":0.8498263888888877,"seconds":0.00013055652379989624,"exhaustive_search_seconds":0.0003572646528482437,"evaluations":354.3515625,"distances_sum":56.4831962371245}, best_list's length: 8, n: 9999
  == End Opt. IHCSearch. Iteration finished; {"score":0.856770833333332,"state":{"restarts":19,"use_local_improvement":false},"perf":{"precision":0.856770833333332,"recall":0.856770833333332,"f1":0.856770833333332,"seconds":0.0001035984605550766,"exhaustive_search_seconds":0.0003572646528482437,"evaluations":283.8359375,"distances_sum":56.24385938886553}}, beam: 4, n: 9999
  == Begin Opt. IHCSearch iteration: 2, expected recall: 0.9, n: 9999
    ** Opt. IHCSearch. A new best conf was found> score: 0.8585069444444432, conf: {"restarts":3,"use_local_improvement":false}, perf: {"precision":0.8585069444444432,"recall":0.8585069444444432,"f1":null,"seconds":8.420459926128387e-5,"exhaustive_search_seconds":0.0003572646528482437,"evaluations":148.0234375,"distances_sum":56.30922837369144}, best_list's length: 11, n: 9999
    ** Opt. IHCSearch. A new best conf was found> score: 0.8585069444444433, conf: {"restarts":22,"use_local_improvement":false}, perf: {"precision":0.8585069444444433,"recall":0.8585069444444433,"f1":0.8585069444444433,"seconds":0.00013146735727787018,"exhaustive_search_seconds":0.0003572646528482437,"evaluations":317.5546875,"distances_sum":56.465487093664706}, best_list's length: 12, n: 9999
  == End Opt. IHCSearch. Iteration finished; {"score":0.8585069444444433,"state":{"restarts":22,"use_local_improvement":false},"perf":{"precision":0.8585069444444433,"recall":0.8585069444444433,"f1":0.8585069444444433,"seconds":0.00013146735727787018,"exhaustive_search_seconds":0.0003572646528482437,"evaluations":317.5546875,"distances_sum":56.465487093664706}}, beam: 4, n: 9999
==== END Opt. IHCSearch. Finished, best: {"score":0.8585069444444433,"state":{"restarts":22,"use_local_improvement":false},"perf":{"precision":0.8585069444444433,"recall":0.8585069444444433,"f1":0.8585069444444433,"seconds":0.00013146735727787018,"exhaustive_search_seconds":0.0003572646528482437,"evaluations":317.5546875,"distances_sum":56.465487093664706}}, n: 9999
added n=10000, neighborhood=5, 2019-12-02T19:19:13.415
[ Info: done; now testing
res = KnnResult(10, Item[Item(609, 0.05252247303724289), Item(8812, 0.05645478889346123), Item(6517, 0.05901172384619713), Item(1185, 0.06175784766674042), Item(112, 0.06617278605699539), Item(8598, 0.07438340783119202), Item(31, 0.08291102945804596), Item(5696, 0.0854591354727745), Item(1119, 0.08741114288568497), Item(3653, 0.09428231418132782)])
[ Info: inserting items to the index
==== BEGIN Opt. BeamSearch, expected recall: 0.9, n: 9
  == Begin Opt. BeamSearch iteration: 1, expected recall: 0.9, n: 9
    ** Opt. BeamSearch. A new best conf was found> score: 0.5546875, conf: {"ssize":1,"bsize":3}, perf: {"precision":1.0,"recall":0.5546875,"f1":0.6945191960816967,"seconds":4.114583134651184e-6,"exhaustive_search_seconds":1.4677643775939941e-6,"evaluations":7.234375,"distances_sum":356.70163023220596}, best_list's length: 2, n: 9
    ** Opt. BeamSearch. A new best conf was found> score: 0.671875, conf: {"ssize":4,"bsize":4}, perf: {"precision":1.0,"recall":0.671875,"f1":0.7904640498390507,"seconds":4.583969712257385e-6,"exhaustive_search_seconds":1.4677643775939941e-6,"evaluations":8.03125,"distances_sum":438.8379757868338}, best_list's length: 3, n: 9
    ** Opt. BeamSearch. A new best conf was found> score: 0.7431640625, conf: {"ssize":1,"bsize":5}, perf: {"precision":1.0,"recall":0.7431640625,"f1":0.8445060148185156,"seconds":4.990026354789734e-6,"exhaustive_search_seconds":1.4677643775939941e-6,"evaluations":8.5234375,"distances_sum":487.16193840210497}, best_list's length: 5, n: 9
  == End Opt. BeamSearch. Iteration finished; {"score":0.7431640625,"state":{"ssize":1,"bsize":5},"perf":{"precision":1.0,"recall":0.7431640625,"f1":0.8445060148185156,"seconds":4.990026354789734e-6,"exhaustive_search_seconds":1.4677643775939941e-6,"evaluations":8.5234375,"distances_sum":487.16193840210497}}, beam: 4, n: 9
  == Begin Opt. BeamSearch iteration: 2, expected recall: 0.9, n: 9
    ** Opt. BeamSearch. A new best conf was found> score: 0.873046875, conf: {"ssize":3,"bsize":7}, perf: {"precision":1.0,"recall":0.873046875,"f1":0.9236388611388618,"seconds":5.336478352546692e-6,"exhaustive_search_seconds":1.4677643775939941e-6,"evaluations":8.828125,"distances_sum":592.7511644163966}, best_list's length: 10, n: 9
    ** Opt. BeamSearch. A new best conf was found> score: 0.8359375, conf: {"ssize":1,"bsize":6}, perf: {"precision":1.0,"recall":0.8359375,"f1":0.9027878371628378,"seconds":5.170702934265137e-6,"exhaustive_search_seconds":1.4677643775939941e-6,"evaluations":8.7109375,"distances_sum":564.0350151366229}, best_list's length: 12, n: 9
  == End Opt. BeamSearch. Iteration finished; {"score":0.873046875,"state":{"ssize":3,"bsize":7},"perf":{"precision":1.0,"recall":0.873046875,"f1":0.9236388611388618,"seconds":5.336478352546692e-6,"exhaustive_search_seconds":1.4677643775939941e-6,"evaluations":8.828125,"distances_sum":592.7511644163966}}, beam: 4, n: 9
  == Begin Opt. BeamSearch iteration: 3, expected recall: 0.9, n: 9
    ** Opt. BeamSearch. A new best conf was found> score: 2.0140845070422535, conf: {"ssize":4,"bsize":8}, perf: {"precision":1.0,"recall":0.9208984375,"f1":0.9552369505494509,"seconds":5.42961061000824e-6,"exhaustive_search_seconds":1.4677643775939941e-6,"evaluations":8.875,"distances_sum":638.2630255920353}, best_list's length: 5, n: 9
    ** Opt. BeamSearch. A new best conf was found> score: 2.0078740157480315, conf: {"ssize":1,"bsize":11}, perf: {"precision":1.0,"recall":0.9345703125,"f1":0.9637477106227109,"seconds":5.4389238357543945e-6,"exhaustive_search_seconds":1.4677643775939941e-6,"evaluations":8.9296875,"distances_sum":650.4891252992326}, best_list's length: 6, n: 9
    ** Opt. BeamSearch. A new best conf was found> score: 0.875, conf: {"ssize":1,"bsize":7}, perf: {"precision":1.0,"recall":0.875,"f1":0.9273408882783891,"seconds":5.435198545455933e-6,"exhaustive_search_seconds":1.4677643775939941e-6,"evaluations":8.765625,"distances_sum":598.3404218230031}, best_list's length: 7, n: 9
    ** Opt. BeamSearch. A new best conf was found> score: 2.018567639257294, conf: {"ssize":5,"bsize":7}, perf: {"precision":1.0,"recall":0.9072265625,"f1":0.9463255494505501,"seconds":5.593523383140564e-6,"exhaustive_search_seconds":1.4677643775939941e-6,"evaluations":8.8359375,"distances_sum":626.3713438906273}, best_list's length: 8, n: 9
  == End Opt. BeamSearch. Iteration finished; {"score":2.018567639257294,"state":{"ssize":5,"bsize":7},"perf":{"precision":1.0,"recall":0.9072265625,"f1":0.9463255494505501,"seconds":5.593523383140564e-6,"exhaustive_search_seconds":1.4677643775939941e-6,"evaluations":8.8359375,"distances_sum":626.3713438906273}}, beam: 4, n: 9
==== END Opt. BeamSearch. Finished, best: {"score":2.018567639257294,"state":{"ssize":5,"bsize":7},"perf":{"precision":1.0,"recall":0.9072265625,"f1":0.9463255494505501,"seconds":5.593523383140564e-6,"exhaustive_search_seconds":1.4677643775939941e-6,"evaluations":8.8359375,"distances_sum":626.3713438906273}}, n: 9
==== BEGIN Opt. BeamSearch, expected recall: 0.9, n: 99
  == Begin Opt. BeamSearch iteration: 1, expected recall: 0.9, n: 99
  == End Opt. BeamSearch. Iteration finished; {"score":3.675110829639012,"state":{"ssize":5,"bsize":7},"perf":{"precision":0.9001736111111096,"recall":0.9001736111111096,"f1":0.9001736111111096,"seconds":1.605786383152008e-5,"exhaustive_search_seconds":5.7034194469451904e-6,"evaluations":37.0078125,"distances_sum":286.24572769173375}}, beam: 4, n: 99
==== END Opt. BeamSearch. Finished, best: {"score":3.675110829639012,"state":{"ssize":5,"bsize":7},"perf":{"precision":0.9001736111111096,"recall":0.9001736111111096,"f1":0.9001736111111096,"seconds":1.605786383152008e-5,"exhaustive_search_seconds":5.7034194469451904e-6,"evaluations":37.0078125,"distances_sum":286.24572769173375}}, n: 99
==== BEGIN Opt. BeamSearch, expected recall: 0.9, n: 999
  == Begin Opt. BeamSearch iteration: 1, expected recall: 0.9, n: 999
  == End Opt. BeamSearch. Iteration finished; {"score":15.634012359807736,"state":{"ssize":5,"bsize":7},"perf":{"precision":0.9079861111111095,"recall":0.9079861111111095,"f1":0.9079861111111095,"seconds":2.8673559427261353e-5,"exhaustive_search_seconds":3.4539029002189636e-5,"evaluations":68.265625,"distances_sum":127.82491910358026}}, beam: 4, n: 999
==== END Opt. BeamSearch. Finished, best: {"score":15.634012359807736,"state":{"ssize":5,"bsize":7},"perf":{"precision":0.9079861111111095,"recall":0.9079861111111095,"f1":0.9079861111111095,"seconds":2.8673559427261353e-5,"exhaustive_search_seconds":3.4539029002189636e-5,"evaluations":68.265625,"distances_sum":127.82491910358026}}, n: 999
added n=5000, neighborhood=4, 2019-12-02T19:19:15.196
==== BEGIN Opt. BeamSearch, expected recall: 0.9, n: 9999
  == Begin Opt. BeamSearch iteration: 1, expected recall: 0.9, n: 9999
  == End Opt. BeamSearch. Iteration finished; {"score":77.42395652952767,"state":{"ssize":5,"bsize":7},"perf":{"precision":0.9001736111111098,"recall":0.9001736111111098,"f1":0.9001736111111098,"seconds":5.704723298549652e-5,"exhaustive_search_seconds":0.00031620264053344727,"evaluations":130.8359375,"distances_sum":54.929183159235876}}, beam: 4, n: 9999
==== END Opt. BeamSearch. Finished, best: {"score":77.42395652952767,"state":{"ssize":5,"bsize":7},"perf":{"precision":0.9001736111111098,"recall":0.9001736111111098,"f1":0.9001736111111098,"seconds":5.704723298549652e-5,"exhaustive_search_seconds":0.00031620264053344727,"evaluations":130.8359375,"distances_sum":54.929183159235876}}, n: 9999
added n=10000, neighborhood=3, 2019-12-02T19:19:15.704
[ Info: done; now testing
res = KnnResult(10, Item[Item(3506, 0.024457817208264607), Item(4973, 0.03465831496884593), Item(8467, 0.038827690506922106), Item(5336, 0.04370528648295538), Item(5234, 0.046547147371781186), Item(6711, 0.0485449123459298), Item(1545, 0.05263797336858683), Item(5042, 0.05413490503742018), Item(5963, 0.056705639990018555), Item(4367, 0.05767087018629156)])
[ Info: inserting items to the index
==== BEGIN Opt. BeamSearch, expected recall: 0.9, n: 9
  == Begin Opt. BeamSearch iteration: 1, expected recall: 0.9, n: 9
    ** Opt. BeamSearch. A new best conf was found> score: 0.5546875, conf: {"ssize":1,"bsize":3}, perf: {"precision":1.0,"recall":0.5546875,"f1":0.6945191960816967,"seconds":8.48621129989624e-6,"exhaustive_search_seconds":1.5869736671447754e-6,"evaluations":7.234375,"distances_sum":356.70163023220596}, best_list's length: 2, n: 9
    ** Opt. BeamSearch. A new best conf was found> score: 0.671875, conf: {"ssize":4,"bsize":4}, perf: {"precision":1.0,"recall":0.671875,"f1":0.7904640498390507,"seconds":5.630776286125183e-6,"exhaustive_search_seconds":1.5869736671447754e-6,"evaluations":8.03125,"distances_sum":438.8379757868338}, best_list's length: 3, n: 9
    ** Opt. BeamSearch. A new best conf was found> score: 0.7431640625, conf: {"ssize":1,"bsize":5}, perf: {"precision":1.0,"recall":0.7431640625,"f1":0.8445060148185156,"seconds":5.934387445449829e-6,"exhaustive_search_seconds":1.5869736671447754e-6,"evaluations":8.5234375,"distances_sum":487.16193840210497}, best_list's length: 5, n: 9
  == End Opt. BeamSearch. Iteration finished; {"score":0.7431640625,"state":{"ssize":1,"bsize":5},"perf":{"precision":1.0,"recall":0.7431640625,"f1":0.8445060148185156,"seconds":5.934387445449829e-6,"exhaustive_search_seconds":1.5869736671447754e-6,"evaluations":8.5234375,"distances_sum":487.16193840210497}}, beam: 4, n: 9
  == Begin Opt. BeamSearch iteration: 2, expected recall: 0.9, n: 9
    ** Opt. BeamSearch. A new best conf was found> score: 0.873046875, conf: {"ssize":3,"bsize":7}, perf: {"precision":1.0,"recall":0.873046875,"f1":0.9236388611388618,"seconds":6.429851055145264e-6,"exhaustive_search_seconds":1.5869736671447754e-6,"evaluations":8.828125,"distances_sum":592.7511644163966}, best_list's length: 10, n: 9
    ** Opt. BeamSearch. A new best conf was found> score: 0.8359375, conf: {"ssize":1,"bsize":6}, perf: {"precision":1.0,"recall":0.8359375,"f1":0.9027878371628378,"seconds":6.42240047454834e-6,"exhaustive_search_seconds":1.5869736671447754e-6,"evaluations":8.7109375,"distances_sum":564.0350151366229}, best_list's length: 12, n: 9
  == End Opt. BeamSearch. Iteration finished; {"score":0.873046875,"state":{"ssize":3,"bsize":7},"perf":{"precision":1.0,"recall":0.873046875,"f1":0.9236388611388618,"seconds":6.429851055145264e-6,"exhaustive_search_seconds":1.5869736671447754e-6,"evaluations":8.828125,"distances_sum":592.7511644163966}}, beam: 4, n: 9
  == Begin Opt. BeamSearch iteration: 3, expected recall: 0.9, n: 9
    ** Opt. BeamSearch. A new best conf was found> score: 2.0140845070422535, conf: {"ssize":4,"bsize":8}, perf: {"precision":1.0,"recall":0.9208984375,"f1":0.9552369505494509,"seconds":6.413087248802185e-6,"exhaustive_search_seconds":1.5869736671447754e-6,"evaluations":8.875,"distances_sum":638.2630255920353}, best_list's length: 5, n: 9
    ** Opt. BeamSearch. A new best conf was found> score: 2.0078740157480315, conf: {"ssize":1,"bsize":11}, perf: {"precision":1.0,"recall":0.9345703125,"f1":0.9637477106227109,"seconds":6.860122084617615e-6,"exhaustive_search_seconds":1.5869736671447754e-6,"evaluations":8.9296875,"distances_sum":650.4891252992326}, best_list's length: 6, n: 9
    ** Opt. BeamSearch. A new best conf was found> score: 0.875, conf: {"ssize":1,"bsize":7}, perf: {"precision":1.0,"recall":0.875,"f1":0.9273408882783891,"seconds":6.476417183876038e-6,"exhaustive_search_seconds":1.5869736671447754e-6,"evaluations":8.765625,"distances_sum":598.3404218230031}, best_list's length: 7, n: 9
    ** Opt. BeamSearch. A new best conf was found> score: 2.018567639257294, conf: {"ssize":5,"bsize":7}, perf: {"precision":1.0,"recall":0.9072265625,"f1":0.9463255494505501,"seconds":6.61797821521759e-6,"exhaustive_search_seconds":1.5869736671447754e-6,"evaluations":8.8359375,"distances_sum":626.3713438906273}, best_list's length: 8, n: 9
  == End Opt. BeamSearch. Iteration finished; {"score":2.018567639257294,"state":{"ssize":5,"bsize":7},"perf":{"precision":1.0,"recall":0.9072265625,"f1":0.9463255494505501,"seconds":6.61797821521759e-6,"exhaustive_search_seconds":1.5869736671447754e-6,"evaluations":8.8359375,"distances_sum":626.3713438906273}}, beam: 4, n: 9
==== END Opt. BeamSearch. Finished, best: {"score":2.018567639257294,"state":{"ssize":5,"bsize":7},"perf":{"precision":1.0,"recall":0.9072265625,"f1":0.9463255494505501,"seconds":6.61797821521759e-6,"exhaustive_search_seconds":1.5869736671447754e-6,"evaluations":8.8359375,"distances_sum":626.3713438906273}}, n: 9
==== BEGIN Opt. BeamSearch, expected recall: 0.9, n: 99
  == Begin Opt. BeamSearch iteration: 1, expected recall: 0.9, n: 99
  == End Opt. BeamSearch. Iteration finished; {"score":3.675110829639012,"state":{"ssize":5,"bsize":7},"perf":{"precision":0.9001736111111096,"recall":0.9001736111111096,"f1":0.9001736111111096,"seconds":1.9006431102752686e-5,"exhaustive_search_seconds":6.38328492641449e-6,"evaluations":37.0078125,"distances_sum":286.24572769173375}}, beam: 4, n: 99
==== END Opt. BeamSearch. Finished, best: {"score":3.675110829639012,"state":{"ssize":5,"bsize":7},"perf":{"precision":0.9001736111111096,"recall":0.9001736111111096,"f1":0.9001736111111096,"seconds":1.9006431102752686e-5,"exhaustive_search_seconds":6.38328492641449e-6,"evaluations":37.0078125,"distances_sum":286.24572769173375}}, n: 99
==== BEGIN Opt. BeamSearch, expected recall: 0.9, n: 999
  == Begin Opt. BeamSearch iteration: 1, expected recall: 0.9, n: 999
  == End Opt. BeamSearch. Iteration finished; {"score":15.634012359807736,"state":{"ssize":5,"bsize":7},"perf":{"precision":0.9079861111111095,"recall":0.9079861111111095,"f1":0.9079861111111095,"seconds":2.888590097427368e-5,"exhaustive_search_seconds":3.346242010593414e-5,"evaluations":68.265625,"distances_sum":127.82491910358026}}, beam: 4, n: 999
==== END Opt. BeamSearch. Finished, best: {"score":15.634012359807736,"state":{"ssize":5,"bsize":7},"perf":{"precision":0.9079861111111095,"recall":0.9079861111111095,"f1":0.9079861111111095,"seconds":2.888590097427368e-5,"exhaustive_search_seconds":3.346242010593414e-5,"evaluations":68.265625,"distances_sum":127.82491910358026}}, n: 999
added n=5000, neighborhood=4, 2019-12-02T19:19:16.905
==== BEGIN Opt. BeamSearch, expected recall: 0.9, n: 9999
  == Begin Opt. BeamSearch iteration: 1, expected recall: 0.9, n: 9999
  == End Opt. BeamSearch. Iteration finished; {"score":77.42395652952767,"state":{"ssize":5,"bsize":7},"perf":{"precision":0.9001736111111098,"recall":0.9001736111111098,"f1":0.9001736111111098,"seconds":6.498955190181732e-5,"exhaustive_search_seconds":0.0003119446337223053,"evaluations":130.8359375,"distances_sum":54.929183159235876}}, beam: 4, n: 9999
==== END Opt. BeamSearch. Finished, best: {"score":77.42395652952767,"state":{"ssize":5,"bsize":7},"perf":{"precision":0.9001736111111098,"recall":0.9001736111111098,"f1":0.9001736111111098,"seconds":6.498955190181732e-5,"exhaustive_search_seconds":0.0003119446337223053,"evaluations":130.8359375,"distances_sum":54.929183159235876}}, n: 9999
added n=10000, neighborhood=3, 2019-12-02T19:19:17.445
[ Info: done; now testing with hint
[ Info: Hints=true, noise=false: Query time 3.314018249511719e-5
[ Info: Hints=true, noise=true: Query time 2.5987625122070312e-5
[ Info: Hints=false, noise=false: Query time 3.2901763916015625e-5
[ Info: Hints=false, noise=true: Query time 5.888938903808594e-5
   Testing SimilaritySearch tests passed 
