 Resolving package versions...
 Installed DataAPI ───────────────────── v1.1.0
 Installed Quadrature ────────────────── v0.1.1
 Installed Missings ──────────────────── v0.4.3
 Installed PDMats ────────────────────── v0.9.10
 Installed StatsFuns ─────────────────── v0.9.0
 Installed TableTraits ───────────────── v1.0.0
 Installed BinaryProvider ────────────── v0.5.8
 Installed Polynomials ───────────────── v0.6.0
 Installed DiffEqBase ────────────────── v6.7.0
 Installed Reexport ──────────────────── v0.2.0
 Installed DocStringExtensions ───────── v0.8.1
 Installed CommonSolve ───────────────── v0.2.0
 Installed Requires ──────────────────── v0.5.2
 Installed StatsBase ─────────────────── v0.32.0
 Installed Compat ────────────────────── v2.2.0
 Installed OrderedCollections ────────── v1.1.0
 Installed FunctionWrappers ──────────── v1.0.0
 Installed Rmath ─────────────────────── v0.5.1
 Installed RecipesBase ───────────────── v0.7.0
 Installed Roots ─────────────────────── v0.8.3
 Installed Combinatorics ─────────────── v1.0.0
 Installed TreeViews ─────────────────── v0.3.0
 Installed DataStructures ────────────── v0.17.6
 Installed URIParser ─────────────────── v0.4.0
 Installed DiffEqDiffTools ───────────── v1.5.0
 Installed Distributions ─────────────── v0.21.9
 Installed IterativeSolvers ──────────── v0.8.1
 Installed RecursiveArrayTools ───────── v1.2.0
 Installed MonteCarloIntegration ─────── v0.0.1
 Installed RecursiveFactorization ────── v0.1.0
 Installed StaticArrays ──────────────── v0.12.1
 Installed HCubature ─────────────────── v1.4.0
 Installed MuladdMacro ───────────────── v0.2.1
 Installed ArrayInterface ────────────── v2.0.0
 Installed Parameters ────────────────── v0.12.0
 Installed IteratorInterfaceExtensions ─ v1.0.0
 Installed SortingAlgorithms ─────────── v0.3.1
 Installed QuadGK ────────────────────── v2.1.1
 Installed BinDeps ───────────────────── v0.8.10
 Installed Arpack ────────────────────── v0.3.1
 Installed SpecialFunctions ──────────── v0.8.0
 Installed MacroTools ────────────────── v0.5.2
  Updating `~/.julia/environments/v1.2/Project.toml`
  [67601950] + Quadrature v0.1.1
  Updating `~/.julia/environments/v1.2/Manifest.toml`
  [7d9fca2a] + Arpack v0.3.1
  [4fba245c] + ArrayInterface v2.0.0
  [9e28174c] + BinDeps v0.8.10
  [b99e7846] + BinaryProvider v0.5.8
  [861a8166] + Combinatorics v1.0.0
  [38540f10] + CommonSolve v0.2.0
  [34da2185] + Compat v2.2.0
  [9a962f9c] + DataAPI v1.1.0
  [864edb3b] + DataStructures v0.17.6
  [2b5f629d] + DiffEqBase v6.7.0
  [01453d9d] + DiffEqDiffTools v1.5.0
  [31c24e10] + Distributions v0.21.9
  [ffbed154] + DocStringExtensions v0.8.1
  [069b7b12] + FunctionWrappers v1.0.0
  [19dc6840] + HCubature v1.4.0
  [42fd0dbc] + IterativeSolvers v0.8.1
  [82899510] + IteratorInterfaceExtensions v1.0.0
  [1914dd2f] + MacroTools v0.5.2
  [e1d29d7a] + Missings v0.4.3
  [4886b29c] + MonteCarloIntegration v0.0.1
  [46d2c3a1] + MuladdMacro v0.2.1
  [bac558e1] + OrderedCollections v1.1.0
  [90014a1f] + PDMats v0.9.10
  [d96e819e] + Parameters v0.12.0
  [f27b6e38] + Polynomials v0.6.0
  [1fd47b50] + QuadGK v2.1.1
  [67601950] + Quadrature v0.1.1
  [3cdcf5f2] + RecipesBase v0.7.0
  [731186ca] + RecursiveArrayTools v1.2.0
  [f2c3362d] + RecursiveFactorization v0.1.0
  [189a3867] + Reexport v0.2.0
  [ae029012] + Requires v0.5.2
  [79098fc4] + Rmath v0.5.1
  [f2b01f46] + Roots v0.8.3
  [a2af1166] + SortingAlgorithms v0.3.1
  [276daf66] + SpecialFunctions v0.8.0
  [90137ffa] + StaticArrays v0.12.1
  [2913bbd2] + StatsBase v0.32.0
  [4c63d2b9] + StatsFuns v0.9.0
  [3783bdb8] + TableTraits v1.0.0
  [a2a6695c] + TreeViews v0.3.0
  [30578b45] + URIParser v0.4.0
  [2a0f44e3] + Base64 
  [ade2ca70] + Dates 
  [8bb1440f] + DelimitedFiles 
  [8ba89e20] + Distributed 
  [b77e0a4c] + InteractiveUtils 
  [76f85450] + LibGit2 
  [8f399da3] + Libdl 
  [37e2e46d] + LinearAlgebra 
  [56ddb016] + Logging 
  [d6f4376e] + Markdown 
  [a63ad114] + Mmap 
  [44cfe95a] + Pkg 
  [de0858da] + Printf 
  [3fa0cd96] + REPL 
  [9a3f8284] + Random 
  [ea8e919c] + SHA 
  [9e88b42a] + Serialization 
  [1a1011a3] + SharedArrays 
  [6462fe0b] + Sockets 
  [2f01184e] + SparseArrays 
  [10745b16] + Statistics 
  [4607b0f0] + SuiteSparse 
  [8dfed614] + Test 
  [cf7118a7] + UUIDs 
  [4ec0a83e] + Unicode 
  Building Rmath ───────────→ `~/.julia/packages/Rmath/4wt82/deps/build.log`
  Building SpecialFunctions → `~/.julia/packages/SpecialFunctions/ne2iw/deps/build.log`
  Building Arpack ──────────→ `~/.julia/packages/Arpack/cu5By/deps/build.log`
   Testing Quadrature
 Resolving package versions...
 Installed Cuba ───── v2.0.0
 Installed Cubature ─ v1.4.1
  Building Cuba ────→ `~/.julia/packages/Cuba/084zH/deps/build.log`
  Building Cubature → `~/.julia/packages/Cubature/GQTey/deps/build.log`
    Status `/tmp/jl_qh2Y57/Manifest.toml`
  [7d9fca2a] Arpack v0.3.1
  [4fba245c] ArrayInterface v2.0.0
  [9e28174c] BinDeps v0.8.10
  [b99e7846] BinaryProvider v0.5.8
  [861a8166] Combinatorics v1.0.0
  [38540f10] CommonSolve v0.2.0
  [34da2185] Compat v2.2.0
  [8a292aeb] Cuba v2.0.0
  [667455a9] Cubature v1.4.1
  [9a962f9c] DataAPI v1.1.0
  [864edb3b] DataStructures v0.17.6
  [2b5f629d] DiffEqBase v6.7.0
  [01453d9d] DiffEqDiffTools v1.5.0
  [31c24e10] Distributions v0.21.9
  [ffbed154] DocStringExtensions v0.8.1
  [069b7b12] FunctionWrappers v1.0.0
  [19dc6840] HCubature v1.4.0
  [42fd0dbc] IterativeSolvers v0.8.1
  [82899510] IteratorInterfaceExtensions v1.0.0
  [1914dd2f] MacroTools v0.5.2
  [e1d29d7a] Missings v0.4.3
  [4886b29c] MonteCarloIntegration v0.0.1
  [46d2c3a1] MuladdMacro v0.2.1
  [bac558e1] OrderedCollections v1.1.0
  [90014a1f] PDMats v0.9.10
  [d96e819e] Parameters v0.12.0
  [f27b6e38] Polynomials v0.6.0
  [1fd47b50] QuadGK v2.1.1
  [67601950] Quadrature v0.1.1
  [3cdcf5f2] RecipesBase v0.7.0
  [731186ca] RecursiveArrayTools v1.2.0
  [f2c3362d] RecursiveFactorization v0.1.0
  [189a3867] Reexport v0.2.0
  [ae029012] Requires v0.5.2
  [79098fc4] Rmath v0.5.1
  [f2b01f46] Roots v0.8.3
  [a2af1166] SortingAlgorithms v0.3.1
  [276daf66] SpecialFunctions v0.8.0
  [90137ffa] StaticArrays v0.12.1
  [2913bbd2] StatsBase v0.32.0
  [4c63d2b9] StatsFuns v0.9.0
  [3783bdb8] TableTraits v1.0.0
  [a2a6695c] TreeViews v0.3.0
  [30578b45] URIParser v0.4.0
  [2a0f44e3] Base64  [`@stdlib/Base64`]
  [ade2ca70] Dates  [`@stdlib/Dates`]
  [8bb1440f] DelimitedFiles  [`@stdlib/DelimitedFiles`]
  [8ba89e20] Distributed  [`@stdlib/Distributed`]
  [b77e0a4c] InteractiveUtils  [`@stdlib/InteractiveUtils`]
  [76f85450] LibGit2  [`@stdlib/LibGit2`]
  [8f399da3] Libdl  [`@stdlib/Libdl`]
  [37e2e46d] LinearAlgebra  [`@stdlib/LinearAlgebra`]
  [56ddb016] Logging  [`@stdlib/Logging`]
  [d6f4376e] Markdown  [`@stdlib/Markdown`]
  [a63ad114] Mmap  [`@stdlib/Mmap`]
  [44cfe95a] Pkg  [`@stdlib/Pkg`]
  [de0858da] Printf  [`@stdlib/Printf`]
  [3fa0cd96] REPL  [`@stdlib/REPL`]
  [9a3f8284] Random  [`@stdlib/Random`]
  [ea8e919c] SHA  [`@stdlib/SHA`]
  [9e88b42a] Serialization  [`@stdlib/Serialization`]
  [1a1011a3] SharedArrays  [`@stdlib/SharedArrays`]
  [6462fe0b] Sockets  [`@stdlib/Sockets`]
  [2f01184e] SparseArrays  [`@stdlib/SparseArrays`]
  [10745b16] Statistics  [`@stdlib/Statistics`]
  [4607b0f0] SuiteSparse  [`@stdlib/SuiteSparse`]
  [8dfed614] Test  [`@stdlib/Test`]
  [cf7118a7] UUIDs  [`@stdlib/UUIDs`]
  [4ec0a83e] Unicode  [`@stdlib/Unicode`]
[ Info: Dimension = 1, Alg = QuadGKJL(), Integrand = 1
[ Info: Dimension = 1, Alg = HCubatureJL(), Integrand = 1
[ Info: Dimension = 1, Alg = VEGAS(100, 1000), Integrand = 1
Converged in 1000 evaluations
nevals = 1000
[ Info: Dimension = 1, Alg = CubatureJLh(), Integrand = 1
[ Info: Dimension = 1, Alg = CubatureJLp(), Integrand = 1
[ Info: Dimension = 1, Alg = CubaVegas(), Integrand = 1
Standard Single Dimension Integrands: Test Failed at /root/.julia/packages/Quadrature/AO368/test/runtests.jl:84
  Expression: ≈(sol.u, _sol.u, rtol=0.01)
   Evaluated: NaN ≈ 2.0 (rtol=0.01) 
Stacktrace:
 [1] top-level scope at /root/.julia/packages/Quadrature/AO368/test/runtests.jl:84
 [2] top-level scope at /buildworker/worker/package_linux64/build/usr/share/julia/stdlib/v1.2/Test/src/Test.jl:1113
 [3] top-level scope at /root/.julia/packages/Quadrature/AO368/test/runtests.jl:78
[ Info: Dimension = 1, Alg = CubaSUAVE(), Integrand = 1
Standard Single Dimension Integrands: Test Failed at /root/.julia/packages/Quadrature/AO368/test/runtests.jl:84
  Expression: ≈(sol.u, _sol.u, rtol=0.01)
   Evaluated: NaN ≈ 2.0 (rtol=0.01) 
Stacktrace:
 [1] top-level scope at /root/.julia/packages/Quadrature/AO368/test/runtests.jl:84
 [2] top-level scope at /buildworker/worker/package_linux64/build/usr/share/julia/stdlib/v1.2/Test/src/Test.jl:1113
 [3] top-level scope at /root/.julia/packages/Quadrature/AO368/test/runtests.jl:78
[ Info: Dimension = 1, Alg = QuadGKJL(), Integrand = 2
[ Info: Dimension = 1, Alg = HCubatureJL(), Integrand = 2
[ Info: Dimension = 1, Alg = VEGAS(100, 1000), Integrand = 2
Converged in 175000 evaluations
nevals = 175000
[ Info: Dimension = 1, Alg = CubatureJLh(), Integrand = 2
[ Info: Dimension = 1, Alg = CubatureJLp(), Integrand = 2
[ Info: Dimension = 1, Alg = CubaVegas(), Integrand = 2
Standard Single Dimension Integrands: Test Failed at /root/.julia/packages/Quadrature/AO368/test/runtests.jl:84
  Expression: ≈(sol.u, _sol.u, rtol=0.01)
   Evaluated: -Inf ≈ 4.0 (rtol=0.01) 
Stacktrace:
 [1] top-level scope at /root/.julia/packages/Quadrature/AO368/test/runtests.jl:84
 [2] top-level scope at /buildworker/worker/package_linux64/build/usr/share/julia/stdlib/v1.2/Test/src/Test.jl:1113
 [3] top-level scope at /root/.julia/packages/Quadrature/AO368/test/runtests.jl:78
[ Info: Dimension = 1, Alg = CubaSUAVE(), Integrand = 2
Standard Single Dimension Integrands: Test Failed at /root/.julia/packages/Quadrature/AO368/test/runtests.jl:84
  Expression: ≈(sol.u, _sol.u, rtol=0.01)
   Evaluated: 0.006523554470114244 ≈ 4.0 (rtol=0.01) 
Stacktrace:
 [1] top-level scope at /root/.julia/packages/Quadrature/AO368/test/runtests.jl:84
 [2] top-level scope at /buildworker/worker/package_linux64/build/usr/share/julia/stdlib/v1.2/Test/src/Test.jl:1113
 [3] top-level scope at /root/.julia/packages/Quadrature/AO368/test/runtests.jl:78
[ Info: Dimension = 1, Alg = QuadGKJL(), Integrand = 3
[ Info: Dimension = 1, Alg = HCubatureJL(), Integrand = 3
[ Info: Dimension = 1, Alg = VEGAS(100, 1000), Integrand = 3
Converged in 100000 evaluations
nevals = 100000
[ Info: Dimension = 1, Alg = CubatureJLh(), Integrand = 3
[ Info: Dimension = 1, Alg = CubatureJLp(), Integrand = 3
[ Info: Dimension = 1, Alg = CubaVegas(), Integrand = 3
Standard Single Dimension Integrands: Error During Test at /root/.julia/packages/Quadrature/AO368/test/runtests.jl:77
  Got exception outside of a @test
  DomainError with Inf:
  sin(x) is only defined for finite x.
  Stacktrace:
   [1] sin_domain_error(::Float64) at ./special/trig.jl:28
   [2] sin(::Float64) at ./special/trig.jl:39
   [3] _broadcast_getindex_evalf at ./broadcast.jl:625 [inlined]
   [4] _broadcast_getindex at ./broadcast.jl:598 [inlined]
   [5] getindex at ./broadcast.jl:558 [inlined]
   [6] macro expansion at ./broadcast.jl:888 [inlined]
   [7] macro expansion at ./simdloop.jl:77 [inlined]
   [8] copyto! at ./broadcast.jl:887 [inlined]
   [9] copyto! at ./broadcast.jl:842 [inlined]
   [10] copy at ./broadcast.jl:818 [inlined]
   [11] materialize at ./broadcast.jl:798 [inlined]
   [12] (::getfield(Main, Symbol("##5#8")))(::Array{Float64,1}, ::DiffEqBase.NullParameters) at /root/.julia/packages/Quadrature/AO368/test/runtests.jl:47
   [13] (::getfield(Quadrature, Symbol("##52#64")){QuadratureProblem{false,DiffEqBase.NullParameters,getfield(Main, Symbol("##5#8")),Int64,Int64,Base.Iterators.Pairs{Union{},Union{},Tuple{},NamedTuple{(),Tuple{}}}},DiffEqBase.NullParameters,Int64,Int64})(::Array{Float64,1}, ::Array{Float64,1}) at /root/.julia/packages/Quadrature/AO368/src/Quadrature.jl:264
   [14] generic_integrand!(::Int32, ::Ptr{Float64}, ::Int32, ::Ptr{Float64}, ::getfield(Quadrature, Symbol("##52#64")){QuadratureProblem{false,DiffEqBase.NullParameters,getfield(Main, Symbol("##5#8")),Int64,Int64,Base.Iterators.Pairs{Union{},Union{},Tuple{},NamedTuple{(),Tuple{}}}},DiffEqBase.NullParameters,Int64,Int64}) at /root/.julia/packages/Cuba/084zH/src/Cuba.jl:98
   [15] dointegrate! at /root/.julia/packages/Cuba/084zH/src/vegas.jl:44 [inlined]
   [16] dointegrate at /root/.julia/packages/Cuba/084zH/src/Cuba.jl:201 [inlined]
   [17] #vegas#4(::Int64, ::Float64, ::Float64, ::Int64, ::Int64, ::Int64, ::Int64, ::Int64, ::Int64, ::Int64, ::Int64, ::String, ::Ptr{Nothing}, ::Missing, ::Missing, ::typeof(vegas), ::getfield(Quadrature, Symbol("##52#64")){QuadratureProblem{false,DiffEqBase.NullParameters,getfield(Main, Symbol("##5#8")),Int64,Int64,Base.Iterators.Pairs{Union{},Union{},Tuple{},NamedTuple{(),Tuple{}}}},DiffEqBase.NullParameters,Int64,Int64}, ::Int64, ::Int64) at /root/.julia/packages/Cuba/084zH/src/vegas.jl:107
   [18] (::getfield(Cuba, Symbol("#kw##vegas")))(::NamedTuple{(:rtol, :atol, :nvec, :maxevals),Tuple{Float64,Float64,Int64,Int64}}, ::typeof(vegas), ::getfield(Quadrature, Symbol("##52#64")){QuadratureProblem{false,DiffEqBase.NullParameters,getfield(Main, Symbol("##5#8")),Int64,Int64,Base.Iterators.Pairs{Union{},Union{},Tuple{},NamedTuple{(),Tuple{}}}},DiffEqBase.NullParameters,Int64,Int64}, ::Int64, ::Int64) at ./none:0
   [19] #solve#49(::Float64, ::Float64, ::Int64, ::Base.Iterators.Pairs{Union{},Union{},Tuple{},NamedTuple{(),Tuple{}}}, ::typeof(solve), ::QuadratureProblem{false,DiffEqBase.NullParameters,getfield(Main, Symbol("##5#8")),Int64,Int64,Base.Iterators.Pairs{Union{},Union{},Tuple{},NamedTuple{(),Tuple{}}}}, ::CubaVegas) at /root/.julia/packages/Quadrature/AO368/src/Quadrature.jl:298
   [20] (::getfield(DiffEqBase, Symbol("#kw##solve")))(::NamedTuple{(:reltol, :abstol),Tuple{Float64,Float64}}, ::typeof(solve), ::QuadratureProblem{false,DiffEqBase.NullParameters,getfield(Main, Symbol("##5#8")),Int64,Int64,Base.Iterators.Pairs{Union{},Union{},Tuple{},NamedTuple{(),Tuple{}}}}, ::CubaVegas) at ./none:0
   [21] top-level scope at /root/.julia/packages/Quadrature/AO368/test/runtests.jl:83
   [22] top-level scope at /buildworker/worker/package_linux64/build/usr/share/julia/stdlib/v1.2/Test/src/Test.jl:1113
   [23] top-level scope at /root/.julia/packages/Quadrature/AO368/test/runtests.jl:78
   [24] include at ./boot.jl:328 [inlined]
   [25] include_relative(::Module, ::String) at ./loading.jl:1094
   [26] include(::Module, ::String) at ./Base.jl:31
   [27] include(::String) at ./client.jl:431
   [28] top-level scope at none:5
   [29] eval(::Module, ::Any) at ./boot.jl:330
   [30] exec_options(::Base.JLOptions) at ./client.jl:271
   [31] _start() at ./client.jl:464
  
Test Summary:                        | Pass  Fail  Error  Total
Standard Single Dimension Integrands |   15     4      1     20
ERROR: LoadError: Some tests did not pass: 15 passed, 4 failed, 1 errored, 0 broken.
in expression starting at /root/.julia/packages/Quadrature/AO368/test/runtests.jl:77
ERROR: Package Quadrature errored during testing
Stacktrace:
 [1] pkgerror(::String, ::Vararg{String,N} where N) at /buildworker/worker/package_linux64/build/usr/share/julia/stdlib/v1.2/Pkg/src/Types.jl:112
 [2] #test#119(::Bool, ::Nothing, ::typeof(Pkg.Operations.test), ::Pkg.Types.Context, ::Array{Pkg.Types.PackageSpec,1}) at /buildworker/worker/package_linux64/build/usr/share/julia/stdlib/v1.2/Pkg/src/Operations.jl:1288
 [3] #test at ./none:0 [inlined]
 [4] #test#62(::Bool, ::Nothing, ::Base.Iterators.Pairs{Union{},Union{},Tuple{},NamedTuple{(),Tuple{}}}, ::typeof(Pkg.API.test), ::Pkg.Types.Context, ::Array{Pkg.Types.PackageSpec,1}) at /buildworker/worker/package_linux64/build/usr/share/julia/stdlib/v1.2/Pkg/src/API.jl:245
 [5] test at /buildworker/worker/package_linux64/build/usr/share/julia/stdlib/v1.2/Pkg/src/API.jl:233 [inlined]
 [6] #test#61 at /buildworker/worker/package_linux64/build/usr/share/julia/stdlib/v1.2/Pkg/src/API.jl:230 [inlined]
 [7] test at /buildworker/worker/package_linux64/build/usr/share/julia/stdlib/v1.2/Pkg/src/API.jl:230 [inlined]
 [8] #test#60 at /buildworker/worker/package_linux64/build/usr/share/julia/stdlib/v1.2/Pkg/src/API.jl:229 [inlined]
 [9] test at /buildworker/worker/package_linux64/build/usr/share/julia/stdlib/v1.2/Pkg/src/API.jl:229 [inlined]
 [10] #test#59(::Base.Iterators.Pairs{Union{},Union{},Tuple{},NamedTuple{(),Tuple{}}}, ::typeof(Pkg.API.test), ::String) at /buildworker/worker/package_linux64/build/usr/share/julia/stdlib/v1.2/Pkg/src/API.jl:228
 [11] test(::String) at /buildworker/worker/package_linux64/build/usr/share/julia/stdlib/v1.2/Pkg/src/API.jl:228
 [12] top-level scope at none:10
