 Resolving package versions...
 Installed Roots ─────────────────────── v0.8.3
 Installed CanonicalTraits ───────────── v0.1.0
 Installed DiffResults ───────────────── v0.0.4
 Installed NNlib ─────────────────────── v0.6.0
 Installed DiffEqOperators ───────────── v4.6.0
 Installed DataStructures ────────────── v0.17.6
 Installed StaticArrays ──────────────── v0.12.1
 Installed LazyArrays ────────────────── v0.14.10
 Installed Compat ────────────────────── v2.2.0
 Installed FunctionWrappers ──────────── v1.0.0
 Installed DocStringExtensions ───────── v0.8.1
 Installed MacroTools ────────────────── v0.5.2
 Installed BlockArrays ───────────────── v0.10.2
 Installed TreeViews ─────────────────── v0.3.0
 Installed Parameters ────────────────── v0.12.0
 Installed TableTraits ───────────────── v1.0.0
 Installed OrderedCollections ────────── v1.1.0
 Installed BlockBandedMatrices ───────── v0.6.0
 Installed TimerOutputs ──────────────── v0.5.3
 Installed CommonSubexpressions ──────── v0.2.0
 Installed ArrayLayouts ──────────────── v0.1.5
 Installed SpecialFunctions ──────────── v0.9.0
 Installed RecipesBase ───────────────── v0.7.0
 Installed NaNMath ───────────────────── v0.3.3
 Installed PrettyPrint ───────────────── v0.1.0
 Installed ForwardDiff ───────────────── v0.10.7
 Installed OpenSpecFun_jll ───────────── v0.5.3+1
 Installed LaTeXStrings ──────────────── v1.0.3
 Installed ArrayInterface ────────────── v2.0.0
 Installed DiffEqDiffTools ───────────── v1.5.0
 Installed ModelingToolkit ───────────── v1.0.0
 Installed DiffRules ─────────────────── v0.1.0
 Installed GeneralizedGenerated ──────── v0.2.0
 Installed JuliaVariables ────────────── v0.2.0
 Installed MuladdMacro ───────────────── v0.2.1
 Installed IteratorInterfaceExtensions ─ v1.0.0
 Installed Requires ──────────────────── v0.5.2
 Installed DiffEqBase ────────────────── v6.7.0
 Installed Latexify ──────────────────── v0.12.3
 Installed MatrixFactorizations ──────── v0.2.1
 Installed BandedMatrices ────────────── v0.14.2
 Installed RecursiveArrayTools ───────── v1.2.0
 Installed NameResolution ────────────── v0.1.3
 Installed RecursiveFactorization ────── v0.1.0
 Installed FillArrays ────────────────── v0.8.2
 Installed MLStyle ───────────────────── v0.3.1
 Installed IterativeSolvers ──────────── v0.8.1
  Updating `~/.julia/environments/v1.3/Project.toml`
  [9fdde737] + DiffEqOperators v4.6.0
  Updating `~/.julia/environments/v1.3/Manifest.toml`
  [4fba245c] + ArrayInterface v2.0.0
  [4c555306] + ArrayLayouts v0.1.5
  [aae01518] + BandedMatrices v0.14.2
  [8e7c35d0] + BlockArrays v0.10.2
  [ffab5731] + BlockBandedMatrices v0.6.0
  [a603d957] + CanonicalTraits v0.1.0
  [bbf7d656] + CommonSubexpressions v0.2.0
  [34da2185] + Compat v2.2.0
  [864edb3b] + DataStructures v0.17.6
  [2b5f629d] + DiffEqBase v6.7.0
  [01453d9d] + DiffEqDiffTools v1.5.0
  [9fdde737] + DiffEqOperators v4.6.0
  [163ba53b] + DiffResults v0.0.4
  [b552c78f] + DiffRules v0.1.0
  [ffbed154] + DocStringExtensions v0.8.1
  [1a297f60] + FillArrays v0.8.2
  [f6369f11] + ForwardDiff v0.10.7
  [069b7b12] + FunctionWrappers v1.0.0
  [6b9d7cbe] + GeneralizedGenerated v0.2.0
  [42fd0dbc] + IterativeSolvers v0.8.1
  [82899510] + IteratorInterfaceExtensions v1.0.0
  [b14d175d] + JuliaVariables v0.2.0
  [b964fa9f] + LaTeXStrings v1.0.3
  [23fbe1c1] + Latexify v0.12.3
  [5078a376] + LazyArrays v0.14.10
  [d8e11817] + MLStyle v0.3.1
  [1914dd2f] + MacroTools v0.5.2
  [a3b82374] + MatrixFactorizations v0.2.1
  [961ee093] + ModelingToolkit v1.0.0
  [46d2c3a1] + MuladdMacro v0.2.1
  [872c559c] + NNlib v0.6.0
  [77ba4419] + NaNMath v0.3.3
  [71a1bf82] + NameResolution v0.1.3
  [efe28fd5] + OpenSpecFun_jll v0.5.3+1
  [bac558e1] + OrderedCollections v1.1.0
  [d96e819e] + Parameters v0.12.0
  [8162dcfd] + PrettyPrint v0.1.0
  [3cdcf5f2] + RecipesBase v0.7.0
  [731186ca] + RecursiveArrayTools v1.2.0
  [f2c3362d] + RecursiveFactorization v0.1.0
  [ae029012] + Requires v0.5.2
  [f2b01f46] + Roots v0.8.3
  [276daf66] + SpecialFunctions v0.9.0
  [90137ffa] + StaticArrays v0.12.1
  [3783bdb8] + TableTraits v1.0.0
  [a759f4b9] + TimerOutputs v0.5.3
  [a2a6695c] + TreeViews v0.3.0
  [2a0f44e3] + Base64 
  [ade2ca70] + Dates 
  [8bb1440f] + DelimitedFiles 
  [8ba89e20] + Distributed 
  [b77e0a4c] + InteractiveUtils 
  [76f85450] + LibGit2 
  [8f399da3] + Libdl 
  [37e2e46d] + LinearAlgebra 
  [56ddb016] + Logging 
  [d6f4376e] + Markdown 
  [a63ad114] + Mmap 
  [44cfe95a] + Pkg 
  [de0858da] + Printf 
  [3fa0cd96] + REPL 
  [9a3f8284] + Random 
  [ea8e919c] + SHA 
  [9e88b42a] + Serialization 
  [1a1011a3] + SharedArrays 
  [6462fe0b] + Sockets 
  [2f01184e] + SparseArrays 
  [10745b16] + Statistics 
  [4607b0f0] + SuiteSparse 
  [8dfed614] + Test 
  [cf7118a7] + UUIDs 
  [4ec0a83e] + Unicode 
   Testing DiffEqOperators
 Resolving package versions...
 Installed ArnoldiMethod ──────── v0.0.4
 Installed GenericSVD ─────────── v0.2.2
 Installed LightGraphs ────────── v1.3.0
 Installed Adapt ──────────────── v1.0.0
 Installed ExponentialUtilities ─ v1.5.1
 Installed SparseDiffTools ────── v1.0.0
 Installed VertexSafeGraphs ───── v0.1.0
 Installed Inflate ────────────── v0.1.1
 Installed Reexport ───────────── v0.2.0
 Installed SimpleTraits ───────── v0.9.1
 Installed OrdinaryDiffEq ─────── v5.25.0
 Installed SafeTestsets ───────── v0.0.1
    Status `/tmp/jl_FTo7yA/Manifest.toml`
  [79e6a3ab] Adapt v1.0.0
  [ec485272] ArnoldiMethod v0.0.4
  [4fba245c] ArrayInterface v2.0.0
  [4c555306] ArrayLayouts v0.1.5
  [aae01518] BandedMatrices v0.14.2
  [8e7c35d0] BlockArrays v0.10.2
  [ffab5731] BlockBandedMatrices v0.6.0
  [a603d957] CanonicalTraits v0.1.0
  [bbf7d656] CommonSubexpressions v0.2.0
  [34da2185] Compat v2.2.0
  [864edb3b] DataStructures v0.17.6
  [2b5f629d] DiffEqBase v6.7.0
  [01453d9d] DiffEqDiffTools v1.5.0
  [9fdde737] DiffEqOperators v4.6.0
  [163ba53b] DiffResults v0.0.4
  [b552c78f] DiffRules v0.1.0
  [ffbed154] DocStringExtensions v0.8.1
  [d4d017d3] ExponentialUtilities v1.5.1
  [1a297f60] FillArrays v0.8.2
  [f6369f11] ForwardDiff v0.10.7
  [069b7b12] FunctionWrappers v1.0.0
  [6b9d7cbe] GeneralizedGenerated v0.2.0
  [01680d73] GenericSVD v0.2.2
  [d25df0c9] Inflate v0.1.1
  [42fd0dbc] IterativeSolvers v0.8.1
  [82899510] IteratorInterfaceExtensions v1.0.0
  [b14d175d] JuliaVariables v0.2.0
  [b964fa9f] LaTeXStrings v1.0.3
  [23fbe1c1] Latexify v0.12.3
  [5078a376] LazyArrays v0.14.10
  [093fc24a] LightGraphs v1.3.0
  [d8e11817] MLStyle v0.3.1
  [1914dd2f] MacroTools v0.5.2
  [a3b82374] MatrixFactorizations v0.2.1
  [961ee093] ModelingToolkit v1.0.0
  [46d2c3a1] MuladdMacro v0.2.1
  [872c559c] NNlib v0.6.0
  [77ba4419] NaNMath v0.3.3
  [71a1bf82] NameResolution v0.1.3
  [efe28fd5] OpenSpecFun_jll v0.5.3+1
  [bac558e1] OrderedCollections v1.1.0
  [1dea7af3] OrdinaryDiffEq v5.25.0
  [d96e819e] Parameters v0.12.0
  [8162dcfd] PrettyPrint v0.1.0
  [3cdcf5f2] RecipesBase v0.7.0
  [731186ca] RecursiveArrayTools v1.2.0
  [f2c3362d] RecursiveFactorization v0.1.0
  [189a3867] Reexport v0.2.0
  [ae029012] Requires v0.5.2
  [f2b01f46] Roots v0.8.3
  [1bc83da4] SafeTestsets v0.0.1
  [699a6c99] SimpleTraits v0.9.1
  [47a9eef4] SparseDiffTools v1.0.0
  [276daf66] SpecialFunctions v0.9.0
  [90137ffa] StaticArrays v0.12.1
  [3783bdb8] TableTraits v1.0.0
  [a759f4b9] TimerOutputs v0.5.3
  [a2a6695c] TreeViews v0.3.0
  [19fa3120] VertexSafeGraphs v0.1.0
  [2a0f44e3] Base64  [`@stdlib/Base64`]
  [ade2ca70] Dates  [`@stdlib/Dates`]
  [8bb1440f] DelimitedFiles  [`@stdlib/DelimitedFiles`]
  [8ba89e20] Distributed  [`@stdlib/Distributed`]
  [b77e0a4c] InteractiveUtils  [`@stdlib/InteractiveUtils`]
  [76f85450] LibGit2  [`@stdlib/LibGit2`]
  [8f399da3] Libdl  [`@stdlib/Libdl`]
  [37e2e46d] LinearAlgebra  [`@stdlib/LinearAlgebra`]
  [56ddb016] Logging  [`@stdlib/Logging`]
  [d6f4376e] Markdown  [`@stdlib/Markdown`]
  [a63ad114] Mmap  [`@stdlib/Mmap`]
  [44cfe95a] Pkg  [`@stdlib/Pkg`]
  [de0858da] Printf  [`@stdlib/Printf`]
  [3fa0cd96] REPL  [`@stdlib/REPL`]
  [9a3f8284] Random  [`@stdlib/Random`]
  [ea8e919c] SHA  [`@stdlib/SHA`]
  [9e88b42a] Serialization  [`@stdlib/Serialization`]
  [1a1011a3] SharedArrays  [`@stdlib/SharedArrays`]
  [6462fe0b] Sockets  [`@stdlib/Sockets`]
  [2f01184e] SparseArrays  [`@stdlib/SparseArrays`]
  [10745b16] Statistics  [`@stdlib/Statistics`]
  [4607b0f0] SuiteSparse  [`@stdlib/SuiteSparse`]
  [8dfed614] Test  [`@stdlib/Test`]
  [cf7118a7] UUIDs  [`@stdlib/UUIDs`]
  [4ec0a83e] Unicode  [`@stdlib/Unicode`]
┌ Warning: Replacing docs for `DiffEqOperators.PeriodicBC :: Union{}` in module `DiffEqOperators`
└ @ Base.Docs docs/Docs.jl:223
┌ Warning: Replacing docs for `DiffEqOperators.RobinBC :: Union{}` in module `DiffEqOperators`
└ @ Base.Docs docs/Docs.jl:223
Test Summary:   | Pass  Total
Poisson example |    1      1
367.237900 seconds (58.29 M allocations: 3.358 GiB, 0.58% gc time)
Test Summary:         | Pass  Total
Heat equation example |    1      1
186.326890 seconds (25.87 M allocations: 2.078 GiB, 0.71% gc time)
Test Summary:                      | Pass  Total
Robin Boundary Condition Operators |   44     44
  3.136815 seconds (2.78 M allocations: 137.554 MiB, 2.11% gc time)
Test Summary:              | Pass  Broken  Total
JacVec Operators Interface |   34       4     38
116.115839 seconds (91.71 M allocations: 4.330 GiB, 3.45% gc time)
Test Summary:                 | Pass  Total
Composite Operators Interface |   12     12
  7.069498 seconds (7.02 M allocations: 332.879 MiB, 3.39% gc time)
Test Summary:                   | Pass  Broken  Total
BC and Coefficient Compositions |   28       2     30
 37.527689 seconds (24.05 M allocations: 1.178 GiB, 2.86% gc time)
Test Summary:                  | Pass  Total
Derivative Operators Interface | 1031   1031
 65.533337 seconds (199.63 M allocations: 10.445 GiB, 15.09% gc time)
Test Summary:                          | Broken  Total
Validate and Compare Generic Operators |      1      1
  2.158346 seconds (2.64 M allocations: 130.086 MiB, 3.11% gc time)
Test Summary:                                 |   Pass   Total
Validate Boundary Padded Array Concretization | 121699  121699
 26.195858 seconds (31.22 M allocations: 1.513 GiB, 2.55% gc time)
Test Summary:                                  | Pass  Broken  Total
Validate Higher Dimensional Boundary Extension |  351       3    354
 92.005395 seconds (105.79 M allocations: 5.019 GiB, 2.93% gc time)
Test Summary:         | Pass  Total
Matrix-Free Operators |    6      6
 33.610917 seconds (35.32 M allocations: 1.791 GiB, 6.10% gc time)
Test Summary:                    | Pass  Total
JacVec Operator Integration Test |    2      2
379.106628 seconds (31.84 M allocations: 2.559 GiB, 1.43% gc time)
Test Summary: | Pass  Total
Convolutions  |    6      6
  1.064660 seconds (708.67 k allocations: 37.437 MiB)
Test Summary:             |   Pass   Total
Differentiation Dimension | 476861  476861
 37.690007 seconds (24.99 M allocations: 1.314 GiB, 2.97% gc time)
"2D" = "2D"
"irregular" = "irregular"
"3D" = "3D"
"3D BPC" = "3D BPC"
"3D with coefficients" = "3D with coefficients"
"3D irregular" = "3D irregular"
x, y, and z are all irregular grids: Error During Test at /root/.julia/packages/DiffEqOperators/FZm6M/test/2D_3D_fast_multiplication.jl:1355
 Unexpected Pass
 Expression: M_temp ≈ (Lx2 * M)[1:N, 2:N + 1, :] + (Ly2 * M)[2:N + 1, 1:N, :] + (Lx3 * M)[1:N, 2:N + 1, :] + (Ly3 * M)[2:N + 1, 1:N, :] + (Lx4 * M)[1:N, 2:N + 1, :] + (Ly4 * M)[2:N + 1, 1:N, :]
 Got correct result, please change to @test if no longer broken.

Test Summary:                                                                              | Pass  Error  Broken  Total
2D and 3D fast multiplication                                                              |  139      1      10    150
  2D Multiplication with no boundary points and dx = 1.0                                   |    4                     4
  2D Multiplication with identical bpc and dx = 1.0                                        |    5                     5
  2D Multiplication with differing bpc and dx = 1.0                                        |    5                     5
  2D Multiplication with identical bpc and non-trivial dx = dy = 0.1                       |    5                     5
  2D Multiplication with identical bpc and non-trivial dx = 0.1, dy = 0.25                 |    5                     5
  2D Multiplication with differing bpc and non-trivial dx = dy = 0.1                       |    5                     5
  2D Multiplication with differing bpc and non-trivial dx = 0.1, dy = 0.25                 |    5                     5
  2D coefficient handling                                                                  |    5                     5
  x and y are both irregular grids                                                         |    3                     3
  regular x grid (dx=0.25) and irregular y grid                                            |    4                     4
  irregular x grid and regular y grid (dy = 0.25)                                          |    4                     4
  3D Multiplication with no boundary points and dx = dy = dz = 1.0                         |    8                     8
  3D Multiplication with identical bpc and dx = dy = dz = 1.0                              |   15                    15
  3D Multiplication with differing bpc and dx = dy = dz = 1.0                              |   10                    10
  3D Multiplication with identical bpc and dx = 0.5, dy = 0.25, dz = 0.05, no coefficients |   15                    15
  3D Multiplication with differing bpc and dx = 0.5, dy = 0.25, dz = 0.05, no coefficients |   10                    10
  3D Multiplication with coefficients                                                      |   10                    10
  x, y, and z are all irregular grids                                                      |    6      1              7
  irregular x grid and regular y and z grids (dy = 0.25, dz = 0.05)                        |    4                     4
  irregular y grid and regular x and z gris (dx = 0.25, dz = 0.05)                         |   11             10     21
ERROR: LoadError: Some tests did not pass: 139 passed, 0 failed, 1 errored, 10 broken.
in expression starting at /root/.julia/packages/DiffEqOperators/FZm6M/test/runtests.jl:22
ERROR: Package DiffEqOperators errored during testing
Stacktrace:
 [1] pkgerror(::String, ::Vararg{String,N} where N) at /buildworker/worker/package_linux64/build/usr/share/julia/stdlib/v1.3/Pkg/src/Types.jl:113
 [2] #test#131(::Bool, ::Nothing, ::Cmd, ::Cmd, ::typeof(Pkg.Operations.test), ::Pkg.Types.Context, ::Array{Pkg.Types.PackageSpec,1}) at /buildworker/worker/package_linux64/build/usr/share/julia/stdlib/v1.3/Pkg/src/Operations.jl:1370
 [3] #test at ./none:0 [inlined]
 [4] #test#62(::Bool, ::Nothing, ::Cmd, ::Cmd, ::Base.Iterators.Pairs{Union{},Union{},Tuple{},NamedTuple{(),Tuple{}}}, ::typeof(Pkg.API.test), ::Pkg.Types.Context, ::Array{Pkg.Types.PackageSpec,1}) at /buildworker/worker/package_linux64/build/usr/share/julia/stdlib/v1.3/Pkg/src/API.jl:253
 [5] test(::Pkg.Types.Context, ::Array{Pkg.Types.PackageSpec,1}) at /buildworker/worker/package_linux64/build/usr/share/julia/stdlib/v1.3/Pkg/src/API.jl:239
 [6] #test#61 at /buildworker/worker/package_linux64/build/usr/share/julia/stdlib/v1.3/Pkg/src/API.jl:233 [inlined]
 [7] test at /buildworker/worker/package_linux64/build/usr/share/julia/stdlib/v1.3/Pkg/src/API.jl:233 [inlined]
 [8] #test#60 at /buildworker/worker/package_linux64/build/usr/share/julia/stdlib/v1.3/Pkg/src/API.jl:232 [inlined]
 [9] test at /buildworker/worker/package_linux64/build/usr/share/julia/stdlib/v1.3/Pkg/src/API.jl:232 [inlined]
 [10] #test#59(::Base.Iterators.Pairs{Union{},Union{},Tuple{},NamedTuple{(),Tuple{}}}, ::typeof(Pkg.API.test), ::String) at /buildworker/worker/package_linux64/build/usr/share/julia/stdlib/v1.3/Pkg/src/API.jl:231
 [11] test(::String) at /buildworker/worker/package_linux64/build/usr/share/julia/stdlib/v1.3/Pkg/src/API.jl:231
 [12] top-level scope at none:10
