 Resolving package versions...
 Installed ExtendableSparse ──── v0.1.2
 Installed DocStringExtensions ─ v0.8.1
  Updating `~/.julia/environments/v1.2/Project.toml`
  [95c220a8] + ExtendableSparse v0.1.2
  Updating `~/.julia/environments/v1.2/Manifest.toml`
  [ffbed154] + DocStringExtensions v0.8.1
  [95c220a8] + ExtendableSparse v0.1.2
  [2a0f44e3] + Base64 
  [ade2ca70] + Dates 
  [8ba89e20] + Distributed 
  [b77e0a4c] + InteractiveUtils 
  [76f85450] + LibGit2 
  [8f399da3] + Libdl 
  [37e2e46d] + LinearAlgebra 
  [56ddb016] + Logging 
  [d6f4376e] + Markdown 
  [44cfe95a] + Pkg 
  [de0858da] + Printf 
  [3fa0cd96] + REPL 
  [9a3f8284] + Random 
  [ea8e919c] + SHA 
  [9e88b42a] + Serialization 
  [6462fe0b] + Sockets 
  [2f01184e] + SparseArrays 
  [8dfed614] + Test 
  [cf7118a7] + UUIDs 
  [4ec0a83e] + Unicode 
   Testing ExtendableSparse
    Status `/tmp/jl_x88yu8/Manifest.toml`
  [ffbed154] DocStringExtensions v0.8.1
  [95c220a8] ExtendableSparse v0.1.2
  [2a0f44e3] Base64  [`@stdlib/Base64`]
  [ade2ca70] Dates  [`@stdlib/Dates`]
  [8ba89e20] Distributed  [`@stdlib/Distributed`]
  [b77e0a4c] InteractiveUtils  [`@stdlib/InteractiveUtils`]
  [76f85450] LibGit2  [`@stdlib/LibGit2`]
  [8f399da3] Libdl  [`@stdlib/Libdl`]
  [37e2e46d] LinearAlgebra  [`@stdlib/LinearAlgebra`]
  [56ddb016] Logging  [`@stdlib/Logging`]
  [d6f4376e] Markdown  [`@stdlib/Markdown`]
  [44cfe95a] Pkg  [`@stdlib/Pkg`]
  [de0858da] Printf  [`@stdlib/Printf`]
  [3fa0cd96] REPL  [`@stdlib/REPL`]
  [9a3f8284] Random  [`@stdlib/Random`]
  [ea8e919c] SHA  [`@stdlib/SHA`]
  [9e88b42a] Serialization  [`@stdlib/Serialization`]
  [6462fe0b] Sockets  [`@stdlib/Sockets`]
  [2f01184e] SparseArrays  [`@stdlib/SparseArrays`]
  [8dfed614] Test  [`@stdlib/Test`]
  [cf7118a7] UUIDs  [`@stdlib/UUIDs`]
  [4ec0a83e] Unicode  [`@stdlib/Unicode`]
SparseMatrixCSC:
  1.200976 seconds (30 allocations: 2.001 MiB)
SparseMatrixExtension:
  0.055127 seconds (9 allocations: 1.602 MiB, 80.43% gc time)
ExtendableSparseMatrix:
  0.017058 seconds (40 allocations: 2.671 MiB)
  3.163250 seconds (1.09 M allocations: 124.799 MiB, 2.05% gc time)
   Testing ExtendableSparse tests passed 
