 Resolving package versions...
 Installed BusinessDays ─ v0.9.6
  Updating `~/.julia/environments/v1.3/Project.toml`
  [4f18b42c] + BusinessDays v0.9.6
  Updating `~/.julia/environments/v1.3/Manifest.toml`
  [4f18b42c] + BusinessDays v0.9.6
  [ade2ca70] + Dates 
  [de0858da] + Printf 
  [4ec0a83e] + Unicode 
   Testing BusinessDays
 Resolving package versions...
    Status `/tmp/jl_YGqVnf/Manifest.toml`
  [4f18b42c] BusinessDays v0.9.6
  [2a0f44e3] Base64  [`@stdlib/Base64`]
  [ade2ca70] Dates  [`@stdlib/Dates`]
  [8ba89e20] Distributed  [`@stdlib/Distributed`]
  [b77e0a4c] InteractiveUtils  [`@stdlib/InteractiveUtils`]
  [56ddb016] Logging  [`@stdlib/Logging`]
  [d6f4376e] Markdown  [`@stdlib/Markdown`]
  [de0858da] Printf  [`@stdlib/Printf`]
  [9a3f8284] Random  [`@stdlib/Random`]
  [9e88b42a] Serialization  [`@stdlib/Serialization`]
  [6462fe0b] Sockets  [`@stdlib/Sockets`]
  [8dfed614] Test  [`@stdlib/Test`]
  [4ec0a83e] Unicode  [`@stdlib/Unicode`]
##########################
 Using cache: false
##########################
Timing composite calendar bdays calculation
  0.000035 seconds (30 allocations: 576 bytes)
Timing single bdays calculation
  0.008078 seconds (5 allocations: 176 bytes)
Timing 100 bdays calculations
  1.634422 seconds (100 allocations: 1.563 KiB)
Timing cache creation
  0.009124 seconds (10 allocations: 269.703 KiB)
Timing vectorized functions (vector length 7306)
 10.758431 seconds (6 allocations: 57.359 KiB)
 11.514292 seconds (20.60 k allocations: 1.139 MiB)
 12.136030 seconds (1.35 k allocations: 129.223 KiB)
  0.001595 seconds (5 allocations: 7.469 KiB)
  0.002209 seconds (5 allocations: 7.469 KiB)
  0.001654 seconds (5 allocations: 7.469 KiB)
##########################
 Using cache: true
##########################
Timing composite calendar bdays calculation
  0.000024 seconds (11 allocations: 272 bytes)
Timing single bdays calculation
  0.000015 seconds (9 allocations: 240 bytes)
Timing 100 bdays calculations
  0.000097 seconds (500 allocations: 7.813 KiB)
a million...
  1.258969 seconds (5.00 M allocations: 76.294 MiB, 0.25% gc time)
Timing vectorized functions (vector length 7306)
  0.005148 seconds (29.23 k allocations: 513.984 KiB)
  0.057733 seconds (29.23 k allocations: 513.984 KiB)
  0.026073 seconds (29.23 k allocations: 513.984 KiB, 32.98% gc time)
  0.001052 seconds (5 allocations: 7.469 KiB)
  0.009223 seconds (5 allocations: 7.469 KiB)
  0.001154 seconds (5 allocations: 7.469 KiB)
Perftests
  0.006587 seconds (553 allocations: 34.837 KiB)
  0.000006 seconds (9 allocations: 240 bytes)
  0.000825 seconds (5.00 k allocations: 78.125 KiB)
  0.017154 seconds (8.00 k allocations: 125.000 KiB)
  0.014081 seconds (8.00 k allocations: 125.000 KiB)
type
  0.000762 seconds (5.00 k allocations: 78.125 KiB)
  0.001182 seconds (4.00 k allocations: 70.594 KiB)
  0.001441 seconds (7.01 k allocations: 125.406 KiB)
sym
  0.014736 seconds (8.00 k allocations: 125.000 KiB)
  0.001284 seconds (4.00 k allocations: 70.594 KiB)
  0.026274 seconds (7.01 k allocations: 125.406 KiB)
str
  0.018828 seconds (8.00 k allocations: 125.000 KiB)
  0.000888 seconds (4.00 k allocations: 70.594 KiB)
  0.021508 seconds (7.01 k allocations: 125.406 KiB)
initcache type
  0.017089 seconds (10 allocations: 305.344 KiB)
initcache sym
  0.024237 seconds (12 allocations: 305.375 KiB)
initcache str
  0.016114 seconds (12 allocations: 305.375 KiB)
WeekendsOnly no cache
  0.000012 seconds
WeekendsOnly cache enabled
  0.000010 seconds
Returns false: false
Returns true: true
a million with GenericHolidayCalendar...
  0.412431 seconds (5.00 M allocations: 76.294 MiB, 5.39% gc time)
   Testing BusinessDays tests passed 
