 Resolving package versions...
 Installed BusinessDays ─ v0.9.6
  Updating `~/.julia/environments/v1.3/Project.toml`
  [4f18b42c] + BusinessDays v0.9.6
  Updating `~/.julia/environments/v1.3/Manifest.toml`
  [4f18b42c] + BusinessDays v0.9.6
  [ade2ca70] + Dates 
  [de0858da] + Printf 
  [4ec0a83e] + Unicode 
   Testing BusinessDays
 Resolving package versions...
    Status `/tmp/jl_7Ml4YU/Manifest.toml`
  [4f18b42c] BusinessDays v0.9.6
  [2a0f44e3] Base64  [`@stdlib/Base64`]
  [ade2ca70] Dates  [`@stdlib/Dates`]
  [8ba89e20] Distributed  [`@stdlib/Distributed`]
  [b77e0a4c] InteractiveUtils  [`@stdlib/InteractiveUtils`]
  [56ddb016] Logging  [`@stdlib/Logging`]
  [d6f4376e] Markdown  [`@stdlib/Markdown`]
  [de0858da] Printf  [`@stdlib/Printf`]
  [9a3f8284] Random  [`@stdlib/Random`]
  [9e88b42a] Serialization  [`@stdlib/Serialization`]
  [6462fe0b] Sockets  [`@stdlib/Sockets`]
  [8dfed614] Test  [`@stdlib/Test`]
  [4ec0a83e] Unicode  [`@stdlib/Unicode`]
##########################
 Using cache: false
##########################
Timing composite calendar bdays calculation
  0.000033 seconds (30 allocations: 576 bytes)
Timing single bdays calculation
  0.007415 seconds (5 allocations: 176 bytes)
Timing 100 bdays calculations
  0.781693 seconds (100 allocations: 1.563 KiB)
Timing cache creation
  0.008074 seconds (10 allocations: 269.703 KiB)
Timing vectorized functions (vector length 7306)
  8.112006 seconds (6 allocations: 57.359 KiB)
  7.713668 seconds (20.60 k allocations: 1.139 MiB)
  7.825305 seconds (1.35 k allocations: 129.223 KiB)
  0.001532 seconds (5 allocations: 7.469 KiB)
  0.002121 seconds (5 allocations: 7.469 KiB)
  0.001600 seconds (5 allocations: 7.469 KiB)
##########################
 Using cache: true
##########################
Timing composite calendar bdays calculation
  0.000021 seconds (11 allocations: 272 bytes)
Timing single bdays calculation
  0.000015 seconds (9 allocations: 240 bytes)
Timing 100 bdays calculations
  0.000087 seconds (500 allocations: 7.813 KiB)
a million...
  0.861428 seconds (5.00 M allocations: 76.294 MiB, 9.64% gc time)
Timing vectorized functions (vector length 7306)
  0.005605 seconds (29.23 k allocations: 513.984 KiB)
  0.007032 seconds (29.23 k allocations: 513.984 KiB, 22.10% gc time)
  0.005342 seconds (29.23 k allocations: 513.984 KiB)
  0.001100 seconds (5 allocations: 7.469 KiB)
  0.001182 seconds (5 allocations: 7.469 KiB)
  0.001180 seconds (5 allocations: 7.469 KiB)
Perftests
  0.013062 seconds (553 allocations: 34.837 KiB)
  0.000006 seconds (9 allocations: 240 bytes)
  0.000622 seconds (5.00 k allocations: 78.125 KiB)
  0.010737 seconds (8.00 k allocations: 125.000 KiB)
  0.028322 seconds (8.00 k allocations: 125.000 KiB)
type
  0.001249 seconds (5.00 k allocations: 78.125 KiB)
  0.000667 seconds (4.00 k allocations: 70.594 KiB)
  0.000803 seconds (7.01 k allocations: 125.406 KiB)
sym
  0.012422 seconds (8.00 k allocations: 125.000 KiB)
  0.000760 seconds (4.00 k allocations: 70.594 KiB)
  0.010607 seconds (7.01 k allocations: 125.406 KiB)
str
  0.011129 seconds (8.00 k allocations: 125.000 KiB)
  0.000738 seconds (4.00 k allocations: 70.594 KiB)
  0.010943 seconds (7.01 k allocations: 125.406 KiB)
initcache type
  0.009859 seconds (10 allocations: 305.344 KiB)
initcache sym
  0.010104 seconds (12 allocations: 305.375 KiB)
initcache str
  0.009880 seconds (12 allocations: 305.375 KiB)
WeekendsOnly no cache
  0.000011 seconds
WeekendsOnly cache enabled
  0.000011 seconds
Returns false: false
Returns true: true
a million with GenericHolidayCalendar...
  0.358800 seconds (5.00 M allocations: 76.294 MiB, 6.49% gc time)
   Testing BusinessDays tests passed 
