 Resolving package versions...
 Installed Cliffords ──── v0.6.0
 Installed QuantumInfo ── v0.1.0
 Installed StaticArrays ─ v0.12.1
  Updating `~/.julia/environments/v1.2/Project.toml`
  [bedefb8d] + QuantumInfo v0.1.0
  Updating `~/.julia/environments/v1.2/Manifest.toml`
  [276b0191] + Cliffords v0.6.0
  [bedefb8d] + QuantumInfo v0.1.0
  [90137ffa] + StaticArrays v0.12.1
  [2a0f44e3] + Base64 
  [8ba89e20] + Distributed 
  [b77e0a4c] + InteractiveUtils 
  [8f399da3] + Libdl 
  [37e2e46d] + LinearAlgebra 
  [56ddb016] + Logging 
  [d6f4376e] + Markdown 
  [9a3f8284] + Random 
  [9e88b42a] + Serialization 
  [6462fe0b] + Sockets 
  [2f01184e] + SparseArrays 
  [10745b16] + Statistics 
  [8dfed614] + Test 
   Testing QuantumInfo
    Status `/tmp/jl_356S41/Manifest.toml`
  [276b0191] Cliffords v0.6.0
  [bedefb8d] QuantumInfo v0.1.0
  [90137ffa] StaticArrays v0.12.1
  [2a0f44e3] Base64  [`@stdlib/Base64`]
  [8ba89e20] Distributed  [`@stdlib/Distributed`]
  [b77e0a4c] InteractiveUtils  [`@stdlib/InteractiveUtils`]
  [8f399da3] Libdl  [`@stdlib/Libdl`]
  [37e2e46d] LinearAlgebra  [`@stdlib/LinearAlgebra`]
  [56ddb016] Logging  [`@stdlib/Logging`]
  [d6f4376e] Markdown  [`@stdlib/Markdown`]
  [9a3f8284] Random  [`@stdlib/Random`]
  [9e88b42a] Serialization  [`@stdlib/Serialization`]
  [6462fe0b] Sockets  [`@stdlib/Sockets`]
  [2f01184e] SparseArrays  [`@stdlib/SparseArrays`]
  [10745b16] Statistics  [`@stdlib/Statistics`]
  [8dfed614] Test  [`@stdlib/Test`]
Test Summary: | Pass  Total
partial trace |  200    200
  5.717443 seconds (7.18 M allocations: 387.762 MiB, 2.95% gc time)
identity matrix is eye
Test Summary:             | Pass  Total
representation conversion |   16     16
  6.981715 seconds (8.72 M allocations: 439.234 MiB, 5.25% gc time)
identity matrix is alteye
Test Summary:             | Pass  Total
representation conversion |   16     16
  4.609301 seconds (6.86 M allocations: 338.546 MiB, 3.47% gc time)
Test Summary:  | Pass  Total
depolarization |    3      3
  0.888745 seconds (1.24 M allocations: 60.363 MiB, 3.61% gc time)
Test Summary:             | Pass  Total
density matrix properties |  700    700
  4.261326 seconds (4.26 M allocations: 219.640 MiB, 5.61% gc time)
   Testing QuantumInfo tests passed 
