 Resolving package versions...
 Installed QuantumInfo ── v0.1.0
 Installed Cliffords ──── v0.6.0
 Installed StaticArrays ─ v0.12.1
  Updating `~/.julia/environments/v1.3/Project.toml`
  [bedefb8d] + QuantumInfo v0.1.0
  Updating `~/.julia/environments/v1.3/Manifest.toml`
  [276b0191] + Cliffords v0.6.0
  [bedefb8d] + QuantumInfo v0.1.0
  [90137ffa] + StaticArrays v0.12.1
  [2a0f44e3] + Base64 
  [8ba89e20] + Distributed 
  [b77e0a4c] + InteractiveUtils 
  [8f399da3] + Libdl 
  [37e2e46d] + LinearAlgebra 
  [56ddb016] + Logging 
  [d6f4376e] + Markdown 
  [9a3f8284] + Random 
  [9e88b42a] + Serialization 
  [6462fe0b] + Sockets 
  [2f01184e] + SparseArrays 
  [10745b16] + Statistics 
  [8dfed614] + Test 
   Testing QuantumInfo
    Status `/tmp/jl_8I0cn6/Manifest.toml`
  [276b0191] Cliffords v0.6.0
  [bedefb8d] QuantumInfo v0.1.0
  [90137ffa] StaticArrays v0.12.1
  [2a0f44e3] Base64  [`@stdlib/Base64`]
  [8ba89e20] Distributed  [`@stdlib/Distributed`]
  [b77e0a4c] InteractiveUtils  [`@stdlib/InteractiveUtils`]
  [8f399da3] Libdl  [`@stdlib/Libdl`]
  [37e2e46d] LinearAlgebra  [`@stdlib/LinearAlgebra`]
  [56ddb016] Logging  [`@stdlib/Logging`]
  [d6f4376e] Markdown  [`@stdlib/Markdown`]
  [9a3f8284] Random  [`@stdlib/Random`]
  [9e88b42a] Serialization  [`@stdlib/Serialization`]
  [6462fe0b] Sockets  [`@stdlib/Sockets`]
  [2f01184e] SparseArrays  [`@stdlib/SparseArrays`]
  [10745b16] Statistics  [`@stdlib/Statistics`]
  [8dfed614] Test  [`@stdlib/Test`]
Test Summary: | Pass  Total
partial trace |  200    200
  6.021518 seconds (6.72 M allocations: 354.587 MiB, 8.82% gc time)
identity matrix is eye
Test Summary:             | Pass  Total
representation conversion |   16     16
  7.544941 seconds (8.96 M allocations: 444.007 MiB, 2.71% gc time)
identity matrix is alteye
Test Summary:             | Pass  Total
representation conversion |   16     16
  4.814916 seconds (6.82 M allocations: 330.829 MiB, 7.92% gc time)
Test Summary:  | Pass  Total
depolarization |    3      3
  0.990969 seconds (1.23 M allocations: 59.316 MiB, 10.90% gc time)
Test Summary:             | Pass  Total
density matrix properties |  700    700
  3.616943 seconds (4.92 M allocations: 248.769 MiB, 2.41% gc time)
   Testing QuantumInfo tests passed 
