 Resolving package versions...
 Installed DataAPI ───────────────────── v1.1.0
 Installed NeuralNetDiffEq ───────────── v1.0.1
 Installed Missings ──────────────────── v0.4.3
 Installed Inflate ───────────────────── v0.1.1
 Installed TableTraits ───────────────── v1.0.0
 Installed LineSearches ──────────────── v7.0.1
 Installed Colors ────────────────────── v0.9.6
 Installed DataFrames ────────────────── v0.19.4
 Installed BinaryProvider ────────────── v0.5.8
 Installed StatsFuns ─────────────────── v0.9.0
 Installed PDMats ────────────────────── v0.9.10
 Installed CommonSubexpressions ──────── v0.2.0
 Installed Tracker ───────────────────── v0.2.5
 Installed StatsBase ─────────────────── v0.32.0
 Installed DiffEqFlux ────────────────── v0.7.0
 Installed DiffEqBase ────────────────── v6.7.0
 Installed URIParser ─────────────────── v0.4.0
 Installed Adapt ─────────────────────── v1.0.0
 Installed NLSolversBase ─────────────── v7.5.0
 Installed ResettableStacks ──────────── v1.0.0
 Installed DataValueInterfaces ───────── v1.0.0
 Installed ExponentialUtilities ──────── v1.5.1
 Installed DocStringExtensions ───────── v0.8.1
 Installed Requires ──────────────────── v0.5.2
 Installed PooledArrays ──────────────── v0.5.2
 Installed InvertedIndices ───────────── v1.0.0
 Installed Reexport ──────────────────── v0.2.0
 Installed ForwardDiff ───────────────── v0.10.7
 Installed TimerOutputs ──────────────── v0.5.3
 Installed Compat ────────────────────── v2.2.0
 Installed VertexSafeGraphs ──────────── v0.1.0
 Installed Rmath ─────────────────────── v0.5.1
 Installed OrderedCollections ────────── v1.1.0
 Installed FunctionWrappers ──────────── v1.0.0
 Installed GenericSVD ────────────────── v0.2.2
 Installed NNlib ─────────────────────── v0.6.0
 Installed Tables ────────────────────── v0.2.11
 Installed Calculus ──────────────────── v0.5.1
 Installed Roots ─────────────────────── v0.8.3
 Installed DataStructures ────────────── v0.17.6
 Installed RecipesBase ───────────────── v0.7.0
 Installed GLM ───────────────────────── v1.3.4
 Installed TreeViews ─────────────────── v0.3.0
 Installed RandomNumbers ─────────────── v1.3.0
 Installed ShiftedArrays ─────────────── v1.0.0
 Installed FixedPointNumbers ─────────── v0.6.1
 Installed IterativeSolvers ──────────── v0.8.1
 Installed Parsers ───────────────────── v0.3.10
 Installed FillArrays ────────────────── v0.8.2
 Installed Distributions ─────────────── v0.21.9
 Installed LightGraphs ───────────────── v1.3.0
 Installed DiffEqDiffTools ───────────── v1.5.0
 Installed DiffRules ─────────────────── v0.1.0
 Installed TranscodingStreams ────────── v0.9.5
 Installed JSON ──────────────────────── v0.21.0
 Installed RecursiveFactorization ────── v0.1.0
 Installed SparseDiffTools ───────────── v1.0.0
 Installed StatsModels ───────────────── v0.6.7
 Installed RecursiveArrayTools ───────── v1.2.0
 Installed Media ─────────────────────── v0.5.0
 Installed CodecZlib ─────────────────── v0.6.0
 Installed ArrayInterface ────────────── v2.0.0
 Installed DiffResults ───────────────── v0.0.4
 Installed Juno ──────────────────────── v0.7.2
 Installed AbstractTrees ─────────────── v0.2.1
 Installed NaNMath ───────────────────── v0.3.3
 Installed StaticArrays ──────────────── v0.12.1
 Installed SimpleTraits ──────────────── v0.9.1
 Installed MuladdMacro ───────────────── v0.2.1
 Installed DiffEqSensitivity ─────────── v4.3.0
 Installed ZipFile ───────────────────── v0.8.3
 Installed Parameters ────────────────── v0.12.0
 Installed DiffEqNoiseProcess ────────── v3.6.0
 Installed CategoricalArrays ─────────── v0.7.3
 Installed IteratorInterfaceExtensions ─ v1.0.0
 Installed NLsolve ───────────────────── v4.2.0
 Installed QuadGK ────────────────────── v2.1.1
 Installed SortingAlgorithms ─────────── v0.3.1
 Installed Distances ─────────────────── v0.8.2
 Installed MacroTools ────────────────── v0.5.2
 Installed Flux ──────────────────────── v0.8.3
 Installed ColorTypes ────────────────── v0.8.0
 Installed StochasticDiffEq ──────────── v6.15.0
 Installed DiffEqCallbacks ───────────── v2.10.0
 Installed ArnoldiMethod ─────────────── v0.0.4
 Installed SpecialFunctions ──────────── v0.8.0
 Installed Arpack ────────────────────── v0.3.1
 Installed OrdinaryDiffEq ────────────── v5.25.0
 Installed BinDeps ───────────────────── v0.8.10
  Updating `~/.julia/environments/v1.2/Project.toml`
  [8faf48c0] + NeuralNetDiffEq v1.0.1
  Updating `~/.julia/environments/v1.2/Manifest.toml`
  [1520ce14] + AbstractTrees v0.2.1
  [79e6a3ab] + Adapt v1.0.0
  [ec485272] + ArnoldiMethod v0.0.4
  [7d9fca2a] + Arpack v0.3.1
  [4fba245c] + ArrayInterface v2.0.0
  [9e28174c] + BinDeps v0.8.10
  [b99e7846] + BinaryProvider v0.5.8
  [49dc2e85] + Calculus v0.5.1
  [324d7699] + CategoricalArrays v0.7.3
  [944b1d66] + CodecZlib v0.6.0
  [3da002f7] + ColorTypes v0.8.0
  [5ae59095] + Colors v0.9.6
  [bbf7d656] + CommonSubexpressions v0.2.0
  [34da2185] + Compat v2.2.0
  [9a962f9c] + DataAPI v1.1.0
  [a93c6f00] + DataFrames v0.19.4
  [864edb3b] + DataStructures v0.17.6
  [e2d170a0] + DataValueInterfaces v1.0.0
  [2b5f629d] + DiffEqBase v6.7.0
  [459566f4] + DiffEqCallbacks v2.10.0
  [01453d9d] + DiffEqDiffTools v1.5.0
  [aae7a2af] + DiffEqFlux v0.7.0
  [77a26b50] + DiffEqNoiseProcess v3.6.0
  [41bf760c] + DiffEqSensitivity v4.3.0
  [163ba53b] + DiffResults v0.0.4
  [b552c78f] + DiffRules v0.1.0
  [b4f34e82] + Distances v0.8.2
  [31c24e10] + Distributions v0.21.9
  [ffbed154] + DocStringExtensions v0.8.1
  [d4d017d3] + ExponentialUtilities v1.5.1
  [1a297f60] + FillArrays v0.8.2
  [53c48c17] + FixedPointNumbers v0.6.1
  [587475ba] + Flux v0.8.3
  [f6369f11] + ForwardDiff v0.10.7
  [069b7b12] + FunctionWrappers v1.0.0
  [38e38edf] + GLM v1.3.4
  [01680d73] + GenericSVD v0.2.2
  [d25df0c9] + Inflate v0.1.1
  [41ab1584] + InvertedIndices v1.0.0
  [42fd0dbc] + IterativeSolvers v0.8.1
  [82899510] + IteratorInterfaceExtensions v1.0.0
  [682c06a0] + JSON v0.21.0
  [e5e0dc1b] + Juno v0.7.2
  [093fc24a] + LightGraphs v1.3.0
  [d3d80556] + LineSearches v7.0.1
  [1914dd2f] + MacroTools v0.5.2
  [e89f7d12] + Media v0.5.0
  [e1d29d7a] + Missings v0.4.3
  [46d2c3a1] + MuladdMacro v0.2.1
  [d41bc354] + NLSolversBase v7.5.0
  [2774e3e8] + NLsolve v4.2.0
  [872c559c] + NNlib v0.6.0
  [77ba4419] + NaNMath v0.3.3
  [8faf48c0] + NeuralNetDiffEq v1.0.1
  [bac558e1] + OrderedCollections v1.1.0
  [1dea7af3] + OrdinaryDiffEq v5.25.0
  [90014a1f] + PDMats v0.9.10
  [d96e819e] + Parameters v0.12.0
  [69de0a69] + Parsers v0.3.10
  [2dfb63ee] + PooledArrays v0.5.2
  [1fd47b50] + QuadGK v2.1.1
  [e6cf234a] + RandomNumbers v1.3.0
  [3cdcf5f2] + RecipesBase v0.7.0
  [731186ca] + RecursiveArrayTools v1.2.0
  [f2c3362d] + RecursiveFactorization v0.1.0
  [189a3867] + Reexport v0.2.0
  [ae029012] + Requires v0.5.2
  [ae5879a3] + ResettableStacks v1.0.0
  [79098fc4] + Rmath v0.5.1
  [f2b01f46] + Roots v0.8.3
  [1277b4bf] + ShiftedArrays v1.0.0
  [699a6c99] + SimpleTraits v0.9.1
  [a2af1166] + SortingAlgorithms v0.3.1
  [47a9eef4] + SparseDiffTools v1.0.0
  [276daf66] + SpecialFunctions v0.8.0
  [90137ffa] + StaticArrays v0.12.1
  [2913bbd2] + StatsBase v0.32.0
  [4c63d2b9] + StatsFuns v0.9.0
  [3eaba693] + StatsModels v0.6.7
  [789caeaf] + StochasticDiffEq v6.15.0
  [3783bdb8] + TableTraits v1.0.0
  [bd369af6] + Tables v0.2.11
  [a759f4b9] + TimerOutputs v0.5.3
  [9f7883ad] + Tracker v0.2.5
  [3bb67fe8] + TranscodingStreams v0.9.5
  [a2a6695c] + TreeViews v0.3.0
  [30578b45] + URIParser v0.4.0
  [19fa3120] + VertexSafeGraphs v0.1.0
  [a5390f91] + ZipFile v0.8.3
  [2a0f44e3] + Base64 
  [ade2ca70] + Dates 
  [8bb1440f] + DelimitedFiles 
  [8ba89e20] + Distributed 
  [9fa8497b] + Future 
  [b77e0a4c] + InteractiveUtils 
  [76f85450] + LibGit2 
  [8f399da3] + Libdl 
  [37e2e46d] + LinearAlgebra 
  [56ddb016] + Logging 
  [d6f4376e] + Markdown 
  [a63ad114] + Mmap 
  [44cfe95a] + Pkg 
  [de0858da] + Printf 
  [9abbd945] + Profile 
  [3fa0cd96] + REPL 
  [9a3f8284] + Random 
  [ea8e919c] + SHA 
  [9e88b42a] + Serialization 
  [1a1011a3] + SharedArrays 
  [6462fe0b] + Sockets 
  [2f01184e] + SparseArrays 
  [10745b16] + Statistics 
  [4607b0f0] + SuiteSparse 
  [8dfed614] + Test 
  [cf7118a7] + UUIDs 
  [4ec0a83e] + Unicode 
  Building Rmath ───────────→ `~/.julia/packages/Rmath/4wt82/deps/build.log`
  Building CodecZlib ───────→ `~/.julia/packages/CodecZlib/5t9zO/deps/build.log`
  Building ZipFile ─────────→ `~/.julia/packages/ZipFile/oD4uG/deps/build.log`
  Building SpecialFunctions → `~/.julia/packages/SpecialFunctions/ne2iw/deps/build.log`
  Building Arpack ──────────→ `~/.julia/packages/Arpack/cu5By/deps/build.log`
   Testing NeuralNetDiffEq
 Resolving package versions...
 Installed DiffEqDevTools ─ v2.16.0
 Installed SafeTestsets ─── v0.0.1
    Status `/tmp/jl_PQANfP/Manifest.toml`
  [1520ce14] AbstractTrees v0.2.1
  [79e6a3ab] Adapt v1.0.0
  [ec485272] ArnoldiMethod v0.0.4
  [7d9fca2a] Arpack v0.3.1
  [4fba245c] ArrayInterface v2.0.0
  [9e28174c] BinDeps v0.8.10
  [b99e7846] BinaryProvider v0.5.8
  [49dc2e85] Calculus v0.5.1
  [324d7699] CategoricalArrays v0.7.3
  [944b1d66] CodecZlib v0.6.0
  [3da002f7] ColorTypes v0.8.0
  [5ae59095] Colors v0.9.6
  [bbf7d656] CommonSubexpressions v0.2.0
  [34da2185] Compat v2.2.0
  [9a962f9c] DataAPI v1.1.0
  [a93c6f00] DataFrames v0.19.4
  [864edb3b] DataStructures v0.17.6
  [e2d170a0] DataValueInterfaces v1.0.0
  [2b5f629d] DiffEqBase v6.7.0
  [459566f4] DiffEqCallbacks v2.10.0
  [f3b72e0c] DiffEqDevTools v2.16.0
  [01453d9d] DiffEqDiffTools v1.5.0
  [aae7a2af] DiffEqFlux v0.7.0
  [77a26b50] DiffEqNoiseProcess v3.6.0
  [41bf760c] DiffEqSensitivity v4.3.0
  [163ba53b] DiffResults v0.0.4
  [b552c78f] DiffRules v0.1.0
  [b4f34e82] Distances v0.8.2
  [31c24e10] Distributions v0.21.9
  [ffbed154] DocStringExtensions v0.8.1
  [d4d017d3] ExponentialUtilities v1.5.1
  [1a297f60] FillArrays v0.8.2
  [53c48c17] FixedPointNumbers v0.6.1
  [587475ba] Flux v0.8.3
  [f6369f11] ForwardDiff v0.10.7
  [069b7b12] FunctionWrappers v1.0.0
  [38e38edf] GLM v1.3.4
  [01680d73] GenericSVD v0.2.2
  [d25df0c9] Inflate v0.1.1
  [41ab1584] InvertedIndices v1.0.0
  [42fd0dbc] IterativeSolvers v0.8.1
  [82899510] IteratorInterfaceExtensions v1.0.0
  [682c06a0] JSON v0.21.0
  [e5e0dc1b] Juno v0.7.2
  [093fc24a] LightGraphs v1.3.0
  [d3d80556] LineSearches v7.0.1
  [1914dd2f] MacroTools v0.5.2
  [e89f7d12] Media v0.5.0
  [e1d29d7a] Missings v0.4.3
  [46d2c3a1] MuladdMacro v0.2.1
  [d41bc354] NLSolversBase v7.5.0
  [2774e3e8] NLsolve v4.2.0
  [872c559c] NNlib v0.6.0
  [77ba4419] NaNMath v0.3.3
  [8faf48c0] NeuralNetDiffEq v1.0.1
  [bac558e1] OrderedCollections v1.1.0
  [1dea7af3] OrdinaryDiffEq v5.25.0
  [90014a1f] PDMats v0.9.10
  [d96e819e] Parameters v0.12.0
  [69de0a69] Parsers v0.3.10
  [2dfb63ee] PooledArrays v0.5.2
  [1fd47b50] QuadGK v2.1.1
  [e6cf234a] RandomNumbers v1.3.0
  [3cdcf5f2] RecipesBase v0.7.0
  [731186ca] RecursiveArrayTools v1.2.0
  [f2c3362d] RecursiveFactorization v0.1.0
  [189a3867] Reexport v0.2.0
  [ae029012] Requires v0.5.2
  [ae5879a3] ResettableStacks v1.0.0
  [79098fc4] Rmath v0.5.1
  [f2b01f46] Roots v0.8.3
  [1bc83da4] SafeTestsets v0.0.1
  [1277b4bf] ShiftedArrays v1.0.0
  [699a6c99] SimpleTraits v0.9.1
  [a2af1166] SortingAlgorithms v0.3.1
  [47a9eef4] SparseDiffTools v1.0.0
  [276daf66] SpecialFunctions v0.8.0
  [90137ffa] StaticArrays v0.12.1
  [2913bbd2] StatsBase v0.32.0
  [4c63d2b9] StatsFuns v0.9.0
  [3eaba693] StatsModels v0.6.7
  [789caeaf] StochasticDiffEq v6.15.0
  [3783bdb8] TableTraits v1.0.0
  [bd369af6] Tables v0.2.11
  [a759f4b9] TimerOutputs v0.5.3
  [9f7883ad] Tracker v0.2.5
  [3bb67fe8] TranscodingStreams v0.9.5
  [a2a6695c] TreeViews v0.3.0
  [30578b45] URIParser v0.4.0
  [19fa3120] VertexSafeGraphs v0.1.0
  [a5390f91] ZipFile v0.8.3
  [2a0f44e3] Base64  [`@stdlib/Base64`]
  [ade2ca70] Dates  [`@stdlib/Dates`]
  [8bb1440f] DelimitedFiles  [`@stdlib/DelimitedFiles`]
  [8ba89e20] Distributed  [`@stdlib/Distributed`]
  [9fa8497b] Future  [`@stdlib/Future`]
  [b77e0a4c] InteractiveUtils  [`@stdlib/InteractiveUtils`]
  [76f85450] LibGit2  [`@stdlib/LibGit2`]
  [8f399da3] Libdl  [`@stdlib/Libdl`]
  [37e2e46d] LinearAlgebra  [`@stdlib/LinearAlgebra`]
  [56ddb016] Logging  [`@stdlib/Logging`]
  [d6f4376e] Markdown  [`@stdlib/Markdown`]
  [a63ad114] Mmap  [`@stdlib/Mmap`]
  [44cfe95a] Pkg  [`@stdlib/Pkg`]
  [de0858da] Printf  [`@stdlib/Printf`]
  [9abbd945] Profile  [`@stdlib/Profile`]
  [3fa0cd96] REPL  [`@stdlib/REPL`]
  [9a3f8284] Random  [`@stdlib/Random`]
  [ea8e919c] SHA  [`@stdlib/SHA`]
  [9e88b42a] Serialization  [`@stdlib/Serialization`]
  [1a1011a3] SharedArrays  [`@stdlib/SharedArrays`]
  [6462fe0b] Sockets  [`@stdlib/Sockets`]
  [2f01184e] SparseArrays  [`@stdlib/SparseArrays`]
  [10745b16] Statistics  [`@stdlib/Statistics`]
  [4607b0f0] SuiteSparse  [`@stdlib/SuiteSparse`]
  [8dfed614] Test  [`@stdlib/Test`]
  [cf7118a7] UUIDs  [`@stdlib/UUIDs`]
  [4ec0a83e] Unicode  [`@stdlib/Unicode`]
Current loss is: 18.448982241658854 (tracked)
Current loss is: 10.374146131055301 (tracked)
Current loss is: 10.527179656402213 (tracked)
Current loss is: 13.363733291572894 (tracked)
Current loss is: 11.856168068842843 (tracked)
Current loss is: 9.246405240717484 (tracked)
Current loss is: 8.81409109253996 (tracked)
Current loss is: 10.219309413227057 (tracked)
Current loss is: 10.830146779532422 (tracked)
Current loss is: 9.81409424985938 (tracked)
Current loss is: 8.632150624857681 (tracked)
Current loss is: 8.53996573847367 (tracked)
Current loss is: 9.307379520759124 (tracked)
Current loss is: 9.763864630297709 (tracked)
Current loss is: 9.360380275742711 (tracked)
Current loss is: 8.659721015247126 (tracked)
Current loss is: 8.448188940864664 (tracked)
Current loss is: 8.843475535814854 (tracked)
Current loss is: 9.22227276192536 (tracked)
Current loss is: 9.073682256924883 (tracked)
Current loss is: 8.630325424270719 (tracked)
Current loss is: 8.435370858833851 (tracked)
Current loss is: 8.64185799205782 (tracked)
Current loss is: 8.888478192399528 (tracked)
Current loss is: 8.820029022680304 (tracked)
Current loss is: 8.533460904545262 (tracked)
Current loss is: 8.384059981373138 (tracked)
Current loss is: 8.505651194317398 (tracked)
Current loss is: 8.655667450142213 (tracked)
Current loss is: 8.584572763019114 (tracked)
Current loss is: 8.389601148832249 (tracked)
Current loss is: 8.328071632031142 (tracked)
Current loss is: 8.434091809217076 (tracked)
Current loss is: 8.496881807197695 (tracked)
Current loss is: 8.399381972692542 (tracked)
Current loss is: 8.280198794744456 (tracked)
Current loss is: 8.293862221939666 (tracked)
Current loss is: 8.367777854309587 (tracked)
Current loss is: 8.338218136722597 (tracked)
Current loss is: 8.23217963189951 (tracked)
Current loss is: 8.198923590625094 (tracked)
Current loss is: 8.239678178828843 (tracked)
Current loss is: 8.220592259191449 (tracked)
Current loss is: 8.126735364147867 (tracked)
Current loss is: 8.075878368958142 (tracked)
Current loss is: 8.083817269451195 (tracked)
Current loss is: 8.041415748826592 (tracked)
Current loss is: 7.942837863525639 (tracked)
Current loss is: 7.885249275886492 (tracked)
Current loss is: 7.85579514943822 (tracked)
Current loss is: 7.7694447604142525 (tracked)
Current loss is: 7.658862295970417 (tracked)
Current loss is: 7.587627548510851 (tracked)
Current loss is: 7.500821738275347 (tracked)
Current loss is: 7.361827775566411 (tracked)
Current loss is: 7.233912275436963 (tracked)
Current loss is: 7.1144615044701665 (tracked)
Current loss is: 6.947039247075881 (tracked)
Current loss is: 6.76505504229597 (tracked)
Current loss is: 6.593639214627672 (tracked)
Current loss is: 6.384362865068825 (tracked)
Current loss is: 6.149272139816236 (tracked)
Current loss is: 5.920422937735092 (tracked)
Current loss is: 5.663077805381691 (tracked)
Current loss is: 5.379834213674352 (tracked)
Current loss is: 5.099957919008129 (tracked)
Current loss is: 4.799753991639234 (tracked)
Current loss is: 4.480090299564561 (tracked)
Current loss is: 4.165094208315633 (tracked)
Current loss is: 3.8390978805798066 (tracked)
Current loss is: 3.5025853221029397 (tracked)
Current loss is: 3.17470024851196 (tracked)
Current loss is: 2.84751206893601 (tracked)
Current loss is: 2.522100471127711 (tracked)
Current loss is: 2.2132534579937495 (tracked)
Current loss is: 1.918047829015987 (tracked)
Current loss is: 1.635809832035261 (tracked)
Current loss is: 1.3769017698090806 (tracked)
Current loss is: 1.1423392080572787 (tracked)
Current loss is: 0.929339916096362 (tracked)
Current loss is: 0.7418004038152269 (tracked)
Current loss is: 0.5819504237449117 (tracked)
Current loss is: 0.44704610212206564 (tracked)
Current loss is: 0.3352121497762913 (tracked)
Current loss is: 0.2459417030186374 (tracked)
Current loss is: 0.1769572848170033 (tracked)
Current loss is: 0.12446794106335593 (tracked)
Current loss is: 0.08515576277139365 (tracked)
Current loss is: 0.05660643928339078 (tracked)
Current loss is: 0.036681176359354015 (tracked)
Current loss is: 0.023257044759235453 (tracked)
Current loss is: 0.014437432441255062 (tracked)
Current loss is: 0.008751749556808687 (tracked)
Current loss is: 0.00515894607303202 (tracked)
Current loss is: 0.0029462867458949884 (tracked)
Current loss is: 0.0016284501070961052 (tracked)
Current loss is: 0.0008789566136911091 (tracked)
Current loss is: 0.0004860833242182739 (tracked)
Current loss is: 0.00032058845690816995 (tracked)
Current loss is: 0.0003093589909439381 (tracked)
Current loss is: 0.00041395671153886574 (tracked)
Current loss is: 0.0006142985762823871 (tracked)
Current loss is: 0.0008975491958400491 (tracked)
Current loss is: 0.0012521923241160377 (tracked)
Current loss is: 0.0016668543935266637 (tracked)
Current loss is: 0.0021330646460696033 (tracked)
Current loss is: 0.002649758008528775 (tracked)
Current loss is: 0.003226027634441987 (tracked)
Current loss is: 0.003877351345308782 (tracked)
Current loss is: 0.004612304282764249 (tracked)
Current loss is: 0.005413057621121456 (tracked)
Current loss is: 0.006223679234503503 (tracked)
Current loss is: 0.006964620228468948 (tracked)
Current loss is: 0.007576392689349142 (tracked)
Current loss is: 0.00805931061198026 (tracked)
Current loss is: 0.008464122821036157 (tracked)
Current loss is: 0.008830835704146816 (tracked)
Current loss is: 0.009134161928331322 (tracked)
Current loss is: 0.009294268702603161 (tracked)
Current loss is: 0.009245043631964782 (tracked)
Current loss is: 0.008993477949248898 (tracked)
Current loss is: 0.008614871819131127 (tracked)
Current loss is: 0.00819502751572827 (tracked)
Current loss is: 0.0077749964212200234 (tracked)
Current loss is: 0.007341150531624759 (tracked)
Current loss is: 0.006858938124328905 (tracked)
Current loss is: 0.006315143319073917 (tracked)
Current loss is: 0.005732979381725301 (tracked)
Current loss is: 0.005153704325415013 (tracked)
Current loss is: 0.004609997093030997 (tracked)
Current loss is: 0.004113683804784319 (tracked)
Current loss is: 0.003660972113151113 (tracked)
Current loss is: 0.003244288499827424 (tracked)
Current loss is: 0.002860299488059863 (tracked)
Current loss is: 0.002511113009026877 (tracked)
Current loss is: 0.002200774834073217 (tracked)
Current loss is: 0.001931089655191449 (tracked)
Current loss is: 0.001699270942175424 (tracked)
Current loss is: 0.0014989224220627257 (tracked)
Current loss is: 0.0013229324823847914 (tracked)
Current loss is: 0.0011663613334454686 (tracked)
Current loss is: 0.0010272884273829245 (tracked)
Current loss is: 0.0009057666012372157 (tracked)
Current loss is: 0.0008019857914534542 (tracked)
Current loss is: 0.0007150548665525189 (tracked)
Current loss is: 0.0006428963729071769 (tracked)
Current loss is: 0.000582769391799254 (tracked)
Current loss is: 0.0005319604688926073 (tracked)
Current loss is: 0.00048824473689819116 (tracked)
Current loss is: 0.0004500497115497733 (tracked)
Current loss is: 0.0004164157853634644 (tracked)
Current loss is: 0.00038681892354597975 (tracked)
Current loss is: 0.0003609510040266033 (tracked)
Current loss is: 0.00033857497406832634 (tracked)
Current loss is: 0.0003193867059835386 (tracked)
Current loss is: 0.0003029803206191454 (tracked)
Current loss is: 0.00028887101025613937 (tracked)
Current loss is: 0.00027656099768020974 (tracked)
Current loss is: 0.0002656155083434886 (tracked)
Current loss is: 0.00025572824367076487 (tracked)
Current loss is: 0.0002467569967370198 (tracked)
Current loss is: 0.00023868599717648107 (tracked)
Current loss is: 0.00023157863915729328 (tracked)
Current loss is: 0.00022549358940438695 (tracked)
Current loss is: 0.00022043123323002423 (tracked)
Current loss is: 0.00021629665700990535 (tracked)
Current loss is: 0.0002129080801827246 (tracked)
Current loss is: 0.00021004413767330808 (tracked)
Current loss is: 0.00020751158231936706 (tracked)
Current loss is: 0.00020519993689646353 (tracked)
Current loss is: 0.0002031013259667427 (tracked)
Current loss is: 0.00020128549016010206 (tracked)
Current loss is: 0.00019984153492647006 (tracked)
Current loss is: 0.00019880858820379678 (tracked)
Current loss is: 0.0001981429796010209 (tracked)
Current loss is: 0.00019772142671048329 (tracked)
Current loss is: 0.00019740718227573292 (tracked)
Current loss is: 0.0001970990746387405 (tracked)
Current loss is: 0.00019678696702994468 (tracked)
Current loss is: 0.00019652319565311333 (tracked)
Current loss is: 0.00019637620528369993 (tracked)
Current loss is: 0.00019636854637947626 (tracked)
Current loss is: 0.00019645531412204224 (tracked)
Current loss is: 0.00019654754568682715 (tracked)
Current loss is: 0.00019656676638788885 (tracked)
Current loss is: 0.00019649436902093904 (tracked)
Current loss is: 0.0001963797198425785 (tracked)
Current loss is: 0.0001962750820854184 (tracked)
Current loss is: 0.0001961993287504325 (tracked)
Current loss is: 0.00019612127348070393 (tracked)
Current loss is: 0.0001959753181873421 (tracked)
Current loss is: 0.0001957333199099102 (tracked)
Current loss is: 0.00019541266666123458 (tracked)
Current loss is: 0.00019505724871308417 (tracked)
Current loss is: 0.00019470547038445913 (tracked)
Current loss is: 0.000194340884260268 (tracked)
Current loss is: 0.0001939305188600924 (tracked)
Current loss is: 0.00019345348595419093 (tracked)
Current loss is: 0.0001929293136410329 (tracked)
Current loss is: 0.00019239367390508865 (tracked)
Current loss is: 8.786105103828252 (tracked)
Current loss is: 14.32786999455445 (tracked)
Current loss is: 13.04201783543174 (tracked)
Current loss is: 9.548551128858747 (tracked)
Current loss is: 8.533009793642387 (tracked)
Current loss is: 9.834169889839426 (tracked)
Current loss is: 11.073351665480535 (tracked)
Current loss is: 10.836111299879466 (tracked)
Current loss is: 9.662299148543097 (tracked)
Current loss is: 8.682803769610572 (tracked)
Current loss is: 8.542752387867578 (tracked)
Current loss is: 9.099424757223325 (tracked)
Current loss is: 9.67436447188592 (tracked)
Current loss is: 9.72517724837872 (tracked)
Current loss is: 9.27178699702036 (tracked)
Current loss is: 8.73311590020361 (tracked)
Current loss is: 8.500264881184405 (tracked)
Current loss is: 8.65811660547241 (tracked)
Current loss is: 8.981690481764902 (tracked)
Current loss is: 9.152978469180178 (tracked)
Current loss is: 9.034162501023934 (tracked)
Current loss is: 8.746572389445543 (tracked)
Current loss is: 8.52367826761015 (tracked)
Current loss is: 8.514709657104296 (tracked)
Current loss is: 8.674514621620585 (tracked)
Current loss is: 8.819391845506816 (tracked)
Current loss is: 8.80275041298662 (tracked)
Current loss is: 8.64550585351452 (tracked)
Current loss is: 8.491432564856735 (tracked)
Current loss is: 8.463272081672159 (tracked)
Current loss is: 8.550488912249133 (tracked)
Current loss is: 8.636082901283725 (tracked)
Current loss is: 8.616895815183202 (tracked)
Current loss is: 8.509153857077928 (tracked)
Current loss is: 8.417985218291005 (tracked)
Current loss is: 8.420177700886695 (tracked)
Current loss is: 8.479927763728814 (tracked)
Current loss is: 8.5043945006631 (tracked)
Current loss is: 8.44847000713958 (tracked)
Current loss is: 8.36609586376511 (tracked)
Current loss is: 8.337353211253815 (tracked)
Current loss is: 8.363183262847194 (tracked)
Current loss is: 8.373873955417531 (tracked)
Current loss is: 8.322669454003517 (tracked)
Current loss is: 8.249664572641729 (tracked)
Current loss is: 8.217262580058774 (tracked)
Current loss is: 8.21433577474474 (tracked)
Current loss is: 8.185363682600249 (tracked)
Current loss is: 8.107221059428666 (tracked)
Current loss is: 8.027177924651756 (tracked)
Current loss is: 7.976955468095583 (tracked)
Current loss is: 7.921190712878948 (tracked)
Current loss is: 7.818235604892156 (tracked)
Current loss is: 7.693669642817809 (tracked)
Current loss is: 7.582970882220275 (tracked)
Current loss is: 7.462285764155917 (tracked)
Current loss is: 7.298603256272178 (tracked)
Current loss is: 7.107197461374352 (tracked)
Current loss is: 6.920130505392956 (tracked)
Current loss is: 6.716862712592794 (tracked)
Current loss is: 6.47299030078323 (tracked)
Current loss is: 6.214796586789138 (tracked)
Current loss is: 5.954882353743282 (tracked)
Current loss is: 5.672572609528869 (tracked)
Current loss is: 5.359342003708569 (tracked)
Current loss is: 5.041515657451176 (tracked)
Current loss is: 4.71226868118497 (tracked)
Current loss is: 4.357516487180724 (tracked)
Current loss is: 3.9855161983008607 (tracked)
Current loss is: 3.6141937741363375 (tracked)
Current loss is: 3.2390500331578673 (tracked)
Current loss is: 2.864258789794537 (tracked)
Current loss is: 2.5004052229675944 (tracked)
Current loss is: 2.153294760448316 (tracked)
Current loss is: 1.8200644133496218 (tracked)
Current loss is: 1.5063954382638962 (tracked)
Current loss is: 1.2227738250381541 (tracked)
Current loss is: 0.9689809046422243 (tracked)
Current loss is: 0.7453814372037257 (tracked)
Current loss is: 0.5558965531949979 (tracked)
Current loss is: 0.40245979077057686 (tracked)
Current loss is: 0.2820372811196468 (tracked)
Current loss is: 0.19071425493860647 (tracked)
Current loss is: 0.12411240710843954 (tracked)
Current loss is: 0.07801478417445076 (tracked)
Current loss is: 0.04725858432524882 (tracked)
Current loss is: 0.027445237526477567 (tracked)
Current loss is: 0.015076349112268513 (tracked)
Current loss is: 0.007765388083119701 (tracked)
Current loss is: 0.0036981892430396957 (tracked)
Current loss is: 0.001599227211270469 (tracked)
Current loss is: 0.000651477196494832 (tracked)
Current loss is: 0.00040384889534415846 (tracked)
Current loss is: 0.0006724216345238486 (tracked)
Current loss is: 0.0014129480010617317 (tracked)
Current loss is: 0.002627800159997953 (tracked)
Current loss is: 0.004182498887457516 (tracked)
Current loss is: 0.005921401716642653 (tracked)
Current loss is: 0.007456688459216416 (tracked)
Current loss is: 0.00877183133628741 (tracked)
Current loss is: 0.010112242736460792 (tracked)
Current loss is: 0.012187018810267725 (tracked)
Current loss is: 0.0158135934796202 (tracked)
Current loss is: 0.020230204059976494 (tracked)
Current loss is: 0.023075992587163807 (tracked)
Current loss is: 0.023793010669437554 (tracked)
Current loss is: 0.024165545366951424 (tracked)
Current loss is: 0.025633854301978787 (tracked)
Current loss is: 0.027269013093127042 (tracked)
Current loss is: 0.027153875653526657 (tracked)
Current loss is: 0.02514290471528354 (tracked)
Current loss is: 0.02285312281322332 (tracked)
Current loss is: 0.021053200797492035 (tracked)
Current loss is: 0.019621751208035602 (tracked)
Current loss is: 0.017410443532656295 (tracked)
Current loss is: 0.014628360796158986 (tracked)
Current loss is: 0.012157831834616457 (tracked)
Current loss is: 0.010360006480338812 (tracked)
Current loss is: 0.008911315531717047 (tracked)
Current loss is: 0.007507821268958291 (tracked)
Current loss is: 0.00619619963587727 (tracked)
Current loss is: 0.004886774588502663 (tracked)
Current loss is: 0.003815877352211083 (tracked)
Current loss is: 0.0030631615380480133 (tracked)
Current loss is: 0.0025229904751161007 (tracked)
Current loss is: 0.00213271625907177 (tracked)
Current loss is: 0.00181470695744474 (tracked)
Current loss is: 0.0015122119419057065 (tracked)
Current loss is: 0.0012487967405030134 (tracked)
Current loss is: 0.0010166479269334654 (tracked)
Current loss is: 0.0008202826741494067 (tracked)
Current loss is: 0.0006904396096937372 (tracked)
Current loss is: 0.0005978615812936314 (tracked)
Current loss is: 0.0005327162348598665 (tracked)
Current loss is: 0.0004920399599910801 (tracked)
Current loss is: 0.0004424596310574733 (tracked)
Current loss is: 0.00040491881331796526 (tracked)
Current loss is: 0.0003719169560945059 (tracked)
Current loss is: 0.0003407086847568839 (tracked)
Current loss is: 0.00031203284493222934 (tracked)
Current loss is: 0.0002871945071066949 (tracked)
Current loss is: 0.000270359970953167 (tracked)
Current loss is: 0.00025550389133358476 (tracked)
Current loss is: 0.00024392902327982665 (tracked)
Current loss is: 0.00024366235149764518 (tracked)
Current loss is: 0.0002436812129473737 (tracked)
Current loss is: 0.00024379765646068046 (tracked)
Current loss is: 0.00024242957595164776 (tracked)
Current loss is: 0.00024570350152628605 (tracked)
Current loss is: 0.00024905498932149996 (tracked)
Current loss is: 0.0002501791524475355 (tracked)
Current loss is: 0.0002545949069003921 (tracked)
Current loss is: 0.0002566347161942263 (tracked)
Current loss is: 0.0002632333728529614 (tracked)
Current loss is: 0.0002665004388283308 (tracked)
Current loss is: 0.00026959713027063033 (tracked)
Current loss is: 0.000275034400378387 (tracked)
Current loss is: 0.000275497097501683 (tracked)
Current loss is: 0.00027703329644013496 (tracked)
Current loss is: 0.0002767024532688626 (tracked)
Current loss is: 0.00027941670244192575 (tracked)
Current loss is: 0.00027718275979598454 (tracked)
Current loss is: 0.00027889237375452205 (tracked)
Current loss is: 0.00027986094993911277 (tracked)
Current loss is: 0.00027599686704732405 (tracked)
Current loss is: 0.00027423729914211194 (tracked)
Current loss is: 0.0002707675280146388 (tracked)
Current loss is: 0.0002678164817827261 (tracked)
Current loss is: 0.0002664755359642682 (tracked)
Current loss is: 0.00026545605324173027 (tracked)
Current loss is: 0.00026128192557484033 (tracked)
Current loss is: 0.00025767530590089393 (tracked)
Current loss is: 0.0002569157165803563 (tracked)
Current loss is: 0.0002504823837930275 (tracked)
Current loss is: 0.00024981305834197116 (tracked)
Current loss is: 0.0002469503289312231 (tracked)
Current loss is: 0.00024660074306058044 (tracked)
Current loss is: 0.00023951812154287974 (tracked)
Current loss is: 0.0002390318179981833 (tracked)
Current loss is: 0.00023445612490096947 (tracked)
Current loss is: 0.00023608457375643362 (tracked)
Current loss is: 0.0002322176589316453 (tracked)
Current loss is: 0.00022840640641892378 (tracked)
Current loss is: 0.00022682514040751816 (tracked)
Current loss is: 0.0002280305872371454 (tracked)
Current loss is: 0.00022300144498168693 (tracked)
Current loss is: 0.0002229164315292305 (tracked)
Current loss is: 0.00022100801075771993 (tracked)
Current loss is: 0.0002206173665465835 (tracked)
Current loss is: 0.00021963442483929646 (tracked)
Current loss is: 0.0002196728582294585 (tracked)
Current loss is: 0.00021848701603857396 (tracked)
Current loss is: 0.00021978758019187684 (tracked)
Current loss is: 0.00021462060177306202 (tracked)
Current loss is: 0.00021742951936629188 (tracked)
Current loss is: 0.00021689710098837635 (tracked)
Current loss is: 0.00021509308898582513 (tracked)
Current loss is: 0.00021539086151072082 (tracked)
Current loss is: 0.00021124792401305657 (tracked)
Current loss is: 0.00021352583898029062 (tracked)
Current loss is: 171.2661f0 (tracked)
Current loss is: 24.458975f0 (tracked)
Current loss is: 3.0280206f0 (tracked)
Current loss is: 4.084134f0 (tracked)
Current loss is: 10.733472f0 (tracked)
Current loss is: 23.157463f0 (tracked)
Current loss is: 42.10168f0 (tracked)
Current loss is: 64.93713f0 (tracked)
Current loss is: 85.87723f0 (tracked)
Current loss is: 98.80057f0 (tracked)
Current loss is: 100.39648f0 (tracked)
Current loss is: 91.7313f0 (tracked)
Current loss is: 76.7373f0 (tracked)
Current loss is: 59.9051f0 (tracked)
Current loss is: 44.384583f0 (tracked)
Current loss is: 31.773317f0 (tracked)
Current loss is: 22.33f0 (tracked)
Current loss is: 15.623047f0 (tracked)
Current loss is: 10.978744f0 (tracked)
Current loss is: 7.787054f0 (tracked)
Current loss is: 5.5898213f0 (tracked)
Current loss is: 4.0888f0 (tracked)
Current loss is: 3.116183f0 (tracked)
Current loss is: 2.5897305f0 (tracked)
Current loss is: 2.4616802f0 (tracked)
Current loss is: 2.7046986f0 (tracked)
Current loss is: 3.2838001f0 (tracked)
Current loss is: 4.13469f0 (tracked)
Current loss is: 5.1638823f0 (tracked)
Current loss is: 6.26116f0 (tracked)
Current loss is: 7.284923f0 (tracked)
Current loss is: 8.108504f0 (tracked)
Current loss is: 8.636788f0 (tracked)
Current loss is: 8.805572f0 (tracked)
Current loss is: 8.604536f0 (tracked)
Current loss is: 8.098439f0 (tracked)
Current loss is: 7.3567834f0 (tracked)
Current loss is: 6.479912f0 (tracked)
Current loss is: 5.564341f0 (tracked)
Current loss is: 4.7025547f0 (tracked)
Current loss is: 3.932641f0 (tracked)
Current loss is: 3.2958946f0 (tracked)
Current loss is: 2.8008394f0 (tracked)
Current loss is: 2.4491925f0 (tracked)
Current loss is: 2.2172546f0 (tracked)
Current loss is: 2.0879183f0 (tracked)
Current loss is: 2.0376391f0 (tracked)
Current loss is: 2.0503054f0 (tracked)
Current loss is: 2.1009407f0 (tracked)
Current loss is: 2.1760292f0 (tracked)
Current loss is: 2.2620025f0 (tracked)
Current loss is: 2.3433123f0 (tracked)
Current loss is: 2.4155648f0 (tracked)
Current loss is: 2.4693105f0 (tracked)
Current loss is: 2.5009031f0 (tracked)
Current loss is: 2.5077424f0 (tracked)
Current loss is: 2.4893825f0 (tracked)
Current loss is: 2.4456158f0 (tracked)
Current loss is: 2.3822865f0 (tracked)
Current loss is: 2.2976148f0 (tracked)
Current loss is: 2.2022655f0 (tracked)
Current loss is: 2.098067f0 (tracked)
Current loss is: 1.9891045f0 (tracked)
Current loss is: 1.882317f0 (tracked)
Current loss is: 1.7806318f0 (tracked)
Current loss is: 1.6873528f0 (tracked)
Current loss is: 1.6084263f0 (tracked)
Current loss is: 1.5420438f0 (tracked)
Current loss is: 1.4915249f0 (tracked)
Current loss is: 1.4542903f0 (tracked)
Current loss is: 1.42811f0 (tracked)
Current loss is: 1.4137913f0 (tracked)
Current loss is: 1.4034615f0 (tracked)
Current loss is: 1.3967257f0 (tracked)
Current loss is: 1.3888271f0 (tracked)
Current loss is: 1.376183f0 (tracked)
Current loss is: 1.3570583f0 (tracked)
Current loss is: 1.330546f0 (tracked)
Current loss is: 1.2975636f0 (tracked)
Current loss is: 1.2590537f0 (tracked)
Current loss is: 1.2150071f0 (tracked)
Current loss is: 1.1706393f0 (tracked)
Current loss is: 1.1271942f0 (tracked)
Current loss is: 1.0844764f0 (tracked)
Current loss is: 1.0465479f0 (tracked)
Current loss is: 1.0121723f0 (tracked)
Current loss is: 0.98165214f0 (tracked)
Current loss is: 0.9549197f0 (tracked)
Current loss is: 0.9303147f0 (tracked)
Current loss is: 0.9077475f0 (tracked)
Current loss is: 0.8856572f0 (tracked)
Current loss is: 0.86245304f0 (tracked)
Current loss is: 0.83900225f0 (tracked)
Current loss is: 0.81362844f0 (tracked)
Current loss is: 0.7865654f0 (tracked)
Current loss is: 0.7591352f0 (tracked)
Current loss is: 0.7309792f0 (tracked)
Current loss is: 0.7025213f0 (tracked)
Current loss is: 0.6739632f0 (tracked)
Current loss is: 0.6469798f0 (tracked)
Current loss is: 1.6339461f0 (tracked)
Current loss is: 1.4770452f0 (tracked)
Current loss is: 1.3448889f0 (tracked)
Current loss is: 1.2557976f0 (tracked)
Current loss is: 1.2108283f0 (tracked)
Current loss is: 1.1839797f0 (tracked)
Current loss is: 1.1481338f0 (tracked)
Current loss is: 1.0820589f0 (tracked)
Current loss is: 0.9849314f0 (tracked)
Current loss is: 0.87539244f0 (tracked)
Current loss is: 0.7727642f0 (tracked)
Current loss is: 0.69257295f0 (tracked)
Current loss is: 0.6362399f0 (tracked)
Current loss is: 0.5948211f0 (tracked)
Current loss is: 0.5585604f0 (tracked)
Current loss is: 0.5185593f0 (tracked)
Current loss is: 0.4712293f0 (tracked)
Current loss is: 0.41808602f0 (tracked)
Current loss is: 0.36605105f0 (tracked)
Current loss is: 0.3197686f0 (tracked)
Current loss is: 0.2836526f0 (tracked)
Current loss is: 0.25755292f0 (tracked)
Current loss is: 0.2384494f0 (tracked)
Current loss is: 0.22224726f0 (tracked)
Current loss is: 0.20557493f0 (tracked)
Current loss is: 0.18676957f0 (tracked)
Current loss is: 0.16630614f0 (tracked)
Current loss is: 0.14621872f0 (tracked)
Current loss is: 0.12890151f0 (tracked)
Current loss is: 0.11521462f0 (tracked)
Current loss is: 0.10526976f0 (tracked)
Current loss is: 0.0978879f0 (tracked)
Current loss is: 0.091949314f0 (tracked)
Current loss is: 0.086206935f0 (tracked)
Current loss is: 0.07991473f0 (tracked)
Current loss is: 0.07314217f0 (tracked)
Current loss is: 0.06621976f0 (tracked)
Current loss is: 0.059800882f0 (tracked)
Current loss is: 0.054371856f0 (tracked)
Current loss is: 0.05006508f0 (tracked)
Current loss is: 0.04688885f0 (tracked)
Current loss is: 0.044501487f0 (tracked)
Current loss is: 0.042429093f0 (tracked)
Current loss is: 0.0403453f0 (tracked)
Current loss is: 0.037907064f0 (tracked)
Current loss is: 0.035376865f0 (tracked)
Current loss is: 0.032723185f0 (tracked)
Current loss is: 0.030289322f0 (tracked)
Current loss is: 0.028260306f0 (tracked)
Current loss is: 0.026598446f0 (tracked)
Current loss is: 0.02531445f0 (tracked)
Current loss is: 0.024300855f0 (tracked)
Current loss is: 0.023287404f0 (tracked)
Current loss is: 0.022256281f0 (tracked)
Current loss is: 0.021209667f0 (tracked)
Current loss is: 0.019994536f0 (tracked)
Current loss is: 0.018830795f0 (tracked)
Current loss is: 0.01783925f0 (tracked)
Current loss is: 0.016918834f0 (tracked)
Current loss is: 0.016189532f0 (tracked)
Current loss is: 0.015602153f0 (tracked)
Current loss is: 0.015062967f0 (tracked)
Current loss is: 0.014583395f0 (tracked)
Current loss is: 0.014052045f0 (tracked)
Current loss is: 0.013472907f0 (tracked)
Current loss is: 0.012905145f0 (tracked)
Current loss is: 0.012344821f0 (tracked)
Current loss is: 0.011903195f0 (tracked)
Current loss is: 0.011495069f0 (tracked)
Current loss is: 0.011136954f0 (tracked)
Current loss is: 0.010851359f0 (tracked)
Current loss is: 0.010575287f0 (tracked)
Current loss is: 0.010303946f0 (tracked)
Current loss is: 0.009986745f0 (tracked)
Current loss is: 0.009726788f0 (tracked)
Current loss is: 0.00949521f0 (tracked)
Current loss is: 0.009227207f0 (tracked)
Current loss is: 0.009078672f0 (tracked)
Current loss is: 0.008913289f0 (tracked)
Current loss is: 0.008750534f0 (tracked)
Current loss is: 0.008625705f0 (tracked)
Current loss is: 0.00848719f0 (tracked)
Current loss is: 0.008356113f0 (tracked)
Current loss is: 0.008217734f0 (tracked)
Current loss is: 0.008096738f0 (tracked)
Current loss is: 0.008011926f0 (tracked)
Current loss is: 0.007918611f0 (tracked)
Current loss is: 0.00783363f0 (tracked)
Current loss is: 0.007770397f0 (tracked)
Current loss is: 0.007676543f0 (tracked)
Current loss is: 0.0076161935f0 (tracked)
Current loss is: 0.0075338865f0 (tracked)
Current loss is: 0.0074433684f0 (tracked)
Current loss is: 0.0073727896f0 (tracked)
Current loss is: 0.007306169f0 (tracked)
Current loss is: 0.00723596f0 (tracked)
Current loss is: 0.00716665f0 (tracked)
Current loss is: 0.0070829755f0 (tracked)
Current loss is: 0.007033307f0 (tracked)
Current loss is: 0.006936601f0 (tracked)
Current loss is: 12.817976f0 (tracked)
Current loss is: 3.2150145f0 (tracked)
Current loss is: 0.74079007f0 (tracked)
Current loss is: 0.15503283f0 (tracked)
Current loss is: 0.12122404f0 (tracked)
Current loss is: 0.38634646f0 (tracked)
Current loss is: 0.9184036f0 (tracked)
Current loss is: 1.6464368f0 (tracked)
Current loss is: 2.3973176f0 (tracked)
Current loss is: 2.9503162f0 (tracked)
Current loss is: 3.1523848f0 (tracked)
Current loss is: 2.989891f0 (tracked)
Current loss is: 2.5661345f0 (tracked)
Current loss is: 2.0265293f0 (tracked)
Current loss is: 1.493804f0 (tracked)
Current loss is: 1.0404515f0 (tracked)
Current loss is: 0.6919681f0 (tracked)
Current loss is: 0.44336173f0 (tracked)
Current loss is: 0.275732f0 (tracked)
Current loss is: 0.1674492f0 (tracked)
Current loss is: 0.09974222f0 (tracked)
Current loss is: 0.058463596f0 (tracked)
Current loss is: 0.033869095f0 (tracked)
Current loss is: 0.019663975f0 (tracked)
Current loss is: 0.011970429f0 (tracked)
Current loss is: 0.008479235f0 (tracked)
Current loss is: 0.007838386f0 (tracked)
Current loss is: 0.00924754f0 (tracked)
Current loss is: 0.012204689f0 (tracked)
Current loss is: 0.016355982f0 (tracked)
Current loss is: 0.021411762f0 (tracked)
Current loss is: 0.027103812f0 (tracked)
Current loss is: 0.033167318f0 (tracked)
Current loss is: 0.039337337f0 (tracked)
Current loss is: 0.045353785f0 (tracked)
Current loss is: 0.050970547f0 (tracked)
Current loss is: 0.055965997f0 (tracked)
Current loss is: 0.06015347f0 (tracked)
Current loss is: 0.06338992f0 (tracked)
Current loss is: 0.06558172f0 (tracked)
Current loss is: 0.06668752f0 (tracked)
Current loss is: 0.066717066f0 (tracked)
Current loss is: 0.06572732f0 (tracked)
Current loss is: 0.063815154f0 (tracked)
Current loss is: 0.061108284f0 (tracked)
Current loss is: 0.05775485f0 (tracked)
Current loss is: 0.05391302f0 (tracked)
Current loss is: 0.049741104f0 (tracked)
Current loss is: 0.045389142f0 (tracked)
Current loss is: 0.040992375f0 (tracked)
Current loss is: 0.03666678f0 (tracked)
Current loss is: 0.032506622f0 (tracked)
Current loss is: 0.028583948f0 (tracked)
Current loss is: 0.024949422f0 (tracked)
Current loss is: 0.021634405f0 (tracked)
Current loss is: 0.0186537f0 (tracked)
Current loss is: 0.016008532f0 (tracked)
Current loss is: 0.013689579f0 (tracked)
Current loss is: 0.011679948f0 (tracked)
Current loss is: 0.009957584f0 (tracked)
Current loss is: 0.008497444f0 (tracked)
Current loss is: 0.007273175f0 (tracked)
Current loss is: 0.0062583797f0 (tracked)
Current loss is: 0.0054275305f0 (tracked)
Current loss is: 0.0047565573f0 (tracked)
Current loss is: 0.0042232354f0 (tracked)
Current loss is: 0.003807314f0 (tracked)
Current loss is: 0.0034906007f0 (tracked)
Current loss is: 0.0032568516f0 (tracked)
Current loss is: 0.0030916957f0 (tracked)
Current loss is: 0.0029824774f0 (tracked)
Current loss is: 0.0029181018f0 (tracked)
Current loss is: 0.0028888811f0 (tracked)
Current loss is: 0.002886393f0 (tracked)
Current loss is: 0.0029033513f0 (tracked)
Current loss is: 0.0029334845f0 (tracked)
Current loss is: 0.0029714443f0 (tracked)
Current loss is: 0.0030127144f0 (tracked)
Current loss is: 0.003053544f0 (tracked)
Current loss is: 0.0030908776f0 (tracked)
Current loss is: 0.0031222953f0 (tracked)
Current loss is: 0.003145969f0 (tracked)
Current loss is: 0.0031606026f0 (tracked)
Current loss is: 0.0031653752f0 (tracked)
Current loss is: 0.0031599074f0 (tracked)
Current loss is: 0.0031442018f0 (tracked)
Current loss is: 0.003118588f0 (tracked)
Current loss is: 0.0030836696f0 (tracked)
Current loss is: 0.0030402772f0 (tracked)
Current loss is: 0.002989427f0 (tracked)
Current loss is: 0.002932237f0 (tracked)
Current loss is: 0.002869917f0 (tracked)
Current loss is: 0.0028037077f0 (tracked)
Current loss is: 0.0027348388f0 (tracked)
Current loss is: 0.002664507f0 (tracked)
Current loss is: 0.002593821f0 (tracked)
Current loss is: 0.0025238157f0 (tracked)
Current loss is: 0.0024553966f0 (tracked)
Current loss is: 0.002389343f0 (tracked)
Current loss is: 0.0023262948f0 (tracked)
Current loss is: 0.0049672653f0 (tracked)
Current loss is: 0.0049054655f0 (tracked)
Current loss is: 0.004840862f0 (tracked)
Current loss is: 0.004771123f0 (tracked)
Current loss is: 0.004694366f0 (tracked)
Current loss is: 0.0046093874f0 (tracked)
Current loss is: 0.0045157652f0 (tracked)
Current loss is: 0.0044138646f0 (tracked)
Current loss is: 0.004304722f0 (tracked)
Current loss is: 0.0041899118f0 (tracked)
Current loss is: 0.0040712934f0 (tracked)
Current loss is: 0.0039507872f0 (tracked)
Current loss is: 0.003830173f0 (tracked)
Current loss is: 0.0037109244f0 (tracked)
Current loss is: 0.003594116f0 (tracked)
Current loss is: 0.0034803688f0 (tracked)
Current loss is: 0.0033699013f0 (tracked)
Current loss is: 0.0032626004f0 (tracked)
Current loss is: 0.0031580976f0 (tracked)
Current loss is: 0.0030559108f0 (tracked)
Current loss is: 0.00295554f0 (tracked)
Current loss is: 0.0028565559f0 (tracked)
Current loss is: 0.002758648f0 (tracked)
Current loss is: 0.002661685f0 (tracked)
Current loss is: 0.0025656975f0 (tracked)
Current loss is: 0.002470858f0 (tracked)
Current loss is: 0.0023774519f0 (tracked)
Current loss is: 0.002285821f0 (tracked)
Current loss is: 0.0021963236f0 (tracked)
Current loss is: 0.0021092836f0 (tracked)
Current loss is: 0.0020249626f0 (tracked)
Current loss is: 0.0019435419f0 (tracked)
Current loss is: 0.001865106f0 (tracked)
Current loss is: 0.001789658f0 (tracked)
Current loss is: 0.0017171381f0 (tracked)
Current loss is: 0.0016474315f0 (tracked)
Current loss is: 0.0015804063f0 (tracked)
Current loss is: 0.0015159274f0 (tracked)
Current loss is: 0.0014538867f0 (tracked)
Current loss is: 0.0013942015f0 (tracked)
Current loss is: 0.001336833f0 (tracked)
Current loss is: 0.0012817776f0 (tracked)
Current loss is: 0.0012290686f0 (tracked)
Current loss is: 0.0011787536f0 (tracked)
Current loss is: 0.001130895f0 (tracked)
Current loss is: 0.0010855523f0 (tracked)
Current loss is: 0.0010427695f0 (tracked)
Current loss is: 0.0010025721f0 (tracked)
Current loss is: 0.000964956f0 (tracked)
Current loss is: 0.0009298902f0 (tracked)
Current loss is: 0.00089731714f0 (tracked)
Current loss is: 0.00086715433f0 (tracked)
Current loss is: 0.00083929754f0 (tracked)
Current loss is: 0.0008136337f0 (tracked)
Current loss is: 0.0007900387f0 (tracked)
Current loss is: 0.00076838635f0 (tracked)
Current loss is: 0.0007485512f0 (tracked)
Current loss is: 0.00073040964f0 (tracked)
Current loss is: 0.00071384653f0 (tracked)
Current loss is: 0.00069874746f0 (tracked)
Current loss is: 0.00068500487f0 (tracked)
Current loss is: 0.00067250885f0 (tracked)
Current loss is: 0.00066115195f0 (tracked)
Current loss is: 0.00065081974f0 (tracked)
Current loss is: 0.0006413938f0 (tracked)
Current loss is: 0.0006327503f0 (tracked)
Current loss is: 0.0006247567f0 (tracked)
Current loss is: 0.0006172819f0 (tracked)
Current loss is: 0.00061019225f0 (tracked)
Current loss is: 0.0006033605f0 (tracked)
Current loss is: 0.00059666974f0 (tracked)
Current loss is: 0.00059001625f0 (tracked)
Current loss is: 0.0005833163f0 (tracked)
Current loss is: 0.0005765044f0 (tracked)
Current loss is: 0.0005695365f0 (tracked)
Current loss is: 0.0005623852f0 (tracked)
Current loss is: 0.00055503787f0 (tracked)
Current loss is: 0.0005474941f0 (tracked)
Current loss is: 0.0005397607f0 (tracked)
Current loss is: 0.0005318521f0 (tracked)
Current loss is: 0.0005237851f0 (tracked)
Current loss is: 0.0005155813f0 (tracked)
Current loss is: 0.00050726533f0 (tracked)
Current loss is: 0.00049886334f0 (tracked)
Current loss is: 0.0004904085f0 (tracked)
Current loss is: 0.0004819327f0 (tracked)
Current loss is: 0.00047347095f0 (tracked)
Current loss is: 0.00046505601f0 (tracked)
Current loss is: 0.00045671617f0 (tracked)
Current loss is: 0.0004484771f0 (tracked)
Current loss is: 0.00044035513f0 (tracked)
Current loss is: 0.00043236293f0 (tracked)
Current loss is: 0.0004245076f0 (tracked)
Current loss is: 0.0004167913f0 (tracked)
Current loss is: 0.0004092132f0 (tracked)
Current loss is: 0.00040176997f0 (tracked)
Current loss is: 0.00039445783f0 (tracked)
Current loss is: 0.00038726945f0 (tracked)
Current loss is: 0.00038019795f0 (tracked)
Current loss is: 0.00037323422f0 (tracked)
Test Summary: |
NNODE         | No tests
450.900271 seconds (314.26 M allocations: 11.192 GiB, 1.61% gc time)
Current loss is: 16886.990120785333 (tracked)
Current loss is: 19141.381709504643 (tracked)
Current loss is: 16585.227463827865 (tracked)
Current loss is: 16591.322225610915 (tracked)
Current loss is: 16435.277366570026 (tracked)
Current loss is: 14123.786618242804 (tracked)
Current loss is: 14875.886904122091 (tracked)
Current loss is: 17843.997044841195 (tracked)
Current loss is: 17591.596472886064 (tracked)
Current loss is: 13279.037674585963 (tracked)
Current loss is: 16037.859600619588 (tracked)
Current loss is: 16076.4210866969 (tracked)
Current loss is: 13671.2878098801 (tracked)
Current loss is: 15911.891042857733 (tracked)
Current loss is: 13843.07156295001 (tracked)
Current loss is: 12831.763068801696 (tracked)
Current loss is: 13340.808662544936 (tracked)
Current loss is: 14080.102947482437 (tracked)
Current loss is: 14286.99077260174 (tracked)
Current loss is: 14744.141052455747 (tracked)
Current loss is: 14252.361341427822 (tracked)
Current loss is: 13074.603376216512 (tracked)
Current loss is: 10195.793392021427 (tracked)
Current loss is: 14034.024593241873 (tracked)
Current loss is: 12860.143609345565 (tracked)
Current loss is: 11881.08447373231 (tracked)
Current loss is: 12249.169122726073 (tracked)
Current loss is: 12509.201655096043 (tracked)
Current loss is: 12311.31967358756 (tracked)
Current loss is: 11562.94943921742 (tracked)
Current loss is: 11803.426087099411 (tracked)
Current loss is: 10298.747952380441 (tracked)
Current loss is: 11933.937501658027 (tracked)
Current loss is: 11012.015201716298 (tracked)
Current loss is: 10640.521754041763 (tracked)
Current loss is: 10230.07015653615 (tracked)
Current loss is: 11612.797876651499 (tracked)
Current loss is: 10030.621062563372 (tracked)
Current loss is: 9049.963489980455 (tracked)
Current loss is: 9573.898034354432 (tracked)
Current loss is: 9883.181402511073 (tracked)
Current loss is: 9803.459228447999 (tracked)
Current loss is: 10612.373139294106 (tracked)
Current loss is: 7855.971002910358 (tracked)
Current loss is: 8791.133814988758 (tracked)
Current loss is: 7039.041492243982 (tracked)
Current loss is: 8832.248885214041 (tracked)
Current loss is: 6949.3637735142265 (tracked)
Current loss is: 6483.601888875069 (tracked)
Current loss is: 6608.220025923807 (tracked)
Current loss is: 5728.475628894102 (tracked)
Current loss is: 6272.409014650401 (tracked)
Current loss is: 4643.986136172986 (tracked)
Current loss is: 5773.454861227527 (tracked)
Current loss is: 6053.418471566115 (tracked)
Current loss is: 4898.663501209155 (tracked)
Current loss is: 4921.65392625122 (tracked)
Current loss is: 4332.315188306956 (tracked)
Current loss is: 5978.697735172644 (tracked)
Current loss is: 3854.504656193524 (tracked)
Current loss is: 4380.029152723917 (tracked)
Current loss is: 3289.19871120443 (tracked)
Current loss is: 3354.2634200971324 (tracked)
Current loss is: 3001.6989366205157 (tracked)
Current loss is: 2460.3043393725993 (tracked)
Current loss is: 2377.073189087222 (tracked)
Current loss is: 3111.505135927763 (tracked)
Current loss is: 2694.5301508551124 (tracked)
Current loss is: 2270.0460463655845 (tracked)
Current loss is: 2904.382764992099 (tracked)
Current loss is: 2336.094582962145 (tracked)
Current loss is: 1813.561887826574 (tracked)
Current loss is: 1609.1239782526325 (tracked)
Current loss is: 1180.7161011879327 (tracked)
Current loss is: 1461.9576467997497 (tracked)
Current loss is: 1402.1763982179527 (tracked)
Current loss is: 820.557253342662 (tracked)
Current loss is: 1258.3271266908755 (tracked)
Current loss is: 946.8026098378962 (tracked)
Current loss is: 1085.0731010563636 (tracked)
Current loss is: 946.6249858648879 (tracked)
Current loss is: 708.5169923310062 (tracked)
Current loss is: 785.5345585122028 (tracked)
Current loss is: 540.6890984382501 (tracked)
Current loss is: 330.26084884751384 (tracked)
Current loss is: 500.61882707517105 (tracked)
Current loss is: 555.4755676906018 (tracked)
Current loss is: 486.0697969165274 (tracked)
Current loss is: 572.9869418000371 (tracked)
Current loss is: 367.7360718647869 (tracked)
Current loss is: 191.7169993396545 (tracked)
Current loss is: 415.90420370401375 (tracked)
Current loss is: 347.53351649141996 (tracked)
Current loss is: 444.39611207317097 (tracked)
Current loss is: 377.9681600323955 (tracked)
Current loss is: 315.3277442952962 (tracked)
Current loss is: 317.26242465053576 (tracked)
Current loss is: 370.61429318295785 (tracked)
Current loss is: 334.7131492928194 (tracked)
Current loss is: 326.4456429480056 (tracked)
Current loss is: 351.43653910497807 (tracked)
Current loss is: 276.27361877564306 (tracked)
Current loss is: 295.4276332130019 (tracked)
Current loss is: 210.94222459172343 (tracked)
Current loss is: 300.7933108593812 (tracked)
Current loss is: 394.5765358927628 (tracked)
Current loss is: 329.36645475947785 (tracked)
Current loss is: 222.11533311026437 (tracked)
Current loss is: 231.17543747166408 (tracked)
Current loss is: 307.5706870113977 (tracked)
Current loss is: 269.2681574809329 (tracked)
Current loss is: 167.06716159468786 (tracked)
Current loss is: 308.3318795079474 (tracked)
Current loss is: 347.6840718092348 (tracked)
Current loss is: 241.96329639205553 (tracked)
Current loss is: 310.08393137658356 (tracked)
Current loss is: 266.2990393463848 (tracked)
Current loss is: 244.4300401632086 (tracked)
Current loss is: 260.3738959045219 (tracked)
Current loss is: 327.40549316484635 (tracked)
Current loss is: 259.7491226770396 (tracked)
Current loss is: 236.19040174025125 (tracked)
Current loss is: 191.8228058777134 (tracked)
Current loss is: 417.2949188022528 (tracked)
Current loss is: 341.2310896826733 (tracked)
Current loss is: 190.5920862147599 (tracked)
Current loss is: 211.77579991043186 (tracked)
Current loss is: 282.67461401684767 (tracked)
Current loss is: 209.4350540472837 (tracked)
Current loss is: 174.0086905254144 (tracked)
Current loss is: 303.66501831538096 (tracked)
Current loss is: 414.1456939278623 (tracked)
Current loss is: 253.87660068365668 (tracked)
Current loss is: 299.3959667505936 (tracked)
Current loss is: 178.80195631646114 (tracked)
Current loss is: 166.79252754934754 (tracked)
Current loss is: 316.16724809318964 (tracked)
Current loss is: 226.16995138369955 (tracked)
Current loss is: 183.6249428247519 (tracked)
Current loss is: 217.59437465760536 (tracked)
Current loss is: 270.07267337006346 (tracked)
Current loss is: 277.9537234494626 (tracked)
Current loss is: 299.4106976007498 (tracked)
Current loss is: 445.78943577964617 (tracked)
Current loss is: 251.10043354478586 (tracked)
Current loss is: 264.9463726862683 (tracked)
Current loss is: 251.69326417788187 (tracked)
Current loss is: 276.7896235953587 (tracked)
Current loss is: 256.80073624386637 (tracked)
Current loss is: 298.09782055122946 (tracked)
Current loss is: 283.9069704299227 (tracked)
Current loss is: 223.48194054883868 (tracked)
Current loss is: 289.91432743877755 (tracked)
Current loss is: 325.87317216579123 (tracked)
Current loss is: 289.4731753596123 (tracked)
Current loss is: 321.75210085766844 (tracked)
Current loss is: 224.56537478950042 (tracked)
Current loss is: 292.1398255915528 (tracked)
Current loss is: 240.10240429713892 (tracked)
Current loss is: 228.85710151213468 (tracked)
Current loss is: 237.3520456482924 (tracked)
Current loss is: 180.8433851018526 (tracked)
Current loss is: 279.78058127738706 (tracked)
Current loss is: 203.2452928069855 (tracked)
Current loss is: 268.0848782832569 (tracked)
Current loss is: 200.57659228983997 (tracked)
Current loss is: 220.41985895474053 (tracked)
Current loss is: 264.7023215554405 (tracked)
Current loss is: 231.33452266393243 (tracked)
Current loss is: 217.45852824158922 (tracked)
Current loss is: 174.45259348659417 (tracked)
Current loss is: 250.17420447709864 (tracked)
Current loss is: 270.27625859789543 (tracked)
Current loss is: 348.77071221234377 (tracked)
Current loss is: 274.43180767616406 (tracked)
Current loss is: 334.5221717633233 (tracked)
Current loss is: 282.37607106954573 (tracked)
Current loss is: 181.64163467608395 (tracked)
Current loss is: 300.90552875352967 (tracked)
Current loss is: 290.51568666093516 (tracked)
Current loss is: 215.31936461753423 (tracked)
Current loss is: 183.78962382228875 (tracked)
Current loss is: 248.142757974482 (tracked)
Current loss is: 190.87388342752175 (tracked)
Current loss is: 415.693567297294 (tracked)
Current loss is: 322.8769788048941 (tracked)
Current loss is: 316.1330955460151 (tracked)
Current loss is: 272.00170174621167 (tracked)
Current loss is: 269.08260412641323 (tracked)
Current loss is: 304.4950859746559 (tracked)
Current loss is: 247.7610051500203 (tracked)
Current loss is: 362.1048445426085 (tracked)
Current loss is: 219.59786332779177 (tracked)
Current loss is: 205.52788738266207 (tracked)
Current loss is: 255.5013140484625 (tracked)
Current loss is: 209.226385453528 (tracked)
Current loss is: 200.74042212998103 (tracked)
Current loss is: 300.68307281867794 (tracked)
Current loss is: 240.34457691424473 (tracked)
Current loss is: 259.2356389564508 (tracked)
one-dimensional heat equation
error_l2 = 0.00034962114

Current loss is: 4.345812732604657e7 (tracked)
Current loss is: 4.283415339589199e7 (tracked)
Current loss is: 4.213912080357815e7 (tracked)
Current loss is: 4.148709568280495e7 (tracked)
Current loss is: 4.080591066586121e7 (tracked)
Current loss is: 3.970226877474084e7 (tracked)
Current loss is: 3.872308552568177e7 (tracked)
Current loss is: 3.764974011674429e7 (tracked)
Current loss is: 3.59422341726713e7 (tracked)
Current loss is: 3.428328054995109e7 (tracked)
Current loss is: 3.2190604693451103e7 (tracked)
Current loss is: 3.077406889901669e7 (tracked)
Current loss is: 2.8603462338714637e7 (tracked)
Current loss is: 2.6048523857093696e7 (tracked)
Current loss is: 2.311328315230696e7 (tracked)
Current loss is: 1.9441702931399114e7 (tracked)
Current loss is: 1.722815638558468e7 (tracked)
Current loss is: 1.4700442484518511e7 (tracked)
Current loss is: 1.101986063307241e7 (tracked)
Current loss is: 8.414668236595578e6 (tracked)
Current loss is: 5.951509951302682e6 (tracked)
Current loss is: 3.8483801486196048e6 (tracked)
Current loss is: 1.5946517128799423e6 (tracked)
Current loss is: 677716.7679824203 (tracked)
Current loss is: 181671.33786246524 (tracked)
Current loss is: 355617.0614559514 (tracked)
Current loss is: 1.1513887854731511e6 (tracked)
Current loss is: 2.2362878388763946e6 (tracked)
Current loss is: 3.1146542578750895e6 (tracked)
Current loss is: 3.6090764998849872e6 (tracked)
Current loss is: 4.280126651126355e6 (tracked)
Current loss is: 3.7308279235170353e6 (tracked)
Current loss is: 3.1757599047198757e6 (tracked)
Current loss is: 2.327944697152252e6 (tracked)
Current loss is: 1.6090801704035706e6 (tracked)
Current loss is: 928821.6500684372 (tracked)
Current loss is: 414867.11829960713 (tracked)
Current loss is: 166261.42806858316 (tracked)
Current loss is: 80473.7418135548 (tracked)
Current loss is: 107516.70358007181 (tracked)
Current loss is: 324705.52824246784 (tracked)
Current loss is: 449720.9982622547 (tracked)
Current loss is: 656838.3804562441 (tracked)
Current loss is: 819006.1690488775 (tracked)
Current loss is: 940447.8465166135 (tracked)
Current loss is: 897632.4634001997 (tracked)
Current loss is: 896836.0747640829 (tracked)
Current loss is: 721045.2969262176 (tracked)
Current loss is: 619939.7953910035 (tracked)
Current loss is: 575485.4166212678 (tracked)
Current loss is: 433535.368420152 (tracked)
Current loss is: 282087.02730153076 (tracked)
Current loss is: 120557.26810720652 (tracked)
Current loss is: 73859.66819834865 (tracked)
Current loss is: 49140.938212472676 (tracked)
Current loss is: 35730.85227927094 (tracked)
Current loss is: 92698.86679862952 (tracked)
Current loss is: 154426.7552222893 (tracked)
Current loss is: 159561.1824925095 (tracked)
Current loss is: 235761.46543280623 (tracked)
Current loss is: 213209.4445175024 (tracked)
Current loss is: 238524.3739378174 (tracked)
Current loss is: 197252.27311870907 (tracked)
Current loss is: 201299.63773576627 (tracked)
Current loss is: 124045.62285953693 (tracked)
Current loss is: 86379.87358891341 (tracked)
Current loss is: 64104.50427415951 (tracked)
Current loss is: 49431.71391377476 (tracked)
Current loss is: 51403.084141462445 (tracked)
Current loss is: 34012.987412369286 (tracked)
Current loss is: 40199.13674840433 (tracked)
Current loss is: 57680.13050056388 (tracked)
Current loss is: 77783.31078027087 (tracked)
Current loss is: 83908.79952640794 (tracked)
Current loss is: 79547.88428845115 (tracked)
Current loss is: 83418.59354305752 (tracked)
Current loss is: 78646.54232251915 (tracked)
Current loss is: 51105.73346932555 (tracked)
Current loss is: 47067.8256028044 (tracked)
Current loss is: 37573.656812944675 (tracked)
Current loss is: 29545.47402722958 (tracked)
Current loss is: 34980.59366285051 (tracked)
Current loss is: 30638.381335833154 (tracked)
Current loss is: 34646.0927110472 (tracked)
Current loss is: 28232.969385681892 (tracked)
Current loss is: 30591.14872253973 (tracked)
Current loss is: 30803.918803757544 (tracked)
Current loss is: 30653.49509052992 (tracked)
Current loss is: 30454.930751153224 (tracked)
Current loss is: 27839.98473699531 (tracked)
Current loss is: 24879.65884363853 (tracked)
Current loss is: 25625.202550272617 (tracked)
Current loss is: 19728.95702140123 (tracked)
Current loss is: 14797.141968475971 (tracked)
Current loss is: 10769.051284732597 (tracked)
Current loss is: 10606.944531099263 (tracked)
Current loss is: 11026.324077293637 (tracked)
Current loss is: 9331.353787699512 (tracked)
Current loss is: 8142.850368871452 (tracked)
Current loss is: 8209.894389918929 (tracked)
Current loss is: 9342.631375704108 (tracked)
Current loss is: 10739.50008017435 (tracked)
Current loss is: 8381.657804370876 (tracked)
Current loss is: 8756.250197349105 (tracked)
Current loss is: 9917.42764612122 (tracked)
Current loss is: 6674.991822525576 (tracked)
Current loss is: 5426.355467233413 (tracked)
Current loss is: 4736.332600235321 (tracked)
Current loss is: 3215.8476828854036 (tracked)
Current loss is: 3344.5084811996403 (tracked)
Current loss is: 3178.193462053679 (tracked)
Current loss is: 3811.193331466595 (tracked)
Current loss is: 3612.2623478401347 (tracked)
Current loss is: 4101.598294508745 (tracked)
Current loss is: 3112.286919763703 (tracked)
Current loss is: 3728.6781988677185 (tracked)
Current loss is: 3025.3990430362383 (tracked)
Current loss is: 2625.0010236026983 (tracked)
Current loss is: 2654.5414003534247 (tracked)
Current loss is: 2690.5220996629905 (tracked)
Current loss is: 1876.21751892776 (tracked)
Current loss is: 1831.9711278864677 (tracked)
Current loss is: 2150.7029539665887 (tracked)
Current loss is: 1528.7585303844037 (tracked)
Current loss is: 1931.2770207578124 (tracked)
Current loss is: 2095.239599004374 (tracked)
Current loss is: 1725.2104771483696 (tracked)
Current loss is: 1569.4928355424092 (tracked)
Current loss is: 1442.933080289083 (tracked)
Current loss is: 1216.9320788638875 (tracked)
Current loss is: 1134.1984176751512 (tracked)
Current loss is: 1373.157506251715 (tracked)
Current loss is: 1219.220455834305 (tracked)
Current loss is: 1317.7938947768414 (tracked)
Current loss is: 1314.718164219862 (tracked)
Current loss is: 1531.3291187249165 (tracked)
Current loss is: 1189.3122426115492 (tracked)
Current loss is: 1172.3511740587292 (tracked)
Current loss is: 906.4034584445903 (tracked)
Current loss is: 1056.5849659664746 (tracked)
Current loss is: 1027.1332892961855 (tracked)
Current loss is: 1052.6081325163282 (tracked)
Current loss is: 1176.1369213550117 (tracked)
Current loss is: 979.6987018952859 (tracked)
Current loss is: 918.4379605500543 (tracked)
Current loss is: 896.7437859298828 (tracked)
Current loss is: 969.6118969876446 (tracked)
Current loss is: 966.7518171682754 (tracked)
Current loss is: 1152.7165468624394 (tracked)
Current loss is: 1087.8481877245003 (tracked)
Current loss is: 1151.4654853200732 (tracked)
Current loss is: 1038.7114328213013 (tracked)
Current loss is: 1646.3623909695755 (tracked)
Current loss is: 1023.7945745115841 (tracked)
Current loss is: 960.0432046851897 (tracked)
Current loss is: 1327.819877633607 (tracked)
Current loss is: 1165.511984954848 (tracked)
Current loss is: 831.2139221546718 (tracked)
Current loss is: 1179.003416918671 (tracked)
Current loss is: 1004.2601233914384 (tracked)
Current loss is: 941.3783856354929 (tracked)
Current loss is: 937.6929442616608 (tracked)
Current loss is: 937.4636853024613 (tracked)
Current loss is: 962.7381186010707 (tracked)
Current loss is: 909.9666739094782 (tracked)
Current loss is: 1270.2980014656318 (tracked)
Current loss is: 965.8635432833174 (tracked)
Current loss is: 1062.8992896349644 (tracked)
Current loss is: 931.9705694407903 (tracked)
Current loss is: 922.6717073152879 (tracked)
Current loss is: 975.1008867845609 (tracked)
Current loss is: 863.1996327871775 (tracked)
Current loss is: 848.1930271738778 (tracked)
Current loss is: 893.1288898009142 (tracked)
Current loss is: 1337.0562101996559 (tracked)
Current loss is: 773.7131073394556 (tracked)
Current loss is: 786.7213668703738 (tracked)
Current loss is: 996.3871085245909 (tracked)
Current loss is: 1111.7943399171193 (tracked)
Current loss is: 761.9217758023223 (tracked)
Current loss is: 1083.7734452547727 (tracked)
Current loss is: 863.578893591244 (tracked)
Current loss is: 858.8992772188996 (tracked)
Current loss is: 1139.8521213460333 (tracked)
Current loss is: 890.9637413091444 (tracked)
Current loss is: 1009.2447442930539 (tracked)
Current loss is: 807.0937333458876 (tracked)
Current loss is: 861.6546916544714 (tracked)
Current loss is: 1022.9548639625353 (tracked)
Current loss is: 906.116260684153 (tracked)
Current loss is: 1070.0238426829303 (tracked)
Current loss is: 1043.2044329130756 (tracked)
Current loss is: 1073.2432419168165 (tracked)
Current loss is: 827.7468148979438 (tracked)
Current loss is: 834.7267977780538 (tracked)
Current loss is: 1095.2020094992258 (tracked)
Current loss is: 1005.4192105406646 (tracked)
Current loss is: 936.9414530255651 (tracked)
Current loss is: 963.2523509480696 (tracked)
Current loss is: 997.6296642542205 (tracked)
Current loss is: 1297.6577129015816 (tracked)
Current loss is: 741.7090007212587 (tracked)
Current loss is: 1000.6417654133598 (tracked)
Current loss is: 835.9034148301231 (tracked)
Current loss is: 826.1465174639321 (tracked)
Current loss is: 875.2747641044215 (tracked)
Current loss is: 947.9119008459468 (tracked)
Current loss is: 971.964100032995 (tracked)
Current loss is: 988.4193768141705 (tracked)
Current loss is: 1118.971105058209 (tracked)
Current loss is: 945.2517913357314 (tracked)
Current loss is: 1215.263623645944 (tracked)
Current loss is: 1009.6464057943754 (tracked)
Current loss is: 852.3641558784817 (tracked)
Current loss is: 903.0763060523084 (tracked)
Current loss is: 997.8334728083032 (tracked)
Current loss is: 1044.0813548705614 (tracked)
Current loss is: 817.3684215573597 (tracked)
Current loss is: 940.5570302620671 (tracked)
Current loss is: 1024.8102485711183 (tracked)
Current loss is: 859.4724999030971 (tracked)
Current loss is: 1015.8514345665081 (tracked)
Current loss is: 1084.202861838395 (tracked)
Current loss is: 805.8827372111726 (tracked)
Current loss is: 866.2923018428962 (tracked)
Current loss is: 914.0807223961117 (tracked)
Current loss is: 1127.8072854173088 (tracked)
Current loss is: 1320.4479891936207 (tracked)
Current loss is: 1209.234596284997 (tracked)
Current loss is: 1171.4345308383672 (tracked)
Current loss is: 925.009480246078 (tracked)
Current loss is: 1034.2583058573614 (tracked)
Current loss is: 1057.4636696883456 (tracked)
Current loss is: 959.0484028443238 (tracked)
Current loss is: 919.6144095491003 (tracked)
Current loss is: 988.1617939746259 (tracked)
Current loss is: 728.8454760906004 (tracked)
Current loss is: 947.212955270054 (tracked)
Current loss is: 1032.81394460117 (tracked)
Current loss is: 895.3569608745798 (tracked)
Current loss is: 992.1951350697086 (tracked)
Current loss is: 991.2983137924103 (tracked)
Current loss is: 1006.617944954397 (tracked)
Current loss is: 876.2033086797095 (tracked)
Current loss is: 1041.4444586103 (tracked)
Current loss is: 932.4889235714081 (tracked)
Current loss is: 1231.9678250144987 (tracked)
Current loss is: 786.9605878753963 (tracked)
Current loss is: 936.2301702209293 (tracked)
Current loss is: 1121.5115002601128 (tracked)
high-dimensional heat equation
error_l2 = 3.994869e-5

Current loss is: 5476.4628714525525 (tracked)
Current loss is: 5211.902872168369 (tracked)
Current loss is: 5450.879351838729 (tracked)
Current loss is: 5117.899404677421 (tracked)
Current loss is: 4933.792065594889 (tracked)
Current loss is: 4856.161342718795 (tracked)
Current loss is: 5144.8833971417425 (tracked)
Current loss is: 5014.1287749675175 (tracked)
Current loss is: 4976.862801785842 (tracked)
Current loss is: 4650.399925396283 (tracked)
Current loss is: 4738.015116302752 (tracked)
Current loss is: 4741.0023958732645 (tracked)
Current loss is: 4588.713300324514 (tracked)
Current loss is: 4573.58732512475 (tracked)
Current loss is: 4664.788878767772 (tracked)
Current loss is: 4471.101002171443 (tracked)
Current loss is: 4373.280785869404 (tracked)
Current loss is: 4107.750232754001 (tracked)
Current loss is: 4109.616424969186 (tracked)
Current loss is: 4075.7441736511014 (tracked)
Current loss is: 3988.380600290306 (tracked)
Current loss is: 3795.894876978202 (tracked)
Current loss is: 3723.5177472483165 (tracked)
Current loss is: 3559.5223783401143 (tracked)
Current loss is: 3604.249900138495 (tracked)
Current loss is: 3282.187411412048 (tracked)
Current loss is: 3240.818308737592 (tracked)
Current loss is: 3158.929481593667 (tracked)
Current loss is: 2915.117973782885 (tracked)
Current loss is: 2708.7524307895133 (tracked)
Current loss is: 2687.886757498889 (tracked)
Current loss is: 2581.4070830345167 (tracked)
Current loss is: 2389.7537790159604 (tracked)
Current loss is: 2146.429950682775 (tracked)
Current loss is: 2035.6039552954674 (tracked)
Current loss is: 1900.7669067296226 (tracked)
Current loss is: 1760.1192502515185 (tracked)
Current loss is: 1607.386568695891 (tracked)
Current loss is: 1584.0668569792697 (tracked)
Current loss is: 1429.995095044203 (tracked)
Current loss is: 1212.6623370020013 (tracked)
Current loss is: 1100.2620771513657 (tracked)
Current loss is: 933.747477616228 (tracked)
Current loss is: 764.9840816053081 (tracked)
Current loss is: 751.5768111966561 (tracked)
Current loss is: 665.1547811516555 (tracked)
Current loss is: 553.0768253421958 (tracked)
Current loss is: 487.6433007018082 (tracked)
Current loss is: 369.29223221593287 (tracked)
Current loss is: 355.6190911198049 (tracked)
Current loss is: 263.7031260856488 (tracked)
Current loss is: 182.0322516929511 (tracked)
Current loss is: 187.60846990250383 (tracked)
Current loss is: 141.69502670336945 (tracked)
Current loss is: 93.7218333357676 (tracked)
Current loss is: 79.11533991725508 (tracked)
Current loss is: 78.30455177220908 (tracked)
Current loss is: 61.866031829181985 (tracked)
Current loss is: 68.5984586850679 (tracked)
Current loss is: 64.85433699429305 (tracked)
Current loss is: 68.42356205821217 (tracked)
Current loss is: 72.17347852673672 (tracked)
Current loss is: 83.70319306783298 (tracked)
Current loss is: 76.49372550908637 (tracked)
Current loss is: 91.83830041611422 (tracked)
Current loss is: 93.65143493500258 (tracked)
Current loss is: 89.27516559479663 (tracked)
Current loss is: 100.00201224041224 (tracked)
Current loss is: 93.63127995660452 (tracked)
Current loss is: 73.8993616397816 (tracked)
Current loss is: 71.37573159826212 (tracked)
Current loss is: 68.73621110140596 (tracked)
Current loss is: 53.82478095730332 (tracked)
Current loss is: 58.761560594221265 (tracked)
Current loss is: 47.69113702443977 (tracked)
Current loss is: 38.96699680178259 (tracked)
Current loss is: 31.824014778816668 (tracked)
Current loss is: 28.62966294386503 (tracked)
Current loss is: 33.007105996398224 (tracked)
Current loss is: 22.86348255932146 (tracked)
Current loss is: 25.662114010518074 (tracked)
Current loss is: 29.956158066417586 (tracked)
Current loss is: 22.715531730260782 (tracked)
Current loss is: 25.25684293008482 (tracked)
Current loss is: 33.50244493556844 (tracked)
Current loss is: 22.72952527029661 (tracked)
Current loss is: 24.207513312462115 (tracked)
Current loss is: 26.780698531320517 (tracked)
Current loss is: 25.56724833059369 (tracked)
Current loss is: 23.56391417100845 (tracked)
Current loss is: 25.664901633322774 (tracked)
Current loss is: 30.665461166895476 (tracked)
Current loss is: 27.29052641823359 (tracked)
Current loss is: 28.149668432326685 (tracked)
Current loss is: 33.4700012670446 (tracked)
Current loss is: 21.47092619730307 (tracked)
Current loss is: 25.846404257574328 (tracked)
Current loss is: 26.16278101175057 (tracked)
Current loss is: 26.524229389663986 (tracked)
Current loss is: 33.92342876112275 (tracked)
Current loss is: 22.342265348789528 (tracked)
Current loss is: 16.847450531147423 (tracked)
Current loss is: 21.618299110158972 (tracked)
Current loss is: 20.308929942035483 (tracked)
Current loss is: 25.94673415470093 (tracked)
Current loss is: 24.384773734864098 (tracked)
Current loss is: 20.505834152977556 (tracked)
Current loss is: 23.933091049123792 (tracked)
Current loss is: 19.575829858105088 (tracked)
Current loss is: 26.63997869289674 (tracked)
Current loss is: 27.468993181679775 (tracked)
Current loss is: 24.465533823421488 (tracked)
Current loss is: 21.645772775464444 (tracked)
Current loss is: 20.514570530543082 (tracked)
Current loss is: 18.3766200549677 (tracked)
Current loss is: 24.85726258169534 (tracked)
Current loss is: 18.0237984166229 (tracked)
Current loss is: 23.2172086774825 (tracked)
Current loss is: 20.489275719213072 (tracked)
Current loss is: 19.344501059864584 (tracked)
Current loss is: 14.780741440927223 (tracked)
Current loss is: 13.487866713367316 (tracked)
Current loss is: 16.1309779901674 (tracked)
Current loss is: 24.31444039145019 (tracked)
Current loss is: 17.833500792815382 (tracked)
Current loss is: 18.043588664088144 (tracked)
Current loss is: 20.46007329525944 (tracked)
Current loss is: 19.75421773693439 (tracked)
Current loss is: 19.149930097863063 (tracked)
Current loss is: 20.216139633912647 (tracked)
Current loss is: 17.345910125295617 (tracked)
Current loss is: 22.55963502547024 (tracked)
Current loss is: 21.246783233026846 (tracked)
Current loss is: 16.87063277638655 (tracked)
Current loss is: 16.35636513241094 (tracked)
Current loss is: 20.86781209494351 (tracked)
Current loss is: 16.376312644918418 (tracked)
Current loss is: 18.440374703452186 (tracked)
Current loss is: 15.079564778725251 (tracked)
Current loss is: 19.952561093113438 (tracked)
Current loss is: 17.561376270238178 (tracked)
Current loss is: 19.097165868330634 (tracked)
Current loss is: 20.90207848307188 (tracked)
Current loss is: 12.528578027900819 (tracked)
Current loss is: 23.530385389908552 (tracked)
Current loss is: 23.5802471765674 (tracked)
