 Resolving package versions...
 Installed NeuralNetDiffEq ───────────── v1.0.1
 Installed Adapt ─────────────────────── v1.0.0
 Installed FunctionWrappers ──────────── v1.0.0
 Installed ColorTypes ────────────────── v0.8.0
 Installed QuadGK ────────────────────── v2.1.1
 Installed DataStructures ────────────── v0.17.6
 Installed Colors ────────────────────── v0.9.6
 Installed LightGraphs ───────────────── v1.3.0
 Installed AbstractTrees ─────────────── v0.2.1
 Installed Tables ────────────────────── v0.2.11
 Installed IterativeSolvers ──────────── v0.8.1
 Installed NaNMath ───────────────────── v0.3.3
 Installed SparseDiffTools ───────────── v1.0.0
 Installed SpecialFunctions ──────────── v0.8.0
 Installed StatsModels ───────────────── v0.6.7
 Installed StochasticDiffEq ──────────── v6.15.0
 Installed Compat ────────────────────── v2.2.0
 Installed StaticArrays ──────────────── v0.12.1
 Installed DataFrames ────────────────── v0.19.4
 Installed BinDeps ───────────────────── v0.8.10
 Installed DiffEqFlux ────────────────── v0.7.0
 Installed DiffResults ───────────────── v0.0.4
 Installed ResettableStacks ──────────── v1.0.0
 Installed Inflate ───────────────────── v0.1.1
 Installed MacroTools ────────────────── v0.5.2
 Installed StatsBase ─────────────────── v0.32.0
 Installed FixedPointNumbers ─────────── v0.6.1
 Installed FillArrays ────────────────── v0.8.2
 Installed ForwardDiff ───────────────── v0.10.7
 Installed Roots ─────────────────────── v0.8.3
 Installed Arpack ────────────────────── v0.3.1
 Installed LineSearches ──────────────── v7.0.1
 Installed Calculus ──────────────────── v0.5.1
 Installed ExponentialUtilities ──────── v1.5.1
 Installed URIParser ─────────────────── v0.4.0
 Installed CodecZlib ─────────────────── v0.6.0
 Installed Missings ──────────────────── v0.4.3
 Installed TableTraits ───────────────── v1.0.0
 Installed OrdinaryDiffEq ────────────── v5.25.0
 Installed PooledArrays ──────────────── v0.5.2
 Installed ShiftedArrays ─────────────── v1.0.0
 Installed CommonSubexpressions ──────── v0.2.0
 Installed BinaryProvider ────────────── v0.5.8
 Installed DocStringExtensions ───────── v0.8.1
 Installed StatsFuns ─────────────────── v0.9.0
 Installed MuladdMacro ───────────────── v0.2.1
 Installed GLM ───────────────────────── v1.3.4
 Installed NLSolversBase ─────────────── v7.5.0
 Installed Rmath ─────────────────────── v0.5.1
 Installed DiffEqCallbacks ───────────── v2.10.0
 Installed Media ─────────────────────── v0.5.0
 Installed TranscodingStreams ────────── v0.9.5
 Installed Parameters ────────────────── v0.12.0
 Installed InvertedIndices ───────────── v1.0.0
 Installed ZipFile ───────────────────── v0.8.3
 Installed DiffRules ─────────────────── v0.1.0
 Installed NNlib ─────────────────────── v0.6.0
 Installed Distances ─────────────────── v0.8.2
 Installed Requires ──────────────────── v0.5.2
 Installed ArrayInterface ────────────── v2.0.0
 Installed RecursiveArrayTools ───────── v1.2.0
 Installed GenericSVD ────────────────── v0.2.2
 Installed SimpleTraits ──────────────── v0.9.1
 Installed DataValueInterfaces ───────── v1.0.0
 Installed RecursiveFactorization ────── v0.1.0
 Installed DiffEqSensitivity ─────────── v4.3.0
 Installed Reexport ──────────────────── v0.2.0
 Installed Flux ──────────────────────── v0.8.3
 Installed Distributions ─────────────── v0.21.9
 Installed VertexSafeGraphs ──────────── v0.1.0
 Installed RecipesBase ───────────────── v0.7.0
 Installed DiffEqBase ────────────────── v6.7.0
 Installed IteratorInterfaceExtensions ─ v1.0.0
 Installed CategoricalArrays ─────────── v0.7.3
 Installed DataAPI ───────────────────── v1.1.0
 Installed Tracker ───────────────────── v0.2.5
 Installed JSON ──────────────────────── v0.21.0
 Installed RandomNumbers ─────────────── v1.3.0
 Installed ArnoldiMethod ─────────────── v0.0.4
 Installed OrderedCollections ────────── v1.1.0
 Installed DiffEqDiffTools ───────────── v1.5.0
 Installed PDMats ────────────────────── v0.9.10
 Installed Parsers ───────────────────── v0.3.10
 Installed TreeViews ─────────────────── v0.3.0
 Installed TimerOutputs ──────────────── v0.5.3
 Installed SortingAlgorithms ─────────── v0.3.1
 Installed Juno ──────────────────────── v0.7.2
 Installed NLsolve ───────────────────── v4.2.0
 Installed DiffEqNoiseProcess ────────── v3.6.0
  Updating `~/.julia/environments/v1.3/Project.toml`
  [8faf48c0] + NeuralNetDiffEq v1.0.1
  Updating `~/.julia/environments/v1.3/Manifest.toml`
  [1520ce14] + AbstractTrees v0.2.1
  [79e6a3ab] + Adapt v1.0.0
  [ec485272] + ArnoldiMethod v0.0.4
  [7d9fca2a] + Arpack v0.3.1
  [4fba245c] + ArrayInterface v2.0.0
  [9e28174c] + BinDeps v0.8.10
  [b99e7846] + BinaryProvider v0.5.8
  [49dc2e85] + Calculus v0.5.1
  [324d7699] + CategoricalArrays v0.7.3
  [944b1d66] + CodecZlib v0.6.0
  [3da002f7] + ColorTypes v0.8.0
  [5ae59095] + Colors v0.9.6
  [bbf7d656] + CommonSubexpressions v0.2.0
  [34da2185] + Compat v2.2.0
  [9a962f9c] + DataAPI v1.1.0
  [a93c6f00] + DataFrames v0.19.4
  [864edb3b] + DataStructures v0.17.6
  [e2d170a0] + DataValueInterfaces v1.0.0
  [2b5f629d] + DiffEqBase v6.7.0
  [459566f4] + DiffEqCallbacks v2.10.0
  [01453d9d] + DiffEqDiffTools v1.5.0
  [aae7a2af] + DiffEqFlux v0.7.0
  [77a26b50] + DiffEqNoiseProcess v3.6.0
  [41bf760c] + DiffEqSensitivity v4.3.0
  [163ba53b] + DiffResults v0.0.4
  [b552c78f] + DiffRules v0.1.0
  [b4f34e82] + Distances v0.8.2
  [31c24e10] + Distributions v0.21.9
  [ffbed154] + DocStringExtensions v0.8.1
  [d4d017d3] + ExponentialUtilities v1.5.1
  [1a297f60] + FillArrays v0.8.2
  [53c48c17] + FixedPointNumbers v0.6.1
  [587475ba] + Flux v0.8.3
  [f6369f11] + ForwardDiff v0.10.7
  [069b7b12] + FunctionWrappers v1.0.0
  [38e38edf] + GLM v1.3.4
  [01680d73] + GenericSVD v0.2.2
  [d25df0c9] + Inflate v0.1.1
  [41ab1584] + InvertedIndices v1.0.0
  [42fd0dbc] + IterativeSolvers v0.8.1
  [82899510] + IteratorInterfaceExtensions v1.0.0
  [682c06a0] + JSON v0.21.0
  [e5e0dc1b] + Juno v0.7.2
  [093fc24a] + LightGraphs v1.3.0
  [d3d80556] + LineSearches v7.0.1
  [1914dd2f] + MacroTools v0.5.2
  [e89f7d12] + Media v0.5.0
  [e1d29d7a] + Missings v0.4.3
  [46d2c3a1] + MuladdMacro v0.2.1
  [d41bc354] + NLSolversBase v7.5.0
  [2774e3e8] + NLsolve v4.2.0
  [872c559c] + NNlib v0.6.0
  [77ba4419] + NaNMath v0.3.3
  [8faf48c0] + NeuralNetDiffEq v1.0.1
  [bac558e1] + OrderedCollections v1.1.0
  [1dea7af3] + OrdinaryDiffEq v5.25.0
  [90014a1f] + PDMats v0.9.10
  [d96e819e] + Parameters v0.12.0
  [69de0a69] + Parsers v0.3.10
  [2dfb63ee] + PooledArrays v0.5.2
  [1fd47b50] + QuadGK v2.1.1
  [e6cf234a] + RandomNumbers v1.3.0
  [3cdcf5f2] + RecipesBase v0.7.0
  [731186ca] + RecursiveArrayTools v1.2.0
  [f2c3362d] + RecursiveFactorization v0.1.0
  [189a3867] + Reexport v0.2.0
  [ae029012] + Requires v0.5.2
  [ae5879a3] + ResettableStacks v1.0.0
  [79098fc4] + Rmath v0.5.1
  [f2b01f46] + Roots v0.8.3
  [1277b4bf] + ShiftedArrays v1.0.0
  [699a6c99] + SimpleTraits v0.9.1
  [a2af1166] + SortingAlgorithms v0.3.1
  [47a9eef4] + SparseDiffTools v1.0.0
  [276daf66] + SpecialFunctions v0.8.0
  [90137ffa] + StaticArrays v0.12.1
  [2913bbd2] + StatsBase v0.32.0
  [4c63d2b9] + StatsFuns v0.9.0
  [3eaba693] + StatsModels v0.6.7
  [789caeaf] + StochasticDiffEq v6.15.0
  [3783bdb8] + TableTraits v1.0.0
  [bd369af6] + Tables v0.2.11
  [a759f4b9] + TimerOutputs v0.5.3
  [9f7883ad] + Tracker v0.2.5
  [3bb67fe8] + TranscodingStreams v0.9.5
  [a2a6695c] + TreeViews v0.3.0
  [30578b45] + URIParser v0.4.0
  [19fa3120] + VertexSafeGraphs v0.1.0
  [a5390f91] + ZipFile v0.8.3
  [2a0f44e3] + Base64 
  [ade2ca70] + Dates 
  [8bb1440f] + DelimitedFiles 
  [8ba89e20] + Distributed 
  [9fa8497b] + Future 
  [b77e0a4c] + InteractiveUtils 
  [76f85450] + LibGit2 
  [8f399da3] + Libdl 
  [37e2e46d] + LinearAlgebra 
  [56ddb016] + Logging 
  [d6f4376e] + Markdown 
  [a63ad114] + Mmap 
  [44cfe95a] + Pkg 
  [de0858da] + Printf 
  [9abbd945] + Profile 
  [3fa0cd96] + REPL 
  [9a3f8284] + Random 
  [ea8e919c] + SHA 
  [9e88b42a] + Serialization 
  [1a1011a3] + SharedArrays 
  [6462fe0b] + Sockets 
  [2f01184e] + SparseArrays 
  [10745b16] + Statistics 
  [4607b0f0] + SuiteSparse 
  [8dfed614] + Test 
  [cf7118a7] + UUIDs 
  [4ec0a83e] + Unicode 
  Building SpecialFunctions → `~/.julia/packages/SpecialFunctions/ne2iw/deps/build.log`
  Building Arpack ──────────→ `~/.julia/packages/Arpack/cu5By/deps/build.log`
  Building CodecZlib ───────→ `~/.julia/packages/CodecZlib/5t9zO/deps/build.log`
  Building Rmath ───────────→ `~/.julia/packages/Rmath/4wt82/deps/build.log`
  Building ZipFile ─────────→ `~/.julia/packages/ZipFile/oD4uG/deps/build.log`
   Testing NeuralNetDiffEq
 Resolving package versions...
 Installed SafeTestsets ─── v0.0.1
 Installed DiffEqDevTools ─ v2.16.0
    Status `/tmp/jl_9vwhXo/Manifest.toml`
  [1520ce14] AbstractTrees v0.2.1
  [79e6a3ab] Adapt v1.0.0
  [ec485272] ArnoldiMethod v0.0.4
  [7d9fca2a] Arpack v0.3.1
  [4fba245c] ArrayInterface v2.0.0
  [9e28174c] BinDeps v0.8.10
  [b99e7846] BinaryProvider v0.5.8
  [49dc2e85] Calculus v0.5.1
  [324d7699] CategoricalArrays v0.7.3
  [944b1d66] CodecZlib v0.6.0
  [3da002f7] ColorTypes v0.8.0
  [5ae59095] Colors v0.9.6
  [bbf7d656] CommonSubexpressions v0.2.0
  [34da2185] Compat v2.2.0
  [9a962f9c] DataAPI v1.1.0
  [a93c6f00] DataFrames v0.19.4
  [864edb3b] DataStructures v0.17.6
  [e2d170a0] DataValueInterfaces v1.0.0
  [2b5f629d] DiffEqBase v6.7.0
  [459566f4] DiffEqCallbacks v2.10.0
  [f3b72e0c] DiffEqDevTools v2.16.0
  [01453d9d] DiffEqDiffTools v1.5.0
  [aae7a2af] DiffEqFlux v0.7.0
  [77a26b50] DiffEqNoiseProcess v3.6.0
  [41bf760c] DiffEqSensitivity v4.3.0
  [163ba53b] DiffResults v0.0.4
  [b552c78f] DiffRules v0.1.0
  [b4f34e82] Distances v0.8.2
  [31c24e10] Distributions v0.21.9
  [ffbed154] DocStringExtensions v0.8.1
  [d4d017d3] ExponentialUtilities v1.5.1
  [1a297f60] FillArrays v0.8.2
  [53c48c17] FixedPointNumbers v0.6.1
  [587475ba] Flux v0.8.3
  [f6369f11] ForwardDiff v0.10.7
  [069b7b12] FunctionWrappers v1.0.0
  [38e38edf] GLM v1.3.4
  [01680d73] GenericSVD v0.2.2
  [d25df0c9] Inflate v0.1.1
  [41ab1584] InvertedIndices v1.0.0
  [42fd0dbc] IterativeSolvers v0.8.1
  [82899510] IteratorInterfaceExtensions v1.0.0
  [682c06a0] JSON v0.21.0
  [e5e0dc1b] Juno v0.7.2
  [093fc24a] LightGraphs v1.3.0
  [d3d80556] LineSearches v7.0.1
  [1914dd2f] MacroTools v0.5.2
  [e89f7d12] Media v0.5.0
  [e1d29d7a] Missings v0.4.3
  [46d2c3a1] MuladdMacro v0.2.1
  [d41bc354] NLSolversBase v7.5.0
  [2774e3e8] NLsolve v4.2.0
  [872c559c] NNlib v0.6.0
  [77ba4419] NaNMath v0.3.3
  [8faf48c0] NeuralNetDiffEq v1.0.1
  [bac558e1] OrderedCollections v1.1.0
  [1dea7af3] OrdinaryDiffEq v5.25.0
  [90014a1f] PDMats v0.9.10
  [d96e819e] Parameters v0.12.0
  [69de0a69] Parsers v0.3.10
  [2dfb63ee] PooledArrays v0.5.2
  [1fd47b50] QuadGK v2.1.1
  [e6cf234a] RandomNumbers v1.3.0
  [3cdcf5f2] RecipesBase v0.7.0
  [731186ca] RecursiveArrayTools v1.2.0
  [f2c3362d] RecursiveFactorization v0.1.0
  [189a3867] Reexport v0.2.0
  [ae029012] Requires v0.5.2
  [ae5879a3] ResettableStacks v1.0.0
  [79098fc4] Rmath v0.5.1
  [f2b01f46] Roots v0.8.3
  [1bc83da4] SafeTestsets v0.0.1
  [1277b4bf] ShiftedArrays v1.0.0
  [699a6c99] SimpleTraits v0.9.1
  [a2af1166] SortingAlgorithms v0.3.1
  [47a9eef4] SparseDiffTools v1.0.0
  [276daf66] SpecialFunctions v0.8.0
  [90137ffa] StaticArrays v0.12.1
  [2913bbd2] StatsBase v0.32.0
  [4c63d2b9] StatsFuns v0.9.0
  [3eaba693] StatsModels v0.6.7
  [789caeaf] StochasticDiffEq v6.15.0
  [3783bdb8] TableTraits v1.0.0
  [bd369af6] Tables v0.2.11
  [a759f4b9] TimerOutputs v0.5.3
  [9f7883ad] Tracker v0.2.5
  [3bb67fe8] TranscodingStreams v0.9.5
  [a2a6695c] TreeViews v0.3.0
  [30578b45] URIParser v0.4.0
  [19fa3120] VertexSafeGraphs v0.1.0
  [a5390f91] ZipFile v0.8.3
  [2a0f44e3] Base64  [`@stdlib/Base64`]
  [ade2ca70] Dates  [`@stdlib/Dates`]
  [8bb1440f] DelimitedFiles  [`@stdlib/DelimitedFiles`]
  [8ba89e20] Distributed  [`@stdlib/Distributed`]
  [9fa8497b] Future  [`@stdlib/Future`]
  [b77e0a4c] InteractiveUtils  [`@stdlib/InteractiveUtils`]
  [76f85450] LibGit2  [`@stdlib/LibGit2`]
  [8f399da3] Libdl  [`@stdlib/Libdl`]
  [37e2e46d] LinearAlgebra  [`@stdlib/LinearAlgebra`]
  [56ddb016] Logging  [`@stdlib/Logging`]
  [d6f4376e] Markdown  [`@stdlib/Markdown`]
  [a63ad114] Mmap  [`@stdlib/Mmap`]
  [44cfe95a] Pkg  [`@stdlib/Pkg`]
  [de0858da] Printf  [`@stdlib/Printf`]
  [9abbd945] Profile  [`@stdlib/Profile`]
  [3fa0cd96] REPL  [`@stdlib/REPL`]
  [9a3f8284] Random  [`@stdlib/Random`]
  [ea8e919c] SHA  [`@stdlib/SHA`]
  [9e88b42a] Serialization  [`@stdlib/Serialization`]
  [1a1011a3] SharedArrays  [`@stdlib/SharedArrays`]
  [6462fe0b] Sockets  [`@stdlib/Sockets`]
  [2f01184e] SparseArrays  [`@stdlib/SparseArrays`]
  [10745b16] Statistics  [`@stdlib/Statistics`]
  [4607b0f0] SuiteSparse  [`@stdlib/SuiteSparse`]
  [8dfed614] Test  [`@stdlib/Test`]
  [cf7118a7] UUIDs  [`@stdlib/UUIDs`]
  [4ec0a83e] Unicode  [`@stdlib/Unicode`]
Current loss is: 9.321069550304031 (tracked)
Current loss is: 11.930172609347538 (tracked)
Current loss is: 17.676839758539636 (tracked)
Current loss is: 17.370893059928978 (tracked)
Current loss is: 13.494459012038627 (tracked)
Current loss is: 9.928771603635568 (tracked)
Current loss is: 8.618574334553832 (tracked)
Current loss is: 9.613052645842707 (tracked)
Current loss is: 11.4899477498377 (tracked)
Current loss is: 12.449250803136561 (tracked)
Current loss is: 11.842498681594636 (tracked)
Current loss is: 10.362608135403049 (tracked)
Current loss is: 9.05263339698391 (tracked)
Current loss is: 8.540234785794999 (tracked)
Current loss is: 8.84891917269716 (tracked)
Current loss is: 9.555028581965283 (tracked)
Current loss is: 10.109816707021272 (tracked)
Current loss is: 10.171559604518988 (tracked)
Current loss is: 9.754512153828326 (tracked)
Current loss is: 9.13655109790893 (tracked)
Current loss is: 8.652657229487911 (tracked)
Current loss is: 8.513857492410422 (tracked)
Current loss is: 8.714361945242201 (tracked)
Current loss is: 9.052366003982073 (tracked)
Current loss is: 9.267059856691686 (tracked)
Current loss is: 9.215594092348397 (tracked)
Current loss is: 8.952215484106924 (tracked)
Current loss is: 8.657368347958219 (tracked)
Current loss is: 8.499265517284602 (tracked)
Current loss is: 8.533406621160415 (tracked)
Current loss is: 8.688135861849117 (tracked)
Current loss is: 8.828527235457958 (tracked)
Current loss is: 8.85130962352588 (tracked)
Current loss is: 8.74667871794964 (tracked)
Current loss is: 8.590336126411561 (tracked)
Current loss is: 8.48200740645376 (tracked)
Current loss is: 8.476843538487392 (tracked)
Current loss is: 8.552353295723917 (tracked)
Current loss is: 8.631186393956172 (tracked)
Current loss is: 8.643892205770413 (tracked)
Current loss is: 8.581296067973602 (tracked)
Current loss is: 8.493568857136255 (tracked)
Current loss is: 8.442913243539499 (tracked)
Current loss is: 8.453896367743786 (tracked)
Current loss is: 8.499594560094206 (tracked)
Current loss is: 8.529726628724127 (tracked)
Current loss is: 8.51422766534884 (tracked)
Current loss is: 8.465146192938608 (tracked)
Current loss is: 8.421197153164009 (tracked)
Current loss is: 8.41187102908245 (tracked)
Current loss is: 8.432794230565884 (tracked)
Current loss is: 8.45293223342391 (tracked)
Current loss is: 8.445888792319614 (tracked)
Current loss is: 8.414172822602543 (tracked)
Current loss is: 8.383089588377992 (tracked)
Current loss is: 8.373307429397741 (tracked)
Current loss is: 8.381233293104517 (tracked)
Current loss is: 8.38558297227441 (tracked)
Current loss is: 8.371011686430082 (tracked)
Current loss is: 8.343003443885351 (tracked)
Current loss is: 8.319429126093413 (tracked)
Current loss is: 8.309829673551702 (tracked)
Current loss is: 8.305570568047118 (tracked)
Current loss is: 8.291065897461875 (tracked)
Current loss is: 8.261923604470205 (tracked)
Current loss is: 8.228139282098176 (tracked)
Current loss is: 8.199950067409807 (tracked)
Current loss is: 8.175119158108437 (tracked)
Current loss is: 8.142788776538945 (tracked)
Current loss is: 8.097353210178849 (tracked)
Current loss is: 8.044015070137911 (tracked)
Current loss is: 7.989926317964899 (tracked)
Current loss is: 7.933685927454869 (tracked)
Current loss is: 7.867078818838349 (tracked)
Current loss is: 7.785748220076515 (tracked)
Current loss is: 7.693421074731687 (tracked)
Current loss is: 7.594546647320209 (tracked)
Current loss is: 7.486920929918247 (tracked)
Current loss is: 7.364473775458223 (tracked)
Current loss is: 7.224914940781721 (tracked)
Current loss is: 7.070773818500691 (tracked)
Current loss is: 6.903330100705107 (tracked)
Current loss is: 6.719334294008215 (tracked)
Current loss is: 6.515217557555456 (tracked)
Current loss is: 6.291651574285096 (tracked)
Current loss is: 6.05161789662512 (tracked)
Current loss is: 5.7959535042089385 (tracked)
Current loss is: 5.5233614977393835 (tracked)
Current loss is: 5.233792739304958 (tracked)
Current loss is: 4.929327794167556 (tracked)
Current loss is: 4.611731187954344 (tracked)
Current loss is: 4.28115243600025 (tracked)
Current loss is: 3.937978157479685 (tracked)
Current loss is: 3.5848594163915375 (tracked)
Current loss is: 3.226319499486949 (tracked)
Current loss is: 2.867134926689182 (tracked)
Current loss is: 2.5118019648292345 (tracked)
Current loss is: 2.165307414952105 (tracked)
Current loss is: 1.8336146669941824 (tracked)
Current loss is: 1.5228326994250267 (tracked)
Current loss is: 1.2379329628075408 (tracked)
Current loss is: 0.9823540142550236 (tracked)
Current loss is: 0.7584778446479291 (tracked)
Current loss is: 0.5679192216689906 (tracked)
Current loss is: 0.4111457051225931 (tracked)
Current loss is: 0.2869859495684742 (tracked)
Current loss is: 0.1926194648308959 (tracked)
Current loss is: 0.12399731210324806 (tracked)
Current loss is: 0.07639598951292197 (tracked)
Current loss is: 0.044966593639626136 (tracked)
Current loss is: 0.02523993144703643 (tracked)
Current loss is: 0.01348445697102413 (tracked)
Current loss is: 0.00684494219000273 (tracked)
Current loss is: 0.0032961425040483566 (tracked)
Current loss is: 0.0015003520454337249 (tracked)
Current loss is: 0.000643061734168067 (tracked)
Current loss is: 0.000282968876115403 (tracked)
Current loss is: 0.00022810150658894492 (tracked)
Current loss is: 0.00043928197207856166 (tracked)
Current loss is: 0.0009579901889016568 (tracked)
Current loss is: 0.0018541103440241863 (tracked)
Current loss is: 0.003189273586579839 (tracked)
Current loss is: 0.004992649411528801 (tracked)
Current loss is: 0.00724850296381601 (tracked)
Current loss is: 0.009894627765004878 (tracked)
Current loss is: 0.012829805537895497 (tracked)
Current loss is: 0.01592390215924308 (tracked)
Current loss is: 0.019021625548706712 (tracked)
Current loss is: 0.021938684513508836 (tracked)
Current loss is: 0.024459117211560345 (tracked)
Current loss is: 0.026358026446937764 (tracked)
Current loss is: 0.02745609246141856 (tracked)
Current loss is: 0.02768161492084148 (tracked)
Current loss is: 0.02709066563013236 (tracked)
Current loss is: 0.025825401899367578 (tracked)
Current loss is: 0.02404829828875782 (tracked)
Current loss is: 0.021905232985283893 (tracked)
Current loss is: 0.019528524982598994 (tracked)
Current loss is: 0.017050205908904305 (tracked)
Current loss is: 0.014600602413366033 (tracked)
Current loss is: 0.012292367522292496 (tracked)
Current loss is: 0.010204352352435508 (tracked)
Current loss is: 0.008376086756072532 (tracked)
Current loss is: 0.006813213357691805 (tracked)
Current loss is: 0.005499414152167307 (tracked)
Current loss is: 0.004408672051669265 (tracked)
Current loss is: 0.003513335480881797 (tracked)
Current loss is: 0.002787883627274521 (tracked)
Current loss is: 0.0022093272318675166 (tracked)
Current loss is: 0.0017565282501531983 (tracked)
Current loss is: 0.001409592632454416 (tracked)
Current loss is: 0.0011497350136011 (tracked)
Current loss is: 0.00095949371541498 (tracked)
Current loss is: 0.0008229920059878342 (tracked)
Current loss is: 0.0007261478957175669 (tracked)
Current loss is: 0.0006569197824944915 (tracked)
Current loss is: 0.0006054945747844365 (tracked)
Current loss is: 0.0005644698095763657 (tracked)
Current loss is: 0.0005288640857121806 (tracked)
Current loss is: 0.0004958644755732205 (tracked)
Current loss is: 0.0004643517871475521 (tracked)
Current loss is: 0.00043425584695368783 (tracked)
Current loss is: 0.000405922632808143 (tracked)
Current loss is: 0.0003796236329150528 (tracked)
Current loss is: 0.00035532928928634096 (tracked)
Current loss is: 0.0003327446400337708 (tracked)
Current loss is: 0.0003115198271247474 (tracked)
Current loss is: 0.0002915270465756258 (tracked)
Current loss is: 0.0002730049744754196 (tracked)
Current loss is: 0.00025654154720556677 (tracked)
Current loss is: 0.00024283339084854263 (tracked)
Current loss is: 0.00023235035790199977 (tracked)
Current loss is: 0.00022504719159705406 (tracked)
Current loss is: 0.00022027012968970687 (tracked)
Current loss is: 0.00021686672002928898 (tracked)
Current loss is: 0.00021354557150820983 (tracked)
Current loss is: 0.0002092754384055128 (tracked)
Current loss is: 0.0002036233586763583 (tracked)
Current loss is: 0.00019685686729296778 (tracked)
Current loss is: 0.00018979216637946136 (tracked)
Current loss is: 0.00018345785472120708 (tracked)
Current loss is: 0.0001787027543531747 (tracked)
Current loss is: 0.00017591836832201173 (tracked)
Current loss is: 0.00017493051321282034 (tracked)
Current loss is: 0.0001750864369151583 (tracked)
Current loss is: 0.00017548305459370866 (tracked)
Current loss is: 0.00017527875828687877 (tracked)
Current loss is: 0.00017394151499867754 (tracked)
Current loss is: 0.00017140478692481367 (tracked)
Current loss is: 0.0001680330910495198 (tracked)
Current loss is: 0.00016446140355297475 (tracked)
Current loss is: 0.00016131899886678296 (tracked)
Current loss is: 0.0001590034584143896 (tracked)
Current loss is: 0.00015753269649372158 (tracked)
Current loss is: 0.0001565737707241882 (tracked)
Current loss is: 0.000155614447647694 (tracked)
Current loss is: 0.0001542012072085912 (tracked)
Current loss is: 0.0001521489791703842 (tracked)
Current loss is: 0.00014959381815915967 (tracked)
Current loss is: 0.00014689851748796292 (tracked)
Current loss is: 9.029408765004042 (tracked)
Current loss is: 13.309977188574756 (tracked)
Current loss is: 8.800939722573029 (tracked)
Current loss is: 9.919394044564553 (tracked)
Current loss is: 11.163161636472992 (tracked)
Current loss is: 9.384099523845244 (tracked)
Current loss is: 8.422624446329555 (tracked)
Current loss is: 9.421193424880146 (tracked)
Current loss is: 9.937763163325435 (tracked)
Current loss is: 9.064004266981101 (tracked)
Current loss is: 8.329369063921714 (tracked)
Current loss is: 8.631290796273014 (tracked)
Current loss is: 9.180576656575791 (tracked)
Current loss is: 9.02283550101411 (tracked)
Current loss is: 8.433333676163388 (tracked)
Current loss is: 8.2125358000256 (tracked)
Current loss is: 8.50922667684905 (tracked)
Current loss is: 8.728355693597901 (tracked)
Current loss is: 8.491933158658796 (tracked)
Current loss is: 8.14275296309545 (tracked)
Current loss is: 8.103513342057111 (tracked)
Current loss is: 8.29529952425676 (tracked)
Current loss is: 8.333867148502655 (tracked)
Current loss is: 8.11430513962368 (tracked)
Current loss is: 7.902688774171782 (tracked)
Current loss is: 7.908335409986473 (tracked)
Current loss is: 7.996776589955837 (tracked)
Current loss is: 7.930108332142996 (tracked)
Current loss is: 7.728904346028299 (tracked)
Current loss is: 7.608519188000132 (tracked)
Current loss is: 7.618530319402134 (tracked)
Current loss is: 7.602003392611676 (tracked)
Current loss is: 7.462447577524054 (tracked)
Current loss is: 7.295975068354338 (tracked)
Current loss is: 7.2195551034002134 (tracked)
Current loss is: 7.180853000304392 (tracked)
Current loss is: 7.06935075697044 (tracked)
Current loss is: 6.895980635277593 (tracked)
Current loss is: 6.763434837585109 (tracked)
Current loss is: 6.675271247173918 (tracked)
Current loss is: 6.552573668858026 (tracked)
Current loss is: 6.37186202840989 (tracked)
Current loss is: 6.196728205543051 (tracked)
Current loss is: 6.058679107735909 (tracked)
Current loss is: 5.904638050531483 (tracked)
Current loss is: 5.698344215563087 (tracked)
Current loss is: 5.486484297808809 (tracked)
Current loss is: 5.298208999519824 (tracked)
Current loss is: 5.095349167313275 (tracked)
Current loss is: 4.856101907159308 (tracked)
Current loss is: 4.608862757704201 (tracked)
Current loss is: 4.3750789080835375 (tracked)
Current loss is: 4.131388748684497 (tracked)
Current loss is: 3.8610292580216123 (tracked)
Current loss is: 3.589375593347973 (tracked)
Current loss is: 3.3279282320171224 (tracked)
Current loss is: 3.062805732852755 (tracked)
Current loss is: 2.7867320713685313 (tracked)
Current loss is: 2.5140827491792326 (tracked)
Current loss is: 2.2563905403772306 (tracked)
Current loss is: 2.005206266840908 (tracked)
Current loss is: 1.7583649648173705 (tracked)
Current loss is: 1.525302530295698 (tracked)
Current loss is: 1.3121612340631374 (tracked)
Current loss is: 1.1171708571583003 (tracked)
Current loss is: 0.9359384343591077 (tracked)
Current loss is: 0.7734021492526358 (tracked)
Current loss is: 0.6323160521292781 (tracked)
Current loss is: 0.512043804202867 (tracked)
Current loss is: 0.4082506151838215 (tracked)
Current loss is: 0.3202372527481024 (tracked)
Current loss is: 0.24709185801094002 (tracked)
Current loss is: 0.18892654538065096 (tracked)
Current loss is: 0.143035079606668 (tracked)
Current loss is: 0.10693388637033313 (tracked)
Current loss is: 0.07879174306055364 (tracked)
Current loss is: 0.05725095542328636 (tracked)
Current loss is: 0.041263241229696684 (tracked)
Current loss is: 0.02962059653937031 (tracked)
Current loss is: 0.021392292978427065 (tracked)
Current loss is: 0.015485386259622673 (tracked)
Current loss is: 0.011250776613116846 (tracked)
Current loss is: 0.008227662149082106 (tracked)
Current loss is: 0.006104593084155324 (tracked)
Current loss is: 0.004601644501237763 (tracked)
Current loss is: 0.0035966082291397222 (tracked)
Current loss is: 0.0029642579905943753 (tracked)
Current loss is: 0.002575702397603579 (tracked)
Current loss is: 0.00237258401531015 (tracked)
Current loss is: 0.0022945320880281266 (tracked)
Current loss is: 0.002306394320663432 (tracked)
Current loss is: 0.002378067746498883 (tracked)
Current loss is: 0.0024914206981131027 (tracked)
Current loss is: 0.0026437104556912058 (tracked)
Current loss is: 0.0028266562121298114 (tracked)
Current loss is: 0.003041975124005825 (tracked)
Current loss is: 0.003270957081636593 (tracked)
Current loss is: 0.0034964232369984055 (tracked)
Current loss is: 0.0037075975983069396 (tracked)
Current loss is: 0.003920431916338875 (tracked)
Current loss is: 0.004072856376811552 (tracked)
Current loss is: 0.004169688618092521 (tracked)
Current loss is: 0.004220481402942879 (tracked)
Current loss is: 0.004177588902309817 (tracked)
Current loss is: 0.004085163425635856 (tracked)
Current loss is: 0.003985285299410181 (tracked)
Current loss is: 0.003856819021829048 (tracked)
Current loss is: 0.0037486029847704407 (tracked)
Current loss is: 0.0036632335798569516 (tracked)
Current loss is: 0.003591659696131462 (tracked)
Current loss is: 0.0035384884957584337 (tracked)
Current loss is: 0.0034987130930257595 (tracked)
Current loss is: 0.0034586532126766644 (tracked)
Current loss is: 0.003401219417297219 (tracked)
Current loss is: 0.00332325954005814 (tracked)
Current loss is: 0.0032238726994432165 (tracked)
Current loss is: 0.0031297173277445873 (tracked)
Current loss is: 0.0030197177678106223 (tracked)
Current loss is: 0.0028997954352658895 (tracked)
Current loss is: 0.002777586194616658 (tracked)
Current loss is: 0.002653927530709749 (tracked)
Current loss is: 0.002574438695448029 (tracked)
Current loss is: 0.0024804977674617143 (tracked)
Current loss is: 0.002394416430051966 (tracked)
Current loss is: 0.0023161788232490517 (tracked)
Current loss is: 0.0022523491354388657 (tracked)
Current loss is: 0.0021782779439171195 (tracked)
Current loss is: 0.0021036548535542264 (tracked)
Current loss is: 0.0020499376602884016 (tracked)
Current loss is: 0.001987756214629105 (tracked)
Current loss is: 0.0019253666966380575 (tracked)
Current loss is: 0.001868822960985784 (tracked)
Current loss is: 0.0018047503054481454 (tracked)
Current loss is: 0.0017443756149746665 (tracked)
Current loss is: 0.0016953948127223718 (tracked)
Current loss is: 0.0016363928972353936 (tracked)
Current loss is: 0.001584567444268954 (tracked)
Current loss is: 0.001528758309757297 (tracked)
Current loss is: 0.0014764569338408884 (tracked)
Current loss is: 0.0014273600932565448 (tracked)
Current loss is: 0.0013879094518597663 (tracked)
Current loss is: 0.0013336514162952508 (tracked)
Current loss is: 0.0012833862949594241 (tracked)
Current loss is: 0.0012479215561681373 (tracked)
Current loss is: 0.0012044739342364347 (tracked)
Current loss is: 0.0011653876796650032 (tracked)
Current loss is: 0.0011349994405778837 (tracked)
Current loss is: 0.0010889844445434707 (tracked)
Current loss is: 0.0010487906689750242 (tracked)
Current loss is: 0.0010166221385074722 (tracked)
Current loss is: 0.0009841874936797712 (tracked)
Current loss is: 0.0009516397953199022 (tracked)
Current loss is: 0.0009148032725228133 (tracked)
Current loss is: 0.0008943982546842511 (tracked)
Current loss is: 0.0008598348705133017 (tracked)
Current loss is: 0.00083921358969201 (tracked)
Current loss is: 0.0008084119487873579 (tracked)
Current loss is: 0.0007799650061167402 (tracked)
Current loss is: 0.0007560828800281323 (tracked)
Current loss is: 0.000730584957287173 (tracked)
Current loss is: 0.000715578138417785 (tracked)
Current loss is: 0.0006954822045934927 (tracked)
Current loss is: 0.0006765104930457733 (tracked)
Current loss is: 0.0006535766002760028 (tracked)
Current loss is: 0.000639914807121163 (tracked)
Current loss is: 0.0006256270578583727 (tracked)
Current loss is: 0.0006143141231073244 (tracked)
Current loss is: 0.000599965292691979 (tracked)
Current loss is: 0.0005907195659008038 (tracked)
Current loss is: 0.0005757805006307293 (tracked)
Current loss is: 0.0005666792635838614 (tracked)
Current loss is: 0.0005578735094673231 (tracked)
Current loss is: 0.000551295432326695 (tracked)
Current loss is: 0.000546898871167668 (tracked)
Current loss is: 0.0005392119296618104 (tracked)
Current loss is: 0.0005336580039362759 (tracked)
Current loss is: 0.0005298150878104287 (tracked)
Current loss is: 0.0005301313228938918 (tracked)
Current loss is: 0.0005252841473430525 (tracked)
Current loss is: 0.0005245841564558127 (tracked)
Current loss is: 0.0005197797515310736 (tracked)
Current loss is: 0.0005218939777055308 (tracked)
Current loss is: 0.0005206958366324263 (tracked)
Current loss is: 0.0005180755234183902 (tracked)
Current loss is: 0.0005173827760305022 (tracked)
Current loss is: 0.0005159929434721386 (tracked)
Current loss is: 0.0005181279183187764 (tracked)
Current loss is: 0.000514583694573811 (tracked)
Current loss is: 0.000513776273030885 (tracked)
Current loss is: 0.0005107222932672661 (tracked)
Current loss is: 0.0005088270770152751 (tracked)
Current loss is: 0.0005104423065125639 (tracked)
Current loss is: 0.0005060094700327889 (tracked)
Current loss is: 0.0005052914088459104 (tracked)
Current loss is: 0.0004994084460731606 (tracked)
Current loss is: 0.000498129649859307 (tracked)
Current loss is: 0.0004948645756942368 (tracked)
Current loss is: 0.0004935180256561294 (tracked)
Current loss is: 0.0004908796445772827 (tracked)
Current loss is: 0.00048738833027675045 (tracked)
Current loss is: 7.2504826f0 (tracked)
Current loss is: 19.15962f0 (tracked)
Current loss is: 19.603605f0 (tracked)
Current loss is: 11.785006f0 (tracked)
Current loss is: 5.8560777f0 (tracked)
Current loss is: 3.6326308f0 (tracked)
Current loss is: 5.9607067f0 (tracked)
Current loss is: 9.767532f0 (tracked)
Current loss is: 8.480175f0 (tracked)
Current loss is: 4.733777f0 (tracked)
Current loss is: 2.7907014f0 (tracked)
Current loss is: 2.7777116f0 (tracked)
Current loss is: 3.5724447f0 (tracked)
Current loss is: 4.398552f0 (tracked)
Current loss is: 4.8010254f0 (tracked)
Current loss is: 4.572495f0 (tracked)
Current loss is: 3.8322866f0 (tracked)
Current loss is: 2.889935f0 (tracked)
Current loss is: 2.043868f0 (tracked)
Current loss is: 1.5010583f0 (tracked)
Current loss is: 1.3746283f0 (tracked)
Current loss is: 1.6417124f0 (tracked)
Current loss is: 2.0177705f0 (tracked)
Current loss is: 2.0845394f0 (tracked)
Current loss is: 1.7146453f0 (tracked)
Current loss is: 1.1995246f0 (tracked)
Current loss is: 0.8354309f0 (tracked)
Current loss is: 0.700196f0 (tracked)
Current loss is: 0.718167f0 (tracked)
Current loss is: 0.79492f0 (tracked)
Current loss is: 0.8556247f0 (tracked)
Current loss is: 0.85809326f0 (tracked)
Current loss is: 0.7871547f0 (tracked)
Current loss is: 0.659558f0 (tracked)
Current loss is: 0.5091017f0 (tracked)
Current loss is: 0.3704096f0 (tracked)
Current loss is: 0.26926863f0 (tracked)
Current loss is: 0.21816778f0 (tracked)
Current loss is: 0.21454239f0 (tracked)
Current loss is: 0.24161202f0 (tracked)
Current loss is: 0.26910102f0 (tracked)
Current loss is: 0.2673716f0 (tracked)
Current loss is: 0.2289869f0 (tracked)
Current loss is: 0.170964f0 (tracked)
Current loss is: 0.11761739f0 (tracked)
Current loss is: 0.08279684f0 (tracked)
Current loss is: 0.067491144f0 (tracked)
Current loss is: 0.06629831f0 (tracked)
Current loss is: 0.07202616f0 (tracked)
Current loss is: 0.07843996f0 (tracked)
Current loss is: 0.08144375f0 (tracked)
Current loss is: 0.0786196f0 (tracked)
Current loss is: 0.07004062f0 (tracked)
Current loss is: 0.057522804f0 (tracked)
Current loss is: 0.043914888f0 (tracked)
Current loss is: 0.03193571f0 (tracked)
Current loss is: 0.022944814f0 (tracked)
Current loss is: 0.01800597f0 (tracked)
Current loss is: 0.016699865f0 (tracked)
Current loss is: 0.018162645f0 (tracked)
Current loss is: 0.020764744f0 (tracked)
Current loss is: 0.0230161f0 (tracked)
Current loss is: 0.023485484f0 (tracked)
Current loss is: 0.02179949f0 (tracked)
Current loss is: 0.018336214f0 (tracked)
Current loss is: 0.014279131f0 (tracked)
Current loss is: 0.010684194f0 (tracked)
Current loss is: 0.008182874f0 (tracked)
Current loss is: 0.006954838f0 (tracked)
Current loss is: 0.0067255776f0 (tracked)
Current loss is: 0.0071819127f0 (tracked)
Current loss is: 0.007890186f0 (tracked)
Current loss is: 0.00847317f0 (tracked)
Current loss is: 0.008677981f0 (tracked)
Current loss is: 0.008387912f0 (tracked)
Current loss is: 0.007670352f0 (tracked)
Current loss is: 0.0066218325f0 (tracked)
Current loss is: 0.005541945f0 (tracked)
Current loss is: 0.0045686136f0 (tracked)
Current loss is: 0.0038872086f0 (tracked)
Current loss is: 0.003530054f0 (tracked)
Current loss is: 0.0034683668f0 (tracked)
Current loss is: 0.0036291033f0 (tracked)
Current loss is: 0.0038489823f0 (tracked)
Current loss is: 0.00400771f0 (tracked)
Current loss is: 0.003992364f0 (tracked)
Current loss is: 0.0038195695f0 (tracked)
Current loss is: 0.0034939237f0 (tracked)
Current loss is: 0.0030744406f0 (tracked)
Current loss is: 0.0027009211f0 (tracked)
Current loss is: 0.002441675f0 (tracked)
Current loss is: 0.0023110828f0 (tracked)
Current loss is: 0.002276727f0 (tracked)
Current loss is: 0.002338969f0 (tracked)
Current loss is: 0.0023853665f0 (tracked)
Current loss is: 0.00239854f0 (tracked)
Current loss is: 0.002362546f0 (tracked)
Current loss is: 0.0022529059f0 (tracked)
Current loss is: 0.0021075658f0 (tracked)
Current loss is: 0.0019494417f0 (tracked)
Current loss is: 0.005025252f0 (tracked)
Current loss is: 0.0038430193f0 (tracked)
Current loss is: 0.0037423843f0 (tracked)
Current loss is: 0.004396834f0 (tracked)
Current loss is: 0.004986302f0 (tracked)
Current loss is: 0.004869694f0 (tracked)
Current loss is: 0.004063768f0 (tracked)
Current loss is: 0.003224344f0 (tracked)
Current loss is: 0.0028641f0 (tracked)
Current loss is: 0.0030490826f0 (tracked)
Current loss is: 0.003404206f0 (tracked)
Current loss is: 0.0034442197f0 (tracked)
Current loss is: 0.0030725328f0 (tracked)
Current loss is: 0.002564252f0 (tracked)
Current loss is: 0.0022681053f0 (tracked)
Current loss is: 0.0022788555f0 (tracked)
Current loss is: 0.0024608106f0 (tracked)
Current loss is: 0.0025216923f0 (tracked)
Current loss is: 0.002340408f0 (tracked)
Current loss is: 0.0020702705f0 (tracked)
Current loss is: 0.0018593027f0 (tracked)
Current loss is: 0.0018398308f0 (tracked)
Current loss is: 0.0019392258f0 (tracked)
Current loss is: 0.001982071f0 (tracked)
Current loss is: 0.0018852203f0 (tracked)
Current loss is: 0.0017237231f0 (tracked)
Current loss is: 0.001608565f0 (tracked)
Current loss is: 0.001609386f0 (tracked)
Current loss is: 0.0016683771f0 (tracked)
Current loss is: 0.0016831438f0 (tracked)
Current loss is: 0.0016191844f0 (tracked)
Current loss is: 0.0015177535f0 (tracked)
Current loss is: 0.0014657376f0 (tracked)
Current loss is: 0.0014640428f0 (tracked)
Current loss is: 0.00149795f0 (tracked)
Current loss is: 0.0014836526f0 (tracked)
Current loss is: 0.0014288183f0 (tracked)
Current loss is: 0.0013689926f0 (tracked)
Current loss is: 0.0013429653f0 (tracked)
Current loss is: 0.0013501308f0 (tracked)
Current loss is: 0.0013501714f0 (tracked)
Current loss is: 0.0013155024f0 (tracked)
Current loss is: 0.0012589325f0 (tracked)
Current loss is: 0.0012298457f0 (tracked)
Current loss is: 0.00122211f0 (tracked)
Current loss is: 0.0012156278f0 (tracked)
Current loss is: 0.0011878824f0 (tracked)
Current loss is: 0.0011462682f0 (tracked)
Current loss is: 0.0011096586f0 (tracked)
Current loss is: 0.0011038131f0 (tracked)
Current loss is: 0.0010917024f0 (tracked)
Current loss is: 0.0010595204f0 (tracked)
Current loss is: 0.0010269278f0 (tracked)
Current loss is: 0.0010076831f0 (tracked)
Current loss is: 0.0010012733f0 (tracked)
Current loss is: 0.0009765148f0 (tracked)
Current loss is: 0.00095403893f0 (tracked)
Current loss is: 0.00092732784f0 (tracked)
Current loss is: 0.00091906224f0 (tracked)
Current loss is: 0.0009043437f0 (tracked)
Current loss is: 0.00088462455f0 (tracked)
Current loss is: 0.0008619862f0 (tracked)
Current loss is: 0.0008452734f0 (tracked)
Current loss is: 0.00083108863f0 (tracked)
Current loss is: 0.0008137979f0 (tracked)
Current loss is: 0.00079598906f0 (tracked)
Current loss is: 0.0007762067f0 (tracked)
Current loss is: 0.00076940015f0 (tracked)
Current loss is: 0.00075139f0 (tracked)
Current loss is: 0.00073454983f0 (tracked)
Current loss is: 0.0007196652f0 (tracked)
Current loss is: 0.0007085154f0 (tracked)
Current loss is: 0.0006939111f0 (tracked)
Current loss is: 0.0006795686f0 (tracked)
Current loss is: 0.00066249486f0 (tracked)
Current loss is: 0.0006539877f0 (tracked)
Current loss is: 0.00063485856f0 (tracked)
Current loss is: 0.0006238588f0 (tracked)
Current loss is: 0.000610053f0 (tracked)
Current loss is: 0.000600199f0 (tracked)
Current loss is: 0.0005819914f0 (tracked)
Current loss is: 0.00056844205f0 (tracked)
Current loss is: 0.0005579309f0 (tracked)
Current loss is: 0.00054673693f0 (tracked)
Current loss is: 0.0005299534f0 (tracked)
Current loss is: 0.0005192064f0 (tracked)
Current loss is: 0.0005103958f0 (tracked)
Current loss is: 0.0004957896f0 (tracked)
Current loss is: 0.00048469662f0 (tracked)
Current loss is: 0.00047667965f0 (tracked)
Current loss is: 0.00046448858f0 (tracked)
Current loss is: 0.00045437843f0 (tracked)
Current loss is: 0.00044777954f0 (tracked)
Current loss is: 0.0004349835f0 (tracked)
Current loss is: 0.00042359543f0 (tracked)
Current loss is: 0.0004148818f0 (tracked)
Current loss is: 0.00040722013f0 (tracked)
Current loss is: 0.0003943818f0 (tracked)
Current loss is: 0.0003862349f0 (tracked)
Current loss is: 0.0003767751f0 (tracked)
Current loss is: 20.635088f0 (tracked)
Current loss is: 4.9054775f0 (tracked)
Current loss is: 1.0054786f0 (tracked)
Current loss is: 0.18646283f0 (tracked)
Current loss is: 0.30139452f0 (tracked)
Current loss is: 1.2031769f0 (tracked)
Current loss is: 2.9777346f0 (tracked)
Current loss is: 5.210689f0 (tracked)
Current loss is: 6.9675865f0 (tracked)
Current loss is: 7.484798f0 (tracked)
Current loss is: 6.721476f0 (tracked)
Current loss is: 5.204211f0 (tracked)
Current loss is: 3.5560627f0 (tracked)
Current loss is: 2.1833992f0 (tracked)
Current loss is: 1.2220211f0 (tracked)
Current loss is: 0.6302773f0 (tracked)
Current loss is: 0.3015555f0 (tracked)
Current loss is: 0.13405125f0 (tracked)
Current loss is: 0.055335205f0 (tracked)
Current loss is: 0.021809477f0 (tracked)
Current loss is: 0.010202726f0 (tracked)
Current loss is: 0.009337851f0 (tracked)
Current loss is: 0.014420972f0 (tracked)
Current loss is: 0.023652852f0 (tracked)
Current loss is: 0.036409214f0 (tracked)
Current loss is: 0.05234442f0 (tracked)
Current loss is: 0.0709987f0 (tracked)
Current loss is: 0.09166783f0 (tracked)
Current loss is: 0.113406815f0 (tracked)
Current loss is: 0.13510032f0 (tracked)
Current loss is: 0.155564f0 (tracked)
Current loss is: 0.17365627f0 (tracked)
Current loss is: 0.18838365f0 (tracked)
Current loss is: 0.19898914f0 (tracked)
Current loss is: 0.20501235f0 (tracked)
Current loss is: 0.20631662f0 (tracked)
Current loss is: 0.20308018f0 (tracked)
Current loss is: 0.19575551f0 (tracked)
Current loss is: 0.18500455f0 (tracked)
Current loss is: 0.1716197f0 (tracked)
Current loss is: 0.1564426f0 (tracked)
Current loss is: 0.14029118f0 (tracked)
Current loss is: 0.12390138f0 (tracked)
Current loss is: 0.10788813f0 (tracked)
Current loss is: 0.09272594f0 (tracked)
Current loss is: 0.078746684f0 (tracked)
Current loss is: 0.06615039f0 (tracked)
Current loss is: 0.055024438f0 (tracked)
Current loss is: 0.045367267f0 (tracked)
Current loss is: 0.037112225f0 (tracked)
Current loss is: 0.030149685f0 (tracked)
Current loss is: 0.02434578f0 (tracked)
Current loss is: 0.019556934f0 (tracked)
Current loss is: 0.01564063f0 (tracked)
Current loss is: 0.012462506f0 (tracked)
Current loss is: 0.009900576f0 (tracked)
Current loss is: 0.007847319f0 (tracked)
Current loss is: 0.006210083f0 (tracked)
Current loss is: 0.0049104965f0 (tracked)
Current loss is: 0.0038832598f0 (tracked)
Current loss is: 0.0030746178f0 (tracked)
Current loss is: 0.0024407625f0 (tracked)
Current loss is: 0.0019462678f0 (tracked)
Current loss is: 0.0015626629f0 (tracked)
Current loss is: 0.0012671603f0 (tracked)
Current loss is: 0.0010415863f0 (tracked)
Current loss is: 0.0008714705f0 (tracked)
Current loss is: 0.00074529025f0 (tracked)
Current loss is: 0.0006538768f0 (tracked)
Current loss is: 0.00058991415f0 (tracked)
Current loss is: 0.00054755347f0 (tracked)
Current loss is: 0.0005221092f0 (tracked)
Current loss is: 0.00050981017f0 (tracked)
Current loss is: 0.00050761213f0 (tracked)
Current loss is: 0.00051304844f0 (tracked)
Current loss is: 0.0005241147f0 (tracked)
Current loss is: 0.00053917686f0 (tracked)
Current loss is: 0.0005569001f0 (tracked)
Current loss is: 0.0005761956f0 (tracked)
Current loss is: 0.000596174f0 (tracked)
Current loss is: 0.00061611366f0 (tracked)
Current loss is: 0.00063543004f0 (tracked)
Current loss is: 0.00065365963f0 (tracked)
Current loss is: 0.0006704336f0 (tracked)
Current loss is: 0.0006854728f0 (tracked)
Current loss is: 0.0006985667f0 (tracked)
Current loss is: 0.000709571f0 (tracked)
Current loss is: 0.0007183922f0 (tracked)
Current loss is: 0.0007249881f0 (tracked)
Current loss is: 0.00072935305f0 (tracked)
Current loss is: 0.0007315167f0 (tracked)
Current loss is: 0.0007315421f0 (tracked)
Current loss is: 0.0007295116f0 (tracked)
Current loss is: 0.00072553253f0 (tracked)
Current loss is: 0.0007197221f0 (tracked)
Current loss is: 0.0007122199f0 (tracked)
Current loss is: 0.00070317043f0 (tracked)
Current loss is: 0.00069272646f0 (tracked)
Current loss is: 0.0006810441f0 (tracked)
Current loss is: 0.00066828076f0 (tracked)
Current loss is: 0.0012482493f0 (tracked)
Current loss is: 0.0012145333f0 (tracked)
Current loss is: 0.0011778688f0 (tracked)
Current loss is: 0.001139327f0 (tracked)
Current loss is: 0.0010999364f0 (tracked)
Current loss is: 0.0010606355f0 (tracked)
Current loss is: 0.0010222704f0 (tracked)
Current loss is: 0.0009855576f0 (tracked)
Current loss is: 0.0009510778f0 (tracked)
Current loss is: 0.00091926754f0 (tracked)
Current loss is: 0.0008904181f0 (tracked)
Current loss is: 0.00086467655f0 (tracked)
Current loss is: 0.0008420567f0 (tracked)
Current loss is: 0.00082245003f0 (tracked)
Current loss is: 0.00080563803f0 (tracked)
Current loss is: 0.0007913211f0 (tracked)
Current loss is: 0.00077912287f0 (tracked)
Current loss is: 0.0007686268f0 (tracked)
Current loss is: 0.0007593929f0 (tracked)
Current loss is: 0.0007509791f0 (tracked)
Current loss is: 0.00074296707f0 (tracked)
Current loss is: 0.00073497836f0 (tracked)
Current loss is: 0.00072668935f0 (tracked)
Current loss is: 0.0007178438f0 (tracked)
Current loss is: 0.0007082618f0 (tracked)
Current loss is: 0.0006978407f0 (tracked)
Current loss is: 0.00068655144f0 (tracked)
Current loss is: 0.0006744334f0 (tracked)
Current loss is: 0.00066158123f0 (tracked)
Current loss is: 0.00064813386f0 (tracked)
Current loss is: 0.0006342577f0 (tracked)
Current loss is: 0.00062013266f0 (tracked)
Current loss is: 0.00060593744f0 (tracked)
Current loss is: 0.0005918371f0 (tracked)
Current loss is: 0.00057797285f0 (tracked)
Current loss is: 0.00056445604f0 (tracked)
Current loss is: 0.0005513639f0 (tracked)
Current loss is: 0.0005387374f0 (tracked)
Current loss is: 0.00052658445f0 (tracked)
Current loss is: 0.00051488855f0 (tracked)
Current loss is: 0.0005036048f0 (tracked)
Current loss is: 0.000492677f0 (tracked)
Current loss is: 0.00048203568f0 (tracked)
Current loss is: 0.00047161346f0 (tracked)
Current loss is: 0.0004613441f0 (tracked)
Current loss is: 0.00045117058f0 (tracked)
Current loss is: 0.00044104995f0 (tracked)
Current loss is: 0.0004309523f0 (tracked)
Current loss is: 0.0004208638f0 (tracked)
Current loss is: 0.0004107845f0 (tracked)
Current loss is: 0.00040072587f0 (tracked)
Current loss is: 0.00039071153f0 (tracked)
Current loss is: 0.0003807702f0 (tracked)
Current loss is: 0.00037093408f0 (tracked)
Current loss is: 0.00036123663f0 (tracked)
Current loss is: 0.00035170716f0 (tracked)
Current loss is: 0.00034237004f0 (tracked)
Current loss is: 0.00033324288f0 (tracked)
Current loss is: 0.00032433687f0 (tracked)
Current loss is: 0.0003156551f0 (tracked)
Current loss is: 0.00030719416f0 (tracked)
Current loss is: 0.00029894497f0 (tracked)
Current loss is: 0.00029089523f0 (tracked)
Current loss is: 0.00028302954f0 (tracked)
Current loss is: 0.00027533364f0 (tracked)
Current loss is: 0.000267794f0 (tracked)
Current loss is: 0.00026040003f0 (tracked)
Current loss is: 0.00025314302f0 (tracked)
Current loss is: 0.0002460191f0 (tracked)
Current loss is: 0.00023902796f0 (tracked)
Current loss is: 0.00023217071f0 (tracked)
Current loss is: 0.00022545193f0 (tracked)
Current loss is: 0.00021887611f0 (tracked)
Current loss is: 0.0002124491f0 (tracked)
Current loss is: 0.00020617546f0 (tracked)
Current loss is: 0.00020005793f0 (tracked)
Current loss is: 0.00019409906f0 (tracked)
Current loss is: 0.00018829852f0 (tracked)
Current loss is: 0.00018265439f0 (tracked)
Current loss is: 0.0001771633f0 (tracked)
Current loss is: 0.00017182152f0 (tracked)
Current loss is: 0.00016662339f0 (tracked)
Current loss is: 0.00016156421f0 (tracked)
Current loss is: 0.00015663877f0 (tracked)
Current loss is: 0.00015184388f0 (tracked)
Current loss is: 0.0001471753f0 (tracked)
Current loss is: 0.00014263114f0 (tracked)
Current loss is: 0.00013820868f0 (tracked)
Current loss is: 0.0001339067f0 (tracked)
Current loss is: 0.0001297243f0 (tracked)
Current loss is: 0.00012566055f0 (tracked)
Current loss is: 0.000121714256f0 (tracked)
Current loss is: 0.00011788396f0 (tracked)
Current loss is: 0.000114168346f0 (tracked)
Current loss is: 0.000110565445f0 (tracked)
Current loss is: 0.00010707254f0 (tracked)
Current loss is: 0.00010368734f0 (tracked)
Current loss is: 0.000100407226f0 (tracked)
Current loss is: 9.722961f-5 (tracked)
Current loss is: 9.4151816f-5 (tracked)
Test Summary: |
NNODE         | No tests
434.972109 seconds (314.29 M allocations: 11.070 GiB, 1.24% gc time)
Current loss is: 16021.92051185759 (tracked)
Current loss is: 20089.122077450644 (tracked)
Current loss is: 15632.329261412051 (tracked)
Current loss is: 16462.893518224246 (tracked)
Current loss is: 17802.799223310543 (tracked)
Current loss is: 14282.345170776985 (tracked)
Current loss is: 19052.404656220282 (tracked)
Current loss is: 17056.620458351896 (tracked)
Current loss is: 16464.006483801193 (tracked)
Current loss is: 14495.690143022002 (tracked)
Current loss is: 19336.78468796421 (tracked)
Current loss is: 15590.494647425401 (tracked)
Current loss is: 17946.010270394698 (tracked)
Current loss is: 15187.819954888631 (tracked)
Current loss is: 16896.616756080424 (tracked)
Current loss is: 13982.81892797389 (tracked)
Current loss is: 17114.377037659684 (tracked)
Current loss is: 18177.004052085966 (tracked)
Current loss is: 17276.577363538127 (tracked)
Current loss is: 13991.667935273004 (tracked)
Current loss is: 17434.414142033624 (tracked)
Current loss is: 17635.718783548844 (tracked)
Current loss is: 15501.307070262483 (tracked)
Current loss is: 19917.975019385944 (tracked)
Current loss is: 14512.60636880822 (tracked)
Current loss is: 16916.92889422621 (tracked)
Current loss is: 17491.800525574858 (tracked)
Current loss is: 20042.064212226884 (tracked)
Current loss is: 15008.993949590325 (tracked)
Current loss is: 15232.145994878067 (tracked)
Current loss is: 15920.688281720119 (tracked)
Current loss is: 14807.19114014963 (tracked)
Current loss is: 17353.761302804927 (tracked)
Current loss is: 14614.052714600703 (tracked)
Current loss is: 14490.120523781394 (tracked)
Current loss is: 18883.713371838952 (tracked)
Current loss is: 17974.34621799558 (tracked)
Current loss is: 17211.806826858527 (tracked)
Current loss is: 17812.52774139282 (tracked)
Current loss is: 14950.531892486542 (tracked)
Current loss is: 15021.361621007922 (tracked)
Current loss is: 13202.358398939286 (tracked)
Current loss is: 15332.582854948589 (tracked)
Current loss is: 15655.67405685045 (tracked)
Current loss is: 16056.951408883277 (tracked)
Current loss is: 14778.00666011858 (tracked)
Current loss is: 15964.976751120917 (tracked)
Current loss is: 13908.27758004373 (tracked)
Current loss is: 16411.906541067645 (tracked)
Current loss is: 15405.20452739918 (tracked)
Current loss is: 14833.262216414498 (tracked)
Current loss is: 15426.702381496518 (tracked)
Current loss is: 12601.56448975869 (tracked)
Current loss is: 13965.425139184952 (tracked)
Current loss is: 12169.981440467576 (tracked)
Current loss is: 14189.794521888807 (tracked)
Current loss is: 12683.585459901353 (tracked)
Current loss is: 14232.912418676065 (tracked)
Current loss is: 13354.668411865998 (tracked)
Current loss is: 13753.76200904875 (tracked)
Current loss is: 15118.776746634823 (tracked)
Current loss is: 12589.79300912896 (tracked)
Current loss is: 13994.591309254138 (tracked)
Current loss is: 11430.791056235348 (tracked)
Current loss is: 10398.800960996048 (tracked)
Current loss is: 11181.022261611228 (tracked)
Current loss is: 12813.217903985194 (tracked)
Current loss is: 9476.981038972928 (tracked)
Current loss is: 9540.586161721658 (tracked)
Current loss is: 10764.607307715141 (tracked)
Current loss is: 10562.683333895575 (tracked)
Current loss is: 10337.485452999546 (tracked)
Current loss is: 9169.104106177787 (tracked)
Current loss is: 8790.91810839102 (tracked)
Current loss is: 8944.027912201009 (tracked)
Current loss is: 9400.909996616974 (tracked)
Current loss is: 9631.849977688971 (tracked)
Current loss is: 8284.685195310829 (tracked)
Current loss is: 8480.854420723046 (tracked)
Current loss is: 8740.685752985186 (tracked)
Current loss is: 8311.329518523575 (tracked)
Current loss is: 6405.220657154232 (tracked)
Current loss is: 7164.036095720879 (tracked)
Current loss is: 6079.294665576899 (tracked)
Current loss is: 7763.270296468328 (tracked)
Current loss is: 7048.591243540023 (tracked)
Current loss is: 6125.079077123477 (tracked)
Current loss is: 6083.221701406192 (tracked)
Current loss is: 5204.636662451155 (tracked)
Current loss is: 5337.821213946043 (tracked)
Current loss is: 5388.29771369166 (tracked)
Current loss is: 4713.630735176563 (tracked)
Current loss is: 4684.614353640963 (tracked)
Current loss is: 4125.131044613023 (tracked)
Current loss is: 3831.747510597969 (tracked)
Current loss is: 3594.767397407449 (tracked)
Current loss is: 3132.2425548409433 (tracked)
Current loss is: 3504.1691254980724 (tracked)
Current loss is: 2749.889834576226 (tracked)
Current loss is: 3048.9083739892535 (tracked)
Current loss is: 2258.911114161371 (tracked)
Current loss is: 2155.9417128951 (tracked)
Current loss is: 2105.5853406542283 (tracked)
Current loss is: 1810.5167263269313 (tracked)
Current loss is: 1899.8383880571655 (tracked)
Current loss is: 1589.904876108579 (tracked)
Current loss is: 1297.1660341984116 (tracked)
Current loss is: 1230.1538815989977 (tracked)
Current loss is: 963.1090020572124 (tracked)
Current loss is: 1006.4377586595339 (tracked)
Current loss is: 943.1927473367532 (tracked)
Current loss is: 634.9166848615129 (tracked)
Current loss is: 581.686455858162 (tracked)
Current loss is: 480.56247999851536 (tracked)
Current loss is: 518.2099219122259 (tracked)
Current loss is: 329.53364366309717 (tracked)
Current loss is: 235.57237049339264 (tracked)
Current loss is: 207.79688735866705 (tracked)
Current loss is: 151.75292513049155 (tracked)
Current loss is: 133.67610688884247 (tracked)
Current loss is: 173.14938086509355 (tracked)
Current loss is: 127.21312394160584 (tracked)
Current loss is: 67.27499440872722 (tracked)
Current loss is: 86.64590600689999 (tracked)
Current loss is: 56.25604321916284 (tracked)
Current loss is: 37.39170537034714 (tracked)
Current loss is: 61.183272148554686 (tracked)
Current loss is: 32.056697779615114 (tracked)
Current loss is: 47.862794522124766 (tracked)
Current loss is: 47.84893280514928 (tracked)
Current loss is: 46.7997924430253 (tracked)
Current loss is: 39.426461049751104 (tracked)
Current loss is: 43.16067611955117 (tracked)
Current loss is: 44.483180339074345 (tracked)
Current loss is: 51.541690870665846 (tracked)
Current loss is: 44.04148783538045 (tracked)
Current loss is: 44.929499046523595 (tracked)
Current loss is: 43.64768589700335 (tracked)
Current loss is: 42.353937125520495 (tracked)
Current loss is: 46.77145526062713 (tracked)
Current loss is: 39.73944856936554 (tracked)
Current loss is: 36.38144125945126 (tracked)
Current loss is: 30.879211813615125 (tracked)
Current loss is: 33.10474152231824 (tracked)
Current loss is: 27.239776373491658 (tracked)
Current loss is: 26.833720957237446 (tracked)
Current loss is: 24.446433998950987 (tracked)
Current loss is: 23.87030816318143 (tracked)
Current loss is: 15.638872422690179 (tracked)
Current loss is: 19.214083011159467 (tracked)
Current loss is: 14.589332201261822 (tracked)
Current loss is: 12.145642519464456 (tracked)
Current loss is: 12.319819882924815 (tracked)
Current loss is: 13.32697039123601 (tracked)
Current loss is: 9.947732965734684 (tracked)
Current loss is: 8.345982110669413 (tracked)
Current loss is: 10.677316463567143 (tracked)
Current loss is: 9.832815054664492 (tracked)
Current loss is: 6.168550041369491 (tracked)
Current loss is: 4.835323607678982 (tracked)
Current loss is: 6.761082961650027 (tracked)
Current loss is: 7.32306866452812 (tracked)
Current loss is: 7.536293978051951 (tracked)
Current loss is: 6.807453158814768 (tracked)
Current loss is: 8.504314970643197 (tracked)
Current loss is: 9.135768151401733 (tracked)
Current loss is: 3.4461280744905323 (tracked)
Current loss is: 8.13532060379426 (tracked)
Current loss is: 4.851145021421903 (tracked)
Current loss is: 6.1064682049294445 (tracked)
Current loss is: 4.088925403784084 (tracked)
Current loss is: 5.41919243469439 (tracked)
Current loss is: 6.088458990764501 (tracked)
Current loss is: 7.731633111913945 (tracked)
Current loss is: 5.8868120853374215 (tracked)
Current loss is: 8.779689914828138 (tracked)
Current loss is: 6.308169686077852 (tracked)
Current loss is: 5.651774274488625 (tracked)
Current loss is: 8.167213054299438 (tracked)
Current loss is: 9.36789279534185 (tracked)
Current loss is: 6.7705698885438945 (tracked)
Current loss is: 3.540746700913773 (tracked)
Current loss is: 4.929405214823501 (tracked)
Current loss is: 7.073493990020082 (tracked)
Current loss is: 7.253271794178715 (tracked)
Current loss is: 7.512803494050697 (tracked)
Current loss is: 5.542794105749369 (tracked)
Current loss is: 6.7996485069201364 (tracked)
Current loss is: 4.7171353311767685 (tracked)
Current loss is: 7.761562052104674 (tracked)
Current loss is: 6.206495374850067 (tracked)
Current loss is: 4.757233694740112 (tracked)
Current loss is: 3.576071855956333 (tracked)
Current loss is: 5.280110497298914 (tracked)
Current loss is: 3.882184975592258 (tracked)
Current loss is: 4.948416882207486 (tracked)
Current loss is: 5.643304226400252 (tracked)
Current loss is: 8.523095392927486 (tracked)
Current loss is: 4.114097417815582 (tracked)
Current loss is: 2.9916316446091753 (tracked)
one-dimensional heat equation
error_l2 = 0.0007133236

Current loss is: 4.306001325897782e7 (tracked)
Current loss is: 4.270601590215836e7 (tracked)
Current loss is: 4.244514607082481e7 (tracked)
Current loss is: 4.2371227463438936e7 (tracked)
Current loss is: 4.117744864431303e7 (tracked)
Current loss is: 4.029663266781003e7 (tracked)
Current loss is: 3.897492209632856e7 (tracked)
Current loss is: 3.8791346904773295e7 (tracked)
Current loss is: 3.725506244248651e7 (tracked)
Current loss is: 3.512775384117109e7 (tracked)
Current loss is: 3.3438553679873705e7 (tracked)
Current loss is: 3.1946943316491257e7 (tracked)
Current loss is: 2.9547215433448013e7 (tracked)
Current loss is: 2.8042083123049453e7 (tracked)
Current loss is: 2.548742065200891e7 (tracked)
Current loss is: 2.3319515713151556e7 (tracked)
Current loss is: 2.12366171043617e7 (tracked)
Current loss is: 1.8087155039471213e7 (tracked)
Current loss is: 1.5634625592907522e7 (tracked)
Current loss is: 1.2999759485171137e7 (tracked)
Current loss is: 1.0015036411758676e7 (tracked)
Current loss is: 7.503214527309291e6 (tracked)
Current loss is: 5.016241057327637e6 (tracked)
Current loss is: 3.057093806310615e6 (tracked)
Current loss is: 1.584941762273149e6 (tracked)
Current loss is: 555582.4965621128 (tracked)
Current loss is: 146881.28004432592 (tracked)
Current loss is: 318909.382841314 (tracked)
Current loss is: 922272.4797259883 (tracked)
Current loss is: 1.861628579548575e6 (tracked)
Current loss is: 2.6021161275722235e6 (tracked)
Current loss is: 3.3869171602001525e6 (tracked)
Current loss is: 3.821242001394013e6 (tracked)
Current loss is: 3.6856717141369153e6 (tracked)
Current loss is: 3.2945207973412545e6 (tracked)
Current loss is: 2.5255342832928784e6 (tracked)
Current loss is: 1.7638245724740762e6 (tracked)
Current loss is: 1.1067855237207978e6 (tracked)
Current loss is: 707095.1968093226 (tracked)
Current loss is: 324907.2921621189 (tracked)
Current loss is: 115920.95034530592 (tracked)
Current loss is: 50327.76498231261 (tracked)
Current loss is: 94116.33685061222 (tracked)
Current loss is: 221139.39267386252 (tracked)
Current loss is: 361150.92893278296 (tracked)
Current loss is: 499363.04226356273 (tracked)
Current loss is: 627392.1016079838 (tracked)
Current loss is: 685207.7390611639 (tracked)
Current loss is: 765854.2231992075 (tracked)
Current loss is: 784711.5801834023 (tracked)
Current loss is: 678888.218882176 (tracked)
Current loss is: 622317.2686151196 (tracked)
Current loss is: 463850.70475555287 (tracked)
Current loss is: 355441.6980416331 (tracked)
Current loss is: 235276.8920067518 (tracked)
Current loss is: 161543.18534157705 (tracked)
Current loss is: 93499.8887299196 (tracked)
Current loss is: 55579.27446648998 (tracked)
Current loss is: 38805.66672921712 (tracked)
Current loss is: 71102.46911730689 (tracked)
Current loss is: 97007.76442233108 (tracked)
Current loss is: 145937.84840804295 (tracked)
Current loss is: 166961.8968994522 (tracked)
Current loss is: 165922.51180725422 (tracked)
Current loss is: 195935.95494436708 (tracked)
Current loss is: 170434.29641977485 (tracked)
Current loss is: 166143.05018033588 (tracked)
Current loss is: 116761.58515347309 (tracked)
Current loss is: 92791.29268447145 (tracked)
Current loss is: 86038.37439313845 (tracked)
Current loss is: 62461.057111110946 (tracked)
Current loss is: 53126.8146646372 (tracked)
Current loss is: 33922.85756540582 (tracked)
Current loss is: 33375.20817037676 (tracked)
Current loss is: 39074.915078555074 (tracked)
Current loss is: 50646.833115986046 (tracked)
Current loss is: 61736.92028492786 (tracked)
Current loss is: 58457.12706398927 (tracked)
Current loss is: 68680.40343678078 (tracked)
Current loss is: 64894.54479992411 (tracked)
Current loss is: 53407.12914326787 (tracked)
Current loss is: 48901.46231512829 (tracked)
Current loss is: 46947.03317141906 (tracked)
Current loss is: 37762.11220894432 (tracked)
Current loss is: 37164.823422879585 (tracked)
Current loss is: 24548.246795192495 (tracked)
Current loss is: 25317.847828296944 (tracked)
Current loss is: 27561.758171138834 (tracked)
Current loss is: 19015.310441853326 (tracked)
Current loss is: 17745.055849217173 (tracked)
Current loss is: 20066.275504846097 (tracked)
Current loss is: 26209.02981561712 (tracked)
Current loss is: 23616.106759744678 (tracked)
Current loss is: 20167.934662977714 (tracked)
Current loss is: 17830.933144739876 (tracked)
Current loss is: 12786.327350718077 (tracked)
Current loss is: 15537.657122158014 (tracked)
Current loss is: 14127.086310711109 (tracked)
Current loss is: 8472.170234009744 (tracked)
Current loss is: 8877.934350392788 (tracked)
Current loss is: 8514.668124973768 (tracked)
Current loss is: 7466.009826023399 (tracked)
Current loss is: 9606.547594083026 (tracked)
Current loss is: 6086.870672225384 (tracked)
Current loss is: 7089.9866311439055 (tracked)
Current loss is: 6516.646667840308 (tracked)
Current loss is: 6787.391470937341 (tracked)
Current loss is: 5957.583831371099 (tracked)
Current loss is: 6614.996295235137 (tracked)
Current loss is: 5095.4932161431125 (tracked)
Current loss is: 3100.5186914098067 (tracked)
Current loss is: 3323.5284489438554 (tracked)
Current loss is: 3981.5390232837394 (tracked)
Current loss is: 2591.009236681805 (tracked)
Current loss is: 2885.5378728149244 (tracked)
Current loss is: 2337.943684950916 (tracked)
Current loss is: 2532.7443117510834 (tracked)
Current loss is: 2363.8295377104714 (tracked)
Current loss is: 2455.4809968855234 (tracked)
Current loss is: 3101.344982734366 (tracked)
Current loss is: 2682.850916102345 (tracked)
Current loss is: 2327.4890426858647 (tracked)
Current loss is: 2074.492881572577 (tracked)
Current loss is: 1947.890638960829 (tracked)
Current loss is: 1544.825073794107 (tracked)
Current loss is: 1734.8746462456888 (tracked)
Current loss is: 1411.6051395023915 (tracked)
Current loss is: 1277.7065786467751 (tracked)
Current loss is: 1334.2192720051912 (tracked)
Current loss is: 1401.0540180759751 (tracked)
Current loss is: 1256.3930741285692 (tracked)
Current loss is: 1279.808880017674 (tracked)
Current loss is: 1258.7192984174135 (tracked)
Current loss is: 1289.2192010165736 (tracked)
Current loss is: 1055.586442731616 (tracked)
Current loss is: 1545.8852581381063 (tracked)
Current loss is: 1433.514640635917 (tracked)
Current loss is: 1299.3508464031925 (tracked)
Current loss is: 1064.9623533500214 (tracked)
Current loss is: 1340.4495300798237 (tracked)
Current loss is: 961.7424398671214 (tracked)
Current loss is: 1140.2244174298935 (tracked)
Current loss is: 1111.283637399867 (tracked)
Current loss is: 1249.5197410036965 (tracked)
Current loss is: 1122.2882381332863 (tracked)
Current loss is: 1311.3165115568509 (tracked)
Current loss is: 1065.2160653746148 (tracked)
Current loss is: 1169.9866925040217 (tracked)
Current loss is: 1247.613250238208 (tracked)
Current loss is: 1024.477524774628 (tracked)
Current loss is: 1054.3530726060037 (tracked)
Current loss is: 896.221294984794 (tracked)
Current loss is: 1063.3871172238203 (tracked)
Current loss is: 1492.0661635705046 (tracked)
Current loss is: 983.4565044666962 (tracked)
Current loss is: 988.1235482479404 (tracked)
Current loss is: 1018.7894126142179 (tracked)
Current loss is: 1057.5173284987002 (tracked)
Current loss is: 870.1384301241945 (tracked)
Current loss is: 1036.498004420287 (tracked)
Current loss is: 1016.5980715112091 (tracked)
Current loss is: 916.9390040009783 (tracked)
Current loss is: 903.3248452140757 (tracked)
Current loss is: 938.0974030728536 (tracked)
Current loss is: 1134.8518826262846 (tracked)
Current loss is: 1001.8403069207329 (tracked)
Current loss is: 956.5540133912344 (tracked)
Current loss is: 1331.5567988516027 (tracked)
Current loss is: 904.5035566089081 (tracked)
Current loss is: 951.088216818847 (tracked)
Current loss is: 910.5374419525307 (tracked)
Current loss is: 934.1992659342302 (tracked)
Current loss is: 1052.9289175581805 (tracked)
Current loss is: 928.1317913364428 (tracked)
Current loss is: 1298.8863203739159 (tracked)
Current loss is: 945.808078328426 (tracked)
Current loss is: 1151.0887887780013 (tracked)
Current loss is: 1077.5471184130026 (tracked)
Current loss is: 940.1935246375443 (tracked)
Current loss is: 1058.9552912535235 (tracked)
Current loss is: 921.989168869257 (tracked)
Current loss is: 856.996763096529 (tracked)
Current loss is: 1062.601673408574 (tracked)
Current loss is: 794.8287849452785 (tracked)
Current loss is: 810.0153636865264 (tracked)
Current loss is: 794.1898828834038 (tracked)
Current loss is: 954.5566021868998 (tracked)
Current loss is: 1124.973169020482 (tracked)
Current loss is: 719.8180992835072 (tracked)
Current loss is: 1095.3322616883784 (tracked)
Current loss is: 957.5203346754378 (tracked)
Current loss is: 980.667877105065 (tracked)
Current loss is: 857.0437761030903 (tracked)
Current loss is: 995.529315856837 (tracked)
Current loss is: 1069.4076163974512 (tracked)
Current loss is: 973.4856391735422 (tracked)
Current loss is: 1284.346612790703 (tracked)
Current loss is: 1176.7335251347374 (tracked)
Current loss is: 1078.900259417995 (tracked)
Current loss is: 881.969672192073 (tracked)
Current loss is: 866.9345437040241 (tracked)
Current loss is: 1088.223690457502 (tracked)
Current loss is: 1102.9766659954234 (tracked)
Current loss is: 866.2956347238335 (tracked)
Current loss is: 1040.6512198695957 (tracked)
Current loss is: 757.7068168088949 (tracked)
Current loss is: 717.1439564523736 (tracked)
Current loss is: 1104.149076015754 (tracked)
Current loss is: 985.1580023109823 (tracked)
Current loss is: 909.4848487862857 (tracked)
Current loss is: 687.5756142433403 (tracked)
Current loss is: 1354.5515964895371 (tracked)
Current loss is: 1051.8816403820952 (tracked)
Current loss is: 1022.1496717585468 (tracked)
Current loss is: 1034.7620589480948 (tracked)
Current loss is: 922.0750835098006 (tracked)
Current loss is: 904.5502050978761 (tracked)
Current loss is: 971.8111286838003 (tracked)
Current loss is: 1228.5727777201598 (tracked)
Current loss is: 1002.0109288585311 (tracked)
Current loss is: 1157.8658440685172 (tracked)
Current loss is: 1024.8960706717457 (tracked)
Current loss is: 1107.57278285952 (tracked)
Current loss is: 910.3055555308716 (tracked)
Current loss is: 717.5373294406371 (tracked)
Current loss is: 990.7128541054362 (tracked)
Current loss is: 979.1318743727373 (tracked)
Current loss is: 892.6062677341611 (tracked)
Current loss is: 1068.4304650298627 (tracked)
Current loss is: 1060.3538154752162 (tracked)
Current loss is: 1055.2592705011791 (tracked)
Current loss is: 1121.6794108712756 (tracked)
Current loss is: 1179.9186468217702 (tracked)
Current loss is: 789.694072569203 (tracked)
Current loss is: 803.9777880581398 (tracked)
Current loss is: 1051.13337721496 (tracked)
Current loss is: 1077.4689343664875 (tracked)
Current loss is: 1066.8448962033829 (tracked)
Current loss is: 932.1723102469253 (tracked)
Current loss is: 823.2620461680301 (tracked)
Current loss is: 699.9114265317256 (tracked)
Current loss is: 1115.6033089757093 (tracked)
Current loss is: 1057.419142037049 (tracked)
Current loss is: 820.851922670134 (tracked)
Current loss is: 1122.9919011004667 (tracked)
Current loss is: 1220.7646705558684 (tracked)
Current loss is: 940.1579481936315 (tracked)
Current loss is: 1016.0163901210046 (tracked)
Current loss is: 776.6502381092959 (tracked)
Current loss is: 1070.0535763889816 (tracked)
high-dimensional heat equation
error_l2 = 0.00013459139

Current loss is: 5408.914501344514 (tracked)
Current loss is: 5126.711081684104 (tracked)
Current loss is: 5143.629922773618 (tracked)
Current loss is: 5032.7947744614685 (tracked)
Current loss is: 4866.306104108309 (tracked)
Current loss is: 4878.69974309019 (tracked)
Current loss is: 4641.13196146208 (tracked)
Current loss is: 4727.223053838807 (tracked)
Current loss is: 4625.1021396040705 (tracked)
Current loss is: 4659.248564685066 (tracked)
Current loss is: 4656.603393755293 (tracked)
Current loss is: 4304.059216401081 (tracked)
Current loss is: 4382.155816132429 (tracked)
Current loss is: 4182.833886686991 (tracked)
Current loss is: 4029.369547028899 (tracked)
Current loss is: 4083.6278269402515 (tracked)
Current loss is: 3757.0655018205957 (tracked)
Current loss is: 3695.1943614003117 (tracked)
Current loss is: 3735.6886480452185 (tracked)
Current loss is: 3546.8106116510025 (tracked)
Current loss is: 3349.3744023852523 (tracked)
Current loss is: 3335.409438691854 (tracked)
Current loss is: 3139.927243122196 (tracked)
Current loss is: 3055.6557462307364 (tracked)
Current loss is: 2744.474651605907 (tracked)
Current loss is: 2565.199396311659 (tracked)
Current loss is: 2446.9574206606885 (tracked)
Current loss is: 2445.925675767572 (tracked)
Current loss is: 2331.044555796058 (tracked)
Current loss is: 2083.928463514926 (tracked)
Current loss is: 1997.6767605961752 (tracked)
Current loss is: 1839.771616464251 (tracked)
Current loss is: 1765.8696463140216 (tracked)
Current loss is: 1607.2452241573121 (tracked)
Current loss is: 1438.9538035017954 (tracked)
Current loss is: 1276.372808752804 (tracked)
Current loss is: 1082.2970004804458 (tracked)
Current loss is: 900.3718564110969 (tracked)
Current loss is: 796.5565349370236 (tracked)
Current loss is: 658.1121240352975 (tracked)
Current loss is: 570.6621212309851 (tracked)
Current loss is: 529.68796430805 (tracked)
Current loss is: 451.98334604104525 (tracked)
Current loss is: 366.48195361068827 (tracked)
Current loss is: 275.32129847532747 (tracked)
Current loss is: 253.3251982753274 (tracked)
Current loss is: 172.45992295561294 (tracked)
Current loss is: 126.08432680183428 (tracked)
Current loss is: 113.9487381614527 (tracked)
Current loss is: 123.43865318845596 (tracked)
Current loss is: 83.04367321081666 (tracked)
Current loss is: 82.12592587076111 (tracked)
Current loss is: 64.73072921297698 (tracked)
Current loss is: 66.35337790294494 (tracked)
Current loss is: 79.43013948140961 (tracked)
Current loss is: 86.88446944611209 (tracked)
Current loss is: 116.78452455788815 (tracked)
Current loss is: 107.86922861334727 (tracked)
Current loss is: 96.50033297091615 (tracked)
Current loss is: 107.55921889464693 (tracked)
Current loss is: 110.20743486297974 (tracked)
Current loss is: 102.17330424011264 (tracked)
Current loss is: 78.35079211769238 (tracked)
Current loss is: 78.57808499508248 (tracked)
Current loss is: 71.75454761233269 (tracked)
Current loss is: 48.90141652744839 (tracked)
Current loss is: 35.22715701218884 (tracked)
Current loss is: 43.68359774540331 (tracked)
Current loss is: 41.15480831407647 (tracked)
Current loss is: 44.25553651606814 (tracked)
Current loss is: 24.09356005246832 (tracked)
Current loss is: 29.086080879327287 (tracked)
Current loss is: 27.503370067453293 (tracked)
Current loss is: 26.8700689774828 (tracked)
Current loss is: 23.006282612061725 (tracked)
Current loss is: 34.70375287508657 (tracked)
Current loss is: 33.733122451869804 (tracked)
Current loss is: 29.163291742963295 (tracked)
Current loss is: 35.60746669042864 (tracked)
Current loss is: 28.380823919215135 (tracked)
Current loss is: 23.639508500634562 (tracked)
Current loss is: 42.17888945958947 (tracked)
Current loss is: 29.88879970654675 (tracked)
Current loss is: 33.64527305711511 (tracked)
Current loss is: 32.5811758599157 (tracked)
Current loss is: 29.393031645214904 (tracked)
Current loss is: 25.59542855623572 (tracked)
Current loss is: 27.173457263160625 (tracked)
Current loss is: 28.91069512102048 (tracked)
Current loss is: 27.448361897947933 (tracked)
Current loss is: 24.770428864240287 (tracked)
Current loss is: 27.018585697880834 (tracked)
Current loss is: 25.21185636426479 (tracked)
Current loss is: 25.22154207224581 (tracked)
Current loss is: 28.237494041573477 (tracked)
Current loss is: 21.622113788512426 (tracked)
Current loss is: 20.050623821130742 (tracked)
Current loss is: 19.38533382061871 (tracked)
Current loss is: 24.454299244944163 (tracked)
Current loss is: 22.541513526795892 (tracked)
Current loss is: 29.206240889956977 (tracked)
Current loss is: 19.040948290844373 (tracked)
Current loss is: 23.871452544113545 (tracked)
Current loss is: 19.393861144631554 (tracked)
Current loss is: 19.682952928430947 (tracked)
Current loss is: 21.14130148143779 (tracked)
Current loss is: 20.450472180091307 (tracked)
Current loss is: 24.206692522815956 (tracked)
Current loss is: 14.509721822070297 (tracked)
Current loss is: 21.48113423602748 (tracked)
Current loss is: 21.200843139465757 (tracked)
Current loss is: 16.82952680605116 (tracked)
Current loss is: 17.243605090295283 (tracked)
Current loss is: 21.909587339100717 (tracked)
Current loss is: 21.17215150707279 (tracked)
Current loss is: 21.095407472865464 (tracked)
Current loss is: 27.237673212458745 (tracked)
Current loss is: 21.45085917162695 (tracked)
Current loss is: 25.142613555986728 (tracked)
Current loss is: 21.1271358683197 (tracked)
Current loss is: 18.824266169515383 (tracked)
Current loss is: 19.35126700653068 (tracked)
Current loss is: 18.385412777525893 (tracked)
Current loss is: 19.031671557959115 (tracked)
Current loss is: 21.514966118151783 (tracked)
Current loss is: 16.388997082737447 (tracked)
Current loss is: 22.87751128928829 (tracked)
Current loss is: 22.478598847412673 (tracked)
Current loss is: 17.060816050572324 (tracked)
Current loss is: 19.529723117890597 (tracked)
Current loss is: 20.35873090349761 (tracked)
Current loss is: 17.980503406145928 (tracked)
Current loss is: 16.600980612850577 (tracked)
Current loss is: 16.532346380160366 (tracked)
Current loss is: 15.831388999267872 (tracked)
Current loss is: 21.431769869496648 (tracked)
Current loss is: 16.99684082444901 (tracked)
Current loss is: 20.850651027180742 (tracked)
Current loss is: 19.78591105454424 (tracked)
Current loss is: 17.344501131302742 (tracked)
Current loss is: 17.03685286705886 (tracked)
Current loss is: 14.765251096408113 (tracked)
Current loss is: 21.284177975236204 (tracked)
Current loss is: 23.927413161543 (tracked)
Current loss is: 16.840777277591524 (tracked)
Current loss is: 12.180677677387957 (tracked)
Current loss is: 21.794784730705622 (tracked)
Current loss is: 13.730434130204658 (tracked)
Current loss is: 15.566541278242225 (tracked)
Current loss is: 20.116334028233897 (tracked)
Black Scholes Barenblatt equation
error_l2 = 0.033542391769833424

Current loss is: 0.22652891618707577 (tracked)
Current loss is: 0.2471300378644399 (tracked)
Current loss is: 0.20597940910868587 (tracked)
Current loss is: 0.19501430040142137 (tracked)
Current loss is: 0.2196117470761621 (tracked)
Current loss is: 0.1766314508187863 (tracked)
Current loss is: 0.197141123005425 (tracked)
Current loss is: 0.1520078074176107 (tracked)
Current loss is: 0.1267035312097461 (tracked)
Current loss is: 0.16425176585560539 (tracked)
Current loss is: 0.13294623528713548 (tracked)
Current loss is: 0.1465696696577604 (tracked)
Current loss is: 0.1243175052439311 (tracked)
Current loss is: 0.11239323824905406 (tracked)
Current loss is: 0.11520479809783576 (tracked)
Current loss is: 0.10001951718026372 (tracked)
Current loss is: 0.11785522240507759 (tracked)
Current loss is: 0.10051182025924467 (tracked)
Current loss is: 0.1320702294114642 (tracked)
Current loss is: 0.10475395992706595 (tracked)
Current loss is: 0.08665206769260218 (tracked)
Current loss is: 0.1213891295060381 (tracked)
Current loss is: 0.08877178698585796 (tracked)
Current loss is: 0.0810662119742363 (tracked)
Current loss is: 0.08048085440558966 (tracked)
Current loss is: 0.10129503786146353 (tracked)
Current loss is: 0.09369408488009875 (tracked)
Current loss is: 0.07938987447116969 (tracked)
Current loss is: 0.08185495661787053 (tracked)
Current loss is: 0.08108820173965914 (tracked)
Current loss is: 0.07479442632571578 (tracked)
Current loss is: 0.07889080324600456 (tracked)
Current loss is: 0.05917101213983355 (tracked)
Current loss is: 0.08039654845460383 (tracked)
Current loss is: 0.08095169427188567 (tracked)
Current loss is: 0.0540122794301954 (tracked)
Current loss is: 0.0720891949902824 (tracked)
Current loss is: 0.051496460698453636 (tracked)
Current loss is: 0.06059905984694422 (tracked)
Current loss is: 0.06117103208122778 (tracked)
Current loss is: 0.06812950887842036 (tracked)
Current loss is: 0.06284689043871115 (tracked)
Current loss is: 0.05723050917228098 (tracked)
Current loss is: 0.044866441759278806 (tracked)
Current loss is: 0.0711706087192717 (tracked)
Current loss is: 0.06370886397211048 (tracked)
Current loss is: 0.04979852822184807 (tracked)
Current loss is: 0.04238130951823735 (tracked)
Current loss is: 0.04304307932420599 (tracked)
Current loss is: 0.08597310263721893 (tracked)
Current loss is: 0.04036322149738096 (tracked)
Current loss is: 0.049744383229385465 (tracked)
Current loss is: 0.03739920617573423 (tracked)
Current loss is: 0.049741040682780395 (tracked)
Current loss is: 0.03855122990664838 (tracked)
Current loss is: 0.048117375147266224 (tracked)
Current loss is: 0.0525655303484856 (tracked)
Current loss is: 0.04515773615254567 (tracked)
Current loss is: 0.040750682713860925 (tracked)
Current loss is: 0.04966556623817543 (tracked)
Current loss is: 0.03961774604210896 (tracked)
Current loss is: 0.04449394513968939 (tracked)
Current loss is: 0.03530588068159426 (tracked)
Current loss is: 0.050116826179972034 (tracked)
Current loss is: 0.04171913054514548 (tracked)
Current loss is: 0.03573923008414917 (tracked)
Current loss is: 0.03470264106835434 (tracked)
Current loss is: 0.038685683433098375 (tracked)
Current loss is: 0.035211855860397885 (tracked)
Current loss is: 0.04276528556280931 (tracked)
Current loss is: 0.041460813326028294 (tracked)
Current loss is: 0.03864463880373162 (tracked)
Current loss is: 0.029261946985250534 (tracked)
Current loss is: 0.04549016667860634 (tracked)
Current loss is: 0.03314989674312577 (tracked)
Current loss is: 0.03158979926958868 (tracked)
Current loss is: 0.03175398272425509 (tracked)
Current loss is: 0.03338544393373525 (tracked)
Current loss is: 0.035241133422551786 (tracked)
Current loss is: 0.03320366021412612 (tracked)
Current loss is: 0.043118673851650115 (tracked)
Current loss is: 0.04610211206267774 (tracked)
Current loss is: 0.024961776333999028 (tracked)
Current loss is: 0.0378203416129558 (tracked)
Current loss is: 0.03847464863973833 (tracked)
Current loss is: 0.03588453111075509 (tracked)
Current loss is: 0.03826632036088668 (tracked)
Current loss is: 0.0374603309263187 (tracked)
Current loss is: 0.023691626421200165 (tracked)
Current loss is: 0.036475160564960286 (tracked)
Current loss is: 0.03158182953091812 (tracked)
Current loss is: 0.031034094931957343 (tracked)
Current loss is: 0.023970847515099813 (tracked)
Current loss is: 0.02793163464399929 (tracked)
Current loss is: 0.02181631890494548 (tracked)
Current loss is: 0.03834476155789645 (tracked)
Current loss is: 0.03398840418681767 (tracked)
Current loss is: 0.030166097103891166 (tracked)
Current loss is: 0.032883350079777045 (tracked)
Current loss is: 0.02520371695131578 (tracked)
Current loss is: 0.02429932763043463 (tracked)
Current loss is: 0.030017950266218955 (tracked)
Current loss is: 0.02291288999732033 (tracked)
Current loss is: 0.027494844643813892 (tracked)
Current loss is: 0.03534384775704133 (tracked)
Current loss is: 0.027130824420988152 (tracked)
Current loss is: 0.025188997275455254 (tracked)
Current loss is: 0.020117594450748517 (tracked)
Current loss is: 0.025053983887470564 (tracked)
Current loss is: 0.026683986633442673 (tracked)
Current loss is: 0.03292436802102321 (tracked)
Current loss is: 0.02413631373679792 (tracked)
Current loss is: 0.02035786898230932 (tracked)
Current loss is: 0.026961015044446177 (tracked)
Current loss is: 0.025538176262632568 (tracked)
Current loss is: 0.020517870642327116 (tracked)
Current loss is: 0.023013448957633978 (tracked)
Current loss is: 0.021666384825598725 (tracked)
Current loss is: 0.023978514412875244 (tracked)
Current loss is: 0.02387104662616162 (tracked)
Current loss is: 0.02099834764457017 (tracked)
Current loss is: 0.021096309248853487 (tracked)
Current loss is: 0.023891889381657126 (tracked)
Current loss is: 0.022179383530995817 (tracked)
Current loss is: 0.025296960966617335 (tracked)
Current loss is: 0.02148505639587329 (tracked)
Current loss is: 0.021317430328426718 (tracked)
Current loss is: 0.02286808603533349 (tracked)
Current loss is: 0.019116731527848492 (tracked)
Current loss is: 0.0200881226945815 (tracked)
Current loss is: 0.022755627110513328 (tracked)
Current loss is: 0.020608695888740466 (tracked)
Current loss is: 0.021138722102728522 (tracked)
Current loss is: 0.018144938054638633 (tracked)
Current loss is: 0.017911153901304412 (tracked)
Current loss is: 0.018488935023620097 (tracked)
Current loss is: 0.022483439992553332 (tracked)
Current loss is: 0.019850112818954987 (tracked)
Current loss is: 0.019927137338857898 (tracked)
Current loss is: 0.018658494288203428 (tracked)
Current loss is: 0.021624944134064475 (tracked)
Current loss is: 0.019238606952196407 (tracked)
Current loss is: 0.025950821323122653 (tracked)
Current loss is: 0.018333841020806638 (tracked)
Current loss is: 0.02230532979876878 (tracked)
Current loss is: 0.02375260632085837 (tracked)
Current loss is: 0.01720774694218393 (tracked)
Current loss is: 0.021461827541653555 (tracked)
Current loss is: 0.020749638258508375 (tracked)
Current loss is: 0.019956980875164614 (tracked)
Current loss is: 0.017678221711506487 (tracked)
Current loss is: 0.0170788101219082 (tracked)
Current loss is: 0.016081780297256685 (tracked)
Current loss is: 0.019949928441252065 (tracked)
Current loss is: 0.016661613086897974 (tracked)
Current loss is: 0.01745853673405719 (tracked)
Current loss is: 0.01964055958875025 (tracked)
Current loss is: 0.017467936669554464 (tracked)
Current loss is: 0.024722857364139154 (tracked)
Current loss is: 0.016897698027215358 (tracked)
Current loss is: 0.013796258096576924 (tracked)
Current loss is: 0.019993032751381992 (tracked)
Current loss is: 0.014927458119844085 (tracked)
Current loss is: 0.015458684376437014 (tracked)
Current loss is: 0.016523185224514087 (tracked)
Current loss is: 0.012791644436153115 (tracked)
Current loss is: 0.01771683253162414 (tracked)
Current loss is: 0.016118378706909752 (tracked)
Current loss is: 0.015863975885252072 (tracked)
Current loss is: 0.014411561377274262 (tracked)
Current loss is: 0.016014515659519946 (tracked)
Current loss is: 0.0222937871012647 (tracked)
Current loss is: 0.015591770002420968 (tracked)
Current loss is: 0.01591226952249067 (tracked)
Current loss is: 0.013868352534634225 (tracked)
Current loss is: 0.018737800952890172 (tracked)
Current loss is: 0.019072207709064565 (tracked)
Current loss is: 0.01560967005252959 (tracked)
Current loss is: 0.0169858470618537 (tracked)
Current loss is: 0.02143925964223141 (tracked)
Current loss is: 0.015371505179075796 (tracked)
Current loss is: 0.014278798961877033 (tracked)
Current loss is: 0.0177601426094929 (tracked)
Current loss is: 0.014835398371297914 (tracked)
Current loss is: 0.016964166270402044 (tracked)
Current loss is: 0.013929826592102871 (tracked)
Current loss is: 0.016880926237409846 (tracked)
Current loss is: 0.01169955649022402 (tracked)
Current loss is: 0.010725523445534225 (tracked)
Current loss is: 0.012709500344916962 (tracked)
Current loss is: 0.012933703664528498 (tracked)
Current loss is: 0.012559859740879514 (tracked)
Current loss is: 0.01366874455363994 (tracked)
Current loss is: 0.015156724332393158 (tracked)
Current loss is: 0.01653416582017534 (tracked)
Current loss is: 0.014836464907895202 (tracked)
Current loss is: 0.012571287321833711 (tracked)
Current loss is: 0.012416516265337813 (tracked)
Current loss is: 0.012535797374074474 (tracked)
Current loss is: 0.013854619915634492 (tracked)
Allen-Cahn equation
error_l2 = 0.02372039117144184

Current loss is: 6.682632737985623 (tracked)
Current loss is: 18.988167941120086 (tracked)
Current loss is: 5.4196421749880015 (tracked)
Current loss is: 5.850658687326632 (tracked)
Current loss is: 5.79240180105655 (tracked)
Current loss is: 10.845128153240546 (tracked)
Current loss is: 5.723337308150985 (tracked)
Current loss is: 5.6856258710652545 (tracked)
Current loss is: 5.19373851016557 (tracked)
Current loss is: 6.049548653633735 (tracked)
Current loss is: 5.894628244155083 (tracked)
Current loss is: 8.533487342068243 (tracked)
Current loss is: 3.6891630673643663 (tracked)
Current loss is: 4.656649561367488 (tracked)
Current loss is: 5.175731338989006 (tracked)
Current loss is: 7.035796363129133 (tracked)
Current loss is: 5.1377776696712685 (tracked)
Current loss is: 5.108271952463572 (tracked)
Current loss is: 4.031022212973125 (tracked)
Current loss is: 7.1359574416166405 (tracked)
Current loss is: 4.830768488163249 (tracked)
Current loss is: 4.059258511291431 (tracked)
Current loss is: 4.364851694139508 (tracked)
Current loss is: 4.40045630290856 (tracked)
Current loss is: 3.936050439872224 (tracked)
Current loss is: 3.8196455881364524 (tracked)
Current loss is: 4.9247413153227395 (tracked)
Current loss is: 5.470611066202764 (tracked)
Current loss is: 5.047799794575243 (tracked)
Current loss is: 3.7824519499174794 (tracked)
Current loss is: 3.7982800602135516 (tracked)
Current loss is: 3.4369792648306077 (tracked)
Current loss is: 3.8374074833455483 (tracked)
Current loss is: 3.960954305842182 (tracked)
Current loss is: 3.6300970032704756 (tracked)
Current loss is: 3.2549085966896922 (tracked)
Current loss is: 3.7067636682687404 (tracked)
Current loss is: 2.3748586392068076 (tracked)
Current loss is: 2.580088572200411 (tracked)
Current loss is: 1.9003818170757072 (tracked)
Current loss is: 2.764731730645947 (tracked)
Current loss is: 2.260083093197657 (tracked)
Current loss is: 2.1270230669723182 (tracked)
Current loss is: 1.4395424374118821 (tracked)
Current loss is: 1.8415825541969755 (tracked)
Current loss is: 1.5814721590663452 (tracked)
Current loss is: 1.5491700850572028 (tracked)
Current loss is: 1.6171937758784123 (tracked)
Current loss is: 1.4390177331665894 (tracked)
Current loss is: 0.9770666494502059 (tracked)
Current loss is: 0.8818042947102598 (tracked)
Current loss is: 0.8123028373185835 (tracked)
Current loss is: 0.6144439737839461 (tracked)
Current loss is: 0.6912831968297678 (tracked)
Current loss is: 0.5945636264346384 (tracked)
Current loss is: 0.668248203764387 (tracked)
Current loss is: 0.5582955129288552 (tracked)
Current loss is: 0.5956367204047852 (tracked)
Current loss is: 0.3527699180477803 (tracked)
Current loss is: 0.29006453840015056 (tracked)
Current loss is: 0.3667777147415305 (tracked)
Current loss is: 0.29678416529920965 (tracked)
Current loss is: 0.3203690554644927 (tracked)
Current loss is: 0.34202270938867535 (tracked)
Current loss is: 0.2362393804843325 (tracked)
Current loss is: 0.3109340672114601 (tracked)
Current loss is: 0.27968231298893087 (tracked)
Current loss is: 0.2611670334103064 (tracked)
Current loss is: 0.21248077099351315 (tracked)
Current loss is: 0.21965488479061143 (tracked)
Current loss is: 0.20285311992673058 (tracked)
Current loss is: 0.21928415367394472 (tracked)
Current loss is: 0.16893956618703357 (tracked)
Current loss is: 0.09305118320696514 (tracked)
Current loss is: 0.2087970383321283 (tracked)
Current loss is: 0.189498212486783 (tracked)
Current loss is: 0.1971752194552167 (tracked)
Current loss is: 0.19068128663243605 (tracked)
Current loss is: 0.22187140019214965 (tracked)
Current loss is: 0.15832067939583128 (tracked)
Current loss is: 0.14626848908607573 (tracked)
Current loss is: 0.1428692734432855 (tracked)
Current loss is: 0.1347213286451381 (tracked)
Current loss is: 0.1331942609611339 (tracked)
Current loss is: 0.15940563712375 (tracked)
Current loss is: 0.14794605092581173 (tracked)
Current loss is: 0.12746937612106252 (tracked)
Current loss is: 0.13173684546512338 (tracked)
Current loss is: 0.12694695679586823 (tracked)
Current loss is: 0.09796001968788312 (tracked)
Current loss is: 0.11511704095307478 (tracked)
Current loss is: 0.1043435047163831 (tracked)
Current loss is: 0.10790977434106974 (tracked)
Current loss is: 0.081741218254278 (tracked)
Current loss is: 0.09167851513324532 (tracked)
Current loss is: 0.08710905674620709 (tracked)
Current loss is: 0.11474373466988867 (tracked)
Current loss is: 0.0635110795494407 (tracked)
Current loss is: 0.08922454667225285 (tracked)
Current loss is: 0.11930071781707145 (tracked)
Hamilton Jacobi Bellman Equation
error_l2 = 0.027937081027339328

Current loss is: 279647.23341971426 (tracked)
Current loss is: 208162.6201906993 (tracked)
Current loss is: 123113.95664673344 (tracked)
Current loss is: 79546.98409379275 (tracked)
Current loss is: 65257.42555903957 (tracked)
Current loss is: 33564.435580674595 (tracked)
Current loss is: 24549.026421678365 (tracked)
Current loss is: 22192.530880092807 (tracked)
Current loss is: 14301.607388387236 (tracked)
Current loss is: 11404.328377913418 (tracked)
Current loss is: 8867.661466020152 (tracked)
Current loss is: 7952.637484400745 (tracked)
Current loss is: 4836.23230924767 (tracked)
Current loss is: 3316.4796198539116 (tracked)
Current loss is: 3181.530328136676 (tracked)
Current loss is: 2200.696942624239 (tracked)
Current loss is: 1841.582913614135 (tracked)
Current loss is: 1672.995274961578 (tracked)
Current loss is: 1217.2474561451716 (tracked)
Current loss is: 818.3123897459703 (tracked)
Current loss is: 502.0820859128614 (tracked)
Current loss is: 388.5688848468976 (tracked)
Current loss is: 642.9973132013697 (tracked)
Current loss is: 638.1880656217056 (tracked)
Current loss is: 324.0880291316251 (tracked)
Current loss is: 209.2341362043727 (tracked)
Current loss is: 181.38528015516752 (tracked)
Current loss is: 193.93124168238333 (tracked)
Current loss is: 277.8881010149014 (tracked)
Current loss is: 157.6204802142084 (tracked)
Current loss is: 130.43690680430532 (tracked)
Current loss is: 76.14405202308521 (tracked)
Current loss is: 66.9843348012128 (tracked)
Current loss is: 69.32072053048483 (tracked)
Current loss is: 106.56130197358335 (tracked)
Current loss is: 71.56785370657892 (tracked)
Current loss is: 50.34975385255746 (tracked)
Current loss is: 47.89634109279983 (tracked)
Current loss is: 48.74778846272139 (tracked)
Current loss is: 35.887939019163966 (tracked)
Current loss is: 68.1909265719742 (tracked)
Current loss is: 46.28111052332366 (tracked)
Current loss is: 54.258105444003085 (tracked)
Current loss is: 46.58432654275741 (tracked)
Current loss is: 35.93096419682681 (tracked)
Current loss is: 37.273198886264865 (tracked)
Current loss is: 35.17135241250402 (tracked)
Current loss is: 39.51729142345595 (tracked)
Current loss is: 49.50129819792803 (tracked)
Current loss is: 45.11356411094905 (tracked)
Current loss is: 28.018413395009066 (tracked)
Current loss is: 28.364284196876937 (tracked)
Current loss is: 30.757910236454755 (tracked)
Current loss is: 35.991097923607164 (tracked)
Current loss is: 37.250530329412065 (tracked)
Current loss is: 27.05671404037689 (tracked)
Current loss is: 32.588978100956666 (tracked)
Current loss is: 30.482534657720645 (tracked)
Current loss is: 33.67959302234377 (tracked)
Current loss is: 33.7600955594327 (tracked)
Current loss is: 27.116689823892262 (tracked)
Current loss is: 30.14095931258338 (tracked)
Current loss is: 33.002866218606215 (tracked)
Current loss is: 25.855730567872826 (tracked)
Current loss is: 31.694872503751498 (tracked)
Current loss is: 39.623892520824306 (tracked)
Current loss is: 30.793074136587666 (tracked)
Current loss is: 28.617143047427877 (tracked)
Current loss is: 34.41686152318558 (tracked)
Current loss is: 28.797319634502095 (tracked)
Current loss is: 34.006345745663566 (tracked)
Current loss is: 30.704956461959558 (tracked)
Current loss is: 32.29314901425539 (tracked)
Current loss is: 29.731971194704496 (tracked)
Current loss is: 32.42318373183822 (tracked)
Current loss is: 34.04272484722204 (tracked)
Current loss is: 25.913695546315484 (tracked)
Current loss is: 28.781037027029 (tracked)
Current loss is: 22.181735372443725 (tracked)
Current loss is: 25.327572436127216 (tracked)
Current loss is: 36.198800781440184 (tracked)
Current loss is: 28.153168092574624 (tracked)
Current loss is: 31.489866023825456 (tracked)
Current loss is: 28.555143898852407 (tracked)
Current loss is: 30.940205438292622 (tracked)
Current loss is: 29.957532636651518 (tracked)
Current loss is: 34.58370359317531 (tracked)
Current loss is: 30.946857742280887 (tracked)
Current loss is: 24.796958420599857 (tracked)
Current loss is: 25.0316662632097 (tracked)
Current loss is: 33.90838668160933 (tracked)
Current loss is: 28.923702474934473 (tracked)
Current loss is: 35.002691950895965 (tracked)
Current loss is: 26.728545525141467 (tracked)
Current loss is: 27.116915574829775 (tracked)
Current loss is: 25.328065333154644 (tracked)
Current loss is: 35.32475858399973 (tracked)
Current loss is: 28.11937896657021 (tracked)
Current loss is: 36.8529555613223 (tracked)
Current loss is: 31.196162478975133 (tracked)
Nonlinear Black-Scholes Equation with Default Risk
error_l2 = 0.015476842454621735

Test Summary: | Pass  Total
NNPDEHan      |    6      6
3108.778157 seconds (379.95 M allocations: 108.805 GiB, 1.67% gc time)
