 Resolving package versions...
 Installed SortingAlgorithms ─────────── v0.3.1
 Installed URIParser ─────────────────── v0.4.0
 Installed NeuralNetDiffEq ───────────── v1.0.1
 Installed ExponentialUtilities ──────── v1.5.1
 Installed DiffResults ───────────────── v0.0.4
 Installed Juno ──────────────────────── v0.7.2
 Installed Arpack ────────────────────── v0.3.1
 Installed DataStructures ────────────── v0.17.6
 Installed Tracker ───────────────────── v0.2.5
 Installed NNlib ─────────────────────── v0.6.0
 Installed StaticArrays ──────────────── v0.12.1
 Installed DocStringExtensions ───────── v0.8.1
 Installed QuadGK ────────────────────── v2.1.1
 Installed Roots ─────────────────────── v0.8.3
 Installed LineSearches ──────────────── v7.0.1
 Installed NLsolve ───────────────────── v4.2.0
 Installed StatsFuns ─────────────────── v0.9.0
 Installed FunctionWrappers ──────────── v1.0.0
 Installed CategoricalArrays ─────────── v0.7.3
 Installed InvertedIndices ───────────── v1.0.0
 Installed Compat ────────────────────── v2.2.0
 Installed BinaryProvider ────────────── v0.5.8
 Installed NLSolversBase ─────────────── v7.5.0
 Installed Parsers ───────────────────── v0.3.10
 Installed Missings ──────────────────── v0.4.3
 Installed ZipFile ───────────────────── v0.8.3
 Installed MacroTools ────────────────── v0.5.2
 Installed TreeViews ─────────────────── v0.3.0
 Installed Rmath ─────────────────────── v0.5.1
 Installed Distributions ─────────────── v0.21.9
 Installed TableTraits ───────────────── v1.0.0
 Installed Parameters ────────────────── v0.12.0
 Installed StochasticDiffEq ──────────── v6.15.0
 Installed OrderedCollections ────────── v1.1.0
 Installed FixedPointNumbers ─────────── v0.6.1
 Installed SpecialFunctions ──────────── v0.8.0
 Installed TimerOutputs ──────────────── v0.5.3
 Installed ColorTypes ────────────────── v0.8.0
 Installed CommonSubexpressions ──────── v0.2.0
 Installed JSON ──────────────────────── v0.21.0
 Installed LightGraphs ───────────────── v1.3.0
 Installed RecipesBase ───────────────── v0.7.0
 Installed BinDeps ───────────────────── v0.8.10
 Installed Distances ─────────────────── v0.8.2
 Installed DataAPI ───────────────────── v1.1.0
 Installed Tables ────────────────────── v0.2.11
 Installed ForwardDiff ───────────────── v0.10.7
 Installed ShiftedArrays ─────────────── v1.0.0
 Installed GenericSVD ────────────────── v0.2.2
 Installed DiffEqFlux ────────────────── v0.7.0
 Installed NaNMath ───────────────────── v0.3.3
 Installed Adapt ─────────────────────── v1.0.0
 Installed AbstractTrees ─────────────── v0.2.1
 Installed DataValueInterfaces ───────── v1.0.0
 Installed DiffEqDiffTools ───────────── v1.5.0
 Installed StatsModels ───────────────── v0.6.7
 Installed DiffRules ─────────────────── v0.1.0
 Installed SparseDiffTools ───────────── v1.0.0
 Installed Colors ────────────────────── v0.9.6
 Installed OrdinaryDiffEq ────────────── v5.25.0
 Installed Calculus ──────────────────── v0.5.1
 Installed ArrayInterface ────────────── v2.0.0
 Installed ArnoldiMethod ─────────────── v0.0.4
 Installed Inflate ───────────────────── v0.1.1
 Installed DiffEqBase ────────────────── v6.7.0
 Installed ResettableStacks ──────────── v1.0.0
 Installed Requires ──────────────────── v0.5.2
 Installed GLM ───────────────────────── v1.3.4
 Installed MuladdMacro ───────────────── v0.2.1
 Installed DiffEqNoiseProcess ────────── v3.6.0
 Installed Flux ──────────────────────── v0.8.3
 Installed CodecZlib ─────────────────── v0.6.0
 Installed IteratorInterfaceExtensions ─ v1.0.0
 Installed RandomNumbers ─────────────── v1.3.0
 Installed VertexSafeGraphs ──────────── v0.1.0
 Installed PooledArrays ──────────────── v0.5.2
 Installed SimpleTraits ──────────────── v0.9.1
 Installed RecursiveArrayTools ───────── v1.2.0
 Installed DiffEqSensitivity ─────────── v4.3.0
 Installed DataFrames ────────────────── v0.19.4
 Installed RecursiveFactorization ────── v0.1.0
 Installed TranscodingStreams ────────── v0.9.5
 Installed Reexport ──────────────────── v0.2.0
 Installed Media ─────────────────────── v0.5.0
 Installed FillArrays ────────────────── v0.8.2
 Installed PDMats ────────────────────── v0.9.10
 Installed DiffEqCallbacks ───────────── v2.10.0
 Installed StatsBase ─────────────────── v0.32.0
 Installed IterativeSolvers ──────────── v0.8.1
  Updating `~/.julia/environments/v1.3/Project.toml`
  [8faf48c0] + NeuralNetDiffEq v1.0.1
  Updating `~/.julia/environments/v1.3/Manifest.toml`
  [1520ce14] + AbstractTrees v0.2.1
  [79e6a3ab] + Adapt v1.0.0
  [ec485272] + ArnoldiMethod v0.0.4
  [7d9fca2a] + Arpack v0.3.1
  [4fba245c] + ArrayInterface v2.0.0
  [9e28174c] + BinDeps v0.8.10
  [b99e7846] + BinaryProvider v0.5.8
  [49dc2e85] + Calculus v0.5.1
  [324d7699] + CategoricalArrays v0.7.3
  [944b1d66] + CodecZlib v0.6.0
  [3da002f7] + ColorTypes v0.8.0
  [5ae59095] + Colors v0.9.6
  [bbf7d656] + CommonSubexpressions v0.2.0
  [34da2185] + Compat v2.2.0
  [9a962f9c] + DataAPI v1.1.0
  [a93c6f00] + DataFrames v0.19.4
  [864edb3b] + DataStructures v0.17.6
  [e2d170a0] + DataValueInterfaces v1.0.0
  [2b5f629d] + DiffEqBase v6.7.0
  [459566f4] + DiffEqCallbacks v2.10.0
  [01453d9d] + DiffEqDiffTools v1.5.0
  [aae7a2af] + DiffEqFlux v0.7.0
  [77a26b50] + DiffEqNoiseProcess v3.6.0
  [41bf760c] + DiffEqSensitivity v4.3.0
  [163ba53b] + DiffResults v0.0.4
  [b552c78f] + DiffRules v0.1.0
  [b4f34e82] + Distances v0.8.2
  [31c24e10] + Distributions v0.21.9
  [ffbed154] + DocStringExtensions v0.8.1
  [d4d017d3] + ExponentialUtilities v1.5.1
  [1a297f60] + FillArrays v0.8.2
  [53c48c17] + FixedPointNumbers v0.6.1
  [587475ba] + Flux v0.8.3
  [f6369f11] + ForwardDiff v0.10.7
  [069b7b12] + FunctionWrappers v1.0.0
  [38e38edf] + GLM v1.3.4
  [01680d73] + GenericSVD v0.2.2
  [d25df0c9] + Inflate v0.1.1
  [41ab1584] + InvertedIndices v1.0.0
  [42fd0dbc] + IterativeSolvers v0.8.1
  [82899510] + IteratorInterfaceExtensions v1.0.0
  [682c06a0] + JSON v0.21.0
  [e5e0dc1b] + Juno v0.7.2
  [093fc24a] + LightGraphs v1.3.0
  [d3d80556] + LineSearches v7.0.1
  [1914dd2f] + MacroTools v0.5.2
  [e89f7d12] + Media v0.5.0
  [e1d29d7a] + Missings v0.4.3
  [46d2c3a1] + MuladdMacro v0.2.1
  [d41bc354] + NLSolversBase v7.5.0
  [2774e3e8] + NLsolve v4.2.0
  [872c559c] + NNlib v0.6.0
  [77ba4419] + NaNMath v0.3.3
  [8faf48c0] + NeuralNetDiffEq v1.0.1
  [bac558e1] + OrderedCollections v1.1.0
  [1dea7af3] + OrdinaryDiffEq v5.25.0
  [90014a1f] + PDMats v0.9.10
  [d96e819e] + Parameters v0.12.0
  [69de0a69] + Parsers v0.3.10
  [2dfb63ee] + PooledArrays v0.5.2
  [1fd47b50] + QuadGK v2.1.1
  [e6cf234a] + RandomNumbers v1.3.0
  [3cdcf5f2] + RecipesBase v0.7.0
  [731186ca] + RecursiveArrayTools v1.2.0
  [f2c3362d] + RecursiveFactorization v0.1.0
  [189a3867] + Reexport v0.2.0
  [ae029012] + Requires v0.5.2
  [ae5879a3] + ResettableStacks v1.0.0
  [79098fc4] + Rmath v0.5.1
  [f2b01f46] + Roots v0.8.3
  [1277b4bf] + ShiftedArrays v1.0.0
  [699a6c99] + SimpleTraits v0.9.1
  [a2af1166] + SortingAlgorithms v0.3.1
  [47a9eef4] + SparseDiffTools v1.0.0
  [276daf66] + SpecialFunctions v0.8.0
  [90137ffa] + StaticArrays v0.12.1
  [2913bbd2] + StatsBase v0.32.0
  [4c63d2b9] + StatsFuns v0.9.0
  [3eaba693] + StatsModels v0.6.7
  [789caeaf] + StochasticDiffEq v6.15.0
  [3783bdb8] + TableTraits v1.0.0
  [bd369af6] + Tables v0.2.11
  [a759f4b9] + TimerOutputs v0.5.3
  [9f7883ad] + Tracker v0.2.5
  [3bb67fe8] + TranscodingStreams v0.9.5
  [a2a6695c] + TreeViews v0.3.0
  [30578b45] + URIParser v0.4.0
  [19fa3120] + VertexSafeGraphs v0.1.0
  [a5390f91] + ZipFile v0.8.3
  [2a0f44e3] + Base64 
  [ade2ca70] + Dates 
  [8bb1440f] + DelimitedFiles 
  [8ba89e20] + Distributed 
  [9fa8497b] + Future 
  [b77e0a4c] + InteractiveUtils 
  [76f85450] + LibGit2 
  [8f399da3] + Libdl 
  [37e2e46d] + LinearAlgebra 
  [56ddb016] + Logging 
  [d6f4376e] + Markdown 
  [a63ad114] + Mmap 
  [44cfe95a] + Pkg 
  [de0858da] + Printf 
  [9abbd945] + Profile 
  [3fa0cd96] + REPL 
  [9a3f8284] + Random 
  [ea8e919c] + SHA 
  [9e88b42a] + Serialization 
  [1a1011a3] + SharedArrays 
  [6462fe0b] + Sockets 
  [2f01184e] + SparseArrays 
  [10745b16] + Statistics 
  [4607b0f0] + SuiteSparse 
  [8dfed614] + Test 
  [cf7118a7] + UUIDs 
  [4ec0a83e] + Unicode 
  Building Arpack ──────────→ `~/.julia/packages/Arpack/cu5By/deps/build.log`
  Building ZipFile ─────────→ `~/.julia/packages/ZipFile/oD4uG/deps/build.log`
  Building Rmath ───────────→ `~/.julia/packages/Rmath/4wt82/deps/build.log`
  Building SpecialFunctions → `~/.julia/packages/SpecialFunctions/ne2iw/deps/build.log`
  Building CodecZlib ───────→ `~/.julia/packages/CodecZlib/5t9zO/deps/build.log`
   Testing NeuralNetDiffEq
 Resolving package versions...
 Installed DiffEqDevTools ─ v2.16.0
 Installed SafeTestsets ─── v0.0.1
    Status `/tmp/jl_NIasEV/Manifest.toml`
  [1520ce14] AbstractTrees v0.2.1
  [79e6a3ab] Adapt v1.0.0
  [ec485272] ArnoldiMethod v0.0.4
  [7d9fca2a] Arpack v0.3.1
  [4fba245c] ArrayInterface v2.0.0
  [9e28174c] BinDeps v0.8.10
  [b99e7846] BinaryProvider v0.5.8
  [49dc2e85] Calculus v0.5.1
  [324d7699] CategoricalArrays v0.7.3
  [944b1d66] CodecZlib v0.6.0
  [3da002f7] ColorTypes v0.8.0
  [5ae59095] Colors v0.9.6
  [bbf7d656] CommonSubexpressions v0.2.0
  [34da2185] Compat v2.2.0
  [9a962f9c] DataAPI v1.1.0
  [a93c6f00] DataFrames v0.19.4
  [864edb3b] DataStructures v0.17.6
  [e2d170a0] DataValueInterfaces v1.0.0
  [2b5f629d] DiffEqBase v6.7.0
  [459566f4] DiffEqCallbacks v2.10.0
  [f3b72e0c] DiffEqDevTools v2.16.0
  [01453d9d] DiffEqDiffTools v1.5.0
  [aae7a2af] DiffEqFlux v0.7.0
  [77a26b50] DiffEqNoiseProcess v3.6.0
  [41bf760c] DiffEqSensitivity v4.3.0
  [163ba53b] DiffResults v0.0.4
  [b552c78f] DiffRules v0.1.0
  [b4f34e82] Distances v0.8.2
  [31c24e10] Distributions v0.21.9
  [ffbed154] DocStringExtensions v0.8.1
  [d4d017d3] ExponentialUtilities v1.5.1
  [1a297f60] FillArrays v0.8.2
  [53c48c17] FixedPointNumbers v0.6.1
  [587475ba] Flux v0.8.3
  [f6369f11] ForwardDiff v0.10.7
  [069b7b12] FunctionWrappers v1.0.0
  [38e38edf] GLM v1.3.4
  [01680d73] GenericSVD v0.2.2
  [d25df0c9] Inflate v0.1.1
  [41ab1584] InvertedIndices v1.0.0
  [42fd0dbc] IterativeSolvers v0.8.1
  [82899510] IteratorInterfaceExtensions v1.0.0
  [682c06a0] JSON v0.21.0
  [e5e0dc1b] Juno v0.7.2
  [093fc24a] LightGraphs v1.3.0
  [d3d80556] LineSearches v7.0.1
  [1914dd2f] MacroTools v0.5.2
  [e89f7d12] Media v0.5.0
  [e1d29d7a] Missings v0.4.3
  [46d2c3a1] MuladdMacro v0.2.1
  [d41bc354] NLSolversBase v7.5.0
  [2774e3e8] NLsolve v4.2.0
  [872c559c] NNlib v0.6.0
  [77ba4419] NaNMath v0.3.3
  [8faf48c0] NeuralNetDiffEq v1.0.1
  [bac558e1] OrderedCollections v1.1.0
  [1dea7af3] OrdinaryDiffEq v5.25.0
  [90014a1f] PDMats v0.9.10
  [d96e819e] Parameters v0.12.0
  [69de0a69] Parsers v0.3.10
  [2dfb63ee] PooledArrays v0.5.2
  [1fd47b50] QuadGK v2.1.1
  [e6cf234a] RandomNumbers v1.3.0
  [3cdcf5f2] RecipesBase v0.7.0
  [731186ca] RecursiveArrayTools v1.2.0
  [f2c3362d] RecursiveFactorization v0.1.0
  [189a3867] Reexport v0.2.0
  [ae029012] Requires v0.5.2
  [ae5879a3] ResettableStacks v1.0.0
  [79098fc4] Rmath v0.5.1
  [f2b01f46] Roots v0.8.3
  [1bc83da4] SafeTestsets v0.0.1
  [1277b4bf] ShiftedArrays v1.0.0
  [699a6c99] SimpleTraits v0.9.1
  [a2af1166] SortingAlgorithms v0.3.1
  [47a9eef4] SparseDiffTools v1.0.0
  [276daf66] SpecialFunctions v0.8.0
  [90137ffa] StaticArrays v0.12.1
  [2913bbd2] StatsBase v0.32.0
  [4c63d2b9] StatsFuns v0.9.0
  [3eaba693] StatsModels v0.6.7
  [789caeaf] StochasticDiffEq v6.15.0
  [3783bdb8] TableTraits v1.0.0
  [bd369af6] Tables v0.2.11
  [a759f4b9] TimerOutputs v0.5.3
  [9f7883ad] Tracker v0.2.5
  [3bb67fe8] TranscodingStreams v0.9.5
  [a2a6695c] TreeViews v0.3.0
  [30578b45] URIParser v0.4.0
  [19fa3120] VertexSafeGraphs v0.1.0
  [a5390f91] ZipFile v0.8.3
  [2a0f44e3] Base64  [`@stdlib/Base64`]
  [ade2ca70] Dates  [`@stdlib/Dates`]
  [8bb1440f] DelimitedFiles  [`@stdlib/DelimitedFiles`]
  [8ba89e20] Distributed  [`@stdlib/Distributed`]
  [9fa8497b] Future  [`@stdlib/Future`]
  [b77e0a4c] InteractiveUtils  [`@stdlib/InteractiveUtils`]
  [76f85450] LibGit2  [`@stdlib/LibGit2`]
  [8f399da3] Libdl  [`@stdlib/Libdl`]
  [37e2e46d] LinearAlgebra  [`@stdlib/LinearAlgebra`]
  [56ddb016] Logging  [`@stdlib/Logging`]
  [d6f4376e] Markdown  [`@stdlib/Markdown`]
  [a63ad114] Mmap  [`@stdlib/Mmap`]
  [44cfe95a] Pkg  [`@stdlib/Pkg`]
  [de0858da] Printf  [`@stdlib/Printf`]
  [9abbd945] Profile  [`@stdlib/Profile`]
  [3fa0cd96] REPL  [`@stdlib/REPL`]
  [9a3f8284] Random  [`@stdlib/Random`]
  [ea8e919c] SHA  [`@stdlib/SHA`]
  [9e88b42a] Serialization  [`@stdlib/Serialization`]
  [1a1011a3] SharedArrays  [`@stdlib/SharedArrays`]
  [6462fe0b] Sockets  [`@stdlib/Sockets`]
  [2f01184e] SparseArrays  [`@stdlib/SparseArrays`]
  [10745b16] Statistics  [`@stdlib/Statistics`]
  [4607b0f0] SuiteSparse  [`@stdlib/SuiteSparse`]
  [8dfed614] Test  [`@stdlib/Test`]
  [cf7118a7] UUIDs  [`@stdlib/UUIDs`]
  [4ec0a83e] Unicode  [`@stdlib/Unicode`]
Current loss is: 26.08286135283232 (tracked)
Current loss is: 9.293086076227068 (tracked)
Current loss is: 10.904227692768718 (tracked)
Current loss is: 19.4415814629058 (tracked)
Current loss is: 26.554919116672757 (tracked)
Current loss is: 28.244408172030038 (tracked)
Current loss is: 25.231099363453843 (tracked)
Current loss is: 20.093039764386806 (tracked)
Current loss is: 15.016869958323007 (tracked)
Current loss is: 11.185754118983708 (tracked)
Current loss is: 8.973780463687204 (tracked)
Current loss is: 8.275111671986124 (tracked)
Current loss is: 8.732719191193025 (tracked)
Current loss is: 9.865159937228476 (tracked)
Current loss is: 11.157388605085915 (tracked)
Current loss is: 12.161875397285385 (tracked)
Current loss is: 12.599769815661814 (tracked)
Current loss is: 12.4120343510747 (tracked)
Current loss is: 11.729479678208367 (tracked)
Current loss is: 10.784815412151056 (tracked)
Current loss is: 9.818469605960454 (tracked)
Current loss is: 9.0152698716738 (tracked)
Current loss is: 8.479457804070375 (tracked)
Current loss is: 8.237309677616766 (tracked)
Current loss is: 8.253619142653662 (tracked)
Current loss is: 8.452870643273062 (tracked)
Current loss is: 8.740830314312904 (tracked)
Current loss is: 9.024658878679144 (tracked)
Current loss is: 9.229770886278375 (tracked)
Current loss is: 9.311208658937483 (tracked)
Current loss is: 9.25777707011116 (tracked)
Current loss is: 9.088799183405339 (tracked)
Current loss is: 8.845219737381324 (tracked)
Current loss is: 8.577897094566225 (tracked)
Current loss is: 8.335867632462357 (tracked)
Current loss is: 8.15662853042 (tracked)
Current loss is: 8.059660995390544 (tracked)
Current loss is: 8.04388309785425 (tracked)
Current loss is: 8.089401153416212 (tracked)
Current loss is: 8.163440752130095 (tracked)
Current loss is: 8.229427229895988 (tracked)
Current loss is: 8.256965452133082 (tracked)
Current loss is: 8.229711141021102 (tracked)
Current loss is: 8.14855373800716 (tracked)
Current loss is: 8.029264653088969 (tracked)
Current loss is: 7.895865547144933 (tracked)
Current loss is: 7.772359809473597 (tracked)
Current loss is: 7.675597263253722 (tracked)
Current loss is: 7.611218606902609 (tracked)
Current loss is: 7.573405740624984 (tracked)
Current loss is: 7.548038957820862 (tracked)
Current loss is: 7.5179849116841755 (tracked)
Current loss is: 7.468735328200109 (tracked)
Current loss is: 7.392624185809089 (tracked)
Current loss is: 7.290419009844513 (tracked)
Current loss is: 7.170033104799105 (tracked)
Current loss is: 7.043065091185586 (tracked)
Current loss is: 6.920507795748588 (tracked)
Current loss is: 6.809100955457339 (tracked)
Current loss is: 6.70949958454422 (tracked)
Current loss is: 6.616780803342851 (tracked)
Current loss is: 6.522965257810711 (tracked)
Current loss is: 6.420450928105359 (tracked)
Current loss is: 6.304883920380648 (tracked)
Current loss is: 6.176320219476906 (tracked)
Current loss is: 6.038412438916529 (tracked)
Current loss is: 5.896291526296496 (tracked)
Current loss is: 5.754293446901329 (tracked)
Current loss is: 5.614502569388913 (tracked)
Current loss is: 5.476502219186136 (tracked)
Current loss is: 5.3381389936679655 (tracked)
Current loss is: 5.196769113108641 (tracked)
Current loss is: 5.050419667697226 (tracked)
Current loss is: 4.898475241409614 (tracked)
Current loss is: 4.741736306080428 (tracked)
Current loss is: 4.581951480047298 (tracked)
Current loss is: 4.421070401862243 (tracked)
Current loss is: 4.260537601023783 (tracked)
Current loss is: 4.1008671477333625 (tracked)
Current loss is: 3.941630555784818 (tracked)
Current loss is: 3.7818010470149424 (tracked)
Current loss is: 3.6202600506973277 (tracked)
Current loss is: 3.4562507650981704 (tracked)
Current loss is: 3.289592082404892 (tracked)
Current loss is: 3.120625641610232 (tracked)
Current loss is: 2.9499763089186284 (tracked)
Current loss is: 2.7782961665919355 (tracked)
Current loss is: 2.6061194158582928 (tracked)
Current loss is: 2.433888347006375 (tracked)
Current loss is: 2.2621083430129585 (tracked)
Current loss is: 2.0915415133720914 (tracked)
Current loss is: 1.9233483194196728 (tracked)
Current loss is: 1.7591353734956061 (tracked)
Current loss is: 1.600915626584438 (tracked)
Current loss is: 1.4509810893014912 (tracked)
Current loss is: 1.3116472538113106 (tracked)
Current loss is: 1.1847786730645704 (tracked)
Current loss is: 1.0710240171764016 (tracked)
Current loss is: 0.9690245294796933 (tracked)
Current loss is: 0.8753949530907095 (tracked)
Current loss is: 0.7862298764424782 (tracked)
Current loss is: 0.6993962678236894 (tracked)
Current loss is: 0.6155396927446557 (tracked)
Current loss is: 0.5369565856346615 (tracked)
Current loss is: 0.46563940412374616 (tracked)
Current loss is: 0.40222590901149713 (tracked)
Current loss is: 0.3462709197428194 (tracked)
Current loss is: 0.29703262155273347 (tracked)
Current loss is: 0.2539286265666923 (tracked)
Current loss is: 0.2165191256254484 (tracked)
Current loss is: 0.18431937395186615 (tracked)
Current loss is: 0.15670572910484348 (tracked)
Current loss is: 0.13296698373506735 (tracked)
Current loss is: 0.11243083981218815 (tracked)
Current loss is: 0.09456585756582211 (tracked)
Current loss is: 0.0790134341362343 (tracked)
Current loss is: 0.06555379246040141 (tracked)
Current loss is: 0.05404202490423293 (tracked)
Current loss is: 0.04434686842163001 (tracked)
Current loss is: 0.036315123075508104 (tracked)
Current loss is: 0.029761791011262882 (tracked)
Current loss is: 0.024480640986955442 (tracked)
Current loss is: 0.02026296023325882 (tracked)
Current loss is: 0.016915593256868457 (tracked)
Current loss is: 0.014272876341680275 (tracked)
Current loss is: 0.012200463791638267 (tracked)
Current loss is: 0.010592729941447096 (tracked)
Current loss is: 0.009366216436545935 (tracked)
Current loss is: 0.008452832521840618 (tracked)
Current loss is: 0.007794815997010519 (tracked)
Current loss is: 0.0073429301676793445 (tracked)
Current loss is: 0.00705692565322065 (tracked)
Current loss is: 0.0069067507215322494 (tracked)
Current loss is: 0.006871982778036978 (tracked)
Current loss is: 0.006938615212534717 (tracked)
Current loss is: 0.007093500706381492 (tracked)
Current loss is: 0.007318543345299298 (tracked)
Current loss is: 0.007587636915587628 (tracked)
Current loss is: 0.00786752652818791 (tracked)
Current loss is: 0.008123408233532105 (tracked)
Current loss is: 0.008326846147595454 (tracked)
Current loss is: 0.00846304294168302 (tracked)
Current loss is: 0.008534051198691574 (tracked)
Current loss is: 0.008556192285472735 (tracked)
Current loss is: 0.008552419780181505 (tracked)
Current loss is: 0.008542903374960943 (tracked)
Current loss is: 0.008537280154649336 (tracked)
Current loss is: 0.008532931444599707 (tracked)
Current loss is: 0.00851865844677302 (tracked)
Current loss is: 0.008482306215043962 (tracked)
Current loss is: 0.008417128464087391 (tracked)
Current loss is: 0.008324128252391616 (tracked)
Current loss is: 0.00820968194132828 (tracked)
Current loss is: 0.008081631210722902 (tracked)
Current loss is: 0.00794593389983745 (tracked)
Current loss is: 0.007805764443419781 (tracked)
Current loss is: 0.00766222097060592 (tracked)
Current loss is: 0.007515400790153376 (tracked)
Current loss is: 0.007365322975550365 (tracked)
Current loss is: 0.007211978088226567 (tracked)
Current loss is: 0.007055095754956642 (tracked)
Current loss is: 0.006893717714920761 (tracked)
Current loss is: 0.006726112573136309 (tracked)
Current loss is: 0.0065509292312620065 (tracked)
Current loss is: 0.006368504669167219 (tracked)
Current loss is: 0.00618196001656708 (tracked)
Current loss is: 0.005996640521053063 (tracked)
Current loss is: 0.005818065568302131 (tracked)
Current loss is: 0.0056495714318955835 (tracked)
Current loss is: 0.005491021012369976 (tracked)
Current loss is: 0.005339751863884109 (tracked)
Current loss is: 0.005192837874173937 (tracked)
Current loss is: 0.005049254238090017 (tracked)
Current loss is: 0.004910597381710722 (tracked)
Current loss is: 0.004780000817604831 (tracked)
Current loss is: 0.004660131013502617 (tracked)
Current loss is: 0.004551735565116627 (tracked)
Current loss is: 0.0044532966302013675 (tracked)
Current loss is: 0.004362174195003154 (tracked)
Current loss is: 0.004275966064741836 (tracked)
Current loss is: 0.004193626295041839 (tracked)
Current loss is: 0.004115370283088272 (tracked)
Current loss is: 0.00404201828850224 (tracked)
Current loss is: 0.003974094399320756 (tracked)
Current loss is: 0.003911321870068285 (tracked)
Current loss is: 0.0038526952655983404 (tracked)
Current loss is: 0.0037969580649075433 (tracked)
Current loss is: 0.0037431398019508273 (tracked)
Current loss is: 0.00369079932011287 (tracked)
Current loss is: 0.003639822432383237 (tracked)
Current loss is: 0.003590087160244329 (tracked)
Current loss is: 0.0035412010386084943 (tracked)
Current loss is: 0.003492676004759707 (tracked)
Current loss is: 0.003444040121827214 (tracked)
Current loss is: 0.003395065640601498 (tracked)
Current loss is: 0.003345629270627543 (tracked)
Current loss is: 0.00329557715953745 (tracked)
Current loss is: 0.003244674578040145 (tracked)
Current loss is: 0.003192789520652325 (tracked)
Current loss is: 0.0031399584828086568 (tracked)
Current loss is: 16.005938604914736 (tracked)
Current loss is: 9.213357376095054 (tracked)
Current loss is: 18.87335289184891 (tracked)
Current loss is: 27.460034508721645 (tracked)
Current loss is: 26.62002684821961 (tracked)
Current loss is: 20.144555716088057 (tracked)
Current loss is: 13.451853847593425 (tracked)
Current loss is: 9.415597258403567 (tracked)
Current loss is: 8.638642817577795 (tracked)
Current loss is: 10.330327923357256 (tracked)
Current loss is: 12.945649920353258 (tracked)
Current loss is: 14.815105227310104 (tracked)
Current loss is: 14.996171031560941 (tracked)
Current loss is: 13.627598150032988 (tracked)
Current loss is: 11.55693139059146 (tracked)
Current loss is: 9.697893619402324 (tracked)
Current loss is: 8.632396501268774 (tracked)
Current loss is: 8.513138751780417 (tracked)
Current loss is: 9.125769382290285 (tracked)
Current loss is: 10.027542455377706 (tracked)
Current loss is: 10.7336216019092 (tracked)
Current loss is: 10.927579776668107 (tracked)
Current loss is: 10.569023879979262 (tracked)
Current loss is: 9.859922348074827 (tracked)
Current loss is: 9.108155995152128 (tracked)
Current loss is: 8.583385441019777 (tracked)
Current loss is: 8.4226253194366 (tracked)
Current loss is: 8.60046201806031 (tracked)
Current loss is: 8.958055585018517 (tracked)
Current loss is: 9.284783072847599 (tracked)
Current loss is: 9.415726612943047 (tracked)
Current loss is: 9.29676745601667 (tracked)
Current loss is: 9.003273650270076 (tracked)
Current loss is: 8.677803576190952 (tracked)
Current loss is: 8.45611271229667 (tracked)
Current loss is: 8.406670774637501 (tracked)
Current loss is: 8.508957040040443 (tracked)
Current loss is: 8.677581578552124 (tracked)
Current loss is: 8.803812349445641 (tracked)
Current loss is: 8.81928144901364 (tracked)
Current loss is: 8.719608225794861 (tracked)
Current loss is: 8.561723954082288 (tracked)
Current loss is: 8.427524884020992 (tracked)
Current loss is: 8.372675195799747 (tracked)
Current loss is: 8.407059942555575 (tracked)
Current loss is: 8.486955173657798 (tracked)
Current loss is: 8.551409480282109 (tracked)
Current loss is: 8.555293147066415 (tracked)
Current loss is: 8.496188093645246 (tracked)
Current loss is: 8.410254867675892 (tracked)
Current loss is: 8.347638729789399 (tracked)
Current loss is: 8.333746053420915 (tracked)
Current loss is: 8.364897974945745 (tracked)
Current loss is: 8.402497654454269 (tracked)
Current loss is: 8.413647272001128 (tracked)
Current loss is: 8.385119556544486 (tracked)
Current loss is: 8.333793889284781 (tracked)
Current loss is: 8.291453344455414 (tracked)
Current loss is: 8.27864859422065 (tracked)
Current loss is: 8.291175531686248 (tracked)
Current loss is: 8.306470595656682 (tracked)
Current loss is: 8.300752851311117 (tracked)
Current loss is: 8.271578650458869 (tracked)
Current loss is: 8.234457405581816 (tracked)
Current loss is: 8.210307835029738 (tracked)
Current loss is: 8.205640532234169 (tracked)
Current loss is: 8.207328836859837 (tracked)
Current loss is: 8.199247890758077 (tracked)
Current loss is: 8.173936759406118 (tracked)
Current loss is: 8.140441056720489 (tracked)
Current loss is: 8.114272444941413 (tracked)
Current loss is: 8.100645864816142 (tracked)
Current loss is: 8.088297320154636 (tracked)
Current loss is: 8.066215882517112 (tracked)
Current loss is: 8.033230511730471 (tracked)
Current loss is: 7.996841069891364 (tracked)
Current loss is: 7.966556539590907 (tracked)
Current loss is: 7.941544154224066 (tracked)
Current loss is: 7.910442402202903 (tracked)
Current loss is: 7.868549476597241 (tracked)
Current loss is: 7.820509090697222 (tracked)
Current loss is: 7.774927576340082 (tracked)
Current loss is: 7.7299747960335035 (tracked)
Current loss is: 7.67998344233132 (tracked)
Current loss is: 7.620013966380787 (tracked)
Current loss is: 7.553280184828324 (tracked)
Current loss is: 7.486020837357256 (tracked)
Current loss is: 7.415044318068073 (tracked)
Current loss is: 7.334933750979211 (tracked)
Current loss is: 7.245076973687639 (tracked)
Current loss is: 7.1483204205885755 (tracked)
Current loss is: 7.04595663629293 (tracked)
Current loss is: 6.936075531466592 (tracked)
Current loss is: 6.812784147293013 (tracked)
Current loss is: 6.679539106330518 (tracked)
Current loss is: 6.537746410093116 (tracked)
Current loss is: 6.384312200042557 (tracked)
Current loss is: 6.217499847053879 (tracked)
Current loss is: 6.035763828710124 (tracked)
Current loss is: 5.84212999387209 (tracked)
Current loss is: 5.635822668061346 (tracked)
Current loss is: 5.414601294663031 (tracked)
Current loss is: 5.177257139549697 (tracked)
Current loss is: 4.927733271014429 (tracked)
Current loss is: 4.664428014718855 (tracked)
Current loss is: 4.387314283175743 (tracked)
Current loss is: 4.098948008943448 (tracked)
Current loss is: 3.8022097161038158 (tracked)
Current loss is: 3.4947469043970076 (tracked)
Current loss is: 3.1828256058745676 (tracked)
Current loss is: 2.8701377854567136 (tracked)
Current loss is: 2.558083635799446 (tracked)
Current loss is: 2.2518037890328193 (tracked)
Current loss is: 1.9553783166008774 (tracked)
Current loss is: 1.6750480549035953 (tracked)
Current loss is: 1.412088327693022 (tracked)
Current loss is: 1.1705916677137118 (tracked)
Current loss is: 0.9534448577527843 (tracked)
Current loss is: 0.762248172793206 (tracked)
Current loss is: 0.598295566622664 (tracked)
Current loss is: 0.4597016993286506 (tracked)
Current loss is: 0.34633323747491007 (tracked)
Current loss is: 0.2551816795642186 (tracked)
Current loss is: 0.18406144927783596 (tracked)
Current loss is: 0.1301790536613806 (tracked)
Current loss is: 0.09012305634646676 (tracked)
Current loss is: 0.06117005697384496 (tracked)
Current loss is: 0.04081745213544788 (tracked)
Current loss is: 0.026752688812909584 (tracked)
Current loss is: 0.01735548918607235 (tracked)
Current loss is: 0.011226087475222178 (tracked)
Current loss is: 0.007353620690141631 (tracked)
Current loss is: 0.005018136178308751 (tracked)
Current loss is: 0.003779453042243632 (tracked)
Current loss is: 0.003299106472822215 (tracked)
Current loss is: 0.003372375598954264 (tracked)
Current loss is: 0.0038424966449655718 (tracked)
Current loss is: 0.004569673661310137 (tracked)
Current loss is: 0.005445368003055953 (tracked)
Current loss is: 0.006332003477949386 (tracked)
Current loss is: 0.007094332333314992 (tracked)
Current loss is: 0.0076868147729861865 (tracked)
Current loss is: 0.008071964355688936 (tracked)
Current loss is: 0.008484410216094421 (tracked)
Current loss is: 0.009090566463905405 (tracked)
Current loss is: 0.010272638038159155 (tracked)
Current loss is: 0.011895812042734608 (tracked)
Current loss is: 0.013427556453315465 (tracked)
Current loss is: 0.014238355013305223 (tracked)
Current loss is: 0.014240033479075234 (tracked)
Current loss is: 0.013913094132715277 (tracked)
Current loss is: 0.013922497001391388 (tracked)
Current loss is: 0.014180587161560747 (tracked)
Current loss is: 0.014322428611922509 (tracked)
Current loss is: 0.01401527186538298 (tracked)
Current loss is: 0.01335292587331107 (tracked)
Current loss is: 0.01267024321008544 (tracked)
Current loss is: 0.012265859394848144 (tracked)
Current loss is: 0.011918948237350034 (tracked)
Current loss is: 0.011475546415222701 (tracked)
Current loss is: 0.010629126085288106 (tracked)
Current loss is: 0.009696580916509816 (tracked)
Current loss is: 0.008970998887749469 (tracked)
Current loss is: 0.008420760735667224 (tracked)
Current loss is: 0.007870709566264343 (tracked)
Current loss is: 0.007271421015336727 (tracked)
Current loss is: 0.006642235881408642 (tracked)
Current loss is: 0.006003876788813844 (tracked)
Current loss is: 0.005550670347167537 (tracked)
Current loss is: 0.005161189145496859 (tracked)
Current loss is: 0.0048627342361915425 (tracked)
Current loss is: 0.004488097693146484 (tracked)
Current loss is: 0.004072180706704679 (tracked)
Current loss is: 0.003753167019267507 (tracked)
Current loss is: 0.0034706681624518403 (tracked)
Current loss is: 0.003227414362753575 (tracked)
Current loss is: 0.003036396667132291 (tracked)
Current loss is: 0.002827565701994481 (tracked)
Current loss is: 0.00260933857660898 (tracked)
Current loss is: 0.0024344801200311345 (tracked)
Current loss is: 0.0022735619025964554 (tracked)
Current loss is: 0.002143192770944444 (tracked)
Current loss is: 0.0020308430141076977 (tracked)
Current loss is: 0.0019068290947958566 (tracked)
Current loss is: 0.0018009581948039066 (tracked)
Current loss is: 0.001686721864561867 (tracked)
Current loss is: 0.0015853410921827116 (tracked)
Current loss is: 0.00149344443013517 (tracked)
Current loss is: 0.0014234126561421885 (tracked)
Current loss is: 0.0013487996921556725 (tracked)
Current loss is: 0.0012902005371170386 (tracked)
Current loss is: 0.0012220803270487487 (tracked)
Current loss is: 0.001155285081197134 (tracked)
Current loss is: 0.0011035431081385795 (tracked)
Current loss is: 0.0010564282214881367 (tracked)
Current loss is: 0.0010183765252576318 (tracked)
Current loss is: 0.0009730807540376846 (tracked)
Current loss is: 0.0009505077045566779 (tracked)
Current loss is: 0.0009243560244066051 (tracked)
Current loss is: 0.0008950490159351554 (tracked)
Current loss is: 17.012676f0 (tracked)
Current loss is: 5.184309f0 (tracked)
Current loss is: 6.271376f0 (tracked)
Current loss is: 10.487047f0 (tracked)
Current loss is: 5.191661f0 (tracked)
Current loss is: 3.0830483f0 (tracked)
Current loss is: 4.192702f0 (tracked)
Current loss is: 5.6196327f0 (tracked)
Current loss is: 5.820174f0 (tracked)
Current loss is: 4.7061005f0 (tracked)
Current loss is: 3.207478f0 (tracked)
Current loss is: 2.1837094f0 (tracked)
Current loss is: 2.1446123f0 (tracked)
Current loss is: 2.9314272f0 (tracked)
Current loss is: 3.2688928f0 (tracked)
Current loss is: 2.517205f0 (tracked)
Current loss is: 1.6455071f0 (tracked)
Current loss is: 1.3460454f0 (tracked)
Current loss is: 1.4823099f0 (tracked)
Current loss is: 1.714093f0 (tracked)
Current loss is: 1.8067513f0 (tracked)
Current loss is: 1.6685876f0 (tracked)
Current loss is: 1.3582934f0 (tracked)
Current loss is: 1.0126799f0 (tracked)
Current loss is: 0.7649363f0 (tracked)
Current loss is: 0.69472843f0 (tracked)
Current loss is: 0.7823114f0 (tracked)
Current loss is: 0.87123185f0 (tracked)
Current loss is: 0.7999701f0 (tracked)
Current loss is: 0.6022842f0 (tracked)
Current loss is: 0.43118834f0 (tracked)
Current loss is: 0.36040413f0 (tracked)
Current loss is: 0.36494872f0 (tracked)
Current loss is: 0.39153382f0 (tracked)
Current loss is: 0.4013002f0 (tracked)
Current loss is: 0.37470937f0 (tracked)
Current loss is: 0.31596726f0 (tracked)
Current loss is: 0.24380201f0 (tracked)
Current loss is: 0.18031587f0 (tracked)
Current loss is: 0.14094037f0 (tracked)
Current loss is: 0.13022004f0 (tracked)
Current loss is: 0.13956422f0 (tracked)
Current loss is: 0.14925739f0 (tracked)
Current loss is: 0.1414006f0 (tracked)
Current loss is: 0.1141105f0 (tracked)
Current loss is: 0.08294692f0 (tracked)
Current loss is: 0.060914367f0 (tracked)
Current loss is: 0.05154619f0 (tracked)
Current loss is: 0.051310364f0 (tracked)
Current loss is: 0.054444738f0 (tracked)
Current loss is: 0.05643862f0 (tracked)
Current loss is: 0.054634087f0 (tracked)
Current loss is: 0.048590392f0 (tracked)
Current loss is: 0.039740272f0 (tracked)
Current loss is: 0.030508742f0 (tracked)
Current loss is: 0.023006368f0 (tracked)
Current loss is: 0.018489972f0 (tracked)
Current loss is: 0.017179951f0 (tracked)
Current loss is: 0.018262336f0 (tracked)
Current loss is: 0.019808117f0 (tracked)
Current loss is: 0.020264145f0 (tracked)
Current loss is: 0.018822504f0 (tracked)
Current loss is: 0.015652364f0 (tracked)
Current loss is: 0.012180941f0 (tracked)
Current loss is: 0.009569976f0 (tracked)
Current loss is: 0.008210471f0 (tracked)
Current loss is: 0.007967119f0 (tracked)
Current loss is: 0.008369917f0 (tracked)
Current loss is: 0.008874247f0 (tracked)
Current loss is: 0.009071073f0 (tracked)
Current loss is: 0.00874899f0 (tracked)
Current loss is: 0.007916686f0 (tracked)
Current loss is: 0.0068359035f0 (tracked)
Current loss is: 0.0057244515f0 (tracked)
Current loss is: 0.0048815086f0 (tracked)
Current loss is: 0.004404621f0 (tracked)
Current loss is: 0.004323505f0 (tracked)
Current loss is: 0.004501933f0 (tracked)
Current loss is: 0.004723043f0 (tracked)
Current loss is: 0.0047317436f0 (tracked)
Current loss is: 0.0045206333f0 (tracked)
Current loss is: 0.0040884707f0 (tracked)
Current loss is: 0.003581428f0 (tracked)
Current loss is: 0.0031985752f0 (tracked)
Current loss is: 0.0029907944f0 (tracked)
Current loss is: 0.0029209012f0 (tracked)
Current loss is: 0.0029634475f0 (tracked)
Current loss is: 0.0030288934f0 (tracked)
Current loss is: 0.0030124444f0 (tracked)
Current loss is: 0.0029134783f0 (tracked)
Current loss is: 0.0027294802f0 (tracked)
Current loss is: 0.002517046f0 (tracked)
Current loss is: 0.002323296f0 (tracked)
Current loss is: 0.00218903f0 (tracked)
Current loss is: 0.002153161f0 (tracked)
Current loss is: 0.0021400847f0 (tracked)
Current loss is: 0.0021534967f0 (tracked)
Current loss is: 0.002131013f0 (tracked)
Current loss is: 0.0020658777f0 (tracked)
Current loss is: 0.0019463731f0 (tracked)
Current loss is: 0.0043477654f0 (tracked)
Current loss is: 0.004050601f0 (tracked)
Current loss is: 0.003864973f0 (tracked)
Current loss is: 0.0037853946f0 (tracked)
Current loss is: 0.0037170479f0 (tracked)
Current loss is: 0.0035860091f0 (tracked)
Current loss is: 0.0033692187f0 (tracked)
Current loss is: 0.0031678448f0 (tracked)
Current loss is: 0.0030570617f0 (tracked)
Current loss is: 0.0029812083f0 (tracked)
Current loss is: 0.0028708486f0 (tracked)
Current loss is: 0.002706525f0 (tracked)
Current loss is: 0.0025279834f0 (tracked)
Current loss is: 0.0024100833f0 (tracked)
Current loss is: 0.0023469366f0 (tracked)
Current loss is: 0.0022545666f0 (tracked)
Current loss is: 0.0021365015f0 (tracked)
Current loss is: 0.0020155786f0 (tracked)
Current loss is: 0.0019187357f0 (tracked)
Current loss is: 0.0018546344f0 (tracked)
Current loss is: 0.0017972437f0 (tracked)
Current loss is: 0.0017163393f0 (tracked)
Current loss is: 0.0016301917f0 (tracked)
Current loss is: 0.001561386f0 (tracked)
Current loss is: 0.0015221911f0 (tracked)
Current loss is: 0.0014862523f0 (tracked)
Current loss is: 0.0014310154f0 (tracked)
Current loss is: 0.001394514f0 (tracked)
Current loss is: 0.0013479674f0 (tracked)
Current loss is: 0.001325409f0 (tracked)
Current loss is: 0.0013051932f0 (tracked)
Current loss is: 0.0012816943f0 (tracked)
Current loss is: 0.0012551994f0 (tracked)
Current loss is: 0.001234096f0 (tracked)
Current loss is: 0.0012289422f0 (tracked)
Current loss is: 0.0012179491f0 (tracked)
Current loss is: 0.0012050373f0 (tracked)
Current loss is: 0.0011890545f0 (tracked)
Current loss is: 0.0011818131f0 (tracked)
Current loss is: 0.0011670328f0 (tracked)
Current loss is: 0.001165558f0 (tracked)
Current loss is: 0.0011522963f0 (tracked)
Current loss is: 0.0011379827f0 (tracked)
Current loss is: 0.0011256016f0 (tracked)
Current loss is: 0.0011159194f0 (tracked)
Current loss is: 0.0010946726f0 (tracked)
Current loss is: 0.0010833126f0 (tracked)
Current loss is: 0.0010671513f0 (tracked)
Current loss is: 0.0010522242f0 (tracked)
Current loss is: 0.0010410206f0 (tracked)
Current loss is: 0.0010232375f0 (tracked)
Current loss is: 0.0009999642f0 (tracked)
Current loss is: 0.0009842444f0 (tracked)
Current loss is: 0.00096865534f0 (tracked)
Current loss is: 0.00094815524f0 (tracked)
Current loss is: 0.00093190116f0 (tracked)
Current loss is: 0.00091926026f0 (tracked)
Current loss is: 0.0009046205f0 (tracked)
Current loss is: 0.00088649784f0 (tracked)
Current loss is: 0.00087125663f0 (tracked)
Current loss is: 0.0008588504f0 (tracked)
Current loss is: 0.0008428969f0 (tracked)
Current loss is: 0.00083142874f0 (tracked)
Current loss is: 0.00081518426f0 (tracked)
Current loss is: 0.00080417085f0 (tracked)
Current loss is: 0.0007891637f0 (tracked)
Current loss is: 0.0007792439f0 (tracked)
Current loss is: 0.00076388894f0 (tracked)
Current loss is: 0.0007525402f0 (tracked)
Current loss is: 0.0007370137f0 (tracked)
Current loss is: 0.0007235149f0 (tracked)
Current loss is: 0.00071449106f0 (tracked)
Current loss is: 0.00070234406f0 (tracked)
Current loss is: 0.00069368165f0 (tracked)
Current loss is: 0.00067902496f0 (tracked)
Current loss is: 0.0006645565f0 (tracked)
Current loss is: 0.00065286283f0 (tracked)
Current loss is: 0.0006374415f0 (tracked)
Current loss is: 0.0006261545f0 (tracked)
Current loss is: 0.00061386137f0 (tracked)
Current loss is: 0.00060204626f0 (tracked)
Current loss is: 0.00059003034f0 (tracked)
Current loss is: 0.0005766828f0 (tracked)
Current loss is: 0.0005650612f0 (tracked)
Current loss is: 0.00055264676f0 (tracked)
Current loss is: 0.0005412837f0 (tracked)
Current loss is: 0.0005304503f0 (tracked)
Current loss is: 0.0005195713f0 (tracked)
Current loss is: 0.0005071745f0 (tracked)
Current loss is: 0.00049759407f0 (tracked)
Current loss is: 0.000486355f0 (tracked)
Current loss is: 0.00047372794f0 (tracked)
Current loss is: 0.0004634962f0 (tracked)
Current loss is: 0.00045491842f0 (tracked)
Current loss is: 0.00044300573f0 (tracked)
Current loss is: 0.00043298886f0 (tracked)
Current loss is: 0.0004232342f0 (tracked)
Current loss is: 0.00041352113f0 (tracked)
Current loss is: 0.00040536374f0 (tracked)
Current loss is: 0.00039502798f0 (tracked)
Current loss is: 0.42489234f0 (tracked)
Current loss is: 0.9692349f0 (tracked)
Current loss is: 0.5088862f0 (tracked)
Current loss is: 0.19344428f0 (tracked)
Current loss is: 0.1811794f0 (tracked)
Current loss is: 0.26289564f0 (tracked)
Current loss is: 0.3011396f0 (tracked)
Current loss is: 0.25700784f0 (tracked)
Current loss is: 0.17070092f0 (tracked)
Current loss is: 0.09373222f0 (tracked)
Current loss is: 0.048277155f0 (tracked)
Current loss is: 0.03270296f0 (tracked)
Current loss is: 0.037103266f0 (tracked)
Current loss is: 0.050293386f0 (tracked)
Current loss is: 0.06154771f0 (tracked)
Current loss is: 0.063282564f0 (tracked)
Current loss is: 0.054316998f0 (tracked)
Current loss is: 0.039331485f0 (tracked)
Current loss is: 0.024412109f0 (tracked)
Current loss is: 0.013238181f0 (tracked)
Current loss is: 0.0064900587f0 (tracked)
Current loss is: 0.0032081949f0 (tracked)
Current loss is: 0.002134275f0 (tracked)
Current loss is: 0.0023191867f0 (tracked)
Current loss is: 0.0031876303f0 (tracked)
Current loss is: 0.0043962537f0 (tracked)
Current loss is: 0.005684368f0 (tracked)
Current loss is: 0.006794966f0 (tracked)
Current loss is: 0.0074810353f0 (tracked)
Current loss is: 0.007571768f0 (tracked)
Current loss is: 0.007041762f0 (tracked)
Current loss is: 0.006025113f0 (tracked)
Current loss is: 0.004757377f0 (tracked)
Current loss is: 0.0034815606f0 (tracked)
Current loss is: 0.0023730234f0 (tracked)
Current loss is: 0.0015132837f0 (tracked)
Current loss is: 0.0009059943f0 (tracked)
Current loss is: 0.00051043247f0 (tracked)
Current loss is: 0.00027174904f0 (tracked)
Current loss is: 0.00013954582f0 (tracked)
Current loss is: 7.539395f-5 (tracked)
Current loss is: 5.342372f-5 (tracked)
Current loss is: 5.7807367f-5 (tracked)
Current loss is: 7.952766f-5 (tracked)
Current loss is: 0.00011351847f0 (tracked)
Current loss is: 0.00015653088f0 (tracked)
Current loss is: 0.00020570688f0 (tracked)
Current loss is: 0.00025780313f0 (tracked)
Current loss is: 0.0003089324f0 (tracked)
Current loss is: 0.0003547755f0 (tracked)
Current loss is: 0.0003911019f0 (tracked)
Current loss is: 0.00041445473f0 (tracked)
Current loss is: 0.00042278008f0 (tracked)
Current loss is: 0.0004157927f0 (tracked)
Current loss is: 0.00039498316f0 (tracked)
Current loss is: 0.00036323653f0 (tracked)
Current loss is: 0.0003242147f0 (tracked)
Current loss is: 0.00028169237f0 (tracked)
Current loss is: 0.00023898794f0 (tracked)
Current loss is: 0.00019863568f0 (tracked)
Current loss is: 0.00016227906f0 (tracked)
Current loss is: 0.00013075284f0 (tracked)
Current loss is: 0.000104265135f0 (tracked)
Current loss is: 8.260801f-5 (tracked)
Current loss is: 6.5347806f-5 (tracked)
Current loss is: 5.196358f-5 (tracked)
Current loss is: 4.193739f-5 (tracked)
Current loss is: 3.4800396f-5 (tracked)
Current loss is: 3.0144043f-5 (tracked)
Current loss is: 2.7615071f-5 (tracked)
Current loss is: 2.689722f-5 (tracked)
Current loss is: 2.769183f-5 (tracked)
Current loss is: 2.970063f-5 (tracked)
Current loss is: 3.2613843f-5 (tracked)
Current loss is: 3.6106885f-5 (tracked)
Current loss is: 3.984538f-5 (tracked)
Current loss is: 4.3498523f-5 (tracked)
Current loss is: 4.6759793f-5 (tracked)
Current loss is: 4.9370272f-5 (tracked)
Current loss is: 5.1137165f-5 (tracked)
Current loss is: 5.1953753f-5 (tracked)
Current loss is: 5.1802064f-5 (tracked)
Current loss is: 5.0751958f-5 (tracked)
Current loss is: 4.8943813f-5 (tracked)
Current loss is: 4.65695f-5 (tracked)
Current loss is: 4.3845022f-5 (tracked)
Current loss is: 4.09869f-5 (tracked)
Current loss is: 3.8190865f-5 (tracked)
Current loss is: 3.561739f-5 (tracked)
Current loss is: 3.3383527f-5 (tracked)
Current loss is: 3.1560347f-5 (tracked)
Current loss is: 3.0175766f-5 (tracked)
Current loss is: 2.922026f-5 (tracked)
Current loss is: 2.865343f-5 (tracked)
Current loss is: 2.8412673f-5 (tracked)
Current loss is: 2.8421238f-5 (tracked)
Current loss is: 2.8594704f-5 (tracked)
Current loss is: 2.884958f-5 (tracked)
Current loss is: 2.9107627f-5 (tracked)
Current loss is: 2.9302522f-5 (tracked)
Current loss is: 5.2921398f-5 (tracked)
Current loss is: 5.2062227f-5 (tracked)
Current loss is: 5.136591f-5 (tracked)
Current loss is: 5.0804614f-5 (tracked)
Current loss is: 5.031719f-5 (tracked)
Current loss is: 4.9829785f-5 (tracked)
Current loss is: 4.9277747f-5 (tracked)
Current loss is: 4.8622176f-5 (tracked)
Current loss is: 4.7858677f-5 (tracked)
Current loss is: 4.7016507f-5 (tracked)
Current loss is: 4.614825f-5 (tracked)
Current loss is: 4.531385f-5 (tracked)
Current loss is: 4.4564564f-5 (tracked)
Current loss is: 4.3928936f-5 (tracked)
Current loss is: 4.34073f-5 (tracked)
Current loss is: 4.2974472f-5 (tracked)
Current loss is: 4.259115f-5 (tracked)
Current loss is: 4.2217573f-5 (tracked)
Current loss is: 4.1828665f-5 (tracked)
Current loss is: 4.1419877f-5 (tracked)
Current loss is: 4.100777f-5 (tracked)
Current loss is: 4.061909f-5 (tracked)
Current loss is: 4.0279767f-5 (tracked)
Current loss is: 4.0002637f-5 (tracked)
Current loss is: 3.9782848f-5 (tracked)
Current loss is: 3.9600054f-5 (tracked)
Current loss is: 3.9427516f-5 (tracked)
Current loss is: 3.9242288f-5 (tracked)
Current loss is: 3.9033584f-5 (tracked)
Current loss is: 3.8805858f-5 (tracked)
Current loss is: 3.8573373f-5 (tracked)
Current loss is: 3.8351427f-5 (tracked)
Current loss is: 3.8148522f-5 (tracked)
Current loss is: 3.7961086f-5 (tracked)
Current loss is: 3.77761f-5 (tracked)
Current loss is: 3.757744f-5 (tracked)
Current loss is: 3.7355192f-5 (tracked)
Current loss is: 3.7109217f-5 (tracked)
Current loss is: 3.6848585f-5 (tracked)
Current loss is: 3.6585003f-5 (tracked)
Current loss is: 3.632561f-5 (tracked)
Current loss is: 3.6069538f-5 (tracked)
Current loss is: 3.5809404f-5 (tracked)
Current loss is: 3.5537232f-5 (tracked)
Current loss is: 3.524979f-5 (tracked)
Current loss is: 3.4950557f-5 (tracked)
Current loss is: 3.4647408f-5 (tracked)
Current loss is: 3.4347297f-5 (tracked)
Current loss is: 3.4051667f-5 (tracked)
Current loss is: 3.3757067f-5 (tracked)
Current loss is: 3.345813f-5 (tracked)
Current loss is: 3.3152537f-5 (tracked)
Current loss is: 3.2842236f-5 (tracked)
Current loss is: 3.253186f-5 (tracked)
Current loss is: 3.2225013f-5 (tracked)
Current loss is: 3.192117f-5 (tracked)
Current loss is: 3.1616935f-5 (tracked)
Current loss is: 3.1308457f-5 (tracked)
Current loss is: 3.0995347f-5 (tracked)
Current loss is: 3.0679657f-5 (tracked)
Current loss is: 3.0363673f-5 (tracked)
Current loss is: 3.0048326f-5 (tracked)
Current loss is: 2.9731367f-5 (tracked)
Current loss is: 2.9410381f-5 (tracked)
Current loss is: 2.9084558f-5 (tracked)
Current loss is: 2.8755527f-5 (tracked)
Current loss is: 2.8425267f-5 (tracked)
Current loss is: 2.809411f-5 (tracked)
Current loss is: 2.7761094f-5 (tracked)
Current loss is: 2.7424936f-5 (tracked)
Current loss is: 2.7085793f-5 (tracked)
Current loss is: 2.6745112f-5 (tracked)
Current loss is: 2.640456f-5 (tracked)
Current loss is: 2.6063888f-5 (tracked)
Current loss is: 2.5722136f-5 (tracked)
Current loss is: 2.5378897f-5 (tracked)
Current loss is: 2.5035235f-5 (tracked)
Current loss is: 2.46921f-5 (tracked)
Current loss is: 2.434958f-5 (tracked)
Current loss is: 2.4007055f-5 (tracked)
Current loss is: 2.3663966f-5 (tracked)
Current loss is: 2.3320777f-5 (tracked)
Current loss is: 2.2978304f-5 (tracked)
Current loss is: 2.2636494f-5 (tracked)
Current loss is: 2.2294947f-5 (tracked)
Current loss is: 2.1953416f-5 (tracked)
Current loss is: 2.1612337f-5 (tracked)
Current loss is: 2.1272224f-5 (tracked)
Current loss is: 2.093318f-5 (tracked)
Current loss is: 2.0594893f-5 (tracked)
Current loss is: 2.0257346f-5 (tracked)
Current loss is: 1.9921259f-5 (tracked)
Current loss is: 1.9586947f-5 (tracked)
Current loss is: 1.9254228f-5 (tracked)
Current loss is: 1.892314f-5 (tracked)
Current loss is: 1.8594035f-5 (tracked)
Current loss is: 1.8267147f-5 (tracked)
Current loss is: 1.7942632f-5 (tracked)
Current loss is: 1.7620234f-5 (tracked)
Current loss is: 1.7300288f-5 (tracked)
Test Summary: |
NNODE         | No tests
443.455154 seconds (316.02 M allocations: 11.148 GiB, 1.37% gc time)
Current loss is: 23105.726902621795 (tracked)
Current loss is: 16827.584809367207 (tracked)
Current loss is: 20723.469728500957 (tracked)
Current loss is: 17980.583612861155 (tracked)
Current loss is: 21195.57325548976 (tracked)
Current loss is: 21140.887799484502 (tracked)
Current loss is: 18590.451232200314 (tracked)
Current loss is: 17842.87827388248 (tracked)
Current loss is: 22707.519440057822 (tracked)
Current loss is: 18379.258064106936 (tracked)
Current loss is: 18033.272590157703 (tracked)
Current loss is: 16454.001650929582 (tracked)
Current loss is: 18960.00175048591 (tracked)
Current loss is: 19698.95384247311 (tracked)
Current loss is: 17866.09214652145 (tracked)
Current loss is: 16528.39106231252 (tracked)
Current loss is: 15604.892378889035 (tracked)
Current loss is: 15867.336697363493 (tracked)
Current loss is: 14926.811473435271 (tracked)
Current loss is: 13009.47669527559 (tracked)
Current loss is: 16956.795299003683 (tracked)
Current loss is: 16259.090383513969 (tracked)
Current loss is: 14756.119200884958 (tracked)
Current loss is: 16926.306963606454 (tracked)
Current loss is: 14707.53094843356 (tracked)
Current loss is: 15068.684216202206 (tracked)
Current loss is: 12603.098537268153 (tracked)
Current loss is: 13835.051402936648 (tracked)
Current loss is: 15548.993485839495 (tracked)
Current loss is: 19649.177341864633 (tracked)
Current loss is: 14811.986612572162 (tracked)
Current loss is: 14755.530454700382 (tracked)
Current loss is: 15415.123591381134 (tracked)
Current loss is: 13470.183478622179 (tracked)
Current loss is: 13119.49470159902 (tracked)
Current loss is: 15044.880137051496 (tracked)
Current loss is: 15040.263120006588 (tracked)
Current loss is: 12854.468545289028 (tracked)
Current loss is: 13660.938658522826 (tracked)
Current loss is: 11280.053988486048 (tracked)
Current loss is: 10249.202221806081 (tracked)
Current loss is: 13318.905483838262 (tracked)
Current loss is: 13156.7720807605 (tracked)
Current loss is: 12989.656290832563 (tracked)
Current loss is: 14937.053904938246 (tracked)
Current loss is: 11654.981271466198 (tracked)
Current loss is: 11076.432899189005 (tracked)
Current loss is: 11432.06845709753 (tracked)
Current loss is: 9948.804420036688 (tracked)
Current loss is: 10742.70905090761 (tracked)
Current loss is: 12014.515781235008 (tracked)
Current loss is: 11741.014403607167 (tracked)
Current loss is: 10256.447097977732 (tracked)
Current loss is: 10428.774190561655 (tracked)
Current loss is: 9881.502152548319 (tracked)
Current loss is: 8935.655819164858 (tracked)
Current loss is: 9544.266519177267 (tracked)
Current loss is: 9015.369117078626 (tracked)
Current loss is: 9511.82202488153 (tracked)
Current loss is: 8759.079117084628 (tracked)
Current loss is: 8672.219900970224 (tracked)
Current loss is: 9103.108673660918 (tracked)
Current loss is: 8469.984675758426 (tracked)
Current loss is: 8266.638268898701 (tracked)
Current loss is: 7692.951327296492 (tracked)
Current loss is: 7148.030892513785 (tracked)
Current loss is: 7164.449897545809 (tracked)
Current loss is: 6652.557038592329 (tracked)
Current loss is: 6046.870692443179 (tracked)
Current loss is: 6739.6681315301885 (tracked)
Current loss is: 6143.730919918387 (tracked)
Current loss is: 5849.9523360595595 (tracked)
Current loss is: 5580.416420926689 (tracked)
Current loss is: 5526.768157272127 (tracked)
Current loss is: 4729.671823489257 (tracked)
Current loss is: 4807.49656944694 (tracked)
Current loss is: 4490.435792548887 (tracked)
Current loss is: 4394.966734283713 (tracked)
Current loss is: 3726.706109431549 (tracked)
Current loss is: 3741.4057088188592 (tracked)
Current loss is: 3489.2264353392616 (tracked)
Current loss is: 3233.2700274531617 (tracked)
Current loss is: 3028.191425626744 (tracked)
Current loss is: 3023.3804437766867 (tracked)
Current loss is: 2847.1332344046664 (tracked)
Current loss is: 2398.8332844963415 (tracked)
Current loss is: 2253.2718527881257 (tracked)
Current loss is: 1826.1171442807 (tracked)
Current loss is: 1721.4575926068678 (tracked)
Current loss is: 1736.0149629705606 (tracked)
Current loss is: 1308.6985864888663 (tracked)
Current loss is: 1421.1400864263624 (tracked)
Current loss is: 1053.3603510053374 (tracked)
Current loss is: 1025.2162656850287 (tracked)
Current loss is: 879.6651236197087 (tracked)
Current loss is: 761.9571610684808 (tracked)
Current loss is: 743.4268761800776 (tracked)
Current loss is: 602.99576984639 (tracked)
Current loss is: 419.9749687571504 (tracked)
Current loss is: 490.41768688790035 (tracked)
Current loss is: 331.58297238737975 (tracked)
Current loss is: 360.47798009191894 (tracked)
Current loss is: 221.68830631066635 (tracked)
Current loss is: 190.16714593977485 (tracked)
Current loss is: 193.98255090355414 (tracked)
Current loss is: 125.56026324331766 (tracked)
Current loss is: 119.7914364935476 (tracked)
Current loss is: 60.23871745180344 (tracked)
Current loss is: 53.89955987335043 (tracked)
Current loss is: 68.34993781590678 (tracked)
Current loss is: 44.36100454067865 (tracked)
Current loss is: 32.24205014199334 (tracked)
Current loss is: 34.707079955724346 (tracked)
Current loss is: 20.68315527439826 (tracked)
Current loss is: 18.196360701670184 (tracked)
Current loss is: 19.017838877032705 (tracked)
Current loss is: 29.57445956004994 (tracked)
Current loss is: 22.791584009774315 (tracked)
Current loss is: 24.287374424529897 (tracked)
Current loss is: 28.25333915389307 (tracked)
Current loss is: 33.27324625045476 (tracked)
Current loss is: 29.944140524651644 (tracked)
Current loss is: 36.54435544513094 (tracked)
Current loss is: 33.54160720406059 (tracked)
Current loss is: 47.56361105597766 (tracked)
Current loss is: 35.41914507850627 (tracked)
Current loss is: 29.573895861826735 (tracked)
Current loss is: 36.59963213836286 (tracked)
Current loss is: 32.86421853458844 (tracked)
Current loss is: 28.405795131639078 (tracked)
Current loss is: 29.939171949880965 (tracked)
Current loss is: 26.044529614138497 (tracked)
Current loss is: 19.452662571817317 (tracked)
Current loss is: 21.981053002311423 (tracked)
Current loss is: 19.006022588397528 (tracked)
Current loss is: 11.91092779990646 (tracked)
Current loss is: 16.14332635525941 (tracked)
Current loss is: 14.584785779114085 (tracked)
Current loss is: 13.531907202110858 (tracked)
Current loss is: 10.349471743426577 (tracked)
Current loss is: 8.035363197384411 (tracked)
Current loss is: 7.571153976593163 (tracked)
Current loss is: 6.697171293882219 (tracked)
Current loss is: 7.992296418276558 (tracked)
Current loss is: 6.365898384708962 (tracked)
Current loss is: 6.901925756120798 (tracked)
Current loss is: 4.828049708845258 (tracked)
Current loss is: 6.716160000152696 (tracked)
Current loss is: 5.000337245635915 (tracked)
Current loss is: 6.05696451699792 (tracked)
Current loss is: 6.628912172647156 (tracked)
Current loss is: 8.14274471895799 (tracked)
Current loss is: 7.280674378003746 (tracked)
Current loss is: 4.49439802721095 (tracked)
Current loss is: 8.208963011841869 (tracked)
Current loss is: 6.217114805769931 (tracked)
Current loss is: 4.214312657844683 (tracked)
Current loss is: 4.805011816738425 (tracked)
Current loss is: 7.208761281133401 (tracked)
Current loss is: 5.553988574037951 (tracked)
Current loss is: 3.3280705225258815 (tracked)
Current loss is: 5.649040369948629 (tracked)
Current loss is: 4.964671274152109 (tracked)
Current loss is: 9.654748843935284 (tracked)
Current loss is: 7.168997457992179 (tracked)
Current loss is: 5.679962373422688 (tracked)
Current loss is: 3.168030891196805 (tracked)
Current loss is: 7.377799207138095 (tracked)
Current loss is: 8.584910573939613 (tracked)
Current loss is: 6.138286696115683 (tracked)
Current loss is: 7.486141303098505 (tracked)
Current loss is: 7.581019679166623 (tracked)
Current loss is: 2.9087175811457833 (tracked)
Current loss is: 6.5256864768327 (tracked)
Current loss is: 4.297960553692185 (tracked)
Current loss is: 8.796347344324708 (tracked)
Current loss is: 6.389945664564644 (tracked)
Current loss is: 5.193838703822276 (tracked)
Current loss is: 6.122935484168932 (tracked)
Current loss is: 3.686736777545804 (tracked)
Current loss is: 3.8186774147149833 (tracked)
Current loss is: 6.082987169570689 (tracked)
Current loss is: 5.45627519172414 (tracked)
Current loss is: 6.89583143433288 (tracked)
Current loss is: 4.621187780328261 (tracked)
Current loss is: 4.724041589630883 (tracked)
Current loss is: 6.065445407820558 (tracked)
Current loss is: 5.046148991666708 (tracked)
Current loss is: 4.133309916980465 (tracked)
Current loss is: 8.115243283228928 (tracked)
Current loss is: 5.679321035602681 (tracked)
Current loss is: 3.7130218909660924 (tracked)
Current loss is: 6.807840005945259 (tracked)
Current loss is: 4.229633551687069 (tracked)
Current loss is: 3.147699565372699 (tracked)
Current loss is: 4.678243987107862 (tracked)
Current loss is: 7.013388966052731 (tracked)
Current loss is: 4.8697817891678525 (tracked)
Current loss is: 3.826921298690957 (tracked)
Current loss is: 4.844895841303019 (tracked)
one-dimensional heat equation
error_l2 = 0.0009218218

Current loss is: 4.388582335754741e7 (tracked)
Current loss is: 4.292863762964675e7 (tracked)
Current loss is: 4.265624376714467e7 (tracked)
Current loss is: 4.275992171656689e7 (tracked)
Current loss is: 4.17419860834954e7 (tracked)
Current loss is: 4.163050963089669e7 (tracked)
Current loss is: 4.033632176178873e7 (tracked)
Current loss is: 3.952400471819694e7 (tracked)
Current loss is: 3.852492377616361e7 (tracked)
Current loss is: 3.731029833383634e7 (tracked)
Current loss is: 3.661703733971528e7 (tracked)
Current loss is: 3.483862272209147e7 (tracked)
Current loss is: 3.3433962720445205e7 (tracked)
Current loss is: 3.1273079270398244e7 (tracked)
Current loss is: 2.901911795615487e7 (tracked)
Current loss is: 2.7695366047898237e7 (tracked)
Current loss is: 2.4930040735348497e7 (tracked)
Current loss is: 2.2613672211048275e7 (tracked)
Current loss is: 1.96662341645473e7 (tracked)
Current loss is: 1.7319251259412795e7 (tracked)
Current loss is: 1.4539063763451815e7 (tracked)
Current loss is: 1.1257549306163618e7 (tracked)
Current loss is: 8.90140715787827e6 (tracked)
Current loss is: 6.403474628820703e6 (tracked)
Current loss is: 4.27647408800007e6 (tracked)
Current loss is: 2.617753423251565e6 (tracked)
Current loss is: 1.1131238508173586e6 (tracked)
Current loss is: 341696.8457601651 (tracked)
Current loss is: 153572.9340042589 (tracked)
Current loss is: 656946.7217661691 (tracked)
Current loss is: 1.359906514705127e6 (tracked)
Current loss is: 2.1509054421150223e6 (tracked)
Current loss is: 3.246336928624599e6 (tracked)
Current loss is: 3.7514353579684673e6 (tracked)
Current loss is: 3.5375645463274713e6 (tracked)
Current loss is: 3.4573126374454307e6 (tracked)
Current loss is: 2.698982675332612e6 (tracked)
Current loss is: 1.9618987426341015e6 (tracked)
Current loss is: 1.273852437907983e6 (tracked)
Current loss is: 788439.3900333694 (tracked)
Current loss is: 420957.66303730034 (tracked)
Current loss is: 127824.69433053827 (tracked)
Current loss is: 47697.357180401574 (tracked)
Current loss is: 96592.38789454196 (tracked)
Current loss is: 223933.96097156923 (tracked)
Current loss is: 383458.55609535903 (tracked)
Current loss is: 571285.5995077579 (tracked)
Current loss is: 662774.0078036292 (tracked)
Current loss is: 740868.8944528578 (tracked)
Current loss is: 780698.3931105876 (tracked)
Current loss is: 775535.132356159 (tracked)
Current loss is: 647023.8853679497 (tracked)
Current loss is: 624080.4818148364 (tracked)
Current loss is: 496741.7308860568 (tracked)
Current loss is: 370762.8361304352 (tracked)
Current loss is: 315083.0858069758 (tracked)
Current loss is: 175771.43834834703 (tracked)
Current loss is: 115143.06132461356 (tracked)
Current loss is: 43326.18134461119 (tracked)
Current loss is: 45696.13892598581 (tracked)
Current loss is: 69395.95319754658 (tracked)
Current loss is: 99363.1914880198 (tracked)
Current loss is: 132036.31226582013 (tracked)
Current loss is: 158050.3057774717 (tracked)
Current loss is: 188694.22441927166 (tracked)
Current loss is: 197315.56663434708 (tracked)
Current loss is: 141933.13604196883 (tracked)
Current loss is: 161638.11904404795 (tracked)
Current loss is: 128311.32596360431 (tracked)
Current loss is: 115322.97987328233 (tracked)
Current loss is: 87184.91938682712 (tracked)
Current loss is: 58906.739226492624 (tracked)
Current loss is: 35840.11440104639 (tracked)
Current loss is: 51918.75969192512 (tracked)
Current loss is: 38916.25640030016 (tracked)
Current loss is: 50709.98792491092 (tracked)
Current loss is: 55493.86111117171 (tracked)
Current loss is: 67295.96089607799 (tracked)
Current loss is: 55070.080313533144 (tracked)
Current loss is: 67214.43665815258 (tracked)
Current loss is: 59074.37556521341 (tracked)
Current loss is: 70350.8833006883 (tracked)
Current loss is: 49520.27151353021 (tracked)
Current loss is: 53857.73089010628 (tracked)
Current loss is: 42972.88432810543 (tracked)
Current loss is: 32243.494769711135 (tracked)
Current loss is: 30564.75480369547 (tracked)
Current loss is: 28126.699024017165 (tracked)
Current loss is: 27515.042548320926 (tracked)
Current loss is: 22847.416739129832 (tracked)
Current loss is: 26557.955054926915 (tracked)
Current loss is: 30276.07027865514 (tracked)
Current loss is: 25633.692357394328 (tracked)
Current loss is: 33268.51829838654 (tracked)
Current loss is: 23021.40182544356 (tracked)
Current loss is: 22968.174180947117 (tracked)
Current loss is: 24051.371178056095 (tracked)
Current loss is: 15902.964645185999 (tracked)
Current loss is: 19093.638367530013 (tracked)
Current loss is: 15622.018977792346 (tracked)
Current loss is: 17038.909547769672 (tracked)
Current loss is: 10492.270415109697 (tracked)
Current loss is: 10251.50255089056 (tracked)
Current loss is: 14837.49572124457 (tracked)
Current loss is: 11128.426923386107 (tracked)
Current loss is: 10290.12592696126 (tracked)
Current loss is: 10261.98128182469 (tracked)
Current loss is: 9231.01852103966 (tracked)
Current loss is: 6982.457416610669 (tracked)
Current loss is: 10256.154725080722 (tracked)
Current loss is: 8380.45249586237 (tracked)
Current loss is: 5852.445441792138 (tracked)
Current loss is: 6236.335428218061 (tracked)
Current loss is: 6133.971513737535 (tracked)
Current loss is: 4823.883468009483 (tracked)
Current loss is: 5273.9412276331595 (tracked)
Current loss is: 5155.8609084998225 (tracked)
Current loss is: 3546.702026862905 (tracked)
Current loss is: 4180.728039440685 (tracked)
Current loss is: 3066.3264096858998 (tracked)
Current loss is: 3231.110048988445 (tracked)
Current loss is: 2828.2731358196575 (tracked)
Current loss is: 2784.636870358534 (tracked)
Current loss is: 2597.800810683979 (tracked)
Current loss is: 3381.070473541493 (tracked)
Current loss is: 2556.737774593684 (tracked)
Current loss is: 1952.6898895809488 (tracked)
Current loss is: 2103.125072160395 (tracked)
Current loss is: 1866.554290054154 (tracked)
Current loss is: 1628.1986160103845 (tracked)
Current loss is: 1989.836766741136 (tracked)
Current loss is: 1757.6414152391608 (tracked)
Current loss is: 1579.5859119150023 (tracked)
Current loss is: 1251.2781420391966 (tracked)
Current loss is: 1494.8894450309626 (tracked)
Current loss is: 1607.124411488318 (tracked)
Current loss is: 1501.035955351841 (tracked)
Current loss is: 1458.460195847255 (tracked)
Current loss is: 1327.025572204267 (tracked)
Current loss is: 1528.6516160108904 (tracked)
Current loss is: 1208.553600274895 (tracked)
Current loss is: 1430.7626623231106 (tracked)
Current loss is: 1495.6994738623555 (tracked)
Current loss is: 1338.040059979158 (tracked)
Current loss is: 1032.7872496963819 (tracked)
Current loss is: 1305.3145880397578 (tracked)
Current loss is: 1364.2926449591898 (tracked)
Current loss is: 1241.9402720518453 (tracked)
Current loss is: 1017.1842279021803 (tracked)
Current loss is: 996.937436860724 (tracked)
Current loss is: 1164.2782010634523 (tracked)
Current loss is: 1094.8463862559963 (tracked)
Current loss is: 1154.3136455231554 (tracked)
Current loss is: 995.7636626327833 (tracked)
Current loss is: 1068.386948725894 (tracked)
Current loss is: 1032.6179347105679 (tracked)
Current loss is: 1094.2720354854691 (tracked)
Current loss is: 855.1336788804433 (tracked)
Current loss is: 1018.5081718861736 (tracked)
Current loss is: 1046.1247144229756 (tracked)
Current loss is: 1012.6239754331757 (tracked)
Current loss is: 840.9978974283945 (tracked)
Current loss is: 903.5392331038756 (tracked)
Current loss is: 750.760939559403 (tracked)
Current loss is: 1157.6595406270071 (tracked)
Current loss is: 949.0734902650435 (tracked)
Current loss is: 1114.0886365844403 (tracked)
Current loss is: 798.991948848548 (tracked)
Current loss is: 1132.5043269543576 (tracked)
Current loss is: 1012.2720930886669 (tracked)
Current loss is: 949.6956672617314 (tracked)
Current loss is: 914.5914404056323 (tracked)
Current loss is: 907.5214052867949 (tracked)
Current loss is: 963.320137070177 (tracked)
Current loss is: 964.934786285109 (tracked)
Current loss is: 912.4153808284328 (tracked)
Current loss is: 995.013862117293 (tracked)
Current loss is: 679.7282466924547 (tracked)
Current loss is: 1047.1316616721408 (tracked)
Current loss is: 1210.8984426005863 (tracked)
Current loss is: 921.8695767715794 (tracked)
Current loss is: 884.2908773827467 (tracked)
Current loss is: 922.968783859757 (tracked)
Current loss is: 895.5981706236888 (tracked)
Current loss is: 744.2594564974813 (tracked)
Current loss is: 946.0338453258479 (tracked)
Current loss is: 834.951437850809 (tracked)
Current loss is: 930.0442836826629 (tracked)
Current loss is: 933.0670296218883 (tracked)
Current loss is: 765.4210902537469 (tracked)
Current loss is: 1034.0412350716604 (tracked)
Current loss is: 1091.9492172358744 (tracked)
Current loss is: 1011.4461100091353 (tracked)
Current loss is: 944.8417467197605 (tracked)
Current loss is: 918.7683650926407 (tracked)
Current loss is: 877.3812604704998 (tracked)
Current loss is: 925.9665309444744 (tracked)
Current loss is: 732.5016975186644 (tracked)
Current loss is: 1170.9743606856732 (tracked)
Current loss is: 843.9161196244137 (tracked)
Current loss is: 1074.2293600073358 (tracked)
Current loss is: 1185.9491111116495 (tracked)
Current loss is: 781.6523628725216 (tracked)
Current loss is: 1087.8892760286888 (tracked)
Current loss is: 905.4209931071204 (tracked)
Current loss is: 977.0257336719919 (tracked)
Current loss is: 1011.9851762115283 (tracked)
Current loss is: 762.8476567659186 (tracked)
Current loss is: 1138.7748561713602 (tracked)
Current loss is: 992.8568006869817 (tracked)
Current loss is: 925.0370468231621 (tracked)
Current loss is: 924.9242241128768 (tracked)
Current loss is: 1029.7540886206757 (tracked)
Current loss is: 840.9191069347237 (tracked)
Current loss is: 1087.9478582822549 (tracked)
Current loss is: 1069.3848427931043 (tracked)
Current loss is: 1052.5602440934845 (tracked)
Current loss is: 1057.7452640380527 (tracked)
Current loss is: 943.2959643322113 (tracked)
Current loss is: 842.0494669991089 (tracked)
Current loss is: 953.7438373144561 (tracked)
Current loss is: 1067.4443245033037 (tracked)
Current loss is: 1038.1942787806965 (tracked)
Current loss is: 840.3814751132778 (tracked)
Current loss is: 755.1755236279711 (tracked)
Current loss is: 936.4640086249549 (tracked)
Current loss is: 789.7794293994194 (tracked)
Current loss is: 1121.0100142227323 (tracked)
Current loss is: 704.8891602367682 (tracked)
Current loss is: 1143.5481120772567 (tracked)
Current loss is: 1005.0165468604487 (tracked)
Current loss is: 918.1748406077961 (tracked)
Current loss is: 1071.9461548231411 (tracked)
Current loss is: 861.247186344569 (tracked)
Current loss is: 1001.8535880285722 (tracked)
Current loss is: 998.5011009045691 (tracked)
Current loss is: 840.3332676599981 (tracked)
Current loss is: 848.7937140018945 (tracked)
Current loss is: 968.8221975089078 (tracked)
Current loss is: 1002.9077936651913 (tracked)
Current loss is: 1159.8377589752113 (tracked)
Current loss is: 1021.6891659056313 (tracked)
Current loss is: 883.8425936680552 (tracked)
Current loss is: 1140.9258127763053 (tracked)
Current loss is: 799.3488820935802 (tracked)
Current loss is: 903.7181999337569 (tracked)
Current loss is: 1022.2943493437153 (tracked)
Current loss is: 1057.3766994532052 (tracked)
Current loss is: 978.137105764681 (tracked)
Current loss is: 946.999391922505 (tracked)
high-dimensional heat equation
error_l2 = 8.4568586e-5

Current loss is: 5208.29965804232 (tracked)
Current loss is: 5064.274500332843 (tracked)
Current loss is: 5129.625530302351 (tracked)
Current loss is: 4871.403938135815 (tracked)
Current loss is: 5056.858787114987 (tracked)
Current loss is: 4989.326362718731 (tracked)
Current loss is: 4799.8174484772135 (tracked)
Current loss is: 4656.49887467346 (tracked)
Current loss is: 4667.818391598644 (tracked)
Current loss is: 4646.618587312524 (tracked)
Current loss is: 4520.481303452261 (tracked)
Current loss is: 4512.324015170715 (tracked)
Current loss is: 4278.55132865894 (tracked)
Current loss is: 4441.80203672137 (tracked)
Current loss is: 4164.901279636312 (tracked)
Current loss is: 4120.020876002353 (tracked)
Current loss is: 4025.296748755523 (tracked)
Current loss is: 3986.9568021692494 (tracked)
Current loss is: 3786.650716111881 (tracked)
Current loss is: 3806.808075224602 (tracked)
Current loss is: 3685.0327319925227 (tracked)
Current loss is: 3543.2761863524106 (tracked)
Current loss is: 3501.88402648107 (tracked)
Current loss is: 3211.604751339658 (tracked)
Current loss is: 3191.6707515383227 (tracked)
Current loss is: 2972.892932679041 (tracked)
Current loss is: 2716.520660762951 (tracked)
Current loss is: 2698.109705470683 (tracked)
Current loss is: 2498.077410753414 (tracked)
Current loss is: 2244.7204755544126 (tracked)
Current loss is: 2123.172924685912 (tracked)
Current loss is: 2010.5639197574026 (tracked)
Current loss is: 1977.772661437998 (tracked)
Current loss is: 1824.015611824659 (tracked)
Current loss is: 1787.0041039253585 (tracked)
Current loss is: 1605.5622380792288 (tracked)
Current loss is: 1310.2305739337355 (tracked)
Current loss is: 1247.1134161268085 (tracked)
Current loss is: 1026.2467289697279 (tracked)
Current loss is: 965.0713063328241 (tracked)
Current loss is: 797.0660600970216 (tracked)
Current loss is: 723.9611764227334 (tracked)
Current loss is: 658.3854193956915 (tracked)
Current loss is: 484.33468357109535 (tracked)
Current loss is: 447.2952102187556 (tracked)
Current loss is: 347.6755328528492 (tracked)
Current loss is: 215.25875761110393 (tracked)
Current loss is: 243.3472328387345 (tracked)
Current loss is: 176.490198507258 (tracked)
Current loss is: 125.41460683717087 (tracked)
Current loss is: 86.4396826451054 (tracked)
Current loss is: 74.94807970376111 (tracked)
Current loss is: 71.6349413519586 (tracked)
Current loss is: 69.15857648045186 (tracked)
Current loss is: 76.25652317709967 (tracked)
Current loss is: 91.44811535393177 (tracked)
Current loss is: 80.62985015432477 (tracked)
Current loss is: 92.64287859340335 (tracked)
Current loss is: 98.15753388762936 (tracked)
Current loss is: 123.57572038850984 (tracked)
Current loss is: 129.85524156584276 (tracked)
Current loss is: 129.9179278754086 (tracked)
Current loss is: 107.10994723972455 (tracked)
Current loss is: 109.0123092838545 (tracked)
Current loss is: 88.56382301142784 (tracked)
Current loss is: 85.34039101873569 (tracked)
Current loss is: 70.31774630168144 (tracked)
Current loss is: 51.52838998478781 (tracked)
Current loss is: 70.55510320030159 (tracked)
Current loss is: 47.36486573069341 (tracked)
Current loss is: 40.11901133727697 (tracked)
Current loss is: 42.15810369690675 (tracked)
Current loss is: 36.475138348142714 (tracked)
Current loss is: 34.04190488015057 (tracked)
Current loss is: 25.06320677740869 (tracked)
Current loss is: 27.66714112005999 (tracked)
Current loss is: 35.064370479530155 (tracked)
Current loss is: 32.06408140969086 (tracked)
Current loss is: 28.057767677970197 (tracked)
Current loss is: 40.23653749056303 (tracked)
Current loss is: 28.35768761561313 (tracked)
Current loss is: 30.80420496856168 (tracked)
Current loss is: 33.6235849084061 (tracked)
Current loss is: 30.7450289131796 (tracked)
Current loss is: 26.47918510803126 (tracked)
Current loss is: 38.25906053616988 (tracked)
Current loss is: 40.41336026180234 (tracked)
Current loss is: 24.995187943040964 (tracked)
Current loss is: 25.93333183330791 (tracked)
Current loss is: 29.436039721718966 (tracked)
Current loss is: 25.83724481803196 (tracked)
Current loss is: 20.040382084616 (tracked)
Current loss is: 26.626678340263112 (tracked)
Current loss is: 30.501078119644408 (tracked)
Current loss is: 22.37869561933971 (tracked)
Current loss is: 29.062445346640757 (tracked)
Current loss is: 19.422526793733034 (tracked)
Current loss is: 29.444271417254186 (tracked)
Current loss is: 20.93030635486415 (tracked)
Current loss is: 24.015305848262955 (tracked)
Current loss is: 23.455200383615644 (tracked)
Current loss is: 23.639997588761403 (tracked)
Current loss is: 23.576165340791405 (tracked)
Current loss is: 19.53340695883123 (tracked)
Current loss is: 21.90783258098783 (tracked)
Current loss is: 18.671704892095356 (tracked)
Current loss is: 23.615836470935015 (tracked)
Current loss is: 18.442610833762544 (tracked)
Current loss is: 26.084332548972515 (tracked)
Current loss is: 26.399919876364326 (tracked)
Current loss is: 23.589602466722894 (tracked)
Current loss is: 20.18563861295394 (tracked)
Current loss is: 18.583646555790505 (tracked)
Current loss is: 15.903969092240827 (tracked)
Current loss is: 22.163661602871247 (tracked)
Current loss is: 19.109472195448003 (tracked)
Current loss is: 19.99272417837456 (tracked)
Current loss is: 21.305013565661575 (tracked)
Current loss is: 19.0823576434429 (tracked)
Current loss is: 21.798312019691153 (tracked)
Current loss is: 16.86184424713062 (tracked)
Current loss is: 17.218118076933944 (tracked)
Current loss is: 15.643495292997516 (tracked)
Current loss is: 20.61670825973938 (tracked)
Current loss is: 20.71657329862025 (tracked)
Current loss is: 15.848301856673165 (tracked)
Current loss is: 15.768298335579656 (tracked)
Current loss is: 19.380122787323568 (tracked)
Current loss is: 20.8436614711954 (tracked)
Current loss is: 23.11435896224901 (tracked)
Current loss is: 22.455468513537685 (tracked)
Current loss is: 21.614324987531944 (tracked)
Current loss is: 18.037531818703645 (tracked)
Current loss is: 16.108052596226305 (tracked)
Current loss is: 14.914207443233902 (tracked)
Current loss is: 15.524372192840536 (tracked)
Current loss is: 19.9472101469445 (tracked)
Current loss is: 17.354871808266704 (tracked)
Current loss is: 20.544927827249534 (tracked)
Current loss is: 18.346689509640747 (tracked)
Current loss is: 17.660913369334892 (tracked)
Current loss is: 16.08032162995867 (tracked)
Current loss is: 17.450348454278473 (tracked)
Current loss is: 13.902094387207196 (tracked)
Current loss is: 17.276311876956704 (tracked)
Current loss is: 14.150449989491532 (tracked)
Current loss is: 15.28177890998966 (tracked)
Current loss is: 17.281661792547226 (tracked)
Current loss is: 16.680836493896926 (tracked)
Current loss is: 17.778195750210653 (tracked)
Black Scholes Barenblatt equation
error_l2 = 0.031733063197922594

Current loss is: 0.1993892417573324 (tracked)
Current loss is: 0.2925843481151779 (tracked)
Current loss is: 0.22612401484569403 (tracked)
Current loss is: 0.2159768835361522 (tracked)
Current loss is: 0.23597010392877013 (tracked)
Current loss is: 0.15481586380834192 (tracked)
Current loss is: 0.2020252060340033 (tracked)
Current loss is: 0.13815688850833413 (tracked)
Current loss is: 0.16342973675021352 (tracked)
Current loss is: 0.15656656011146233 (tracked)
Current loss is: 0.1521205644301901 (tracked)
Current loss is: 0.14833952182206023 (tracked)
Current loss is: 0.15805609469493884 (tracked)
Current loss is: 0.1360195279996147 (tracked)
Current loss is: 0.12342813155577545 (tracked)
Current loss is: 0.10430318007422276 (tracked)
Current loss is: 0.1413629967906888 (tracked)
Current loss is: 0.11525783061874705 (tracked)
Current loss is: 0.10219598714881725 (tracked)
Current loss is: 0.09984526576378246 (tracked)
Current loss is: 0.11182841690541742 (tracked)
Current loss is: 0.10537442111918426 (tracked)
Current loss is: 0.08864634180689704 (tracked)
Current loss is: 0.09057221258668934 (tracked)
Current loss is: 0.08102494947815721 (tracked)
Current loss is: 0.08168823800276975 (tracked)
Current loss is: 0.06430443257812658 (tracked)
Current loss is: 0.10808715765233068 (tracked)
Current loss is: 0.07937433115207788 (tracked)
Current loss is: 0.09387927681230368 (tracked)
Current loss is: 0.06396042424014003 (tracked)
Current loss is: 0.07996454602797722 (tracked)
Current loss is: 0.0775020735035182 (tracked)
Current loss is: 0.09478068812996986 (tracked)
Current loss is: 0.07990043587335664 (tracked)
Current loss is: 0.06881707808147838 (tracked)
Current loss is: 0.056606906008401285 (tracked)
Current loss is: 0.07252596083216947 (tracked)
Current loss is: 0.06190382266561354 (tracked)
Current loss is: 0.046485298453327856 (tracked)
Current loss is: 0.08098677979336671 (tracked)
Current loss is: 0.05197607697786379 (tracked)
Current loss is: 0.055303927656807694 (tracked)
Current loss is: 0.06073399519142585 (tracked)
Current loss is: 0.05455104530609394 (tracked)
Current loss is: 0.06937784230845932 (tracked)
Current loss is: 0.06519353058138228 (tracked)
Current loss is: 0.0705319514345482 (tracked)
Current loss is: 0.04755740693244431 (tracked)
Current loss is: 0.05449546492350403 (tracked)
Current loss is: 0.05256347676318444 (tracked)
Current loss is: 0.03942869588425495 (tracked)
Current loss is: 0.05177339635428179 (tracked)
Current loss is: 0.037057299684520255 (tracked)
Current loss is: 0.051543515323954396 (tracked)
Current loss is: 0.05054947216665453 (tracked)
Current loss is: 0.05311863910373429 (tracked)
Current loss is: 0.05110479120309346 (tracked)
Current loss is: 0.044794239188271495 (tracked)
Current loss is: 0.04492993006136227 (tracked)
Current loss is: 0.036341394653003144 (tracked)
Current loss is: 0.04057900106217118 (tracked)
Current loss is: 0.04078109509676345 (tracked)
Current loss is: 0.052727008496157524 (tracked)
Current loss is: 0.06131152837750641 (tracked)
Current loss is: 0.0384101668457814 (tracked)
Current loss is: 0.044194518664118006 (tracked)
Current loss is: 0.029891359151070666 (tracked)
Current loss is: 0.028861061535147198 (tracked)
Current loss is: 0.04098329528116961 (tracked)
Current loss is: 0.04553564471993893 (tracked)
Current loss is: 0.041366125097846436 (tracked)
Current loss is: 0.045194928670086176 (tracked)
Current loss is: 0.03819449188947724 (tracked)
Current loss is: 0.03491130868874451 (tracked)
Current loss is: 0.032112374649958884 (tracked)
Current loss is: 0.0372907515494376 (tracked)
Current loss is: 0.03607884053574153 (tracked)
Current loss is: 0.03203450481110063 (tracked)
Current loss is: 0.03378330620801198 (tracked)
Current loss is: 0.03405875354232014 (tracked)
Current loss is: 0.03447189144221614 (tracked)
Current loss is: 0.03923348346989639 (tracked)
Current loss is: 0.03739316382676372 (tracked)
Current loss is: 0.027026468750695185 (tracked)
Current loss is: 0.04586619674055739 (tracked)
Current loss is: 0.0238713139788314 (tracked)
Current loss is: 0.02970822007090139 (tracked)
Current loss is: 0.02820872512282349 (tracked)
Current loss is: 0.03955154744872955 (tracked)
Current loss is: 0.028027004385290145 (tracked)
Current loss is: 0.02895434212026112 (tracked)
Current loss is: 0.03381359671682622 (tracked)
Current loss is: 0.03708192459331463 (tracked)
Current loss is: 0.03529437430456334 (tracked)
Current loss is: 0.028151987009186644 (tracked)
Current loss is: 0.028825321536729134 (tracked)
Current loss is: 0.033908352405843806 (tracked)
Current loss is: 0.03601179162348559 (tracked)
Current loss is: 0.026905316825275367 (tracked)
Current loss is: 0.03172114929938389 (tracked)
Current loss is: 0.02173769875032797 (tracked)
Current loss is: 0.024285829343413754 (tracked)
Current loss is: 0.033219987072601063 (tracked)
Current loss is: 0.03200396581867654 (tracked)
Current loss is: 0.020622853103538792 (tracked)
Current loss is: 0.027856921873899876 (tracked)
Current loss is: 0.026403594589986378 (tracked)
Current loss is: 0.03346510979164896 (tracked)
Current loss is: 0.026884813120179735 (tracked)
Current loss is: 0.021496770568409627 (tracked)
Current loss is: 0.026963561146170167 (tracked)
Current loss is: 0.02525475621312791 (tracked)
Current loss is: 0.029441198591810908 (tracked)
Current loss is: 0.017548020947802456 (tracked)
Current loss is: 0.02444655311933233 (tracked)
Current loss is: 0.01971836744309569 (tracked)
Current loss is: 0.03164628851972049 (tracked)
Current loss is: 0.020686024552127334 (tracked)
Current loss is: 0.027517802629428254 (tracked)
Current loss is: 0.020377423893328223 (tracked)
Current loss is: 0.02112294042657303 (tracked)
Current loss is: 0.02846928543615845 (tracked)
Current loss is: 0.02314139802952352 (tracked)
Current loss is: 0.018963583556390634 (tracked)
Current loss is: 0.027021609758577068 (tracked)
Current loss is: 0.024176735102446303 (tracked)
Current loss is: 0.02209375488180584 (tracked)
Current loss is: 0.025243028731074427 (tracked)
Current loss is: 0.025368528091394064 (tracked)
Current loss is: 0.020876187904122646 (tracked)
Current loss is: 0.022919703213320243 (tracked)
Current loss is: 0.026174651568255304 (tracked)
Current loss is: 0.023689334350557156 (tracked)
Current loss is: 0.01587695825507802 (tracked)
Current loss is: 0.028696751807735132 (tracked)
Current loss is: 0.01636347659160305 (tracked)
Current loss is: 0.025916032195699282 (tracked)
Current loss is: 0.02277369067197403 (tracked)
Current loss is: 0.015871081509144774 (tracked)
Current loss is: 0.020036651347228252 (tracked)
Current loss is: 0.03162334034113153 (tracked)
Current loss is: 0.021733869421869098 (tracked)
Current loss is: 0.017451008162453544 (tracked)
Current loss is: 0.02200723437349264 (tracked)
Current loss is: 0.02032903196588072 (tracked)
Current loss is: 0.020880577932749663 (tracked)
Current loss is: 0.02185277965665397 (tracked)
Current loss is: 0.017092055453255175 (tracked)
Current loss is: 0.02829172366953271 (tracked)
Current loss is: 0.02536086130474484 (tracked)
Current loss is: 0.022373497245976308 (tracked)
Current loss is: 0.01502948357350048 (tracked)
Current loss is: 0.01731943019707541 (tracked)
Current loss is: 0.017255257191906383 (tracked)
Current loss is: 0.021404073204560826 (tracked)
Current loss is: 0.014173108889888564 (tracked)
Current loss is: 0.01647559342193364 (tracked)
Current loss is: 0.01498655641777909 (tracked)
Current loss is: 0.020902875642165343 (tracked)
Current loss is: 0.024037214210170084 (tracked)
Current loss is: 0.020519069195276393 (tracked)
Current loss is: 0.014956758501305427 (tracked)
Current loss is: 0.01757425801054331 (tracked)
Current loss is: 0.022180850198556253 (tracked)
Current loss is: 0.018333090209231396 (tracked)
Current loss is: 0.019475496369179793 (tracked)
Current loss is: 0.022068260410144393 (tracked)
Current loss is: 0.01929027015065163 (tracked)
Current loss is: 0.018221039827121994 (tracked)
Current loss is: 0.01687286255425126 (tracked)
Current loss is: 0.015933934218890215 (tracked)
Current loss is: 0.01739486280114872 (tracked)
Current loss is: 0.012268558301421517 (tracked)
Current loss is: 0.015293143602746816 (tracked)
Current loss is: 0.017726049548779453 (tracked)
Current loss is: 0.013888201799928253 (tracked)
Current loss is: 0.018397922675856885 (tracked)
Current loss is: 0.012518965769631492 (tracked)
Current loss is: 0.020423353604747323 (tracked)
Current loss is: 0.015616337293056701 (tracked)
Current loss is: 0.01571577269009061 (tracked)
Current loss is: 0.015916468796457396 (tracked)
Current loss is: 0.019540209448589793 (tracked)
Current loss is: 0.014684506160759305 (tracked)
Current loss is: 0.016145524781441472 (tracked)
Current loss is: 0.01844950297051353 (tracked)
Current loss is: 0.016259625874841418 (tracked)
Current loss is: 0.010110123016841341 (tracked)
Current loss is: 0.009909444380429447 (tracked)
Current loss is: 0.015553445496049029 (tracked)
Current loss is: 0.014984691391363407 (tracked)
Current loss is: 0.018744776694323652 (tracked)
Current loss is: 0.01353165819486615 (tracked)
Current loss is: 0.014332450382937194 (tracked)
Current loss is: 0.01527074024184699 (tracked)
Current loss is: 0.014625884035538383 (tracked)
Current loss is: 0.016087322558162996 (tracked)
Current loss is: 0.01808822626699459 (tracked)
Current loss is: 0.014021382775238294 (tracked)
Allen-Cahn equation
error_l2 = 0.01562588179032451

Current loss is: 9.883621347482684 (tracked)
Current loss is: 9.380064180754937 (tracked)
Current loss is: 5.3376573974978125 (tracked)
Current loss is: 5.4446053732692175 (tracked)
Current loss is: 5.567950853734378 (tracked)
