 Resolving package versions...
 Installed MirroredArrayViews ─ v1.0.0
  Updating `~/.julia/environments/v1.3/Project.toml`
  [b32b01fb] + MirroredArrayViews v1.0.0
  Updating `~/.julia/environments/v1.3/Manifest.toml`
  [b32b01fb] + MirroredArrayViews v1.0.0
  [2a0f44e3] + Base64 
  [8ba89e20] + Distributed 
  [b77e0a4c] + InteractiveUtils 
  [56ddb016] + Logging 
  [d6f4376e] + Markdown 
  [9a3f8284] + Random 
  [9e88b42a] + Serialization 
  [6462fe0b] + Sockets 
  [8dfed614] + Test 
   Testing MirroredArrayViews
 Resolving package versions...
    Status `/tmp/jl_HkqqtJ/Manifest.toml`
  [b32b01fb] MirroredArrayViews v1.0.0
  [2a0f44e3] Base64  [`@stdlib/Base64`]
  [8ba89e20] Distributed  [`@stdlib/Distributed`]
  [b77e0a4c] InteractiveUtils  [`@stdlib/InteractiveUtils`]
  [56ddb016] Logging  [`@stdlib/Logging`]
  [d6f4376e] Markdown  [`@stdlib/Markdown`]
  [9a3f8284] Random  [`@stdlib/Random`]
  [9e88b42a] Serialization  [`@stdlib/Serialization`]
  [6462fe0b] Sockets  [`@stdlib/Sockets`]
  [8dfed614] Test  [`@stdlib/Test`]
Test Summary: | Pass  Total
mirror_vector |    3      3
Test Summary: | Pass  Total
mirror_matrix |    9      9
A has size (1, 1, 1, 2, 3, 2, 4)
    Mirroring A along (1,)
      Testing mirror(A, ()) == mirror(mirror(A, (1,)), (1,))
    Mirroring A along (1, 3, 2)
      Testing mirror(A, (1, 3)) == mirror(mirror(A, (1, 3, 2)), (2,))
      Testing mirror(A, (1,)) == mirror(mirror(A, (1, 3, 2)), (3, 2))
      Testing mirror(A, ()) == mirror(mirror(A, (1, 3, 2)), (1, 3, 2))
    Mirroring A along (1, 2)
      Testing mirror(A, (1,)) == mirror(mirror(A, (1, 2)), (2,))
      Testing mirror(A, ()) == mirror(mirror(A, (1, 2)), (1, 2))
    Mirroring A along (2, 1, 3)
      Testing mirror(A, (2, 1)) == mirror(mirror(A, (2, 1, 3)), (3,))
      Testing mirror(A, (2,)) == mirror(mirror(A, (2, 1, 3)), (1, 3))
      Testing mirror(A, ()) == mirror(mirror(A, (2, 1, 3)), (2, 1, 3))
    Mirroring A along (2, 1, 3, 4)
      Testing mirror(A, (2, 1, 3)) == mirror(mirror(A, (2, 1, 3, 4)), (4,))
      Testing mirror(A, (2, 1)) == mirror(mirror(A, (2, 1, 3, 4)), (3, 4))
      Testing mirror(A, (2,)) == mirror(mirror(A, (2, 1, 3, 4)), (1, 3, 4))
      Testing mirror(A, ()) == mirror(mirror(A, (2, 1, 3, 4)), (2, 1, 3, 4))
A has size (1, 1, 2, 1)
    Mirroring A along (2, 1)
      Testing mirror(A, (2,)) == mirror(mirror(A, (2, 1)), (1,))
      Testing mirror(A, ()) == mirror(mirror(A, (2, 1)), (2, 1))
    Mirroring A along (1,)
      Testing mirror(A, ()) == mirror(mirror(A, (1,)), (1,))
    Mirroring A along (4, 2, 1, 3)
      Testing mirror(A, (4, 2, 1)) == mirror(mirror(A, (4, 2, 1, 3)), (3,))
      Testing mirror(A, (4, 2)) == mirror(mirror(A, (4, 2, 1, 3)), (1, 3))
      Testing mirror(A, (4,)) == mirror(mirror(A, (4, 2, 1, 3)), (2, 1, 3))
      Testing mirror(A, ()) == mirror(mirror(A, (4, 2, 1, 3)), (4, 2, 1, 3))
    Mirroring A along (3, 4, 1, 2)
      Testing mirror(A, (3, 4, 1)) == mirror(mirror(A, (3, 4, 1, 2)), (2,))
      Testing mirror(A, (3, 4)) == mirror(mirror(A, (3, 4, 1, 2)), (1, 2))
      Testing mirror(A, (3,)) == mirror(mirror(A, (3, 4, 1, 2)), (4, 1, 2))
      Testing mirror(A, ()) == mirror(mirror(A, (3, 4, 1, 2)), (3, 4, 1, 2))
    Mirroring A along (1,)
      Testing mirror(A, ()) == mirror(mirror(A, (1,)), (1,))
A has size (3, 5, 2, 2)
    Mirroring A along (1, 3, 2)
      Testing mirror(A, (1, 3)) == mirror(mirror(A, (1, 3, 2)), (2,))
      Testing mirror(A, (1,)) == mirror(mirror(A, (1, 3, 2)), (3, 2))
      Testing mirror(A, ()) == mirror(mirror(A, (1, 3, 2)), (1, 3, 2))
    Mirroring A along (2, 3, 1)
      Testing mirror(A, (2, 3)) == mirror(mirror(A, (2, 3, 1)), (1,))
      Testing mirror(A, (2,)) == mirror(mirror(A, (2, 3, 1)), (3, 1))
      Testing mirror(A, ()) == mirror(mirror(A, (2, 3, 1)), (2, 3, 1))
    Mirroring A along (1,)
      Testing mirror(A, ()) == mirror(mirror(A, (1,)), (1,))
    Mirroring A along (1, 3, 2)
      Testing mirror(A, (1, 3)) == mirror(mirror(A, (1, 3, 2)), (2,))
      Testing mirror(A, (1,)) == mirror(mirror(A, (1, 3, 2)), (3, 2))
      Testing mirror(A, ()) == mirror(mirror(A, (1, 3, 2)), (1, 3, 2))
    Mirroring A along (1,)
      Testing mirror(A, ()) == mirror(mirror(A, (1,)), (1,))
A has size (1, 4, 4, 5, 5, 2, 4, 1)
    Mirroring A along (4, 5, 1, 3, 2)
      Testing mirror(A, (4, 5, 1, 3)) == mirror(mirror(A, (4, 5, 1, 3, 2)), (2,))
      Testing mirror(A, (4, 5, 1)) == mirror(mirror(A, (4, 5, 1, 3, 2)), (3, 2))
      Testing mirror(A, (4, 5)) == mirror(mirror(A, (4, 5, 1, 3, 2)), (1, 3, 2))
      Testing mirror(A, (4,)) == mirror(mirror(A, (4, 5, 1, 3, 2)), (5, 1, 3, 2))
      Testing mirror(A, ()) == mirror(mirror(A, (4, 5, 1, 3, 2)), (4, 5, 1, 3, 2))
    Mirroring A along (2, 7, 6, 5, 1, 4, 3)
      Testing mirror(A, (2, 7, 6, 5, 1, 4)) == mirror(mirror(A, (2, 7, 6, 5, 1, 4, 3)), (3,))
      Testing mirror(A, (2, 7, 6, 5, 1)) == mirror(mirror(A, (2, 7, 6, 5, 1, 4, 3)), (4, 3))
      Testing mirror(A, (2, 7, 6, 5)) == mirror(mirror(A, (2, 7, 6, 5, 1, 4, 3)), (1, 4, 3))
      Testing mirror(A, (2, 7, 6)) == mirror(mirror(A, (2, 7, 6, 5, 1, 4, 3)), (5, 1, 4, 3))
      Testing mirror(A, (2, 7)) == mirror(mirror(A, (2, 7, 6, 5, 1, 4, 3)), (6, 5, 1, 4, 3))
      Testing mirror(A, (2,)) == mirror(mirror(A, (2, 7, 6, 5, 1, 4, 3)), (7, 6, 5, 1, 4, 3))
      Testing mirror(A, ()) == mirror(mirror(A, (2, 7, 6, 5, 1, 4, 3)), (2, 7, 6, 5, 1, 4, 3))
    Mirroring A along (5, 1, 3, 4, 2)
      Testing mirror(A, (5, 1, 3, 4)) == mirror(mirror(A, (5, 1, 3, 4, 2)), (2,))
      Testing mirror(A, (5, 1, 3)) == mirror(mirror(A, (5, 1, 3, 4, 2)), (4, 2))
      Testing mirror(A, (5, 1)) == mirror(mirror(A, (5, 1, 3, 4, 2)), (3, 4, 2))
      Testing mirror(A, (5,)) == mirror(mirror(A, (5, 1, 3, 4, 2)), (1, 3, 4, 2))
      Testing mirror(A, ()) == mirror(mirror(A, (5, 1, 3, 4, 2)), (5, 1, 3, 4, 2))
    Mirroring A along (6, 7, 1, 2, 3, 4, 5)
      Testing mirror(A, (6, 7, 1, 2, 3, 4)) == mirror(mirror(A, (6, 7, 1, 2, 3, 4, 5)), (5,))
      Testing mirror(A, (6, 7, 1, 2, 3)) == mirror(mirror(A, (6, 7, 1, 2, 3, 4, 5)), (4, 5))
      Testing mirror(A, (6, 7, 1, 2)) == mirror(mirror(A, (6, 7, 1, 2, 3, 4, 5)), (3, 4, 5))
      Testing mirror(A, (6, 7, 1)) == mirror(mirror(A, (6, 7, 1, 2, 3, 4, 5)), (2, 3, 4, 5))
      Testing mirror(A, (6, 7)) == mirror(mirror(A, (6, 7, 1, 2, 3, 4, 5)), (1, 2, 3, 4, 5))
      Testing mirror(A, (6,)) == mirror(mirror(A, (6, 7, 1, 2, 3, 4, 5)), (7, 1, 2, 3, 4, 5))
      Testing mirror(A, ()) == mirror(mirror(A, (6, 7, 1, 2, 3, 4, 5)), (6, 7, 1, 2, 3, 4, 5))
    Mirroring A along (3, 4, 1, 2)
      Testing mirror(A, (3, 4, 1)) == mirror(mirror(A, (3, 4, 1, 2)), (2,))
      Testing mirror(A, (3, 4)) == mirror(mirror(A, (3, 4, 1, 2)), (1, 2))
      Testing mirror(A, (3,)) == mirror(mirror(A, (3, 4, 1, 2)), (4, 1, 2))
      Testing mirror(A, ()) == mirror(mirror(A, (3, 4, 1, 2)), (3, 4, 1, 2))
A has size (5, 1, 2, 4, 3, 2, 2)
    Mirroring A along (5, 6, 2, 1, 3, 4)
      Testing mirror(A, (5, 6, 2, 1, 3)) == mirror(mirror(A, (5, 6, 2, 1, 3, 4)), (4,))
      Testing mirror(A, (5, 6, 2, 1)) == mirror(mirror(A, (5, 6, 2, 1, 3, 4)), (3, 4))
      Testing mirror(A, (5, 6, 2)) == mirror(mirror(A, (5, 6, 2, 1, 3, 4)), (1, 3, 4))
      Testing mirror(A, (5, 6)) == mirror(mirror(A, (5, 6, 2, 1, 3, 4)), (2, 1, 3, 4))
      Testing mirror(A, (5,)) == mirror(mirror(A, (5, 6, 2, 1, 3, 4)), (6, 2, 1, 3, 4))
      Testing mirror(A, ()) == mirror(mirror(A, (5, 6, 2, 1, 3, 4)), (5, 6, 2, 1, 3, 4))
    Mirroring A along (5, 4, 1, 3, 6, 2)
      Testing mirror(A, (5, 4, 1, 3, 6)) == mirror(mirror(A, (5, 4, 1, 3, 6, 2)), (2,))
      Testing mirror(A, (5, 4, 1, 3)) == mirror(mirror(A, (5, 4, 1, 3, 6, 2)), (6, 2))
      Testing mirror(A, (5, 4, 1)) == mirror(mirror(A, (5, 4, 1, 3, 6, 2)), (3, 6, 2))
      Testing mirror(A, (5, 4)) == mirror(mirror(A, (5, 4, 1, 3, 6, 2)), (1, 3, 6, 2))
      Testing mirror(A, (5,)) == mirror(mirror(A, (5, 4, 1, 3, 6, 2)), (4, 1, 3, 6, 2))
      Testing mirror(A, ()) == mirror(mirror(A, (5, 4, 1, 3, 6, 2)), (5, 4, 1, 3, 6, 2))
    Mirroring A along (3, 2, 1)
      Testing mirror(A, (3, 2)) == mirror(mirror(A, (3, 2, 1)), (1,))
      Testing mirror(A, (3,)) == mirror(mirror(A, (3, 2, 1)), (2, 1))
      Testing mirror(A, ()) == mirror(mirror(A, (3, 2, 1)), (3, 2, 1))
    Mirroring A along (1, 3, 2, 5, 6, 4)
      Testing mirror(A, (1, 3, 2, 5, 6)) == mirror(mirror(A, (1, 3, 2, 5, 6, 4)), (4,))
      Testing mirror(A, (1, 3, 2, 5)) == mirror(mirror(A, (1, 3, 2, 5, 6, 4)), (6, 4))
      Testing mirror(A, (1, 3, 2)) == mirror(mirror(A, (1, 3, 2, 5, 6, 4)), (5, 6, 4))
      Testing mirror(A, (1, 3)) == mirror(mirror(A, (1, 3, 2, 5, 6, 4)), (2, 5, 6, 4))
      Testing mirror(A, (1,)) == mirror(mirror(A, (1, 3, 2, 5, 6, 4)), (3, 2, 5, 6, 4))
      Testing mirror(A, ()) == mirror(mirror(A, (1, 3, 2, 5, 6, 4)), (1, 3, 2, 5, 6, 4))
    Mirroring A along (2, 1)
      Testing mirror(A, (2,)) == mirror(mirror(A, (2, 1)), (1,))
      Testing mirror(A, ()) == mirror(mirror(A, (2, 1)), (2, 1))
A has size (1, 4, 3, 5)
    Mirroring A along (2, 1)
      Testing mirror(A, (2,)) == mirror(mirror(A, (2, 1)), (1,))
      Testing mirror(A, ()) == mirror(mirror(A, (2, 1)), (2, 1))
    Mirroring A along (1,)
      Testing mirror(A, ()) == mirror(mirror(A, (1,)), (1,))
    Mirroring A along (1,)
      Testing mirror(A, ()) == mirror(mirror(A, (1,)), (1,))
    Mirroring A along (2, 1)
      Testing mirror(A, (2,)) == mirror(mirror(A, (2, 1)), (1,))
      Testing mirror(A, ()) == mirror(mirror(A, (2, 1)), (2, 1))
    Mirroring A along (2, 1)
      Testing mirror(A, (2,)) == mirror(mirror(A, (2, 1)), (1,))
      Testing mirror(A, ()) == mirror(mirror(A, (2, 1)), (2, 1))
A has size (3, 1, 2, 3, 2, 3, 4, 1)
    Mirroring A along (3, 2, 1)
      Testing mirror(A, (3, 2)) == mirror(mirror(A, (3, 2, 1)), (1,))
      Testing mirror(A, (3,)) == mirror(mirror(A, (3, 2, 1)), (2, 1))
      Testing mirror(A, ()) == mirror(mirror(A, (3, 2, 1)), (3, 2, 1))
    Mirroring A along (2, 6, 1, 3, 5, 4)
      Testing mirror(A, (2, 6, 1, 3, 5)) == mirror(mirror(A, (2, 6, 1, 3, 5, 4)), (4,))
      Testing mirror(A, (2, 6, 1, 3)) == mirror(mirror(A, (2, 6, 1, 3, 5, 4)), (5, 4))
      Testing mirror(A, (2, 6, 1)) == mirror(mirror(A, (2, 6, 1, 3, 5, 4)), (3, 5, 4))
      Testing mirror(A, (2, 6)) == mirror(mirror(A, (2, 6, 1, 3, 5, 4)), (1, 3, 5, 4))
      Testing mirror(A, (2,)) == mirror(mirror(A, (2, 6, 1, 3, 5, 4)), (6, 1, 3, 5, 4))
      Testing mirror(A, ()) == mirror(mirror(A, (2, 6, 1, 3, 5, 4)), (2, 6, 1, 3, 5, 4))
    Mirroring A along (1, 2)
      Testing mirror(A, (1,)) == mirror(mirror(A, (1, 2)), (2,))
      Testing mirror(A, ()) == mirror(mirror(A, (1, 2)), (1, 2))
    Mirroring A along (1, 3, 2)
      Testing mirror(A, (1, 3)) == mirror(mirror(A, (1, 3, 2)), (2,))
      Testing mirror(A, (1,)) == mirror(mirror(A, (1, 3, 2)), (3, 2))
      Testing mirror(A, ()) == mirror(mirror(A, (1, 3, 2)), (1, 3, 2))
    Mirroring A along (5, 2, 6, 7, 4, 3, 1)
      Testing mirror(A, (5, 2, 6, 7, 4, 3)) == mirror(mirror(A, (5, 2, 6, 7, 4, 3, 1)), (1,))
      Testing mirror(A, (5, 2, 6, 7, 4)) == mirror(mirror(A, (5, 2, 6, 7, 4, 3, 1)), (3, 1))
      Testing mirror(A, (5, 2, 6, 7)) == mirror(mirror(A, (5, 2, 6, 7, 4, 3, 1)), (4, 3, 1))
      Testing mirror(A, (5, 2, 6)) == mirror(mirror(A, (5, 2, 6, 7, 4, 3, 1)), (7, 4, 3, 1))
      Testing mirror(A, (5, 2)) == mirror(mirror(A, (5, 2, 6, 7, 4, 3, 1)), (6, 7, 4, 3, 1))
      Testing mirror(A, (5,)) == mirror(mirror(A, (5, 2, 6, 7, 4, 3, 1)), (2, 6, 7, 4, 3, 1))
      Testing mirror(A, ()) == mirror(mirror(A, (5, 2, 6, 7, 4, 3, 1)), (5, 2, 6, 7, 4, 3, 1))
A has size (1, 2, 3, 3, 1, 5, 3, 1, 5, 4)
    Mirroring A along (1, 6, 3, 4, 2, 8, 7, 5)
      Testing mirror(A, (1, 6, 3, 4, 2, 8, 7)) == mirror(mirror(A, (1, 6, 3, 4, 2, 8, 7, 5)), (5,))
      Testing mirror(A, (1, 6, 3, 4, 2, 8)) == mirror(mirror(A, (1, 6, 3, 4, 2, 8, 7, 5)), (7, 5))
      Testing mirror(A, (1, 6, 3, 4, 2)) == mirror(mirror(A, (1, 6, 3, 4, 2, 8, 7, 5)), (8, 7, 5))
      Testing mirror(A, (1, 6, 3, 4)) == mirror(mirror(A, (1, 6, 3, 4, 2, 8, 7, 5)), (2, 8, 7, 5))
      Testing mirror(A, (1, 6, 3)) == mirror(mirror(A, (1, 6, 3, 4, 2, 8, 7, 5)), (4, 2, 8, 7, 5))
      Testing mirror(A, (1, 6)) == mirror(mirror(A, (1, 6, 3, 4, 2, 8, 7, 5)), (3, 4, 2, 8, 7, 5))
      Testing mirror(A, (1,)) == mirror(mirror(A, (1, 6, 3, 4, 2, 8, 7, 5)), (6, 3, 4, 2, 8, 7, 5))
      Testing mirror(A, ()) == mirror(mirror(A, (1, 6, 3, 4, 2, 8, 7, 5)), (1, 6, 3, 4, 2, 8, 7, 5))
    Mirroring A along (3, 1, 2)
      Testing mirror(A, (3, 1)) == mirror(mirror(A, (3, 1, 2)), (2,))
      Testing mirror(A, (3,)) == mirror(mirror(A, (3, 1, 2)), (1, 2))
      Testing mirror(A, ()) == mirror(mirror(A, (3, 1, 2)), (3, 1, 2))
    Mirroring A along (6, 3, 1, 9, 7, 5, 2, 4, 8, 10)
      Testing mirror(A, (6, 3, 1, 9, 7, 5, 2, 4, 8)) == mirror(mirror(A, (6, 3, 1, 9, 7, 5, 2, 4, 8, 10)), (10,))
      Testing mirror(A, (6, 3, 1, 9, 7, 5, 2, 4)) == mirror(mirror(A, (6, 3, 1, 9, 7, 5, 2, 4, 8, 10)), (8, 10))
      Testing mirror(A, (6, 3, 1, 9, 7, 5, 2)) == mirror(mirror(A, (6, 3, 1, 9, 7, 5, 2, 4, 8, 10)), (4, 8, 10))
      Testing mirror(A, (6, 3, 1, 9, 7, 5)) == mirror(mirror(A, (6, 3, 1, 9, 7, 5, 2, 4, 8, 10)), (2, 4, 8, 10))
      Testing mirror(A, (6, 3, 1, 9, 7)) == mirror(mirror(A, (6, 3, 1, 9, 7, 5, 2, 4, 8, 10)), (5, 2, 4, 8, 10))
      Testing mirror(A, (6, 3, 1, 9)) == mirror(mirror(A, (6, 3, 1, 9, 7, 5, 2, 4, 8, 10)), (7, 5, 2, 4, 8, 10))
      Testing mirror(A, (6, 3, 1)) == mirror(mirror(A, (6, 3, 1, 9, 7, 5, 2, 4, 8, 10)), (9, 7, 5, 2, 4, 8, 10))
      Testing mirror(A, (6, 3)) == mirror(mirror(A, (6, 3, 1, 9, 7, 5, 2, 4, 8, 10)), (1, 9, 7, 5, 2, 4, 8, 10))
      Testing mirror(A, (6,)) == mirror(mirror(A, (6, 3, 1, 9, 7, 5, 2, 4, 8, 10)), (3, 1, 9, 7, 5, 2, 4, 8, 10))
      Testing mirror(A, ()) == mirror(mirror(A, (6, 3, 1, 9, 7, 5, 2, 4, 8, 10)), (6, 3, 1, 9, 7, 5, 2, 4, 8, 10))
    Mirroring A along (1, 2)
      Testing mirror(A, (1,)) == mirror(mirror(A, (1, 2)), (2,))
      Testing mirror(A, ()) == mirror(mirror(A, (1, 2)), (1, 2))
    Mirroring A along (2, 7, 3, 5, 6, 4, 1)
      Testing mirror(A, (2, 7, 3, 5, 6, 4)) == mirror(mirror(A, (2, 7, 3, 5, 6, 4, 1)), (1,))
      Testing mirror(A, (2, 7, 3, 5, 6)) == mirror(mirror(A, (2, 7, 3, 5, 6, 4, 1)), (4, 1))
      Testing mirror(A, (2, 7, 3, 5)) == mirror(mirror(A, (2, 7, 3, 5, 6, 4, 1)), (6, 4, 1))
      Testing mirror(A, (2, 7, 3)) == mirror(mirror(A, (2, 7, 3, 5, 6, 4, 1)), (5, 6, 4, 1))
      Testing mirror(A, (2, 7)) == mirror(mirror(A, (2, 7, 3, 5, 6, 4, 1)), (3, 5, 6, 4, 1))
      Testing mirror(A, (2,)) == mirror(mirror(A, (2, 7, 3, 5, 6, 4, 1)), (7, 3, 5, 6, 4, 1))
      Testing mirror(A, ()) == mirror(mirror(A, (2, 7, 3, 5, 6, 4, 1)), (2, 7, 3, 5, 6, 4, 1))
A has size (1, 5, 1)
    Mirroring A along (2, 1, 3)
      Testing mirror(A, (2, 1)) == mirror(mirror(A, (2, 1, 3)), (3,))
      Testing mirror(A, (2,)) == mirror(mirror(A, (2, 1, 3)), (1, 3))
      Testing mirror(A, ()) == mirror(mirror(A, (2, 1, 3)), (2, 1, 3))
    Mirroring A along (1,)
      Testing mirror(A, ()) == mirror(mirror(A, (1,)), (1,))
    Mirroring A along (1,)
      Testing mirror(A, ()) == mirror(mirror(A, (1,)), (1,))
    Mirroring A along (2, 1)
      Testing mirror(A, (2,)) == mirror(mirror(A, (2, 1)), (1,))
      Testing mirror(A, ()) == mirror(mirror(A, (2, 1)), (2, 1))
    Mirroring A along (2, 1, 3)
      Testing mirror(A, (2, 1)) == mirror(mirror(A, (2, 1, 3)), (3,))
      Testing mirror(A, (2,)) == mirror(mirror(A, (2, 1, 3)), (1, 3))
      Testing mirror(A, ()) == mirror(mirror(A, (2, 1, 3)), (2, 1, 3))
A has size (3, 1, 5, 5, 1, 3)
    Mirroring A along (2, 1)
      Testing mirror(A, (2,)) == mirror(mirror(A, (2, 1)), (1,))
      Testing mirror(A, ()) == mirror(mirror(A, (2, 1)), (2, 1))
    Mirroring A along (2, 3, 4, 1)
      Testing mirror(A, (2, 3, 4)) == mirror(mirror(A, (2, 3, 4, 1)), (1,))
      Testing mirror(A, (2, 3)) == mirror(mirror(A, (2, 3, 4, 1)), (4, 1))
      Testing mirror(A, (2,)) == mirror(mirror(A, (2, 3, 4, 1)), (3, 4, 1))
      Testing mirror(A, ()) == mirror(mirror(A, (2, 3, 4, 1)), (2, 3, 4, 1))
    Mirroring A along (2, 4, 3, 5, 1)
      Testing mirror(A, (2, 4, 3, 5)) == mirror(mirror(A, (2, 4, 3, 5, 1)), (1,))
      Testing mirror(A, (2, 4, 3)) == mirror(mirror(A, (2, 4, 3, 5, 1)), (5, 1))
      Testing mirror(A, (2, 4)) == mirror(mirror(A, (2, 4, 3, 5, 1)), (3, 5, 1))
      Testing mirror(A, (2,)) == mirror(mirror(A, (2, 4, 3, 5, 1)), (4, 3, 5, 1))
      Testing mirror(A, ()) == mirror(mirror(A, (2, 4, 3, 5, 1)), (2, 4, 3, 5, 1))
    Mirroring A along (4, 3, 6, 5, 1, 2)
      Testing mirror(A, (4, 3, 6, 5, 1)) == mirror(mirror(A, (4, 3, 6, 5, 1, 2)), (2,))
      Testing mirror(A, (4, 3, 6, 5)) == mirror(mirror(A, (4, 3, 6, 5, 1, 2)), (1, 2))
      Testing mirror(A, (4, 3, 6)) == mirror(mirror(A, (4, 3, 6, 5, 1, 2)), (5, 1, 2))
      Testing mirror(A, (4, 3)) == mirror(mirror(A, (4, 3, 6, 5, 1, 2)), (6, 5, 1, 2))
      Testing mirror(A, (4,)) == mirror(mirror(A, (4, 3, 6, 5, 1, 2)), (3, 6, 5, 1, 2))
      Testing mirror(A, ()) == mirror(mirror(A, (4, 3, 6, 5, 1, 2)), (4, 3, 6, 5, 1, 2))
    Mirroring A along (1, 3, 2)
      Testing mirror(A, (1, 3)) == mirror(mirror(A, (1, 3, 2)), (2,))
      Testing mirror(A, (1,)) == mirror(mirror(A, (1, 3, 2)), (3, 2))
      Testing mirror(A, ()) == mirror(mirror(A, (1, 3, 2)), (1, 3, 2))
Test Summary:         | Pass  Total
general array mirrors |  176    176
   Testing MirroredArrayViews tests passed 
