 Resolving package versions...
 Installed SimpleTraits ───────── v0.9.1
 Installed RecipesBase ────────── v0.7.0
 Installed Inflate ────────────── v0.1.1
 Installed OrderedCollections ─── v1.1.0
 Installed Omniscape ──────────── v0.1.2
 Installed MacroTools ─────────── v0.5.2
 Installed DataStructures ─────── v0.17.6
 Installed Circuitscape ───────── v5.5.5
 Installed Compat ─────────────── v2.2.0
 Installed SimpleWeightedGraphs ─ v1.1.0
 Installed ArnoldiMethod ──────── v0.0.4
 Installed StaticArrays ───────── v0.12.1
 Installed IterativeSolvers ───── v0.8.1
 Installed GZip ───────────────── v0.5.1
 Installed AlgebraicMultigrid ─── v0.2.2
 Installed LightGraphs ────────── v1.3.0
  Updating `~/.julia/environments/v1.3/Project.toml`
  [a38d70fc] + Omniscape v0.1.2
  Updating `~/.julia/environments/v1.3/Manifest.toml`
  [2169fc97] + AlgebraicMultigrid v0.2.2
  [ec485272] + ArnoldiMethod v0.0.4
  [2b7a1792] + Circuitscape v5.5.5
  [34da2185] + Compat v2.2.0
  [864edb3b] + DataStructures v0.17.6
  [92fee26a] + GZip v0.5.1
  [d25df0c9] + Inflate v0.1.1
  [42fd0dbc] + IterativeSolvers v0.8.1
  [093fc24a] + LightGraphs v1.3.0
  [1914dd2f] + MacroTools v0.5.2
  [a38d70fc] + Omniscape v0.1.2
  [bac558e1] + OrderedCollections v1.1.0
  [3cdcf5f2] + RecipesBase v0.7.0
  [699a6c99] + SimpleTraits v0.9.1
  [47aef6b3] + SimpleWeightedGraphs v1.1.0
  [90137ffa] + StaticArrays v0.12.1
  [2a0f44e3] + Base64 
  [ade2ca70] + Dates 
  [8bb1440f] + DelimitedFiles 
  [8ba89e20] + Distributed 
  [b77e0a4c] + InteractiveUtils 
  [76f85450] + LibGit2 
  [8f399da3] + Libdl 
  [37e2e46d] + LinearAlgebra 
  [56ddb016] + Logging 
  [d6f4376e] + Markdown 
  [a63ad114] + Mmap 
  [44cfe95a] + Pkg 
  [de0858da] + Printf 
  [3fa0cd96] + REPL 
  [9a3f8284] + Random 
  [ea8e919c] + SHA 
  [9e88b42a] + Serialization 
  [1a1011a3] + SharedArrays 
  [6462fe0b] + Sockets 
  [2f01184e] + SparseArrays 
  [10745b16] + Statistics 
  [8dfed614] + Test 
  [cf7118a7] + UUIDs 
  [4ec0a83e] + Unicode 
   Testing Omniscape
    Status `/tmp/jl_EWfsyV/Manifest.toml`
  [2169fc97] AlgebraicMultigrid v0.2.2
  [ec485272] ArnoldiMethod v0.0.4
  [2b7a1792] Circuitscape v5.5.5
  [34da2185] Compat v2.2.0
  [864edb3b] DataStructures v0.17.6
  [92fee26a] GZip v0.5.1
  [d25df0c9] Inflate v0.1.1
  [42fd0dbc] IterativeSolvers v0.8.1
  [093fc24a] LightGraphs v1.3.0
  [1914dd2f] MacroTools v0.5.2
  [a38d70fc] Omniscape v0.1.2
  [bac558e1] OrderedCollections v1.1.0
  [3cdcf5f2] RecipesBase v0.7.0
  [699a6c99] SimpleTraits v0.9.1
  [47aef6b3] SimpleWeightedGraphs v1.1.0
  [90137ffa] StaticArrays v0.12.1
  [2a0f44e3] Base64  [`@stdlib/Base64`]
  [ade2ca70] Dates  [`@stdlib/Dates`]
  [8bb1440f] DelimitedFiles  [`@stdlib/DelimitedFiles`]
  [8ba89e20] Distributed  [`@stdlib/Distributed`]
  [b77e0a4c] InteractiveUtils  [`@stdlib/InteractiveUtils`]
  [76f85450] LibGit2  [`@stdlib/LibGit2`]
  [8f399da3] Libdl  [`@stdlib/Libdl`]
  [37e2e46d] LinearAlgebra  [`@stdlib/LinearAlgebra`]
  [56ddb016] Logging  [`@stdlib/Logging`]
  [d6f4376e] Markdown  [`@stdlib/Markdown`]
  [a63ad114] Mmap  [`@stdlib/Mmap`]
  [44cfe95a] Pkg  [`@stdlib/Pkg`]
  [de0858da] Printf  [`@stdlib/Printf`]
  [3fa0cd96] REPL  [`@stdlib/REPL`]
  [9a3f8284] Random  [`@stdlib/Random`]
  [ea8e919c] SHA  [`@stdlib/SHA`]
  [9e88b42a] Serialization  [`@stdlib/Serialization`]
  [1a1011a3] SharedArrays  [`@stdlib/SharedArrays`]
  [6462fe0b] Sockets  [`@stdlib/Sockets`]
  [2f01184e] SparseArrays  [`@stdlib/SparseArrays`]
  [10745b16] Statistics  [`@stdlib/Statistics`]
  [8dfed614] Test  [`@stdlib/Test`]
  [cf7118a7] UUIDs  [`@stdlib/UUIDs`]
  [4ec0a83e] Unicode  [`@stdlib/Unicode`]
[ Info: 2019-12-02 18:13:50 : Time taken to construct preconditioner = 2.913766747 seconds
[ Info: 2019-12-02 18:13:51 : Time taken to solve linear system = 0.010590127 seconds
[ Info: 2019-12-02 18:13:51 : Time taken to construct preconditioner = 0.000447962 seconds
[ Info: 2019-12-02 18:13:51 : Time taken to solve linear system = 0.000352516 seconds
time taken to calculate artifact correction array: 4.129788160324097 seconds
Solving targets
Solving target 1 of 100
[ Info: 2019-12-02 18:13:51 : Time taken to construct preconditioner = 0.000457761 seconds
[ Info: 2019-12-02 18:13:51 : Time taken to solve linear system = 0.000186643 seconds
Solving target 2 of 100
[ Info: 2019-12-02 18:13:51 : Time taken to construct preconditioner = 0.000289941 seconds
[ Info: 2019-12-02 18:13:51 : Time taken to solve linear system = 0.000203943 seconds
Solving target 3 of 100
[ Info: 2019-12-02 18:13:51 : Time taken to construct preconditioner = 0.00030795 seconds
[ Info: 2019-12-02 18:13:51 : Time taken to solve linear system = 0.000197245 seconds
Solving target 4 of 100
[ Info: 2019-12-02 18:13:51 : Time taken to construct preconditioner = 0.000297898 seconds
[ Info: 2019-12-02 18:13:51 : Time taken to solve linear system = 0.000222145 seconds
Solving target 5 of 100
[ Info: 2019-12-02 18:13:51 : Time taken to construct preconditioner = 0.000300503 seconds
[ Info: 2019-12-02 18:13:51 : Time taken to solve linear system = 0.000223331 seconds
Solving target 6 of 100
[ Info: 2019-12-02 18:13:51 : Time taken to construct preconditioner = 0.000291611 seconds
[ Info: 2019-12-02 18:13:51 : Time taken to solve linear system = 0.000223318 seconds
Solving target 7 of 100
[ Info: 2019-12-02 18:13:51 : Time taken to construct preconditioner = 0.000300995 seconds
[ Info: 2019-12-02 18:13:51 : Time taken to solve linear system = 0.000252691 seconds
Solving target 8 of 100
[ Info: 2019-12-02 18:13:51 : Time taken to construct preconditioner = 0.000313343 seconds
[ Info: 2019-12-02 18:13:51 : Time taken to solve linear system = 0.000255123 seconds
Solving target 9 of 100
[ Info: 2019-12-02 18:13:51 : Time taken to construct preconditioner = 0.000270878 seconds
[ Info: 2019-12-02 18:13:51 : Time taken to solve linear system = 0.000182105 seconds
Solving target 10 of 100
[ Info: 2019-12-02 18:13:51 : Time taken to construct preconditioner = 0.000301712 seconds
[ Info: 2019-12-02 18:13:51 : Time taken to solve linear system = 0.000129585 seconds
Solving target 11 of 100
[ Info: 2019-12-02 18:13:51 : Time taken to construct preconditioner = 0.000279808 seconds
[ Info: 2019-12-02 18:13:51 : Time taken to solve linear system = 0.000193446 seconds
Solving target 12 of 100
[ Info: 2019-12-02 18:13:51 : Time taken to construct preconditioner = 0.000370999 seconds
[ Info: 2019-12-02 18:13:51 : Time taken to solve linear system = 0.00022595 seconds
Solving target 13 of 100
[ Info: 2019-12-02 18:13:51 : Time taken to construct preconditioner = 0.000413211 seconds
[ Info: 2019-12-02 18:13:51 : Time taken to solve linear system = 0.000274615 seconds
Solving target 14 of 100
[ Info: 2019-12-02 18:13:51 : Time taken to construct preconditioner = 0.000403017 seconds
[ Info: 2019-12-02 18:13:51 : Time taken to solve linear system = 0.000321093 seconds
Solving target 15 of 100
[ Info: 2019-12-02 18:13:51 : Time taken to construct preconditioner = 0.000427439 seconds
[ Info: 2019-12-02 18:13:51 : Time taken to solve linear system = 0.000336115 seconds
Solving target 16 of 100
[ Info: 2019-12-02 18:13:51 : Time taken to construct preconditioner = 0.000410252 seconds
[ Info: 2019-12-02 18:13:51 : Time taken to solve linear system = 0.000339208 seconds
Solving target 17 of 100
[ Info: 2019-12-02 18:13:51 : Time taken to construct preconditioner = 0.00041367 seconds
[ Info: 2019-12-02 18:13:51 : Time taken to solve linear system = 0.000380558 seconds
Solving target 18 of 100
[ Info: 2019-12-02 18:13:51 : Time taken to construct preconditioner = 0.000423283 seconds
[ Info: 2019-12-02 18:13:51 : Time taken to solve linear system = 0.000383836 seconds
Solving target 19 of 100
[ Info: 2019-12-02 18:13:51 : Time taken to construct preconditioner = 0.000378674 seconds
[ Info: 2019-12-02 18:13:51 : Time taken to solve linear system = 0.000312257 seconds
Solving target 20 of 100
[ Info: 2019-12-02 18:13:51 : Time taken to construct preconditioner = 0.000318119 seconds
[ Info: 2019-12-02 18:13:51 : Time taken to solve linear system = 0.000223072 seconds
Solving target 21 of 100
[ Info: 2019-12-02 18:13:51 : Time taken to construct preconditioner = 0.000343451 seconds
[ Info: 2019-12-02 18:13:51 : Time taken to solve linear system = 0.000223019 seconds
Solving target 22 of 100
[ Info: 2019-12-02 18:13:51 : Time taken to construct preconditioner = 0.000453046 seconds
[ Info: 2019-12-02 18:13:51 : Time taken to solve linear system = 0.00029355 seconds
Solving target 23 of 100
[ Info: 2019-12-02 18:13:51 : Time taken to construct preconditioner = 0.00045683 seconds
[ Info: 2019-12-02 18:13:51 : Time taken to solve linear system = 0.00040374 seconds
Solving target 24 of 100
[ Info: 2019-12-02 18:13:51 : Time taken to construct preconditioner = 0.000445298 seconds
[ Info: 2019-12-02 18:13:51 : Time taken to solve linear system = 0.000410015 seconds
Solving target 25 of 100
[ Info: 2019-12-02 18:13:51 : Time taken to construct preconditioner = 0.000469887 seconds
[ Info: 2019-12-02 18:13:51 : Time taken to solve linear system = 0.00045957 seconds
Solving target 26 of 100
[ Info: 2019-12-02 18:13:51 : Time taken to construct preconditioner = 0.00045678 seconds
[ Info: 2019-12-02 18:13:51 : Time taken to solve linear system = 0.000462002 seconds
Solving target 27 of 100
[ Info: 2019-12-02 18:13:51 : Time taken to construct preconditioner = 0.000459904 seconds
[ Info: 2019-12-02 18:13:51 : Time taken to solve linear system = 0.000524328 seconds
Solving target 28 of 100
[ Info: 2019-12-02 18:13:51 : Time taken to construct preconditioner = 0.000447804 seconds
[ Info: 2019-12-02 18:13:51 : Time taken to solve linear system = 0.000445533 seconds
Solving target 29 of 100
[ Info: 2019-12-02 18:13:51 : Time taken to construct preconditioner = 0.000432711 seconds
[ Info: 2019-12-02 18:13:51 : Time taken to solve linear system = 0.000506056 seconds
Solving target 30 of 100
[ Info: 2019-12-02 18:13:51 : Time taken to construct preconditioner = 0.000328597 seconds
[ Info: 2019-12-02 18:13:51 : Time taken to solve linear system = 0.000321555 seconds
Solving target 31 of 100
[ Info: 2019-12-02 18:13:51 : Time taken to construct preconditioner = 0.000313736 seconds
[ Info: 2019-12-02 18:13:51 : Time taken to solve linear system = 0.000232498 seconds
Solving target 32 of 100
[ Info: 2019-12-02 18:13:51 : Time taken to construct preconditioner = 0.0004243 seconds
[ Info: 2019-12-02 18:13:51 : Time taken to solve linear system = 0.000409306 seconds
Solving target 33 of 100
[ Info: 2019-12-02 18:13:51 : Time taken to construct preconditioner = 0.000436804 seconds
[ Info: 2019-12-02 18:13:51 : Time taken to solve linear system = 0.000408529 seconds
Solving target 34 of 100
[ Info: 2019-12-02 18:13:51 : Time taken to construct preconditioner = 0.000435357 seconds
[ Info: 2019-12-02 18:13:51 : Time taken to solve linear system = 0.000451725 seconds
Solving target 35 of 100
[ Info: 2019-12-02 18:13:51 : Time taken to construct preconditioner = 0.00043095 seconds
[ Info: 2019-12-02 18:13:51 : Time taken to solve linear system = 0.000430013 seconds
Solving target 36 of 100
[ Info: 2019-12-02 18:13:51 : Time taken to construct preconditioner = 0.000436985 seconds
[ Info: 2019-12-02 18:13:51 : Time taken to solve linear system = 0.000420022 seconds
Solving target 37 of 100
[ Info: 2019-12-02 18:13:51 : Time taken to construct preconditioner = 0.000458204 seconds
[ Info: 2019-12-02 18:13:51 : Time taken to solve linear system = 0.000405708 seconds
Solving target 38 of 100
[ Info: 2019-12-02 18:13:51 : Time taken to construct preconditioner = 0.000432041 seconds
[ Info: 2019-12-02 18:13:51 : Time taken to solve linear system = 0.000478451 seconds
Solving target 39 of 100
[ Info: 2019-12-02 18:13:51 : Time taken to construct preconditioner = 0.000401501 seconds
[ Info: 2019-12-02 18:13:51 : Time taken to solve linear system = 0.000421961 seconds
Solving target 40 of 100
[ Info: 2019-12-02 18:13:51 : Time taken to construct preconditioner = 0.000318552 seconds
[ Info: 2019-12-02 18:13:51 : Time taken to solve linear system = 0.000306008 seconds
Solving target 41 of 100
[ Info: 2019-12-02 18:13:51 : Time taken to construct preconditioner = 0.000331251 seconds
[ Info: 2019-12-02 18:13:51 : Time taken to solve linear system = 0.000258003 seconds
Solving target 42 of 100
[ Info: 2019-12-02 18:13:51 : Time taken to construct preconditioner = 0.000454893 seconds
[ Info: 2019-12-02 18:13:51 : Time taken to solve linear system = 0.000311594 seconds
Solving target 43 of 100
[ Info: 2019-12-02 18:13:51 : Time taken to construct preconditioner = 0.000456279 seconds
[ Info: 2019-12-02 18:13:51 : Time taken to solve linear system = 0.000348259 seconds
Solving target 44 of 100
[ Info: 2019-12-02 18:13:51 : Time taken to construct preconditioner = 0.000449243 seconds
[ Info: 2019-12-02 18:13:51 : Time taken to solve linear system = 0.00035703 seconds
Solving target 45 of 100
[ Info: 2019-12-02 18:13:51 : Time taken to construct preconditioner = 0.000465044 seconds
[ Info: 2019-12-02 18:13:51 : Time taken to solve linear system = 0.000405811 seconds
Solving target 46 of 100
[ Info: 2019-12-02 18:13:51 : Time taken to construct preconditioner = 0.000488635 seconds
[ Info: 2019-12-02 18:13:51 : Time taken to solve linear system = 0.000346546 seconds
Solving target 47 of 100
[ Info: 2019-12-02 18:13:51 : Time taken to construct preconditioner = 0.000485484 seconds
[ Info: 2019-12-02 18:13:51 : Time taken to solve linear system = 0.000509581 seconds
Solving target 48 of 100
[ Info: 2019-12-02 18:13:51 : Time taken to construct preconditioner = 0.000471576 seconds
[ Info: 2019-12-02 18:13:51 : Time taken to solve linear system = 0.00046164 seconds
Solving target 49 of 100
[ Info: 2019-12-02 18:13:51 : Time taken to construct preconditioner = 0.000440929 seconds
[ Info: 2019-12-02 18:13:51 : Time taken to solve linear system = 0.00040963 seconds
Solving target 50 of 100
[ Info: 2019-12-02 18:13:51 : Time taken to construct preconditioner = 0.000327877 seconds
[ Info: 2019-12-02 18:13:51 : Time taken to solve linear system = 0.000314283 seconds
Solving target 51 of 100
[ Info: 2019-12-02 18:13:51 : Time taken to construct preconditioner = 0.000301829 seconds
[ Info: 2019-12-02 18:13:51 : Time taken to solve linear system = 0.000260944 seconds
Solving target 52 of 100
[ Info: 2019-12-02 18:13:51 : Time taken to construct preconditioner = 0.000445919 seconds
[ Info: 2019-12-02 18:13:51 : Time taken to solve linear system = 0.00034353 seconds
Solving target 53 of 100
[ Info: 2019-12-02 18:13:51 : Time taken to construct preconditioner = 0.00047108 seconds
[ Info: 2019-12-02 18:13:51 : Time taken to solve linear system = 0.000458171 seconds
Solving target 54 of 100
[ Info: 2019-12-02 18:13:51 : Time taken to construct preconditioner = 0.000480326 seconds
[ Info: 2019-12-02 18:13:51 : Time taken to solve linear system = 0.000420488 seconds
Solving target 55 of 100
[ Info: 2019-12-02 18:13:51 : Time taken to construct preconditioner = 0.000419242 seconds
[ Info: 2019-12-02 18:13:51 : Time taken to solve linear system = 0.00051406 seconds
Solving target 56 of 100
[ Info: 2019-12-02 18:13:51 : Time taken to construct preconditioner = 0.000434061 seconds
[ Info: 2019-12-02 18:13:51 : Time taken to solve linear system = 0.000529305 seconds
Solving target 57 of 100
[ Info: 2019-12-02 18:13:51 : Time taken to construct preconditioner = 0.000449327 seconds
[ Info: 2019-12-02 18:13:51 : Time taken to solve linear system = 0.000559179 seconds
Solving target 58 of 100
[ Info: 2019-12-02 18:13:51 : Time taken to construct preconditioner = 0.000426833 seconds
[ Info: 2019-12-02 18:13:51 : Time taken to solve linear system = 0.000423925 seconds
Solving target 59 of 100
[ Info: 2019-12-02 18:13:51 : Time taken to construct preconditioner = 0.00036824 seconds
[ Info: 2019-12-02 18:13:51 : Time taken to solve linear system = 0.000339016 seconds
Solving target 60 of 100
[ Info: 2019-12-02 18:13:51 : Time taken to construct preconditioner = 0.000318409 seconds
[ Info: 2019-12-02 18:13:51 : Time taken to solve linear system = 0.00028575 seconds
Solving target 61 of 100
[ Info: 2019-12-02 18:13:51 : Time taken to construct preconditioner = 0.000305911 seconds
[ Info: 2019-12-02 18:13:51 : Time taken to solve linear system = 0.000239355 seconds
Solving target 62 of 100
[ Info: 2019-12-02 18:13:51 : Time taken to construct preconditioner = 0.000426469 seconds
[ Info: 2019-12-02 18:13:51 : Time taken to solve linear system = 0.000344877 seconds
Solving target 63 of 100
[ Info: 2019-12-02 18:13:51 : Time taken to construct preconditioner = 0.000419912 seconds
[ Info: 2019-12-02 18:13:51 : Time taken to solve linear system = 0.00040435 seconds
Solving target 64 of 100
[ Info: 2019-12-02 18:13:51 : Time taken to construct preconditioner = 0.000428845 seconds
[ Info: 2019-12-02 18:13:51 : Time taken to solve linear system = 0.00044669 seconds
Solving target 65 of 100
[ Info: 2019-12-02 18:13:51 : Time taken to construct preconditioner = 0.00044875 seconds
[ Info: 2019-12-02 18:13:51 : Time taken to solve linear system = 0.000446857 seconds
Solving target 66 of 100
[ Info: 2019-12-02 18:13:51 : Time taken to construct preconditioner = 0.000433585 seconds
[ Info: 2019-12-02 18:13:51 : Time taken to solve linear system = 0.000500402 seconds
Solving target 67 of 100
[ Info: 2019-12-02 18:13:51 : Time taken to construct preconditioner = 0.000441293 seconds
[ Info: 2019-12-02 18:13:51 : Time taken to solve linear system = 0.000383033 seconds
Solving target 68 of 100
[ Info: 2019-12-02 18:13:51 : Time taken to construct preconditioner = 0.000460706 seconds
[ Info: 2019-12-02 18:13:51 : Time taken to solve linear system = 0.000542281 seconds
Solving target 69 of 100
[ Info: 2019-12-02 18:13:51 : Time taken to construct preconditioner = 0.00040619 seconds
[ Info: 2019-12-02 18:13:51 : Time taken to solve linear system = 0.000383602 seconds
Solving target 70 of 100
[ Info: 2019-12-02 18:13:51 : Time taken to construct preconditioner = 0.000298956 seconds
[ Info: 2019-12-02 18:13:51 : Time taken to solve linear system = 0.000271411 seconds
Solving target 71 of 100
[ Info: 2019-12-02 18:13:51 : Time taken to construct preconditioner = 0.000303165 seconds
[ Info: 2019-12-02 18:13:51 : Time taken to solve linear system = 0.000237696 seconds
Solving target 72 of 100
[ Info: 2019-12-02 18:13:51 : Time taken to construct preconditioner = 0.000394023 seconds
[ Info: 2019-12-02 18:13:51 : Time taken to solve linear system = 0.000359932 seconds
Solving target 73 of 100
[ Info: 2019-12-02 18:13:51 : Time taken to construct preconditioner = 0.000432918 seconds
[ Info: 2019-12-02 18:13:51 : Time taken to solve linear system = 0.000453719 seconds
Solving target 74 of 100
[ Info: 2019-12-02 18:13:51 : Time taken to construct preconditioner = 0.000426219 seconds
[ Info: 2019-12-02 18:13:51 : Time taken to solve linear system = 0.000479135 seconds
Solving target 75 of 100
[ Info: 2019-12-02 18:13:51 : Time taken to construct preconditioner = 0.000425158 seconds
[ Info: 2019-12-02 18:13:51 : Time taken to solve linear system = 0.000488747 seconds
Solving target 76 of 100
[ Info: 2019-12-02 18:13:51 : Time taken to construct preconditioner = 0.000419171 seconds
[ Info: 2019-12-02 18:13:51 : Time taken to solve linear system = 0.000524937 seconds
Solving target 77 of 100
[ Info: 2019-12-02 18:13:51 : Time taken to construct preconditioner = 0.000412525 seconds
[ Info: 2019-12-02 18:13:51 : Time taken to solve linear system = 0.000413231 seconds
Solving target 78 of 100
[ Info: 2019-12-02 18:13:51 : Time taken to construct preconditioner = 0.000421102 seconds
[ Info: 2019-12-02 18:13:51 : Time taken to solve linear system = 0.000387023 seconds
Solving target 79 of 100
[ Info: 2019-12-02 18:13:51 : Time taken to construct preconditioner = 0.000377115 seconds
[ Info: 2019-12-02 18:13:51 : Time taken to solve linear system = 0.000301792 seconds
Solving target 80 of 100
[ Info: 2019-12-02 18:13:51 : Time taken to construct preconditioner = 0.000301829 seconds
[ Info: 2019-12-02 18:13:51 : Time taken to solve linear system = 0.000268522 seconds
Solving target 81 of 100
[ Info: 2019-12-02 18:13:51 : Time taken to construct preconditioner = 0.000276585 seconds
[ Info: 2019-12-02 18:13:51 : Time taken to solve linear system = 0.000246066 seconds
Solving target 82 of 100
[ Info: 2019-12-02 18:13:51 : Time taken to construct preconditioner = 0.000332845 seconds
[ Info: 2019-12-02 18:13:51 : Time taken to solve linear system = 0.000340356 seconds
Solving target 83 of 100
[ Info: 2019-12-02 18:13:51 : Time taken to construct preconditioner = 0.000369355 seconds
[ Info: 2019-12-02 18:13:51 : Time taken to solve linear system = 0.00038109 seconds
Solving target 84 of 100
[ Info: 2019-12-02 18:13:51 : Time taken to construct preconditioner = 0.000372396 seconds
[ Info: 2019-12-02 18:13:51 : Time taken to solve linear system = 0.000376544 seconds
Solving target 85 of 100
[ Info: 2019-12-02 18:13:51 : Time taken to construct preconditioner = 0.000377722 seconds
[ Info: 2019-12-02 18:13:51 : Time taken to solve linear system = 0.000432516 seconds
Solving target 86 of 100
[ Info: 2019-12-02 18:13:51 : Time taken to construct preconditioner = 0.00037897 seconds
[ Info: 2019-12-02 18:13:51 : Time taken to solve linear system = 0.000468929 seconds
Solving target 87 of 100
[ Info: 2019-12-02 18:13:51 : Time taken to construct preconditioner = 0.000367784 seconds
[ Info: 2019-12-02 18:13:51 : Time taken to solve linear system = 0.000445756 seconds
Solving target 88 of 100
[ Info: 2019-12-02 18:13:51 : Time taken to construct preconditioner = 0.000376482 seconds
[ Info: 2019-12-02 18:13:51 : Time taken to solve linear system = 0.000375873 seconds
Solving target 89 of 100
[ Info: 2019-12-02 18:13:51 : Time taken to construct preconditioner = 0.000259556 seconds
[ Info: 2019-12-02 18:13:51 : Time taken to solve linear system = 0.000350114 seconds
Solving target 90 of 100
[ Info: 2019-12-02 18:13:51 : Time taken to construct preconditioner = 0.000379333 seconds
[ Info: 2019-12-02 18:13:51 : Time taken to solve linear system = 0.000291036 seconds
Solving target 91 of 100
[ Info: 2019-12-02 18:13:51 : Time taken to construct preconditioner = 0.000370792 seconds
[ Info: 2019-12-02 18:13:51 : Time taken to solve linear system = 0.00016237 seconds
Solving target 92 of 100
[ Info: 2019-12-02 18:13:51 : Time taken to construct preconditioner = 0.000177973 seconds
[ Info: 2019-12-02 18:13:51 : Time taken to solve linear system = 0.000182452 seconds
Solving target 93 of 100
[ Info: 2019-12-02 18:13:51 : Time taken to construct preconditioner = 0.000225178 seconds
[ Info: 2019-12-02 18:13:51 : Time taken to solve linear system = 0.000236523 seconds
Solving target 94 of 100
[ Info: 2019-12-02 18:13:51 : Time taken to construct preconditioner = 0.000239111 seconds
[ Info: 2019-12-02 18:13:51 : Time taken to solve linear system = 0.000234234 seconds
Solving target 95 of 100
[ Info: 2019-12-02 18:13:51 : Time taken to construct preconditioner = 0.000218556 seconds
[ Info: 2019-12-02 18:13:51 : Time taken to solve linear system = 0.000298393 seconds
Solving target 96 of 100
[ Info: 2019-12-02 18:13:51 : Time taken to construct preconditioner = 0.000218113 seconds
[ Info: 2019-12-02 18:13:51 : Time taken to solve linear system = 0.00020303 seconds
Solving target 97 of 100
[ Info: 2019-12-02 18:13:51 : Time taken to construct preconditioner = 0.000209411 seconds
[ Info: 2019-12-02 18:13:51 : Time taken to solve linear system = 0.000211586 seconds
Solving target 98 of 100
[ Info: 2019-12-02 18:13:51 : Time taken to construct preconditioner = 0.000223382 seconds
[ Info: 2019-12-02 18:13:51 : Time taken to solve linear system = 0.000196584 seconds
Solving target 99 of 100
[ Info: 2019-12-02 18:13:51 : Time taken to construct preconditioner = 0.000193219 seconds
[ Info: 2019-12-02 18:13:51 : Time taken to solve linear system = 0.000176676 seconds
Solving target 100 of 100
[ Info: 2019-12-02 18:13:51 : Time taken to construct preconditioner = 0.000353239 seconds
[ Info: 2019-12-02 18:13:51 : Time taken to solve linear system = 0.000195111 seconds
Done
Time taken to complete job: 6.4 seconds
┌ Warning: block_size is even, but must be odd. Using block_size + 1.
└ @ Omniscape ~/.julia/packages/Omniscape/8T6Cm/src/run_omniscape.jl:23
Starting up Omniscape to use 4 processes in parallel
[ Info: 2019-12-02 18:14:09 : Time taken to construct preconditioner = 0.000570946 seconds
[ Info: 2019-12-02 18:14:09 : Time taken to solve linear system = 0.00031483 seconds
[ Info: 2019-12-02 18:14:09 : Time taken to construct preconditioner = 0.000507968 seconds
[ Info: 2019-12-02 18:14:09 : Time taken to solve linear system = 0.000398119 seconds
time taken to calculate artifact correction array: 0.006001949310302734 seconds
Solving targets
      From worker 4:	Solving target 4 of 100
      From worker 3:	Solving target 3 of 100
[ Info: 2019-12-02 18:14:51 : Time taken to construct preconditioner = 3.755698005 seconds
      From worker 4:	    calculating flow potential
[ Info: 2019-12-02 18:14:51 : Time taken to solve linear system = 0.010534411 seconds
[ Info: 2019-12-02 18:14:51 : Time taken to construct preconditioner = 0.00041617 seconds
[ Info: 2019-12-02 18:14:51 : Time taken to solve linear system = 0.000305592 seconds
[ Info: 2019-12-02 18:14:51 : Time taken to construct preconditioner = 3.917018963 seconds
[ Info: 2019-12-02 18:14:52 : Time taken to solve linear system = 0.010693545 seconds
[ Info: 2019-12-02 18:14:52 : Time taken to construct preconditioner = 0.000447637 seconds
[ Info: 2019-12-02 18:14:52 : Time taken to solve linear system = 0.000302717 seconds
      From worker 3:	    calculating flow potential
      From worker 5:	Solving target 2 of 100
[ Info: 2019-12-02 18:14:52 : Time taken to construct preconditioner = 0.000325143 seconds
[ Info: 2019-12-02 18:14:52 : Time taken to solve linear system = 0.000225999 seconds
[ Info: 2019-12-02 18:14:52 : Time taken to construct preconditioner = 0.000372814 seconds
[ Info: 2019-12-02 18:14:52 : Time taken to solve linear system = 0.000273134 seconds
      From worker 4:	Solving target 5 of 100
      From worker 4:	    calculating flow potential
[ Info: 2019-12-02 18:14:52 : Time taken to construct preconditioner = 0.00035338 seconds
[ Info: 2019-12-02 18:14:52 : Time taken to solve linear system = 0.000241932 seconds
[ Info: 2019-12-02 18:14:52 : Time taken to construct preconditioner = 0.008533911 seconds
[ Info: 2019-12-02 18:14:52 : Time taken to solve linear system = 0.000299709 seconds
      From worker 4:	Solving target 6 of 100
      From worker 4:	    calculating flow potential
[ Info: 2019-12-02 18:14:52 : Time taken to construct preconditioner = 0.000350867 seconds
[ Info: 2019-12-02 18:14:52 : Time taken to solve linear system = 0.000289833 seconds
[ Info: 2019-12-02 18:14:52 : Time taken to construct preconditioner = 0.000438352 seconds
[ Info: 2019-12-02 18:14:52 : Time taken to solve linear system = 0.000269537 seconds
      From worker 4:	Solving target 7 of 100
      From worker 4:	    calculating flow potential
[ Info: 2019-12-02 18:14:52 : Time taken to construct preconditioner = 0.000354241 seconds
[ Info: 2019-12-02 18:14:52 : Time taken to solve linear system = 0.000283154 seconds
      From worker 4:	Solving target 8 of 100
      From worker 4:	    calculating flow potential
[ Info: 2019-12-02 18:14:52 : Time taken to construct preconditioner = 0.020570231 seconds
[ Info: 2019-12-02 18:14:52 : Time taken to solve linear system = 0.000289782 seconds
[ Info: 2019-12-02 18:14:52 : Time taken to construct preconditioner = 0.00031042 seconds
[ Info: 2019-12-02 18:14:52 : Time taken to solve linear system = 0.00019816 seconds
[ Info: 2019-12-02 18:14:52 : Time taken to construct preconditioner = 0.000376885 seconds
[ Info: 2019-12-02 18:14:52 : Time taken to solve linear system = 0.000238393 seconds
      From worker 4:	Solving target 9 of 100
      From worker 4:	    calculating flow potential
[ Info: 2019-12-02 18:14:52 : Time taken to construct preconditioner = 0.000477197 seconds
[ Info: 2019-12-02 18:14:52 : Time taken to solve linear system = 0.000125111 seconds
[ Info: 2019-12-02 18:14:52 : Time taken to construct preconditioner = 0.000419894 seconds
[ Info: 2019-12-02 18:14:52 : Time taken to solve linear system = 0.000204172 seconds
[ Info: 2019-12-02 18:14:52 : Time taken to construct preconditioner = 0.000276226 seconds
[ Info: 2019-12-02 18:14:52 : Time taken to solve linear system = 0.000189571 seconds
[ Info: 2019-12-02 18:14:52 : Time taken to construct preconditioner = 0.00031262 seconds
[ Info: 2019-12-02 18:14:52 : Time taken to solve linear system = 0.000227165 seconds
      From worker 4:	Solving target 10 of 100
      From worker 4:	    calculating flow potential
      From worker 4:	Solving target 11 of 100
      From worker 4:	    calculating flow potential
[ Info: 2019-12-02 18:14:52 : Time taken to construct preconditioner = 0.000392773 seconds
[ Info: 2019-12-02 18:14:52 : Time taken to solve linear system = 0.000273365 seconds
[ Info: 2019-12-02 18:14:52 : Time taken to construct preconditioner = 0.000434227 seconds
[ Info: 2019-12-02 18:14:52 : Time taken to solve linear system = 0.000341572 seconds
      From worker 4:	Solving target 12 of 100
      From worker 4:	    calculating flow potential
[ Info: 2019-12-02 18:14:52 : Time taken to construct preconditioner = 0.000420506 seconds
[ Info: 2019-12-02 18:14:52 : Time taken to solve linear system = 0.000308473 seconds
[ Info: 2019-12-02 18:14:52 : Time taken to construct preconditioner = 0.000510747 seconds
[ Info: 2019-12-02 18:14:52 : Time taken to solve linear system = 0.000395847 seconds
      From worker 4:	Solving target 13 of 100
      From worker 4:	    calculating flow potential
      From worker 4:	Solving target 14 of 100
[ Info: 2019-12-02 18:14:52 : Time taken to construct preconditioner = 0.000444406 seconds
[ Info: 2019-12-02 18:14:52 : Time taken to solve linear system = 0.000366744 seconds
      From worker 4:	    calculating flow potential
[ Info: 2019-12-02 18:14:52 : Time taken to construct preconditioner = 0.000538739 seconds
[ Info: 2019-12-02 18:14:52 : Time taken to solve linear system = 0.000417059 seconds
      From worker 4:	Solving target 15 of 100
[ Info: 2019-12-02 18:14:52 : Time taken to construct preconditioner = 0.000454114 seconds
[ Info: 2019-12-02 18:14:52 : Time taken to solve linear system = 0.000352877 seconds
      From worker 4:	    calculating flow potential
[ Info: 2019-12-02 18:14:52 : Time taken to construct preconditioner = 0.000542736 seconds
[ Info: 2019-12-02 18:14:52 : Time taken to solve linear system = 0.00043179 seconds
      From worker 4:	Solving target 16 of 100
[ Info: 2019-12-02 18:14:52 : Time taken to construct preconditioner = 0.000437589 seconds
[ Info: 2019-12-02 18:14:52 : Time taken to solve linear system = 0.000340246 seconds
      From worker 4:	    calculating flow potential
[ Info: 2019-12-02 18:14:52 : Time taken to construct preconditioner = 0.000539703 seconds
[ Info: 2019-12-02 18:14:52 : Time taken to solve linear system = 0.00040763 seconds
      From worker 4:	Solving target 17 of 100
[ Info: 2019-12-02 18:14:52 : Time taken to construct preconditioner = 0.000454272 seconds
[ Info: 2019-12-02 18:14:52 : Time taken to solve linear system = 0.000396814 seconds
      From worker 4:	    calculating flow potential
[ Info: 2019-12-02 18:14:52 : Time taken to construct preconditioner = 0.000538799 seconds
[ Info: 2019-12-02 18:14:52 : Time taken to solve linear system = 0.000397417 seconds
      From worker 4:	Solving target 18 of 100
[ Info: 2019-12-02 18:14:52 : Time taken to construct preconditioner = 0.000449976 seconds
[ Info: 2019-12-02 18:14:52 : Time taken to solve linear system = 0.000397517 seconds
      From worker 4:	    calculating flow potential
[ Info: 2019-12-02 18:14:52 : Time taken to construct preconditioner = 0.000523575 seconds
[ Info: 2019-12-02 18:14:52 : Time taken to solve linear system = 0.000396556 seconds
      From worker 4:	Solving target 19 of 100
[ Info: 2019-12-02 18:14:52 : Time taken to construct preconditioner = 0.000374222 seconds
[ Info: 2019-12-02 18:14:52 : Time taken to solve linear system = 0.000315726 seconds
      From worker 4:	    calculating flow potential
[ Info: 2019-12-02 18:14:52 : Time taken to construct preconditioner = 0.000462078 seconds
[ Info: 2019-12-02 18:14:52 : Time taken to solve linear system = 0.000321008 seconds
[ Info: 2019-12-02 18:14:52 : Time taken to construct preconditioner = 0.000292546 seconds
[ Info: 2019-12-02 18:14:52 : Time taken to solve linear system = 0.000237399 seconds
[ Info: 2019-12-02 18:14:52 : Time taken to construct preconditioner = 0.000353203 seconds
      From worker 4:	Solving target 20 of 100
      From worker 4:	    calculating flow potential
[ Info: 2019-12-02 18:14:52 : Time taken to solve linear system = 0.000298856 seconds
      From worker 4:	Solving target 21 of 100
[ Info: 2019-12-02 18:14:52 : Time taken to construct preconditioner = 0.000331721 seconds
[ Info: 2019-12-02 18:14:52 : Time taken to solve linear system = 0.000238972 seconds
      From worker 4:	    calculating flow potential
[ Info: 2019-12-02 18:14:52 : Time taken to construct preconditioner = 0.000431778 seconds
[ Info: 2019-12-02 18:14:52 : Time taken to solve linear system = 0.000307981 seconds
      From worker 4:	Solving target 22 of 100
[ Info: 2019-12-02 18:14:52 : Time taken to construct preconditioner = 0.000424136 seconds
[ Info: 2019-12-02 18:14:52 : Time taken to solve linear system = 0.000320851 seconds
      From worker 4:	    calculating flow potential
[ Info: 2019-12-02 18:14:52 : Time taken to construct preconditioner = 0.000541522 seconds
[ Info: 2019-12-02 18:14:52 : Time taken to solve linear system = 0.000413826 seconds
      From worker 4:	Solving target 23 of 100
[ Info: 2019-12-02 18:14:52 : Time taken to construct preconditioner = 0.000483041 seconds
[ Info: 2019-12-02 18:14:52 : Time taken to solve linear system = 0.000349013 seconds
      From worker 4:	    calculating flow potential
[ Info: 2019-12-02 18:14:52 : Time taken to construct preconditioner = 0.000677143 seconds
[ Info: 2019-12-02 18:14:52 : Time taken to solve linear system = 0.000511724 seconds
      From worker 4:	Solving target 24 of 100
[ Info: 2019-12-02 18:14:52 : Time taken to construct preconditioner = 0.000450947 seconds
[ Info: 2019-12-02 18:14:52 : Time taken to solve linear system = 0.000360483 seconds
      From worker 4:	    calculating flow potential
[ Info: 2019-12-02 18:14:52 : Time taken to construct preconditioner = 0.000719635 seconds
[ Info: 2019-12-02 18:14:52 : Time taken to solve linear system = 0.000531874 seconds
      From worker 4:	Solving target 25 of 100
[ Info: 2019-12-02 18:14:52 : Time taken to construct preconditioner = 0.000457434 seconds
[ Info: 2019-12-02 18:14:52 : Time taken to solve linear system = 0.000428952 seconds
      From worker 4:	    calculating flow potential
[ Info: 2019-12-02 18:14:52 : Time taken to construct preconditioner = 0.000738915 seconds
[ Info: 2019-12-02 18:14:52 : Time taken to solve linear system = 0.000519202 seconds
      From worker 4:	Solving target 26 of 100
[ Info: 2019-12-02 18:14:52 : Time taken to construct preconditioner = 0.000491593 seconds
[ Info: 2019-12-02 18:14:52 : Time taken to solve linear system = 0.000632504 seconds
      From worker 4:	    calculating flow potential
[ Info: 2019-12-02 18:14:52 : Time taken to construct preconditioner = 0.000679683 seconds
[ Info: 2019-12-02 18:14:52 : Time taken to solve linear system = 0.000506868 seconds
      From worker 4:	Solving target 27 of 100
[ Info: 2019-12-02 18:14:52 : Time taken to construct preconditioner = 0.000484057 seconds
[ Info: 2019-12-02 18:14:52 : Time taken to solve linear system = 0.00046928 seconds
      From worker 4:	    calculating flow potential
[ Info: 2019-12-02 18:14:52 : Time taken to construct preconditioner = 0.000690676 seconds
[ Info: 2019-12-02 18:14:52 : Time taken to solve linear system = 0.000505224 seconds
      From worker 4:	Solving target 28 of 100
[ Info: 2019-12-02 18:14:52 : Time taken to construct preconditioner = 0.000638496 seconds
[ Info: 2019-12-02 18:14:52 : Time taken to solve linear system = 0.000522045 seconds
      From worker 4:	    calculating flow potential
[ Info: 2019-12-02 18:14:52 : Time taken to construct preconditioner = 0.000728814 seconds
[ Info: 2019-12-02 18:14:52 : Time taken to solve linear system = 0.000498355 seconds
      From worker 4:	Solving target 29 of 100
[ Info: 2019-12-02 18:14:52 : Time taken to construct preconditioner = 0.000435552 seconds
[ Info: 2019-12-02 18:14:52 : Time taken to solve linear system = 0.000486223 seconds
      From worker 4:	    calculating flow potential
[ Info: 2019-12-02 18:14:52 : Time taken to construct preconditioner = 0.000605759 seconds
[ Info: 2019-12-02 18:14:52 : Time taken to solve linear system = 0.000420858 seconds
      From worker 4:	Solving target 30 of 100
[ Info: 2019-12-02 18:14:52 : Time taken to construct preconditioner = 0.000333956 seconds
[ Info: 2019-12-02 18:14:52 : Time taken to solve linear system = 0.000287972 seconds
      From worker 4:	    calculating flow potential
[ Info: 2019-12-02 18:14:52 : Time taken to construct preconditioner = 0.000447776 seconds
[ Info: 2019-12-02 18:14:52 : Time taken to solve linear system = 0.000296187 seconds
      From worker 4:	Solving target 31 of 100
[ Info: 2019-12-02 18:14:52 : Time taken to construct preconditioner = 0.000357857 seconds
[ Info: 2019-12-02 18:14:52 : Time taken to solve linear system = 0.000192445 seconds
      From worker 4:	    calculating flow potential
[ Info: 2019-12-02 18:14:52 : Time taken to construct preconditioner = 0.000439265 seconds
[ Info: 2019-12-02 18:14:52 : Time taken to solve linear system = 0.000306761 seconds
      From worker 4:	Solving target 32 of 100
[ Info: 2019-12-02 18:14:52 : Time taken to construct preconditioner = 0.000469611 seconds
[ Info: 2019-12-02 18:14:52 : Time taken to solve linear system = 0.00036428 seconds
      From worker 4:	    calculating flow potential
[ Info: 2019-12-02 18:14:52 : Time taken to construct preconditioner = 0.000471286 seconds
[ Info: 2019-12-02 18:14:52 : Time taken to solve linear system = 0.000385326 seconds
      From worker 4:	Solving target 33 of 100
[ Info: 2019-12-02 18:14:52 : Time taken to construct preconditioner = 0.000422043 seconds
[ Info: 2019-12-02 18:14:52 : Time taken to solve linear system = 0.000404648 seconds
      From worker 4:	    calculating flow potential
[ Info: 2019-12-02 18:14:52 : Time taken to construct preconditioner = 0.000577087 seconds
[ Info: 2019-12-02 18:14:52 : Time taken to solve linear system = 0.000505182 seconds
      From worker 4:	Solving target 34 of 100
[ Info: 2019-12-02 18:14:52 : Time taken to construct preconditioner = 0.000430873 seconds
[ Info: 2019-12-02 18:14:52 : Time taken to solve linear system = 0.000407681 seconds
      From worker 4:	    calculating flow potential
[ Info: 2019-12-02 18:14:52 : Time taken to construct preconditioner = 0.000597857 seconds
[ Info: 2019-12-02 18:14:52 : Time taken to solve linear system = 0.000500877 seconds
      From worker 4:	Solving target 35 of 100
[ Info: 2019-12-02 18:14:52 : Time taken to construct preconditioner = 0.000433966 seconds
[ Info: 2019-12-02 18:14:52 : Time taken to solve linear system = 0.000416614 seconds
      From worker 4:	    calculating flow potential
[ Info: 2019-12-02 18:14:52 : Time taken to construct preconditioner = 0.000591803 seconds
[ Info: 2019-12-02 18:14:52 : Time taken to solve linear system = 0.000507251 seconds
      From worker 4:	Solving target 36 of 100
[ Info: 2019-12-02 18:14:52 : Time taken to construct preconditioner = 0.000458147 seconds
[ Info: 2019-12-02 18:14:52 : Time taken to solve linear system = 0.00041259 seconds
      From worker 3:	Solving target 37 of 100
      From worker 4:	    calculating flow potential
[ Info: 2019-12-02 18:14:52 : Time taken to construct preconditioner = 0.000410116 seconds
[ Info: 2019-12-02 18:14:52 : Time taken to solve linear system = 0.000381086 seconds
[ Info: 2019-12-02 18:14:52 : Time taken to construct preconditioner = 0.000650679 seconds
      From worker 3:	    calculating flow potential
[ Info: 2019-12-02 18:14:52 : Time taken to solve linear system = 0.000594546 seconds
[ Info: 2019-12-02 18:14:52 : Time taken to construct preconditioner = 0.000675509 seconds
[ Info: 2019-12-02 18:14:52 : Time taken to solve linear system = 0.000493572 seconds
      From worker 3:	Solving target 39 of 100
[ Info: 2019-12-02 18:14:52 : Time taken to construct preconditioner = 0.000414673 seconds
[ Info: 2019-12-02 18:14:52 : Time taken to solve linear system = 0.000411236 seconds
      From worker 3:	    calculating flow potential
[ Info: 2019-12-02 18:14:52 : Time taken to construct preconditioner = 0.000486512 seconds
[ Info: 2019-12-02 18:14:52 : Time taken to solve linear system = 0.000370482 seconds
      From worker 3:	Solving target 40 of 100
[ Info: 2019-12-02 18:14:52 : Time taken to construct preconditioner = 0.000322128 seconds
[ Info: 2019-12-02 18:14:52 : Time taken to solve linear system = 0.000299962 seconds
      From worker 3:	    calculating flow potential
[ Info: 2019-12-02 18:14:52 : Time taken to construct preconditioner = 0.000376503 seconds
[ Info: 2019-12-02 18:14:52 : Time taken to solve linear system = 0.000328276 seconds
      From worker 3:	Solving target 41 of 100
[ Info: 2019-12-02 18:14:52 : Time taken to construct preconditioner = 0.00030949 seconds
[ Info: 2019-12-02 18:14:52 : Time taken to solve linear system = 0.000248925 seconds
      From worker 3:	    calculating flow potential
[ Info: 2019-12-02 18:14:52 : Time taken to construct preconditioner = 0.000360212 seconds
[ Info: 2019-12-02 18:14:52 : Time taken to solve linear system = 0.000289975 seconds
      From worker 3:	Solving target 42 of 100
[ Info: 2019-12-02 18:14:52 : Time taken to construct preconditioner = 0.000418208 seconds
[ Info: 2019-12-02 18:14:52 : Time taken to solve linear system = 0.000335649 seconds
      From worker 4:	Solving target 38 of 100
      From worker 3:	    calculating flow potential
[ Info: 2019-12-02 18:14:52 : Time taken to construct preconditioner = 0.000446922 seconds
[ Info: 2019-12-02 18:14:52 : Time taken to solve linear system = 0.000422722 seconds
      From worker 4:	    calculating flow potential
[ Info: 2019-12-02 18:14:52 : Time taken to construct preconditioner = 0.000586808 seconds
[ Info: 2019-12-02 18:14:52 : Time taken to construct preconditioner = 0.000592388 seconds
[ Info: 2019-12-02 18:14:52 : Time taken to solve linear system = 0.000404429 seconds
[ Info: 2019-12-02 18:14:52 : Time taken to solve linear system = 0.000462262 seconds
      From worker 4:	Solving target 44 of 100
      From worker 3:	Solving target 43 of 100
[ Info: 2019-12-02 18:14:52 : Time taken to construct preconditioner = 0.000446383 seconds
[ Info: 2019-12-02 18:14:52 : Time taken to construct preconditioner = 0.000428743 seconds
[ Info: 2019-12-02 18:14:52 : Time taken to solve linear system = 0.000302609 seconds
[ Info: 2019-12-02 18:14:52 : Time taken to solve linear system = 0.000349647 seconds
      From worker 4:	    calculating flow potential
[ Info: 2019-12-02 18:14:52 : Time taken to construct preconditioner = 0.000567385 seconds
      From worker 3:	    calculating flow potential
[ Info: 2019-12-02 18:14:52 : Time taken to construct preconditioner = 0.000661354 seconds
[ Info: 2019-12-02 18:14:52 : Time taken to solve linear system = 0.000488091 seconds
[ Info: 2019-12-02 18:14:52 : Time taken to solve linear system = 0.000483919 seconds
      From worker 4:	Solving target 45 of 100
      From worker 3:	Solving target 46 of 100
[ Info: 2019-12-02 18:14:53 : Time taken to construct preconditioner = 0.000442152 seconds
[ Info: 2019-12-02 18:14:53 : Time taken to construct preconditioner = 0.000459267 seconds
[ Info: 2019-12-02 18:14:53 : Time taken to solve linear system = 0.000382724 seconds
[ Info: 2019-12-02 18:14:53 : Time taken to solve linear system = 0.000313259 seconds
      From worker 3:	    calculating flow potential
[ Info: 2019-12-02 18:14:53 : Time taken to construct preconditioner = 0.000627817 seconds
[ Info: 2019-12-02 18:14:53 : Time taken to solve linear system = 0.000698378 seconds
      From worker 4:	    calculating flow potential
[ Info: 2019-12-02 18:14:53 : Time taken to construct preconditioner = 0.000553791 seconds
[ Info: 2019-12-02 18:14:53 : Time taken to solve linear system = 0.000504818 seconds
      From worker 3:	Solving target 47 of 100
[ Info: 2019-12-02 18:14:53 : Time taken to construct preconditioner = 0.000449239 seconds
[ Info: 2019-12-02 18:14:53 : Time taken to solve linear system = 0.000468579 seconds
      From worker 3:	    calculating flow potential
[ Info: 2019-12-02 18:14:53 : Time taken to construct preconditioner = 0.000638198 seconds
[ Info: 2019-12-02 18:14:53 : Time taken to solve linear system = 0.000510439 seconds
      From worker 4:	Solving target 48 of 100
[ Info: 2019-12-02 18:14:53 : Time taken to construct preconditioner = 0.000446555 seconds
[ Info: 2019-12-02 18:14:53 : Time taken to solve linear system = 0.0004664 seconds
      From worker 4:	    calculating flow potential
[ Info: 2019-12-02 18:14:53 : Time taken to construct preconditioner = 0.000582989 seconds
[ Info: 2019-12-02 18:14:53 : Time taken to solve linear system = 0.00050905 seconds
      From worker 3:	Solving target 49 of 100
[ Info: 2019-12-02 18:14:53 : Time taken to construct preconditioner = 0.000403915 seconds
[ Info: 2019-12-02 18:14:53 : Time taken to solve linear system = 0.000362362 seconds
      From worker 3:	    calculating flow potential
[ Info: 2019-12-02 18:14:53 : Time taken to construct preconditioner = 0.000477811 seconds
[ Info: 2019-12-02 18:14:53 : Time taken to solve linear system = 0.000410949 seconds
      From worker 4:	Solving target 50 of 100
[ Info: 2019-12-02 18:14:53 : Time taken to construct preconditioner = 0.000309325 seconds
[ Info: 2019-12-02 18:14:53 : Time taken to solve linear system = 0.000289216 seconds
      From worker 4:	    calculating flow potential
[ Info: 2019-12-02 18:14:53 : Time taken to construct preconditioner = 0.000364994 seconds
[ Info: 2019-12-02 18:14:53 : Time taken to solve linear system = 0.000315797 seconds
      From worker 3:	Solving target 51 of 100
[ Info: 2019-12-02 18:14:53 : Time taken to construct preconditioner = 0.000303166 seconds
[ Info: 2019-12-02 18:14:53 : Time taken to solve linear system = 0.000226389 seconds
      From worker 3:	    calculating flow potential
[ Info: 2019-12-02 18:14:53 : Time taken to construct preconditioner = 0.00039492 seconds
[ Info: 2019-12-02 18:14:53 : Time taken to solve linear system = 0.000314741 seconds
      From worker 4:	Solving target 52 of 100
[ Info: 2019-12-02 18:14:53 : Time taken to construct preconditioner = 0.000390292 seconds
[ Info: 2019-12-02 18:14:53 : Time taken to solve linear system = 0.000309702 seconds
      From worker 4:	    calculating flow potential
[ Info: 2019-12-02 18:14:53 : Time taken to construct preconditioner = 0.000433402 seconds
[ Info: 2019-12-02 18:14:53 : Time taken to solve linear system = 0.00041327 seconds
      From worker 3:	Solving target 53 of 100
      From worker 4:	Solving target 54 of 100
[ Info: 2019-12-02 18:14:53 : Time taken to construct preconditioner = 0.000438495 seconds
[ Info: 2019-12-02 18:14:53 : Time taken to solve linear system = 0.00042117 seconds
      From worker 4:	    calculating flow potential
[ Info: 2019-12-02 18:14:53 : Time taken to construct preconditioner = 0.000597819 seconds
[ Info: 2019-12-02 18:14:53 : Time taken to solve linear system = 0.000461565 seconds
[ Info: 2019-12-02 18:14:53 : Time taken to construct preconditioner = 0.006353195 seconds
[ Info: 2019-12-02 18:14:53 : Time taken to solve linear system = 0.000481715 seconds
      From worker 3:	    calculating flow potential
[ Info: 2019-12-02 18:14:53 : Time taken to construct preconditioner = 0.000594366 seconds
[ Info: 2019-12-02 18:14:53 : Time taken to solve linear system = 0.000467021 seconds
      From worker 3:	Solving target 56 of 100
[ Info: 2019-12-02 18:14:53 : Time taken to construct preconditioner = 0.0004601 seconds
[ Info: 2019-12-02 18:14:53 : Time taken to solve linear system = 0.00054763 seconds
      From worker 3:	    calculating flow potential
[ Info: 2019-12-02 18:14:53 : Time taken to construct preconditioner = 0.000611905 seconds
[ Info: 2019-12-02 18:14:53 : Time taken to solve linear system = 0.000530783 seconds
      From worker 3:	Solving target 57 of 100
      From worker 4:	Solving target 55 of 100
[ Info: 2019-12-02 18:14:53 : Time taken to construct preconditioner = 0.000540318 seconds
[ Info: 2019-12-02 18:14:53 : Time taken to solve linear system = 0.000536906 seconds
      From worker 4:	    calculating flow potential
[ Info: 2019-12-02 18:14:53 : Time taken to construct preconditioner = 0.00062541 seconds
[ Info: 2019-12-02 18:14:53 : Time taken to solve linear system = 0.000476041 seconds
      From worker 4:	Solving target 58 of 100
[ Info: 2019-12-02 18:14:53 : Time taken to construct preconditioner = 0.00076236 seconds
[ Info: 2019-12-02 18:14:53 : Time taken to solve linear system = 0.000456872 seconds
[ Info: 2019-12-02 18:14:53 : Time taken to construct preconditioner = 0.000448504 seconds
      From worker 4:	    calculating flow potential
[ Info: 2019-12-02 18:14:53 : Time taken to solve linear system = 0.00060443 seconds
      From worker 3:	    calculating flow potential
[ Info: 2019-12-02 18:14:53 : Time taken to construct preconditioner = 0.000650422 seconds
[ Info: 2019-12-02 18:14:53 : Time taken to solve linear system = 0.000468575 seconds
      From worker 4:	Solving target 59 of 100
[ Info: 2019-12-02 18:14:53 : Time taken to construct preconditioner = 0.000419359 seconds
[ Info: 2019-12-02 18:14:53 : Time taken to solve linear system = 0.000340391 seconds
      From worker 4:	    calculating flow potential
[ Info: 2019-12-02 18:14:53 : Time taken to construct preconditioner = 0.000541971 seconds
[ Info: 2019-12-02 18:14:53 : Time taken to solve linear system = 0.000422083 seconds
[ Info: 2019-12-02 18:14:53 : Time taken to construct preconditioner = 0.000626087 seconds
[ Info: 2019-12-02 18:14:53 : Time taken to solve linear system = 0.000496091 seconds
      From worker 4:	Solving target 60 of 100
      From worker 3:	Solving target 61 of 100
[ Info: 2019-12-02 18:14:53 : Time taken to construct preconditioner = 0.000362789 seconds
[ Info: 2019-12-02 18:14:53 : Time taken to solve linear system = 0.000289344 seconds
[ Info: 2019-12-02 18:14:53 : Time taken to construct preconditioner = 0.000374164 seconds
      From worker 4:	    calculating flow potential
[ Info: 2019-12-02 18:14:53 : Time taken to construct preconditioner = 0.000388351 seconds
[ Info: 2019-12-02 18:14:53 : Time taken to solve linear system = 0.000281762 seconds
      From worker 4:	Solving target 62 of 100
[ Info: 2019-12-02 18:14:53 : Time taken to solve linear system = 0.001478715 seconds
      From worker 3:	    calculating flow potential
[ Info: 2019-12-02 18:14:53 : Time taken to construct preconditioner = 0.000432687 seconds
[ Info: 2019-12-02 18:14:53 : Time taken to solve linear system = 0.000358252 seconds
      From worker 4:	    calculating flow potential
[ Info: 2019-12-02 18:14:53 : Time taken to construct preconditioner = 0.000499979 seconds
[ Info: 2019-12-02 18:14:53 : Time taken to solve linear system = 0.000402834 seconds
[ Info: 2019-12-02 18:14:53 : Time taken to construct preconditioner = 0.002299012 seconds
[ Info: 2019-12-02 18:14:53 : Time taken to solve linear system = 0.000349069 seconds
      From worker 4:	Solving target 63 of 100
      From worker 3:	Solving target 64 of 100
[ Info: 2019-12-02 18:14:53 : Time taken to construct preconditioner = 0.000576618 seconds
[ Info: 2019-12-02 18:14:53 : Time taken to solve linear system = 0.000417825 seconds
      From worker 4:	    calculating flow potential
[ Info: 2019-12-02 18:14:53 : Time taken to construct preconditioner = 0.000480361 seconds
[ Info: 2019-12-02 18:14:53 : Time taken to solve linear system = 0.000469285 seconds
      From worker 3:	    calculating flow potential
[ Info: 2019-12-02 18:14:53 : Time taken to construct preconditioner = 0.00084742 seconds
[ Info: 2019-12-02 18:14:53 : Time taken to construct preconditioner = 0.000639301 seconds
[ Info: 2019-12-02 18:14:53 : Time taken to solve linear system = 0.000503076 seconds
      From worker 3:	Solving target 65 of 100
[ Info: 2019-12-02 18:14:53 : Time taken to solve linear system = 0.000583286 seconds
[ Info: 2019-12-02 18:14:53 : Time taken to construct preconditioner = 0.000453016 seconds
      From worker 4:	Solving target 66 of 100
[ Info: 2019-12-02 18:14:53 : Time taken to solve linear system = 0.00051903 seconds
      From worker 3:	    calculating flow potential
[ Info: 2019-12-02 18:14:53 : Time taken to construct preconditioner = 0.000489348 seconds
[ Info: 2019-12-02 18:14:53 : Time taken to construct preconditioner = 0.000665561 seconds
[ Info: 2019-12-02 18:14:53 : Time taken to solve linear system = 0.000499513 seconds
      From worker 4:	    calculating flow potential
[ Info: 2019-12-02 18:14:53 : Time taken to solve linear system = 0.000599292 seconds
[ Info: 2019-12-02 18:14:53 : Time taken to construct preconditioner = 0.000690818 seconds
      From worker 3:	Solving target 67 of 100
[ Info: 2019-12-02 18:14:53 : Time taken to solve linear system = 0.000526844 seconds
      From worker 4:	Solving target 68 of 100
[ Info: 2019-12-02 18:14:53 : Time taken to construct preconditioner = 0.002655394 seconds
[ Info: 2019-12-02 18:14:53 : Time taken to solve linear system = 0.000392166 seconds
[ Info: 2019-12-02 18:14:53 : Time taken to construct preconditioner = 0.000419348 seconds
      From worker 3:	    calculating flow potential
[ Info: 2019-12-02 18:14:53 : Time taken to solve linear system = 0.000492251 seconds
[ Info: 2019-12-02 18:14:53 : Time taken to construct preconditioner = 0.000602522 seconds
      From worker 4:	    calculating flow potential
[ Info: 2019-12-02 18:14:53 : Time taken to solve linear system = 0.00049063 seconds
[ Info: 2019-12-02 18:14:53 : Time taken to construct preconditioner = 0.000599349 seconds
      From worker 3:	Solving target 69 of 100
[ Info: 2019-12-02 18:14:53 : Time taken to construct preconditioner = 0.000433676 seconds
[ Info: 2019-12-02 18:14:53 : Time taken to solve linear system = 0.00041283 seconds
      From worker 3:	    calculating flow potential
[ Info: 2019-12-02 18:14:53 : Time taken to construct preconditioner = 0.000532388 seconds
[ Info: 2019-12-02 18:14:53 : Time taken to solve linear system = 0.000390546 seconds
      From worker 3:	Solving target 70 of 100
[ Info: 2019-12-02 18:14:53 : Time taken to construct preconditioner = 0.00036647 seconds
[ Info: 2019-12-02 18:14:53 : Time taken to solve linear system = 0.000264243 seconds
      From worker 3:	    calculating flow potential
[ Info: 2019-12-02 18:14:53 : Time taken to solve linear system = 0.020527865 seconds
[ Info: 2019-12-02 18:14:53 : Time taken to construct preconditioner = 0.007185085 seconds
      From worker 4:	Solving target 71 of 100
[ Info: 2019-12-02 18:14:53 : Time taken to construct preconditioner = 0.000348471 seconds
[ Info: 2019-12-02 18:14:53 : Time taken to solve linear system = 0.000314319 seconds
[ Info: 2019-12-02 18:14:53 : Time taken to solve linear system = 0.000253661 seconds
      From worker 3:	Solving target 72 of 100
[ Info: 2019-12-02 18:14:53 : Time taken to construct preconditioner = 0.000479495 seconds
      From worker 4:	    calculating flow potential
[ Info: 2019-12-02 18:14:53 : Time taken to construct preconditioner = 0.000399689 seconds
[ Info: 2019-12-02 18:14:53 : Time taken to solve linear system = 0.000404243 seconds
[ Info: 2019-12-02 18:14:53 : Time taken to solve linear system = 0.000334872 seconds
      From worker 3:	    calculating flow potential
[ Info: 2019-12-02 18:14:53 : Time taken to construct preconditioner = 0.000607289 seconds
      From worker 4:	Solving target 73 of 100
[ Info: 2019-12-02 18:14:53 : Time taken to construct preconditioner = 0.000533708 seconds
[ Info: 2019-12-02 18:14:53 : Time taken to solve linear system = 0.000413388 seconds
[ Info: 2019-12-02 18:14:53 : Time taken to solve linear system = 0.000473286 seconds
      From worker 3:	Solving target 74 of 100
      From worker 4:	    calculating flow potential
[ Info: 2019-12-02 18:14:53 : Time taken to construct preconditioner = 0.000495737 seconds
[ Info: 2019-12-02 18:14:53 : Time taken to construct preconditioner = 0.000674811 seconds
[ Info: 2019-12-02 18:14:53 : Time taken to solve linear system = 0.000477207 seconds
[ Info: 2019-12-02 18:14:53 : Time taken to solve linear system = 0.000531196 seconds
      From worker 3:	    calculating flow potential
[ Info: 2019-12-02 18:14:53 : Time taken to construct preconditioner = 0.000640125 seconds
      From worker 4:	Solving target 75 of 100
[ Info: 2019-12-02 18:14:53 : Time taken to construct preconditioner = 0.000541131 seconds
[ Info: 2019-12-02 18:14:53 : Time taken to solve linear system = 0.000487128 seconds
[ Info: 2019-12-02 18:14:53 : Time taken to solve linear system = 0.000579241 seconds
      From worker 3:	Solving target 76 of 100
[ Info: 2019-12-02 18:14:53 : Time taken to construct preconditioner = 0.0004861 seconds
      From worker 4:	    calculating flow potential
[ Info: 2019-12-02 18:14:53 : Time taken to construct preconditioner = 0.000754748 seconds
[ Info: 2019-12-02 18:14:53 : Time taken to solve linear system = 0.000514473 seconds
[ Info: 2019-12-02 18:14:53 : Time taken to solve linear system = 0.000504151 seconds
      From worker 3:	    calculating flow potential
[ Info: 2019-12-02 18:14:53 : Time taken to construct preconditioner = 0.000639866 seconds
      From worker 4:	Solving target 77 of 100
[ Info: 2019-12-02 18:14:53 : Time taken to construct preconditioner = 0.000517927 seconds
[ Info: 2019-12-02 18:14:53 : Time taken to solve linear system = 0.000493477 seconds
[ Info: 2019-12-02 18:14:53 : Time taken to solve linear system = 0.000409409 seconds
      From worker 3:	Solving target 78 of 100
[ Info: 2019-12-02 18:14:53 : Time taken to construct preconditioner = 0.000494467 seconds
      From worker 4:	    calculating flow potential
[ Info: 2019-12-02 18:14:53 : Time taken to construct preconditioner = 0.000712481 seconds
[ Info: 2019-12-02 18:14:53 : Time taken to solve linear system = 0.000426643 seconds
[ Info: 2019-12-02 18:14:53 : Time taken to solve linear system = 0.000507689 seconds
      From worker 3:	    calculating flow potential
[ Info: 2019-12-02 18:14:53 : Time taken to construct preconditioner = 0.000663719 seconds
[ Info: 2019-12-02 18:14:53 : Time taken to solve linear system = 0.000508308 seconds
      From worker 4:	Solving target 79 of 100
[ Info: 2019-12-02 18:14:53 : Time taken to construct preconditioner = 0.000454578 seconds
[ Info: 2019-12-02 18:14:53 : Time taken to solve linear system = 0.000309009 seconds
      From worker 3:	Solving target 80 of 100
[ Info: 2019-12-02 18:14:53 : Time taken to construct preconditioner = 0.000397421 seconds
      From worker 4:	    calculating flow potential
[ Info: 2019-12-02 18:14:53 : Time taken to construct preconditioner = 0.000602792 seconds
[ Info: 2019-12-02 18:14:53 : Time taken to solve linear system = 0.000233725 seconds
[ Info: 2019-12-02 18:14:53 : Time taken to solve linear system = 0.000410893 seconds
      From worker 3:	    calculating flow potential
[ Info: 2019-12-02 18:14:53 : Time taken to construct preconditioner = 0.000502052 seconds
[ Info: 2019-12-02 18:14:53 : Time taken to solve linear system = 0.000315698 seconds
      From worker 3:	Solving target 82 of 100
      From worker 4:	Solving target 81 of 100
[ Info: 2019-12-02 18:14:53 : Time taken to construct preconditioner = 0.000356872 seconds
[ Info: 2019-12-02 18:14:53 : Time taken to solve linear system = 0.000196373 seconds
      From worker 4:	    calculating flow potential
[ Info: 2019-12-02 18:14:53 : Time taken to construct preconditioner = 0.000386395 seconds
[ Info: 2019-12-02 18:14:53 : Time taken to solve linear system = 0.000264499 seconds
      From worker 4:	Solving target 83 of 100
[ Info: 2019-12-02 18:14:53 : Time taken to construct preconditioner = 0.000453167 seconds
[ Info: 2019-12-02 18:14:53 : Time taken to solve linear system = 0.000383001 seconds
      From worker 4:	    calculating flow potential
[ Info: 2019-12-02 18:14:53 : Time taken to construct preconditioner = 0.00058856 seconds
[ Info: 2019-12-02 18:14:53 : Time taken to solve linear system = 0.000393679 seconds
      From worker 4:	Solving target 84 of 100
[ Info: 2019-12-02 18:14:53 : Time taken to construct preconditioner = 0.000478106 seconds
[ Info: 2019-12-02 18:14:53 : Time taken to solve linear system = 0.00037978 seconds
      From worker 4:	    calculating flow potential
[ Info: 2019-12-02 18:14:53 : Time taken to construct preconditioner = 0.000646846 seconds
[ Info: 2019-12-02 18:14:53 : Time taken to solve linear system = 0.000389376 seconds
      From worker 4:	Solving target 85 of 100
[ Info: 2019-12-02 18:14:53 : Time taken to construct preconditioner = 0.000435498 seconds
[ Info: 2019-12-02 18:14:53 : Time taken to solve linear system = 0.000450636 seconds
      From worker 4:	    calculating flow potential
[ Info: 2019-12-02 18:14:53 : Time taken to construct preconditioner = 0.000590245 seconds
[ Info: 2019-12-02 18:14:53 : Time taken to solve linear system = 0.000418282 seconds
      From worker 4:	Solving target 86 of 100
[ Info: 2019-12-02 18:14:53 : Time taken to construct preconditioner = 0.000485057 seconds
[ Info: 2019-12-02 18:14:53 : Time taken to solve linear system = 0.00046221 seconds
      From worker 4:	    calculating flow potential
[ Info: 2019-12-02 18:14:53 : Time taken to construct preconditioner = 0.000611015 seconds
[ Info: 2019-12-02 18:14:53 : Time taken to solve linear system = 0.000430053 seconds
      From worker 4:	Solving target 87 of 100
[ Info: 2019-12-02 18:14:53 : Time taken to construct preconditioner = 0.000468199 seconds
[ Info: 2019-12-02 18:14:53 : Time taken to construct preconditioner = 0.00040054 seconds
[ Info: 2019-12-02 18:14:53 : Time taken to solve linear system = 0.000346712 seconds
      From worker 4:	    calculating flow potential
[ Info: 2019-12-02 18:14:53 : Time taken to construct preconditioner = 0.000556468 seconds
[ Info: 2019-12-02 18:14:53 : Time taken to solve linear system = 0.000381231 seconds
      From worker 4:	Solving target 88 of 100
[ Info: 2019-12-02 18:14:53 : Time taken to solve linear system = 0.000317747 seconds
      From worker 3:	    calculating flow potential
[ Info: 2019-12-02 18:14:53 : Time taken to construct preconditioner = 0.000469082 seconds
[ Info: 2019-12-02 18:14:53 : Time taken to solve linear system = 0.000303465 seconds
      From worker 3:	Solving target 89 of 100
[ Info: 2019-12-02 18:14:53 : Time taken to construct preconditioner = 0.000285301 seconds
[ Info: 2019-12-02 18:14:53 : Time taken to solve linear system = 0.000322685 seconds
      From worker 3:	    calculating flow potential
[ Info: 2019-12-02 18:14:53 : Time taken to construct preconditioner = 0.000456626 seconds
[ Info: 2019-12-02 18:14:53 : Time taken to solve linear system = 0.000327375 seconds
      From worker 3:	Solving target 90 of 100
[ Info: 2019-12-02 18:14:53 : Time taken to construct preconditioner = 0.000418358 seconds
[ Info: 2019-12-02 18:14:53 : Time taken to solve linear system = 0.000254699 seconds
      From worker 3:	    calculating flow potential
[ Info: 2019-12-02 18:14:53 : Time taken to construct preconditioner = 0.000323369 seconds
[ Info: 2019-12-02 18:14:53 : Time taken to solve linear system = 0.000202078 seconds
[ Info: 2019-12-02 18:14:53 : Time taken to construct preconditioner = 0.000410705 seconds
[ Info: 2019-12-02 18:14:53 : Time taken to solve linear system = 0.000286907 seconds
      From worker 4:	    calculating flow potential
[ Info: 2019-12-02 18:14:53 : Time taken to construct preconditioner = 0.00043461 seconds
[ Info: 2019-12-02 18:14:53 : Time taken to solve linear system = 0.000360268 seconds
      From worker 4:	Solving target 91 of 100
[ Info: 2019-12-02 18:14:53 : Time taken to construct preconditioner = 0.000309005 seconds
[ Info: 2019-12-02 18:14:53 : Time taken to solve linear system = 9.8366e-5 seconds
      From worker 3:	Solving target 92 of 100
      From worker 4:	    calculating flow potential
[ Info: 2019-12-02 18:14:53 : Time taken to construct preconditioner = 0.000351661 seconds
[ Info: 2019-12-02 18:14:53 : Time taken to solve linear system = 0.000147533 seconds
[ Info: 2019-12-02 18:14:53 : Time taken to construct preconditioner = 0.000662988 seconds
[ Info: 2019-12-02 18:14:53 : Time taken to solve linear system = 0.000199955 seconds
      From worker 3:	    calculating flow potential
[ Info: 2019-12-02 18:14:53 : Time taken to construct preconditioner = 0.000353182 seconds
[ Info: 2019-12-02 18:14:53 : Time taken to solve linear system = 0.000209237 seconds
      From worker 3:	Solving target 94 of 100
[ Info: 2019-12-02 18:14:53 : Time taken to construct preconditioner = 0.000235508 seconds
[ Info: 2019-12-02 18:14:53 : Time taken to solve linear system = 0.000279549 seconds
      From worker 4:	Solving target 93 of 100
      From worker 3:	    calculating flow potential
[ Info: 2019-12-02 18:14:53 : Time taken to construct preconditioner = 0.000225943 seconds
[ Info: 2019-12-02 18:14:53 : Time taken to solve linear system = 0.000238063 seconds
      From worker 4:	    calculating flow potential
[ Info: 2019-12-02 18:14:53 : Time taken to construct preconditioner = 0.00087046 seconds
[ Info: 2019-12-02 18:14:53 : Time taken to construct preconditioner = 0.00037115 seconds
[ Info: 2019-12-02 18:14:53 : Time taken to solve linear system = 0.000281617 seconds
[ Info: 2019-12-02 18:14:53 : Time taken to solve linear system = 0.000436313 seconds
      From worker 3:	Solving target 95 of 100
[ Info: 2019-12-02 18:14:53 : Time taken to construct preconditioner = 0.000232478 seconds
      From worker 4:	Solving target 96 of 100
[ Info: 2019-12-02 18:14:53 : Time taken to solve linear system = 0.000304153 seconds
      From worker 3:	    calculating flow potential
[ Info: 2019-12-02 18:14:53 : Time taken to construct preconditioner = 0.000243812 seconds
[ Info: 2019-12-02 18:14:53 : Time taken to solve linear system = 0.000226495 seconds
      From worker 4:	    calculating flow potential
[ Info: 2019-12-02 18:14:53 : Time taken to construct preconditioner = 0.000380735 seconds
[ Info: 2019-12-02 18:14:53 : Time taken to solve linear system = 0.000305139 seconds
[ Info: 2019-12-02 18:14:53 : Time taken to construct preconditioner = 0.000463846 seconds
[ Info: 2019-12-02 18:14:53 : Time taken to solve linear system = 0.000300216 seconds
      From worker 4:	Solving target 97 of 100
[ Info: 2019-12-02 18:14:53 : Time taken to construct preconditioner = 0.000240831 seconds
[ Info: 2019-12-02 18:14:53 : Time taken to solve linear system = 0.000225375 seconds
      From worker 4:	    calculating flow potential
      From worker 3:	Solving target 98 of 100
[ Info: 2019-12-02 18:14:53 : Time taken to construct preconditioner = 0.000382652 seconds
[ Info: 2019-12-02 18:14:53 : Time taken to solve linear system = 0.000284661 seconds
[ Info: 2019-12-02 18:14:53 : Time taken to construct preconditioner = 0.000322643 seconds
[ Info: 2019-12-02 18:14:53 : Time taken to solve linear system = 0.00068712 seconds
      From worker 3:	    calculating flow potential
[ Info: 2019-12-02 18:14:53 : Time taken to construct preconditioner = 0.000387764 seconds
[ Info: 2019-12-02 18:14:53 : Time taken to solve linear system = 0.00028808 seconds
[ Info: 2019-12-02 18:14:53 : Time taken to construct preconditioner = 0.000210507 seconds
[ Info: 2019-12-02 18:14:53 : Time taken to solve linear system = 0.000195142 seconds
[ Info: 2019-12-02 18:14:53 : Time taken to construct preconditioner = 0.000322917 seconds
[ Info: 2019-12-02 18:14:53 : Time taken to solve linear system = 0.00025061 seconds
[ Info: 2019-12-02 18:14:53 : Time taken to construct preconditioner = 0.008913934 seconds
[ Info: 2019-12-02 18:14:53 : Time taken to solve linear system = 0.000172511 seconds
      From worker 4:	Solving target 99 of 100[ Info: 2019-12-02 18:14:53 : Time taken to construct preconditioner = 0.000520918 seconds

      From worker 4:	    calculating flow potential
      From worker 3:	Solving target 100 of 100
      From worker 3:	    calculating flow potential
[ Info: 2019-12-02 18:14:53 : Time taken to solve linear system = 0.000150535 seconds
      From worker 2:	Solving target 1 of 100
[ Info: 2019-12-02 18:14:57 : Time taken to construct preconditioner = 4.150015656 seconds
[ Info: 2019-12-02 18:14:58 : Time taken to solve linear system = 0.009737546 seconds
      From worker 5:	    calculating flow potential
[ Info: 2019-12-02 18:14:58 : Time taken to construct preconditioner = 0.000320049 seconds
[ Info: 2019-12-02 18:14:58 : Time taken to solve linear system = 0.000299941 seconds
[ Info: 2019-12-02 18:15:01 : Time taken to construct preconditioner = 2.945420376 seconds
[ Info: 2019-12-02 18:15:01 : Time taken to solve linear system = 0.009999148 seconds
      From worker 2:	    calculating flow potential
[ Info: 2019-12-02 18:15:01 : Time taken to construct preconditioner = 0.00039818 seconds
[ Info: 2019-12-02 18:15:01 : Time taken to solve linear system = 0.000202163 seconds
Combining maps across workers
Done
Time taken to complete job: 72.5 seconds
Starting up Omniscape to use 4 processes in parallel
[ Info: 2019-12-02 18:15:18 : Time taken to construct preconditioner = 0.000687715 seconds
[ Info: 2019-12-02 18:15:18 : Time taken to solve linear system = 0.000436294 seconds
[ Info: 2019-12-02 18:15:18 : Time taken to construct preconditioner = 0.000657452 seconds
[ Info: 2019-12-02 18:15:18 : Time taken to solve linear system = 0.000429025 seconds
time taken to calculate artifact correction array: 0.008816003799438477 seconds
Solving targets
      From worker 8:	Solving target 3 of 74
[ Info: 2019-12-02 18:15:54 : Time taken to construct preconditioner = 4.453312314 seconds
[ Info: 2019-12-02 18:15:55 : Time taken to solve linear system = 0.010159681 seconds
[ Info: 2019-12-02 18:15:55 : Time taken to construct preconditioner = 0.000378891 seconds
[ Info: 2019-12-02 18:15:55 : Time taken to solve linear system = 0.000358799 seconds
      From worker 8:	Solving target 5 of 74
      From worker 8:	Solving target 6 of 74
[ Info: 2019-12-02 18:15:55 : Time taken to construct preconditioner = 0.000429721 seconds
[ Info: 2019-12-02 18:15:55 : Time taken to solve linear system = 0.000144229 seconds
[ Info: 2019-12-02 18:15:55 : Time taken to construct preconditioner = 0.000345408 seconds
[ Info: 2019-12-02 18:15:55 : Time taken to solve linear system = 0.000238812 seconds
      From worker 8:	Solving target 7 of 74
[ Info: 2019-12-02 18:15:55 : Time taken to construct preconditioner = 0.000444437 seconds
[ Info: 2019-12-02 18:15:55 : Time taken to solve linear system = 0.000363556 seconds
      From worker 8:	Solving target 8 of 74
      From worker 8:	Solving target 9 of 74
[ Info: 2019-12-02 18:15:55 : Time taken to construct preconditioner = 0.000506061 seconds
[ Info: 2019-12-02 18:15:55 : Time taken to solve linear system = 0.00039726 seconds
      From worker 8:	Solving target 10 of 74
      From worker 8:	Solving target 11 of 74
[ Info: 2019-12-02 18:15:55 : Time taken to construct preconditioner = 0.000540966 seconds
[ Info: 2019-12-02 18:15:55 : Time taken to solve linear system = 0.000523297 seconds
[ Info: 2019-12-02 18:15:55 : Time taken to construct preconditioner = 0.000550105 seconds
[ Info: 2019-12-02 18:15:55 : Time taken to solve linear system = 0.000526324 seconds
      From worker 8:	Solving target 12 of 74
      From worker 8:	Solving target 13 of 74
[ Info: 2019-12-02 18:15:55 : Time taken to construct preconditioner = 0.000523079 seconds
[ Info: 2019-12-02 18:15:55 : Time taken to solve linear system = 0.000405063 seconds
[ Info: 2019-12-02 18:15:55 : Time taken to construct preconditioner = 0.00036507 seconds
[ Info: 2019-12-02 18:15:55 : Time taken to solve linear system = 0.000382443 seconds
      From worker 8:	Solving target 14 of 74
      From worker 8:	Solving target 15 of 74
[ Info: 2019-12-02 18:15:55 : Time taken to construct preconditioner = 0.000420244 seconds
[ Info: 2019-12-02 18:15:55 : Time taken to solve linear system = 0.000328885 seconds
[ Info: 2019-12-02 18:15:55 : Time taken to construct preconditioner = 0.000477996 seconds
[ Info: 2019-12-02 18:15:55 : Time taken to solve linear system = 0.000427434 seconds
      From worker 8:	Solving target 16 of 74
      From worker 8:	Solving target 17 of 74
[ Info: 2019-12-02 18:15:55 : Time taken to construct preconditioner = 0.000588444 seconds
[ Info: 2019-12-02 18:15:55 : Time taken to solve linear system = 0.000484777 seconds
[ Info: 2019-12-02 18:15:55 : Time taken to construct preconditioner = 0.000559022 seconds
[ Info: 2019-12-02 18:15:55 : Time taken to solve linear system = 0.000443419 seconds
[ Info: 2019-12-02 18:15:55 : Time taken to construct preconditioner = 0.000653847 seconds
[ Info: 2019-12-02 18:15:55 : Time taken to solve linear system = 0.000562061 seconds
      From worker 8:	Solving target 18 of 74
      From worker 8:	Solving target 19 of 74
[ Info: 2019-12-02 18:15:55 : Time taken to construct preconditioner = 0.000613093 seconds
[ Info: 2019-12-02 18:15:55 : Time taken to solve linear system = 0.000539682 seconds
      From worker 8:	Solving target 20 of 74
[ Info: 2019-12-02 18:15:55 : Time taken to construct preconditioner = 0.000333259 seconds
[ Info: 2019-12-02 18:15:55 : Time taken to solve linear system = 0.000288361 seconds
[ Info: 2019-12-02 18:15:55 : Time taken to construct preconditioner = 0.000282307 seconds
[ Info: 2019-12-02 18:15:55 : Time taken to solve linear system = 0.000224557 seconds
[ Info: 2019-12-02 18:15:55 : Time taken to construct preconditioner = 0.000332609 seconds
[ Info: 2019-12-02 18:15:55 : Time taken to solve linear system = 0.000222706 seconds
      From worker 8:	Solving target 21 of 74
      From worker 8:	Solving target 22 of 74
      From worker 8:	Solving target 23 of 74
[ Info: 2019-12-02 18:15:55 : Time taken to construct preconditioner = 0.000396131 seconds
[ Info: 2019-12-02 18:15:55 : Time taken to solve linear system = 0.000318462 seconds
      From worker 8:	Solving target 24 of 74
[ Info: 2019-12-02 18:15:55 : Time taken to construct preconditioner = 0.000583703 seconds
[ Info: 2019-12-02 18:15:55 : Time taken to solve linear system = 0.00043899 seconds
      From worker 8:	Solving target 25 of 74
[ Info: 2019-12-02 18:15:55 : Time taken to construct preconditioner = 0.000453796 seconds
[ Info: 2019-12-02 18:15:55 : Time taken to solve linear system = 0.000495613 seconds
      From worker 8:	Solving target 26 of 74
[ Info: 2019-12-02 18:15:55 : Time taken to construct preconditioner = 0.000509857 seconds
[ Info: 2019-12-02 18:15:55 : Time taken to solve linear system = 0.000541425 seconds
[ Info: 2019-12-02 18:15:55 : Time taken to construct preconditioner = 0.000583211 seconds
[ Info: 2019-12-02 18:15:55 : Time taken to solve linear system = 0.000548208 seconds
      From worker 8:	Solving target 27 of 74
      From worker 8:	Solving target 28 of 74
[ Info: 2019-12-02 18:15:55 : Time taken to construct preconditioner = 0.000501747 seconds
[ Info: 2019-12-02 18:15:55 : Time taken to solve linear system = 0.000421216 seconds
      From worker 8:	Solving target 29 of 74
[ Info: 2019-12-02 18:15:55 : Time taken to construct preconditioner = 0.000391882 seconds
[ Info: 2019-12-02 18:15:55 : Time taken to solve linear system = 0.000239646 seconds
[ Info: 2019-12-02 18:15:55 : Time taken to construct preconditioner = 0.000394104 seconds
      From worker 8:	Solving target 30 of 74
[ Info: 2019-12-02 18:15:55 : Time taken to solve linear system = 0.000298434 seconds
[ Info: 2019-12-02 18:15:55 : Time taken to construct preconditioner = 0.000495625 seconds
      From worker 8:	Solving target 31 of 74
[ Info: 2019-12-02 18:15:55 : Time taken to solve linear system = 0.00050031 seconds
      From worker 8:	Solving target 32 of 74
[ Info: 2019-12-02 18:15:55 : Time taken to construct preconditioner = 0.000596461 seconds
[ Info: 2019-12-02 18:15:55 : Time taken to solve linear system = 0.000578939 seconds
      From worker 8:	Solving target 33 of 74
[ Info: 2019-12-02 18:15:55 : Time taken to construct preconditioner = 0.00063422 seconds
[ Info: 2019-12-02 18:15:55 : Time taken to solve linear system = 0.000575151 seconds
      From worker 8:	Solving target 34 of 74
[ Info: 2019-12-02 18:15:55 : Time taken to construct preconditioner = 0.000684588 seconds
[ Info: 2019-12-02 18:15:55 : Time taken to solve linear system = 0.000628641 seconds
      From worker 8:	Solving target 35 of 74
[ Info: 2019-12-02 18:15:55 : Time taken to construct preconditioner = 0.000704458 seconds
[ Info: 2019-12-02 18:15:55 : Time taken to solve linear system = 0.000668728 seconds
      From worker 8:	Solving target 36 of 74
[ Info: 2019-12-02 18:15:55 : Time taken to construct preconditioner = 0.000507105 seconds
[ Info: 2019-12-02 18:15:55 : Time taken to solve linear system = 0.000446631 seconds
      From worker 8:	Solving target 37 of 74
[ Info: 2019-12-02 18:15:55 : Time taken to construct preconditioner = 0.000407465 seconds
[ Info: 2019-12-02 18:15:55 : Time taken to solve linear system = 0.000302404 seconds
[ Info: 2019-12-02 18:15:55 : Time taken to construct preconditioner = 0.00047258 seconds
[ Info: 2019-12-02 18:15:55 : Time taken to solve linear system = 0.000387346 seconds
      From worker 8:	Solving target 38 of 74
      From worker 8:	Solving target 39 of 74
[ Info: 2019-12-02 18:15:55 : Time taken to construct preconditioner = 0.000508854 seconds
[ Info: 2019-12-02 18:15:55 : Time taken to solve linear system = 0.000443791 seconds
[ Info: 2019-12-02 18:15:55 : Time taken to construct preconditioner = 0.00070905 seconds
      From worker 8:	Solving target 40 of 74
[ Info: 2019-12-02 18:15:55 : Time taken to solve linear system = 0.000761765 seconds
[ Info: 2019-12-02 18:15:55 : Time taken to construct preconditioner = 0.000609822 seconds
[ Info: 2019-12-02 18:15:55 : Time taken to solve linear system = 0.000686351 seconds
      From worker 8:	Solving target 41 of 74
      From worker 8:	Solving target 42 of 74
[ Info: 2019-12-02 18:15:55 : Time taken to construct preconditioner = 0.000562121 seconds
[ Info: 2019-12-02 18:15:55 : Time taken to solve linear system = 0.000747561 seconds
      From worker 8:	Solving target 43 of 74
[ Info: 2019-12-02 18:15:55 : Time taken to construct preconditioner = 0.000644195 seconds
[ Info: 2019-12-02 18:15:55 : Time taken to solve linear system = 0.000497438 seconds
      From worker 8:	Solving target 44 of 74
[ Info: 2019-12-02 18:15:55 : Time taken to construct preconditioner = 0.000389227 seconds
[ Info: 2019-12-02 18:15:55 : Time taken to solve linear system = 0.000353056 seconds
[ Info: 2019-12-02 18:15:55 : Time taken to construct preconditioner = 0.000501349 seconds
      From worker 8:	Solving target 45 of 74
[ Info: 2019-12-02 18:15:55 : Time taken to solve linear system = 0.000274731 seconds
[ Info: 2019-12-02 18:15:55 : Time taken to construct preconditioner = 0.000656208 seconds
      From worker 8:	Solving target 46 of 74
[ Info: 2019-12-02 18:15:55 : Time taken to solve linear system = 0.000473532 seconds
      From worker 8:	Solving target 47 of 74
[ Info: 2019-12-02 18:15:55 : Time taken to construct preconditioner = 0.00063419 seconds
[ Info: 2019-12-02 18:15:55 : Time taken to solve linear system = 0.000633871 seconds
      From worker 8:	Solving target 48 of 74
[ Info: 2019-12-02 18:15:55 : Time taken to construct preconditioner = 0.000793247 seconds
[ Info: 2019-12-02 18:15:55 : Time taken to solve linear system = 0.000633623 seconds
      From worker 8:	Solving target 49 of 74
[ Info: 2019-12-02 18:15:55 : Time taken to construct preconditioner = 0.000781525 seconds
[ Info: 2019-12-02 18:15:55 : Time taken to solve linear system = 0.000551457 seconds
      From worker 8:	Solving target 50 of 74
[ Info: 2019-12-02 18:15:55 : Time taken to construct preconditioner = 0.000666484 seconds
[ Info: 2019-12-02 18:15:55 : Time taken to solve linear system = 0.000446436 seconds
      From worker 8:	Solving target 51 of 74
[ Info: 2019-12-02 18:15:55 : Time taken to construct preconditioner = 0.000496667 seconds
[ Info: 2019-12-02 18:15:55 : Time taken to solve linear system = 0.000342163 seconds
      From worker 8:	Solving target 52 of 74
[ Info: 2019-12-02 18:15:55 : Time taken to construct preconditioner = 0.00046675 seconds
[ Info: 2019-12-02 18:15:55 : Time taken to solve linear system = 0.00031628 seconds
      From worker 8:	Solving target 53 of 74
[ Info: 2019-12-02 18:15:55 : Time taken to construct preconditioner = 0.000675255 seconds
[ Info: 2019-12-02 18:15:55 : Time taken to solve linear system = 0.000464578 seconds
      From worker 8:	Solving target 54 of 74
[ Info: 2019-12-02 18:15:55 : Time taken to construct preconditioner = 0.000806988 seconds
[ Info: 2019-12-02 18:15:55 : Time taken to solve linear system = 0.00068936 seconds
      From worker 8:	Solving target 55 of 74
[ Info: 2019-12-02 18:15:55 : Time taken to construct preconditioner = 0.000808811 seconds
[ Info: 2019-12-02 18:15:55 : Time taken to solve linear system = 0.000773847 seconds
      From worker 8:	Solving target 56 of 74
[ Info: 2019-12-02 18:15:55 : Time taken to construct preconditioner = 0.00063339 seconds
[ Info: 2019-12-02 18:15:55 : Time taken to solve linear system = 0.000681788 seconds
      From worker 8:	Solving target 57 of 74
[ Info: 2019-12-02 18:15:55 : Time taken to construct preconditioner = 0.000623956 seconds
[ Info: 2019-12-02 18:15:55 : Time taken to solve linear system = 0.000678778 seconds
      From worker 8:	Solving target 58 of 74
[ Info: 2019-12-02 18:15:55 : Time taken to construct preconditioner = 0.00046171 seconds
[ Info: 2019-12-02 18:15:55 : Time taken to solve linear system = 0.000621203 seconds
      From worker 8:	Solving target 59 of 74
[ Info: 2019-12-02 18:15:55 : Time taken to construct preconditioner = 0.00040776 seconds
[ Info: 2019-12-02 18:15:55 : Time taken to solve linear system = 0.000276073 seconds
      From worker 8:	Solving target 60 of 74
[ Info: 2019-12-02 18:15:55 : Time taken to construct preconditioner = 0.000366166 seconds
[ Info: 2019-12-02 18:15:55 : Time taken to solve linear system = 0.0002301 seconds
      From worker 8:	Solving target 61 of 74
[ Info: 2019-12-02 18:15:55 : Time taken to construct preconditioner = 0.000639066 seconds
[ Info: 2019-12-02 18:15:55 : Time taken to solve linear system = 0.000529023 seconds
      From worker 8:	Solving target 62 of 74
[ Info: 2019-12-02 18:15:55 : Time taken to construct preconditioner = 0.000525117 seconds
[ Info: 2019-12-02 18:15:55 : Time taken to solve linear system = 0.000454412 seconds
      From worker 8:	Solving target 63 of 74
[ Info: 2019-12-02 18:15:55 : Time taken to construct preconditioner = 0.000565648 seconds
[ Info: 2019-12-02 18:15:55 : Time taken to solve linear system = 0.000533552 seconds
      From worker 8:	Solving target 64 of 74
[ Info: 2019-12-02 18:15:55 : Time taken to construct preconditioner = 0.000553229 seconds
[ Info: 2019-12-02 18:15:55 : Time taken to solve linear system = 0.000521996 seconds
      From worker 8:	Solving target 65 of 74
[ Info: 2019-12-02 18:15:55 : Time taken to construct preconditioner = 0.00045296 seconds
[ Info: 2019-12-02 18:15:55 : Time taken to solve linear system = 0.00043854 seconds
      From worker 8:	Solving target 66 of 74
[ Info: 2019-12-02 18:15:55 : Time taken to construct preconditioner = 0.000381563 seconds
[ Info: 2019-12-02 18:15:55 : Time taken to solve linear system = 0.000286375 seconds
      From worker 8:	Solving target 67 of 74
[ Info: 2019-12-02 18:15:55 : Time taken to construct preconditioner = 0.000238334 seconds
[ Info: 2019-12-02 18:15:55 : Time taken to solve linear system = 0.000200994 seconds
      From worker 8:	Solving target 68 of 74
[ Info: 2019-12-02 18:15:55 : Time taken to construct preconditioner = 0.000309245 seconds
[ Info: 2019-12-02 18:15:55 : Time taken to solve linear system = 0.000312452 seconds
      From worker 8:	Solving target 69 of 74
[ Info: 2019-12-02 18:15:56 : Time taken to construct preconditioner = 0.000368541 seconds
[ Info: 2019-12-02 18:15:56 : Time taken to solve linear system = 0.000386625 seconds
      From worker 8:	Solving target 70 of 74
[ Info: 2019-12-02 18:15:56 : Time taken to construct preconditioner = 0.000372023 seconds
[ Info: 2019-12-02 18:15:56 : Time taken to solve linear system = 0.000392213 seconds
      From worker 8:	Solving target 71 of 74
[ Info: 2019-12-02 18:15:56 : Time taken to construct preconditioner = 0.000373968 seconds
[ Info: 2019-12-02 18:15:56 : Time taken to solve linear system = 0.000338209 seconds
      From worker 8:	Solving target 72 of 74
[ Info: 2019-12-02 18:15:56 : Time taken to construct preconditioner = 0.000365664 seconds
[ Info: 2019-12-02 18:15:56 : Time taken to solve linear system = 0.000370813 seconds
      From worker 8:	Solving target 73 of 74
[ Info: 2019-12-02 18:15:56 : Time taken to construct preconditioner = 0.000294477 seconds
[ Info: 2019-12-02 18:15:56 : Time taken to solve linear system = 0.000265066 seconds
      From worker 8:	Solving target 74 of 74
[ Info: 2019-12-02 18:15:56 : Time taken to construct preconditioner = 0.00042263 seconds
[ Info: 2019-12-02 18:15:56 : Time taken to solve linear system = 0.000136918 seconds
      From worker 6:	Solving target 1 of 74
      From worker 7:	Solving target 4 of 74
      From worker 9:	Solving target 2 of 74
[ Info: 2019-12-02 18:16:03 : Time taken to construct preconditioner = 3.100871364 seconds
[ Info: 2019-12-02 18:16:04 : Time taken to solve linear system = 0.042546929 seconds
[ Info: 2019-12-02 18:16:04 : Time taken to construct preconditioner = 4.285678831 seconds
[ Info: 2019-12-02 18:16:05 : Time taken to solve linear system = 0.009274341 seconds
[ Info: 2019-12-02 18:16:05 : Time taken to construct preconditioner = 3.009121997 seconds
[ Info: 2019-12-02 18:16:06 : Time taken to solve linear system = 0.010444208 seconds
Combining maps across workers
Done
Time taken to complete job: 63.6 seconds
   Testing Omniscape tests passed 
