 Resolving package versions...
 Installed Reexport ───────── v0.2.0
 Installed Parsers ────────── v0.3.10
 Installed Compat ─────────── v2.2.0
 Installed AbstractFFTs ───── v0.5.0
 Installed NFFT ───────────── v0.5.0
 Installed FFTW ───────────── v1.1.0
 Installed BinaryProvider ─── v0.5.8
 Installed JSON ───────────── v0.21.0
 Installed VersionParsing ─── v1.1.3
 Installed Conda ──────────── v1.3.0
 Installed BinDeps ────────── v0.8.10
 Installed SpecialFunctions ─ v0.8.0
 Installed URIParser ──────── v0.4.0
  Updating `~/.julia/environments/v1.2/Project.toml`
  [efe261a4] + NFFT v0.5.0
  Updating `~/.julia/environments/v1.2/Manifest.toml`
  [621f4979] + AbstractFFTs v0.5.0
  [9e28174c] + BinDeps v0.8.10
  [b99e7846] + BinaryProvider v0.5.8
  [34da2185] + Compat v2.2.0
  [8f4d0f93] + Conda v1.3.0
  [7a1cc6ca] + FFTW v1.1.0
  [682c06a0] + JSON v0.21.0
  [efe261a4] + NFFT v0.5.0
  [69de0a69] + Parsers v0.3.10
  [189a3867] + Reexport v0.2.0
  [276daf66] + SpecialFunctions v0.8.0
  [30578b45] + URIParser v0.4.0
  [81def892] + VersionParsing v1.1.3
  [2a0f44e3] + Base64 
  [ade2ca70] + Dates 
  [8bb1440f] + DelimitedFiles 
  [8ba89e20] + Distributed 
  [b77e0a4c] + InteractiveUtils 
  [76f85450] + LibGit2 
  [8f399da3] + Libdl 
  [37e2e46d] + LinearAlgebra 
  [56ddb016] + Logging 
  [d6f4376e] + Markdown 
  [a63ad114] + Mmap 
  [44cfe95a] + Pkg 
  [de0858da] + Printf 
  [3fa0cd96] + REPL 
  [9a3f8284] + Random 
  [ea8e919c] + SHA 
  [9e88b42a] + Serialization 
  [1a1011a3] + SharedArrays 
  [6462fe0b] + Sockets 
  [2f01184e] + SparseArrays 
  [10745b16] + Statistics 
  [8dfed614] + Test 
  [cf7118a7] + UUIDs 
  [4ec0a83e] + Unicode 
  Building Conda ───────────→ `~/.julia/packages/Conda/kLXeC/deps/build.log`
  Building FFTW ────────────→ `~/.julia/packages/FFTW/loJ3F/deps/build.log`
  Building SpecialFunctions → `~/.julia/packages/SpecialFunctions/ne2iw/deps/build.log`
   Testing NFFT
 Resolving package versions...
    Status `/tmp/jl_MuDrw7/Manifest.toml`
  [621f4979] AbstractFFTs v0.5.0
  [9e28174c] BinDeps v0.8.10
  [b99e7846] BinaryProvider v0.5.8
  [34da2185] Compat v2.2.0
  [8f4d0f93] Conda v1.3.0
  [7a1cc6ca] FFTW v1.1.0
  [682c06a0] JSON v0.21.0
  [efe261a4] NFFT v0.5.0
  [69de0a69] Parsers v0.3.10
  [189a3867] Reexport v0.2.0
  [276daf66] SpecialFunctions v0.8.0
  [30578b45] URIParser v0.4.0
  [81def892] VersionParsing v1.1.3
  [2a0f44e3] Base64  [`@stdlib/Base64`]
  [ade2ca70] Dates  [`@stdlib/Dates`]
  [8bb1440f] DelimitedFiles  [`@stdlib/DelimitedFiles`]
  [8ba89e20] Distributed  [`@stdlib/Distributed`]
  [b77e0a4c] InteractiveUtils  [`@stdlib/InteractiveUtils`]
  [76f85450] LibGit2  [`@stdlib/LibGit2`]
  [8f399da3] Libdl  [`@stdlib/Libdl`]
  [37e2e46d] LinearAlgebra  [`@stdlib/LinearAlgebra`]
  [56ddb016] Logging  [`@stdlib/Logging`]
  [d6f4376e] Markdown  [`@stdlib/Markdown`]
  [a63ad114] Mmap  [`@stdlib/Mmap`]
  [44cfe95a] Pkg  [`@stdlib/Pkg`]
  [de0858da] Printf  [`@stdlib/Printf`]
  [3fa0cd96] REPL  [`@stdlib/REPL`]
  [9a3f8284] Random  [`@stdlib/Random`]
  [ea8e919c] SHA  [`@stdlib/SHA`]
  [9e88b42a] Serialization  [`@stdlib/Serialization`]
  [1a1011a3] SharedArrays  [`@stdlib/SharedArrays`]
  [6462fe0b] Sockets  [`@stdlib/Sockets`]
  [2f01184e] SparseArrays  [`@stdlib/SparseArrays`]
  [10745b16] Statistics  [`@stdlib/Statistics`]
  [8dfed614] Test  [`@stdlib/Test`]
  [cf7118a7] UUIDs  [`@stdlib/UUIDs`]
  [4ec0a83e] Unicode  [`@stdlib/Unicode`]
[ Info: Testing in 1 dimensions using kaiser_bessel window
[ Info: Testing in 1 dimensions using gauss window
[ Info: Testing in 1 dimensions using kaiser_bessel_rev window
[ Info: Testing in 1 dimensions using spline window
[ Info: Testing in 1 dimensions using kaiser_bessel window
[ Info: Testing in 1 dimensions using gauss window
[ Info: Testing in 1 dimensions using kaiser_bessel_rev window
[ Info: Testing in 1 dimensions using spline window
[ Info: Testing in 2 dimensions using kaiser_bessel window
[ Info: Testing in 2 dimensions using gauss window
[ Info: Testing in 2 dimensions using kaiser_bessel_rev window
[ Info: Testing in 2 dimensions using spline window
[ Info: Testing in 2 dimensions using kaiser_bessel window
[ Info: Testing in 2 dimensions using gauss window
[ Info: Testing in 2 dimensions using kaiser_bessel_rev window
[ Info: Testing in 2 dimensions using spline window
[ Info: Testing in 3 dimensions using kaiser_bessel window
[ Info: Testing in 3 dimensions using gauss window
[ Info: Testing in 3 dimensions using kaiser_bessel_rev window
[ Info: Testing in 3 dimensions using spline window
[ Info: Testing in 3 dimensions using kaiser_bessel window
[ Info: Testing in 3 dimensions using gauss window
[ Info: Testing in 3 dimensions using kaiser_bessel_rev window
[ Info: Testing in 3 dimensions using spline window
[ Info: Testing in 4 dimensions using kaiser_bessel window
[ Info: Testing in 4 dimensions using gauss window
[ Info: Testing in 4 dimensions using kaiser_bessel_rev window
[ Info: Testing in 4 dimensions using spline window
[ Info: Testing in 4 dimensions using kaiser_bessel window
[ Info: Testing in 4 dimensions using gauss window
[ Info: Testing in 4 dimensions using kaiser_bessel_rev window
[ Info: Testing in 4 dimensions using spline window
Test Summary:               | Pass  Total
NFFT in multiple dimensions |   64     64
Test Summary:    | Pass  Total
High level NFFT  |    4      4
Test Summary:            |
Abstract sampling points | No tests
Test Summary:          | Pass  Total
Directional NFFT 2 dim |    4      4
Test Summary:          | Pass  Total
Directional NFFT 3 dim |    6      6
[ Info: NFFT Performance Test 1D
┌ Info: * precomputation = 
└   pre = LUT::PrecomputeFlags = 1
[ Info: * initialization
  1.716278 seconds (3.16 M allocations: 68.243 MiB, 9.40% gc time)
[ Info: * adjoint
  0.400600 seconds (58.66 k allocations: 11.006 MiB)
[ Info: Timing: conv=0.184484277 fft=0.132843279 apod=0.014381726
[ Info: * trafo
  0.297781 seconds ([ Info: Timing: apod=0.007106864 fft=0.08571578 conv=0.188717624
64 allocations: 8.003 MiB, 1.30% gc time)
┌ Info: * precomputation = 
└   pre = FULL::PrecomputeFlags = 2
[ Info: * initialization
  2.058843 seconds (3.15 M allocations: 127.999 MiB, 6.93% gc time)
[ Info: * adjoint
[ Info: Timing: conv=0.088780064 fft=0.085231503 apod=0.010694994
  0.185281 seconds (64 allocations: 8.003 MiB)
[ Info: * trafo
[ Info: Timing: apod=0.004771087 fft=0.079486967 conv=0.08161067
  0.179565 seconds (65 allocations: 8.003 MiB)
[ Info: NFFT Performance Test 2D
┌ Info: * precomputation = 
└   pre = LUT::PrecomputeFlags = 1
[ Info: * initialization
  0.074999 seconds (40.37 k allocations: 64.683 MiB, 0.97% gc time)
[ Info: * adjoint
[ Info: Timing: conv=2.440938552 fft=0.199606602 apod=0.027427686
[ Info: * trafo
  2.668187 seconds (64 allocations: 16.003 MiB)
  3.820086 seconds (64 allocations: [ Info: Timing: apod=0.018401553 fft=0.264780637 conv=3.495560518
16.003 MiB, 0.41% gc time)
┌ Info: * precomputation = 
└   pre = FULL::PrecomputeFlags = 2
[ Info: * initialization
  7.473532 seconds (11.39 k allocations: 856.195 MiB, 3.87% gc time)
[ Info: * adjoint
[ Info: Timing: conv=1.340817689 fft=0.197197818 apod=0.027470153
[ Info: * trafo
  1.565685 seconds (66 allocations: 16.003 MiB)
[ Info: Timing: apod=0.016102371 fft=0.243785261 conv=1.059559979
  1.440874 seconds (67 allocations: 16.003 MiB, 6.73% gc time)
[ Info: NFFT Performance Test 3D
┌ Info: * precomputation = 
└   pre = LUT::PrecomputeFlags = 1
[ Info: * initialization
  0.018236 seconds (35.05 k allocations: 4.614 MiB)
[ Info: * adjoint
  0.445446 seconds (64 allocations: 514.703 KiB)
[ Info: Timing: conv=0.438525654 fft=0.005782835 apod=0.000942594
[ Info: * trafo
[ Info: Timing: apod=0.000524502 fft=0.005874372 conv=0.399442567
  0.409681 seconds (64 allocations: 514.703 KiB)
┌ Info: * precomputation = 
└   pre = FULL::PrecomputeFlags = 2
[ Info: * initialization
[ Info: * adjoint
  1.876540 seconds (518 allocations: 175.765 MiB, 5.89% gc time)
[ Info: Timing: conv=0.078143952 fft=0.005438361 apod=0.001227778
[ Info: * trafo
  0.084999 seconds (66 allocations: 514.781 KiB)
[ Info: Timing: apod=0.000623882 fft=0.005594367 conv=0.077755825
  0.085094 seconds (67 allocations: 514.797 KiB)
   Testing NFFT tests passed 
