 Resolving package versions...
 Installed VersionParsing ─── v1.1.3
 Installed URIParser ──────── v0.4.0
 Installed Reexport ───────── v0.2.0
 Installed NFFT ───────────── v0.5.0
 Installed BinDeps ────────── v0.8.10
 Installed FFTW ───────────── v1.1.0
 Installed SpecialFunctions ─ v0.8.0
 Installed BinaryProvider ─── v0.5.8
 Installed Parsers ────────── v0.3.10
 Installed JSON ───────────── v0.21.0
 Installed Conda ──────────── v1.3.0
 Installed Compat ─────────── v2.2.0
 Installed AbstractFFTs ───── v0.5.0
  Updating `~/.julia/environments/v1.3/Project.toml`
  [efe261a4] + NFFT v0.5.0
  Updating `~/.julia/environments/v1.3/Manifest.toml`
  [621f4979] + AbstractFFTs v0.5.0
  [9e28174c] + BinDeps v0.8.10
  [b99e7846] + BinaryProvider v0.5.8
  [34da2185] + Compat v2.2.0
  [8f4d0f93] + Conda v1.3.0
  [7a1cc6ca] + FFTW v1.1.0
  [682c06a0] + JSON v0.21.0
  [efe261a4] + NFFT v0.5.0
  [69de0a69] + Parsers v0.3.10
  [189a3867] + Reexport v0.2.0
  [276daf66] + SpecialFunctions v0.8.0
  [30578b45] + URIParser v0.4.0
  [81def892] + VersionParsing v1.1.3
  [2a0f44e3] + Base64 
  [ade2ca70] + Dates 
  [8bb1440f] + DelimitedFiles 
  [8ba89e20] + Distributed 
  [b77e0a4c] + InteractiveUtils 
  [76f85450] + LibGit2 
  [8f399da3] + Libdl 
  [37e2e46d] + LinearAlgebra 
  [56ddb016] + Logging 
  [d6f4376e] + Markdown 
  [a63ad114] + Mmap 
  [44cfe95a] + Pkg 
  [de0858da] + Printf 
  [3fa0cd96] + REPL 
  [9a3f8284] + Random 
  [ea8e919c] + SHA 
  [9e88b42a] + Serialization 
  [1a1011a3] + SharedArrays 
  [6462fe0b] + Sockets 
  [2f01184e] + SparseArrays 
  [10745b16] + Statistics 
  [8dfed614] + Test 
  [cf7118a7] + UUIDs 
  [4ec0a83e] + Unicode 
  Building SpecialFunctions → `~/.julia/packages/SpecialFunctions/ne2iw/deps/build.log`
  Building Conda ───────────→ `~/.julia/packages/Conda/kLXeC/deps/build.log`
  Building FFTW ────────────→ `~/.julia/packages/FFTW/loJ3F/deps/build.log`
   Testing NFFT
 Resolving package versions...
    Status `/tmp/jl_PAB1Rc/Manifest.toml`
  [621f4979] AbstractFFTs v0.5.0
  [9e28174c] BinDeps v0.8.10
  [b99e7846] BinaryProvider v0.5.8
  [34da2185] Compat v2.2.0
  [8f4d0f93] Conda v1.3.0
  [7a1cc6ca] FFTW v1.1.0
  [682c06a0] JSON v0.21.0
  [efe261a4] NFFT v0.5.0
  [69de0a69] Parsers v0.3.10
  [189a3867] Reexport v0.2.0
  [276daf66] SpecialFunctions v0.8.0
  [30578b45] URIParser v0.4.0
  [81def892] VersionParsing v1.1.3
  [2a0f44e3] Base64  [`@stdlib/Base64`]
  [ade2ca70] Dates  [`@stdlib/Dates`]
  [8bb1440f] DelimitedFiles  [`@stdlib/DelimitedFiles`]
  [8ba89e20] Distributed  [`@stdlib/Distributed`]
  [b77e0a4c] InteractiveUtils  [`@stdlib/InteractiveUtils`]
  [76f85450] LibGit2  [`@stdlib/LibGit2`]
  [8f399da3] Libdl  [`@stdlib/Libdl`]
  [37e2e46d] LinearAlgebra  [`@stdlib/LinearAlgebra`]
  [56ddb016] Logging  [`@stdlib/Logging`]
  [d6f4376e] Markdown  [`@stdlib/Markdown`]
  [a63ad114] Mmap  [`@stdlib/Mmap`]
  [44cfe95a] Pkg  [`@stdlib/Pkg`]
  [de0858da] Printf  [`@stdlib/Printf`]
  [3fa0cd96] REPL  [`@stdlib/REPL`]
  [9a3f8284] Random  [`@stdlib/Random`]
  [ea8e919c] SHA  [`@stdlib/SHA`]
  [9e88b42a] Serialization  [`@stdlib/Serialization`]
  [1a1011a3] SharedArrays  [`@stdlib/SharedArrays`]
  [6462fe0b] Sockets  [`@stdlib/Sockets`]
  [2f01184e] SparseArrays  [`@stdlib/SparseArrays`]
  [10745b16] Statistics  [`@stdlib/Statistics`]
  [8dfed614] Test  [`@stdlib/Test`]
  [cf7118a7] UUIDs  [`@stdlib/UUIDs`]
  [4ec0a83e] Unicode  [`@stdlib/Unicode`]
[ Info: Testing in 1 dimensions using kaiser_bessel window
[ Info: Testing in 1 dimensions using gauss window
[ Info: Testing in 1 dimensions using kaiser_bessel_rev window
[ Info: Testing in 1 dimensions using spline window
[ Info: Testing in 1 dimensions using kaiser_bessel window
[ Info: Testing in 1 dimensions using gauss window
[ Info: Testing in 1 dimensions using kaiser_bessel_rev window
[ Info: Testing in 1 dimensions using spline window
[ Info: Testing in 2 dimensions using kaiser_bessel window
[ Info: Testing in 2 dimensions using gauss window
[ Info: Testing in 2 dimensions using kaiser_bessel_rev window
[ Info: Testing in 2 dimensions using spline window
[ Info: Testing in 2 dimensions using kaiser_bessel window
[ Info: Testing in 2 dimensions using gauss window
[ Info: Testing in 2 dimensions using kaiser_bessel_rev window
[ Info: Testing in 2 dimensions using spline window
[ Info: Testing in 3 dimensions using kaiser_bessel window
[ Info: Testing in 3 dimensions using gauss window
[ Info: Testing in 3 dimensions using kaiser_bessel_rev window
[ Info: Testing in 3 dimensions using spline window
[ Info: Testing in 3 dimensions using kaiser_bessel window
[ Info: Testing in 3 dimensions using gauss window
[ Info: Testing in 3 dimensions using kaiser_bessel_rev window
[ Info: Testing in 3 dimensions using spline window
[ Info: Testing in 4 dimensions using kaiser_bessel window
[ Info: Testing in 4 dimensions using gauss window
[ Info: Testing in 4 dimensions using kaiser_bessel_rev window
[ Info: Testing in 4 dimensions using spline window
[ Info: Testing in 4 dimensions using kaiser_bessel window
[ Info: Testing in 4 dimensions using gauss window
[ Info: Testing in 4 dimensions using kaiser_bessel_rev window
[ Info: Testing in 4 dimensions using spline window
Test Summary:               | Pass  Total
NFFT in multiple dimensions |   64     64
Test Summary:    | Pass  Total
High level NFFT  |    4      4
Test Summary:            |
Abstract sampling points | No tests
Test Summary:          | Pass  Total
Directional NFFT 2 dim |    4      4
Test Summary:          | Pass  Total
Directional NFFT 3 dim |    6      6
[ Info: NFFT Performance Test 1D
┌ Info: * precomputation = 
└   pre = LUT::PrecomputeFlags = 1
[ Info: * initialization
  1.112067 seconds (3.16 M allocations: 68.243 MiB, 2.43% gc time)
[ Info: * adjoint
[ Info: Timing: conv=0.156909019 fft=0.071015653 apod=0.010316264
  0.238485 seconds (64 allocations: 8.003 MiB)
[ Info: * trafo
[ Info: Timing: apod=0.004408331 fft=0.06059894 conv=0.141820993
  0.217923 seconds (64 allocations: 8.003 MiB)
┌ Info: * precomputation = 
└   pre = FULL::PrecomputeFlags = 2
[ Info: * initialization
  1.234148 seconds (3.15 M allocations: 127.998 MiB, 1.39% gc time)
[ Info: * adjoint
  0.154564 seconds (64 allocations: [ Info: Timing: conv=0.079665149 fft=0.065012869 apod=0.009652828
8.003 MiB)
[ Info: * trafo
[ Info: Timing: apod=0.003968554 fft=0.0609867 conv=0.079497367
  0.199091 seconds (64 allocations: 8.003 MiB, 21.92% gc time)
[ Info: NFFT Performance Test 2D
┌ Info: * precomputation = 
└   pre = LUT::PrecomputeFlags = 1
[ Info: * initialization
  0.124371 seconds (40.36 k allocations: 64.682 MiB, 58.97% gc time)
[ Info: * adjoint
[ Info: Timing: conv=2.065046471 fft=0.219783485 apod=0.026451838
  2.311607 seconds (64 allocations: 16.003 MiB)
[ Info: * trafo
[ Info: Timing: apod=0.0167239 fft=0.233639281 conv=2.082556951
  2.356769 seconds (63 allocations: 16.002 MiB)
┌ Info: * precomputation = 
└   pre = FULL::PrecomputeFlags = 2
[ Info: * initialization
  5.637540 seconds (11.39 k allocations: 856.194 MiB, 1.30% gc time)
[ Info: * adjoint
[ Info: Timing: conv=0.941521703 fft=0.197022231 apod=0.020336983
[ Info: * trafo
  1.159063 seconds (66 allocations: 16.003 MiB)
[ Info: Timing: apod=0.015805967 fft=0.184358868 conv=0.559709487
  0.781116 seconds (67 allocations: 16.003 MiB)
[ Info: NFFT Performance Test 3D
┌ Info: * precomputation = 
└   pre = LUT::PrecomputeFlags = 1
[ Info: * initialization
  0.011575 seconds (35.04 k allocations: 4.613 MiB)
[ Info: * adjoint
[ Info: Timing: conv=0.234393733 fft=0.006413412 apod=0.001484741
[ Info: * trafo
  0.242525 seconds (64 allocations: 514.703 KiB)
  0.343012 seconds (64 allocations: 514.703 KiB)
[ Info: Timing: apod=0.000662709 fft=0.006310427 conv=0.334657567
┌ Info: * precomputation = 
└   pre = FULL::PrecomputeFlags = 2
[ Info: * initialization
  1.157012 seconds (511 allocations: 175.764 MiB, 8.85% gc time)
[ Info: * adjoint
[ Info: Timing: conv=0.0625404 fft=0.00420543 apod=0.000858457
[ Info: * trafo
  0.067807 seconds (65 allocations: 514.625 KiB)
  0.061343 seconds (67 allocations: 514.797 KiB)
[ Info: Timing: apod=0.000493663 fft=0.004315388 conv=0.055486781
   Testing NFFT tests passed 
