 Resolving package versions...
 Installed Reexport ───────── v0.2.0
 Installed URIParser ──────── v0.4.0
 Installed Compat ─────────── v2.2.0
 Installed Conda ──────────── v1.3.0
 Installed NFFT ───────────── v0.5.0
 Installed BinDeps ────────── v0.8.10
 Installed BinaryProvider ─── v0.5.8
 Installed JSON ───────────── v0.21.0
 Installed Parsers ────────── v0.3.10
 Installed AbstractFFTs ───── v0.5.0
 Installed VersionParsing ─── v1.1.3
 Installed FFTW ───────────── v1.1.0
 Installed SpecialFunctions ─ v0.8.0
  Updating `~/.julia/environments/v1.3/Project.toml`
  [efe261a4] + NFFT v0.5.0
  Updating `~/.julia/environments/v1.3/Manifest.toml`
  [621f4979] + AbstractFFTs v0.5.0
  [9e28174c] + BinDeps v0.8.10
  [b99e7846] + BinaryProvider v0.5.8
  [34da2185] + Compat v2.2.0
  [8f4d0f93] + Conda v1.3.0
  [7a1cc6ca] + FFTW v1.1.0
  [682c06a0] + JSON v0.21.0
  [efe261a4] + NFFT v0.5.0
  [69de0a69] + Parsers v0.3.10
  [189a3867] + Reexport v0.2.0
  [276daf66] + SpecialFunctions v0.8.0
  [30578b45] + URIParser v0.4.0
  [81def892] + VersionParsing v1.1.3
  [2a0f44e3] + Base64 
  [ade2ca70] + Dates 
  [8bb1440f] + DelimitedFiles 
  [8ba89e20] + Distributed 
  [b77e0a4c] + InteractiveUtils 
  [76f85450] + LibGit2 
  [8f399da3] + Libdl 
  [37e2e46d] + LinearAlgebra 
  [56ddb016] + Logging 
  [d6f4376e] + Markdown 
  [a63ad114] + Mmap 
  [44cfe95a] + Pkg 
  [de0858da] + Printf 
  [3fa0cd96] + REPL 
  [9a3f8284] + Random 
  [ea8e919c] + SHA 
  [9e88b42a] + Serialization 
  [1a1011a3] + SharedArrays 
  [6462fe0b] + Sockets 
  [2f01184e] + SparseArrays 
  [10745b16] + Statistics 
  [8dfed614] + Test 
  [cf7118a7] + UUIDs 
  [4ec0a83e] + Unicode 
  Building Conda ───────────→ `~/.julia/packages/Conda/kLXeC/deps/build.log`
  Building FFTW ────────────→ `~/.julia/packages/FFTW/loJ3F/deps/build.log`
  Building SpecialFunctions → `~/.julia/packages/SpecialFunctions/ne2iw/deps/build.log`
   Testing NFFT
 Resolving package versions...
    Status `/tmp/jl_kEXt6f/Manifest.toml`
  [621f4979] AbstractFFTs v0.5.0
  [9e28174c] BinDeps v0.8.10
  [b99e7846] BinaryProvider v0.5.8
  [34da2185] Compat v2.2.0
  [8f4d0f93] Conda v1.3.0
  [7a1cc6ca] FFTW v1.1.0
  [682c06a0] JSON v0.21.0
  [efe261a4] NFFT v0.5.0
  [69de0a69] Parsers v0.3.10
  [189a3867] Reexport v0.2.0
  [276daf66] SpecialFunctions v0.8.0
  [30578b45] URIParser v0.4.0
  [81def892] VersionParsing v1.1.3
  [2a0f44e3] Base64  [`@stdlib/Base64`]
  [ade2ca70] Dates  [`@stdlib/Dates`]
  [8bb1440f] DelimitedFiles  [`@stdlib/DelimitedFiles`]
  [8ba89e20] Distributed  [`@stdlib/Distributed`]
  [b77e0a4c] InteractiveUtils  [`@stdlib/InteractiveUtils`]
  [76f85450] LibGit2  [`@stdlib/LibGit2`]
  [8f399da3] Libdl  [`@stdlib/Libdl`]
  [37e2e46d] LinearAlgebra  [`@stdlib/LinearAlgebra`]
  [56ddb016] Logging  [`@stdlib/Logging`]
  [d6f4376e] Markdown  [`@stdlib/Markdown`]
  [a63ad114] Mmap  [`@stdlib/Mmap`]
  [44cfe95a] Pkg  [`@stdlib/Pkg`]
  [de0858da] Printf  [`@stdlib/Printf`]
  [3fa0cd96] REPL  [`@stdlib/REPL`]
  [9a3f8284] Random  [`@stdlib/Random`]
  [ea8e919c] SHA  [`@stdlib/SHA`]
  [9e88b42a] Serialization  [`@stdlib/Serialization`]
  [1a1011a3] SharedArrays  [`@stdlib/SharedArrays`]
  [6462fe0b] Sockets  [`@stdlib/Sockets`]
  [2f01184e] SparseArrays  [`@stdlib/SparseArrays`]
  [10745b16] Statistics  [`@stdlib/Statistics`]
  [8dfed614] Test  [`@stdlib/Test`]
  [cf7118a7] UUIDs  [`@stdlib/UUIDs`]
  [4ec0a83e] Unicode  [`@stdlib/Unicode`]
[ Info: Testing in 1 dimensions using kaiser_bessel window
[ Info: Testing in 1 dimensions using gauss window
[ Info: Testing in 1 dimensions using kaiser_bessel_rev window
[ Info: Testing in 1 dimensions using spline window
[ Info: Testing in 1 dimensions using kaiser_bessel window
[ Info: Testing in 1 dimensions using gauss window
[ Info: Testing in 1 dimensions using kaiser_bessel_rev window
[ Info: Testing in 1 dimensions using spline window
[ Info: Testing in 2 dimensions using kaiser_bessel window
[ Info: Testing in 2 dimensions using gauss window
[ Info: Testing in 2 dimensions using kaiser_bessel_rev window
[ Info: Testing in 2 dimensions using spline window
[ Info: Testing in 2 dimensions using kaiser_bessel window
[ Info: Testing in 2 dimensions using gauss window
[ Info: Testing in 2 dimensions using kaiser_bessel_rev window
[ Info: Testing in 2 dimensions using spline window
[ Info: Testing in 3 dimensions using kaiser_bessel window
[ Info: Testing in 3 dimensions using gauss window
[ Info: Testing in 3 dimensions using kaiser_bessel_rev window
[ Info: Testing in 3 dimensions using spline window
[ Info: Testing in 3 dimensions using kaiser_bessel window
[ Info: Testing in 3 dimensions using gauss window
[ Info: Testing in 3 dimensions using kaiser_bessel_rev window
[ Info: Testing in 3 dimensions using spline window
[ Info: Testing in 4 dimensions using kaiser_bessel window
[ Info: Testing in 4 dimensions using gauss window
[ Info: Testing in 4 dimensions using kaiser_bessel_rev window
[ Info: Testing in 4 dimensions using spline window
[ Info: Testing in 4 dimensions using kaiser_bessel window
[ Info: Testing in 4 dimensions using gauss window
[ Info: Testing in 4 dimensions using kaiser_bessel_rev window
[ Info: Testing in 4 dimensions using spline window
Test Summary:               | Pass  Total
NFFT in multiple dimensions |   64     64
Test Summary:    | Pass  Total
High level NFFT  |    4      4
Test Summary:            |
Abstract sampling points | No tests
Test Summary:          | Pass  Total
Directional NFFT 2 dim |    4      4
Test Summary:          | Pass  Total
Directional NFFT 3 dim |    6      6
[ Info: NFFT Performance Test 1D
┌ Info: * precomputation = 
└   pre = LUT::PrecomputeFlags = 1
[ Info: * initialization
  1.269921 seconds (3.16 M allocations: [ Info: * adjoint
68.243 MiB, 2.10% gc time)
  0.266292 seconds ([ Info: Timing: conv=0.181238115 fft=0.073777111 apod=0.011036025
64 allocations: 8.003 MiB)
[ Info: * trafo
  0.218113 seconds (63[ Info: Timing: apod=0.00512 fft=0.060615362 conv=0.139995835
 allocations: 8.002 MiB)
┌ Info: * precomputation = 
└   pre = FULL::PrecomputeFlags = 2
[ Info: * initialization
  1.657068 seconds (3.15 M allocations: 127.998 MiB, 0.68% gc time)
[ Info: * adjoint
  0.158730 seconds (64 allocations: 8.003 MiB)
[ Info: Timing: conv=0.076286613 fft=0.072201616 apod=0.010041335
[ Info: * trafo
[ Info: Timing: apod=0.004111127 fft=0.073848229 conv=0.07990361
[ Info: NFFT Performance Test 2D
  0.215412 seconds (66 allocations: 8.003 MiB, 21.41% gc time)
┌ Info: * precomputation = 
└   pre = LUT::PrecomputeFlags = 1
[ Info: * initialization
  0.176329 seconds (40.36 k allocations: 64.682 MiB, 61.74% gc time)
[ Info: * adjoint
  2.474435 seconds (64 allocations: 16.003 MiB)
[ Info: Timing: conv=2.188264328 fft=0.233490934 apod=0.052456902
[ Info: * trafo
[ Info: Timing: apod=0.01619139 fft=0.229777313 conv=2.43979384
┌ Info: * precomputation = 
└   pre = FULL::PrecomputeFlags = 2
[ Info: * initialization
  2.741499 seconds (63 allocations: 16.002 MiB)
  6.171855 seconds (11.39 k allocations: 856.194 MiB, 0.58% gc time)
[ Info: * adjoint
  1.319493 seconds (66 allocations: 16.003 MiB)
[ Info: Timing: conv=1.094484614 fft=0.19723051 apod=0.027465058
[ Info: * trafo
[ Info: Timing: apod=0.016140798 fft=0.240603743 conv=1.028381465
[ Info: NFFT Performance Test 3D
  1.307930 seconds (67 allocations: 16.003 MiB)
┌ Info: * precomputation = 
└   pre = LUT::PrecomputeFlags = 1
[ Info: * initialization
[ Info: * adjoint
  0.017762 seconds (35.04 k allocations: 4.613 MiB)
[ Info: Timing: conv=0.351131986 fft=0.005641768 apod=0.001331449
  0.358297 seconds (64 allocations: 514.703 KiB)
[ Info: * trafo
[ Info: Timing: apod=0.000527777 fft=0.005671272 conv=0.358692011
  0.366127 seconds (64 allocations: 514.703 KiB)
┌ Info: * precomputation = 
└   pre = FULL::PrecomputeFlags = 2
[ Info: * initialization
  1.477106 seconds (511 allocations: 175.764 MiB, 7.92% gc time)
[ Info: * adjoint
  0.098953 seconds (66 allocations: 514.781 KiB)
[ Info: Timing: conv=0.091142998 fft=0.006278072 apod=0.001319819
[ Info: * trafo
[ Info: Timing: apod=0.00052272 fft=0.006156499 conv=0.080173343
  0.088009 seconds (67 allocations: 514.797 KiB)
   Testing NFFT tests passed 
