 Resolving package versions...
 Installed Memoization ──────── v0.1.1
 Installed CSTParser ────────── v1.1.0
 Installed Tokenize ─────────── v0.5.7
 Installed Compat ───────────── v3.0.0
 Installed OrderedCollections ─ v1.1.0
 Installed DataStructures ───── v0.17.6
 Installed MacroTools ───────── v0.5.1
  Updating `~/.julia/environments/v1.3/Project.toml`
  [6fafb56a] + Memoization v0.1.1
  Updating `~/.julia/environments/v1.3/Manifest.toml`
  [00ebfdb7] + CSTParser v1.1.0
  [34da2185] + Compat v3.0.0
  [864edb3b] + DataStructures v0.17.6
  [1914dd2f] + MacroTools v0.5.1
  [6fafb56a] + Memoization v0.1.1
  [bac558e1] + OrderedCollections v1.1.0
  [0796e94c] + Tokenize v0.5.7
  [2a0f44e3] + Base64 
  [ade2ca70] + Dates 
  [8bb1440f] + DelimitedFiles 
  [8ba89e20] + Distributed 
  [b77e0a4c] + InteractiveUtils 
  [76f85450] + LibGit2 
  [8f399da3] + Libdl 
  [37e2e46d] + LinearAlgebra 
  [56ddb016] + Logging 
  [d6f4376e] + Markdown 
  [a63ad114] + Mmap 
  [44cfe95a] + Pkg 
  [de0858da] + Printf 
  [3fa0cd96] + REPL 
  [9a3f8284] + Random 
  [ea8e919c] + SHA 
  [9e88b42a] + Serialization 
  [1a1011a3] + SharedArrays 
  [6462fe0b] + Sockets 
  [2f01184e] + SparseArrays 
  [10745b16] + Statistics 
  [8dfed614] + Test 
  [cf7118a7] + UUIDs 
  [4ec0a83e] + Unicode 
   Testing Memoization
 Resolving package versions...
  Updating `/tmp/jl_A4pa2k/Project.toml`
  [6fafb56a] + Memoization v0.1.1
  Updating `/tmp/jl_A4pa2k/Manifest.toml`
 [no changes]
[ Info: Running Sandbox
    Status `/tmp/jl_A4pa2k/Project.toml`
  [6fafb56a] Memoization v0.1.1
  [8dfed614] Test 
WARNING: Compat.Markdown is deprecated, use Markdown instead.
  likely near /root/.julia/packages/MacroTools/ys44U/src/MacroTools.jl:4
WARNING: Compat.Random is deprecated, use Random instead.
  likely near /root/.julia/packages/MacroTools/ys44U/src/MacroTools.jl:35
Test Summary: | Pass  Broken  Total
Memoization   |   24       1     25
   Testing Memoization tests passed 
