 Resolving package versions...
 Installed HierarchicalMatrices ─ v0.2.0
  Updating `~/.julia/environments/v1.3/Project.toml`
  [7c893195] + HierarchicalMatrices v0.2.0
  Updating `~/.julia/environments/v1.3/Manifest.toml`
  [7c893195] + HierarchicalMatrices v0.2.0
  [8f399da3] + Libdl 
  [37e2e46d] + LinearAlgebra 
   Testing HierarchicalMatrices
 Resolving package versions...
    Status `/tmp/jl_p3rnXy/Manifest.toml`
  [7c893195] HierarchicalMatrices v0.2.0
  [2a0f44e3] Base64  [`@stdlib/Base64`]
  [8ba89e20] Distributed  [`@stdlib/Distributed`]
  [b77e0a4c] InteractiveUtils  [`@stdlib/InteractiveUtils`]
  [8f399da3] Libdl  [`@stdlib/Libdl`]
  [37e2e46d] LinearAlgebra  [`@stdlib/LinearAlgebra`]
  [56ddb016] Logging  [`@stdlib/Logging`]
  [d6f4376e] Markdown  [`@stdlib/Markdown`]
  [9a3f8284] Random  [`@stdlib/Random`]
  [9e88b42a] Serialization  [`@stdlib/Serialization`]
  [6462fe0b] Sockets  [`@stdlib/Sockets`]
  [8dfed614] Test  [`@stdlib/Test`]

cauchykernel matrix construction at N = 1000

  0.793980 seconds (242.29 k allocations: 15.619 MiB, 1.17% gc time)
  0.006852 seconds (2.02 k allocations: 4.166 MiB)
  0.032660 seconds (504 allocations: 7.657 MiB)
  0.007873 seconds (2 allocations: 7.629 MiB)

cauchykernel matrix-vector multiplication at N = 1000

  0.177595 seconds (44.76 k allocations: 2.311 MiB)
  0.001624 seconds (2 allocations: 7.953 KiB)
  0.022054 seconds (1 allocation: 7.938 KiB)
  0.001597 seconds (1 allocation: 7.938 KiB)

2-norm relative error: 2.818697389162418e-16


cauchykernel matrix construction at N = 10000

  0.120459 seconds (16.61 k allocations: 68.576 MiB, 10.21% gc time)
  0.148239 seconds (16.61 k allocations: 68.576 MiB, 22.94% gc time)
  0.869173 seconds (2 allocations: 762.940 MiB, 14.18% gc time)
  0.856859 seconds (2 allocations: 762.940 MiB, 18.51% gc time)

cauchykernel matrix-vector multiplication at N = 10000

  0.020012 seconds (507 allocations: 86.094 KiB)
  0.019919 seconds (507 allocations: 86.094 KiB)
  0.059275 seconds (2 allocations: 78.203 KiB)
  0.083179 seconds (2 allocations: 78.203 KiB)

2-norm relative error: 1.946991273791118e-15


coulombkernel matrix construction at N = 1000

  0.541966 seconds (11.12 k allocations: 4.572 MiB)
  0.006482 seconds (2.02 k allocations: 4.166 MiB)
  0.040426 seconds (15.64 k allocations: 8.338 MiB)
  0.007248 seconds (2 allocations: 7.629 MiB)

coulombkernel matrix-vector multiplication at N = 1000

  0.001453 seconds (2 allocations: 7.953 KiB)
  0.001327 seconds (2 allocations: 7.953 KiB)
  0.041433 seconds (1 allocation: 7.938 KiB)
  0.007842 seconds (1 allocation: 7.938 KiB)

2-norm relative error: 2.5806181678850466e-15


coulombkernel matrix construction at N = 10000

  0.120711 seconds (16.61 k allocations: 68.576 MiB)
  0.155979 seconds (16.61 k allocations: 68.576 MiB)
  0.898288 seconds (2 allocations: 762.940 MiB, 9.27% gc time)
  0.912106 seconds (2 allocations: 762.940 MiB, 8.60% gc time)

coulombkernel matrix-vector multiplication at N = 10000

  0.054459 seconds (507 allocations: 86.094 KiB)
  0.023722 seconds (507 allocations: 86.094 KiB)
  0.118326 seconds (2 allocations: 78.203 KiB)
  0.111676 seconds (2 allocations: 78.203 KiB)

2-norm relative error: 3.488392104543743e-15


coulombprimekernel matrix construction at N = 1000

  0.585251 seconds (242.75 k allocations: 15.575 MiB)
  0.005658 seconds (2.02 k allocations: 4.166 MiB)
  0.036234 seconds (15.72 k allocations: 8.340 MiB)
  0.005501 seconds (2 allocations: 7.629 MiB)

coulombprimekernel matrix-vector multiplication at N = 1000

  0.001534 seconds (2 allocations: 7.953 KiB)
  0.001646 seconds (2 allocations: 7.953 KiB)
  0.046456 seconds (1 allocation: 7.938 KiB)
  0.001650 seconds (1 allocation: 7.938 KiB)

2-norm relative error: 3.7580544188760607e-16


coulombprimekernel matrix construction at N = 10000

  0.101996 seconds (16.61 k allocations: 68.576 MiB)
  0.142872 seconds (16.61 k allocations: 68.576 MiB)
  0.965270 seconds (2 allocations: 762.940 MiB, 12.93% gc time)
  0.901876 seconds (2 allocations: 762.940 MiB, 10.23% gc time)

coulombprimekernel matrix-vector multiplication at N = 10000

  0.022589 seconds (507 allocations: 86.094 KiB)
  0.023104 seconds (507 allocations: 86.094 KiB)
  0.090137 seconds (2 allocations: 78.203 KiB)
  0.096802 seconds (2 allocations: 78.203 KiB)

2-norm relative error: 1.539925165448831e-16


logkernel matrix construction at N = 1000

  0.640716 seconds (240.18 k allocations: 15.446 MiB)
  0.007019 seconds (2.02 k allocations: 4.166 MiB)
  0.048732 seconds (15.63 k allocations: 8.337 MiB)
  0.017512 seconds (2 allocations: 7.629 MiB)

logkernel matrix-vector multiplication at N = 1000

  0.001610 seconds (2 allocations: 7.953 KiB)
  0.001578 seconds (2 allocations: 7.953 KiB)
  0.007585 seconds (1 allocation: 7.938 KiB)
  0.001524 seconds (1 allocation: 7.938 KiB)

2-norm relative error: 9.02622392890849e-16


logkernel matrix construction at N = 10000

  0.101535 seconds (16.61 k allocations: 68.576 MiB)
  0.105911 seconds (16.61 k allocations: 68.576 MiB)
  2.526034 seconds (2 allocations: 762.940 MiB, 3.70% gc time)
  2.354591 seconds (2 allocations: 762.940 MiB, 3.48% gc time)

logkernel matrix-vector multiplication at N = 10000

  0.022296 seconds (507 allocations: 86.094 KiB)
  0.022316 seconds (507 allocations: 86.094 KiB)
  0.092647 seconds (2 allocations: 78.203 KiB)
  0.094787 seconds (2 allocations: 78.203 KiB)

2-norm relative error: 1.842137421642231e-15



cauchykernel matrix construction at N = 1000

  0.004334 seconds (1.73 k allocations: 4.149 MiB)
  0.004305 seconds (1.73 k allocations: 4.149 MiB)
  0.002129 seconds (2 allocations: 7.629 MiB)
  0.007716 seconds (2 allocations: 7.629 MiB)

cauchykernel matrix-vector multiplication at N = 1000

  0.001615 seconds (5 allocations: 8.000 KiB)
  0.001598 seconds (5 allocations: 8.000 KiB)
  0.008302 seconds (1 allocation: 7.938 KiB)
  0.002174 seconds (1 allocation: 7.938 KiB)

2-norm relative error: 1.5215142224315163e-16


cauchykernel matrix construction at N = 10000

  0.145428 seconds (16.70 k allocations: 70.265 MiB)
  0.067938 seconds (16.70 k allocations: 70.265 MiB)
  0.822488 seconds (2 allocations: 762.940 MiB, 10.42% gc time)
  0.822923 seconds (2 allocations: 762.940 MiB, 10.54% gc time)

cauchykernel matrix-vector multiplication at N = 10000

  0.022627 seconds (513 allocations: 86.188 KiB)
  0.024812 seconds (513 allocations: 86.188 KiB)
  0.067876 seconds (2 allocations: 78.203 KiB)
  0.065547 seconds (2 allocations: 78.203 KiB)

2-norm relative error: 2.011273946913695e-16


coulombkernel matrix construction at N = 1000

  0.004781 seconds (1.73 k allocations: 4.149 MiB)
  0.004678 seconds (1.73 k allocations: 4.149 MiB)
  0.002473 seconds (2 allocations: 7.629 MiB)
  0.002467 seconds (2 allocations: 7.629 MiB)

coulombkernel matrix-vector multiplication at N = 1000

  0.001479 seconds (5 allocations: 8.000 KiB)
  0.001509 seconds (5 allocations: 8.000 KiB)
  0.001123 seconds (1 allocation: 7.938 KiB)
  0.001022 seconds (1 allocation: 7.938 KiB)

2-norm relative error: 4.931238775119035e-17


coulombkernel matrix construction at N = 10000

  0.076469 seconds (16.70 k allocations: 70.265 MiB)
  0.077093 seconds (16.70 k allocations: 70.265 MiB)
  0.970549 seconds (2 allocations: 762.940 MiB, 9.93% gc time)
  0.961837 seconds (2 allocations: 762.940 MiB, 10.94% gc time)

coulombkernel matrix-vector multiplication at N = 10000

  0.025258 seconds (513 allocations: 86.188 KiB)
  0.023075 seconds (513 allocations: 86.188 KiB)
  0.085123 seconds (2 allocations: 78.203 KiB)
  0.106689 seconds (2 allocations: 78.203 KiB)

2-norm relative error: 1.1668519724777926e-16


coulombprimekernel matrix construction at N = 1000

  0.005326 seconds (1.73 k allocations: 4.149 MiB)
  0.005362 seconds (1.73 k allocations: 4.149 MiB)
  0.003273 seconds (2 allocations: 7.629 MiB)
  0.010737 seconds (2 allocations: 7.629 MiB)

coulombprimekernel matrix-vector multiplication at N = 1000

  0.001960 seconds (5 allocations: 8.000 KiB)
  0.001859 seconds (5 allocations: 8.000 KiB)
  0.045824 seconds (1 allocation: 7.938 KiB)
  0.023207 seconds (1 allocation: 7.938 KiB)

2-norm relative error: 1.5972003705583853e-17


coulombprimekernel matrix construction at N = 10000

  0.190610 seconds (16.70 k allocations: 70.265 MiB)
  0.084898 seconds (16.70 k allocations: 70.265 MiB)
  0.995522 seconds (2 allocations: 762.940 MiB, 10.34% gc time)
  0.958218 seconds (2 allocations: 762.940 MiB, 9.64% gc time)

coulombprimekernel matrix-vector multiplication at N = 10000

  0.022946 seconds (513 allocations: 86.188 KiB)
  0.021007 seconds (513 allocations: 86.188 KiB)
  0.098866 seconds (2 allocations: 78.203 KiB)
  0.072567 seconds (2 allocations: 78.203 KiB)

2-norm relative error: 1.4890223020946745e-16


logkernel matrix construction at N = 1000

  0.010824 seconds (1.73 k allocations: 4.149 MiB)
  0.007859 seconds (1.73 k allocations: 4.149 MiB)
  0.019079 seconds (2 allocations: 7.629 MiB)
  0.019144 seconds (2 allocations: 7.629 MiB)

logkernel matrix-vector multiplication at N = 1000

  0.001656 seconds (5 allocations: 8.000 KiB)
  0.001978 seconds (5 allocations: 8.000 KiB)
  0.036281 seconds (1 allocation: 7.938 KiB)
  0.002761 seconds (1 allocation: 7.938 KiB)

2-norm relative error: 4.2739292196631924e-15


logkernel matrix construction at N = 10000

  0.207469 seconds (16.70 k allocations: 70.265 MiB)
  0.107113 seconds (16.70 k allocations: 70.265 MiB)
  3.031448 seconds (2 allocations: 762.940 MiB, 3.50% gc time)
  2.566284 seconds (2 allocations: 762.940 MiB, 4.12% gc time)

logkernel matrix-vector multiplication at N = 10000

  0.023094 seconds (513 allocations: 86.188 KiB)
  0.024233 seconds (513 allocations: 86.188 KiB)
  0.134356 seconds (2 allocations: 78.203 KiB)
  0.103158 seconds (2 allocations: 78.203 KiB)

2-norm relative error: 1.7167877704261705e-15

   Testing HierarchicalMatrices tests passed 
