 Resolving package versions...
 Installed HierarchicalMatrices ─ v0.2.0
  Updating `~/.julia/environments/v1.3/Project.toml`
  [7c893195] + HierarchicalMatrices v0.2.0
  Updating `~/.julia/environments/v1.3/Manifest.toml`
  [7c893195] + HierarchicalMatrices v0.2.0
  [8f399da3] + Libdl 
  [37e2e46d] + LinearAlgebra 
   Testing HierarchicalMatrices
 Resolving package versions...
    Status `/tmp/jl_mFquDA/Manifest.toml`
  [7c893195] HierarchicalMatrices v0.2.0
  [2a0f44e3] Base64  [`@stdlib/Base64`]
  [8ba89e20] Distributed  [`@stdlib/Distributed`]
  [b77e0a4c] InteractiveUtils  [`@stdlib/InteractiveUtils`]
  [8f399da3] Libdl  [`@stdlib/Libdl`]
  [37e2e46d] LinearAlgebra  [`@stdlib/LinearAlgebra`]
  [56ddb016] Logging  [`@stdlib/Logging`]
  [d6f4376e] Markdown  [`@stdlib/Markdown`]
  [9a3f8284] Random  [`@stdlib/Random`]
  [9e88b42a] Serialization  [`@stdlib/Serialization`]
  [6462fe0b] Sockets  [`@stdlib/Sockets`]
  [8dfed614] Test  [`@stdlib/Test`]

cauchykernel matrix construction at N = 1000

  0.836844 seconds (242.29 k allocations: 15.619 MiB, 1.14% gc time)
  0.006141 seconds (2.02 k allocations: 4.166 MiB)
  0.031321 seconds (504 allocations: 7.657 MiB)
  0.014743 seconds (2 allocations: 7.629 MiB)

cauchykernel matrix-vector multiplication at N = 1000

  0.231488 seconds (44.76 k allocations: 2.312 MiB)
  0.001624 seconds (2 allocations: 7.953 KiB)
  0.043657 seconds (1 allocation: 7.938 KiB)
  0.002282 seconds (1 allocation: 7.938 KiB)

2-norm relative error: 2.818697389162418e-16


cauchykernel matrix construction at N = 10000

  0.115099 seconds (16.61 k allocations: 68.576 MiB, 10.40% gc time)
  0.144605 seconds (16.61 k allocations: 68.576 MiB, 22.42% gc time)
  1.034130 seconds (2 allocations: 762.940 MiB, 14.04% gc time)
  1.282084 seconds (2 allocations: 762.940 MiB, 15.83% gc time)

cauchykernel matrix-vector multiplication at N = 10000

  0.034755 seconds (507 allocations: 86.094 KiB)
  0.028491 seconds (507 allocations: 86.094 KiB)
  0.164508 seconds (2 allocations: 78.203 KiB)
  0.167271 seconds (2 allocations: 78.203 KiB)

2-norm relative error: 1.946991273791118e-15


coulombkernel matrix construction at N = 1000

  0.622897 seconds (11.12 k allocations: 4.572 MiB)
  0.008632 seconds (2.02 k allocations: 4.166 MiB)
  0.047240 seconds (15.64 k allocations: 8.338 MiB)
  0.008434 seconds (2 allocations: 7.629 MiB)

coulombkernel matrix-vector multiplication at N = 1000

  0.001569 seconds (2 allocations: 7.953 KiB)
  0.001571 seconds (2 allocations: 7.953 KiB)
  0.009194 seconds (1 allocation: 7.938 KiB)
  0.010431 seconds (1 allocation: 7.938 KiB)

2-norm relative error: 2.5806181678850466e-15


coulombkernel matrix construction at N = 10000

  0.241368 seconds (16.61 k allocations: 68.576 MiB)
  0.147963 seconds (16.61 k allocations: 68.576 MiB)
  1.102763 seconds (2 allocations: 762.940 MiB, 7.76% gc time)
  1.084347 seconds (2 allocations: 762.940 MiB, 8.27% gc time)

coulombkernel matrix-vector multiplication at N = 10000

  0.053842 seconds (507 allocations: 86.094 KiB)
  0.021497 seconds (507 allocations: 86.094 KiB)
  0.105937 seconds (2 allocations: 78.203 KiB)
  0.079274 seconds (2 allocations: 78.203 KiB)

2-norm relative error: 3.488392104543743e-15


coulombprimekernel matrix construction at N = 1000

  0.665917 seconds (242.75 k allocations: 15.575 MiB)
  0.006041 seconds (2.02 k allocations: 4.166 MiB)
  0.037536 seconds (15.72 k allocations: 8.340 MiB)
  0.005847 seconds (2 allocations: 7.629 MiB)

coulombprimekernel matrix-vector multiplication at N = 1000

  0.001428 seconds (2 allocations: 7.953 KiB)
  0.001562 seconds (2 allocations: 7.953 KiB)
  0.022786 seconds (1 allocation: 7.938 KiB)
  0.005793 seconds (1 allocation: 7.938 KiB)

2-norm relative error: 3.7580544188760607e-16


coulombprimekernel matrix construction at N = 10000

  0.107967 seconds (16.61 k allocations: 68.576 MiB)
  0.126472 seconds (16.61 k allocations: 68.576 MiB)
  0.967290 seconds (2 allocations: 762.940 MiB, 9.06% gc time)
  0.888628 seconds (2 allocations: 762.940 MiB, 9.28% gc time)

coulombprimekernel matrix-vector multiplication at N = 10000

  0.021596 seconds (507 allocations: 86.094 KiB)
  0.021982 seconds (507 allocations: 86.094 KiB)
  0.111736 seconds (2 allocations: 78.203 KiB)
  0.184793 seconds (2 allocations: 78.203 KiB)

2-norm relative error: 1.539925165448831e-16


logkernel matrix construction at N = 1000

  0.849743 seconds (240.18 k allocations: 15.446 MiB)
  0.007258 seconds (2.02 k allocations: 4.166 MiB)
  0.048502 seconds (15.63 k allocations: 8.337 MiB)
  0.017004 seconds (2 allocations: 7.629 MiB)

logkernel matrix-vector multiplication at N = 1000

  0.001545 seconds (2 allocations: 7.953 KiB)
  0.001667 seconds (2 allocations: 7.953 KiB)
  0.059370 seconds (1 allocation: 7.938 KiB)
  0.003319 seconds (1 allocation: 7.938 KiB)

2-norm relative error: 9.02622392890849e-16


logkernel matrix construction at N = 10000

  0.205531 seconds (16.61 k allocations: 68.576 MiB)
  0.121378 seconds (16.61 k allocations: 68.576 MiB)
  2.693350 seconds (2 allocations: 762.940 MiB, 3.43% gc time)
  3.373878 seconds (2 allocations: 762.940 MiB, 2.97% gc time)

logkernel matrix-vector multiplication at N = 10000

  0.030227 seconds (507 allocations: 86.094 KiB)
  0.028176 seconds (507 allocations: 86.094 KiB)
  0.105112 seconds (2 allocations: 78.203 KiB)
  0.098880 seconds (2 allocations: 78.203 KiB)

2-norm relative error: 1.842137421642231e-15



cauchykernel matrix construction at N = 1000

  0.004668 seconds (1.73 k allocations: 4.149 MiB)
  0.005107 seconds (1.73 k allocations: 4.149 MiB)
  0.001985 seconds (2 allocations: 7.629 MiB)
  0.002407 seconds (2 allocations: 7.629 MiB)

cauchykernel matrix-vector multiplication at N = 1000

  0.001639 seconds (5 allocations: 8.000 KiB)
  0.001607 seconds (5 allocations: 8.000 KiB)
  0.068620 seconds (1 allocation: 7.938 KiB)
  0.010591 seconds (1 allocation: 7.938 KiB)

2-norm relative error: 1.5215142224315163e-16


cauchykernel matrix construction at N = 10000

  0.075690 seconds (16.70 k allocations: 70.265 MiB)
  0.076502 seconds (16.70 k allocations: 70.265 MiB)
  0.972759 seconds (2 allocations: 762.940 MiB, 9.32% gc time)
  0.888284 seconds (2 allocations: 762.940 MiB, 9.12% gc time)

cauchykernel matrix-vector multiplication at N = 10000

  0.021123 seconds (513 allocations: 86.188 KiB)
  0.023943 seconds (513 allocations: 86.188 KiB)
  0.120027 seconds (2 allocations: 78.203 KiB)
  0.102347 seconds (2 allocations: 78.203 KiB)

2-norm relative error: 2.011273946913695e-16


coulombkernel matrix construction at N = 1000

  0.014000 seconds (1.73 k allocations: 4.149 MiB)
  0.012310 seconds (1.73 k allocations: 4.149 MiB)
  0.002043 seconds (2 allocations: 7.629 MiB)
  0.002068 seconds (2 allocations: 7.629 MiB)

coulombkernel matrix-vector multiplication at N = 1000

  0.001529 seconds (5 allocations: 8.000 KiB)
  0.017355 seconds (5 allocations: 8.000 KiB)
  0.055325 seconds (1 allocation: 7.938 KiB)
  0.063085 seconds (1 allocation: 7.938 KiB)

2-norm relative error: 4.931238775119035e-17


coulombkernel matrix construction at N = 10000

  0.139334 seconds (16.70 k allocations: 70.265 MiB)
  0.071487 seconds (16.70 k allocations: 70.265 MiB)
  0.865899 seconds (2 allocations: 762.940 MiB, 10.00% gc time)
  0.921663 seconds (2 allocations: 762.940 MiB, 8.47% gc time)

coulombkernel matrix-vector multiplication at N = 10000

  0.049812 seconds (513 allocations: 86.188 KiB)
  0.042342 seconds (513 allocations: 86.188 KiB)
  0.147926 seconds (2 allocations: 78.203 KiB)
  0.140826 seconds (2 allocations: 78.203 KiB)

2-norm relative error: 1.1668519724777926e-16


coulombprimekernel matrix construction at N = 1000

  0.080970 seconds (1.73 k allocations: 4.149 MiB)
  0.040925 seconds (1.73 k allocations: 4.149 MiB)
  0.002911 seconds (2 allocations: 7.629 MiB)
  0.028449 seconds (2 allocations: 7.629 MiB)

coulombprimekernel matrix-vector multiplication at N = 1000

  0.001689 seconds (5 allocations: 8.000 KiB)
  0.001863 seconds (5 allocations: 8.000 KiB)
  0.019787 seconds (1 allocation: 7.938 KiB)
  0.009440 seconds (1 allocation: 7.938 KiB)

2-norm relative error: 1.5972003705583853e-17


coulombprimekernel matrix construction at N = 10000

  0.266349 seconds (16.70 k allocations: 70.265 MiB)
  0.102460 seconds (16.70 k allocations: 70.265 MiB)
  0.941898 seconds (2 allocations: 762.940 MiB, 8.56% gc time)
  1.138039 seconds (2 allocations: 762.940 MiB, 6.52% gc time)

coulombprimekernel matrix-vector multiplication at N = 10000

  0.029611 seconds (513 allocations: 86.188 KiB)
  0.038324 seconds (513 allocations: 86.188 KiB)
  0.135236 seconds (2 allocations: 78.203 KiB)
  0.092281 seconds (2 allocations: 78.203 KiB)

2-norm relative error: 1.4890223020946745e-16


logkernel matrix construction at N = 1000

  0.008619 seconds (1.73 k allocations: 4.149 MiB)
  0.012792 seconds (1.73 k allocations: 4.149 MiB)
  0.028013 seconds (2 allocations: 7.629 MiB)
  0.030806 seconds (2 allocations: 7.629 MiB)

logkernel matrix-vector multiplication at N = 1000

  0.001630 seconds (5 allocations: 8.000 KiB)
  0.001569 seconds (5 allocations: 8.000 KiB)
  0.078244 seconds (1 allocation: 7.938 KiB)
  0.006340 seconds (1 allocation: 7.938 KiB)

2-norm relative error: 4.2739292196631924e-15


logkernel matrix construction at N = 10000

  0.343489 seconds (16.70 k allocations: 70.265 MiB)
  0.152679 seconds (16.70 k allocations: 70.265 MiB)
  3.161510 seconds (2 allocations: 762.940 MiB, 4.37% gc time)
  2.836231 seconds (2 allocations: 762.940 MiB, 2.78% gc time)

logkernel matrix-vector multiplication at N = 10000

  0.023690 seconds (513 allocations: 86.188 KiB)
  0.023387 seconds (513 allocations: 86.188 KiB)
  0.137349 seconds (2 allocations: 78.203 KiB)
  0.118464 seconds (2 allocations: 78.203 KiB)

2-norm relative error: 1.7167877704261705e-15

   Testing HierarchicalMatrices tests passed 
