 Resolving package versions...
 Installed DataAPI ──────────── v1.1.0
 Installed Graph500 ─────────── v0.1.0
 Installed Missings ─────────── v0.4.3
 Installed SortingAlgorithms ── v0.3.1
 Installed SimpleTraits ─────── v0.9.1
 Installed Inflate ──────────── v0.1.1
 Installed DataStructures ───── v0.17.6
 Installed MacroTools ───────── v0.5.1
 Installed OrderedCollections ─ v1.1.0
 Installed StatsBase ────────── v0.32.0
 Installed CSTParser ────────── v1.1.0
 Installed Tokenize ─────────── v0.5.7
 Installed StaticArrays ─────── v0.12.1
 Installed ArnoldiMethod ────── v0.0.4
 Installed Compat ───────────── v3.0.0
 Installed LightGraphs ──────── v1.3.0
 Installed ProgressMeter ────── v0.9.0
  Updating `~/.julia/environments/v1.3/Project.toml`
  [1ba61846] + Graph500 v0.1.0
  Updating `~/.julia/environments/v1.3/Manifest.toml`
  [ec485272] + ArnoldiMethod v0.0.4
  [00ebfdb7] + CSTParser v1.1.0
  [34da2185] + Compat v3.0.0
  [9a962f9c] + DataAPI v1.1.0
  [864edb3b] + DataStructures v0.17.6
  [1ba61846] + Graph500 v0.1.0
  [d25df0c9] + Inflate v0.1.1
  [093fc24a] + LightGraphs v1.3.0
  [1914dd2f] + MacroTools v0.5.1
  [e1d29d7a] + Missings v0.4.3
  [bac558e1] + OrderedCollections v1.1.0
  [92933f4c] + ProgressMeter v0.9.0
  [699a6c99] + SimpleTraits v0.9.1
  [a2af1166] + SortingAlgorithms v0.3.1
  [90137ffa] + StaticArrays v0.12.1
  [2913bbd2] + StatsBase v0.32.0
  [0796e94c] + Tokenize v0.5.7
  [2a0f44e3] + Base64 
  [ade2ca70] + Dates 
  [8bb1440f] + DelimitedFiles 
  [8ba89e20] + Distributed 
  [b77e0a4c] + InteractiveUtils 
  [76f85450] + LibGit2 
  [8f399da3] + Libdl 
  [37e2e46d] + LinearAlgebra 
  [56ddb016] + Logging 
  [d6f4376e] + Markdown 
  [a63ad114] + Mmap 
  [44cfe95a] + Pkg 
  [de0858da] + Printf 
  [3fa0cd96] + REPL 
  [9a3f8284] + Random 
  [ea8e919c] + SHA 
  [9e88b42a] + Serialization 
  [1a1011a3] + SharedArrays 
  [6462fe0b] + Sockets 
  [2f01184e] + SparseArrays 
  [10745b16] + Statistics 
  [8dfed614] + Test 
  [cf7118a7] + UUIDs 
  [4ec0a83e] + Unicode 
   Testing Graph500
    Status `/tmp/jl_sUoOlG/Manifest.toml`
  [ec485272] ArnoldiMethod v0.0.4
  [00ebfdb7] CSTParser v1.1.0
  [34da2185] Compat v3.0.0
  [9a962f9c] DataAPI v1.1.0
  [864edb3b] DataStructures v0.17.6
  [1ba61846] Graph500 v0.1.0
  [d25df0c9] Inflate v0.1.1
  [093fc24a] LightGraphs v1.3.0
  [1914dd2f] MacroTools v0.5.1
  [e1d29d7a] Missings v0.4.3
  [bac558e1] OrderedCollections v1.1.0
  [92933f4c] ProgressMeter v0.9.0
  [699a6c99] SimpleTraits v0.9.1
  [a2af1166] SortingAlgorithms v0.3.1
  [90137ffa] StaticArrays v0.12.1
  [2913bbd2] StatsBase v0.32.0
  [0796e94c] Tokenize v0.5.7
  [2a0f44e3] Base64  [`@stdlib/Base64`]
  [ade2ca70] Dates  [`@stdlib/Dates`]
  [8bb1440f] DelimitedFiles  [`@stdlib/DelimitedFiles`]
  [8ba89e20] Distributed  [`@stdlib/Distributed`]
  [b77e0a4c] InteractiveUtils  [`@stdlib/InteractiveUtils`]
  [76f85450] LibGit2  [`@stdlib/LibGit2`]
  [8f399da3] Libdl  [`@stdlib/Libdl`]
  [37e2e46d] LinearAlgebra  [`@stdlib/LinearAlgebra`]
  [56ddb016] Logging  [`@stdlib/Logging`]
  [d6f4376e] Markdown  [`@stdlib/Markdown`]
  [a63ad114] Mmap  [`@stdlib/Mmap`]
  [44cfe95a] Pkg  [`@stdlib/Pkg`]
  [de0858da] Printf  [`@stdlib/Printf`]
  [3fa0cd96] REPL  [`@stdlib/REPL`]
  [9a3f8284] Random  [`@stdlib/Random`]
  [ea8e919c] SHA  [`@stdlib/SHA`]
  [9e88b42a] Serialization  [`@stdlib/Serialization`]
  [1a1011a3] SharedArrays  [`@stdlib/SharedArrays`]
  [6462fe0b] Sockets  [`@stdlib/Sockets`]
  [2f01184e] SparseArrays  [`@stdlib/SparseArrays`]
  [10745b16] Statistics  [`@stdlib/Statistics`]
  [8dfed614] Test  [`@stdlib/Test`]
  [cf7118a7] UUIDs  [`@stdlib/UUIDs`]
  [4ec0a83e] Unicode  [`@stdlib/Unicode`]
WARNING: Compat.Markdown is deprecated, use Markdown instead.
  likely near /root/.julia/packages/MacroTools/ys44U/src/MacroTools.jl:4
WARNING: Compat.Random is deprecated, use Random instead.
  likely near /root/.julia/packages/MacroTools/ys44U/src/MacroTools.jl:35
Generating graph.
Starting Kernel 1.

[32mBenchmark Info[39m
Scale : 4
Number of vertices : 15
Number of Edges : 20
Number of Bfs : 14


[32mGraph construction time[39m
Graph Construction Time : 2.2276e-5


[32mBFS time statistics[39m
BFS min time : 2.204e-6
BFS first quartile time : 2.3997499999999998e-6
BFS median time : 2.681e-6
BFS third quartile time : 2.851e-6
BFS max time : 1.2234e-5
BFS mean time : 3.902428571428572e-6
BFS standard deviation time : 3.342321641620381e-6


[32mEdges traversed per BFS statistics[39m
BFS min nedge : 33.5
BFS first quartile nedge : 35.5
BFS median nedge : 39.0
BFS third quartile nedge : 40.0
BFS max nedge : 47.0
BFS mean nedge : 38.25
BFS standard deviation nedge : 3.545039871751472


[32mEdges traversed per second statistics[39m
BFS min TEPS : 3.2287068824587218e6
BFS first quartile TEPS : 1.2632459784877708e7
BFS median TEPS : 1.3244326039209306e7
BFS third quartile TEPS : 1.6499045161888132e7
BFS max TEPS : 1.8124150430448573e7
BFS harmonic mean TEPS : 9.873234674283743e6
BFS harmonic standard deviation TEPS : 2.246965300475354e6


[32mBenchmark Info[39m
Scale : 4
Number of vertices : 15
Number of Edges : 20
Number of Bfs : 14


[32mGraph construction time[39m
Graph Construction Time : 2.2276e-5


[32mBFS time statistics[39m
BFS min time : 2.204e-6
BFS first quartile time : 2.3997499999999998e-6
BFS median time : 2.681e-6
BFS third quartile time : 2.851e-6
BFS max time : 1.2234e-5
BFS mean time : 3.902428571428572e-6
BFS standard deviation time : 3.342321641620381e-6


[32mEdges traversed per BFS statistics[39m
BFS min nedge : 33.5
BFS first quartile nedge : 35.5
BFS median nedge : 39.0
BFS third quartile nedge : 40.0
BFS max nedge : 47.0
BFS mean nedge : 38.25
BFS standard deviation nedge : 3.545039871751472


[32mEdges traversed per second statistics[39m
BFS min TEPS : 3.2287068824587218e6
BFS first quartile TEPS : 1.2632459784877708e7
BFS median TEPS : 1.3244326039209306e7
BFS third quartile TEPS : 1.6499045161888132e7
BFS max TEPS : 1.8124150430448573e7
BFS harmonic mean TEPS : 9.873234674283743e6
BFS harmonic standard deviation TEPS : 2.246965300475354e6

Generating graph.
Starting Kernel 1.

[32mBenchmark Info[39m
Scale : 4
Number of vertices : 16
Number of Edges : 17
Number of Bfs : 11


[32mGraph construction time[39m
Graph Construction Time : 1.6897e-5


[32mBFS time statistics[39m
BFS min time : 2.166e-6
BFS first quartile time : 2.3715e-6
BFS median time : 2.828e-6
BFS third quartile time : 3.0360000000000002e-6
BFS max time : 5.292e-6
BFS mean time : 3.0590909090909095e-6
BFS standard deviation time : 1.0924809796555229e-6


[32mEdges traversed per BFS statistics[39m
BFS min nedge : 25.0
BFS first quartile nedge : 27.75
BFS median nedge : 29.0
BFS third quartile nedge : 32.25
BFS max nedge : 40.5
BFS mean nedge : 30.227272727272727
BFS standard deviation nedge : 4.274129363763084


[32mEdges traversed per second statistics[39m
BFS min TEPS : 5.747126436781609e6
BFS first quartile TEPS : 8.643050450175798e6
BFS median TEPS : 9.75609756097561e6
BFS third quartile TEPS : 1.302348142174223e7
BFS max TEPS : 1.854395604395604e7
BFS harmonic mean TEPS : 9.716622771006338e6
BFS harmonic standard deviation TEPS : 1.1000951083664712e6

Test Summary: | Pass  Total
test set      |   16     16
   Testing Graph500 tests passed 
