 Resolving package versions...
 Installed URIParser ──────────── v0.4.0
 Installed SortingAlgorithms ──── v0.3.1
 Installed DiffResults ────────── v0.0.4
 Installed Arpack ─────────────── v0.3.1
 Installed NNlib ──────────────── v0.6.0
 Installed DataStructures ─────── v0.17.6
 Installed StaticArrays ───────── v0.12.1
 Installed Stheno ─────────────── v0.5.0
 Installed QuadGK ─────────────── v2.1.1
 Installed BinaryProvider ─────── v0.5.8
 Installed FFTW ───────────────── v1.1.0
 Installed Compat ─────────────── v2.2.0
 Installed Parsers ────────────── v0.3.10
 Installed StatsFuns ──────────── v0.9.0
 Installed Missings ───────────── v0.4.3
 Installed Distributions ──────── v0.21.9
 Installed SpecialFunctions ───── v0.8.0
 Installed Rmath ──────────────── v0.5.1
 Installed OrderedCollections ─── v1.1.0
 Installed MacroTools ─────────── v0.5.2
 Installed BlockArrays ────────── v0.10.2
 Installed JSON ───────────────── v0.21.0
 Installed TimerOutputs ───────── v0.5.3
 Installed Distances ──────────── v0.8.2
 Installed CommonSubexpressions ─ v0.2.0
 Installed BinDeps ────────────── v0.8.10
 Installed RecipesBase ────────── v0.7.0
 Installed DataAPI ────────────── v1.1.0
 Installed ForwardDiff ────────── v0.10.7
 Installed NaNMath ────────────── v0.3.3
 Installed IRTools ────────────── v0.3.0
 Installed VersionParsing ─────── v1.1.3
 Installed Zygote ─────────────── v0.4.1
 Installed Conda ──────────────── v1.3.0
 Installed DiffRules ──────────── v0.1.0
 Installed Requires ───────────── v0.5.2
 Installed PDMats ─────────────── v0.9.10
 Installed FillArrays ─────────── v0.8.2
 Installed Reexport ───────────── v0.2.0
 Installed AbstractFFTs ───────── v0.5.0
 Installed ZygoteRules ────────── v0.2.0
 Installed StatsBase ──────────── v0.32.0
  Updating `~/.julia/environments/v1.3/Project.toml`
  [8188c328] + Stheno v0.5.0
  Updating `~/.julia/environments/v1.3/Manifest.toml`
  [621f4979] + AbstractFFTs v0.5.0
  [7d9fca2a] + Arpack v0.3.1
  [9e28174c] + BinDeps v0.8.10
  [b99e7846] + BinaryProvider v0.5.8
  [8e7c35d0] + BlockArrays v0.10.2
  [bbf7d656] + CommonSubexpressions v0.2.0
  [34da2185] + Compat v2.2.0
  [8f4d0f93] + Conda v1.3.0
  [9a962f9c] + DataAPI v1.1.0
  [864edb3b] + DataStructures v0.17.6
  [163ba53b] + DiffResults v0.0.4
  [b552c78f] + DiffRules v0.1.0
  [b4f34e82] + Distances v0.8.2
  [31c24e10] + Distributions v0.21.9
  [7a1cc6ca] + FFTW v1.1.0
  [1a297f60] + FillArrays v0.8.2
  [f6369f11] + ForwardDiff v0.10.7
  [7869d1d1] + IRTools v0.3.0
  [682c06a0] + JSON v0.21.0
  [1914dd2f] + MacroTools v0.5.2
  [e1d29d7a] + Missings v0.4.3
  [872c559c] + NNlib v0.6.0
  [77ba4419] + NaNMath v0.3.3
  [bac558e1] + OrderedCollections v1.1.0
  [90014a1f] + PDMats v0.9.10
  [69de0a69] + Parsers v0.3.10
  [1fd47b50] + QuadGK v2.1.1
  [3cdcf5f2] + RecipesBase v0.7.0
  [189a3867] + Reexport v0.2.0
  [ae029012] + Requires v0.5.2
  [79098fc4] + Rmath v0.5.1
  [a2af1166] + SortingAlgorithms v0.3.1
  [276daf66] + SpecialFunctions v0.8.0
  [90137ffa] + StaticArrays v0.12.1
  [2913bbd2] + StatsBase v0.32.0
  [4c63d2b9] + StatsFuns v0.9.0
  [8188c328] + Stheno v0.5.0
  [a759f4b9] + TimerOutputs v0.5.3
  [30578b45] + URIParser v0.4.0
  [81def892] + VersionParsing v1.1.3
  [e88e6eb3] + Zygote v0.4.1
  [700de1a5] + ZygoteRules v0.2.0
  [2a0f44e3] + Base64 
  [ade2ca70] + Dates 
  [8bb1440f] + DelimitedFiles 
  [8ba89e20] + Distributed 
  [b77e0a4c] + InteractiveUtils 
  [76f85450] + LibGit2 
  [8f399da3] + Libdl 
  [37e2e46d] + LinearAlgebra 
  [56ddb016] + Logging 
  [d6f4376e] + Markdown 
  [a63ad114] + Mmap 
  [44cfe95a] + Pkg 
  [de0858da] + Printf 
  [3fa0cd96] + REPL 
  [9a3f8284] + Random 
  [ea8e919c] + SHA 
  [9e88b42a] + Serialization 
  [1a1011a3] + SharedArrays 
  [6462fe0b] + Sockets 
  [2f01184e] + SparseArrays 
  [10745b16] + Statistics 
  [4607b0f0] + SuiteSparse 
  [8dfed614] + Test 
  [cf7118a7] + UUIDs 
  [4ec0a83e] + Unicode 
  Building Arpack ──────────→ `~/.julia/packages/Arpack/cu5By/deps/build.log`
  Building Conda ───────────→ `~/.julia/packages/Conda/kLXeC/deps/build.log`
  Building FFTW ────────────→ `~/.julia/packages/FFTW/loJ3F/deps/build.log`
  Building Rmath ───────────→ `~/.julia/packages/Rmath/4wt82/deps/build.log`
  Building SpecialFunctions → `~/.julia/packages/SpecialFunctions/ne2iw/deps/build.log`
   Testing Stheno
 Resolving package versions...
 Installed FiniteDifferences ─ v0.9.0
    Status `/tmp/jl_pPs9of/Manifest.toml`
  [621f4979] AbstractFFTs v0.5.0
  [7d9fca2a] Arpack v0.3.1
  [9e28174c] BinDeps v0.8.10
  [b99e7846] BinaryProvider v0.5.8
  [8e7c35d0] BlockArrays v0.10.2
  [bbf7d656] CommonSubexpressions v0.2.0
  [34da2185] Compat v2.2.0
  [8f4d0f93] Conda v1.3.0
  [9a962f9c] DataAPI v1.1.0
  [864edb3b] DataStructures v0.17.6
  [163ba53b] DiffResults v0.0.4
  [b552c78f] DiffRules v0.1.0
  [b4f34e82] Distances v0.8.2
  [31c24e10] Distributions v0.21.9
  [7a1cc6ca] FFTW v1.1.0
  [1a297f60] FillArrays v0.8.2
  [26cc04aa] FiniteDifferences v0.9.0
  [f6369f11] ForwardDiff v0.10.7
  [7869d1d1] IRTools v0.3.0
  [682c06a0] JSON v0.21.0
  [1914dd2f] MacroTools v0.5.2
  [e1d29d7a] Missings v0.4.3
  [872c559c] NNlib v0.6.0
  [77ba4419] NaNMath v0.3.3
  [bac558e1] OrderedCollections v1.1.0
  [90014a1f] PDMats v0.9.10
  [69de0a69] Parsers v0.3.10
  [1fd47b50] QuadGK v2.1.1
  [3cdcf5f2] RecipesBase v0.7.0
  [189a3867] Reexport v0.2.0
  [ae029012] Requires v0.5.2
  [79098fc4] Rmath v0.5.1
  [a2af1166] SortingAlgorithms v0.3.1
  [276daf66] SpecialFunctions v0.8.0
  [90137ffa] StaticArrays v0.12.1
  [2913bbd2] StatsBase v0.32.0
  [4c63d2b9] StatsFuns v0.9.0
  [8188c328] Stheno v0.5.0
  [a759f4b9] TimerOutputs v0.5.3
  [30578b45] URIParser v0.4.0
  [81def892] VersionParsing v1.1.3
  [e88e6eb3] Zygote v0.4.1
  [700de1a5] ZygoteRules v0.2.0
  [2a0f44e3] Base64  [`@stdlib/Base64`]
  [ade2ca70] Dates  [`@stdlib/Dates`]
  [8bb1440f] DelimitedFiles  [`@stdlib/DelimitedFiles`]
  [8ba89e20] Distributed  [`@stdlib/Distributed`]
  [b77e0a4c] InteractiveUtils  [`@stdlib/InteractiveUtils`]
  [76f85450] LibGit2  [`@stdlib/LibGit2`]
  [8f399da3] Libdl  [`@stdlib/Libdl`]
  [37e2e46d] LinearAlgebra  [`@stdlib/LinearAlgebra`]
  [56ddb016] Logging  [`@stdlib/Logging`]
  [d6f4376e] Markdown  [`@stdlib/Markdown`]
  [a63ad114] Mmap  [`@stdlib/Mmap`]
  [44cfe95a] Pkg  [`@stdlib/Pkg`]
  [de0858da] Printf  [`@stdlib/Printf`]
  [3fa0cd96] REPL  [`@stdlib/REPL`]
  [9a3f8284] Random  [`@stdlib/Random`]
  [ea8e919c] SHA  [`@stdlib/SHA`]
  [9e88b42a] Serialization  [`@stdlib/Serialization`]
  [1a1011a3] SharedArrays  [`@stdlib/SharedArrays`]
  [6462fe0b] Sockets  [`@stdlib/Sockets`]
  [2f01184e] SparseArrays  [`@stdlib/SparseArrays`]
  [10745b16] Statistics  [`@stdlib/Statistics`]
  [4607b0f0] SuiteSparse  [`@stdlib/SuiteSparse`]
  [8dfed614] Test  [`@stdlib/Test`]
  [cf7118a7] UUIDs  [`@stdlib/UUIDs`]
  [4ec0a83e] Unicode  [`@stdlib/Unicode`]
util:
gp:
composite:
abstract_gp:
Test Summary: | Pass  Broken  Total
Stheno        | 2760       4   2764
 ──────────────────────────────────────────────────────────────────────────────
                                       Time                   Allocations      
                               ──────────────────────   ───────────────────────
       Tot / % measured:             802s / 99.0%           45.7GiB / 99.5%    

 Section               ncalls     time   %tot     avg     alloc   %tot      avg
 ──────────────────────────────────────────────────────────────────────────────
 composite                  1     276s  34.8%    276s   14.7GiB  32.2%  14.7GiB
   addition                 1    84.1s  10.6%   84.1s   3.49GiB  7.68%  3.49GiB
     Standardised T...      1    38.0s  4.79%   38.0s   1.95GiB  4.29%  1.95GiB
       adj_fd               9    10.2s  1.29%   1.14s   1.25GiB  2.75%   142MiB
       adj_ad               9    5.83s  0.73%   648ms    183MiB  0.39%  20.3MiB
     Standardised T...      1    33.1s  4.17%   33.1s   1.19GiB  2.62%  1.19GiB
       adj_fd               9    7.51s  0.95%   835ms    507MiB  1.09%  56.3MiB
       adj_ad               9    5.19s  0.65%   576ms    166MiB  0.36%  18.5MiB
     Correlated GPs         1    11.1s  1.40%   11.1s    290MiB  0.62%   290MiB
       Consistency ...      1    4.80s  0.60%   4.80s    102MiB  0.22%   102MiB
     Verify mean / ...      1    1.86s  0.23%   1.86s   69.7MiB  0.15%  69.7MiB
       Consistency ...      1    569ms  0.07%   569ms   14.6MiB  0.03%  14.6MiB
   conditioning             1    72.6s  9.14%   72.6s   6.37GiB  14.0%  6.37GiB
     Diff Tests             1    64.0s  8.06%   64.0s   6.10GiB  13.4%  6.10GiB
       adj_fd               9    34.9s  4.40%   3.88s   5.05GiB  11.1%   574MiB
       adj_ad               9    8.66s  1.09%   962ms    358MiB  0.77%  39.8MiB
     Consistency Tests      1    3.63s  0.46%   3.63s    114MiB  0.25%   114MiB
     condition once         1    2.09s  0.26%   2.09s   85.4MiB  0.18%  85.4MiB
     Conditioning w...      1    1.29s  0.16%   1.29s   29.5MiB  0.06%  29.5MiB
     condition repe...      1    1.08s  0.14%   1.08s   26.6MiB  0.06%  26.6MiB
     Observation            1    485ms  0.06%   485ms   21.1MiB  0.05%  21.1MiB
   product                  1    62.4s  7.86%   62.4s   2.50GiB  5.50%  2.50GiB
     multiply by fu...      1    38.8s  4.89%   38.8s   1.53GiB  3.37%  1.53GiB
       Diff Tests           1    26.2s  3.30%   26.2s   1.04GiB  2.29%  1.04GiB
         adj_fd             9    8.65s  1.09%   961ms    386MiB  0.83%  42.8MiB
         adj_ad             9    5.22s  0.66%   580ms    198MiB  0.42%  22.0MiB
       Consistency ...      1    2.21s  0.28%   2.21s   99.3MiB  0.21%  99.3MiB
     multiply by co...      1    23.6s  2.97%   23.6s   0.97GiB  2.13%  0.97GiB
       Diff Tests           1    19.2s  2.42%   19.2s    883MiB  1.90%   883MiB
         adj_fd             9    7.68s  0.97%   853ms    397MiB  0.85%  44.2MiB
         adj_ad             9    2.74s  0.35%   305ms    123MiB  0.26%  13.6MiB
       Consistency ...      1    1.17s  0.15%   1.17s   36.8MiB  0.08%  36.8MiB
     GP mul errors          1   18.8ms  0.00%  18.8ms    103KiB  0.00%   103KiB
   compose                  1    36.1s  4.55%   36.1s   1.31GiB  2.88%  1.31GiB
     general                1    23.3s  2.94%   23.3s    828MiB  1.78%   828MiB
       Diff Tests           1    20.8s  2.62%   20.8s    763MiB  1.64%   763MiB
         adj_fd             9    8.00s  1.01%   889ms    407MiB  0.87%  45.3MiB
         adj_ad             9    4.53s  0.57%   504ms    137MiB  0.30%  15.3MiB
       Consistency ...      1    1.78s  0.22%   1.78s   42.5MiB  0.09%  42.5MiB
     Stretch                1    11.6s  1.46%   11.6s    463MiB  1.00%   463MiB
       scalar stretch       1    11.4s  1.44%   11.4s    458MiB  0.98%   458MiB
         scalar input       1    11.3s  1.42%   11.3s    456MiB  0.98%   456MiB
           adj_fd           9    7.62s  0.96%   847ms    349MiB  0.75%  38.7MiB
           adj_ad           9    720ms  0.09%  80.1ms   21.2MiB  0.05%  2.36MiB
         vector input       1   99.4ms  0.01%  99.4ms   1.84MiB  0.00%  1.84MiB
       Vector stretch       1   87.3ms  0.01%  87.3ms   2.87MiB  0.01%  2.87MiB
       Matrix stretch       1   64.2ms  0.01%  64.2ms   2.34MiB  0.01%  2.34MiB
     Shift                  1    961ms  0.12%   961ms   41.9MiB  0.09%  41.9MiB
       Shift{Float64}       1    571ms  0.07%   571ms   26.7MiB  0.06%  26.7MiB
       Shift{Vector...      1    390ms  0.05%   390ms   15.2MiB  0.03%  15.2MiB
     Select                 1    239ms  0.03%   239ms   7.08MiB  0.02%  7.08MiB
   cross                    1    12.8s  1.61%   12.8s    659MiB  1.42%   659MiB
     Correctness tests      1    11.9s  1.50%   11.9s    632MiB  1.36%   632MiB
       rand, logpdf...      1    5.44s  0.69%   5.44s    354MiB  0.76%   354MiB
     Standardised T...      1    900ms  0.11%   900ms   27.5MiB  0.06%  27.5MiB
     finites_to_block       1    516μs  0.00%   516μs   44.6KiB  0.00%  44.6KiB
   Titsias                  1    6.09s  0.77%   6.09s    312MiB  0.67%   312MiB
     optimal_q (mul...      1    3.70s  0.47%   3.70s    254MiB  0.54%   254MiB
       single cond,...      1    2.19s  0.28%   2.19s    186MiB  0.40%   186MiB
       multiple con...      1    660ms  0.08%   660ms   20.6MiB  0.04%  20.6MiB
     optimal_q (sin...      1    1.24s  0.16%   1.24s   28.4MiB  0.06%  28.4MiB
       Dense                1    632ms  0.08%   632ms   12.6MiB  0.03%  12.6MiB
       σ²                   1    355ms  0.04%   355ms   14.2MiB  0.03%  14.2MiB
         σ² = 0.01          1    331ms  0.04%   331ms   14.0MiB  0.03%  14.0MiB
         σ² = 0.1           1   14.8ms  0.00%  14.8ms   70.7KiB  0.00%  70.7KiB
         σ² = 1.0           1   5.54ms  0.00%  5.54ms   70.7KiB  0.00%  70.7KiB
         σ² = 10.0          1   3.91ms  0.00%  3.91ms   70.7KiB  0.00%  70.7KiB
       Diagonal             1    253ms  0.03%   253ms   1.57MiB  0.00%  1.57MiB
     Consistency Tests      1    1.08s  0.14%   1.08s   28.2MiB  0.06%  28.2MiB
     accuracy tests         1   64.6ms  0.01%  64.6ms   1.71MiB  0.00%  1.71MiB
       Standardised...      1    609μs  0.00%   609μs    111KiB  0.00%   111KiB
         Dense Obs....      1    106μs  0.00%   106μs   21.5KiB  0.00%  21.5KiB
         Diagonal O...      1   92.5μs  0.00%  92.5μs   21.4KiB  0.00%  21.4KiB
         Isotropic ...      1   84.2μs  0.00%  84.2μs   21.4KiB  0.00%  21.4KiB
         BlockDiago...      1   83.3μs  0.00%  83.3μs   21.4KiB  0.00%  21.4KiB
   indexing                 1    461ms  0.06%   461ms   21.1MiB  0.05%  21.1MiB
     (Symmetric) Ma...      1    347ms  0.04%   347ms   19.6MiB  0.04%  19.6MiB
     no noise               1   55.1ms  0.01%  55.1ms   1.35MiB  0.00%  1.35MiB
     Vector-valued ...      1   46.7ms  0.01%  46.7ms    119KiB  0.00%   119KiB
     Real-valued noise      1   11.8ms  0.00%  11.8ms   58.2KiB  0.00%  58.2KiB
 gp                         1     253s  31.9%    253s   10.8GiB  23.8%  10.8GiB
   kernel                   1     242s  30.4%    242s   10.4GiB  22.8%  10.4GiB
     base kernels           1     242s  30.4%    242s   10.4GiB  22.8%  10.4GiB
       Stretched            1    37.1s  4.68%   37.1s   1.46GiB  3.22%  1.46GiB
         Convenienc...      1    18.3s  2.30%   18.3s    700MiB  1.50%   700MiB
           adj_fd          32    7.50s  0.94%   234ms    337MiB  0.72%  10.5MiB
           adj_ad          32    1.97s  0.25%  61.6ms   57.6MiB  0.12%  1.80MiB
         Scalar a           1    9.02s  1.14%   9.02s    386MiB  0.83%   386MiB
           adj_fd           8    4.75s  0.60%   594ms    205MiB  0.44%  25.6MiB
           adj_ad           8    156ms  0.02%  19.6ms   8.12MiB  0.02%  1.01MiB
         Vector a           1    5.15s  0.65%   5.15s    219MiB  0.47%   219MiB
           adj_fd           4    2.37s  0.30%   593ms    111MiB  0.24%  27.8MiB
           adj_ad           4    275ms  0.03%  68.8ms   3.68MiB  0.01%   942KiB
         Matrix a           1    4.67s  0.59%   4.67s    195MiB  0.42%   195MiB
           adj_fd           4    2.54s  0.32%   636ms    108MiB  0.23%  27.0MiB
           adj_ad           4    140ms  0.02%  35.0ms   3.85MiB  0.01%  0.96MiB
       Poly                 1    33.1s  4.17%   33.1s   1.30GiB  2.87%  1.30GiB
         adj_fd            24    15.1s  1.91%   630ms    578MiB  1.24%  24.1MiB
         adj_ad            24    3.23s  0.41%   135ms    114MiB  0.24%  4.75MiB
       RQ                   1    24.7s  3.11%   24.7s   1.28GiB  2.82%  1.28GiB
         α=1.0              1    11.2s  1.41%   11.2s    488MiB  1.05%   488MiB
           adj_fd           8    4.67s  0.59%   584ms    197MiB  0.42%  24.6MiB
           adj_ad           8    1.03s  0.13%   128ms   28.2MiB  0.06%  3.52MiB
         single-input       1    9.11s  1.15%   9.11s    554MiB  1.19%   554MiB
           adj_fd           4    7.95s  1.00%   1.99s    515MiB  1.11%   129MiB
           adj_ad           4    139ms  0.02%  34.7ms   4.56MiB  0.01%  1.14MiB
         multi-input        1    3.97s  0.50%   3.97s    208MiB  0.45%   208MiB
           adj_fd           4    3.43s  0.43%   858ms    197MiB  0.42%  49.2MiB
           adj_ad           4   82.0ms  0.01%  20.5ms   2.43MiB  0.01%   623KiB
         α=100.0            1    194ms  0.02%   194ms   31.4MiB  0.07%  31.4MiB
           adj_fd           8    190ms  0.02%  23.7ms   31.1MiB  0.07%  3.89MiB
           adj_ad           8   1.18ms  0.00%   148μs   41.6KiB  0.00%  5.21KiB
         α=1.5              1    192ms  0.02%   192ms   31.4MiB  0.07%  31.4MiB
           adj_fd           8    188ms  0.02%  23.5ms   31.1MiB  0.07%  3.89MiB
           adj_ad           8    942μs  0.00%   118μs   41.6KiB  0.00%  5.21KiB
       PerEQ                1    20.7s  2.61%   20.7s   0.96GiB  2.10%  0.96GiB
         adj_ad             4    7.10s  0.89%   1.78s    318MiB  0.68%  79.6MiB
         adj_fd             4    2.81s  0.35%   703ms   89.9MiB  0.19%  22.5MiB
       GammaExp             1    14.2s  1.78%   14.2s    579MiB  1.24%   579MiB
         adj_fd            24    5.51s  0.69%   230ms    282MiB  0.61%  11.7MiB
         adj_ad            24    1.73s  0.22%  72.1ms   25.5MiB  0.05%  1.06MiB
       EQ                   1    12.6s  1.58%   12.6s    538MiB  1.16%   538MiB
         adj_fd             8    5.00s  0.63%   626ms    198MiB  0.42%  24.7MiB
         adj_ad             8    1.49s  0.19%   186ms   32.8MiB  0.07%  4.10MiB
       Matern52             1    11.4s  1.44%   11.4s    561MiB  1.21%   561MiB
         adj_fd             8    4.82s  0.61%   602ms    203MiB  0.44%  25.3MiB
         adj_ad             8    773ms  0.10%  96.6ms   58.5MiB  0.13%  7.31MiB
       Linear               1    11.2s  1.41%   11.2s    524MiB  1.12%   524MiB
         adj_fd             8    4.75s  0.60%   594ms    186MiB  0.40%  23.2MiB
         adj_ad             8    841ms  0.11%   105ms   2.31MiB  0.00%   296KiB
       Exp                  1    10.9s  1.37%   10.9s    402MiB  0.86%   402MiB
         adj_fd             8    4.96s  0.62%   620ms    203MiB  0.44%  25.4MiB
         adj_ad             8    1.05s  0.13%   131ms   9.23MiB  0.02%  1.15MiB
       Scaled               1    10.5s  1.32%   10.5s    440MiB  0.94%   440MiB
         adj_fd             9    5.46s  0.69%   607ms    233MiB  0.50%  25.9MiB
         adj_ad             9    646ms  0.08%  71.8ms   26.1MiB  0.06%  2.90MiB
       Matern32             1    9.64s  1.21%   9.64s    484MiB  1.04%   484MiB
         adj_fd             8    4.33s  0.55%   541ms    203MiB  0.44%  25.3MiB
         adj_ad             8    631ms  0.08%  78.8ms   20.4MiB  0.04%  2.55MiB
       ZeroKernel           1    9.54s  1.20%   9.54s    410MiB  0.88%   410MiB
         adj_fd             8    4.79s  0.60%   598ms    184MiB  0.39%  23.0MiB
         adj_ad             8    143μs  0.00%  17.8μs   1.75KiB  0.00%     224B
       Product              1    9.14s  1.15%   9.14s    390MiB  0.84%   390MiB
         adj_fd             8    4.88s  0.62%   611ms    230MiB  0.49%  28.8MiB
         adj_ad             8    139ms  0.02%  17.4ms   5.28MiB  0.01%   676KiB
       Sum                  1    9.06s  1.14%   9.06s    398MiB  0.85%   398MiB
         adj_fd             8    5.27s  0.66%   659ms    230MiB  0.49%  28.8MiB
         adj_ad             8    214ms  0.03%  26.7ms   4.68MiB  0.01%   600KiB
       ConstKernel          1    8.10s  1.02%   8.10s    344MiB  0.74%   344MiB
         adj_fd             8    4.89s  0.62%   611ms    185MiB  0.40%  23.1MiB
         adj_ad             8   96.4ms  0.01%  12.1ms    106KiB  0.00%  13.2KiB
       OneKernel            1    7.14s  0.90%   7.14s    315MiB  0.68%   315MiB
         adj_fd             8    4.49s  0.57%   562ms    184MiB  0.39%  23.0MiB
         adj_ad             8    143μs  0.00%  17.9μs   1.75KiB  0.00%     224B
       precomputed          1    763ms  0.10%   763ms   24.8MiB  0.05%  24.8MiB
       Wiener               1    698ms  0.09%   698ms   28.3MiB  0.06%  28.3MiB
       WienerVelocity       1    638ms  0.08%   638ms   30.6MiB  0.07%  30.6MiB
       Noise                1    297ms  0.04%   297ms   18.0MiB  0.04%  18.0MiB
     (is)zero               1   5.67ms  0.00%  5.67ms    259KiB  0.00%   259KiB
   mean                     1    9.66s  1.22%   9.66s    434MiB  0.93%   434MiB
     CustomMean             1    3.20s  0.40%   3.20s    148MiB  0.32%   148MiB
       adj_ad               1    1.05s  0.13%   1.05s   53.7MiB  0.12%  53.7MiB
       adj_fd               1    506ms  0.06%   506ms   15.0MiB  0.03%  15.0MiB
     ConstMean              1    2.24s  0.28%   2.24s    101MiB  0.22%   101MiB
       adj_fd               2    1.09s  0.14%   545ms   29.0MiB  0.06%  14.5MiB
       adj_ad               2   33.1ms  0.00%  16.5ms   34.3KiB  0.00%  17.2KiB
     ZeroMean               1    2.18s  0.27%   2.18s   98.3MiB  0.21%  98.3MiB
       adj_fd               2    1.04s  0.13%   518ms   29.0MiB  0.06%  14.5MiB
       adj_ad               2   56.0μs  0.00%  28.0μs      448B  0.00%     224B
     OneMean                1    2.03s  0.26%   2.03s   86.7MiB  0.19%  86.7MiB
       adj_fd               2    1.04s  0.13%   519ms   29.0MiB  0.06%  14.5MiB
       adj_ad               2   34.1μs  0.00%  17.1μs      448B  0.00%     224B
     (is)zero               1   14.6ms  0.00%  14.6ms    296KiB  0.00%   296KiB
   gp                       1    338ms  0.04%   338ms   8.48MiB  0.02%  8.48MiB
     GP                     1    193ms  0.02%   193ms   5.64MiB  0.01%  5.64MiB
     independent GPs        1   61.8ms  0.01%  61.8ms    763KiB  0.00%   763KiB
     sugar                  1   45.2ms  0.01%  45.2ms   1.21MiB  0.00%  1.21MiB
     reversed const...      1   37.5ms  0.00%  37.5ms    876KiB  0.00%   876KiB
 util                       1     218s  27.5%    218s   18.5GiB  40.7%  18.5GiB
   BlockDiagonal            1    83.7s  10.5%   83.7s   3.45GiB  7.58%  3.45GiB
     Matrix                 1    33.7s  4.24%   33.7s   1.40GiB  3.09%  1.40GiB
     Diagonal{T, <:...      1    12.7s  1.59%   12.7s    845MiB  1.81%   845MiB
       cholesky             1    10.3s  1.30%   10.3s    696MiB  1.50%   696MiB
         adj_fd             3    4.57s  0.58%   1.52s    383MiB  0.82%   128MiB
         adj_ad             3    1.30s  0.16%   435ms   76.0MiB  0.16%  25.3MiB
     TriangularBloc...      1    12.5s  1.57%   12.5s    386MiB  0.83%   386MiB
     BlockDiagonal ...      1    10.6s  1.34%   10.6s    275MiB  0.59%   275MiB
     Symmetric              1    4.22s  0.53%   4.22s    205MiB  0.44%   205MiB
     ldiv(BlockDiag...      1    2.96s  0.37%   2.96s   94.9MiB  0.20%  94.9MiB
     transpose              1    1.33s  0.17%   1.33s   72.4MiB  0.16%  72.4MiB
     ldiv(BlockDiag...      1    963ms  0.12%   963ms   37.8MiB  0.08%  37.8MiB
     adjoint                1    926ms  0.12%   926ms   35.0MiB  0.08%  35.0MiB
     adjoint(Triang...      1    923ms  0.12%   923ms   26.8MiB  0.06%  26.8MiB
     BlockDiagonal ...      1    856ms  0.11%   856ms   30.9MiB  0.07%  30.9MiB
     BlockDiagonal ...      1    636ms  0.08%   636ms   31.8MiB  0.07%  31.8MiB
     Negation               1    619ms  0.08%   619ms   18.6MiB  0.04%  18.6MiB
     tr_At_A                1    438ms  0.06%   438ms   22.8MiB  0.05%  22.8MiB
     UpperTriangular        1    366ms  0.05%   366ms   11.1MiB  0.02%  11.1MiB
   dense                    1    57.7s  7.26%   57.7s   11.6GiB  25.5%  11.6GiB
     adj_fd                 2    48.5s  6.11%   24.2s   11.1GiB  24.4%  5.56GiB
     adj_ad                 2   26.2ms  0.00%  13.1ms    731KiB  0.00%   366KiB
   zygote_rules             1    42.7s  5.37%   42.7s   2.08GiB  4.57%  2.08GiB
     Cholesky (getp...      1    25.5s  3.21%   25.5s   1.20GiB  2.64%  1.20GiB
       adj_fd               4    4.06s  0.51%   1.01s    172MiB  0.37%  43.0MiB
       adj_ad               4    844ms  0.11%   211ms   42.2MiB  0.09%  10.6MiB
     pairwise(::Euc...      1    5.69s  0.72%   5.69s    289MiB  0.62%   289MiB
       adj_ad               1    2.42s  0.30%   2.42s    154MiB  0.33%   154MiB
       adj_fd               1    1.11s  0.14%   1.11s   49.2MiB  0.11%  49.2MiB
     Diagonal               1    3.68s  0.46%   3.68s    214MiB  0.46%   214MiB
       adj_fd               2    1.43s  0.18%   716ms   89.9MiB  0.19%  44.9MiB
       adj_ad               2    432ms  0.05%   216ms   26.4MiB  0.06%  13.2MiB
     colwise(::Eucl...      1    3.20s  0.40%   3.20s    170MiB  0.36%   170MiB
       adj_fd               1    1.21s  0.15%   1.21s   62.1MiB  0.13%  62.1MiB
       adj_ad               1    699ms  0.09%   699ms   40.5MiB  0.09%  40.5MiB
     pairwise(::Euc...      1    2.91s  0.37%   2.91s    140MiB  0.30%   140MiB
       adj_ad               1    1.52s  0.19%   1.52s   87.1MiB  0.19%  87.1MiB
       adj_fd               1    874ms  0.11%   874ms   32.7MiB  0.07%  32.7MiB
     broadcast              1    1.70s  0.21%   1.70s   85.0MiB  0.18%  85.0MiB
       exp                  1    906ms  0.11%   906ms   46.9MiB  0.10%  46.9MiB
         adj_fd             1    618ms  0.08%   618ms   27.8MiB  0.06%  27.8MiB
         adj_ad             1    137ms  0.02%   137ms   10.3MiB  0.02%  10.3MiB
       -                    1    791ms  0.10%   791ms   38.1MiB  0.08%  38.1MiB
         adj_fd             1    607ms  0.08%   607ms   27.8MiB  0.06%  27.8MiB
         adj_ad             1   49.9ms  0.01%  49.9ms   2.08MiB  0.00%  2.08MiB
   adj_fd                  16    10.3s  1.29%   642ms    371MiB  0.80%  23.2MiB
   abstract_data_set        1    4.51s  0.57%   4.51s    206MiB  0.44%   206MiB
     BlockData              1    3.00s  0.38%   3.00s    136MiB  0.29%   136MiB
     ColVecs                1    1.51s  0.19%   1.51s   69.6MiB  0.15%  69.6MiB
   cholesky                 1    4.29s  0.54%   4.29s    209MiB  0.45%   209MiB
     tr_At_A                1    1.12s  0.14%   1.12s   57.1MiB  0.12%  57.1MiB
       adj_fd               1    603ms  0.08%   603ms   27.5MiB  0.06%  27.5MiB
       adj_ad               1    195ms  0.02%   195ms   12.4MiB  0.03%  12.4MiB
   adj_ad                  16    858ms  0.11%  53.6ms   34.1MiB  0.07%  2.13MiB
 abstract_gp                1    46.1s  5.80%   46.1s   1.50GiB  3.30%  1.50GiB
   adj_fd                  11    14.8s  1.86%   1.34s    563MiB  1.21%  51.2MiB
   adj_ad                  11    11.7s  1.47%   1.06s    353MiB  0.76%  32.1MiB
 ──────────────────────────────────────────────────────────────────────────────   Testing Stheno tests passed 
