 Resolving package versions...
 Installed NaNMath ────────────── v0.3.3
 Installed Conda ──────────────── v1.3.0
 Installed Compat ─────────────── v2.2.0
 Installed QuadGK ─────────────── v2.1.1
 Installed DataStructures ─────── v0.17.6
 Installed SpecialFunctions ───── v0.8.0
 Installed Zygote ─────────────── v0.4.1
 Installed Stheno ─────────────── v0.5.0
 Installed DiffResults ────────── v0.0.4
 Installed MacroTools ─────────── v0.5.2
 Installed BinDeps ────────────── v0.8.10
 Installed StatsBase ──────────── v0.32.0
 Installed ForwardDiff ────────── v0.10.7
 Installed FillArrays ─────────── v0.8.2
 Installed Arpack ─────────────── v0.3.1
 Installed StaticArrays ───────── v0.12.1
 Installed Missings ───────────── v0.4.3
 Installed FFTW ───────────────── v1.1.0
 Installed ZygoteRules ────────── v0.2.0
 Installed URIParser ──────────── v0.4.0
 Installed CommonSubexpressions ─ v0.2.0
 Installed StatsFuns ──────────── v0.9.0
 Installed BlockArrays ────────── v0.10.2
 Installed Rmath ──────────────── v0.5.1
 Installed BinaryProvider ─────── v0.5.8
 Installed Requires ───────────── v0.5.2
 Installed NNlib ──────────────── v0.6.0
 Installed DiffRules ──────────── v0.1.0
 Installed AbstractFFTs ───────── v0.5.0
 Installed Distances ──────────── v0.8.2
 Installed Reexport ───────────── v0.2.0
 Installed RecipesBase ────────── v0.7.0
 Installed Distributions ──────── v0.21.9
 Installed JSON ───────────────── v0.21.0
 Installed DataAPI ────────────── v1.1.0
 Installed IRTools ────────────── v0.3.0
 Installed PDMats ─────────────── v0.9.10
 Installed VersionParsing ─────── v1.1.3
 Installed OrderedCollections ─── v1.1.0
 Installed TimerOutputs ───────── v0.5.3
 Installed SortingAlgorithms ──── v0.3.1
 Installed Parsers ────────────── v0.3.10
  Updating `~/.julia/environments/v1.3/Project.toml`
  [8188c328] + Stheno v0.5.0
  Updating `~/.julia/environments/v1.3/Manifest.toml`
  [621f4979] + AbstractFFTs v0.5.0
  [7d9fca2a] + Arpack v0.3.1
  [9e28174c] + BinDeps v0.8.10
  [b99e7846] + BinaryProvider v0.5.8
  [8e7c35d0] + BlockArrays v0.10.2
  [bbf7d656] + CommonSubexpressions v0.2.0
  [34da2185] + Compat v2.2.0
  [8f4d0f93] + Conda v1.3.0
  [9a962f9c] + DataAPI v1.1.0
  [864edb3b] + DataStructures v0.17.6
  [163ba53b] + DiffResults v0.0.4
  [b552c78f] + DiffRules v0.1.0
  [b4f34e82] + Distances v0.8.2
  [31c24e10] + Distributions v0.21.9
  [7a1cc6ca] + FFTW v1.1.0
  [1a297f60] + FillArrays v0.8.2
  [f6369f11] + ForwardDiff v0.10.7
  [7869d1d1] + IRTools v0.3.0
  [682c06a0] + JSON v0.21.0
  [1914dd2f] + MacroTools v0.5.2
  [e1d29d7a] + Missings v0.4.3
  [872c559c] + NNlib v0.6.0
  [77ba4419] + NaNMath v0.3.3
  [bac558e1] + OrderedCollections v1.1.0
  [90014a1f] + PDMats v0.9.10
  [69de0a69] + Parsers v0.3.10
  [1fd47b50] + QuadGK v2.1.1
  [3cdcf5f2] + RecipesBase v0.7.0
  [189a3867] + Reexport v0.2.0
  [ae029012] + Requires v0.5.2
  [79098fc4] + Rmath v0.5.1
  [a2af1166] + SortingAlgorithms v0.3.1
  [276daf66] + SpecialFunctions v0.8.0
  [90137ffa] + StaticArrays v0.12.1
  [2913bbd2] + StatsBase v0.32.0
  [4c63d2b9] + StatsFuns v0.9.0
  [8188c328] + Stheno v0.5.0
  [a759f4b9] + TimerOutputs v0.5.3
  [30578b45] + URIParser v0.4.0
  [81def892] + VersionParsing v1.1.3
  [e88e6eb3] + Zygote v0.4.1
  [700de1a5] + ZygoteRules v0.2.0
  [2a0f44e3] + Base64 
  [ade2ca70] + Dates 
  [8bb1440f] + DelimitedFiles 
  [8ba89e20] + Distributed 
  [b77e0a4c] + InteractiveUtils 
  [76f85450] + LibGit2 
  [8f399da3] + Libdl 
  [37e2e46d] + LinearAlgebra 
  [56ddb016] + Logging 
  [d6f4376e] + Markdown 
  [a63ad114] + Mmap 
  [44cfe95a] + Pkg 
  [de0858da] + Printf 
  [3fa0cd96] + REPL 
  [9a3f8284] + Random 
  [ea8e919c] + SHA 
  [9e88b42a] + Serialization 
  [1a1011a3] + SharedArrays 
  [6462fe0b] + Sockets 
  [2f01184e] + SparseArrays 
  [10745b16] + Statistics 
  [4607b0f0] + SuiteSparse 
  [8dfed614] + Test 
  [cf7118a7] + UUIDs 
  [4ec0a83e] + Unicode 
  Building Conda ───────────→ `~/.julia/packages/Conda/kLXeC/deps/build.log`
  Building SpecialFunctions → `~/.julia/packages/SpecialFunctions/ne2iw/deps/build.log`
  Building Arpack ──────────→ `~/.julia/packages/Arpack/cu5By/deps/build.log`
  Building FFTW ────────────→ `~/.julia/packages/FFTW/loJ3F/deps/build.log`
  Building Rmath ───────────→ `~/.julia/packages/Rmath/4wt82/deps/build.log`
   Testing Stheno
 Resolving package versions...
 Installed FiniteDifferences ─ v0.9.0
    Status `/tmp/jl_0fOjuR/Manifest.toml`
  [621f4979] AbstractFFTs v0.5.0
  [7d9fca2a] Arpack v0.3.1
  [9e28174c] BinDeps v0.8.10
  [b99e7846] BinaryProvider v0.5.8
  [8e7c35d0] BlockArrays v0.10.2
  [bbf7d656] CommonSubexpressions v0.2.0
  [34da2185] Compat v2.2.0
  [8f4d0f93] Conda v1.3.0
  [9a962f9c] DataAPI v1.1.0
  [864edb3b] DataStructures v0.17.6
  [163ba53b] DiffResults v0.0.4
  [b552c78f] DiffRules v0.1.0
  [b4f34e82] Distances v0.8.2
  [31c24e10] Distributions v0.21.9
  [7a1cc6ca] FFTW v1.1.0
  [1a297f60] FillArrays v0.8.2
  [26cc04aa] FiniteDifferences v0.9.0
  [f6369f11] ForwardDiff v0.10.7
  [7869d1d1] IRTools v0.3.0
  [682c06a0] JSON v0.21.0
  [1914dd2f] MacroTools v0.5.2
  [e1d29d7a] Missings v0.4.3
  [872c559c] NNlib v0.6.0
  [77ba4419] NaNMath v0.3.3
  [bac558e1] OrderedCollections v1.1.0
  [90014a1f] PDMats v0.9.10
  [69de0a69] Parsers v0.3.10
  [1fd47b50] QuadGK v2.1.1
  [3cdcf5f2] RecipesBase v0.7.0
  [189a3867] Reexport v0.2.0
  [ae029012] Requires v0.5.2
  [79098fc4] Rmath v0.5.1
  [a2af1166] SortingAlgorithms v0.3.1
  [276daf66] SpecialFunctions v0.8.0
  [90137ffa] StaticArrays v0.12.1
  [2913bbd2] StatsBase v0.32.0
  [4c63d2b9] StatsFuns v0.9.0
  [8188c328] Stheno v0.5.0
  [a759f4b9] TimerOutputs v0.5.3
  [30578b45] URIParser v0.4.0
  [81def892] VersionParsing v1.1.3
  [e88e6eb3] Zygote v0.4.1
  [700de1a5] ZygoteRules v0.2.0
  [2a0f44e3] Base64  [`@stdlib/Base64`]
  [ade2ca70] Dates  [`@stdlib/Dates`]
  [8bb1440f] DelimitedFiles  [`@stdlib/DelimitedFiles`]
  [8ba89e20] Distributed  [`@stdlib/Distributed`]
  [b77e0a4c] InteractiveUtils  [`@stdlib/InteractiveUtils`]
  [76f85450] LibGit2  [`@stdlib/LibGit2`]
  [8f399da3] Libdl  [`@stdlib/Libdl`]
  [37e2e46d] LinearAlgebra  [`@stdlib/LinearAlgebra`]
  [56ddb016] Logging  [`@stdlib/Logging`]
  [d6f4376e] Markdown  [`@stdlib/Markdown`]
  [a63ad114] Mmap  [`@stdlib/Mmap`]
  [44cfe95a] Pkg  [`@stdlib/Pkg`]
  [de0858da] Printf  [`@stdlib/Printf`]
  [3fa0cd96] REPL  [`@stdlib/REPL`]
  [9a3f8284] Random  [`@stdlib/Random`]
  [ea8e919c] SHA  [`@stdlib/SHA`]
  [9e88b42a] Serialization  [`@stdlib/Serialization`]
  [1a1011a3] SharedArrays  [`@stdlib/SharedArrays`]
  [6462fe0b] Sockets  [`@stdlib/Sockets`]
  [2f01184e] SparseArrays  [`@stdlib/SparseArrays`]
  [10745b16] Statistics  [`@stdlib/Statistics`]
  [4607b0f0] SuiteSparse  [`@stdlib/SuiteSparse`]
  [8dfed614] Test  [`@stdlib/Test`]
  [cf7118a7] UUIDs  [`@stdlib/UUIDs`]
  [4ec0a83e] Unicode  [`@stdlib/Unicode`]
util:
gp:
composite:
abstract_gp:
Test Summary: | Pass  Broken  Total
Stheno        | 2760       4   2764
 ──────────────────────────────────────────────────────────────────────────────
                                       Time                   Allocations      
                               ──────────────────────   ───────────────────────
       Tot / % measured:             748s / 99.0%           45.6GiB / 99.5%    

 Section               ncalls     time   %tot     avg     alloc   %tot      avg
 ──────────────────────────────────────────────────────────────────────────────
 composite                  1     262s  35.4%    262s   14.7GiB  32.3%  14.7GiB
   addition                 1    80.7s  10.9%   80.7s   3.49GiB  7.70%  3.49GiB
     Standardised T...      1    34.4s  4.65%   34.4s   1.95GiB  4.31%  1.95GiB
       adj_fd               9    9.15s  1.24%   1.02s   1.25GiB  2.75%   142MiB
       adj_ad               9    5.66s  0.77%   629ms    183MiB  0.39%  20.4MiB
     Standardised T...      1    33.9s  4.58%   33.9s   1.19GiB  2.62%  1.19GiB
       adj_fd               9    7.43s  1.00%   826ms    507MiB  1.09%  56.3MiB
       adj_ad               9    4.68s  0.63%   520ms    166MiB  0.36%  18.5MiB
     Correlated GPs         1    10.7s  1.44%   10.7s    290MiB  0.62%   290MiB
       Consistency ...      1    4.43s  0.60%   4.43s    102MiB  0.22%   102MiB
     Verify mean / ...      1    1.80s  0.24%   1.80s   69.7MiB  0.15%  69.7MiB
       Consistency ...      1    642ms  0.09%   642ms   14.6MiB  0.03%  14.6MiB
   conditioning             1    68.8s  9.30%   68.8s   6.37GiB  14.0%  6.37GiB
     Diff Tests             1    61.0s  8.24%   61.0s   6.10GiB  13.4%  6.10GiB
       adj_fd               9    33.4s  4.52%   3.72s   5.05GiB  11.1%   574MiB
       adj_ad               9    8.39s  1.13%   932ms    358MiB  0.77%  39.8MiB
     Consistency Tests      1    3.39s  0.46%   3.39s    113MiB  0.24%   113MiB
     condition once         1    1.97s  0.27%   1.97s   84.5MiB  0.18%  84.5MiB
     Conditioning w...      1    1.26s  0.17%   1.26s   29.5MiB  0.06%  29.5MiB
     condition repe...      1    747ms  0.10%   747ms   26.6MiB  0.06%  26.6MiB
     Observation            1    453ms  0.06%   453ms   21.2MiB  0.05%  21.2MiB
   product                  1    60.1s  8.13%   60.1s   2.50GiB  5.51%  2.50GiB
     multiply by fu...      1    37.3s  5.03%   37.3s   1.53GiB  3.38%  1.53GiB
       Diff Tests           1    25.1s  3.39%   25.1s   1.04GiB  2.30%  1.04GiB
         adj_fd             9    7.90s  1.07%   878ms    386MiB  0.83%  42.9MiB
         adj_ad             9    5.07s  0.69%   564ms    197MiB  0.43%  21.9MiB
       Consistency ...      1    2.18s  0.29%   2.18s   99.3MiB  0.21%  99.3MiB
     multiply by co...      1    22.9s  3.09%   22.9s   0.97GiB  2.13%  0.97GiB
       Diff Tests           1    18.5s  2.49%   18.5s    884MiB  1.90%   884MiB
         adj_fd             9    7.47s  1.01%   830ms    399MiB  0.86%  44.3MiB
         adj_ad             9    2.75s  0.37%   306ms    122MiB  0.26%  13.6MiB
       Consistency ...      1    1.48s  0.20%   1.48s   36.8MiB  0.08%  36.8MiB
     GP mul errors          1   14.0ms  0.00%  14.0ms    103KiB  0.00%   103KiB
   compose                  1    31.3s  4.23%   31.3s   1.31GiB  2.89%  1.31GiB
     general                1    21.1s  2.85%   21.1s    830MiB  1.79%   830MiB
       Diff Tests           1    18.7s  2.53%   18.7s    765MiB  1.65%   765MiB
         adj_fd             9    7.31s  0.99%   813ms    410MiB  0.88%  45.5MiB
         adj_ad             9    3.90s  0.53%   433ms    136MiB  0.29%  15.1MiB
       Consistency ...      1    1.66s  0.22%   1.66s   42.5MiB  0.09%  42.5MiB
     Stretch                1    9.35s  1.26%   9.35s    463MiB  1.00%   463MiB
       scalar stretch       1    9.24s  1.25%   9.24s    457MiB  0.98%   457MiB
         scalar input       1    9.13s  1.23%   9.13s    455MiB  0.98%   455MiB
           adj_fd           9    5.96s  0.81%   663ms    348MiB  0.75%  38.7MiB
           adj_ad           9    614ms  0.08%  68.3ms   21.2MiB  0.05%  2.36MiB
         vector input       1   68.8ms  0.01%  68.8ms   1.84MiB  0.00%  1.84MiB
       Vector stretch       1   66.1ms  0.01%  66.1ms   2.87MiB  0.01%  2.87MiB
       Matrix stretch       1   50.7ms  0.01%  50.7ms   2.35MiB  0.01%  2.35MiB
     Shift                  1    728ms  0.10%   728ms   42.0MiB  0.09%  42.0MiB
       Shift{Float64}       1    454ms  0.06%   454ms   26.7MiB  0.06%  26.7MiB
       Shift{Vector...      1    274ms  0.04%   274ms   15.3MiB  0.03%  15.3MiB
     Select                 1    167ms  0.02%   167ms   7.08MiB  0.02%  7.08MiB
   cross                    1    12.6s  1.70%   12.6s    658MiB  1.42%   658MiB
     Correctness tests      1    11.6s  1.57%   11.6s    630MiB  1.36%   630MiB
       rand, logpdf...      1    5.64s  0.76%   5.64s    353MiB  0.76%   353MiB
     Standardised T...      1    966ms  0.13%   966ms   27.5MiB  0.06%  27.5MiB
     finites_to_block       1    545μs  0.00%   545μs   44.6KiB  0.00%  44.6KiB
   Titsias                  1    6.11s  0.83%   6.11s    313MiB  0.67%   313MiB
     optimal_q (mul...      1    3.69s  0.50%   3.69s    254MiB  0.55%   254MiB
       single cond,...      1    2.08s  0.28%   2.08s    186MiB  0.40%   186MiB
       multiple con...      1    620ms  0.08%   620ms   21.0MiB  0.05%  21.0MiB
     optimal_q (sin...      1    1.36s  0.18%   1.36s   28.4MiB  0.06%  28.4MiB
       Dense                1    628ms  0.08%   628ms   12.6MiB  0.03%  12.6MiB
       σ²                   1    586ms  0.08%   586ms   14.2MiB  0.03%  14.2MiB
         σ² = 0.01          1    520ms  0.07%   520ms   14.0MiB  0.03%  14.0MiB
         σ² = 0.1           1   50.0ms  0.01%  50.0ms   70.7KiB  0.00%  70.7KiB
         σ² = 1.0           1   8.40ms  0.00%  8.40ms   70.7KiB  0.00%  70.7KiB
         σ² = 10.0          1   7.44ms  0.00%  7.44ms   70.7KiB  0.00%  70.7KiB
       Diagonal             1    148ms  0.02%   148ms   1.57MiB  0.00%  1.57MiB
     Consistency Tests      1    995ms  0.13%   995ms   28.3MiB  0.06%  28.3MiB
     accuracy tests         1   58.9ms  0.01%  58.9ms   1.71MiB  0.00%  1.71MiB
       Standardised...      1    648μs  0.00%   648μs    111KiB  0.00%   111KiB
         Dense Obs....      1    119μs  0.00%   119μs   21.5KiB  0.00%  21.5KiB
         Diagonal O...      1   91.1μs  0.00%  91.1μs   21.4KiB  0.00%  21.4KiB
         Isotropic ...      1   87.0μs  0.00%  87.0μs   21.4KiB  0.00%  21.4KiB
         BlockDiago...      1   86.0μs  0.00%  86.0μs   21.4KiB  0.00%  21.4KiB
   indexing                 1    410ms  0.06%   410ms   21.1MiB  0.05%  21.1MiB
     (Symmetric) Ma...      1    319ms  0.04%   319ms   19.6MiB  0.04%  19.6MiB
     no noise               1   46.1ms  0.01%  46.1ms   1.35MiB  0.00%  1.35MiB
     Vector-valued ...      1   35.5ms  0.00%  35.5ms    119KiB  0.00%   119KiB
     Real-valued noise      1   9.41ms  0.00%  9.41ms   58.2KiB  0.00%  58.2KiB
 gp                         1     240s  32.4%    240s   10.8GiB  23.8%  10.8GiB
   kernel                   1     229s  31.0%    229s   10.4GiB  22.9%  10.4GiB
     base kernels           1     229s  31.0%    229s   10.4GiB  22.9%  10.4GiB
       Stretched            1    35.7s  4.83%   35.7s   1.46GiB  3.23%  1.46GiB
         Convenienc...      1    17.4s  2.35%   17.4s    700MiB  1.51%   700MiB
           adj_fd          32    6.97s  0.94%   218ms    337MiB  0.73%  10.5MiB
           adj_ad          32    1.85s  0.25%  57.8ms   57.4MiB  0.12%  1.79MiB
         Scalar a           1    8.81s  1.19%   8.81s    385MiB  0.83%   385MiB
           adj_fd           8    4.63s  0.63%   579ms    205MiB  0.44%  25.6MiB
           adj_ad           8    151ms  0.02%  18.8ms   8.12MiB  0.02%  1.02MiB
         Vector a           1    5.09s  0.69%   5.09s    219MiB  0.47%   219MiB
           adj_fd           4    2.29s  0.31%   573ms    111MiB  0.24%  27.8MiB
           adj_ad           4    319ms  0.04%  79.7ms   3.68MiB  0.01%   942KiB
         Matrix a           1    4.43s  0.60%   4.43s    195MiB  0.42%   195MiB
           adj_fd           4    2.61s  0.35%   653ms    108MiB  0.23%  27.0MiB
           adj_ad           4    136ms  0.02%  34.0ms   3.86MiB  0.01%  0.97MiB
       Poly                 1    31.7s  4.28%   31.7s   1.30GiB  2.87%  1.30GiB
         adj_fd            24    14.2s  1.92%   593ms    578MiB  1.25%  24.1MiB
         adj_ad            24    3.09s  0.42%   129ms    114MiB  0.25%  4.75MiB
       RQ                   1    24.1s  3.26%   24.1s   1.28GiB  2.83%  1.28GiB
         α=1.0              1    11.2s  1.51%   11.2s    488MiB  1.05%   488MiB
           adj_fd           8    4.65s  0.63%   581ms    197MiB  0.42%  24.6MiB
           adj_ad           8    1.03s  0.14%   128ms   28.2MiB  0.06%  3.52MiB
         single-input       1    8.54s  1.15%   8.54s    554MiB  1.19%   554MiB
           adj_fd           4    7.37s  1.00%   1.84s    515MiB  1.11%   129MiB
           adj_ad           4    139ms  0.02%  34.6ms   4.56MiB  0.01%  1.14MiB
         multi-input        1    4.05s  0.55%   4.05s    208MiB  0.45%   208MiB
           adj_fd           4    3.52s  0.48%   881ms    197MiB  0.42%  49.2MiB
           adj_ad           4   82.4ms  0.01%  20.6ms   2.44MiB  0.01%   624KiB
         α=1.5              1    169ms  0.02%   169ms   31.4MiB  0.07%  31.4MiB
           adj_fd           8    165ms  0.02%  20.6ms   31.1MiB  0.07%  3.89MiB
           adj_ad           8   1.09ms  0.00%   136μs   41.6KiB  0.00%  5.21KiB
         α=100.0            1    156ms  0.02%   156ms   31.4MiB  0.07%  31.4MiB
           adj_fd           8    152ms  0.02%  19.0ms   31.1MiB  0.07%  3.89MiB
           adj_ad           8   1.10ms  0.00%   138μs   41.6KiB  0.00%  5.21KiB
       PerEQ                1    19.0s  2.57%   19.0s   0.96GiB  2.11%  0.96GiB
         adj_ad             4    6.01s  0.81%   1.50s    318MiB  0.68%  79.5MiB
         adj_fd             4    2.48s  0.34%   621ms   89.9MiB  0.19%  22.5MiB
       GammaExp             1    12.7s  1.72%   12.7s    580MiB  1.25%   580MiB
         adj_fd            24    5.01s  0.68%   209ms    282MiB  0.61%  11.8MiB
         adj_ad            24    1.47s  0.20%  61.2ms   26.4MiB  0.06%  1.10MiB
       EQ                   1    11.7s  1.58%   11.7s    537MiB  1.16%   537MiB
         adj_fd             8    4.56s  0.62%   570ms    197MiB  0.42%  24.7MiB
         adj_ad             8    1.40s  0.19%   175ms   32.9MiB  0.07%  4.11MiB
       Matern52             1    11.3s  1.52%   11.3s    561MiB  1.21%   561MiB
         adj_fd             8    4.88s  0.66%   610ms    203MiB  0.44%  25.3MiB
         adj_ad             8    825ms  0.11%   103ms   58.5MiB  0.13%  7.31MiB
       Linear               1    10.6s  1.44%   10.6s    523MiB  1.13%   523MiB
         adj_fd             8    4.53s  0.61%   567ms    185MiB  0.40%  23.2MiB
         adj_ad             8    782ms  0.11%  97.7ms   2.31MiB  0.00%   296KiB
       Scaled               1    10.2s  1.38%   10.2s    440MiB  0.95%   440MiB
         adj_fd             9    5.35s  0.72%   595ms    233MiB  0.50%  25.9MiB
         adj_ad             9    608ms  0.08%  67.6ms   26.1MiB  0.06%  2.90MiB
       ZeroKernel           1    10.0s  1.35%   10.0s    410MiB  0.88%   410MiB
         adj_fd             8    5.06s  0.68%   632ms    184MiB  0.40%  23.0MiB
         adj_ad             8    192μs  0.00%  24.0μs   1.75KiB  0.00%     224B
       Matern32             1    9.53s  1.29%   9.53s    484MiB  1.04%   484MiB
         adj_fd             8    4.53s  0.61%   566ms    203MiB  0.44%  25.4MiB
         adj_ad             8    572ms  0.08%  71.5ms   20.5MiB  0.04%  2.56MiB
       Exp                  1    9.09s  1.23%   9.09s    401MiB  0.86%   401MiB
         adj_fd             8    4.21s  0.57%   527ms    203MiB  0.44%  25.4MiB
         adj_ad             8    887ms  0.12%   111ms   9.21MiB  0.02%  1.15MiB
       Product              1    8.82s  1.19%   8.82s    390MiB  0.84%   390MiB
         adj_fd             8    4.81s  0.65%   602ms    230MiB  0.50%  28.8MiB
         adj_ad             8    129ms  0.02%  16.1ms   5.28MiB  0.01%   676KiB
       Sum                  1    8.28s  1.12%   8.28s    399MiB  0.86%   399MiB
         adj_fd             8    4.74s  0.64%   592ms    230MiB  0.50%  28.8MiB
         adj_ad             8    169ms  0.02%  21.2ms   4.69MiB  0.01%   600KiB
       ConstKernel          1    7.30s  0.99%   7.30s    344MiB  0.74%   344MiB
         adj_fd             8    4.44s  0.60%   555ms    184MiB  0.40%  23.0MiB
         adj_ad             8   82.7ms  0.01%  10.3ms    106KiB  0.00%  13.2KiB
       OneKernel            1    6.68s  0.90%   6.68s    315MiB  0.68%   315MiB
         adj_fd             8    4.30s  0.58%   538ms    184MiB  0.40%  23.0MiB
         adj_ad             8    164μs  0.00%  20.5μs   1.75KiB  0.00%     224B
       precomputed          1    752ms  0.10%   752ms   24.8MiB  0.05%  24.8MiB
       Wiener               1    657ms  0.09%   657ms   28.3MiB  0.06%  28.3MiB
       WienerVelocity       1    613ms  0.08%   613ms   30.5MiB  0.07%  30.5MiB
       Noise                1    282ms  0.04%   282ms   18.0MiB  0.04%  18.0MiB
     (is)zero               1   6.37ms  0.00%  6.37ms    257KiB  0.00%   257KiB
   mean                     1    8.96s  1.21%   8.96s    434MiB  0.93%   434MiB
     CustomMean             1    3.32s  0.45%   3.32s    147MiB  0.32%   147MiB
       adj_ad               1    1.14s  0.15%   1.14s   53.7MiB  0.12%  53.7MiB
       adj_fd               1    546ms  0.07%   546ms   15.0MiB  0.03%  15.0MiB
     ZeroMean               1    1.97s  0.27%   1.97s   98.4MiB  0.21%  98.4MiB
       adj_fd               2    905ms  0.12%   452ms   29.0MiB  0.06%  14.5MiB
       adj_ad               2   31.5μs  0.00%  15.8μs      448B  0.00%     224B
     ConstMean              1    1.97s  0.27%   1.97s    101MiB  0.22%   101MiB
       adj_fd               2    856ms  0.12%   428ms   29.0MiB  0.06%  14.5MiB
       adj_ad               2   25.5ms  0.00%  12.7ms   34.3KiB  0.00%  17.2KiB
     OneMean                1    1.68s  0.23%   1.68s   86.7MiB  0.19%  86.7MiB
       adj_fd               2    977ms  0.13%   489ms   29.0MiB  0.06%  14.5MiB
       adj_ad               2   35.9μs  0.00%  17.9μs      448B  0.00%     224B
     (is)zero               1   13.2ms  0.00%  13.2ms    352KiB  0.00%   352KiB
   gp                       1    394ms  0.05%   394ms   8.48MiB  0.02%  8.48MiB
     GP                     1    203ms  0.03%   203ms   5.64MiB  0.01%  5.64MiB
     sugar                  1   71.2ms  0.01%  71.2ms   1.21MiB  0.00%  1.21MiB
     independent GPs        1   63.2ms  0.01%  63.2ms    763KiB  0.00%   763KiB
     reversed const...      1   56.2ms  0.01%  56.2ms    876KiB  0.00%   876KiB
 util                       1     198s  26.8%    198s   18.4GiB  40.6%  18.4GiB
   BlockDiagonal            1    77.4s  10.5%   77.4s   3.47GiB  7.65%  3.47GiB
     Matrix                 1    32.3s  4.36%   32.3s   1.43GiB  3.14%  1.43GiB
     Diagonal{T, <:...      1    12.4s  1.68%   12.4s    845MiB  1.82%   845MiB
       cholesky             1    10.0s  1.35%   10.0s    696MiB  1.50%   696MiB
         adj_fd             3    4.38s  0.59%   1.46s    383MiB  0.82%   128MiB
         adj_ad             3    1.32s  0.18%   439ms   76.0MiB  0.16%  25.3MiB
     TriangularBloc...      1    10.9s  1.48%   10.9s    386MiB  0.83%   386MiB
     BlockDiagonal ...      1    8.75s  1.18%   8.75s    276MiB  0.59%   276MiB
     Symmetric              1    3.83s  0.52%   3.83s    206MiB  0.44%   206MiB
     ldiv(BlockDiag...      1    2.77s  0.37%   2.77s   94.9MiB  0.20%  94.9MiB
     transpose              1    1.31s  0.18%   1.31s   72.4MiB  0.16%  72.4MiB
     adjoint(Triang...      1    907ms  0.12%   907ms   26.5MiB  0.06%  26.5MiB
     adjoint                1    823ms  0.11%   823ms   35.0MiB  0.08%  35.0MiB
     ldiv(BlockDiag...      1    776ms  0.10%   776ms   37.8MiB  0.08%  37.8MiB
     BlockDiagonal ...      1    655ms  0.09%   655ms   30.9MiB  0.07%  30.9MiB
     BlockDiagonal ...      1    618ms  0.08%   618ms   31.7MiB  0.07%  31.7MiB
     Negation               1    604ms  0.08%   604ms   18.5MiB  0.04%  18.5MiB
     tr_At_A                1    413ms  0.06%   413ms   22.8MiB  0.05%  22.8MiB
     UpperTriangular        1    366ms  0.05%   366ms   11.1MiB  0.02%  11.1MiB
   dense                    1    54.2s  7.32%   54.2s   11.6GiB  25.5%  11.6GiB
     adj_fd                 2    46.4s  6.27%   23.2s   11.1GiB  24.5%  5.56GiB
     adj_ad                 2   18.5ms  0.00%  9.24ms    730KiB  0.00%   365KiB
   zygote_rules             1    34.6s  4.68%   34.6s   1.94GiB  4.28%  1.94GiB
     Cholesky (getp...      1    21.1s  2.85%   21.1s   1.15GiB  2.53%  1.15GiB
       adj_fd               4    3.22s  0.44%   806ms    172MiB  0.37%  43.0MiB
       adj_ad               4    817ms  0.11%   204ms   42.3MiB  0.09%  10.6MiB
     pairwise(::Euc...      1    3.74s  0.51%   3.74s    203MiB  0.44%   203MiB
       adj_fd               1   1000ms  0.14%  1000ms   49.2MiB  0.11%  49.2MiB
       adj_ad               1    984ms  0.13%   984ms   68.1MiB  0.15%  68.1MiB
     Diagonal               1    3.34s  0.45%   3.34s    214MiB  0.46%   214MiB
       adj_fd               2    1.28s  0.17%   638ms   89.9MiB  0.19%  44.9MiB
       adj_ad               2    478ms  0.06%   239ms   26.6MiB  0.06%  13.3MiB
     colwise(::Eucl...      1    2.69s  0.36%   2.69s    170MiB  0.37%   170MiB
       adj_fd               1    1.02s  0.14%   1.02s   62.1MiB  0.13%  62.1MiB
       adj_ad               1    529ms  0.07%   529ms   40.5MiB  0.09%  40.5MiB
     pairwise(::Euc...      1    2.35s  0.32%   2.35s    140MiB  0.30%   140MiB
       adj_ad               1    1.08s  0.15%   1.08s   87.1MiB  0.19%  87.1MiB
       adj_fd               1    756ms  0.10%   756ms   32.7MiB  0.07%  32.7MiB
     broadcast              1    1.41s  0.19%   1.41s   85.3MiB  0.18%  85.3MiB
       exp                  1    747ms  0.10%   747ms   46.6MiB  0.10%  46.6MiB
         adj_fd             1    490ms  0.07%   490ms   27.8MiB  0.06%  27.8MiB
         adj_ad             1    118ms  0.02%   118ms   10.1MiB  0.02%  10.1MiB
       -                    1    661ms  0.09%   661ms   38.6MiB  0.08%  38.6MiB
         adj_fd             1    498ms  0.07%   498ms   27.8MiB  0.06%  27.8MiB
         adj_ad             1   40.7ms  0.01%  40.7ms   2.59MiB  0.01%  2.59MiB
   adj_fd                  16    9.31s  1.26%   582ms    371MiB  0.80%  23.2MiB
   abstract_data_set        1    4.88s  0.66%   4.88s    206MiB  0.44%   206MiB
     BlockData              1    3.02s  0.41%   3.02s    136MiB  0.29%   136MiB
     ColVecs                1    1.86s  0.25%   1.86s   69.6MiB  0.15%  69.6MiB
   cholesky                 1    3.47s  0.47%   3.47s    210MiB  0.45%   210MiB
     tr_At_A                1    897ms  0.12%   897ms   57.1MiB  0.12%  57.1MiB
       adj_fd               1    484ms  0.07%   484ms   27.5MiB  0.06%  27.5MiB
       adj_ad               1    149ms  0.02%   149ms   12.4MiB  0.03%  12.4MiB
   adj_ad                  16    824ms  0.11%  51.5ms   34.1MiB  0.07%  2.13MiB
 abstract_gp                1    39.8s  5.38%   39.8s   1.50GiB  3.31%  1.50GiB
   adj_fd                  11    12.5s  1.69%   1.14s    564MiB  1.21%  51.3MiB
   adj_ad                  11    10.7s  1.44%   970ms    353MiB  0.76%  32.1MiB
 ──────────────────────────────────────────────────────────────────────────────   Testing Stheno tests passed 
