 Resolving package versions...
 Installed URIParser ───────── v0.4.0
 Installed Compat ──────────── v2.2.0
 Installed BinDeps ─────────── v0.8.10
 Installed StaticArrays ────── v0.11.1
 Installed SOFA ────────────── v1.0.1
 Installed SatelliteDynamics ─ v0.3.0
  Updating `~/.julia/environments/v1.2/Project.toml`
  [0e7c1a32] + SatelliteDynamics v0.3.0
  Updating `~/.julia/environments/v1.2/Manifest.toml`
  [9e28174c] + BinDeps v0.8.10
  [34da2185] + Compat v2.2.0
  [ad3d3fd0] + SOFA v1.0.1
  [0e7c1a32] + SatelliteDynamics v0.3.0
  [90137ffa] + StaticArrays v0.11.1
  [30578b45] + URIParser v0.4.0
  [2a0f44e3] + Base64 
  [ade2ca70] + Dates 
  [8bb1440f] + DelimitedFiles 
  [8ba89e20] + Distributed 
  [b77e0a4c] + InteractiveUtils 
  [76f85450] + LibGit2 
  [8f399da3] + Libdl 
  [37e2e46d] + LinearAlgebra 
  [56ddb016] + Logging 
  [d6f4376e] + Markdown 
  [a63ad114] + Mmap 
  [44cfe95a] + Pkg 
  [de0858da] + Printf 
  [3fa0cd96] + REPL 
  [9a3f8284] + Random 
  [ea8e919c] + SHA 
  [9e88b42a] + Serialization 
  [1a1011a3] + SharedArrays 
  [6462fe0b] + Sockets 
  [2f01184e] + SparseArrays 
  [10745b16] + Statistics 
  [8dfed614] + Test 
  [cf7118a7] + UUIDs 
  [4ec0a83e] + Unicode 
  Building SOFA → `~/.julia/packages/SOFA/kZlWv/deps/build.log`
   Testing SatelliteDynamics
 Resolving package versions...
    Status `/tmp/jl_2y8Ln4/Manifest.toml`
  [9e28174c] BinDeps v0.8.10
  [34da2185] Compat v2.2.0
  [ad3d3fd0] SOFA v1.0.1
  [0e7c1a32] SatelliteDynamics v0.3.0
  [90137ffa] StaticArrays v0.11.1
  [30578b45] URIParser v0.4.0
  [2a0f44e3] Base64  [`@stdlib/Base64`]
  [ade2ca70] Dates  [`@stdlib/Dates`]
  [8bb1440f] DelimitedFiles  [`@stdlib/DelimitedFiles`]
  [8ba89e20] Distributed  [`@stdlib/Distributed`]
  [b77e0a4c] InteractiveUtils  [`@stdlib/InteractiveUtils`]
  [76f85450] LibGit2  [`@stdlib/LibGit2`]
  [8f399da3] Libdl  [`@stdlib/Libdl`]
  [37e2e46d] LinearAlgebra  [`@stdlib/LinearAlgebra`]
  [56ddb016] Logging  [`@stdlib/Logging`]
  [d6f4376e] Markdown  [`@stdlib/Markdown`]
  [a63ad114] Mmap  [`@stdlib/Mmap`]
  [44cfe95a] Pkg  [`@stdlib/Pkg`]
  [de0858da] Printf  [`@stdlib/Printf`]
  [3fa0cd96] REPL  [`@stdlib/REPL`]
  [9a3f8284] Random  [`@stdlib/Random`]
  [ea8e919c] SHA  [`@stdlib/SHA`]
  [9e88b42a] Serialization  [`@stdlib/Serialization`]
  [1a1011a3] SharedArrays  [`@stdlib/SharedArrays`]
  [6462fe0b] Sockets  [`@stdlib/Sockets`]
  [2f01184e] SparseArrays  [`@stdlib/SparseArrays`]
  [10745b16] Statistics  [`@stdlib/Statistics`]
  [8dfed614] Test  [`@stdlib/Test`]
  [cf7118a7] UUIDs  [`@stdlib/UUIDs`]
  [4ec0a83e] Unicode  [`@stdlib/Unicode`]
  1.674119 seconds (2.10 M allocations: 107.364 MiB, 3.61% gc time)
  4.211160 seconds (7.65 M allocations: 351.858 MiB, 5.96% gc time)
 34.161725 seconds (1.30 G allocations: 57.969 GiB, 11.43% gc time)
  9.846301 seconds (9.57 M allocations: 482.867 MiB, 2.48% gc time)
  4.034590 seconds (3.59 M allocations: 187.812 MiB, 1.81% gc time)
SatelliteDynamics.Coordinates: Test Failed at /root/.julia/packages/SatelliteDynamics/0Uvp0/test/test_coordinates.jl:323
  Expression: azel_enz[6] == azel_sez[6]
   Evaluated: -468.60063451902397 == -468.60063451902374
Stacktrace:
 [1] top-level scope at /root/.julia/packages/SatelliteDynamics/0Uvp0/test/test_coordinates.jl:323
 [2] include at ./boot.jl:328 [inlined]
 [3] include_relative(::Module, ::String) at ./loading.jl:1094
 [4] include(::Module, ::String) at ./Base.jl:31
 [5] include(::String) at ./client.jl:431
 [6] top-level scope at /root/.julia/packages/SatelliteDynamics/0Uvp0/test/runtests.jl:62
 [7] top-level scope at /buildworker/worker/package_linux64/build/usr/share/julia/stdlib/v1.2/Test/src/Test.jl:1113
 [8] top-level scope at /root/.julia/packages/SatelliteDynamics/0Uvp0/test/runtests.jl:62
 [9] top-level scope at util.jl:156
 [10] top-level scope at /root/.julia/packages/SatelliteDynamics/0Uvp0/test/runtests.jl:61
 [11] top-level scope at /buildworker/worker/package_linux64/build/usr/share/julia/stdlib/v1.2/Test/src/Test.jl:1113
 [12] top-level scope at /root/.julia/packages/SatelliteDynamics/0Uvp0/test/runtests.jl:45
 [13] top-level scope at util.jl:156
  7.116247 seconds (6.96 M allocations: 345.298 MiB, 4.39% gc time)
  0.649340 seconds (673.73 k allocations: 36.063 MiB, 3.41% gc time)
  1.515063 seconds (1.84 M allocations: 99.028 MiB, 2.27% gc time)
  3.491365 seconds (5.72 M allocations: 271.680 MiB, 7.39% gc time)
  0.202486 seconds (95.56 k allocations: 4.981 MiB)
 11.499969 seconds (5.95 M allocations: 312.623 MiB, 3.52% gc time)
  4.223147 seconds (4.76 M allocations: 249.618 MiB, 2.51% gc time)
104.252793 seconds (657.38 M allocations: 16.586 GiB, 3.28% gc time)
Test Summary:                     | Pass  Fail  Total
SatelliteDynamics Package Tests   | 1145     1   1146
  SatelliteDynamics.Contants      |   30           30
  SatelliteDynamics.Universe      |   24           24
  SatelliteDynamics.Time          |  218          218
  SatelliteDynamics.Refsys        |   69           69
  SatelliteDynamics.Attitude      |  309          309
  SatelliteDynamics.Coordinates   |  126     1    127
  SatelliteDynamics.Astrodynamics |   53           53
  SatelliteDynamics.OrbitDynamics |   33           33
  SatelliteDynamics.SGPModels     |   12           12
  SatelliteDynamics.NRLMSISE00    |   12           12
  SatelliteDynamics.NRLMSISE00    |  166          166
  SatelliteDynamics.Integrators   |   39           39
  SatelliteDynamics.Propagators   |   54           54
ERROR: LoadError: Some tests did not pass: 1145 passed, 1 failed, 0 errored, 0 broken.
in expression starting at /root/.julia/packages/SatelliteDynamics/0Uvp0/test/runtests.jl:44
ERROR: Package SatelliteDynamics errored during testing
Stacktrace:
 [1] pkgerror(::String, ::Vararg{String,N} where N) at /buildworker/worker/package_linux64/build/usr/share/julia/stdlib/v1.2/Pkg/src/Types.jl:112
 [2] #test#119(::Bool, ::Nothing, ::typeof(Pkg.Operations.test), ::Pkg.Types.Context, ::Array{Pkg.Types.PackageSpec,1}) at /buildworker/worker/package_linux64/build/usr/share/julia/stdlib/v1.2/Pkg/src/Operations.jl:1288
 [3] #test at ./none:0 [inlined]
 [4] #test#62(::Bool, ::Nothing, ::Base.Iterators.Pairs{Union{},Union{},Tuple{},NamedTuple{(),Tuple{}}}, ::typeof(Pkg.API.test), ::Pkg.Types.Context, ::Array{Pkg.Types.PackageSpec,1}) at /buildworker/worker/package_linux64/build/usr/share/julia/stdlib/v1.2/Pkg/src/API.jl:245
 [5] test at /buildworker/worker/package_linux64/build/usr/share/julia/stdlib/v1.2/Pkg/src/API.jl:233 [inlined]
 [6] #test#61 at /buildworker/worker/package_linux64/build/usr/share/julia/stdlib/v1.2/Pkg/src/API.jl:230 [inlined]
 [7] test at /buildworker/worker/package_linux64/build/usr/share/julia/stdlib/v1.2/Pkg/src/API.jl:230 [inlined]
 [8] #test#60 at /buildworker/worker/package_linux64/build/usr/share/julia/stdlib/v1.2/Pkg/src/API.jl:229 [inlined]
 [9] test at /buildworker/worker/package_linux64/build/usr/share/julia/stdlib/v1.2/Pkg/src/API.jl:229 [inlined]
 [10] #test#59(::Base.Iterators.Pairs{Union{},Union{},Tuple{},NamedTuple{(),Tuple{}}}, ::typeof(Pkg.API.test), ::String) at /buildworker/worker/package_linux64/build/usr/share/julia/stdlib/v1.2/Pkg/src/API.jl:228
 [11] test(::String) at /buildworker/worker/package_linux64/build/usr/share/julia/stdlib/v1.2/Pkg/src/API.jl:228
 [12] top-level scope at none:10
