 Resolving package versions...
 Installed Adapt ─────────────────────── v1.0.0
 Installed Inflate ───────────────────── v0.1.1
 Installed TableTraits ───────────────── v1.0.0
 Installed CommonSubexpressions ──────── v0.2.0
 Installed LineSearches ──────────────── v7.0.1
 Installed BinaryProvider ────────────── v0.5.8
 Installed StochasticDiffEq ──────────── v6.15.0
 Installed DiffEqBase ────────────────── v6.7.0
 Installed URIParser ─────────────────── v0.4.0
 Installed Requires ──────────────────── v0.5.2
 Installed DocStringExtensions ───────── v0.8.1
 Installed NLSolversBase ─────────────── v7.5.0
 Installed Reexport ──────────────────── v0.2.0
 Installed ForwardDiff ───────────────── v0.10.7
 Installed ResettableStacks ──────────── v1.0.0
 Installed Compat ────────────────────── v2.2.0
 Installed FunctionWrappers ──────────── v1.0.0
 Installed VertexSafeGraphs ──────────── v0.1.0
 Installed Calculus ──────────────────── v0.5.1
 Installed RecipesBase ───────────────── v0.7.0
 Installed OrderedCollections ────────── v1.1.0
 Installed Roots ─────────────────────── v0.8.3
 Installed DataStructures ────────────── v0.17.6
 Installed TreeViews ─────────────────── v0.3.0
 Installed FillArrays ────────────────── v0.8.2
 Installed DiffEqDiffTools ───────────── v1.5.0
 Installed RandomNumbers ─────────────── v1.3.0
 Installed LightGraphs ───────────────── v1.3.0
 Installed IterativeSolvers ──────────── v0.8.1
 Installed DiffRules ─────────────────── v0.1.0
 Installed RecursiveFactorization ────── v0.1.0
 Installed SparseDiffTools ───────────── v1.0.0
 Installed RecursiveArrayTools ───────── v1.2.0
 Installed StaticArrays ──────────────── v0.12.1
 Installed ArrayInterface ────────────── v2.0.0
 Installed DiffResults ───────────────── v0.0.4
 Installed NaNMath ───────────────────── v0.3.3
 Installed SimpleTraits ──────────────── v0.9.1
 Installed MuladdMacro ───────────────── v0.2.1
 Installed IteratorInterfaceExtensions ─ v1.0.0
 Installed Distances ─────────────────── v0.8.2
 Installed Parameters ────────────────── v0.12.0
 Installed NLsolve ───────────────────── v4.2.0
 Installed DiffEqNoiseProcess ────────── v3.6.0
 Installed MacroTools ────────────────── v0.5.2
 Installed ArnoldiMethod ─────────────── v0.0.4
 Installed SpecialFunctions ──────────── v0.8.0
 Installed BinDeps ───────────────────── v0.8.10
  Updating `~/.julia/environments/v1.2/Project.toml`
  [789caeaf] + StochasticDiffEq v6.15.0
  Updating `~/.julia/environments/v1.2/Manifest.toml`
  [79e6a3ab] + Adapt v1.0.0
  [ec485272] + ArnoldiMethod v0.0.4
  [4fba245c] + ArrayInterface v2.0.0
  [9e28174c] + BinDeps v0.8.10
  [b99e7846] + BinaryProvider v0.5.8
  [49dc2e85] + Calculus v0.5.1
  [bbf7d656] + CommonSubexpressions v0.2.0
  [34da2185] + Compat v2.2.0
  [864edb3b] + DataStructures v0.17.6
  [2b5f629d] + DiffEqBase v6.7.0
  [01453d9d] + DiffEqDiffTools v1.5.0
  [77a26b50] + DiffEqNoiseProcess v3.6.0
  [163ba53b] + DiffResults v0.0.4
  [b552c78f] + DiffRules v0.1.0
  [b4f34e82] + Distances v0.8.2
  [ffbed154] + DocStringExtensions v0.8.1
  [1a297f60] + FillArrays v0.8.2
  [f6369f11] + ForwardDiff v0.10.7
  [069b7b12] + FunctionWrappers v1.0.0
  [d25df0c9] + Inflate v0.1.1
  [42fd0dbc] + IterativeSolvers v0.8.1
  [82899510] + IteratorInterfaceExtensions v1.0.0
  [093fc24a] + LightGraphs v1.3.0
  [d3d80556] + LineSearches v7.0.1
  [1914dd2f] + MacroTools v0.5.2
  [46d2c3a1] + MuladdMacro v0.2.1
  [d41bc354] + NLSolversBase v7.5.0
  [2774e3e8] + NLsolve v4.2.0
  [77ba4419] + NaNMath v0.3.3
  [bac558e1] + OrderedCollections v1.1.0
  [d96e819e] + Parameters v0.12.0
  [e6cf234a] + RandomNumbers v1.3.0
  [3cdcf5f2] + RecipesBase v0.7.0
  [731186ca] + RecursiveArrayTools v1.2.0
  [f2c3362d] + RecursiveFactorization v0.1.0
  [189a3867] + Reexport v0.2.0
  [ae029012] + Requires v0.5.2
  [ae5879a3] + ResettableStacks v1.0.0
  [f2b01f46] + Roots v0.8.3
  [699a6c99] + SimpleTraits v0.9.1
  [47a9eef4] + SparseDiffTools v1.0.0
  [276daf66] + SpecialFunctions v0.8.0
  [90137ffa] + StaticArrays v0.12.1
  [789caeaf] + StochasticDiffEq v6.15.0
  [3783bdb8] + TableTraits v1.0.0
  [a2a6695c] + TreeViews v0.3.0
  [30578b45] + URIParser v0.4.0
  [19fa3120] + VertexSafeGraphs v0.1.0
  [2a0f44e3] + Base64 
  [ade2ca70] + Dates 
  [8bb1440f] + DelimitedFiles 
  [8ba89e20] + Distributed 
  [b77e0a4c] + InteractiveUtils 
  [76f85450] + LibGit2 
  [8f399da3] + Libdl 
  [37e2e46d] + LinearAlgebra 
  [56ddb016] + Logging 
  [d6f4376e] + Markdown 
  [a63ad114] + Mmap 
  [44cfe95a] + Pkg 
  [de0858da] + Printf 
  [3fa0cd96] + REPL 
  [9a3f8284] + Random 
  [ea8e919c] + SHA 
  [9e88b42a] + Serialization 
  [1a1011a3] + SharedArrays 
  [6462fe0b] + Sockets 
  [2f01184e] + SparseArrays 
  [10745b16] + Statistics 
  [4607b0f0] + SuiteSparse 
  [8dfed614] + Test 
  [cf7118a7] + UUIDs 
  [4ec0a83e] + Unicode 
  Building SpecialFunctions → `~/.julia/packages/SpecialFunctions/ne2iw/deps/build.log`
   Testing StochasticDiffEq
 Resolving package versions...
 Installed DataAPI ───────────────── v1.1.0
 Installed DiffEqCallbacks ───────── v2.10.0
 Installed SafeTestsets ──────────── v0.0.1
 Installed DiffEqDevTools ────────── v2.16.0
 Installed BlockArrays ───────────── v0.10.2
 Installed DiffEqProblemLibrary ──── v4.5.1
 Installed BlockBandedMatrices ───── v0.6.0
 Installed DiffEqOperators ───────── v4.6.0
 Installed GenericSchur ──────────── v0.3.0
 Installed DataValueInterfaces ───── v1.0.0
 Installed ArrayLayouts ──────────── v0.1.5
 Installed ExponentialUtilities ──── v1.5.1
 Installed ElasticArrays ─────────── v1.0.0
 Installed Polynomials ───────────── v0.6.0
 Installed HomotopyContinuation ──── v1.3.1
 Installed SymEngine ─────────────── v0.7.0
 Installed DynamicPolynomials ────── v0.3.3
 Installed StaticPolynomials ─────── v1.3.3
 Installed TimerOutputs ──────────── v0.5.3
 Installed MultivariatePolynomials ─ v0.3.2
 Installed DoubleFloats ──────────── v1.0.1
 Installed Tables ────────────────── v0.2.11
 Installed GenericSVD ────────────── v0.2.2
 Installed NNlib ─────────────────── v0.6.0
 Installed CanonicalTraits ───────── v0.1.0
 Installed GeneralizedGenerated ──── v0.2.0
 Installed MLStyle ───────────────── v0.3.1
 Installed ProjectiveVectors ─────── v1.1.2
 Installed ModelingToolkit ───────── v1.0.0
 Installed DiffEqJump ────────────── v6.3.0
 Installed BandedMatrices ────────── v0.14.2
 Installed Crayons ───────────────── v4.0.1
 Installed JuliaVariables ────────── v0.2.0
 Installed LaTeXStrings ──────────── v1.0.3
 Installed DiffEqBiological ──────── v4.1.0
 Installed Quadmath ──────────────── v0.5.2
 Installed PrettyTables ──────────── v0.6.0
 Installed NameResolution ────────── v0.1.3
 Installed Latexify ──────────────── v0.12.3
 Installed PoissonRandom ─────────── v0.4.0
 Installed PrettyPrint ───────────── v0.1.0
 Installed LazyArrays ────────────── v0.14.10
 Installed OrdinaryDiffEq ────────── v5.25.0
 Installed Formatting ────────────── v0.4.1
 Installed ProgressMeter ─────────── v1.2.0
 Installed MatrixFactorizations ──── v0.2.1
 Installed MixedSubdivisions ─────── v1.0.0
 Installed FixedPolynomials ──────── v0.4.0
  Building SymEngine → `~/.julia/packages/SymEngine/zSUGO/deps/build.log`
    Status `/tmp/jl_SQDpe3/Manifest.toml`
  [79e6a3ab] Adapt v1.0.0
  [ec485272] ArnoldiMethod v0.0.4
  [4fba245c] ArrayInterface v2.0.0
  [4c555306] ArrayLayouts v0.1.5
  [aae01518] BandedMatrices v0.14.2
  [9e28174c] BinDeps v0.8.10
  [b99e7846] BinaryProvider v0.5.8
  [8e7c35d0] BlockArrays v0.10.2
  [ffab5731] BlockBandedMatrices v0.6.0
  [49dc2e85] Calculus v0.5.1
  [a603d957] CanonicalTraits v0.1.0
  [bbf7d656] CommonSubexpressions v0.2.0
  [34da2185] Compat v2.2.0
  [a8cc5b0e] Crayons v4.0.1
  [9a962f9c] DataAPI v1.1.0
  [864edb3b] DataStructures v0.17.6
  [e2d170a0] DataValueInterfaces v1.0.0
  [2b5f629d] DiffEqBase v6.7.0
  [eb300fae] DiffEqBiological v4.1.0
  [459566f4] DiffEqCallbacks v2.10.0
  [f3b72e0c] DiffEqDevTools v2.16.0
  [01453d9d] DiffEqDiffTools v1.5.0
  [c894b116] DiffEqJump v6.3.0
  [77a26b50] DiffEqNoiseProcess v3.6.0
  [9fdde737] DiffEqOperators v4.6.0
  [a077e3f3] DiffEqProblemLibrary v4.5.1
  [163ba53b] DiffResults v0.0.4
  [b552c78f] DiffRules v0.1.0
  [b4f34e82] Distances v0.8.2
  [ffbed154] DocStringExtensions v0.8.1
  [497a8b3b] DoubleFloats v1.0.1
  [7c1d4256] DynamicPolynomials v0.3.3
  [fdbdab4c] ElasticArrays v1.0.0
  [d4d017d3] ExponentialUtilities v1.5.1
  [1a297f60] FillArrays v0.8.2
  [3dd14ad9] FixedPolynomials v0.4.0
  [59287772] Formatting v0.4.1
  [f6369f11] ForwardDiff v0.10.7
  [069b7b12] FunctionWrappers v1.0.0
  [6b9d7cbe] GeneralizedGenerated v0.2.0
  [01680d73] GenericSVD v0.2.2
  [c145ed77] GenericSchur v0.3.0
  [f213a82b] HomotopyContinuation v1.3.1
  [d25df0c9] Inflate v0.1.1
  [42fd0dbc] IterativeSolvers v0.8.1
  [82899510] IteratorInterfaceExtensions v1.0.0
  [b14d175d] JuliaVariables v0.2.0
  [b964fa9f] LaTeXStrings v1.0.3
  [23fbe1c1] Latexify v0.12.3
  [5078a376] LazyArrays v0.14.10
  [093fc24a] LightGraphs v1.3.0
  [d3d80556] LineSearches v7.0.1
  [d8e11817] MLStyle v0.3.1
  [1914dd2f] MacroTools v0.5.2
  [a3b82374] MatrixFactorizations v0.2.1
  [291d046c] MixedSubdivisions v1.0.0
  [961ee093] ModelingToolkit v1.0.0
  [46d2c3a1] MuladdMacro v0.2.1
  [102ac46a] MultivariatePolynomials v0.3.2
  [d41bc354] NLSolversBase v7.5.0
  [2774e3e8] NLsolve v4.2.0
  [872c559c] NNlib v0.6.0
  [77ba4419] NaNMath v0.3.3
  [71a1bf82] NameResolution v0.1.3
  [bac558e1] OrderedCollections v1.1.0
  [1dea7af3] OrdinaryDiffEq v5.25.0
  [d96e819e] Parameters v0.12.0
  [e409e4f3] PoissonRandom v0.4.0
  [f27b6e38] Polynomials v0.6.0
  [8162dcfd] PrettyPrint v0.1.0
  [08abe8d2] PrettyTables v0.6.0
  [92933f4c] ProgressMeter v1.2.0
  [01f381cc] ProjectiveVectors v1.1.2
  [be4d8f0f] Quadmath v0.5.2
  [e6cf234a] RandomNumbers v1.3.0
  [3cdcf5f2] RecipesBase v0.7.0
  [731186ca] RecursiveArrayTools v1.2.0
  [f2c3362d] RecursiveFactorization v0.1.0
  [189a3867] Reexport v0.2.0
  [ae029012] Requires v0.5.2
  [ae5879a3] ResettableStacks v1.0.0
  [f2b01f46] Roots v0.8.3
  [1bc83da4] SafeTestsets v0.0.1
  [699a6c99] SimpleTraits v0.9.1
  [47a9eef4] SparseDiffTools v1.0.0
  [276daf66] SpecialFunctions v0.8.0
  [90137ffa] StaticArrays v0.12.1
  [62e018b1] StaticPolynomials v1.3.3
  [789caeaf] StochasticDiffEq v6.15.0
  [123dc426] SymEngine v0.7.0
  [3783bdb8] TableTraits v1.0.0
  [bd369af6] Tables v0.2.11
  [a759f4b9] TimerOutputs v0.5.3
  [a2a6695c] TreeViews v0.3.0
  [30578b45] URIParser v0.4.0
  [19fa3120] VertexSafeGraphs v0.1.0
  [2a0f44e3] Base64  [`@stdlib/Base64`]
  [ade2ca70] Dates  [`@stdlib/Dates`]
  [8bb1440f] DelimitedFiles  [`@stdlib/DelimitedFiles`]
  [8ba89e20] Distributed  [`@stdlib/Distributed`]
  [b77e0a4c] InteractiveUtils  [`@stdlib/InteractiveUtils`]
  [76f85450] LibGit2  [`@stdlib/LibGit2`]
  [8f399da3] Libdl  [`@stdlib/Libdl`]
  [37e2e46d] LinearAlgebra  [`@stdlib/LinearAlgebra`]
  [56ddb016] Logging  [`@stdlib/Logging`]
  [d6f4376e] Markdown  [`@stdlib/Markdown`]
  [a63ad114] Mmap  [`@stdlib/Mmap`]
  [44cfe95a] Pkg  [`@stdlib/Pkg`]
  [de0858da] Printf  [`@stdlib/Printf`]
  [3fa0cd96] REPL  [`@stdlib/REPL`]
  [9a3f8284] Random  [`@stdlib/Random`]
  [ea8e919c] SHA  [`@stdlib/SHA`]
  [9e88b42a] Serialization  [`@stdlib/Serialization`]
  [1a1011a3] SharedArrays  [`@stdlib/SharedArrays`]
  [6462fe0b] Sockets  [`@stdlib/Sockets`]
  [2f01184e] SparseArrays  [`@stdlib/SparseArrays`]
  [10745b16] Statistics  [`@stdlib/Statistics`]
  [4607b0f0] SuiteSparse  [`@stdlib/SuiteSparse`]
  [8dfed614] Test  [`@stdlib/Test`]
  [cf7118a7] UUIDs  [`@stdlib/UUIDs`]
  [4ec0a83e] Unicode  [`@stdlib/Unicode`]
Test Summary:    | Pass  Total
First Rand Tests |    4      4
266.610644 seconds (37.31 M allocations: 1.900 GiB, 0.79% gc time)
Test Summary:     |
Linear RODE Tests | No tests
 14.096948 seconds (12.20 M allocations: 607.973 MiB, 3.27% gc time)
Test Summary:        | Pass  Total
Complex Number Tests |   24     24
215.585115 seconds (243.80 M allocations: 10.625 GiB, 5.64% gc time)
┌ Warning: `a::StaticArray + b::Number` is deprecated, use `a .+ b` instead.
│   caller = _broadcast_getindex_evalf at broadcast.jl:625 [inlined]
└ @ Core ./broadcast.jl:625
┌ Warning: `a::StaticArray + b::Number` is deprecated, use `a .+ b` instead.
│   caller = _broadcast_getindex_evalf at broadcast.jl:625 [inlined]
└ @ Core ./broadcast.jl:625
┌ Warning: `a::StaticArray - b::Number` is deprecated, use `a .- b` instead.
│   caller = _broadcast_getindex at broadcast.jl:625 [inlined]
└ @ Core ./broadcast.jl:625
┌ Warning: `a::StaticArray + b::Number` is deprecated, use `a .+ b` instead.
│   caller = _broadcast_getindex_evalf at broadcast.jl:625 [inlined]
└ @ Core ./broadcast.jl:625
Test Summary:      | Broken  Total
Static Array Tests |      4      4
 55.764137 seconds (72.73 M allocations: 3.372 GiB, 7.07% gc time)
Test Summary:    | Pass  Total
Noise Type Tests | 1002   1002
 64.938207 seconds (75.39 M allocations: 3.314 GiB, 6.70% gc time)
Test Summary:     | Pass  Total
Mass matrix tests |    5      5
 60.781372 seconds (66.05 M allocations: 2.996 GiB, 6.50% gc time)
Test Summary:           | Broken  Total
Outofplace Arrays Tests |      1      1
  4.546913 seconds (4.07 M allocations: 199.501 MiB, 6.62% gc time)
Test Summary: | Pass  Total
tdir Tests    |    4      4
222.562567 seconds (78.93 M allocations: 3.689 GiB, 2.61% gc time)
(u, t) = (0.2749517490668277, 0.0625)
(u, t) = (0.23321023769848176, 0.125)
(u, t) = (0.20048722560154814, 0.1875)
(u, t) = (0.17647020956335646, 0.25)
(u, t) = (0.10843819945962573, 0.3125)
(u, t) = (0.10425094327823406, 0.33)
(u, t) = (0.10486848043823753, 0.3925)
(u, t) = (0.14314696623138543, 0.455)
(u, t) = (0.13158466406781097, 0.5175000000000001)
(u, t) = (0.14164055421843405, 0.5800000000000001)
(u, t) = (0.18247661162988177, 0.6425000000000001)
(u, t) = (0.1960497112876568, 0.7050000000000001)
(u, t) = (0.16252678271792578, 0.7675000000000001)
(u, t) = (0.09465095778954494, 0.8300000000000001)
(u, t) = (0.09590208178122334, 0.8925000000000001)
(u, t) = (0.07962744621244189, 0.9550000000000001)
(u, t) = (0.09555766871124226, 1.0)
Test Summary: | Pass  Total
tstops Tests  |    3      3
  3.981108 seconds (2.97 M allocations: 136.069 MiB, 3.35% gc time)
Test Summary: | Pass  Total
saveat Tests  |    5      5
 18.059401 seconds (19.03 M allocations: 930.693 MiB, 6.87% gc time)
Test Summary: |
Oval2         | No tests
  0.841644 seconds (665.57 k allocations: 41.909 MiB, 3.01% gc time)
Solve and Plot
Convergence Test on Linear
Test Summary:    | Pass  Total
Linear SDE Tests |    2      2
194.377045 seconds (187.47 M allocations: 55.114 GiB, 11.07% gc time)
Solve and Plot
Convergence Test on 2D Linear
...Test Summary:                    | Pass  Total
Two-dimensional Linear SDE Tests |   33     33
1490.994662 seconds (1.55 G allocations: 370.982 GiB, 15.63% gc time)
Test Summary:                 | Pass  Total
Element-wise Tolerances Tests |   12     12
257.617632 seconds (243.90 M allocations: 33.660 GiB, 11.67% gc time)
Test Summary:      | Pass  Total
Zero'd Noise Tests |    5      5
 20.552740 seconds (23.01 M allocations: 1.018 GiB, 10.17% gc time)
Test Summary: | Pass  Total
Scalar Tests  |    1      1
 53.579730 seconds (45.62 M allocations: 1.950 GiB, 7.71% gc time)
  8.143048 seconds (7.07 M allocations: 348.906 MiB, 7.87% gc time)
  6.048548 seconds (6.05 M allocations: 294.048 MiB, 8.68% gc time)
Test Summary:            | Pass  Total
Stiffness Detection Test |    4      4
 14.799181 seconds (13.48 M allocations: 662.578 MiB, 8.10% gc time)
Test Summary:             | Pass  Total
Adaptive SDE Linear Tests |   16     16
134.491706 seconds (129.23 M allocations: 5.578 GiB, 9.90% gc time)
  5.689342 seconds (5.39 M allocations: 262.501 MiB, 6.34% gc time)
  0.165473 seconds (285.22 k allocations: 15.717 MiB)
Test Summary:   | Pass  Total
Composite Tests |    3      3
 28.466868 seconds (25.16 M allocations: 1.107 GiB, 6.36% gc time)
Test Summary: | Pass  Total
Events Tests  |    7      7
 52.605628 seconds (59.60 M allocations: 2.620 GiB, 11.30% gc time)
Test Summary: |
Cache Tests   | No tests
 35.893510 seconds (39.78 M allocations: 1.761 GiB, 11.05% gc time)
