 Resolving package versions...
 Installed WriteVTK ─────────── v1.2.2
 Installed LightXML ─────────── v0.8.1
 Installed CodecZlib ────────── v0.6.0
 Installed TranscodingStreams ─ v0.9.5
 Installed BinaryProvider ───── v0.5.8
  Updating `~/.julia/environments/v1.2/Project.toml`
  [64499a7a] + WriteVTK v1.2.2
  Updating `~/.julia/environments/v1.2/Manifest.toml`
  [b99e7846] + BinaryProvider v0.5.8
  [944b1d66] + CodecZlib v0.6.0
  [9c8b4983] + LightXML v0.8.1
  [3bb67fe8] + TranscodingStreams v0.9.5
  [64499a7a] + WriteVTK v1.2.2
  [2a0f44e3] + Base64 
  [8ba89e20] + Distributed 
  [b77e0a4c] + InteractiveUtils 
  [8f399da3] + Libdl 
  [56ddb016] + Logging 
  [d6f4376e] + Markdown 
  [9a3f8284] + Random 
  [ea8e919c] + SHA 
  [9e88b42a] + Serialization 
  [6462fe0b] + Sockets 
  [8dfed614] + Test 
  Building LightXML ─→ `~/.julia/packages/LightXML/W8FVT/deps/build.log`
  Building CodecZlib → `~/.julia/packages/CodecZlib/5t9zO/deps/build.log`
   Testing WriteVTK
 Resolving package versions...
 Installed StaticArrays ─ v0.12.1
    Status `/tmp/jl_WXr7Wi/Manifest.toml`
  [b99e7846] BinaryProvider v0.5.8
  [944b1d66] CodecZlib v0.6.0
  [9c8b4983] LightXML v0.8.1
  [90137ffa] StaticArrays v0.12.1
  [3bb67fe8] TranscodingStreams v0.9.5
  [64499a7a] WriteVTK v1.2.2
  [2a0f44e3] Base64  [`@stdlib/Base64`]
  [8ba89e20] Distributed  [`@stdlib/Distributed`]
  [b77e0a4c] InteractiveUtils  [`@stdlib/InteractiveUtils`]
  [8f399da3] Libdl  [`@stdlib/Libdl`]
  [37e2e46d] LinearAlgebra  [`@stdlib/LinearAlgebra`]
  [56ddb016] Logging  [`@stdlib/Logging`]
  [d6f4376e] Markdown  [`@stdlib/Markdown`]
  [de0858da] Printf  [`@stdlib/Printf`]
  [9a3f8284] Random  [`@stdlib/Random`]
  [ea8e919c] SHA  [`@stdlib/SHA`]
  [9e88b42a] Serialization  [`@stdlib/Serialization`]
  [6462fe0b] Sockets  [`@stdlib/Sockets`]
  [2f01184e] SparseArrays  [`@stdlib/SparseArrays`]
  [10745b16] Statistics  [`@stdlib/Statistics`]
  [8dfed614] Test  [`@stdlib/Test`]
  [4ec0a83e] Unicode  [`@stdlib/Unicode`]
TEST (first run): multiblock.jl
  4.465333 seconds (5.06 M allocations: 209.217 MiB, 3.65% gc time)
Saved:  multiblock.vtm  multiblock_1.vts  multiblock_2.vtr  multiblock_3.vtu

TEST (first run): rectilinear.jl
  0.315565 seconds (261.19 k allocations: 13.961 MiB)
  0.128806 seconds (5.59 k allocations: 598.584 KiB)
Saved:  rectilinear_2D.vtr  rectilinear_3D.vtr

TEST (first run): imagedata.jl
  0.535433 seconds (26.16 k allocations: 1.428 MiB)
  0.252912 seconds (61.38 k allocations: 3.068 MiB)
  0.230698 seconds (58.85 k allocations: 3.056 MiB)
  0.032271 seconds (9.12 k allocations: 443.903 KiB)
Saved:   imagedata.vti  imagedata_2D.vti  imagedata_LinRange.vti  imagedata_StepRangeLen.vti

TEST (first run): structured.jl
  0.404326 seconds (298.74 k allocations: 15.409 MiB, 26.07% gc time)
  0.393549 seconds (230.73 k allocations: 7.201 MiB, 1.82% gc time)
Saved:  structured_2D.vts  structured_3D.vts

TEST (first run): unstructured.jl
  0.164990 seconds (165.65 k allocations: 9.064 MiB)
  0.014799 seconds (33.47 k allocations: 983.547 KiB)
  0.459090 seconds (1.30 M allocations: 26.803 MiB, 6.81% gc time)
Saved:  unstructured_1D.vtu  unstructured_2D.vtu  unstructured_3D.vtu

TEST (first run): pvdCollection.jl
  0.605054 seconds (116.32 k allocations: 7.356 MiB)
Saved:  collection.pvd  collection_00.vtr  collection_01.vtr  collection_02.vtr  collection_03.vtr  collection_reload.pvd  collection_reload.vtr

TEST (first run): array.jl
  0.316919 seconds (194.88 k allocations: 11.370 MiB, 4.12% gc time)
Saved:  arraydata_2D.vti  arraydata_3D.vti  arrays.vti

============================================================

TEST (second run): multiblock.jl
  1.120032 seconds (1.68 M allocations: 36.060 MiB, 11.79% gc time)
Saved:  multiblock.vtm  multiblock_1.vts  multiblock_2.vtr  multiblock_3.vtu

TEST (second run): rectilinear.jl
  0.003410 seconds (581 allocations: 269.078 KiB)
  0.111990 seconds (583 allocations: 345.031 KiB)
Saved:  rectilinear_2D.vtr  rectilinear_3D.vtr

TEST (second run): imagedata.jl
  0.165139 seconds (15.36 k allocations: 915.966 KiB, 5.53% gc time)
  0.070963 seconds (59.28 k allocations: 2.946 MiB)
  0.150082 seconds (12.14 k allocations: 738.638 KiB)
  0.018874 seconds (8.47 k allocations: 405.325 KiB)
Saved:   imagedata.vti  imagedata_2D.vti  imagedata_LinRange.vti  imagedata_StepRangeLen.vti

TEST (second run): structured.jl
  0.008175 seconds (2.49 k allocations: 276.188 KiB)
  0.296017 seconds (150.53 k allocations: 2.871 MiB)
Saved:  structured_2D.vts  structured_3D.vts

TEST (second run): unstructured.jl
  0.001276 seconds (563 allocations: 229.875 KiB)
  0.019846 seconds (33.47 k allocations: 983.547 KiB)
  0.518038 seconds (1.30 M allocations: 26.803 MiB, 19.27% gc time)
Saved:  unstructured_1D.vtu  unstructured_2D.vtu  unstructured_3D.vtu

TEST (second run): pvdCollection.jl
  0.494276 seconds (3.78 k allocations: 1.538 MiB)
Saved:  collection.pvd  collection_00.vtr  collection_01.vtr  collection_02.vtr  collection_03.vtr  collection_reload.pvd  collection_reload.vtr

TEST (second run): array.jl
  0.108695 seconds (561 allocations: 1.079 MiB)
Saved:  arraydata_2D.vti  arraydata_3D.vti  arrays.vti

   Testing WriteVTK tests passed 
