 Resolving package versions...
 Installed Missings ─────────────────────── v0.4.3
 Installed DataAPI ──────────────────────── v1.1.0
 Installed ApproxFunSingularities ───────── v0.1.6
 Installed LowRankApprox ────────────────── v0.4.0
 Installed AbstractFFTs ─────────────────── v0.5.0
 Installed DomainSets ───────────────────── v0.1.0
 Installed BinaryProvider ───────────────── v0.5.8
 Installed BlockBandedMatrices ──────────── v0.6.0
 Installed StatsBase ────────────────────── v0.32.0
 Installed HierarchicalMatrices ─────────── v0.2.0
 Installed ArrayLayouts ─────────────────── v0.1.5
 Installed Conda ────────────────────────── v1.3.0
 Installed BlockArrays ──────────────────── v0.10.2
 Installed ApproxFunOrthogonalPolynomials ─ v0.2.5
 Installed URIParser ────────────────────── v0.4.0
 Installed Polynomials ──────────────────── v0.6.0
 Installed Reexport ─────────────────────── v0.2.0
 Installed OrderedCollections ───────────── v1.1.0
 Installed RecipesBase ──────────────────── v0.7.0
 Installed Compat ───────────────────────── v2.2.0
 Installed Calculus ─────────────────────── v0.5.1
 Installed Parsers ──────────────────────── v0.3.10
 Installed DualNumbers ──────────────────── v0.6.2
 Installed FillArrays ───────────────────── v0.8.2
 Installed DataStructures ───────────────── v0.17.6
 Installed BandedMatrices ───────────────── v0.14.2
 Installed JSON ─────────────────────────── v0.21.0
 Installed FastGaussQuadrature ──────────── v0.4.1
 Installed DSP ──────────────────────────── v0.6.2
 Installed NaNMath ──────────────────────── v0.3.3
 Installed ToeplitzMatrices ─────────────── v0.6.0
 Installed StaticArrays ─────────────────── v0.12.1
 Installed FFTW ─────────────────────────── v1.1.0
 Installed SortingAlgorithms ────────────── v0.3.1
 Installed IntervalSets ─────────────────── v0.3.2
 Installed LazyArrays ───────────────────── v0.14.10
 Installed ApproxFunBase ────────────────── v0.2.3
 Installed MacroTools ───────────────────── v0.5.2
 Installed FastTransforms ───────────────── v0.6.1
 Installed VersionParsing ───────────────── v1.1.3
 Installed MatrixFactorizations ─────────── v0.2.1
 Installed InfiniteArrays ───────────────── v0.5.0
 Installed SpecialFunctions ─────────────── v0.8.0
 Installed ProgressMeter ────────────────── v1.2.0
 Installed Nullables ────────────────────── v1.0.0
 Installed BinDeps ──────────────────────── v0.8.10
  Updating `~/.julia/environments/v1.2/Project.toml`
  [f8fcb915] + ApproxFunSingularities v0.1.6
  Updating `~/.julia/environments/v1.2/Manifest.toml`
  [621f4979] + AbstractFFTs v0.5.0
  [fbd15aa5] + ApproxFunBase v0.2.3
  [b70543e2] + ApproxFunOrthogonalPolynomials v0.2.5
  [f8fcb915] + ApproxFunSingularities v0.1.6
  [4c555306] + ArrayLayouts v0.1.5
  [aae01518] + BandedMatrices v0.14.2
  [9e28174c] + BinDeps v0.8.10
  [b99e7846] + BinaryProvider v0.5.8
  [8e7c35d0] + BlockArrays v0.10.2
  [ffab5731] + BlockBandedMatrices v0.6.0
  [49dc2e85] + Calculus v0.5.1
  [34da2185] + Compat v2.2.0
  [8f4d0f93] + Conda v1.3.0
  [717857b8] + DSP v0.6.2
  [9a962f9c] + DataAPI v1.1.0
  [864edb3b] + DataStructures v0.17.6
  [5b8099bc] + DomainSets v0.1.0
  [fa6b7ba4] + DualNumbers v0.6.2
  [7a1cc6ca] + FFTW v1.1.0
  [442a2c76] + FastGaussQuadrature v0.4.1
  [057dd010] + FastTransforms v0.6.1
  [1a297f60] + FillArrays v0.8.2
  [7c893195] + HierarchicalMatrices v0.2.0
  [4858937d] + InfiniteArrays v0.5.0
  [8197267c] + IntervalSets v0.3.2
  [682c06a0] + JSON v0.21.0
  [5078a376] + LazyArrays v0.14.10
  [898213cb] + LowRankApprox v0.4.0
  [1914dd2f] + MacroTools v0.5.2
  [a3b82374] + MatrixFactorizations v0.2.1
  [e1d29d7a] + Missings v0.4.3
  [77ba4419] + NaNMath v0.3.3
  [4d1e1d77] + Nullables v1.0.0
  [bac558e1] + OrderedCollections v1.1.0
  [69de0a69] + Parsers v0.3.10
  [f27b6e38] + Polynomials v0.6.0
  [92933f4c] + ProgressMeter v1.2.0
  [3cdcf5f2] + RecipesBase v0.7.0
  [189a3867] + Reexport v0.2.0
  [a2af1166] + SortingAlgorithms v0.3.1
  [276daf66] + SpecialFunctions v0.8.0
  [90137ffa] + StaticArrays v0.12.1
  [2913bbd2] + StatsBase v0.32.0
  [c751599d] + ToeplitzMatrices v0.6.0
  [30578b45] + URIParser v0.4.0
  [81def892] + VersionParsing v1.1.3
  [2a0f44e3] + Base64 
  [ade2ca70] + Dates 
  [8bb1440f] + DelimitedFiles 
  [8ba89e20] + Distributed 
  [b77e0a4c] + InteractiveUtils 
  [76f85450] + LibGit2 
  [8f399da3] + Libdl 
  [37e2e46d] + LinearAlgebra 
  [56ddb016] + Logging 
  [d6f4376e] + Markdown 
  [a63ad114] + Mmap 
  [44cfe95a] + Pkg 
  [de0858da] + Printf 
  [3fa0cd96] + REPL 
  [9a3f8284] + Random 
  [ea8e919c] + SHA 
  [9e88b42a] + Serialization 
  [1a1011a3] + SharedArrays 
  [6462fe0b] + Sockets 
  [2f01184e] + SparseArrays 
  [10745b16] + Statistics 
  [8dfed614] + Test 
  [cf7118a7] + UUIDs 
  [4ec0a83e] + Unicode 
  Building Conda ───────────→ `~/.julia/packages/Conda/kLXeC/deps/build.log`
  Building FFTW ────────────→ `~/.julia/packages/FFTW/loJ3F/deps/build.log`
  Building SpecialFunctions → `~/.julia/packages/SpecialFunctions/ne2iw/deps/build.log`
   Testing ApproxFunSingularities
 Resolving package versions...
    Status `/tmp/jl_WjKGWK/Manifest.toml`
  [621f4979] AbstractFFTs v0.5.0
  [fbd15aa5] ApproxFunBase v0.2.3
  [b70543e2] ApproxFunOrthogonalPolynomials v0.2.5
  [f8fcb915] ApproxFunSingularities v0.1.6
  [4c555306] ArrayLayouts v0.1.5
  [aae01518] BandedMatrices v0.14.2
  [9e28174c] BinDeps v0.8.10
  [b99e7846] BinaryProvider v0.5.8
  [8e7c35d0] BlockArrays v0.10.2
  [ffab5731] BlockBandedMatrices v0.6.0
  [49dc2e85] Calculus v0.5.1
  [34da2185] Compat v2.2.0
  [8f4d0f93] Conda v1.3.0
  [717857b8] DSP v0.6.2
  [9a962f9c] DataAPI v1.1.0
  [864edb3b] DataStructures v0.17.6
  [5b8099bc] DomainSets v0.1.0
  [fa6b7ba4] DualNumbers v0.6.2
  [7a1cc6ca] FFTW v1.1.0
  [442a2c76] FastGaussQuadrature v0.4.1
  [057dd010] FastTransforms v0.6.1
  [1a297f60] FillArrays v0.8.2
  [7c893195] HierarchicalMatrices v0.2.0
  [4858937d] InfiniteArrays v0.5.0
  [8197267c] IntervalSets v0.3.2
  [682c06a0] JSON v0.21.0
  [5078a376] LazyArrays v0.14.10
  [898213cb] LowRankApprox v0.4.0
  [1914dd2f] MacroTools v0.5.2
  [a3b82374] MatrixFactorizations v0.2.1
  [e1d29d7a] Missings v0.4.3
  [77ba4419] NaNMath v0.3.3
  [4d1e1d77] Nullables v1.0.0
  [bac558e1] OrderedCollections v1.1.0
  [69de0a69] Parsers v0.3.10
  [f27b6e38] Polynomials v0.6.0
  [92933f4c] ProgressMeter v1.2.0
  [3cdcf5f2] RecipesBase v0.7.0
  [189a3867] Reexport v0.2.0
  [a2af1166] SortingAlgorithms v0.3.1
  [276daf66] SpecialFunctions v0.8.0
  [90137ffa] StaticArrays v0.12.1
  [2913bbd2] StatsBase v0.32.0
  [c751599d] ToeplitzMatrices v0.6.0
  [30578b45] URIParser v0.4.0
  [81def892] VersionParsing v1.1.3
  [2a0f44e3] Base64  [`@stdlib/Base64`]
  [ade2ca70] Dates  [`@stdlib/Dates`]
  [8bb1440f] DelimitedFiles  [`@stdlib/DelimitedFiles`]
  [8ba89e20] Distributed  [`@stdlib/Distributed`]
  [b77e0a4c] InteractiveUtils  [`@stdlib/InteractiveUtils`]
  [76f85450] LibGit2  [`@stdlib/LibGit2`]
  [8f399da3] Libdl  [`@stdlib/Libdl`]
  [37e2e46d] LinearAlgebra  [`@stdlib/LinearAlgebra`]
  [56ddb016] Logging  [`@stdlib/Logging`]
  [d6f4376e] Markdown  [`@stdlib/Markdown`]
  [a63ad114] Mmap  [`@stdlib/Mmap`]
  [44cfe95a] Pkg  [`@stdlib/Pkg`]
  [de0858da] Printf  [`@stdlib/Printf`]
  [3fa0cd96] REPL  [`@stdlib/REPL`]
  [9a3f8284] Random  [`@stdlib/Random`]
  [ea8e919c] SHA  [`@stdlib/SHA`]
  [9e88b42a] Serialization  [`@stdlib/Serialization`]
  [1a1011a3] SharedArrays  [`@stdlib/SharedArrays`]
  [6462fe0b] Sockets  [`@stdlib/Sockets`]
  [2f01184e] SparseArrays  [`@stdlib/SparseArrays`]
  [10745b16] Statistics  [`@stdlib/Statistics`]
  [8dfed614] Test  [`@stdlib/Test`]
  [cf7118a7] UUIDs  [`@stdlib/UUIDs`]
  [4ec0a83e] Unicode  [`@stdlib/Unicode`]
 42.794837 seconds (43.98 M allocations: 2.167 GiB, 5.70% gc time)
 12.804226 seconds (12.24 M allocations: 598.519 MiB, 6.87% gc time)
 33.817261 seconds (20.73 M allocations: 929.808 MiB, 3.39% gc time)
245.827978 seconds (110.68 M allocations: 6.009 GiB, 2.60% gc time)
 16.675364 seconds (11.15 M allocations: 614.754 MiB, 3.66% gc time)
  0.051760 seconds (18.38 k allocations: 1.711 MiB)
Test Summary: | Pass  Total
Sqrt          |   14     14
Test Summary: | Pass  Total
JacobiWeight  |  415    415
Test Summary: | Pass  Total
Ray and Line  |   16     16
 33.423968 seconds (15.38 M allocations: 877.588 MiB, 5.22% gc time)
Test Summary: | Pass  Total
LogWeight     |    6      6
Test Summary:             | Pass  Broken  Total
DiracDelta and PointSpace |    9       1     10
 22.654074 seconds (20.89 M allocations: 1.034 GiB, 7.84% gc time)
Test Summary:  | Pass  Total
Multiple roots |    4      4
 18.447618 seconds (12.15 M allocations: 625.870 MiB, 6.35% gc time)
 12.880162 seconds (9.02 M allocations: 480.630 MiB, 7.32% gc time)
Test Summary:                  | Pass  Total
special function singularities |   13     13
  6.901928 seconds (3.61 M allocations: 203.681 MiB, 4.93% gc time)
  6.714241 seconds (3.26 M allocations: 188.517 MiB, 4.62% gc time)
Test Summary: | Pass  Total
SumSpace      |   14     14
  3.684245 seconds (2.63 M allocations: 141.030 MiB, 6.78% gc time)
  0.135654 seconds (106.72 k allocations: 5.738 MiB, 22.88% gc time)
 15.156173 seconds (13.67 M allocations: 647.640 MiB, 11.15% gc time)
  2.154837 seconds (1.52 M allocations: 78.363 MiB, 5.11% gc time)
  0.633073 seconds (393.16 k allocations: 19.911 MiB, 4.92% gc time)
  0.051616 seconds (29.49 k allocations: 1.105 MiB, 58.34% gc time)
Test Summary:  | Pass  Total
WeightedJacobi | 1513   1513
Test Summary:    | Pass  Total
WeightedLaguerre |    1      1
Test Summary:       | Pass  Broken  Total
Hermite Integration |    8       5     13
Test Summary: | Pass  Total
Laguerre      |   10     10
 25.449431 seconds (18.44 M allocations: 918.080 MiB, 9.24% gc time)
  0.742579 seconds (578.35 k allocations: 30.781 MiB, 9.76% gc time)
  5.080926 seconds (3.43 M allocations: 261.656 MiB, 7.42% gc time)
  0.593511 seconds (412.72 k allocations: 22.954 MiB, 5.64% gc time)
  3.434229 seconds (2.67 M allocations: 149.853 MiB, 10.26% gc time)
 13.759337 seconds (10.55 M allocations: 537.315 MiB, 8.20% gc time)
Test Summary:      | Pass  Total
Integral equations | 1418   1418
  9.587002 seconds (6.16 M allocations: 312.065 MiB, 6.57% gc time)
  0.767903 seconds (2.76 M allocations: 65.993 MiB, 11.16% gc time)
  0.842608 seconds (3.19 M allocations: 98.323 MiB, 22.59% gc time)
 14.033853 seconds (34.21 M allocations: 964.832 MiB, 12.30% gc time)
  0.007248 seconds (223 allocations: 12.656 KiB)
 11.488086 seconds (33.02 M allocations: 898.590 MiB, 9.22% gc time)
Test Summary: | Pass  Total
PDE           |  827    827
Test Summary: | Pass  Total
Cauchy fun    |    2      2
        ν = 1.0
        ν = 0.5
        ν = 2.0
        ν = 3.5
 10.020798 seconds (5.61 M allocations: 294.251 MiB, 6.42% gc time)
        ν = 1.0
        ν = 0.5
        ν = 0.123
        ν = 3.5
  1.913263 seconds (961.92 k allocations: 51.468 MiB, 7.91% gc time)
Test Summary: | Pass  Total
Bessel        |   20     20
  0.183845 seconds (293.67 k allocations: 20.245 MiB, 20.35% gc time)
  0.320651 seconds (1.41 M allocations: 46.402 MiB, 18.26% gc time)
  0.110323 seconds (35.84 k allocations: 1.352 MiB)
Laplace Dirichlet: should be ~0.015, 0.015, 0.001
Test Summary: |
Speed test    | No tests
   Testing ApproxFunSingularities tests passed 
