 Resolving package versions...
 Installed MPFR_jll ─────────────────────── v4.0.2+1
 Installed FastGaussQuadrature ──────────── v0.4.1
 Installed OpenSpecFun_jll ──────────────── v0.5.3+1
 Installed Conda ────────────────────────── v1.3.0
 Installed ApproxFunSingularities ───────── v0.1.6
 Installed InfiniteArrays ───────────────── v0.5.0
 Installed DataStructures ───────────────── v0.17.6
 Installed FastTransforms ───────────────── v0.8.1
 Installed ArrayLayouts ─────────────────── v0.1.5
 Installed NaNMath ──────────────────────── v0.3.3
 Installed SpecialFunctions ─────────────── v0.9.0
 Installed Compat ───────────────────────── v2.2.0
 Installed Polynomials ──────────────────── v0.6.0
 Installed StaticArrays ─────────────────── v0.12.1
 Installed LazyArrays ───────────────────── v0.14.10
 Installed BandedMatrices ───────────────── v0.14.2
 Installed MacroTools ───────────────────── v0.5.2
 Installed GMP_jll ──────────────────────── v6.1.2+3
 Installed DomainSets ───────────────────── v0.1.0
 Installed FFTW ─────────────────────────── v1.1.0
 Installed LowRankApprox ────────────────── v0.4.0
 Installed FillArrays ───────────────────── v0.8.2
 Installed Calculus ─────────────────────── v0.5.1
 Installed StatsBase ────────────────────── v0.32.0
 Installed Missings ─────────────────────── v0.4.3
 Installed ToeplitzMatrices ─────────────── v0.6.0
 Installed FFTW_jll ─────────────────────── v3.3.9+3
 Installed ApproxFunOrthogonalPolynomials ─ v0.3.0
 Installed BinaryProvider ───────────────── v0.5.8
 Installed OpenBLAS_jll ─────────────────── v0.3.7+1
 Installed IntervalSets ─────────────────── v0.3.2
 Installed BlockBandedMatrices ──────────── v0.6.0
 Installed MatrixFactorizations ─────────── v0.2.1
 Installed AbstractFFTs ─────────────────── v0.5.0
 Installed CompilerSupportLibraries_jll ─── v0.2.0+1
 Installed Reexport ─────────────────────── v0.2.0
 Installed RecipesBase ──────────────────── v0.7.0
 Installed FastTransforms_jll ───────────── v0.2.12+0
 Installed ApproxFunBase ────────────────── v0.2.3
 Installed DataAPI ──────────────────────── v1.1.0
 Installed DualNumbers ──────────────────── v0.6.2
 Installed OrderedCollections ───────────── v1.1.0
 Installed JSON ─────────────────────────── v0.21.0
 Installed Parsers ──────────────────────── v0.3.10
 Installed VersionParsing ───────────────── v1.1.3
 Installed SortingAlgorithms ────────────── v0.3.1
 Installed Nullables ────────────────────── v1.0.0
 Installed DSP ──────────────────────────── v0.6.2
 Installed BlockArrays ──────────────────── v0.10.2
  Updating `~/.julia/environments/v1.3/Project.toml`
  [f8fcb915] + ApproxFunSingularities v0.1.6
  Updating `~/.julia/environments/v1.3/Manifest.toml`
  [621f4979] + AbstractFFTs v0.5.0
  [fbd15aa5] + ApproxFunBase v0.2.3
  [b70543e2] + ApproxFunOrthogonalPolynomials v0.3.0
  [f8fcb915] + ApproxFunSingularities v0.1.6
  [4c555306] + ArrayLayouts v0.1.5
  [aae01518] + BandedMatrices v0.14.2
  [b99e7846] + BinaryProvider v0.5.8
  [8e7c35d0] + BlockArrays v0.10.2
  [ffab5731] + BlockBandedMatrices v0.6.0
  [49dc2e85] + Calculus v0.5.1
  [34da2185] + Compat v2.2.0
  [e66e0078] + CompilerSupportLibraries_jll v0.2.0+1
  [8f4d0f93] + Conda v1.3.0
  [717857b8] + DSP v0.6.2
  [9a962f9c] + DataAPI v1.1.0
  [864edb3b] + DataStructures v0.17.6
  [5b8099bc] + DomainSets v0.1.0
  [fa6b7ba4] + DualNumbers v0.6.2
  [7a1cc6ca] + FFTW v1.1.0
  [f5851436] + FFTW_jll v3.3.9+3
  [442a2c76] + FastGaussQuadrature v0.4.1
  [057dd010] + FastTransforms v0.8.1
  [34b6f7d7] + FastTransforms_jll v0.2.12+0
  [1a297f60] + FillArrays v0.8.2
  [781609d7] + GMP_jll v6.1.2+3
  [4858937d] + InfiniteArrays v0.5.0
  [8197267c] + IntervalSets v0.3.2
  [682c06a0] + JSON v0.21.0
  [5078a376] + LazyArrays v0.14.10
  [898213cb] + LowRankApprox v0.4.0
  [3a97d323] + MPFR_jll v4.0.2+1
  [1914dd2f] + MacroTools v0.5.2
  [a3b82374] + MatrixFactorizations v0.2.1
  [e1d29d7a] + Missings v0.4.3
  [77ba4419] + NaNMath v0.3.3
  [4d1e1d77] + Nullables v1.0.0
  [4536629a] + OpenBLAS_jll v0.3.7+1
  [efe28fd5] + OpenSpecFun_jll v0.5.3+1
  [bac558e1] + OrderedCollections v1.1.0
  [69de0a69] + Parsers v0.3.10
  [f27b6e38] + Polynomials v0.6.0
  [3cdcf5f2] + RecipesBase v0.7.0
  [189a3867] + Reexport v0.2.0
  [a2af1166] + SortingAlgorithms v0.3.1
  [276daf66] + SpecialFunctions v0.9.0
  [90137ffa] + StaticArrays v0.12.1
  [2913bbd2] + StatsBase v0.32.0
  [c751599d] + ToeplitzMatrices v0.6.0
  [81def892] + VersionParsing v1.1.3
  [2a0f44e3] + Base64 
  [ade2ca70] + Dates 
  [8bb1440f] + DelimitedFiles 
  [8ba89e20] + Distributed 
  [b77e0a4c] + InteractiveUtils 
  [76f85450] + LibGit2 
  [8f399da3] + Libdl 
  [37e2e46d] + LinearAlgebra 
  [56ddb016] + Logging 
  [d6f4376e] + Markdown 
  [a63ad114] + Mmap 
  [44cfe95a] + Pkg 
  [de0858da] + Printf 
  [3fa0cd96] + REPL 
  [9a3f8284] + Random 
  [ea8e919c] + SHA 
  [9e88b42a] + Serialization 
  [1a1011a3] + SharedArrays 
  [6462fe0b] + Sockets 
  [2f01184e] + SparseArrays 
  [10745b16] + Statistics 
  [8dfed614] + Test 
  [cf7118a7] + UUIDs 
  [4ec0a83e] + Unicode 
  Building Conda ─────────→ `~/.julia/packages/Conda/kLXeC/deps/build.log`
  Building FFTW ──────────→ `~/.julia/packages/FFTW/loJ3F/deps/build.log`
  Building FastTransforms → `~/.julia/packages/FastTransforms/OShrg/deps/build.log`
   Testing ApproxFunSingularities
 Resolving package versions...
    Status `/tmp/jl_SL6sTA/Manifest.toml`
  [621f4979] AbstractFFTs v0.5.0
  [fbd15aa5] ApproxFunBase v0.2.3
  [b70543e2] ApproxFunOrthogonalPolynomials v0.3.0
  [f8fcb915] ApproxFunSingularities v0.1.6
  [4c555306] ArrayLayouts v0.1.5
  [aae01518] BandedMatrices v0.14.2
  [b99e7846] BinaryProvider v0.5.8
  [8e7c35d0] BlockArrays v0.10.2
  [ffab5731] BlockBandedMatrices v0.6.0
  [49dc2e85] Calculus v0.5.1
  [34da2185] Compat v2.2.0
  [e66e0078] CompilerSupportLibraries_jll v0.2.0+1
  [8f4d0f93] Conda v1.3.0
  [717857b8] DSP v0.6.2
  [9a962f9c] DataAPI v1.1.0
  [864edb3b] DataStructures v0.17.6
  [5b8099bc] DomainSets v0.1.0
  [fa6b7ba4] DualNumbers v0.6.2
  [7a1cc6ca] FFTW v1.1.0
  [f5851436] FFTW_jll v3.3.9+3
  [442a2c76] FastGaussQuadrature v0.4.1
  [057dd010] FastTransforms v0.8.1
  [34b6f7d7] FastTransforms_jll v0.2.12+0
  [1a297f60] FillArrays v0.8.2
  [781609d7] GMP_jll v6.1.2+3
  [4858937d] InfiniteArrays v0.5.0
  [8197267c] IntervalSets v0.3.2
  [682c06a0] JSON v0.21.0
  [5078a376] LazyArrays v0.14.10
  [898213cb] LowRankApprox v0.4.0
  [3a97d323] MPFR_jll v4.0.2+1
  [1914dd2f] MacroTools v0.5.2
  [a3b82374] MatrixFactorizations v0.2.1
  [e1d29d7a] Missings v0.4.3
  [77ba4419] NaNMath v0.3.3
  [4d1e1d77] Nullables v1.0.0
  [4536629a] OpenBLAS_jll v0.3.7+1
  [efe28fd5] OpenSpecFun_jll v0.5.3+1
  [bac558e1] OrderedCollections v1.1.0
  [69de0a69] Parsers v0.3.10
  [f27b6e38] Polynomials v0.6.0
  [3cdcf5f2] RecipesBase v0.7.0
  [189a3867] Reexport v0.2.0
  [a2af1166] SortingAlgorithms v0.3.1
  [276daf66] SpecialFunctions v0.9.0
  [90137ffa] StaticArrays v0.12.1
  [2913bbd2] StatsBase v0.32.0
  [c751599d] ToeplitzMatrices v0.6.0
  [81def892] VersionParsing v1.1.3
  [2a0f44e3] Base64  [`@stdlib/Base64`]
  [ade2ca70] Dates  [`@stdlib/Dates`]
  [8bb1440f] DelimitedFiles  [`@stdlib/DelimitedFiles`]
  [8ba89e20] Distributed  [`@stdlib/Distributed`]
  [b77e0a4c] InteractiveUtils  [`@stdlib/InteractiveUtils`]
  [76f85450] LibGit2  [`@stdlib/LibGit2`]
  [8f399da3] Libdl  [`@stdlib/Libdl`]
  [37e2e46d] LinearAlgebra  [`@stdlib/LinearAlgebra`]
  [56ddb016] Logging  [`@stdlib/Logging`]
  [d6f4376e] Markdown  [`@stdlib/Markdown`]
  [a63ad114] Mmap  [`@stdlib/Mmap`]
  [44cfe95a] Pkg  [`@stdlib/Pkg`]
  [de0858da] Printf  [`@stdlib/Printf`]
  [3fa0cd96] REPL  [`@stdlib/REPL`]
  [9a3f8284] Random  [`@stdlib/Random`]
  [ea8e919c] SHA  [`@stdlib/SHA`]
  [9e88b42a] Serialization  [`@stdlib/Serialization`]
  [1a1011a3] SharedArrays  [`@stdlib/SharedArrays`]
  [6462fe0b] Sockets  [`@stdlib/Sockets`]
  [2f01184e] SparseArrays  [`@stdlib/SparseArrays`]
  [10745b16] Statistics  [`@stdlib/Statistics`]
  [8dfed614] Test  [`@stdlib/Test`]
  [cf7118a7] UUIDs  [`@stdlib/UUIDs`]
  [4ec0a83e] Unicode  [`@stdlib/Unicode`]
 43.140295 seconds (39.23 M allocations: 1.910 GiB, 3.70% gc time)
 23.686998 seconds (20.34 M allocations: 1.009 GiB, 6.78% gc time)
 40.995383 seconds (19.35 M allocations: 872.456 MiB, 2.31% gc time)
324.351167 seconds (124.28 M allocations: 6.831 GiB, 1.51% gc time)
 16.929299 seconds (9.52 M allocations: 515.419 MiB, 2.99% gc time)
  0.028585 seconds (17.75 k allocations: 1.651 MiB)
Test Summary: | Pass  Total
Sqrt          |   14     14
Test Summary: | Pass  Total
JacobiWeight  |  415    415
Test Summary: | Pass  Total
Ray and Line  |   16     16
 30.238962 seconds (15.90 M allocations: 901.128 MiB, 1.99% gc time)
Test Summary: | Pass  Total
LogWeight     |    6      6
Test Summary:             | Pass  Broken  Total
DiracDelta and PointSpace |    9       1     10
 32.112560 seconds (22.00 M allocations: 1.108 GiB, 3.71% gc time)
Test Summary:  | Pass  Total
Multiple roots |    4      4
 21.196935 seconds (12.10 M allocations: 631.654 MiB, 2.44% gc time)
 15.171849 seconds (9.22 M allocations: 498.929 MiB, 2.22% gc time)
Test Summary:                  | Pass  Total
special function singularities |   13     13
  8.638470 seconds (3.73 M allocations: 214.273 MiB, 1.72% gc time)
  7.212677 seconds (3.28 M allocations: 194.158 MiB, 1.69% gc time)
Test Summary: | Pass  Total
SumSpace      |   14     14
  2.266174 seconds (1.06 M allocations: 59.817 MiB, 2.81% gc time)
  0.136145 seconds (63.12 k allocations: 3.226 MiB)
 14.473110 seconds (11.54 M allocations: 542.869 MiB, 2.82% gc time)
  2.229565 seconds (1.41 M allocations: 71.829 MiB, 4.49% gc time)
  0.712449 seconds (378.74 k allocations: 18.859 MiB)
  0.025323 seconds (29.31 k allocations: 1.096 MiB)
Test Summary:  | Pass  Total
WeightedJacobi | 1513   1513
Test Summary:    | Pass  Total
WeightedLaguerre |    1      1
Test Summary:       | Pass  Broken  Total
Hermite Integration |    8       5     13
Test Summary: | Pass  Total
Laguerre      |   10     10
 29.011430 seconds (19.45 M allocations: 966.391 MiB, 2.37% gc time)
  1.050352 seconds (839.62 k allocations: 44.924 MiB)
  4.922832 seconds (3.07 M allocations: 241.799 MiB, 1.83% gc time)
  1.578245 seconds (1.16 M allocations: 63.381 MiB, 4.66% gc time)
  4.021335 seconds (2.46 M allocations: 138.556 MiB, 2.17% gc time)
 15.224909 seconds (9.96 M allocations: 509.682 MiB, 3.19% gc time)
Test Summary:      | Pass  Total
Integral equations | 1418   1418
 10.832048 seconds (7.57 M allocations: 393.030 MiB, 1.84% gc time)
  0.654828 seconds (2.76 M allocations: 65.993 MiB)
  1.023216 seconds (3.19 M allocations: 100.276 MiB, 18.00% gc time)
 10.000492 seconds (19.98 M allocations: 619.371 MiB, 5.56% gc time)
  0.028305 seconds (102 allocations: 7.625 KiB)
  6.441397 seconds (17.92 M allocations: 499.407 MiB, 2.93% gc time)
Test Summary: | Pass  Total
PDE           |  827    827
Test Summary: | Pass  Total
Cauchy fun    |    2      2
        ν = 1.0
        ν = 0.5
        ν = 2.0
        ν = 3.5
 10.137797 seconds (5.51 M allocations: 287.592 MiB, 1.85% gc time)
        ν = 1.0
        ν = 0.5
        ν = 0.123
        ν = 3.5
  1.571966 seconds (868.14 k allocations: 46.303 MiB, 5.35% gc time)
Test Summary: | Pass  Total
Bessel        |   20     20
  0.146115 seconds (293.67 k allocations: 20.245 MiB)
  0.364277 seconds (1.41 M allocations: 46.402 MiB, 20.35% gc time)
  0.102546 seconds (35.84 k allocations: 1.352 MiB)
Laplace Dirichlet: should be ~0.015, 0.015, 0.001
Test Summary: |
Speed test    | No tests
   Testing ApproxFunSingularities tests passed 
