 Resolving package versions...
 Installed IniFile ──────────── v0.5.0
 Installed Parsers ──────────── v0.3.10
 Installed CodecZlib ────────── v0.6.0
 Installed StackOverflow ────── v0.1.0
 Installed TranscodingStreams ─ v0.9.5
 Installed HTTP ─────────────── v0.8.8
 Installed BinaryProvider ───── v0.5.8
 Installed JSON ─────────────── v0.21.0
 Installed MbedTLS ──────────── v0.7.0
  Updating `~/.julia/environments/v1.3/Project.toml`
  [1a8df32f] + StackOverflow v0.1.0
  Updating `~/.julia/environments/v1.3/Manifest.toml`
  [b99e7846] + BinaryProvider v0.5.8
  [944b1d66] + CodecZlib v0.6.0
  [cd3eb016] + HTTP v0.8.8
  [83e8ac13] + IniFile v0.5.0
  [682c06a0] + JSON v0.21.0
  [739be429] + MbedTLS v0.7.0
  [69de0a69] + Parsers v0.3.10
  [1a8df32f] + StackOverflow v0.1.0
  [3bb67fe8] + TranscodingStreams v0.9.5
  [2a0f44e3] + Base64 
  [ade2ca70] + Dates 
  [8ba89e20] + Distributed 
  [b77e0a4c] + InteractiveUtils 
  [8f399da3] + Libdl 
  [56ddb016] + Logging 
  [d6f4376e] + Markdown 
  [a63ad114] + Mmap 
  [de0858da] + Printf 
  [9a3f8284] + Random 
  [ea8e919c] + SHA 
  [9e88b42a] + Serialization 
  [6462fe0b] + Sockets 
  [8dfed614] + Test 
  [4ec0a83e] + Unicode 
  Building CodecZlib → `~/.julia/packages/CodecZlib/5t9zO/deps/build.log`
  Building MbedTLS ──→ `~/.julia/packages/MbedTLS/a1JFn/deps/build.log`
   Testing StackOverflow
 Resolving package versions...
    Status `/tmp/jl_ZXXrR8/Manifest.toml`
  [b99e7846] BinaryProvider v0.5.8
  [944b1d66] CodecZlib v0.6.0
  [cd3eb016] HTTP v0.8.8
  [83e8ac13] IniFile v0.5.0
  [682c06a0] JSON v0.21.0
  [739be429] MbedTLS v0.7.0
  [69de0a69] Parsers v0.3.10
  [1a8df32f] StackOverflow v0.1.0
  [3bb67fe8] TranscodingStreams v0.9.5
  [2a0f44e3] Base64  [`@stdlib/Base64`]
  [ade2ca70] Dates  [`@stdlib/Dates`]
  [8ba89e20] Distributed  [`@stdlib/Distributed`]
  [b77e0a4c] InteractiveUtils  [`@stdlib/InteractiveUtils`]
  [8f399da3] Libdl  [`@stdlib/Libdl`]
  [56ddb016] Logging  [`@stdlib/Logging`]
  [d6f4376e] Markdown  [`@stdlib/Markdown`]
  [a63ad114] Mmap  [`@stdlib/Mmap`]
  [de0858da] Printf  [`@stdlib/Printf`]
  [9a3f8284] Random  [`@stdlib/Random`]
  [ea8e919c] SHA  [`@stdlib/SHA`]
  [9e88b42a] Serialization  [`@stdlib/Serialization`]
  [6462fe0b] Sockets  [`@stdlib/Sockets`]
  [8dfed614] Test  [`@stdlib/Test`]
  [4ec0a83e] Unicode  [`@stdlib/Unicode`]
rank bronze
name Informed
badge_id 2600
link https://stackoverflow.com/badges/2600/informed
user Dict{String,Any}("user_type" => "registered","display_name" => "Laone","reputation" => 1,"user_id" => 12468960,"link" => "https://stackoverflow.com/users/12468960/laone","profile_image" => "https://www.gravatar.com/avatar/753363f165e337bd778f737879b9b677?s=128&d=identicon&r=PG&f=1")
badge_type named


rank bronze
name Informed
badge_id 2600
link https://stackoverflow.com/badges/2600/informed
user Dict{String,Any}("user_type" => "registered","display_name" => "Artheeshayan Segarajasingam ","reputation" => 1,"user_id" => 12469071,"link" => "https://stackoverflow.com/users/12469071/artheeshayan-segarajasingam","profile_image" => "https://www.gravatar.com/avatar/ce41d8cdd46e6f9fef9f58fbb30d3ce2?s=128&d=identicon&r=PG&f=1")
badge_type named


rank bronze
name Informed
badge_id 2600
link https://stackoverflow.com/badges/2600/informed
user Dict{String,Any}("user_type" => "registered","display_name" => "Moritz","reputation" => 41,"user_id" => 10756632,"link" => "https://stackoverflow.com/users/10756632/moritz","profile_image" => "https://lh3.googleusercontent.com/-ywDuV8dJ6iQ/AAAAAAAAAAI/AAAAAAAAAAA/AGDgw-iFPNWpBJ7gmlFB3J4P3h5wQ15kLA/mo/photo.jpg?sz=128")
badge_type named


rank bronze
name Altruist
badge_id 222
link https://stackoverflow.com/badges/222/altruist
user Dict{String,Any}("user_type" => "registered","display_name" => "YD1m","reputation" => 5201,"user_id" => 2516097,"link" => "https://stackoverflow.com/users/2516097/yd1m","profile_image" => "https://www.gravatar.com/avatar/f0735c66ce28c29f2e3202d4cb3ba446?s=128&d=identicon&r=PG")
badge_type named


rank bronze
name Disciplined
badge_id 37
link https://stackoverflow.com/badges/37/disciplined
user Dict{String,Any}("user_type" => "registered","display_name" => "Jamie","reputation" => 1336,"user_id" => 880688,"link" => "https://stackoverflow.com/users/880688/jamie","profile_image" => "https://www.gravatar.com/avatar/ff8f047c8666045951a461250eaf39cc?s=128&d=identicon&r=PG")
badge_type named


rank bronze
name Editor
badge_id 3
link https://stackoverflow.com/badges/3/editor
user Dict{String,Any}("user_type" => "registered","display_name" => "bdahl","reputation" => 25,"user_id" => 7540001,"link" => "https://stackoverflow.com/users/7540001/bdahl","profile_image" => "https://www.gravatar.com/avatar/fe8ff092248d4375262e766d0a76cdf9?s=128&d=identicon&r=PG&f=1")
badge_type named


rank bronze
name Editor
badge_id 3
link https://stackoverflow.com/badges/3/editor
user Dict{String,Any}("user_type" => "registered","display_name" => "L Nerdsom","reputation" => 31,"user_id" => 7993121,"link" => "https://stackoverflow.com/users/7993121/l-nerdsom","profile_image" => "https://www.gravatar.com/avatar/04badb4130c575824a16bd559c23e3cf?s=128&d=identicon&r=PG&f=1")
badge_type named


rank bronze
name Editor
badge_id 3
link https://stackoverflow.com/badges/3/editor
user Dict{String,Any}("user_type" => "registered","display_name" => "CommunityProgramAsker","reputation" => 1,"user_id" => 12469037,"link" => "https://stackoverflow.com/users/12469037/communityprogramasker","profile_image" => "https://www.gravatar.com/avatar/c42f52d33fb2b2af6edd86772528ee3e?s=128&d=identicon&r=PG&f=1")
badge_type named


rank bronze
name Editor
badge_id 3
link https://stackoverflow.com/badges/3/editor
user Dict{String,Any}("user_type" => "registered","display_name" => "Onion","reputation" => 1,"user_id" => 12468911,"link" => "https://stackoverflow.com/users/12468911/onion","profile_image" => "https://www.gravatar.com/avatar/d142edf6150873865f349ab26d4019de?s=128&d=identicon&r=PG&f=1")
badge_type named


rank bronze
name Editor
badge_id 3
link https://stackoverflow.com/badges/3/editor
user Dict{String,Any}("user_type" => "registered","display_name" => "Flavien Remy","reputation" => 1,"user_id" => 11624564,"link" => "https://stackoverflow.com/users/11624564/flavien-remy","profile_image" => "https://lh5.googleusercontent.com/-1Vno3pwiPRk/AAAAAAAAAAI/AAAAAAAAAog/eazf0f7RLnk/photo.jpg?sz=128")
badge_type named


rank bronze
name Editor
badge_id 3
link https://stackoverflow.com/badges/3/editor
user Dict{String,Any}("user_type" => "registered","display_name" => "Andro Developer","reputation" => 11,"user_id" => 5744415,"link" => "https://stackoverflow.com/users/5744415/andro-developer","profile_image" => "https://www.gravatar.com/avatar/46e8bc4e30f5e050727d113f0c7ca7da?s=128&d=identicon&r=PG&f=1")
badge_type named


rank bronze
name Editor
badge_id 3
link https://stackoverflow.com/badges/3/editor
user Dict{String,Any}("user_type" => "registered","display_name" => "Leo1710","reputation" => 1,"user_id" => 12011589,"link" => "https://stackoverflow.com/users/12011589/leo1710","profile_image" => "https://www.gravatar.com/avatar/5cd1c5d31f3db9e9383250418c80b018?s=128&d=identicon&r=PG&f=1")
badge_type named


rank silver
name Enthusiast
badge_id 71
link https://stackoverflow.com/badges/71/enthusiast
user Dict{String,Any}("accept_rate" => 52,"user_type" => "registered","display_name" => "Dror Hilman","reputation" => 3246,"user_id" => 314548,"link" => "https://stackoverflow.com/users/314548/dror-hilman","profile_image" => "https://www.gravatar.com/avatar/8b117c4156a8258f75491201e6f7ab01?s=128&d=identicon&r=PG")
badge_type named


rank gold
name Famous Question
badge_id 28
link https://stackoverflow.com/badges/28/famous-question
user Dict{String,Any}("accept_rate" => 83,"user_type" => "registered","display_name" => "Victor","reputation" => 13453,"user_id" => 454671,"link" => "https://stackoverflow.com/users/454671/victor","profile_image" => "https://www.gravatar.com/avatar/08ee7269f7d8d5da435e00d62f3310c6?s=128&d=identicon&r=PG&f=1")
badge_type named


rank gold
name Famous Question
badge_id 28
link https://stackoverflow.com/badges/28/famous-question
user Dict{String,Any}("accept_rate" => 80,"user_type" => "registered","display_name" => "Yu Deng","reputation" => 971,"user_id" => 1155171,"link" => "https://stackoverflow.com/users/1155171/yu-deng","profile_image" => "https://www.gravatar.com/avatar/1473d53b16028c2fbb32d1f578060fcb?s=128&d=identicon&r=PG")
badge_type named


rank gold
name Famous Question
badge_id 28
link https://stackoverflow.com/badges/28/famous-question
user Dict{String,Any}("accept_rate" => 57,"user_type" => "registered","display_name" => "ProtoTyPus","reputation" => 865,"user_id" => 2588978,"link" => "https://stackoverflow.com/users/2588978/prototypus","profile_image" => "https://www.gravatar.com/avatar/820df3318bd2ef881cd1e95cfc008e12?s=128&d=identicon&r=PG&f=1")
badge_type named


rank gold
name Famous Question
badge_id 28
link https://stackoverflow.com/badges/28/famous-question
user Dict{String,Any}("user_type" => "registered","display_name" => "Raju Sidda","reputation" => 556,"user_id" => 2698710,"link" => "https://stackoverflow.com/users/2698710/raju-sidda","profile_image" => "https://i.stack.imgur.com/mYMek.jpg?s=128&g=1")
badge_type named


rank gold
name Famous Question
badge_id 28
link https://stackoverflow.com/badges/28/famous-question
user Dict{String,Any}("accept_rate" => 84,"user_type" => "registered","display_name" => "leykan","reputation" => 359,"user_id" => 2803140,"link" => "https://stackoverflow.com/users/2803140/leykan","profile_image" => "https://www.gravatar.com/avatar/56cd341723f5ce202e38bedc94a4aa65?s=128&d=identicon&r=PG&f=1")
badge_type named


rank gold
name Famous Question
badge_id 28
link https://stackoverflow.com/badges/28/famous-question
user Dict{String,Any}("accept_rate" => 53,"user_type" => "registered","display_name" => "Ibanez1408","reputation" => 1900,"user_id" => 3825246,"link" => "https://stackoverflow.com/users/3825246/ibanez1408","profile_image" => "https://i.stack.imgur.com/V1fVO.jpg?s=128&g=1")
badge_type named


rank gold
name Famous Question
badge_id 28
link https://stackoverflow.com/badges/28/famous-question
user Dict{String,Any}("user_type" => "registered","display_name" => "rsdev","reputation" => 121,"user_id" => 3999583,"link" => "https://stackoverflow.com/users/3999583/rsdev","profile_image" => "https://www.gravatar.com/avatar/d8f5ffb0f637e325c3469dca8dadf167?s=128&d=identicon&r=PG&f=1")
badge_type named


rank gold
name Famous Question
badge_id 28
link https://stackoverflow.com/badges/28/famous-question
user Dict{String,Any}("accept_rate" => 80,"user_type" => "registered","display_name" => "Ramzi C.","reputation" => 1314,"user_id" => 6514047,"link" => "https://stackoverflow.com/users/6514047/ramzi-c","profile_image" => "https://i.stack.imgur.com/4I2Bu.png?s=128&g=1")
badge_type named


rank gold
name Famous Question
badge_id 28
link https://stackoverflow.com/badges/28/famous-question
user Dict{String,Any}("accept_rate" => 87,"user_type" => "registered","display_name" => "RknRobin","reputation" => 301,"user_id" => 6727668,"link" => "https://stackoverflow.com/users/6727668/rknrobin","profile_image" => "https://www.gravatar.com/avatar/2c6fb9fa50f67bb165551631497d493a?s=128&d=identicon&r=PG&f=1")
badge_type named


rank gold
name Famous Question
badge_id 28
link https://stackoverflow.com/badges/28/famous-question
user Dict{String,Any}("user_type" => "registered","display_name" => "SHV_la","reputation" => 277,"user_id" => 10071715,"link" => "https://stackoverflow.com/users/10071715/shv-la","profile_image" => "https://www.gravatar.com/avatar/2e8744fdc6f8141f749dddbea6a5b7e6?s=128&d=identicon&r=PG&f=1")
badge_type named


rank silver
name Guru
badge_id 18
link https://stackoverflow.com/badges/18/guru
user Dict{String,Any}("accept_rate" => 93,"user_type" => "registered","display_name" => "Tim Schmelter","reputation" => 383396,"user_id" => 284240,"link" => "https://stackoverflow.com/users/284240/tim-schmelter","profile_image" => "https://www.gravatar.com/avatar/01d6005ebf89c14de87a62add488aaad?s=128&d=identicon&r=PG")
badge_type named


rank silver
name Necromancer
badge_id 17
link https://stackoverflow.com/badges/17/necromancer
user Dict{String,Any}("user_type" => "registered","display_name" => "kai","reputation" => 341,"user_id" => 2229437,"link" => "https://stackoverflow.com/users/2229437/kai","profile_image" => "https://www.gravatar.com/avatar/5a6139d886e9ef8161cea21c885eed36?s=128&d=identicon&r=PG")
badge_type named


rank silver
name Necromancer
badge_id 17
link https://stackoverflow.com/badges/17/necromancer
user Dict{String,Any}("accept_rate" => 100,"user_type" => "registered","display_name" => "Kent Munthe Caspersen","reputation" => 2652,"user_id" => 2438446,"link" => "https://stackoverflow.com/users/2438446/kent-munthe-caspersen","profile_image" => "https://www.gravatar.com/avatar/58806b975f85de166828c97ab4536364?s=128&d=identicon&r=PG")
badge_type named


rank bronze
name Organizer
badge_id 5
link https://stackoverflow.com/badges/5/organizer
user Dict{String,Any}("user_type" => "registered","display_name" => "Shout","reputation" => 174,"user_id" => 10089200,"link" => "https://stackoverflow.com/users/10089200/shout","profile_image" => "https://www.gravatar.com/avatar/3ca2eaabe15c1298c076960fc9870a81?s=128&d=identicon&r=PG&f=1")
badge_type named


rank bronze
name Organizer
badge_id 5
link https://stackoverflow.com/badges/5/organizer
user Dict{String,Any}("accept_rate" => 62,"user_type" => "registered","display_name" => "Thiago Custodio","reputation" => 8106,"user_id" => 1384539,"link" => "https://stackoverflow.com/users/1384539/thiago-custodio","profile_image" => "https://i.stack.imgur.com/zpNUp.jpg?s=128&g=1")
badge_type named


rank bronze
name Peer Pressure
badge_id 38
link https://stackoverflow.com/badges/38/peer-pressure
user Dict{String,Any}("user_type" => "registered","display_name" => "Mark Cook","reputation" => 92,"user_id" => 10070803,"link" => "https://stackoverflow.com/users/10070803/mark-cook","profile_image" => "https://lh5.googleusercontent.com/-8v8vk1qN3gc/AAAAAAAAAAI/AAAAAAAAAAA/AAnnY7qoQ08BWxo_L3Czs-6c_sZEcVUlFQ/mo/photo.jpg?sz=128")
badge_type named


rank bronze
name Peer Pressure
badge_id 38
link https://stackoverflow.com/badges/38/peer-pressure
user Dict{String,Any}("user_type" => "registered","display_name" => "StartingAgain","reputation" => 65,"user_id" => 11494004,"link" => "https://stackoverflow.com/users/11494004/startingagain","profile_image" => "https://www.gravatar.com/avatar/c4c0dd06b18890be5b1a5a99d756c006?s=128&d=identicon&r=PG&f=1")
badge_type named


   Testing StackOverflow tests passed 
