 Resolving package versions...
 Installed IniFile ──────────── v0.5.0
 Installed CodecZlib ────────── v0.6.0
 Installed StackOverflow ────── v0.1.0
 Installed MbedTLS ──────────── v0.7.0
 Installed TranscodingStreams ─ v0.9.5
 Installed HTTP ─────────────── v0.8.8
 Installed BinaryProvider ───── v0.5.8
 Installed JSON ─────────────── v0.21.0
 Installed Parsers ──────────── v0.3.10
  Updating `~/.julia/environments/v1.3/Project.toml`
  [1a8df32f] + StackOverflow v0.1.0
  Updating `~/.julia/environments/v1.3/Manifest.toml`
  [b99e7846] + BinaryProvider v0.5.8
  [944b1d66] + CodecZlib v0.6.0
  [cd3eb016] + HTTP v0.8.8
  [83e8ac13] + IniFile v0.5.0
  [682c06a0] + JSON v0.21.0
  [739be429] + MbedTLS v0.7.0
  [69de0a69] + Parsers v0.3.10
  [1a8df32f] + StackOverflow v0.1.0
  [3bb67fe8] + TranscodingStreams v0.9.5
  [2a0f44e3] + Base64 
  [ade2ca70] + Dates 
  [8ba89e20] + Distributed 
  [b77e0a4c] + InteractiveUtils 
  [8f399da3] + Libdl 
  [56ddb016] + Logging 
  [d6f4376e] + Markdown 
  [a63ad114] + Mmap 
  [de0858da] + Printf 
  [9a3f8284] + Random 
  [ea8e919c] + SHA 
  [9e88b42a] + Serialization 
  [6462fe0b] + Sockets 
  [8dfed614] + Test 
  [4ec0a83e] + Unicode 
  Building CodecZlib → `~/.julia/packages/CodecZlib/5t9zO/deps/build.log`
  Building MbedTLS ──→ `~/.julia/packages/MbedTLS/a1JFn/deps/build.log`
   Testing StackOverflow
 Resolving package versions...
    Status `/tmp/jl_V9oQ16/Manifest.toml`
  [b99e7846] BinaryProvider v0.5.8
  [944b1d66] CodecZlib v0.6.0
  [cd3eb016] HTTP v0.8.8
  [83e8ac13] IniFile v0.5.0
  [682c06a0] JSON v0.21.0
  [739be429] MbedTLS v0.7.0
  [69de0a69] Parsers v0.3.10
  [1a8df32f] StackOverflow v0.1.0
  [3bb67fe8] TranscodingStreams v0.9.5
  [2a0f44e3] Base64  [`@stdlib/Base64`]
  [ade2ca70] Dates  [`@stdlib/Dates`]
  [8ba89e20] Distributed  [`@stdlib/Distributed`]
  [b77e0a4c] InteractiveUtils  [`@stdlib/InteractiveUtils`]
  [8f399da3] Libdl  [`@stdlib/Libdl`]
  [56ddb016] Logging  [`@stdlib/Logging`]
  [d6f4376e] Markdown  [`@stdlib/Markdown`]
  [a63ad114] Mmap  [`@stdlib/Mmap`]
  [de0858da] Printf  [`@stdlib/Printf`]
  [9a3f8284] Random  [`@stdlib/Random`]
  [ea8e919c] SHA  [`@stdlib/SHA`]
  [9e88b42a] Serialization  [`@stdlib/Serialization`]
  [6462fe0b] Sockets  [`@stdlib/Sockets`]
  [8dfed614] Test  [`@stdlib/Test`]
  [4ec0a83e] Unicode  [`@stdlib/Unicode`]
rank bronze
name Autobiographer
badge_id 9
link https://stackoverflow.com/badges/9/autobiographer
user Dict{String,Any}("user_type" => "registered","display_name" => "DianabCody","reputation" => 1,"user_id" => 12460446,"link" => "https://stackoverflow.com/users/12460446/dianabcody","profile_image" => "https://www.gravatar.com/avatar/42b567728e66590f3855cb752daa48d6?s=128&d=identicon&r=PG&f=1")
badge_type named


rank bronze
name Autobiographer
badge_id 9
link https://stackoverflow.com/badges/9/autobiographer
user Dict{String,Any}("user_type" => "registered","display_name" => "Vinod Kumar","reputation" => 1,"user_id" => 12471704,"link" => "https://stackoverflow.com/users/12471704/vinod-kumar","profile_image" => "https://lh3.googleusercontent.com/-TKqIm4MeUqA/AAAAAAAAAAI/AAAAAAAAACA/iIydfzR-5Z0/photo.jpg?sz=128")
badge_type named


rank bronze
name Autobiographer
badge_id 9
link https://stackoverflow.com/badges/9/autobiographer
user Dict{String,Any}("user_type" => "registered","display_name" => "x7ayqbl379","reputation" => 1,"user_id" => 12471709,"link" => "https://stackoverflow.com/users/12471709/x7ayqbl379","profile_image" => "https://www.gravatar.com/avatar/9fb4a40c46cee43313e1dc4c50a9c7f3?s=128&d=identicon&r=PG&f=1")
badge_type named


rank bronze
name Commentator
badge_id 31
link https://stackoverflow.com/badges/31/commentator
user Dict{String,Any}("user_type" => "registered","display_name" => "2chur","reputation" => 305,"user_id" => 1429792,"link" => "https://stackoverflow.com/users/1429792/2chur","profile_image" => "https://www.gravatar.com/avatar/65b8591c0b8bb7e304163a8f6dfd8b20?s=128&d=identicon&r=PG")
badge_type named


rank bronze
name Editor
badge_id 3
link https://stackoverflow.com/badges/3/editor
user Dict{String,Any}("user_type" => "registered","display_name" => "Santhi seeram","reputation" => 81,"user_id" => 12376294,"link" => "https://stackoverflow.com/users/12376294/santhi-seeram","profile_image" => "https://lh3.googleusercontent.com/-pX7XzzDrjjE/AAAAAAAAAAI/AAAAAAAAAAA/ACHi3rdcAxRm2VV8amqXVPVv3cCE-UzgBg/photo.jpg?sz=128")
badge_type named


rank bronze
name Editor
badge_id 3
link https://stackoverflow.com/badges/3/editor
user Dict{String,Any}("user_type" => "registered","display_name" => "user2867231","reputation" => 1,"user_id" => 2867231,"link" => "https://stackoverflow.com/users/2867231/user2867231","profile_image" => "https://www.gravatar.com/avatar/e47a0d2e80bcc4f3b06483207232ec79?s=128&d=identicon&r=PG&f=1")
badge_type named


rank silver
name Enthusiast
badge_id 71
link https://stackoverflow.com/badges/71/enthusiast
user Dict{String,Any}("user_type" => "registered","display_name" => "Nikunj Chaklasiya","reputation" => 1291,"user_id" => 11629002,"link" => "https://stackoverflow.com/users/11629002/nikunj-chaklasiya","profile_image" => "https://www.gravatar.com/avatar/b0b17ea95ff1935121623cc8204953c0?s=128&d=identicon&r=PG")
badge_type named


rank silver
name Necromancer
badge_id 17
link https://stackoverflow.com/badges/17/necromancer
user Dict{String,Any}("user_type" => "registered","display_name" => "user2248202","reputation" => 87,"user_id" => 2248202,"link" => "https://stackoverflow.com/users/2248202/user2248202","profile_image" => "https://www.gravatar.com/avatar/623b7e0a2de3f37b5ac74c323d85c9e4?s=128&d=identicon&r=PG")
badge_type named


rank silver
name Necromancer
badge_id 17
link https://stackoverflow.com/badges/17/necromancer
user Dict{String,Any}("user_type" => "registered","display_name" => "Carlos Coelho","reputation" => 498,"user_id" => 2731014,"link" => "https://stackoverflow.com/users/2731014/carlos-coelho","profile_image" => "https://i.stack.imgur.com/HDo6r.jpg?s=128&g=1")
badge_type named


rank silver
name Necromancer
badge_id 17
link https://stackoverflow.com/badges/17/necromancer
user Dict{String,Any}("user_type" => "registered","display_name" => "hussain","reputation" => 196,"user_id" => 2951963,"link" => "https://stackoverflow.com/users/2951963/hussain","profile_image" => "https://www.gravatar.com/avatar/6d87d67ed50cd4cb9f6367e635a819a0?s=128&d=identicon&r=PG&f=1")
badge_type named


rank silver
name Necromancer
badge_id 17
link https://stackoverflow.com/badges/17/necromancer
user Dict{String,Any}("accept_rate" => 75,"user_type" => "registered","display_name" => "Kota Mori","reputation" => 3286,"user_id" => 5680348,"link" => "https://stackoverflow.com/users/5680348/kota-mori","profile_image" => "https://graph.facebook.com/10208317492120588/picture?type=large")
badge_type named


rank silver
name Necromancer
badge_id 17
link https://stackoverflow.com/badges/17/necromancer
user Dict{String,Any}("user_type" => "registered","display_name" => "Jirayu Kuviwatchai","reputation" => 51,"user_id" => 11680229,"link" => "https://stackoverflow.com/users/11680229/jirayu-kuviwatchai","profile_image" => "https://graph.facebook.com/2441501552562858/picture?type=large")
badge_type named


rank bronze
name Popular Question
badge_id 26
link https://stackoverflow.com/badges/26/popular-question
user Dict{String,Any}("accept_rate" => 58,"user_type" => "registered","display_name" => "Farrell Coleman","reputation" => 79,"user_id" => 2373250,"link" => "https://stackoverflow.com/users/2373250/farrell-coleman","profile_image" => "https://i.stack.imgur.com/8Tjne.jpg?s=128&g=1")
badge_type named


rank bronze
name Popular Question
badge_id 26
link https://stackoverflow.com/badges/26/popular-question
user Dict{String,Any}("user_type" => "registered","display_name" => "Andrew Hain","reputation" => 76,"user_id" => 1336596,"link" => "https://stackoverflow.com/users/1336596/andrew-hain","profile_image" => "https://www.gravatar.com/avatar/823d0c23d154b8c9e549c5d61a19cc2c?s=128&d=identicon&r=PG")
badge_type named


rank bronze
name Popular Question
badge_id 26
link https://stackoverflow.com/badges/26/popular-question
user Dict{String,Any}("user_type" => "registered","display_name" => "Luca","reputation" => 23,"user_id" => 9135643,"link" => "https://stackoverflow.com/users/9135643/luca","profile_image" => "https://www.gravatar.com/avatar/7fe3c709fd513d6ecded86a7804af048?s=128&d=identicon&r=PG&f=1")
badge_type named


rank bronze
name Popular Question
badge_id 26
link https://stackoverflow.com/badges/26/popular-question
user Dict{String,Any}("accept_rate" => 78,"user_type" => "registered","display_name" => "donlan","reputation" => 14773,"user_id" => 3834415,"link" => "https://stackoverflow.com/users/3834415/donlan","profile_image" => "https://www.gravatar.com/avatar/5aa49ad306db24c8e2980990df60c46c?s=128&d=identicon&r=PG&f=1")
badge_type named


rank bronze
name Popular Question
badge_id 26
link https://stackoverflow.com/badges/26/popular-question
user Dict{String,Any}("accept_rate" => 100,"user_type" => "registered","display_name" => "Arek Kostrzeba","reputation" => 355,"user_id" => 4592808,"link" => "https://stackoverflow.com/users/4592808/arek-kostrzeba","profile_image" => "https://i.stack.imgur.com/RK3gs.jpg?s=128&g=1")
badge_type named


rank bronze
name Student
badge_id 2
link https://stackoverflow.com/badges/2/student
user Dict{String,Any}("user_type" => "registered","display_name" => "Bella","reputation" => 11,"user_id" => 12055871,"link" => "https://stackoverflow.com/users/12055871/bella","profile_image" => "https://www.gravatar.com/avatar/cb93ffc4e89754f76682092973e1967a?s=128&d=identicon&r=PG&f=1")
badge_type named


rank bronze
name Student
badge_id 2
link https://stackoverflow.com/badges/2/student
user Dict{String,Any}("user_type" => "registered","display_name" => "Gary Baine","reputation" => 11,"user_id" => 11267081,"link" => "https://stackoverflow.com/users/11267081/gary-baine","profile_image" => "https://lh3.googleusercontent.com/-E_eRAPWC9Ow/AAAAAAAAAAI/AAAAAAAAADA/wLTAcc7hqMU/photo.jpg?sz=128")
badge_type named


rank bronze
name Supporter
badge_id 6
link https://stackoverflow.com/badges/6/supporter
user Dict{String,Any}("accept_rate" => 50,"user_type" => "registered","display_name" => "kkr4k","reputation" => 113,"user_id" => 6575935,"link" => "https://stackoverflow.com/users/6575935/kkr4k","profile_image" => "https://www.gravatar.com/avatar/fd0ecd7b3a1910d91f8bb0f85b437af0?s=128&d=identicon&r=PG&f=1")
badge_type named


rank bronze
name Supporter
badge_id 6
link https://stackoverflow.com/badges/6/supporter
user Dict{String,Any}("user_type" => "registered","display_name" => "Gabriel Salvatore","reputation" => 21,"user_id" => 10475661,"link" => "https://stackoverflow.com/users/10475661/gabriel-salvatore","profile_image" => "https://www.gravatar.com/avatar/6bafc549453627845f875d22a93712ab?s=128&d=identicon&r=PG&f=1")
badge_type named


rank bronze
name Supporter
badge_id 6
link https://stackoverflow.com/badges/6/supporter
user Dict{String,Any}("user_type" => "registered","display_name" => "Blunt Wang","reputation" => 21,"user_id" => 7783266,"link" => "https://stackoverflow.com/users/7783266/blunt-wang","profile_image" => "https://www.gravatar.com/avatar/6c7f15a665594e08b9275ae69380d0f0?s=128&d=identicon&r=PG&f=1")
badge_type named


rank bronze
name Teacher
badge_id 1
link https://stackoverflow.com/badges/1/teacher
user Dict{String,Any}("accept_rate" => 33,"user_type" => "registered","display_name" => "Bigo","reputation" => 79,"user_id" => 6388990,"link" => "https://stackoverflow.com/users/6388990/bigo","profile_image" => "https://graph.facebook.com/10154112557337065/picture?type=large")
badge_type named


rank bronze
name Teacher
badge_id 1
link https://stackoverflow.com/badges/1/teacher
user Dict{String,Any}("accept_rate" => 82,"user_type" => "registered","display_name" => "Molochnik","reputation" => 632,"user_id" => 1886550,"link" => "https://stackoverflow.com/users/1886550/molochnik","profile_image" => "https://www.gravatar.com/avatar/9b46c715cf0bfeca20dd3927c55be5fa?s=128&d=identicon&r=PG")
badge_type named


rank bronze
name Custodian
badge_id 2278
link https://stackoverflow.com/badges/2278/custodian
user Dict{String,Any}("user_type" => "registered","display_name" => "Kranthi Vardhan","reputation" => 53,"user_id" => 5074899,"link" => "https://stackoverflow.com/users/5074899/kranthi-vardhan","profile_image" => "https://i.stack.imgur.com/UJYwm.jpg?s=128&g=1")
badge_type named


rank bronze
name Custodian
badge_id 2278
link https://stackoverflow.com/badges/2278/custodian
user Dict{String,Any}("user_type" => "registered","display_name" => "Nathan","reputation" => 1,"user_id" => 12471668,"link" => "https://stackoverflow.com/users/12471668/nathan","profile_image" => "https://www.gravatar.com/avatar/1e8392692e4a768f514fd7d98e459907?s=128&d=identicon&r=PG&f=1")
badge_type named


rank silver
name Good Question
badge_id 21
link https://stackoverflow.com/badges/21/good-question
user Dict{String,Any}("accept_rate" => 90,"user_type" => "registered","display_name" => "Hoque","reputation" => 6118,"user_id" => 218565,"link" => "https://stackoverflow.com/users/218565/hoque","profile_image" => "https://www.gravatar.com/avatar/d9ba6fe7f02f3409d7883f6fc6904625?s=128&d=identicon&r=PG")
badge_type named


rank silver
name Good Question
badge_id 21
link https://stackoverflow.com/badges/21/good-question
user Dict{String,Any}("accept_rate" => 100,"user_type" => "registered","display_name" => "MebAlone","reputation" => 449,"user_id" => 538762,"link" => "https://stackoverflow.com/users/538762/mebalone","profile_image" => "https://www.gravatar.com/avatar/7d7769ef49edc884fca3097968d3ef38?s=128&d=identicon&r=PG")
badge_type named


rank bronze
name Autobiographer
badge_id 9
link https://stackoverflow.com/badges/9/autobiographer
user Dict{String,Any}("user_type" => "registered","display_name" => "Manu Lecoq","reputation" => 1,"user_id" => 12471675,"link" => "https://stackoverflow.com/users/12471675/manu-lecoq","profile_image" => "https://lh3.googleusercontent.com/-ACh15crcL7I/AAAAAAAAAAI/AAAAAAAAAAA/ACHi3rfW_Gu6qGND0oSEd4Ma_X0SjaxjhQ/photo.jpg?sz=128")
badge_type named


rank bronze
name Editor
badge_id 3
link https://stackoverflow.com/badges/3/editor
user Dict{String,Any}("user_type" => "registered","display_name" => "Vinod Kumar","reputation" => 1,"user_id" => 12471704,"link" => "https://stackoverflow.com/users/12471704/vinod-kumar","profile_image" => "https://lh3.googleusercontent.com/-TKqIm4MeUqA/AAAAAAAAAAI/AAAAAAAAACA/iIydfzR-5Z0/photo.jpg?sz=128")
badge_type named


   Testing StackOverflow tests passed 
