 Resolving package versions...
 Installed DataAPI ──────────────────────── v1.1.0
 Installed Missings ─────────────────────── v0.4.3
 Installed LowRankApprox ────────────────── v0.4.0
 Installed AbstractFFTs ─────────────────── v0.5.0
 Installed DomainSets ───────────────────── v0.1.0
 Installed BlockBandedMatrices ──────────── v0.6.0
 Installed BinaryProvider ───────────────── v0.5.8
 Installed ApproxFunOrthogonalPolynomials ─ v0.2.5
 Installed Conda ────────────────────────── v1.3.0
 Installed StatsBase ────────────────────── v0.32.0
 Installed HierarchicalMatrices ─────────── v0.2.0
 Installed URIParser ────────────────────── v0.4.0
 Installed BlockArrays ──────────────────── v0.10.2
 Installed Reexport ─────────────────────── v0.2.0
 Installed Polynomials ──────────────────── v0.6.0
 Installed ArrayLayouts ─────────────────── v0.1.5
 Installed OrderedCollections ───────────── v1.1.0
 Installed Calculus ─────────────────────── v0.5.1
 Installed RecipesBase ──────────────────── v0.7.0
 Installed Compat ───────────────────────── v2.2.0
 Installed Parsers ──────────────────────── v0.3.10
 Installed DualNumbers ──────────────────── v0.6.2
 Installed DataStructures ───────────────── v0.17.6
 Installed FillArrays ───────────────────── v0.8.2
 Installed JSON ─────────────────────────── v0.21.0
 Installed BandedMatrices ───────────────── v0.14.2
 Installed FastGaussQuadrature ──────────── v0.4.1
 Installed ToeplitzMatrices ─────────────── v0.6.0
 Installed NaNMath ──────────────────────── v0.3.3
 Installed IntervalSets ─────────────────── v0.3.2
 Installed StaticArrays ─────────────────── v0.12.1
 Installed DSP ──────────────────────────── v0.6.2
 Installed FFTW ─────────────────────────── v1.1.0
 Installed SortingAlgorithms ────────────── v0.3.1
 Installed VersionParsing ───────────────── v1.1.3
 Installed ApproxFunBase ────────────────── v0.2.3
 Installed SpecialFunctions ─────────────── v0.8.0
 Installed MacroTools ───────────────────── v0.5.2
 Installed LazyArrays ───────────────────── v0.14.10
 Installed MatrixFactorizations ─────────── v0.2.1
 Installed InfiniteArrays ───────────────── v0.5.0
 Installed Nullables ────────────────────── v1.0.0
 Installed FastTransforms ───────────────── v0.6.1
 Installed BinDeps ──────────────────────── v0.8.10
 Installed ProgressMeter ────────────────── v1.2.0
  Updating `~/.julia/environments/v1.2/Project.toml`
  [b70543e2] + ApproxFunOrthogonalPolynomials v0.2.5
  Updating `~/.julia/environments/v1.2/Manifest.toml`
  [621f4979] + AbstractFFTs v0.5.0
  [fbd15aa5] + ApproxFunBase v0.2.3
  [b70543e2] + ApproxFunOrthogonalPolynomials v0.2.5
  [4c555306] + ArrayLayouts v0.1.5
  [aae01518] + BandedMatrices v0.14.2
  [9e28174c] + BinDeps v0.8.10
  [b99e7846] + BinaryProvider v0.5.8
  [8e7c35d0] + BlockArrays v0.10.2
  [ffab5731] + BlockBandedMatrices v0.6.0
  [49dc2e85] + Calculus v0.5.1
  [34da2185] + Compat v2.2.0
  [8f4d0f93] + Conda v1.3.0
  [717857b8] + DSP v0.6.2
  [9a962f9c] + DataAPI v1.1.0
  [864edb3b] + DataStructures v0.17.6
  [5b8099bc] + DomainSets v0.1.0
  [fa6b7ba4] + DualNumbers v0.6.2
  [7a1cc6ca] + FFTW v1.1.0
  [442a2c76] + FastGaussQuadrature v0.4.1
  [057dd010] + FastTransforms v0.6.1
  [1a297f60] + FillArrays v0.8.2
  [7c893195] + HierarchicalMatrices v0.2.0
  [4858937d] + InfiniteArrays v0.5.0
  [8197267c] + IntervalSets v0.3.2
  [682c06a0] + JSON v0.21.0
  [5078a376] + LazyArrays v0.14.10
  [898213cb] + LowRankApprox v0.4.0
  [1914dd2f] + MacroTools v0.5.2
  [a3b82374] + MatrixFactorizations v0.2.1
  [e1d29d7a] + Missings v0.4.3
  [77ba4419] + NaNMath v0.3.3
  [4d1e1d77] + Nullables v1.0.0
  [bac558e1] + OrderedCollections v1.1.0
  [69de0a69] + Parsers v0.3.10
  [f27b6e38] + Polynomials v0.6.0
  [92933f4c] + ProgressMeter v1.2.0
  [3cdcf5f2] + RecipesBase v0.7.0
  [189a3867] + Reexport v0.2.0
  [a2af1166] + SortingAlgorithms v0.3.1
  [276daf66] + SpecialFunctions v0.8.0
  [90137ffa] + StaticArrays v0.12.1
  [2913bbd2] + StatsBase v0.32.0
  [c751599d] + ToeplitzMatrices v0.6.0
  [30578b45] + URIParser v0.4.0
  [81def892] + VersionParsing v1.1.3
  [2a0f44e3] + Base64 
  [ade2ca70] + Dates 
  [8bb1440f] + DelimitedFiles 
  [8ba89e20] + Distributed 
  [b77e0a4c] + InteractiveUtils 
  [76f85450] + LibGit2 
  [8f399da3] + Libdl 
  [37e2e46d] + LinearAlgebra 
  [56ddb016] + Logging 
  [d6f4376e] + Markdown 
  [a63ad114] + Mmap 
  [44cfe95a] + Pkg 
  [de0858da] + Printf 
  [3fa0cd96] + REPL 
  [9a3f8284] + Random 
  [ea8e919c] + SHA 
  [9e88b42a] + Serialization 
  [1a1011a3] + SharedArrays 
  [6462fe0b] + Sockets 
  [2f01184e] + SparseArrays 
  [10745b16] + Statistics 
  [8dfed614] + Test 
  [cf7118a7] + UUIDs 
  [4ec0a83e] + Unicode 
  Building Conda ───────────→ `~/.julia/packages/Conda/kLXeC/deps/build.log`
  Building FFTW ────────────→ `~/.julia/packages/FFTW/loJ3F/deps/build.log`
  Building SpecialFunctions → `~/.julia/packages/SpecialFunctions/ne2iw/deps/build.log`
   Testing ApproxFunOrthogonalPolynomials
 Resolving package versions...
    Status `/tmp/jl_ui4rEW/Manifest.toml`
  [621f4979] AbstractFFTs v0.5.0
  [fbd15aa5] ApproxFunBase v0.2.3
  [b70543e2] ApproxFunOrthogonalPolynomials v0.2.5
  [4c555306] ArrayLayouts v0.1.5
  [aae01518] BandedMatrices v0.14.2
  [9e28174c] BinDeps v0.8.10
  [b99e7846] BinaryProvider v0.5.8
  [8e7c35d0] BlockArrays v0.10.2
  [ffab5731] BlockBandedMatrices v0.6.0
  [49dc2e85] Calculus v0.5.1
  [34da2185] Compat v2.2.0
  [8f4d0f93] Conda v1.3.0
  [717857b8] DSP v0.6.2
  [9a962f9c] DataAPI v1.1.0
  [864edb3b] DataStructures v0.17.6
  [5b8099bc] DomainSets v0.1.0
  [fa6b7ba4] DualNumbers v0.6.2
  [7a1cc6ca] FFTW v1.1.0
  [442a2c76] FastGaussQuadrature v0.4.1
  [057dd010] FastTransforms v0.6.1
  [1a297f60] FillArrays v0.8.2
  [7c893195] HierarchicalMatrices v0.2.0
  [4858937d] InfiniteArrays v0.5.0
  [8197267c] IntervalSets v0.3.2
  [682c06a0] JSON v0.21.0
  [5078a376] LazyArrays v0.14.10
  [898213cb] LowRankApprox v0.4.0
  [1914dd2f] MacroTools v0.5.2
  [a3b82374] MatrixFactorizations v0.2.1
  [e1d29d7a] Missings v0.4.3
  [77ba4419] NaNMath v0.3.3
  [4d1e1d77] Nullables v1.0.0
  [bac558e1] OrderedCollections v1.1.0
  [69de0a69] Parsers v0.3.10
  [f27b6e38] Polynomials v0.6.0
  [92933f4c] ProgressMeter v1.2.0
  [3cdcf5f2] RecipesBase v0.7.0
  [189a3867] Reexport v0.2.0
  [a2af1166] SortingAlgorithms v0.3.1
  [276daf66] SpecialFunctions v0.8.0
  [90137ffa] StaticArrays v0.12.1
  [2913bbd2] StatsBase v0.32.0
  [c751599d] ToeplitzMatrices v0.6.0
  [30578b45] URIParser v0.4.0
  [81def892] VersionParsing v1.1.3
  [2a0f44e3] Base64  [`@stdlib/Base64`]
  [ade2ca70] Dates  [`@stdlib/Dates`]
  [8bb1440f] DelimitedFiles  [`@stdlib/DelimitedFiles`]
  [8ba89e20] Distributed  [`@stdlib/Distributed`]
  [b77e0a4c] InteractiveUtils  [`@stdlib/InteractiveUtils`]
  [76f85450] LibGit2  [`@stdlib/LibGit2`]
  [8f399da3] Libdl  [`@stdlib/Libdl`]
  [37e2e46d] LinearAlgebra  [`@stdlib/LinearAlgebra`]
  [56ddb016] Logging  [`@stdlib/Logging`]
  [d6f4376e] Markdown  [`@stdlib/Markdown`]
  [a63ad114] Mmap  [`@stdlib/Mmap`]
  [44cfe95a] Pkg  [`@stdlib/Pkg`]
  [de0858da] Printf  [`@stdlib/Printf`]
  [3fa0cd96] REPL  [`@stdlib/REPL`]
  [9a3f8284] Random  [`@stdlib/Random`]
  [ea8e919c] SHA  [`@stdlib/SHA`]
  [9e88b42a] Serialization  [`@stdlib/Serialization`]
  [1a1011a3] SharedArrays  [`@stdlib/SharedArrays`]
  [6462fe0b] Sockets  [`@stdlib/Sockets`]
  [2f01184e] SparseArrays  [`@stdlib/SparseArrays`]
  [10745b16] Statistics  [`@stdlib/Statistics`]
  [8dfed614] Test  [`@stdlib/Test`]
  [cf7118a7] UUIDs  [`@stdlib/UUIDs`]
  [4ec0a83e] Unicode  [`@stdlib/Unicode`]
Test Summary: | Pass  Total
Domain        |    1      1
Test Summary: | Pass  Total
Clenshaw      |    1      1
  5.891854 seconds (6.83 M allocations: 339.148 MiB, 4.51% gc time)
Test Summary: | Pass  Total
Chebyshev     |  488    488
125.472100 seconds (111.30 M allocations: 5.433 GiB, 5.16% gc time)
Test Summary: | Pass  Total
Complex       |   13     13
  5.026794 seconds (3.39 M allocations: 174.137 MiB, 3.45% gc time)
Test Summary: | Pass  Total
broadcast     |   18     18
 51.795329 seconds (33.06 M allocations: 1.583 GiB, 3.44% gc time)
  7.545276 seconds (7.20 M allocations: 344.373 MiB, 6.11% gc time)
 15.141332 seconds (10.36 M allocations: 558.756 MiB, 5.46% gc time)
  9.671639 seconds (7.84 M allocations: 373.399 MiB, 9.52% gc time)
  0.086810 seconds (38.55 k allocations: 2.272 MiB)
  1.636206 seconds (1.72 M allocations: 78.844 MiB, 7.41% gc time)
 41.579436 seconds (26.98 M allocations: 1.340 GiB, 5.07% gc time)
Test Summary: |  Pass  Total
Operator      | 12366  12366
489.635176 seconds (371.07 M allocations: 17.454 GiB, 5.69% gc time)
  0.793501 seconds (656.76 k allocations: 34.712 MiB, 6.65% gc time)
  2.578098 seconds (1.74 M allocations: 91.354 MiB, 5.94% gc time)
  3.338571 seconds (2.82 M allocations: 147.313 MiB, 5.92% gc time)
  3.383854 seconds (4.21 M allocations: 152.227 MiB, 7.74% gc time)
  4.279309 seconds (3.48 M allocations: 175.564 MiB, 6.11% gc time)
  8.581296 seconds (8.50 M allocations: 452.188 MiB, 7.70% gc time)
  9.207368 seconds (6.59 M allocations: 325.145 MiB, 6.51% gc time)
  5.321850 seconds (3.88 M allocations: 205.302 MiB, 5.91% gc time)
Test Summary: | Pass  Total
ODE           | 2729   2729
332.969684 seconds (238.99 M allocations: 12.499 GiB, 6.29% gc time)
Test Summary:       | Pass  Total
Eigenvalue problems |    7      7
224.399586 seconds (143.59 M allocations: 7.695 GiB, 5.41% gc time)
  2.471460 seconds (1.79 M allocations: 93.202 MiB, 6.68% gc time)
  0.071625 seconds (28.46 k allocations: 1.291 MiB)
  7.023432 seconds (5.21 M allocations: 269.172 MiB, 12.97% gc time)
  0.599362 seconds (704.55 k allocations: 35.372 MiB, 6.84% gc time)
Test Summary: | Pass  Broken  Total
Vector        |  446       1    447
 77.953483 seconds (62.23 M allocations: 3.121 GiB, 7.41% gc time)
  0.000580 seconds (304 allocations: 23.797 KiB)
  9.849084 seconds (9.57 M allocations: 459.729 MiB, 9.55% gc time)
  0.094476 seconds (193 allocations: 1.822 MiB)
 14.735451 seconds (13.55 M allocations: 905.390 MiB, 14.62% gc time)
 12.905945 seconds (9.83 M allocations: 509.506 MiB, 8.66% gc time)
 12.174622 seconds (10.20 M allocations: 480.180 MiB, 12.30% gc time)
  4.190148 seconds (2.54 M allocations: 129.779 MiB, 6.04% gc time)
  9.996534 seconds (8.38 M allocations: 394.424 MiB, 8.67% gc time)
  5.391710 seconds (4.03 M allocations: 199.318 MiB, 8.74% gc time)
 19.826945 seconds (15.04 M allocations: 757.045 MiB, 9.87% gc time)
  9.579449 seconds (8.12 M allocations: 384.423 MiB, 8.32% gc time)
Test Summary: | Pass  Total
Jacobi        | 4811   4811
224.595968 seconds (169.07 M allocations: 8.562 GiB, 9.72% gc time)
Test Summary:                 | Pass  Total
Laguerre and WeightedLaguerre |   21     21
230.035973 seconds (89.73 M allocations: 3.774 GiB, 5.17% gc time)
Test Summary:           | Pass  Total
Hermite and GaussWeight |  415    415
 55.321193 seconds (55.46 M allocations: 2.555 GiB, 13.69% gc time)
  0.095118 seconds (52.73 k allocations: 2.841 MiB)
  4.465892 seconds (4.49 M allocations: 240.574 MiB, 9.72% gc time)
  5.227355 seconds (2.94 M allocations: 164.923 MiB, 7.64% gc time)
  0.001619 seconds (3.79 k allocations: 248.859 KiB)
  1.918309 seconds (1.43 M allocations: 75.620 MiB, 10.39% gc time)
Test Summary: | Pass  Broken  Total
Spaces        | 1745       1   1746
596.028646 seconds (296.45 M allocations: 16.653 GiB, 7.77% gc time)
  3.069711 seconds (2.53 M allocations: 131.182 MiB, 11.25% gc time)
  1.857170 seconds (1.43 M allocations: 75.849 MiB, 10.44% gc time)
  0.050979 seconds (82.76 k allocations: 4.260 MiB)
  2.665908 seconds (1.99 M allocations: 105.088 MiB, 15.88% gc time)
  0.340364 seconds (230.15 k allocations: 12.165 MiB, 18.77% gc time)
  1.798599 seconds (2.22 M allocations: 201.536 MiB, 60.16% gc time)
  1.116749 seconds (2.35 M allocations: 206.673 MiB, 31.61% gc time)
124.926615 seconds (80.23 M allocations: 3.554 GiB, 10.63% gc time)
 48.532441 seconds (21.92 M allocations: 1.240 GiB, 9.21% gc time)
Test Summary: | Pass  Total
Multivariate  | 3286   3286
382.433966 seconds (244.49 M allocations: 12.030 GiB, 10.70% gc time)
 17.380163 seconds (11.86 M allocations: 513.725 MiB, 10.18% gc time)
  2.922694 seconds (4.51 M allocations: 136.524 MiB, 20.55% gc time)
  5.737535 seconds (6.23 M allocations: 211.985 MiB, 22.56% gc time)
  7.516504 seconds (5.04 M allocations: 265.106 MiB, 12.53% gc time)
 22.516922 seconds (20.64 M allocations: 1.667 GiB, 23.22% gc time)
  9.488549 seconds (7.04 M allocations: 374.747 MiB, 11.41% gc time)
 21.030531 seconds (18.40 M allocations: 1.145 GiB, 21.00% gc time)
 13.728080 seconds (9.86 M allocations: 493.109 MiB, 10.83% gc time)
  3.945157 seconds (1.67 M allocations: 126.839 MiB, 27.96% gc time)
  0.243554 seconds (1.17 M allocations: 28.017 MiB, 20.56% gc time)
