 Resolving package versions...
 Installed SortingAlgorithms ────────────── v0.3.1
 Installed MPFR_jll ─────────────────────── v4.0.2+1
 Installed FFTW_jll ─────────────────────── v3.3.9+3
 Installed DataStructures ───────────────── v0.17.6
 Installed StaticArrays ─────────────────── v0.12.1
 Installed LazyArrays ───────────────────── v0.14.10
 Installed ApproxFunOrthogonalPolynomials ─ v0.3.0
 Installed ApproxFunBase ────────────────── v0.2.3
 Installed FFTW ─────────────────────────── v1.1.0
 Installed FastGaussQuadrature ──────────── v0.4.1
 Installed Parsers ──────────────────────── v0.3.10
 Installed BinaryProvider ───────────────── v0.5.8
 Installed Missings ─────────────────────── v0.4.3
 Installed Compat ───────────────────────── v2.2.0
 Installed MacroTools ───────────────────── v0.5.2
 Installed DSP ──────────────────────────── v0.6.2
 Installed BlockBandedMatrices ──────────── v0.6.0
 Installed IntervalSets ─────────────────── v0.3.2
 Installed BlockArrays ──────────────────── v0.10.2
 Installed OrderedCollections ───────────── v1.1.0
 Installed CompilerSupportLibraries_jll ─── v0.2.0+1
 Installed FastTransforms ───────────────── v0.8.1
 Installed SpecialFunctions ─────────────── v0.9.0
 Installed ArrayLayouts ─────────────────── v0.1.5
 Installed OpenBLAS_jll ─────────────────── v0.3.7+1
 Installed RecipesBase ──────────────────── v0.7.0
 Installed ToeplitzMatrices ─────────────── v0.6.0
 Installed JSON ─────────────────────────── v0.21.0
 Installed GMP_jll ──────────────────────── v6.1.2+3
 Installed DomainSets ───────────────────── v0.1.0
 Installed InfiniteArrays ───────────────── v0.5.0
 Installed DualNumbers ──────────────────── v0.6.2
 Installed DataAPI ──────────────────────── v1.1.0
 Installed NaNMath ──────────────────────── v0.3.3
 Installed Nullables ────────────────────── v1.0.0
 Installed Calculus ─────────────────────── v0.5.1
 Installed Polynomials ──────────────────── v0.6.0
 Installed OpenSpecFun_jll ──────────────── v0.5.3+1
 Installed LowRankApprox ────────────────── v0.4.0
 Installed VersionParsing ───────────────── v1.1.3
 Installed Conda ────────────────────────── v1.3.0
 Installed FastTransforms_jll ───────────── v0.2.12+0
 Installed FillArrays ───────────────────── v0.8.2
 Installed Reexport ─────────────────────── v0.2.0
 Installed MatrixFactorizations ─────────── v0.2.1
 Installed StatsBase ────────────────────── v0.32.0
 Installed BandedMatrices ───────────────── v0.14.2
 Installed AbstractFFTs ─────────────────── v0.5.0
  Updating `~/.julia/environments/v1.3/Project.toml`
  [b70543e2] + ApproxFunOrthogonalPolynomials v0.3.0
  Updating `~/.julia/environments/v1.3/Manifest.toml`
  [621f4979] + AbstractFFTs v0.5.0
  [fbd15aa5] + ApproxFunBase v0.2.3
  [b70543e2] + ApproxFunOrthogonalPolynomials v0.3.0
  [4c555306] + ArrayLayouts v0.1.5
  [aae01518] + BandedMatrices v0.14.2
  [b99e7846] + BinaryProvider v0.5.8
  [8e7c35d0] + BlockArrays v0.10.2
  [ffab5731] + BlockBandedMatrices v0.6.0
  [49dc2e85] + Calculus v0.5.1
  [34da2185] + Compat v2.2.0
  [e66e0078] + CompilerSupportLibraries_jll v0.2.0+1
  [8f4d0f93] + Conda v1.3.0
  [717857b8] + DSP v0.6.2
  [9a962f9c] + DataAPI v1.1.0
  [864edb3b] + DataStructures v0.17.6
  [5b8099bc] + DomainSets v0.1.0
  [fa6b7ba4] + DualNumbers v0.6.2
  [7a1cc6ca] + FFTW v1.1.0
  [f5851436] + FFTW_jll v3.3.9+3
  [442a2c76] + FastGaussQuadrature v0.4.1
  [057dd010] + FastTransforms v0.8.1
  [34b6f7d7] + FastTransforms_jll v0.2.12+0
  [1a297f60] + FillArrays v0.8.2
  [781609d7] + GMP_jll v6.1.2+3
  [4858937d] + InfiniteArrays v0.5.0
  [8197267c] + IntervalSets v0.3.2
  [682c06a0] + JSON v0.21.0
  [5078a376] + LazyArrays v0.14.10
  [898213cb] + LowRankApprox v0.4.0
  [3a97d323] + MPFR_jll v4.0.2+1
  [1914dd2f] + MacroTools v0.5.2
  [a3b82374] + MatrixFactorizations v0.2.1
  [e1d29d7a] + Missings v0.4.3
  [77ba4419] + NaNMath v0.3.3
  [4d1e1d77] + Nullables v1.0.0
  [4536629a] + OpenBLAS_jll v0.3.7+1
  [efe28fd5] + OpenSpecFun_jll v0.5.3+1
  [bac558e1] + OrderedCollections v1.1.0
  [69de0a69] + Parsers v0.3.10
  [f27b6e38] + Polynomials v0.6.0
  [3cdcf5f2] + RecipesBase v0.7.0
  [189a3867] + Reexport v0.2.0
  [a2af1166] + SortingAlgorithms v0.3.1
  [276daf66] + SpecialFunctions v0.9.0
  [90137ffa] + StaticArrays v0.12.1
  [2913bbd2] + StatsBase v0.32.0
  [c751599d] + ToeplitzMatrices v0.6.0
  [81def892] + VersionParsing v1.1.3
  [2a0f44e3] + Base64 
  [ade2ca70] + Dates 
  [8bb1440f] + DelimitedFiles 
  [8ba89e20] + Distributed 
  [b77e0a4c] + InteractiveUtils 
  [76f85450] + LibGit2 
  [8f399da3] + Libdl 
  [37e2e46d] + LinearAlgebra 
  [56ddb016] + Logging 
  [d6f4376e] + Markdown 
  [a63ad114] + Mmap 
  [44cfe95a] + Pkg 
  [de0858da] + Printf 
  [3fa0cd96] + REPL 
  [9a3f8284] + Random 
  [ea8e919c] + SHA 
  [9e88b42a] + Serialization 
  [1a1011a3] + SharedArrays 
  [6462fe0b] + Sockets 
  [2f01184e] + SparseArrays 
  [10745b16] + Statistics 
  [8dfed614] + Test 
  [cf7118a7] + UUIDs 
  [4ec0a83e] + Unicode 
  Building Conda ─────────→ `~/.julia/packages/Conda/kLXeC/deps/build.log`
  Building FFTW ──────────→ `~/.julia/packages/FFTW/loJ3F/deps/build.log`
  Building FastTransforms → `~/.julia/packages/FastTransforms/OShrg/deps/build.log`
   Testing ApproxFunOrthogonalPolynomials
 Resolving package versions...
    Status `/tmp/jl_8trA7B/Manifest.toml`
  [621f4979] AbstractFFTs v0.5.0
  [fbd15aa5] ApproxFunBase v0.2.3
  [b70543e2] ApproxFunOrthogonalPolynomials v0.3.0
  [4c555306] ArrayLayouts v0.1.5
  [aae01518] BandedMatrices v0.14.2
  [b99e7846] BinaryProvider v0.5.8
  [8e7c35d0] BlockArrays v0.10.2
  [ffab5731] BlockBandedMatrices v0.6.0
  [49dc2e85] Calculus v0.5.1
  [34da2185] Compat v2.2.0
  [e66e0078] CompilerSupportLibraries_jll v0.2.0+1
  [8f4d0f93] Conda v1.3.0
  [717857b8] DSP v0.6.2
  [9a962f9c] DataAPI v1.1.0
  [864edb3b] DataStructures v0.17.6
  [5b8099bc] DomainSets v0.1.0
  [fa6b7ba4] DualNumbers v0.6.2
  [7a1cc6ca] FFTW v1.1.0
  [f5851436] FFTW_jll v3.3.9+3
  [442a2c76] FastGaussQuadrature v0.4.1
  [057dd010] FastTransforms v0.8.1
  [34b6f7d7] FastTransforms_jll v0.2.12+0
  [1a297f60] FillArrays v0.8.2
  [781609d7] GMP_jll v6.1.2+3
  [4858937d] InfiniteArrays v0.5.0
  [8197267c] IntervalSets v0.3.2
  [682c06a0] JSON v0.21.0
  [5078a376] LazyArrays v0.14.10
  [898213cb] LowRankApprox v0.4.0
  [3a97d323] MPFR_jll v4.0.2+1
  [1914dd2f] MacroTools v0.5.2
  [a3b82374] MatrixFactorizations v0.2.1
  [e1d29d7a] Missings v0.4.3
  [77ba4419] NaNMath v0.3.3
  [4d1e1d77] Nullables v1.0.0
  [4536629a] OpenBLAS_jll v0.3.7+1
  [efe28fd5] OpenSpecFun_jll v0.5.3+1
  [bac558e1] OrderedCollections v1.1.0
  [69de0a69] Parsers v0.3.10
  [f27b6e38] Polynomials v0.6.0
  [3cdcf5f2] RecipesBase v0.7.0
  [189a3867] Reexport v0.2.0
  [a2af1166] SortingAlgorithms v0.3.1
  [276daf66] SpecialFunctions v0.9.0
  [90137ffa] StaticArrays v0.12.1
  [2913bbd2] StatsBase v0.32.0
  [c751599d] ToeplitzMatrices v0.6.0
  [81def892] VersionParsing v1.1.3
  [2a0f44e3] Base64  [`@stdlib/Base64`]
  [ade2ca70] Dates  [`@stdlib/Dates`]
  [8bb1440f] DelimitedFiles  [`@stdlib/DelimitedFiles`]
  [8ba89e20] Distributed  [`@stdlib/Distributed`]
  [b77e0a4c] InteractiveUtils  [`@stdlib/InteractiveUtils`]
  [76f85450] LibGit2  [`@stdlib/LibGit2`]
  [8f399da3] Libdl  [`@stdlib/Libdl`]
  [37e2e46d] LinearAlgebra  [`@stdlib/LinearAlgebra`]
  [56ddb016] Logging  [`@stdlib/Logging`]
  [d6f4376e] Markdown  [`@stdlib/Markdown`]
  [a63ad114] Mmap  [`@stdlib/Mmap`]
  [44cfe95a] Pkg  [`@stdlib/Pkg`]
  [de0858da] Printf  [`@stdlib/Printf`]
  [3fa0cd96] REPL  [`@stdlib/REPL`]
  [9a3f8284] Random  [`@stdlib/Random`]
  [ea8e919c] SHA  [`@stdlib/SHA`]
  [9e88b42a] Serialization  [`@stdlib/Serialization`]
  [1a1011a3] SharedArrays  [`@stdlib/SharedArrays`]
  [6462fe0b] Sockets  [`@stdlib/Sockets`]
  [2f01184e] SparseArrays  [`@stdlib/SparseArrays`]
  [10745b16] Statistics  [`@stdlib/Statistics`]
  [8dfed614] Test  [`@stdlib/Test`]
  [cf7118a7] UUIDs  [`@stdlib/UUIDs`]
  [4ec0a83e] Unicode  [`@stdlib/Unicode`]
Test Summary: | Pass  Total
Domain        |    1      1
Test Summary: | Pass  Total
Clenshaw      |    1      1
  4.285278 seconds (6.39 M allocations: 313.072 MiB, 3.53% gc time)
Test Summary: | Pass  Total
Chebyshev     |  488    488
105.253615 seconds (122.19 M allocations: 5.970 GiB, 4.13% gc time)
Test Summary: | Pass  Total
Complex       |   13     13
  4.580656 seconds (3.18 M allocations: 161.513 MiB, 1.61% gc time)
Test Summary: | Pass  Total
broadcast     |   18     18
 32.185916 seconds (31.02 M allocations: 1.505 GiB, 2.36% gc time)
  3.102498 seconds (5.11 M allocations: 241.325 MiB, 3.79% gc time)
  5.308383 seconds (9.22 M allocations: 498.317 MiB, 6.69% gc time)
  3.469058 seconds (5.99 M allocations: 281.236 MiB, 4.21% gc time)
  0.049464 seconds (34.16 k allocations: 2.029 MiB)
  0.633660 seconds (1.57 M allocations: 71.975 MiB, 3.85% gc time)
 15.209669 seconds (24.75 M allocations: 1.240 GiB, 3.24% gc time)
Test Summary: |  Pass  Total
Operator      | 12366  12366
217.239290 seconds (332.96 M allocations: 15.639 GiB, 4.10% gc time)
  0.384355 seconds (576.28 k allocations: 30.012 MiB, 10.50% gc time)
  1.165897 seconds (1.57 M allocations: 81.383 MiB, 3.67% gc time)
  1.546025 seconds (2.34 M allocations: 120.630 MiB, 2.69% gc time)
  1.568318 seconds (4.03 M allocations: 142.895 MiB, 2.76% gc time)
  1.857735 seconds (3.23 M allocations: 161.619 MiB, 4.78% gc time)
  3.334029 seconds (7.14 M allocations: 366.647 MiB, 6.84% gc time)
  4.068580 seconds (5.74 M allocations: 279.397 MiB, 3.34% gc time)
  2.117007 seconds (2.74 M allocations: 139.587 MiB)
Test Summary: | Pass  Total
ODE           | 2729   2729
 94.273663 seconds (166.70 M allocations: 7.967 GiB, 4.12% gc time)
Test Summary:       | Pass  Total
Eigenvalue problems |    7      7
 58.273730 seconds (103.39 M allocations: 5.129 GiB, 4.39% gc time)
  1.254936 seconds (1.61 M allocations: 82.148 MiB)
  0.025163 seconds (28.90 k allocations: 1.309 MiB)
  3.608662 seconds (5.38 M allocations: 277.050 MiB, 1.33% gc time)
  0.426857 seconds (770.55 k allocations: 38.439 MiB, 12.08% gc time)
Test Summary: | Pass  Broken  Total
Vector        |  446       1    447
 48.977176 seconds (81.13 M allocations: 4.073 GiB, 4.69% gc time)
  0.000195 seconds (149 allocations: 6.969 KiB)
  3.768408 seconds (7.58 M allocations: 361.652 MiB, 4.31% gc time)
  0.133653 seconds (18 allocations: 32.844 KiB)
  5.563324 seconds (11.31 M allocations: 790.689 MiB, 6.80% gc time)
 10.807876 seconds (10.71 M allocations: 570.691 MiB, 2.33% gc time)
  5.137230 seconds (9.60 M allocations: 453.308 MiB, 3.72% gc time)
  1.837611 seconds (2.56 M allocations: 131.359 MiB, 3.22% gc time)
  4.080610 seconds (7.63 M allocations: 361.491 MiB, 1.47% gc time)
  2.649589 seconds (4.06 M allocations: 201.516 MiB, 7.11% gc time)
  9.366344 seconds (13.83 M allocations: 686.019 MiB, 4.05% gc time)
  4.333956 seconds (7.64 M allocations: 361.684 MiB, 4.95% gc time)
Test Summary: | Pass  Total
Jacobi        | 4811   4811
125.863617 seconds (166.19 M allocations: 8.494 GiB, 3.37% gc time)
Test Summary:                 | Pass  Total
Laguerre and WeightedLaguerre |   21     21
101.617197 seconds (85.47 M allocations: 3.661 GiB, 3.44% gc time)
Test Summary:           | Pass  Total
Hermite and GaussWeight |  415    415
 23.333009 seconds (50.78 M allocations: 2.342 GiB, 4.41% gc time)
  0.047017 seconds (46.72 k allocations: 2.434 MiB)
  1.178441 seconds (3.78 M allocations: 193.849 MiB, 4.67% gc time)
  1.493842 seconds (2.21 M allocations: 115.629 MiB, 4.08% gc time)
  0.000810 seconds (3.86 k allocations: 250.547 KiB)
  0.801124 seconds (1.38 M allocations: 72.604 MiB, 8.43% gc time)
Test Summary: | Pass  Broken  Total
Spaces        | 1745       1   1746
129.190728 seconds (189.57 M allocations: 9.962 GiB, 3.75% gc time)
  1.268223 seconds (2.25 M allocations: 115.653 MiB)
  0.814776 seconds (1.40 M allocations: 73.794 MiB, 8.32% gc time)
  0.020557 seconds (69.03 k allocations: 3.189 MiB)
  1.150988 seconds (1.88 M allocations: 99.328 MiB, 7.84% gc time)
  0.145332 seconds (211.99 k allocations: 11.025 MiB)
  0.434167 seconds (2.21 M allocations: 201.046 MiB, 16.07% gc time)
  0.480430 seconds (2.34 M allocations: 206.185 MiB, 13.63% gc time)
 52.153120 seconds (76.63 M allocations: 3.416 GiB, 2.99% gc time)
  8.310128 seconds (12.75 M allocations: 672.436 MiB, 2.42% gc time)
Test Summary: | Pass  Total
Multivariate  | 3286   3286
142.148600 seconds (222.33 M allocations: 10.728 GiB, 3.12% gc time)
  5.330900 seconds (10.91 M allocations: 459.371 MiB, 3.31% gc time)
  0.735235 seconds (4.50 M allocations: 138.699 MiB)
  1.853587 seconds (6.17 M allocations: 208.657 MiB, 4.84% gc time)
  3.412962 seconds (5.53 M allocations: 292.308 MiB, 2.51% gc time)
 10.042040 seconds (20.12 M allocations: 1.653 GiB, 10.62% gc time)
  4.551481 seconds (6.77 M allocations: 363.931 MiB, 4.75% gc time)
  8.089888 seconds (17.52 M allocations: 1.097 GiB, 4.18% gc time)
  5.063826 seconds (8.63 M allocations: 436.305 MiB, 1.78% gc time)
  0.987470 seconds (1.67 M allocations: 126.282 MiB, 8.49% gc time)
  0.112967 seconds (1.17 M allocations: 28.017 MiB)
┌ Warning: Maximum length 1000 reached.
└ @ ApproxFunBase ~/.julia/packages/ApproxFunBase/Ak6LI/src/Caching/ragged.jl:306
  0.227514 seconds (585.37 k allocations: 46.027 MiB)
  0.087421 seconds (271.29 k allocations: 19.979 MiB)
  0.114152 seconds (318.37 k allocations: 26.238 MiB)
  1.723552 seconds (11.08 M allocations: 321.500 MiB, 3.69% gc time)
  0.780958 seconds (4.55 M allocations: 138.740 MiB, 10.77% gc time)
  0.926898 seconds (6.43 M allocations: 178.180 MiB)
 17.915066 seconds (99.91 M allocations: 2.638 GiB, 4.36% gc time)
  1.329896 seconds (2.35 M allocations: 112.073 MiB)
Check resizing: Test Failed at /root/.julia/packages/ApproxFunOrthogonalPolynomials/Cxm84/test/PDETest.jl:226
  Expression: norm(((Laplacian() * u + 100u) - (A * u)[2]).coefficients) < 1.0e-9
   Evaluated: 1.3708085290831766e-9 < 1.0e-9
Stacktrace:
 [1] top-level scope at /root/.julia/packages/ApproxFunOrthogonalPolynomials/Cxm84/test/PDETest.jl:226
 [2] top-level scope at /buildworker/worker/package_linux64/build/usr/share/julia/stdlib/v1.3/Test/src/Test.jl:1107
 [3] top-level scope at /root/.julia/packages/ApproxFunOrthogonalPolynomials/Cxm84/test/PDETest.jl:176
 [4] top-level scope at /buildworker/worker/package_linux64/build/usr/share/julia/stdlib/v1.3/Test/src/Test.jl:1107
 [5] top-level scope at /root/.julia/packages/ApproxFunOrthogonalPolynomials/Cxm84/test/PDETest.jl:5
 11.623823 seconds (69.41 M allocations: 1.832 GiB, 4.91% gc time)
Test Summary:                   | Pass  Fail  Total
PDE                             | 4536     1   4537
  Rectangle Laplace/Poisson     | 1181         1181
  Bilaplacian                   | 1129         1129
  Schrodinger                   | 1017         1017
  Neumann                       |    1            1
  Transport                     |    1            1
  Bilaplacian                   |  399          399
  Check resizing                |   17     1     18
  Chebyshev Dirichlet Kronecker |  782          782
  Small diffusion               |    2            2
  concatenate InterlaceOperator |    7            7
ERROR: LoadError: LoadError: Some tests did not pass: 4536 passed, 1 failed, 0 errored, 0 broken.
in expression starting at /root/.julia/packages/ApproxFunOrthogonalPolynomials/Cxm84/test/PDETest.jl:4
in expression starting at /root/.julia/packages/ApproxFunOrthogonalPolynomials/Cxm84/test/runtests.jl:20
ERROR: Package ApproxFunOrthogonalPolynomials errored during testing
Stacktrace:
 [1] pkgerror(::String, ::Vararg{String,N} where N) at /buildworker/worker/package_linux64/build/usr/share/julia/stdlib/v1.3/Pkg/src/Types.jl:113
 [2] #test#131(::Bool, ::Nothing, ::Cmd, ::Cmd, ::typeof(Pkg.Operations.test), ::Pkg.Types.Context, ::Array{Pkg.Types.PackageSpec,1}) at /buildworker/worker/package_linux64/build/usr/share/julia/stdlib/v1.3/Pkg/src/Operations.jl:1370
 [3] #test at ./none:0 [inlined]
 [4] #test#62(::Bool, ::Nothing, ::Cmd, ::Cmd, ::Base.Iterators.Pairs{Union{},Union{},Tuple{},NamedTuple{(),Tuple{}}}, ::typeof(Pkg.API.test), ::Pkg.Types.Context, ::Array{Pkg.Types.PackageSpec,1}) at /buildworker/worker/package_linux64/build/usr/share/julia/stdlib/v1.3/Pkg/src/API.jl:253
 [5] test(::Pkg.Types.Context, ::Array{Pkg.Types.PackageSpec,1}) at /buildworker/worker/package_linux64/build/usr/share/julia/stdlib/v1.3/Pkg/src/API.jl:239
 [6] #test#61 at /buildworker/worker/package_linux64/build/usr/share/julia/stdlib/v1.3/Pkg/src/API.jl:233 [inlined]
 [7] test at /buildworker/worker/package_linux64/build/usr/share/julia/stdlib/v1.3/Pkg/src/API.jl:233 [inlined]
 [8] #test#60 at /buildworker/worker/package_linux64/build/usr/share/julia/stdlib/v1.3/Pkg/src/API.jl:232 [inlined]
 [9] test at /buildworker/worker/package_linux64/build/usr/share/julia/stdlib/v1.3/Pkg/src/API.jl:232 [inlined]
 [10] #test#59(::Base.Iterators.Pairs{Union{},Union{},Tuple{},NamedTuple{(),Tuple{}}}, ::typeof(Pkg.API.test), ::String) at /buildworker/worker/package_linux64/build/usr/share/julia/stdlib/v1.3/Pkg/src/API.jl:231
 [11] test(::String) at /buildworker/worker/package_linux64/build/usr/share/julia/stdlib/v1.3/Pkg/src/API.jl:231
 [12] top-level scope at none:10
