 Resolving package versions...
 Installed MPFR_jll ─────────────────────── v4.0.2+1
 Installed FastGaussQuadrature ──────────── v0.4.1
 Installed OpenSpecFun_jll ──────────────── v0.5.3+1
 Installed Conda ────────────────────────── v1.3.0
 Installed InfiniteArrays ───────────────── v0.5.0
 Installed DataStructures ───────────────── v0.17.6
 Installed FastTransforms ───────────────── v0.8.1
 Installed ApproxFunOrthogonalPolynomials ─ v0.3.0
 Installed ArrayLayouts ─────────────────── v0.1.5
 Installed NaNMath ──────────────────────── v0.3.3
 Installed SpecialFunctions ─────────────── v0.9.0
 Installed Polynomials ──────────────────── v0.6.0
 Installed Compat ───────────────────────── v2.2.0
 Installed LazyArrays ───────────────────── v0.14.10
 Installed BandedMatrices ───────────────── v0.14.2
 Installed StaticArrays ─────────────────── v0.12.1
 Installed DomainSets ───────────────────── v0.1.0
 Installed GMP_jll ──────────────────────── v6.1.2+3
 Installed Calculus ─────────────────────── v0.5.1
 Installed FFTW ─────────────────────────── v1.1.0
 Installed MacroTools ───────────────────── v0.5.2
 Installed FillArrays ───────────────────── v0.8.2
 Installed StatsBase ────────────────────── v0.32.0
 Installed Missings ─────────────────────── v0.4.3
 Installed ToeplitzMatrices ─────────────── v0.6.0
 Installed BinaryProvider ───────────────── v0.5.8
 Installed FFTW_jll ─────────────────────── v3.3.9+3
 Installed OpenBLAS_jll ─────────────────── v0.3.7+1
 Installed LowRankApprox ────────────────── v0.4.0
 Installed AbstractFFTs ─────────────────── v0.5.0
 Installed BlockArrays ──────────────────── v0.10.2
 Installed Reexport ─────────────────────── v0.2.0
 Installed MatrixFactorizations ─────────── v0.2.1
 Installed CompilerSupportLibraries_jll ─── v0.2.0+1
 Installed BlockBandedMatrices ──────────── v0.6.0
 Installed DataAPI ──────────────────────── v1.1.0
 Installed FastTransforms_jll ───────────── v0.2.12+0
 Installed IntervalSets ─────────────────── v0.3.2
 Installed DualNumbers ──────────────────── v0.6.2
 Installed OrderedCollections ───────────── v1.1.0
 Installed JSON ─────────────────────────── v0.21.0
 Installed ApproxFunBase ────────────────── v0.2.3
 Installed SortingAlgorithms ────────────── v0.3.1
 Installed Parsers ──────────────────────── v0.3.10
 Installed Nullables ────────────────────── v1.0.0
 Installed DSP ──────────────────────────── v0.6.2
 Installed VersionParsing ───────────────── v1.1.3
 Installed RecipesBase ──────────────────── v0.7.0
  Updating `~/.julia/environments/v1.3/Project.toml`
  [b70543e2] + ApproxFunOrthogonalPolynomials v0.3.0
  Updating `~/.julia/environments/v1.3/Manifest.toml`
  [621f4979] + AbstractFFTs v0.5.0
  [fbd15aa5] + ApproxFunBase v0.2.3
  [b70543e2] + ApproxFunOrthogonalPolynomials v0.3.0
  [4c555306] + ArrayLayouts v0.1.5
  [aae01518] + BandedMatrices v0.14.2
  [b99e7846] + BinaryProvider v0.5.8
  [8e7c35d0] + BlockArrays v0.10.2
  [ffab5731] + BlockBandedMatrices v0.6.0
  [49dc2e85] + Calculus v0.5.1
  [34da2185] + Compat v2.2.0
  [e66e0078] + CompilerSupportLibraries_jll v0.2.0+1
  [8f4d0f93] + Conda v1.3.0
  [717857b8] + DSP v0.6.2
  [9a962f9c] + DataAPI v1.1.0
  [864edb3b] + DataStructures v0.17.6
  [5b8099bc] + DomainSets v0.1.0
  [fa6b7ba4] + DualNumbers v0.6.2
  [7a1cc6ca] + FFTW v1.1.0
  [f5851436] + FFTW_jll v3.3.9+3
  [442a2c76] + FastGaussQuadrature v0.4.1
  [057dd010] + FastTransforms v0.8.1
  [34b6f7d7] + FastTransforms_jll v0.2.12+0
  [1a297f60] + FillArrays v0.8.2
  [781609d7] + GMP_jll v6.1.2+3
  [4858937d] + InfiniteArrays v0.5.0
  [8197267c] + IntervalSets v0.3.2
  [682c06a0] + JSON v0.21.0
  [5078a376] + LazyArrays v0.14.10
  [898213cb] + LowRankApprox v0.4.0
  [3a97d323] + MPFR_jll v4.0.2+1
  [1914dd2f] + MacroTools v0.5.2
  [a3b82374] + MatrixFactorizations v0.2.1
  [e1d29d7a] + Missings v0.4.3
  [77ba4419] + NaNMath v0.3.3
  [4d1e1d77] + Nullables v1.0.0
  [4536629a] + OpenBLAS_jll v0.3.7+1
  [efe28fd5] + OpenSpecFun_jll v0.5.3+1
  [bac558e1] + OrderedCollections v1.1.0
  [69de0a69] + Parsers v0.3.10
  [f27b6e38] + Polynomials v0.6.0
  [3cdcf5f2] + RecipesBase v0.7.0
  [189a3867] + Reexport v0.2.0
  [a2af1166] + SortingAlgorithms v0.3.1
  [276daf66] + SpecialFunctions v0.9.0
  [90137ffa] + StaticArrays v0.12.1
  [2913bbd2] + StatsBase v0.32.0
  [c751599d] + ToeplitzMatrices v0.6.0
  [81def892] + VersionParsing v1.1.3
  [2a0f44e3] + Base64 
  [ade2ca70] + Dates 
  [8bb1440f] + DelimitedFiles 
  [8ba89e20] + Distributed 
  [b77e0a4c] + InteractiveUtils 
  [76f85450] + LibGit2 
  [8f399da3] + Libdl 
  [37e2e46d] + LinearAlgebra 
  [56ddb016] + Logging 
  [d6f4376e] + Markdown 
  [a63ad114] + Mmap 
  [44cfe95a] + Pkg 
  [de0858da] + Printf 
  [3fa0cd96] + REPL 
  [9a3f8284] + Random 
  [ea8e919c] + SHA 
  [9e88b42a] + Serialization 
  [1a1011a3] + SharedArrays 
  [6462fe0b] + Sockets 
  [2f01184e] + SparseArrays 
  [10745b16] + Statistics 
  [8dfed614] + Test 
  [cf7118a7] + UUIDs 
  [4ec0a83e] + Unicode 
  Building Conda ─────────→ `~/.julia/packages/Conda/kLXeC/deps/build.log`
  Building FFTW ──────────→ `~/.julia/packages/FFTW/loJ3F/deps/build.log`
  Building FastTransforms → `~/.julia/packages/FastTransforms/OShrg/deps/build.log`
   Testing ApproxFunOrthogonalPolynomials
 Resolving package versions...
    Status `/tmp/jl_EgVodr/Manifest.toml`
  [621f4979] AbstractFFTs v0.5.0
  [fbd15aa5] ApproxFunBase v0.2.3
  [b70543e2] ApproxFunOrthogonalPolynomials v0.3.0
  [4c555306] ArrayLayouts v0.1.5
  [aae01518] BandedMatrices v0.14.2
  [b99e7846] BinaryProvider v0.5.8
  [8e7c35d0] BlockArrays v0.10.2
  [ffab5731] BlockBandedMatrices v0.6.0
  [49dc2e85] Calculus v0.5.1
  [34da2185] Compat v2.2.0
  [e66e0078] CompilerSupportLibraries_jll v0.2.0+1
  [8f4d0f93] Conda v1.3.0
  [717857b8] DSP v0.6.2
  [9a962f9c] DataAPI v1.1.0
  [864edb3b] DataStructures v0.17.6
  [5b8099bc] DomainSets v0.1.0
  [fa6b7ba4] DualNumbers v0.6.2
  [7a1cc6ca] FFTW v1.1.0
  [f5851436] FFTW_jll v3.3.9+3
  [442a2c76] FastGaussQuadrature v0.4.1
  [057dd010] FastTransforms v0.8.1
  [34b6f7d7] FastTransforms_jll v0.2.12+0
  [1a297f60] FillArrays v0.8.2
  [781609d7] GMP_jll v6.1.2+3
  [4858937d] InfiniteArrays v0.5.0
  [8197267c] IntervalSets v0.3.2
  [682c06a0] JSON v0.21.0
  [5078a376] LazyArrays v0.14.10
  [898213cb] LowRankApprox v0.4.0
  [3a97d323] MPFR_jll v4.0.2+1
  [1914dd2f] MacroTools v0.5.2
  [a3b82374] MatrixFactorizations v0.2.1
  [e1d29d7a] Missings v0.4.3
  [77ba4419] NaNMath v0.3.3
  [4d1e1d77] Nullables v1.0.0
  [4536629a] OpenBLAS_jll v0.3.7+1
  [efe28fd5] OpenSpecFun_jll v0.5.3+1
  [bac558e1] OrderedCollections v1.1.0
  [69de0a69] Parsers v0.3.10
  [f27b6e38] Polynomials v0.6.0
  [3cdcf5f2] RecipesBase v0.7.0
  [189a3867] Reexport v0.2.0
  [a2af1166] SortingAlgorithms v0.3.1
  [276daf66] SpecialFunctions v0.9.0
  [90137ffa] StaticArrays v0.12.1
  [2913bbd2] StatsBase v0.32.0
  [c751599d] ToeplitzMatrices v0.6.0
  [81def892] VersionParsing v1.1.3
  [2a0f44e3] Base64  [`@stdlib/Base64`]
  [ade2ca70] Dates  [`@stdlib/Dates`]
  [8bb1440f] DelimitedFiles  [`@stdlib/DelimitedFiles`]
  [8ba89e20] Distributed  [`@stdlib/Distributed`]
  [b77e0a4c] InteractiveUtils  [`@stdlib/InteractiveUtils`]
  [76f85450] LibGit2  [`@stdlib/LibGit2`]
  [8f399da3] Libdl  [`@stdlib/Libdl`]
  [37e2e46d] LinearAlgebra  [`@stdlib/LinearAlgebra`]
  [56ddb016] Logging  [`@stdlib/Logging`]
  [d6f4376e] Markdown  [`@stdlib/Markdown`]
  [a63ad114] Mmap  [`@stdlib/Mmap`]
  [44cfe95a] Pkg  [`@stdlib/Pkg`]
  [de0858da] Printf  [`@stdlib/Printf`]
  [3fa0cd96] REPL  [`@stdlib/REPL`]
  [9a3f8284] Random  [`@stdlib/Random`]
  [ea8e919c] SHA  [`@stdlib/SHA`]
  [9e88b42a] Serialization  [`@stdlib/Serialization`]
  [1a1011a3] SharedArrays  [`@stdlib/SharedArrays`]
  [6462fe0b] Sockets  [`@stdlib/Sockets`]
  [2f01184e] SparseArrays  [`@stdlib/SparseArrays`]
  [10745b16] Statistics  [`@stdlib/Statistics`]
  [8dfed614] Test  [`@stdlib/Test`]
  [cf7118a7] UUIDs  [`@stdlib/UUIDs`]
  [4ec0a83e] Unicode  [`@stdlib/Unicode`]
Test Summary: | Pass  Total
Domain        |    1      1
Test Summary: | Pass  Total
Clenshaw      |    1      1
  5.578911 seconds (6.50 M allocations: 318.684 MiB, 3.83% gc time)
Test Summary: | Pass  Total
Chebyshev     |  488    488
124.496856 seconds (122.33 M allocations: 5.976 GiB, 4.01% gc time)
Test Summary: | Pass  Total
Complex       |   13     13
  4.966276 seconds (3.18 M allocations: 161.619 MiB, 2.00% gc time)
Test Summary: | Pass  Total
broadcast     |   18     18
 54.425937 seconds (31.02 M allocations: 1.506 GiB, 2.52% gc time)
  6.273965 seconds (5.11 M allocations: 241.362 MiB, 3.15% gc time)
 10.357977 seconds (9.22 M allocations: 499.574 MiB, 3.44% gc time)
  6.788030 seconds (5.99 M allocations: 281.323 MiB, 3.27% gc time)
  0.085622 seconds (34.16 k allocations: 2.029 MiB)
  1.131574 seconds (1.57 M allocations: 71.963 MiB, 5.20% gc time)
 34.024326 seconds (24.75 M allocations: 1.238 GiB, 1.77% gc time)
Test Summary: |  Pass  Total
Operator      | 12366  12366
424.315945 seconds (329.25 M allocations: 15.474 GiB, 2.68% gc time)
  0.713226 seconds (576.28 k allocations: 30.013 MiB)
  2.335740 seconds (1.57 M allocations: 81.413 MiB, 1.89% gc time)
  3.254407 seconds (2.34 M allocations: 120.609 MiB, 2.27% gc time)
  2.906582 seconds (4.03 M allocations: 141.879 MiB, 2.38% gc time)
  4.035197 seconds (3.23 M allocations: 162.646 MiB, 2.55% gc time)
  6.319448 seconds (7.14 M allocations: 367.046 MiB, 2.81% gc time)
  8.028692 seconds (5.74 M allocations: 279.415 MiB, 3.30% gc time)
  3.916724 seconds (2.74 M allocations: 139.370 MiB, 1.19% gc time)
Test Summary: | Pass  Total
ODE           | 2729   2729
190.481573 seconds (166.71 M allocations: 7.968 GiB, 2.92% gc time)
Test Summary:       | Pass  Total
Eigenvalue problems |    7      7
113.400349 seconds (103.39 M allocations: 5.136 GiB, 3.04% gc time)
  2.433769 seconds (1.61 M allocations: 82.139 MiB, 2.62% gc time)
  0.050049 seconds (28.90 k allocations: 1.309 MiB)
  7.125713 seconds (5.38 M allocations: 277.001 MiB, 3.41% gc time)
  0.981481 seconds (770.74 k allocations: 38.450 MiB, 6.95% gc time)
Test Summary: | Pass  Broken  Total
Vector        |  446       1    447
 93.939000 seconds (79.63 M allocations: 4.004 GiB, 3.05% gc time)
  0.000307 seconds (149 allocations: 6.969 KiB)
  7.553465 seconds (7.58 M allocations: 361.693 MiB, 4.46% gc time)
  0.226948 seconds (18 allocations: 32.844 KiB)
 12.139321 seconds (11.32 M allocations: 790.759 MiB, 4.45% gc time)
 22.607607 seconds (10.71 M allocations: 571.082 MiB, 1.91% gc time)
  9.882040 seconds (9.60 M allocations: 453.597 MiB, 2.53% gc time)
  3.748411 seconds (2.56 M allocations: 131.393 MiB, 3.36% gc time)
  8.049662 seconds (7.63 M allocations: 359.708 MiB, 2.89% gc time)
  4.907186 seconds (4.06 M allocations: 201.523 MiB, 1.56% gc time)
 16.762967 seconds (13.83 M allocations: 686.618 MiB, 2.86% gc time)
  8.162303 seconds (7.65 M allocations: 361.507 MiB, 3.15% gc time)
Test Summary: | Pass  Total
Jacobi        | 4811   4811
262.309109 seconds (166.20 M allocations: 8.494 GiB, 2.85% gc time)
Test Summary:                 | Pass  Total
Laguerre and WeightedLaguerre |   21     21
243.397419 seconds (85.47 M allocations: 3.661 GiB, 1.21% gc time)
Test Summary:           | Pass  Total
Hermite and GaussWeight |  415    415
 50.943856 seconds (50.78 M allocations: 2.338 GiB, 6.22% gc time)
  0.090550 seconds (46.72 k allocations: 2.429 MiB)
  3.316051 seconds (3.78 M allocations: 193.855 MiB, 2.62% gc time)
  4.335899 seconds (2.21 M allocations: 115.700 MiB, 2.26% gc time)
  0.001568 seconds (3.86 k allocations: 250.547 KiB)
  1.968359 seconds (1.38 M allocations: 72.571 MiB)
Test Summary: | Pass  Broken  Total
Spaces        | 1745       1   1746
331.171776 seconds (189.70 M allocations: 9.968 GiB, 2.35% gc time)
  3.877684 seconds (2.26 M allocations: 115.981 MiB, 3.48% gc time)
  1.732383 seconds (1.40 M allocations: 74.438 MiB)
  0.049249 seconds (69.03 k allocations: 3.189 MiB)
  2.531370 seconds (1.88 M allocations: 99.377 MiB)
  0.285702 seconds (211.99 k allocations: 11.025 MiB)
  1.105385 seconds (2.21 M allocations: 201.089 MiB, 10.03% gc time)
  1.180912 seconds (2.34 M allocations: 206.185 MiB, 12.03% gc time)
119.114765 seconds (76.64 M allocations: 3.417 GiB, 2.48% gc time)
 20.629054 seconds (12.75 M allocations: 670.552 MiB, 4.01% gc time)
Test Summary: | Pass  Total
Multivariate  | 3286   3286
332.942653 seconds (222.37 M allocations: 10.731 GiB, 3.21% gc time)
 13.811086 seconds (10.92 M allocations: 457.959 MiB, 3.92% gc time)
  3.808262 seconds (4.50 M allocations: 138.699 MiB, 7.82% gc time)
  4.118553 seconds (6.17 M allocations: 209.170 MiB)
  8.371798 seconds (5.53 M allocations: 292.094 MiB, 2.74% gc time)
 22.203968 seconds (20.12 M allocations: 1.653 GiB, 9.94% gc time)
  9.913851 seconds (6.77 M allocations: 364.504 MiB, 1.60% gc time)
 19.335684 seconds (17.53 M allocations: 1.102 GiB, 2.81% gc time)
 12.286894 seconds (8.64 M allocations: 436.464 MiB)
  2.504095 seconds (1.67 M allocations: 126.298 MiB)
  0.285521 seconds (1.17 M allocations: 28.017 MiB)
┌ Warning: Maximum length 1000 reached.
└ @ ApproxFunBase ~/.julia/packages/ApproxFunBase/Ak6LI/src/Caching/ragged.jl:306
  0.580568 seconds (585.37 k allocations: 46.027 MiB)
  0.280134 seconds (271.29 k allocations: 19.979 MiB)
  0.373144 seconds (318.37 k allocations: 26.238 MiB)
  3.697075 seconds (11.08 M allocations: 321.500 MiB, 3.06% gc time)
  1.776190 seconds (4.55 M allocations: 138.740 MiB)
  3.283311 seconds (6.43 M allocations: 178.180 MiB, 6.40% gc time)
 43.456940 seconds (99.91 M allocations: 2.638 GiB, 5.36% gc time)
  3.181044 seconds (2.35 M allocations: 112.079 MiB)
Check resizing: Test Failed at /root/.julia/packages/ApproxFunOrthogonalPolynomials/Cxm84/test/PDETest.jl:226
  Expression: norm(((Laplacian() * u + 100u) - (A * u)[2]).coefficients) < 1.0e-9
   Evaluated: 1.3708085290831766e-9 < 1.0e-9
Stacktrace:
 [1] top-level scope at /root/.julia/packages/ApproxFunOrthogonalPolynomials/Cxm84/test/PDETest.jl:226
 [2] top-level scope at /workspace/srcdir/julia/usr/share/julia/stdlib/v1.3/Test/src/Test.jl:1107
 [3] top-level scope at /root/.julia/packages/ApproxFunOrthogonalPolynomials/Cxm84/test/PDETest.jl:176
 [4] top-level scope at /workspace/srcdir/julia/usr/share/julia/stdlib/v1.3/Test/src/Test.jl:1107
 [5] top-level scope at /root/.julia/packages/ApproxFunOrthogonalPolynomials/Cxm84/test/PDETest.jl:5
 44.847587 seconds (69.41 M allocations: 1.814 GiB, 6.63% gc time)
