 Resolving package versions...
 Installed NetworkLayout ───── v0.2.0
 Installed ColorTypes ──────── v0.8.0
 Installed FixedPointNumbers ─ v0.6.1
 Installed IterTools ───────── v1.3.0
 Installed StaticArrays ────── v0.12.1
 Installed GeometryTypes ───── v0.7.6
  Updating `~/.julia/environments/v1.3/Project.toml`
  [46757867] + NetworkLayout v0.2.0
  Updating `~/.julia/environments/v1.3/Manifest.toml`
  [3da002f7] + ColorTypes v0.8.0
  [53c48c17] + FixedPointNumbers v0.6.1
  [4d00f742] + GeometryTypes v0.7.6
  [c8e1da08] + IterTools v1.3.0
  [46757867] + NetworkLayout v0.2.0
  [90137ffa] + StaticArrays v0.12.1
  [2a0f44e3] + Base64 
  [8bb1440f] + DelimitedFiles 
  [8ba89e20] + Distributed 
  [b77e0a4c] + InteractiveUtils 
  [8f399da3] + Libdl 
  [37e2e46d] + LinearAlgebra 
  [56ddb016] + Logging 
  [d6f4376e] + Markdown 
  [a63ad114] + Mmap 
  [9a3f8284] + Random 
  [9e88b42a] + Serialization 
  [6462fe0b] + Sockets 
  [2f01184e] + SparseArrays 
  [10745b16] + Statistics 
  [8dfed614] + Test 
   Testing NetworkLayout
 Resolving package versions...
 Installed Inflate ──────────── v0.1.1
 Installed Compat ───────────── v3.0.0
 Installed MacroTools ───────── v0.5.1
 Installed LightGraphs ──────── v1.3.0
 Installed Tokenize ─────────── v0.5.7
 Installed OrderedCollections ─ v1.1.0
 Installed ArnoldiMethod ────── v0.0.4
 Installed DataStructures ───── v0.17.6
 Installed SimpleTraits ─────── v0.9.1
 Installed CSTParser ────────── v1.1.0
    Status `/tmp/jl_BgNYgN/Manifest.toml`
  [ec485272] ArnoldiMethod v0.0.4
  [00ebfdb7] CSTParser v1.1.0
  [3da002f7] ColorTypes v0.8.0
  [34da2185] Compat v3.0.0
  [864edb3b] DataStructures v0.17.6
  [53c48c17] FixedPointNumbers v0.6.1
  [4d00f742] GeometryTypes v0.7.6
  [d25df0c9] Inflate v0.1.1
  [c8e1da08] IterTools v1.3.0
  [093fc24a] LightGraphs v1.3.0
  [1914dd2f] MacroTools v0.5.1
  [46757867] NetworkLayout v0.2.0
  [bac558e1] OrderedCollections v1.1.0
  [699a6c99] SimpleTraits v0.9.1
  [90137ffa] StaticArrays v0.12.1
  [0796e94c] Tokenize v0.5.7
  [2a0f44e3] Base64  [`@stdlib/Base64`]
  [ade2ca70] Dates  [`@stdlib/Dates`]
  [8bb1440f] DelimitedFiles  [`@stdlib/DelimitedFiles`]
  [8ba89e20] Distributed  [`@stdlib/Distributed`]
  [b77e0a4c] InteractiveUtils  [`@stdlib/InteractiveUtils`]
  [76f85450] LibGit2  [`@stdlib/LibGit2`]
  [8f399da3] Libdl  [`@stdlib/Libdl`]
  [37e2e46d] LinearAlgebra  [`@stdlib/LinearAlgebra`]
  [56ddb016] Logging  [`@stdlib/Logging`]
  [d6f4376e] Markdown  [`@stdlib/Markdown`]
  [a63ad114] Mmap  [`@stdlib/Mmap`]
  [44cfe95a] Pkg  [`@stdlib/Pkg`]
  [de0858da] Printf  [`@stdlib/Printf`]
  [3fa0cd96] REPL  [`@stdlib/REPL`]
  [9a3f8284] Random  [`@stdlib/Random`]
  [ea8e919c] SHA  [`@stdlib/SHA`]
  [9e88b42a] Serialization  [`@stdlib/Serialization`]
  [1a1011a3] SharedArrays  [`@stdlib/SharedArrays`]
  [6462fe0b] Sockets  [`@stdlib/Sockets`]
  [2f01184e] SparseArrays  [`@stdlib/SparseArrays`]
  [10745b16] Statistics  [`@stdlib/Statistics`]
  [8dfed614] Test  [`@stdlib/Test`]
  [cf7118a7] UUIDs  [`@stdlib/UUIDs`]
  [4ec0a83e] Unicode  [`@stdlib/Unicode`]
WARNING: Compat.Markdown is deprecated, use Markdown instead.
  likely near /root/.julia/packages/MacroTools/ys44U/src/MacroTools.jl:4
WARNING: Compat.Random is deprecated, use Random instead.
  likely near /root/.julia/packages/MacroTools/ys44U/src/MacroTools.jl:35
SFDP
SFDP Jagmesh1
┌ Warning: `a::StaticArray - b::Number` is deprecated, use `a .- b` instead.
│   caller = _broadcast_getindex_evalf at broadcast.jl:630 [inlined]
└ @ Core ./broadcast.jl:630
  5.072845 seconds (4.35 M allocations: 225.193 MiB, 6.58% gc time)
┌ Warning: `a::StaticArray - b::Number` is deprecated, use `a .- b` instead.
│   caller = _broadcast_getindex_evalf at broadcast.jl:630 [inlined]
└ @ Core ./broadcast.jl:630
  1.344561 seconds (1.21 M allocations: 67.726 MiB, 3.26% gc time)
SFDP Wheelgraph
┌ Warning: `WheelGraph` is deprecated, use `wheel_graph` instead.
│   caller = top-level scope at runtests.jl:39
└ @ Core ~/.julia/packages/NetworkLayout/hUKo2/test/runtests.jl:39
 ┌ Warning: `a::StaticArray - b::Number` is deprecated, use `a .- b` instead.
│   caller = _broadcast_getindex_evalf at broadcast.jl:630 [inlined]
└ @ Core ./broadcast.jl:630
 0.258685 seconds (330.77 k allocations: 16.924 MiB, 5.37% gc time)
┌ Warning: `a::StaticArray - b::Number` is deprecated, use `a .- b` instead.
│   caller = _broadcast_getindex_evalf at broadcast.jl:630 [inlined]
└ @ Core ./broadcast.jl:630
  0.219815 seconds (323.80 k allocations: 16.436 MiB)
Stress
Stress Jagmesh1
 18.059963 seconds (5.70 M allocations: 314.247 MiB, 1.00% gc time)
 14.428746 seconds (1.11 M allocations: 87.648 MiB, 0.42% gc time)
Stress WheelGraph
┌ Warning: `WheelGraph` is deprecated, use `wheel_graph` instead.
│   caller = top-level scope at runtests.jl:62
└ @ Core ~/.julia/packages/NetworkLayout/hUKo2/test/runtests.jl:62
┌ Warning: Maximum number of iterations reached without convergence
└ @ NetworkLayout.Stress ~/.julia/packages/NetworkLayout/hUKo2/src/stress.jl:109
  0.031217 seconds (16.07 k allocations: 775.841 KiB)
  0.00┌ Warning: Maximum number of iterations reached without convergence
└ @ NetworkLayout.Stress ~/.julia/packages/NetworkLayout/hUKo2/src/stress.jl:109
0744 seconds (616 allocations: 66.813 KiB)
Spring WheelGraph
┌ Warning: `WheelGraph` is deprecated, use `wheel_graph` instead.
│   caller = top-level scope at runtests.jl:75
└ @ Core ~/.julia/packages/NetworkLayout/hUKo2/test/runtests.jl:75
┌ Warning: `a::StaticArray - b::Number` is deprecated, use `a .- b` instead.
│   caller = _broadcast_getindex_evalf at broadcast.jl:630 [inlined]
└ @ Core ./broadcast.jl:630
  0.506579 seconds (432.61 k allocations: 22.684 MiB, 9.31% gc time)
┌ Warning: `a::StaticArray - b::Number` is deprecated, use `a .- b` instead.
│   caller = _broadcast_getindex_evalf at broadcast.jl:630 [inlined]
└ @ Core ./broadcast.jl:630
  0.499440 seconds (420.49 k allocations: 21.816 MiB)
Spectral WheelGraph
┌ Warning: `WheelGraph` is deprecated, use `wheel_graph` instead.
│   caller = top-level scope at runtests.jl:88
└ @ Core ~/.julia/packages/NetworkLayout/hUKo2/test/runtests.jl:88
  6.178239 seconds (5.57 M allocations: 275.993 MiB, 6.81% gc time)
Circular WheelGraph
┌ Warning: `WheelGraph` is deprecated, use `wheel_graph` instead.
│   caller = top-level scope at runtests.jl:98
└ @ Core ~/.julia/packages/NetworkLayout/hUKo2/test/runtests.jl:98
  0.870269 seconds (1.11 M allocations: 54.004 MiB, 2.42% gc time)
  0.000011 seconds (5 allocations: 256 bytes)
Shell WheelGraph
┌ Warning: `WheelGraph` is deprecated, use `wheel_graph` instead.
│   caller = top-level scope at runtests.jl:116
└ @ Core ~/.julia/packages/NetworkLayout/hUKo2/test/runtests.jl:116
  0.119188 seconds (154.54 k allocations: 8.026 MiB)
  0.000008 seconds (5 allocations: 256 bytes)
Buchheim
Buchheim Random
  1.008389 seconds (792.00 k allocations: 38.391 MiB, 1.68% gc time)
Buchheim BinaryTree
┌ Warning: `BinaryTree` is deprecated, use `binary_tree` instead.
│   caller = top-level scope at runtests.jl:150
└ @ Core ~/.julia/packages/NetworkLayout/hUKo2/test/runtests.jl:150
  2.226836 seconds (3.92 M allocations: 159.995 MiB, 2.27% gc time)
  2.165911 seconds (1.43 M allocations: 73.025 MiB, 0.68% gc time)
Test Summary:         | Pass  Total
Testing NetworkLayout |   18     18
   Testing NetworkLayout tests passed 
