 Resolving package versions...
 Installed Missings ─────────────────────── v0.4.3
 Installed DataAPI ──────────────────────── v1.1.0
 Installed HypergeometricFunctions ──────── v0.1.1
 Installed LowRankApprox ────────────────── v0.2.3
 Installed AbstractFFTs ─────────────────── v0.4.1
 Installed BlockBandedMatrices ──────────── v0.5.0
 Installed DomainSets ───────────────────── v0.1.0
 Installed SingularIntegralEquations ────── v0.5.0
 Installed BinaryProvider ───────────────── v0.5.8
 Installed StatsBase ────────────────────── v0.32.0
 Installed BlockArrays ──────────────────── v0.10.2
 Installed HierarchicalMatrices ─────────── v0.2.0
 Installed Conda ────────────────────────── v1.3.0
 Installed ApproxFunSingularities ───────── v0.1.6
 Installed URIParser ────────────────────── v0.4.0
 Installed Polynomials ──────────────────── v0.6.0
 Installed ApproxFun ────────────────────── v0.11.8
 Installed ApproxFunOrthogonalPolynomials ─ v0.2.3
 Installed OrderedCollections ───────────── v1.1.0
 Installed Reexport ─────────────────────── v0.2.0
 Installed Calculus ─────────────────────── v0.5.1
 Installed DataStructures ───────────────── v0.17.6
 Installed RecipesBase ──────────────────── v0.7.0
 Installed Compat ───────────────────────── v2.2.0
 Installed DualNumbers ──────────────────── v0.6.2
 Installed FillArrays ───────────────────── v0.7.4
 Installed BandedMatrices ───────────────── v0.11.1
 Installed JSON ─────────────────────────── v0.21.0
 Installed FastGaussQuadrature ──────────── v0.4.1
 Installed ToeplitzMatrices ─────────────── v0.6.0
 Installed DSP ──────────────────────────── v0.6.0
 Installed NaNMath ──────────────────────── v0.3.3
 Installed Parsers ──────────────────────── v0.3.10
 Installed IntervalSets ─────────────────── v0.3.2
 Installed SortingAlgorithms ────────────── v0.3.1
 Installed FFTW ─────────────────────────── v0.3.0
 Installed StaticArrays ─────────────────── v0.11.1
 Installed VersionParsing ───────────────── v1.1.3
 Installed LazyArrays ───────────────────── v0.11.0
 Installed MacroTools ───────────────────── v0.5.2
 Installed ApproxFunBase ────────────────── v0.1.6
 Installed FastTransforms ───────────────── v0.6.1
 Installed SpecialFunctions ─────────────── v0.8.0
 Installed InfiniteArrays ───────────────── v0.2.0
 Installed BinDeps ──────────────────────── v0.8.10
 Installed Nullables ────────────────────── v1.0.0
 Installed ApproxFunFourier ─────────────── v0.1.7
 Installed MatrixFactorizations ─────────── v0.1.0
 Installed ProgressMeter ────────────────── v1.2.0
  Updating `~/.julia/environments/v1.2/Project.toml`
  [e094c991] + SingularIntegralEquations v0.5.0
  Updating `~/.julia/environments/v1.2/Manifest.toml`
  [621f4979] + AbstractFFTs v0.4.1
  [28f2ccd6] + ApproxFun v0.11.8
  [fbd15aa5] + ApproxFunBase v0.1.6
  [59844689] + ApproxFunFourier v0.1.7
  [b70543e2] + ApproxFunOrthogonalPolynomials v0.2.3
  [f8fcb915] + ApproxFunSingularities v0.1.6
  [aae01518] + BandedMatrices v0.11.1
  [9e28174c] + BinDeps v0.8.10
  [b99e7846] + BinaryProvider v0.5.8
  [8e7c35d0] + BlockArrays v0.10.2
  [ffab5731] + BlockBandedMatrices v0.5.0
  [49dc2e85] + Calculus v0.5.1
  [34da2185] + Compat v2.2.0
  [8f4d0f93] + Conda v1.3.0
  [717857b8] + DSP v0.6.0
  [9a962f9c] + DataAPI v1.1.0
  [864edb3b] + DataStructures v0.17.6
  [5b8099bc] + DomainSets v0.1.0
  [fa6b7ba4] + DualNumbers v0.6.2
  [7a1cc6ca] + FFTW v0.3.0
  [442a2c76] + FastGaussQuadrature v0.4.1
  [057dd010] + FastTransforms v0.6.1
  [1a297f60] + FillArrays v0.7.4
  [7c893195] + HierarchicalMatrices v0.2.0
  [34004b35] + HypergeometricFunctions v0.1.1
  [4858937d] + InfiniteArrays v0.2.0
  [8197267c] + IntervalSets v0.3.2
  [682c06a0] + JSON v0.21.0
  [5078a376] + LazyArrays v0.11.0
  [898213cb] + LowRankApprox v0.2.3
  [1914dd2f] + MacroTools v0.5.2
  [a3b82374] + MatrixFactorizations v0.1.0
  [e1d29d7a] + Missings v0.4.3
  [77ba4419] + NaNMath v0.3.3
  [4d1e1d77] + Nullables v1.0.0
  [bac558e1] + OrderedCollections v1.1.0
  [69de0a69] + Parsers v0.3.10
  [f27b6e38] + Polynomials v0.6.0
  [92933f4c] + ProgressMeter v1.2.0
  [3cdcf5f2] + RecipesBase v0.7.0
  [189a3867] + Reexport v0.2.0
  [e094c991] + SingularIntegralEquations v0.5.0
  [a2af1166] + SortingAlgorithms v0.3.1
  [276daf66] + SpecialFunctions v0.8.0
  [90137ffa] + StaticArrays v0.11.1
  [2913bbd2] + StatsBase v0.32.0
  [c751599d] + ToeplitzMatrices v0.6.0
  [30578b45] + URIParser v0.4.0
  [81def892] + VersionParsing v1.1.3
  [2a0f44e3] + Base64 
  [ade2ca70] + Dates 
  [8bb1440f] + DelimitedFiles 
  [8ba89e20] + Distributed 
  [b77e0a4c] + InteractiveUtils 
  [76f85450] + LibGit2 
  [8f399da3] + Libdl 
  [37e2e46d] + LinearAlgebra 
  [56ddb016] + Logging 
  [d6f4376e] + Markdown 
  [a63ad114] + Mmap 
  [44cfe95a] + Pkg 
  [de0858da] + Printf 
  [9abbd945] + Profile 
  [3fa0cd96] + REPL 
  [9a3f8284] + Random 
  [ea8e919c] + SHA 
  [9e88b42a] + Serialization 
  [1a1011a3] + SharedArrays 
  [6462fe0b] + Sockets 
  [2f01184e] + SparseArrays 
  [10745b16] + Statistics 
  [8dfed614] + Test 
  [cf7118a7] + UUIDs 
  [4ec0a83e] + Unicode 
  Building Conda ───────────→ `~/.julia/packages/Conda/kLXeC/deps/build.log`
  Building FFTW ────────────→ `~/.julia/packages/FFTW/2okGQ/deps/build.log`
  Building SpecialFunctions → `~/.julia/packages/SpecialFunctions/ne2iw/deps/build.log`
   Testing SingularIntegralEquations
    Status `/tmp/jl_FdCb6X/Manifest.toml`
  [621f4979] AbstractFFTs v0.4.1
  [28f2ccd6] ApproxFun v0.11.8
  [fbd15aa5] ApproxFunBase v0.1.6
  [59844689] ApproxFunFourier v0.1.7
  [b70543e2] ApproxFunOrthogonalPolynomials v0.2.3
  [f8fcb915] ApproxFunSingularities v0.1.6
  [aae01518] BandedMatrices v0.11.1
  [9e28174c] BinDeps v0.8.10
  [b99e7846] BinaryProvider v0.5.8
  [8e7c35d0] BlockArrays v0.10.2
  [ffab5731] BlockBandedMatrices v0.5.0
  [49dc2e85] Calculus v0.5.1
  [34da2185] Compat v2.2.0
  [8f4d0f93] Conda v1.3.0
  [717857b8] DSP v0.6.0
  [9a962f9c] DataAPI v1.1.0
  [864edb3b] DataStructures v0.17.6
  [5b8099bc] DomainSets v0.1.0
  [fa6b7ba4] DualNumbers v0.6.2
  [7a1cc6ca] FFTW v0.3.0
  [442a2c76] FastGaussQuadrature v0.4.1
  [057dd010] FastTransforms v0.6.1
  [1a297f60] FillArrays v0.7.4
  [7c893195] HierarchicalMatrices v0.2.0
  [34004b35] HypergeometricFunctions v0.1.1
  [4858937d] InfiniteArrays v0.2.0
  [8197267c] IntervalSets v0.3.2
  [682c06a0] JSON v0.21.0
  [5078a376] LazyArrays v0.11.0
  [898213cb] LowRankApprox v0.2.3
  [1914dd2f] MacroTools v0.5.2
  [a3b82374] MatrixFactorizations v0.1.0
  [e1d29d7a] Missings v0.4.3
  [77ba4419] NaNMath v0.3.3
  [4d1e1d77] Nullables v1.0.0
  [bac558e1] OrderedCollections v1.1.0
  [69de0a69] Parsers v0.3.10
  [f27b6e38] Polynomials v0.6.0
  [92933f4c] ProgressMeter v1.2.0
  [3cdcf5f2] RecipesBase v0.7.0
  [189a3867] Reexport v0.2.0
  [e094c991] SingularIntegralEquations v0.5.0
  [a2af1166] SortingAlgorithms v0.3.1
  [276daf66] SpecialFunctions v0.8.0
  [90137ffa] StaticArrays v0.11.1
  [2913bbd2] StatsBase v0.32.0
  [c751599d] ToeplitzMatrices v0.6.0
  [30578b45] URIParser v0.4.0
  [81def892] VersionParsing v1.1.3
  [2a0f44e3] Base64  [`@stdlib/Base64`]
  [ade2ca70] Dates  [`@stdlib/Dates`]
  [8bb1440f] DelimitedFiles  [`@stdlib/DelimitedFiles`]
  [8ba89e20] Distributed  [`@stdlib/Distributed`]
  [b77e0a4c] InteractiveUtils  [`@stdlib/InteractiveUtils`]
  [76f85450] LibGit2  [`@stdlib/LibGit2`]
  [8f399da3] Libdl  [`@stdlib/Libdl`]
  [37e2e46d] LinearAlgebra  [`@stdlib/LinearAlgebra`]
  [56ddb016] Logging  [`@stdlib/Logging`]
  [d6f4376e] Markdown  [`@stdlib/Markdown`]
  [a63ad114] Mmap  [`@stdlib/Mmap`]
  [44cfe95a] Pkg  [`@stdlib/Pkg`]
  [de0858da] Printf  [`@stdlib/Printf`]
  [9abbd945] Profile  [`@stdlib/Profile`]
  [3fa0cd96] REPL  [`@stdlib/REPL`]
  [9a3f8284] Random  [`@stdlib/Random`]
  [ea8e919c] SHA  [`@stdlib/SHA`]
  [9e88b42a] Serialization  [`@stdlib/Serialization`]
  [1a1011a3] SharedArrays  [`@stdlib/SharedArrays`]
  [6462fe0b] Sockets  [`@stdlib/Sockets`]
  [2f01184e] SparseArrays  [`@stdlib/SparseArrays`]
  [10745b16] Statistics  [`@stdlib/Statistics`]
  [8dfed614] Test  [`@stdlib/Test`]
  [cf7118a7] UUIDs  [`@stdlib/UUIDs`]
  [4ec0a83e] Unicode  [`@stdlib/Unicode`]
WARNING: Method definition chebyshevtransform!(AbstractArray{T<:Union{Base.Complex{Float32}, Base.Complex{Float64}, Float32, Float64}, 2}) where {T<:Union{Base.Complex{Float32}, Base.Complex{Float64}, Float32, Float64}} in module FastTransforms at /root/.julia/packages/FastTransforms/Ygrvi/src/chebyshevtransform.jl:125 overwritten in module ApproxFunBase at /root/.julia/packages/ApproxFunBase/6fdlW/src/LinearAlgebra/helper.jl:660.
  ** incremental compilation may be fatally broken for this module **

WARNING: Method definition #chebyshevtransform!(Any, typeof(FastTransforms.chebyshevtransform!), AbstractArray{T<:Union{Base.Complex{Float32}, Base.Complex{Float64}, Float32, Float64}, 2}) where {T<:Union{Base.Complex{Float32}, Base.Complex{Float64}, Float32, Float64}} in module FastTransforms overwritten in module ApproxFunBase.
  ** incremental compilation may be fatally broken for this module **

WARNING: Method definition ichebyshevtransform!(AbstractArray{T<:Union{Base.Complex{Float32}, Base.Complex{Float64}, Float32, Float64}, 2}) where {T<:Union{Base.Complex{Float32}, Base.Complex{Float64}, Float32, Float64}} in module FastTransforms at /root/.julia/packages/FastTransforms/Ygrvi/src/chebyshevtransform.jl:147 overwritten in module ApproxFunBase at /root/.julia/packages/ApproxFunBase/6fdlW/src/LinearAlgebra/helper.jl:682.
  ** incremental compilation may be fatally broken for this module **

WARNING: Method definition #ichebyshevtransform!(Any, typeof(FastTransforms.ichebyshevtransform!), AbstractArray{T<:Union{Base.Complex{Float32}, Base.Complex{Float64}, Float32, Float64}, 2}) where {T<:Union{Base.Complex{Float32}, Base.Complex{Float64}, Float32, Float64}} in module FastTransforms overwritten in module ApproxFunBase.
  ** incremental compilation may be fatally broken for this module **

WARNING: Method definition #ichebyshevtransform!(Any, typeof(FastTransforms.ichebyshevtransform!), AbstractArray{T<:Union{Base.Complex{Float32}, Base.Complex{Float64}, Float32, Float64}, 2}) where {T<:Union{Base.Complex{Float32}, Base.Complex{Float64}, Float32, Float64}} in module FastTransforms overwritten in module ApproxFunBase.
  ** incremental compilation may be fatally broken for this module **

WARNING: Method definition chebyshevtransform!(AbstractArray{T<:Union{Base.Complex{Float32}, Base.Complex{Float64}, Float32, Float64}, 2}) where {T<:Union{Base.Complex{Float32}, Base.Complex{Float64}, Float32, Float64}} in module FastTransforms at /root/.julia/packages/FastTransforms/Ygrvi/src/chebyshevtransform.jl:125 overwritten in module ApproxFunBase at /root/.julia/packages/ApproxFunBase/6fdlW/src/LinearAlgebra/helper.jl:660.
  ** incremental compilation may be fatally broken for this module **

WARNING: Method definition #chebyshevtransform!(Any, typeof(FastTransforms.chebyshevtransform!), AbstractArray{T<:Union{Base.Complex{Float32}, Base.Complex{Float64}, Float32, Float64}, 2}) where {T<:Union{Base.Complex{Float32}, Base.Complex{Float64}, Float32, Float64}} in module FastTransforms overwritten in module ApproxFunBase.
  ** incremental compilation may be fatally broken for this module **

WARNING: Method definition ichebyshevtransform!(AbstractArray{T<:Union{Base.Complex{Float32}, Base.Complex{Float64}, Float32, Float64}, 2}) where {T<:Union{Base.Complex{Float32}, Base.Complex{Float64}, Float32, Float64}} in module FastTransforms at /root/.julia/packages/FastTransforms/Ygrvi/src/chebyshevtransform.jl:147 overwritten in module ApproxFunBase at /root/.julia/packages/ApproxFunBase/6fdlW/src/LinearAlgebra/helper.jl:682.
  ** incremental compilation may be fatally broken for this module **

WARNING: Method definition #ichebyshevtransform!(Any, typeof(FastTransforms.ichebyshevtransform!), AbstractArray{T<:Union{Base.Complex{Float32}, Base.Complex{Float64}, Float32, Float64}, 2}) where {T<:Union{Base.Complex{Float32}, Base.Complex{Float64}, Float32, Float64}} in module FastTransforms overwritten in module ApproxFunBase.
  ** incremental compilation may be fatally broken for this module **

WARNING: Method definition chebyshevtransform!(AbstractArray{T<:Union{Base.Complex{Float32}, Base.Complex{Float64}, Float32, Float64}, 2}) where {T<:Union{Base.Complex{Float32}, Base.Complex{Float64}, Float32, Float64}} in module FastTransforms at /root/.julia/packages/FastTransforms/Ygrvi/src/chebyshevtransform.jl:125 overwritten in module ApproxFunBase at /root/.julia/packages/ApproxFunBase/6fdlW/src/LinearAlgebra/helper.jl:660.
  ** incremental compilation may be fatally broken for this module **

WARNING: Method definition #chebyshevtransform!(Any, typeof(FastTransforms.chebyshevtransform!), AbstractArray{T<:Union{Base.Complex{Float32}, Base.Complex{Float64}, Float32, Float64}, 2}) where {T<:Union{Base.Complex{Float32}, Base.Complex{Float64}, Float32, Float64}} in module FastTransforms overwritten in module ApproxFunBase.
  ** incremental compilation may be fatally broken for this module **

WARNING: Method definition ichebyshevtransform!(AbstractArray{T<:Union{Base.Complex{Float32}, Base.Complex{Float64}, Float32, Float64}, 2}) where {T<:Union{Base.Complex{Float32}, Base.Complex{Float64}, Float32, Float64}} in module FastTransforms at /root/.julia/packages/FastTransforms/Ygrvi/src/chebyshevtransform.jl:147 overwritten in module ApproxFunBase at /root/.julia/packages/ApproxFunBase/6fdlW/src/LinearAlgebra/helper.jl:682.
  ** incremental compilation may be fatally broken for this module **

WARNING: Method definition #ichebyshevtransform!(Any, typeof(FastTransforms.ichebyshevtransform!), AbstractArray{T<:Union{Base.Complex{Float32}, Base.Complex{Float64}, Float32, Float64}, 2}) where {T<:Union{Base.Complex{Float32}, Base.Complex{Float64}, Float32, Float64}} in module FastTransforms overwritten in module ApproxFunBase.
  ** incremental compilation may be fatally broken for this module **

WARNING: Method definition chebyshevtransform!(AbstractArray{T<:Union{Base.Complex{Float32}, Base.Complex{Float64}, Float32, Float64}, 2}) where {T<:Union{Base.Complex{Float32}, Base.Complex{Float64}, Float32, Float64}} in module FastTransforms at /root/.julia/packages/FastTransforms/Ygrvi/src/chebyshevtransform.jl:125 overwritten in module ApproxFunBase at /root/.julia/packages/ApproxFunBase/6fdlW/src/LinearAlgebra/helper.jl:660.
  ** incremental compilation may be fatally broken for this module **

WARNING: Method definition #chebyshevtransform!(Any, typeof(FastTransforms.chebyshevtransform!), AbstractArray{T<:Union{Base.Complex{Float32}, Base.Complex{Float64}, Float32, Float64}, 2}) where {T<:Union{Base.Complex{Float32}, Base.Complex{Float64}, Float32, Float64}} in module FastTransforms overwritten in module ApproxFunBase.
  ** incremental compilation may be fatally broken for this module **

WARNING: Method definition ichebyshevtransform!(AbstractArray{T<:Union{Base.Complex{Float32}, Base.Complex{Float64}, Float32, Float64}, 2}) where {T<:Union{Base.Complex{Float32}, Base.Complex{Float64}, Float32, Float64}} in module FastTransforms at /root/.julia/packages/FastTransforms/Ygrvi/src/chebyshevtransform.jl:147 overwritten in module ApproxFunBase at /root/.julia/packages/ApproxFunBase/6fdlW/src/LinearAlgebra/helper.jl:682.
  ** incremental compilation may be fatally broken for this module **

WARNING: Method definition #ichebyshevtransform!(Any, typeof(FastTransforms.ichebyshevtransform!), AbstractArray{T<:Union{Base.Complex{Float32}, Base.Complex{Float64}, Float32, Float64}, 2}) where {T<:Union{Base.Complex{Float32}, Base.Complex{Float64}, Float32, Float64}} in module FastTransforms overwritten in module ApproxFunBase.
  ** incremental compilation may be fatally broken for this module **

WARNING: Method definition chebyshevtransform!(AbstractArray{T<:Union{Base.Complex{Float32}, Base.Complex{Float64}, Float32, Float64}, 2}) where {T<:Union{Base.Complex{Float32}, Base.Complex{Float64}, Float32, Float64}} in module FastTransforms at /root/.julia/packages/FastTransforms/Ygrvi/src/chebyshevtransform.jl:125 overwritten in module ApproxFunBase at /root/.julia/packages/ApproxFunBase/6fdlW/src/LinearAlgebra/helper.jl:660.
  ** incremental compilation may be fatally broken for this module **

WARNING: Method definition #chebyshevtransform!(Any, typeof(FastTransforms.chebyshevtransform!), AbstractArray{T<:Union{Base.Complex{Float32}, Base.Complex{Float64}, Float32, Float64}, 2}) where {T<:Union{Base.Complex{Float32}, Base.Complex{Float64}, Float32, Float64}} in module FastTransforms overwritten in module ApproxFunBase.
  ** incremental compilation may be fatally broken for this module **

WARNING: Method definition ichebyshevtransform!(AbstractArray{T<:Union{Base.Complex{Float32}, Base.Complex{Float64}, Float32, Float64}, 2}) where {T<:Union{Base.Complex{Float32}, Base.Complex{Float64}, Float32, Float64}} in module FastTransforms at /root/.julia/packages/FastTransforms/Ygrvi/src/chebyshevtransform.jl:147 overwritten in module ApproxFunBase at /root/.julia/packages/ApproxFunBase/6fdlW/src/LinearAlgebra/helper.jl:682.
  ** incremental compilation may be fatally broken for this module **

WARNING: Method definition #ichebyshevtransform!(Any, typeof(FastTransforms.ichebyshevtransform!), AbstractArray{T<:Union{Base.Complex{Float32}, Base.Complex{Float64}, Float32, Float64}, 2}) where {T<:Union{Base.Complex{Float32}, Base.Complex{Float64}, Float32, Float64}} in module FastTransforms overwritten in module ApproxFunBase.
  ** incremental compilation may be fatally broken for this module **

WARNING: Method definition chebyshevtransform!(AbstractArray{T<:Union{Base.Complex{Float32}, Base.Complex{Float64}, Float32, Float64}, 2}) where {T<:Union{Base.Complex{Float32}, Base.Complex{Float64}, Float32, Float64}} in module FastTransforms at /root/.julia/packages/FastTransforms/Ygrvi/src/chebyshevtransform.jl:125 overwritten in module ApproxFunBase at /root/.julia/packages/ApproxFunBase/6fdlW/src/LinearAlgebra/helper.jl:660.
  ** incremental compilation may be fatally broken for this module **

WARNING: Method definition #chebyshevtransform!(Any, typeof(FastTransforms.chebyshevtransform!), AbstractArray{T<:Union{Base.Complex{Float32}, Base.Complex{Float64}, Float32, Float64}, 2}) where {T<:Union{Base.Complex{Float32}, Base.Complex{Float64}, Float32, Float64}} in module FastTransforms overwritten in module ApproxFunBase.
  ** incremental compilation may be fatally broken for this module **

WARNING: Method definition ichebyshevtransform!(AbstractArray{T<:Union{Base.Complex{Float32}, Base.Complex{Float64}, Float32, Float64}, 2}) where {T<:Union{Base.Complex{Float32}, Base.Complex{Float64}, Float32, Float64}} in module FastTransforms at /root/.julia/packages/FastTransforms/Ygrvi/src/chebyshevtransform.jl:147 overwritten in module ApproxFunBase at /root/.julia/packages/ApproxFunBase/6fdlW/src/LinearAlgebra/helper.jl:682.
  ** incremental compilation may be fatally broken for this module **

Test Summary:          | Pass  Total
Special function tests |   41     41
655.605614 seconds (459.26 M allocations: 22.197 GiB, 5.29% gc time)
  2.741013 seconds (2.38 M allocations: 121.463 MiB, 5.66% gc time)
 10.221687 seconds (9.60 M allocations: 450.343 MiB, 6.51% gc time)
  7.242841 seconds (7.54 M allocations: 358.041 MiB, 9.29% gc time)
  6.904716 seconds (6.32 M allocations: 308.393 MiB, 7.24% gc time)
  0.001328 seconds (2.94 k allocations: 242.234 KiB)
 43.951295 seconds (33.44 M allocations: 1.549 GiB, 6.15% gc time)
  7.052599 seconds (5.60 M allocations: 270.294 MiB, 7.77% gc time)
  6.145978 seconds (5.51 M allocations: 267.050 MiB, 8.73% gc time)
 10.554724 seconds (8.75 M allocations: 457.287 MiB, 7.50% gc time)
Test Summary: |  Pass  Total
Hilbert       | 15834  15834
Test Summary:    | Pass  Total
Stieljes moments |   39     39
Test Summary:      | Pass  Total
Stieltjes Integral |    3      3
Test Summary: | Pass  Broken  Total
Log Kernel    | 2382       2   2384
Test Summary: | Pass  Total
Curve         | 4452   4452
Test Summary:        | Pass  Total
FundamentalSolutions |   12     12
  0.073568 seconds (88.95 k allocations: 3.059 MiB, 75.96% gc time)
  0.022591 seconds (89.41 k allocations: 3.446 MiB)
Chebyshev addition: Time should be ~0.01 seconds.
  0.039598 seconds (2.22 k allocations: 18.666 MiB, 55.39% gc time)
CosSpace addition: Time should be ~0.05 seconds.
  0.058418 seconds (3.32 k allocations: 36.919 MiB, 37.75% gc time)
Laurent addition: Time should be ~0.14 seconds.
Test Summary:          | Pass  Total
Convolution ProductFun |   13     13
Test Summary: | Pass  Total
GreensFun     |    3      3
Test Summary:      | Pass  Total
Nonlocal operators |   20     20
   Testing SingularIntegralEquations tests passed 
