 Resolving package versions...
 Installed SortingAlgorithms ────────────── v0.3.1
 Installed MPFR_jll ─────────────────────── v4.0.2+1
 Installed FFTW_jll ─────────────────────── v3.3.9+3
 Installed DataStructures ───────────────── v0.17.6
 Installed LazyArrays ───────────────────── v0.14.10
 Installed ApproxFunOrthogonalPolynomials ─ v0.3.0
 Installed SingularIntegralEquations ────── v0.6.0
 Installed ApproxFunBase ────────────────── v0.2.3
 Installed FFTW ─────────────────────────── v1.1.0
 Installed Compat ───────────────────────── v2.2.0
 Installed FastGaussQuadrature ──────────── v0.4.1
 Installed Parsers ──────────────────────── v0.3.10
 Installed MacroTools ───────────────────── v0.5.2
 Installed Missings ─────────────────────── v0.4.3
 Installed BinaryProvider ───────────────── v0.5.8
 Installed StaticArrays ─────────────────── v0.12.1
 Installed IntervalSets ─────────────────── v0.3.2
 Installed DSP ──────────────────────────── v0.6.2
 Installed BlockArrays ──────────────────── v0.10.2
 Installed CompilerSupportLibraries_jll ─── v0.2.0+1
 Installed OrderedCollections ───────────── v1.1.0
 Installed BlockBandedMatrices ──────────── v0.6.0
 Installed FastTransforms ───────────────── v0.8.1
 Installed SpecialFunctions ─────────────── v0.9.0
 Installed ApproxFun ────────────────────── v0.11.8
 Installed ArrayLayouts ─────────────────── v0.1.5
 Installed JSON ─────────────────────────── v0.21.0
 Installed OpenBLAS_jll ─────────────────── v0.3.7+1
 Installed InfiniteArrays ───────────────── v0.5.0
 Installed RecipesBase ──────────────────── v0.7.0
 Installed DataAPI ──────────────────────── v1.1.0
 Installed GMP_jll ──────────────────────── v6.1.2+3
 Installed DomainSets ───────────────────── v0.1.0
 Installed ToeplitzMatrices ─────────────── v0.6.0
 Installed ApproxFunSingularities ───────── v0.1.6
 Installed DualNumbers ──────────────────── v0.6.2
 Installed OpenSpecFun_jll ──────────────── v0.5.3+1
 Installed NaNMath ──────────────────────── v0.3.3
 Installed Nullables ────────────────────── v1.0.0
 Installed Polynomials ──────────────────── v0.6.0
 Installed LowRankApprox ────────────────── v0.4.0
 Installed Calculus ─────────────────────── v0.5.1
 Installed ApproxFunFourier ─────────────── v0.2.0
 Installed Conda ────────────────────────── v1.3.0
 Installed FastTransforms_jll ───────────── v0.2.12+0
 Installed BandedMatrices ───────────────── v0.14.2
 Installed VersionParsing ───────────────── v1.1.3
 Installed MatrixFactorizations ─────────── v0.2.1
 Installed HypergeometricFunctions ──────── v0.2.1
 Installed Reexport ─────────────────────── v0.2.0
 Installed FillArrays ───────────────────── v0.8.2
 Installed StatsBase ────────────────────── v0.32.0
 Installed AbstractFFTs ─────────────────── v0.5.0
  Updating `~/.julia/environments/v1.3/Project.toml`
  [e094c991] + SingularIntegralEquations v0.6.0
  Updating `~/.julia/environments/v1.3/Manifest.toml`
  [621f4979] + AbstractFFTs v0.5.0
  [28f2ccd6] + ApproxFun v0.11.8
  [fbd15aa5] + ApproxFunBase v0.2.3
  [59844689] + ApproxFunFourier v0.2.0
  [b70543e2] + ApproxFunOrthogonalPolynomials v0.3.0
  [f8fcb915] + ApproxFunSingularities v0.1.6
  [4c555306] + ArrayLayouts v0.1.5
  [aae01518] + BandedMatrices v0.14.2
  [b99e7846] + BinaryProvider v0.5.8
  [8e7c35d0] + BlockArrays v0.10.2
  [ffab5731] + BlockBandedMatrices v0.6.0
  [49dc2e85] + Calculus v0.5.1
  [34da2185] + Compat v2.2.0
  [e66e0078] + CompilerSupportLibraries_jll v0.2.0+1
  [8f4d0f93] + Conda v1.3.0
  [717857b8] + DSP v0.6.2
  [9a962f9c] + DataAPI v1.1.0
  [864edb3b] + DataStructures v0.17.6
  [5b8099bc] + DomainSets v0.1.0
  [fa6b7ba4] + DualNumbers v0.6.2
  [7a1cc6ca] + FFTW v1.1.0
  [f5851436] + FFTW_jll v3.3.9+3
  [442a2c76] + FastGaussQuadrature v0.4.1
  [057dd010] + FastTransforms v0.8.1
  [34b6f7d7] + FastTransforms_jll v0.2.12+0
  [1a297f60] + FillArrays v0.8.2
  [781609d7] + GMP_jll v6.1.2+3
  [34004b35] + HypergeometricFunctions v0.2.1
  [4858937d] + InfiniteArrays v0.5.0
  [8197267c] + IntervalSets v0.3.2
  [682c06a0] + JSON v0.21.0
  [5078a376] + LazyArrays v0.14.10
  [898213cb] + LowRankApprox v0.4.0
  [3a97d323] + MPFR_jll v4.0.2+1
  [1914dd2f] + MacroTools v0.5.2
  [a3b82374] + MatrixFactorizations v0.2.1
  [e1d29d7a] + Missings v0.4.3
  [77ba4419] + NaNMath v0.3.3
  [4d1e1d77] + Nullables v1.0.0
  [4536629a] + OpenBLAS_jll v0.3.7+1
  [efe28fd5] + OpenSpecFun_jll v0.5.3+1
  [bac558e1] + OrderedCollections v1.1.0
  [69de0a69] + Parsers v0.3.10
  [f27b6e38] + Polynomials v0.6.0
  [3cdcf5f2] + RecipesBase v0.7.0
  [189a3867] + Reexport v0.2.0
  [e094c991] + SingularIntegralEquations v0.6.0
  [a2af1166] + SortingAlgorithms v0.3.1
  [276daf66] + SpecialFunctions v0.9.0
  [90137ffa] + StaticArrays v0.12.1
  [2913bbd2] + StatsBase v0.32.0
  [c751599d] + ToeplitzMatrices v0.6.0
  [81def892] + VersionParsing v1.1.3
  [2a0f44e3] + Base64 
  [ade2ca70] + Dates 
  [8bb1440f] + DelimitedFiles 
  [8ba89e20] + Distributed 
  [b77e0a4c] + InteractiveUtils 
  [76f85450] + LibGit2 
  [8f399da3] + Libdl 
  [37e2e46d] + LinearAlgebra 
  [56ddb016] + Logging 
  [d6f4376e] + Markdown 
  [a63ad114] + Mmap 
  [44cfe95a] + Pkg 
  [de0858da] + Printf 
  [3fa0cd96] + REPL 
  [9a3f8284] + Random 
  [ea8e919c] + SHA 
  [9e88b42a] + Serialization 
  [1a1011a3] + SharedArrays 
  [6462fe0b] + Sockets 
  [2f01184e] + SparseArrays 
  [10745b16] + Statistics 
  [8dfed614] + Test 
  [cf7118a7] + UUIDs 
  [4ec0a83e] + Unicode 
  Building Conda ─────────→ `~/.julia/packages/Conda/kLXeC/deps/build.log`
  Building FFTW ──────────→ `~/.julia/packages/FFTW/loJ3F/deps/build.log`
  Building FastTransforms → `~/.julia/packages/FastTransforms/OShrg/deps/build.log`
   Testing SingularIntegralEquations
    Status `/tmp/jl_idbuup/Manifest.toml`
  [621f4979] AbstractFFTs v0.5.0
  [28f2ccd6] ApproxFun v0.11.8
  [fbd15aa5] ApproxFunBase v0.2.3
  [59844689] ApproxFunFourier v0.2.0
  [b70543e2] ApproxFunOrthogonalPolynomials v0.3.0
  [f8fcb915] ApproxFunSingularities v0.1.6
  [4c555306] ArrayLayouts v0.1.5
  [aae01518] BandedMatrices v0.14.2
  [b99e7846] BinaryProvider v0.5.8
  [8e7c35d0] BlockArrays v0.10.2
  [ffab5731] BlockBandedMatrices v0.6.0
  [49dc2e85] Calculus v0.5.1
  [34da2185] Compat v2.2.0
  [e66e0078] CompilerSupportLibraries_jll v0.2.0+1
  [8f4d0f93] Conda v1.3.0
  [717857b8] DSP v0.6.2
  [9a962f9c] DataAPI v1.1.0
  [864edb3b] DataStructures v0.17.6
  [5b8099bc] DomainSets v0.1.0
  [fa6b7ba4] DualNumbers v0.6.2
  [7a1cc6ca] FFTW v1.1.0
  [f5851436] FFTW_jll v3.3.9+3
  [442a2c76] FastGaussQuadrature v0.4.1
  [057dd010] FastTransforms v0.8.1
  [34b6f7d7] FastTransforms_jll v0.2.12+0
  [1a297f60] FillArrays v0.8.2
  [781609d7] GMP_jll v6.1.2+3
  [34004b35] HypergeometricFunctions v0.2.1
  [4858937d] InfiniteArrays v0.5.0
  [8197267c] IntervalSets v0.3.2
  [682c06a0] JSON v0.21.0
  [5078a376] LazyArrays v0.14.10
  [898213cb] LowRankApprox v0.4.0
  [3a97d323] MPFR_jll v4.0.2+1
  [1914dd2f] MacroTools v0.5.2
  [a3b82374] MatrixFactorizations v0.2.1
  [e1d29d7a] Missings v0.4.3
  [77ba4419] NaNMath v0.3.3
  [4d1e1d77] Nullables v1.0.0
  [4536629a] OpenBLAS_jll v0.3.7+1
  [efe28fd5] OpenSpecFun_jll v0.5.3+1
  [bac558e1] OrderedCollections v1.1.0
  [69de0a69] Parsers v0.3.10
  [f27b6e38] Polynomials v0.6.0
  [3cdcf5f2] RecipesBase v0.7.0
  [189a3867] Reexport v0.2.0
  [e094c991] SingularIntegralEquations v0.6.0
  [a2af1166] SortingAlgorithms v0.3.1
  [276daf66] SpecialFunctions v0.9.0
  [90137ffa] StaticArrays v0.12.1
  [2913bbd2] StatsBase v0.32.0
  [c751599d] ToeplitzMatrices v0.6.0
  [81def892] VersionParsing v1.1.3
  [2a0f44e3] Base64  [`@stdlib/Base64`]
  [ade2ca70] Dates  [`@stdlib/Dates`]
  [8bb1440f] DelimitedFiles  [`@stdlib/DelimitedFiles`]
  [8ba89e20] Distributed  [`@stdlib/Distributed`]
  [b77e0a4c] InteractiveUtils  [`@stdlib/InteractiveUtils`]
  [76f85450] LibGit2  [`@stdlib/LibGit2`]
  [8f399da3] Libdl  [`@stdlib/Libdl`]
  [37e2e46d] LinearAlgebra  [`@stdlib/LinearAlgebra`]
  [56ddb016] Logging  [`@stdlib/Logging`]
  [d6f4376e] Markdown  [`@stdlib/Markdown`]
  [a63ad114] Mmap  [`@stdlib/Mmap`]
  [44cfe95a] Pkg  [`@stdlib/Pkg`]
  [de0858da] Printf  [`@stdlib/Printf`]
  [3fa0cd96] REPL  [`@stdlib/REPL`]
  [9a3f8284] Random  [`@stdlib/Random`]
  [ea8e919c] SHA  [`@stdlib/SHA`]
  [9e88b42a] Serialization  [`@stdlib/Serialization`]
  [1a1011a3] SharedArrays  [`@stdlib/SharedArrays`]
  [6462fe0b] Sockets  [`@stdlib/Sockets`]
  [2f01184e] SparseArrays  [`@stdlib/SparseArrays`]
  [10745b16] Statistics  [`@stdlib/Statistics`]
  [8dfed614] Test  [`@stdlib/Test`]
  [cf7118a7] UUIDs  [`@stdlib/UUIDs`]
  [4ec0a83e] Unicode  [`@stdlib/Unicode`]
Test Summary:          | Pass  Total
Special function tests |   41     41
694.390657 seconds (469.96 M allocations: 22.709 GiB, 2.76% gc time)
  3.520306 seconds (2.55 M allocations: 132.022 MiB, 1.87% gc time)
 11.059030 seconds (8.19 M allocations: 379.814 MiB, 3.27% gc time)
  6.961668 seconds (6.56 M allocations: 310.260 MiB, 5.17% gc time)
  6.385737 seconds (5.33 M allocations: 260.129 MiB, 2.72% gc time)
  0.001505 seconds (3.01 k allocations: 244.906 KiB)
 35.053055 seconds (28.02 M allocations: 1.320 GiB, 2.43% gc time)
  5.073133 seconds (4.70 M allocations: 225.714 MiB, 3.38% gc time)
  5.242981 seconds (4.61 M allocations: 221.906 MiB, 3.94% gc time)
  8.917420 seconds (7.84 M allocations: 412.416 MiB, 5.20% gc time)
Test Summary: |  Pass  Total
Hilbert       | 15834  15834
Test Summary:    | Pass  Total
Stieljes moments |   39     39
Test Summary:      | Pass  Total
Stieltjes Integral |    3      3
Test Summary: | Pass  Broken  Total
Log Kernel    | 2382       2   2384
Test Summary: | Pass  Total
Curve         | 4452   4452
Test Summary:        | Pass  Total
FundamentalSolutions |   12     12
  0.015279 seconds (88.91 k allocations: 3.055 MiB)
  0.015494 seconds (89.36 k allocations: 3.442 MiB)
Chebyshev addition: Time should be ~0.01 seconds.
  0.106679 seconds (3.27 k allocations: 18.724 MiB, 82.17% gc time)
CosSpace addition: Time should be ~0.05 seconds.
  0.027057 seconds (3.32 k allocations: 36.919 MiB)
Laurent addition: Time should be ~0.14 seconds.
Test Summary:          | Pass  Total
Convolution ProductFun |   13     13
Test Summary: | Pass  Total
GreensFun     |    3      3
Test Summary:      | Pass  Total
Nonlocal operators |   20     20
   Testing SingularIntegralEquations tests passed 
