 Resolving package versions...
 Installed Reactive ─────────── v0.8.3
 Installed OrderedCollections ─ v1.1.0
 Installed DataStructures ───── v0.17.6
  Updating `~/.julia/environments/v1.3/Project.toml`
  [a223df75] + Reactive v0.8.3
  Updating `~/.julia/environments/v1.3/Manifest.toml`
  [864edb3b] + DataStructures v0.17.6
  [bac558e1] + OrderedCollections v1.1.0
  [a223df75] + Reactive v0.8.3
  [2a0f44e3] + Base64 
  [8ba89e20] + Distributed 
  [b77e0a4c] + InteractiveUtils 
  [56ddb016] + Logging 
  [d6f4376e] + Markdown 
  [9a3f8284] + Random 
  [9e88b42a] + Serialization 
  [6462fe0b] + Sockets 
  [8dfed614] + Test 
   Testing Reactive
    Status `/tmp/jl_QjLqRL/Manifest.toml`
  [864edb3b] DataStructures v0.17.6
  [bac558e1] OrderedCollections v1.1.0
  [a223df75] Reactive v0.8.3
  [2a0f44e3] Base64  [`@stdlib/Base64`]
  [8ba89e20] Distributed  [`@stdlib/Distributed`]
  [b77e0a4c] InteractiveUtils  [`@stdlib/InteractiveUtils`]
  [56ddb016] Logging  [`@stdlib/Logging`]
  [d6f4376e] Markdown  [`@stdlib/Markdown`]
  [9a3f8284] Random  [`@stdlib/Random`]
  [9e88b42a] Serialization  [`@stdlib/Serialization`]
  [6462fe0b] Sockets  [`@stdlib/Sockets`]
  [8dfed614] Test  [`@stdlib/Test`]
Test Summary: | Pass  Total
Queue runner  |    2      2
step 1
step 2
step 3
queue_size() = 0
Test Summary: | Pass  Total
Basic checks  |   91     91
Test Summary:           | Pass  Total
Push to non-input nodes |   32     32
av = 1
bv = 2
av = 1
bv = 3
av = 7
bv = 7
Test Summary:       | Pass  Total
multi-path graphs 1 |   17     17
Test Summary:       | Pass  Total
multi-path graphs 2 |   16     16
Test Summary:                        | Pass  Total
multi-path graphs: dfs good, bfs bad |    2      2
Test Summary:                        | Pass  Total
multi-path graphs: bfs good, dfs bad |    2      2
Test Summary:                       | Pass  Total
multi-path graphs: dfs bad, bfs bad |    2      2
Test Summary: | Pass  Total
Call counting |  600    600
Test Summary: | Pass  Total
Flatten       |   30     30
dt = 1.237992283
end_t = 1.575307857602515e9
end_t .- accval = [1.5067079067230225, 1.0062038898468018, 0.5059778690338135, 0.005357980728149414]
z got 2
z got 5
z′ got [1, 2, 3, 4, 5, 6, 7]
z got 7
z got 9
z got 12
z′ got [8, 9, 10, 11, 12]
i = 12
dt = 2.3174219131469727
ydt = 0.5
y′dt = 1.1
zcount = 5.0
z′count = 3.0
value(y) = 12
value(y′) = [8, 9, 10, 11, 12]
value(z) = 5
value(z′) = 2
Test Summary:    | Pass  Total
Timing functions |   28     28
Test Summary: | Pass  Total
Async         |    5      5
Test Summary: | Pass  Total
Queue runner  |   24     24
   Testing Reactive tests passed 
