 Resolving package versions...
 Installed OpenSpecFun_jll ──── v0.5.3+1
 Installed POMDPPolicies ────── v0.2.1
 Installed BeliefUpdaters ───── v0.1.2
 Installed QuadGK ───────────── v2.1.1
 Installed SpecialFunctions ─── v0.9.0
 Installed POMDPModelTools ──── v0.2.0
 Installed DataStructures ───── v0.17.6
 Installed LightGraphs ──────── v1.3.0
 Installed Compat ───────────── v3.0.0
 Installed StatsBase ────────── v0.32.0
 Installed Inflate ──────────── v0.1.1
 Installed StaticArrays ─────── v0.12.1
 Installed MacroTools ───────── v0.5.1
 Installed CSTParser ────────── v1.1.0
 Installed Arpack ───────────── v0.3.1
 Installed Missings ─────────── v0.4.3
 Installed StatsFuns ────────── v0.8.0
 Installed Rmath ────────────── v0.6.0
 Installed NamedTupleTools ──── v0.12.0
 Installed Tokenize ─────────── v0.5.7
 Installed BinaryProvider ───── v0.5.8
 Installed SimpleTraits ─────── v0.9.1
 Installed Distributions ────── v0.19.2
 Installed POMDPs ───────────── v0.8.1
 Installed DataAPI ──────────── v1.1.0
 Installed OrderedCollections ─ v1.1.0
 Installed PDMats ───────────── v0.9.10
 Installed ArnoldiMethod ────── v0.0.4
 Installed SortingAlgorithms ── v0.3.1
 Installed UnicodePlots ─────── v1.1.0
  Updating `~/.julia/environments/v1.3/Project.toml`
  [182e52fb] + POMDPPolicies v0.2.1
  Updating `~/.julia/environments/v1.3/Manifest.toml`
  [ec485272] + ArnoldiMethod v0.0.4
  [7d9fca2a] + Arpack v0.3.1
  [8bb6e9a1] + BeliefUpdaters v0.1.2
  [b99e7846] + BinaryProvider v0.5.8
  [00ebfdb7] + CSTParser v1.1.0
  [34da2185] + Compat v3.0.0
  [9a962f9c] + DataAPI v1.1.0
  [864edb3b] + DataStructures v0.17.6
  [31c24e10] + Distributions v0.19.2
  [d25df0c9] + Inflate v0.1.1
  [093fc24a] + LightGraphs v1.3.0
  [1914dd2f] + MacroTools v0.5.1
  [e1d29d7a] + Missings v0.4.3
  [d9ec5142] + NamedTupleTools v0.12.0
  [efe28fd5] + OpenSpecFun_jll v0.5.3+1
  [bac558e1] + OrderedCollections v1.1.0
  [90014a1f] + PDMats v0.9.10
  [08074719] + POMDPModelTools v0.2.0
  [182e52fb] + POMDPPolicies v0.2.1
  [a93abf59] + POMDPs v0.8.1
  [1fd47b50] + QuadGK v2.1.1
  [79098fc4] + Rmath v0.6.0
  [699a6c99] + SimpleTraits v0.9.1
  [a2af1166] + SortingAlgorithms v0.3.1
  [276daf66] + SpecialFunctions v0.9.0
  [90137ffa] + StaticArrays v0.12.1
  [2913bbd2] + StatsBase v0.32.0
  [4c63d2b9] + StatsFuns v0.8.0
  [0796e94c] + Tokenize v0.5.7
  [b8865327] + UnicodePlots v1.1.0
  [2a0f44e3] + Base64 
  [ade2ca70] + Dates 
  [8bb1440f] + DelimitedFiles 
  [8ba89e20] + Distributed 
  [b77e0a4c] + InteractiveUtils 
  [76f85450] + LibGit2 
  [8f399da3] + Libdl 
  [37e2e46d] + LinearAlgebra 
  [56ddb016] + Logging 
  [d6f4376e] + Markdown 
  [a63ad114] + Mmap 
  [44cfe95a] + Pkg 
  [de0858da] + Printf 
  [3fa0cd96] + REPL 
  [9a3f8284] + Random 
  [ea8e919c] + SHA 
  [9e88b42a] + Serialization 
  [1a1011a3] + SharedArrays 
  [6462fe0b] + Sockets 
  [2f01184e] + SparseArrays 
  [10745b16] + Statistics 
  [4607b0f0] + SuiteSparse 
  [8dfed614] + Test 
  [cf7118a7] + UUIDs 
  [4ec0a83e] + Unicode 
  Building Arpack → `~/.julia/packages/Arpack/cu5By/deps/build.log`
  Building Rmath ─→ `~/.julia/packages/Rmath/BoBag/deps/build.log`
   Testing POMDPPolicies
 Resolving package versions...
 Installed Compose ───────────────────── v0.7.3
 Installed Tables ────────────────────── v0.2.11
 Installed POMDPModels ───────────────── v0.4.0
 Installed ColorTypes ────────────────── v0.8.0
 Installed POMDPSimulators ───────────── v0.3.1
 Installed IterTools ─────────────────── v1.3.0
 Installed DataFrames ────────────────── v0.18.4
 Installed Colors ────────────────────── v0.9.6
 Installed ProgressMeter ─────────────── v1.2.0
 Installed PooledArrays ──────────────── v0.5.2
 Installed TableTraits ───────────────── v1.0.0
 Installed Requires ──────────────────── v0.5.2
 Installed FixedPointNumbers ─────────── v0.6.1
 Installed Measures ──────────────────── v0.3.0
 Installed Parameters ────────────────── v0.12.0
 Installed DataValueInterfaces ───────── v1.0.0
 Installed Reexport ──────────────────── v0.2.0
 Installed JSON ──────────────────────── v0.21.0
 Installed Parsers ───────────────────── v0.3.10
 Installed CategoricalArrays ─────────── v0.7.3
 Installed IteratorInterfaceExtensions ─ v1.0.0
 Installed ColorSchemes ──────────────── v3.5.0
    Status `/tmp/jl_NrXzrE/Manifest.toml`
  [ec485272] ArnoldiMethod v0.0.4
  [7d9fca2a] Arpack v0.3.1
  [8bb6e9a1] BeliefUpdaters v0.1.2
  [b99e7846] BinaryProvider v0.5.8
  [00ebfdb7] CSTParser v1.1.0
  [324d7699] CategoricalArrays v0.7.3
  [35d6a980] ColorSchemes v3.5.0
  [3da002f7] ColorTypes v0.8.0
  [5ae59095] Colors v0.9.6
  [34da2185] Compat v3.0.0
  [a81c6b42] Compose v0.7.3
  [9a962f9c] DataAPI v1.1.0
  [a93c6f00] DataFrames v0.18.4
  [864edb3b] DataStructures v0.17.6
  [e2d170a0] DataValueInterfaces v1.0.0
  [31c24e10] Distributions v0.19.2
  [53c48c17] FixedPointNumbers v0.6.1
  [d25df0c9] Inflate v0.1.1
  [c8e1da08] IterTools v1.3.0
  [82899510] IteratorInterfaceExtensions v1.0.0
  [682c06a0] JSON v0.21.0
  [093fc24a] LightGraphs v1.3.0
  [1914dd2f] MacroTools v0.5.1
  [442fdcdd] Measures v0.3.0
  [e1d29d7a] Missings v0.4.3
  [d9ec5142] NamedTupleTools v0.12.0
  [efe28fd5] OpenSpecFun_jll v0.5.3+1
  [bac558e1] OrderedCollections v1.1.0
  [90014a1f] PDMats v0.9.10
  [08074719] POMDPModelTools v0.2.0
  [355abbd5] POMDPModels v0.4.0
  [182e52fb] POMDPPolicies v0.2.1
  [e0d0a172] POMDPSimulators v0.3.1
  [a93abf59] POMDPs v0.8.1
  [d96e819e] Parameters v0.12.0
  [69de0a69] Parsers v0.3.10
  [2dfb63ee] PooledArrays v0.5.2
  [92933f4c] ProgressMeter v1.2.0
  [1fd47b50] QuadGK v2.1.1
  [189a3867] Reexport v0.2.0
  [ae029012] Requires v0.5.2
  [79098fc4] Rmath v0.6.0
  [699a6c99] SimpleTraits v0.9.1
  [a2af1166] SortingAlgorithms v0.3.1
  [276daf66] SpecialFunctions v0.9.0
  [90137ffa] StaticArrays v0.12.1
  [2913bbd2] StatsBase v0.32.0
  [4c63d2b9] StatsFuns v0.8.0
  [3783bdb8] TableTraits v1.0.0
  [bd369af6] Tables v0.2.11
  [0796e94c] Tokenize v0.5.7
  [b8865327] UnicodePlots v1.1.0
  [2a0f44e3] Base64  [`@stdlib/Base64`]
  [ade2ca70] Dates  [`@stdlib/Dates`]
  [8bb1440f] DelimitedFiles  [`@stdlib/DelimitedFiles`]
  [8ba89e20] Distributed  [`@stdlib/Distributed`]
  [9fa8497b] Future  [`@stdlib/Future`]
  [b77e0a4c] InteractiveUtils  [`@stdlib/InteractiveUtils`]
  [76f85450] LibGit2  [`@stdlib/LibGit2`]
  [8f399da3] Libdl  [`@stdlib/Libdl`]
  [37e2e46d] LinearAlgebra  [`@stdlib/LinearAlgebra`]
  [56ddb016] Logging  [`@stdlib/Logging`]
  [d6f4376e] Markdown  [`@stdlib/Markdown`]
  [a63ad114] Mmap  [`@stdlib/Mmap`]
  [44cfe95a] Pkg  [`@stdlib/Pkg`]
  [de0858da] Printf  [`@stdlib/Printf`]
  [3fa0cd96] REPL  [`@stdlib/REPL`]
  [9a3f8284] Random  [`@stdlib/Random`]
  [ea8e919c] SHA  [`@stdlib/SHA`]
  [9e88b42a] Serialization  [`@stdlib/Serialization`]
  [1a1011a3] SharedArrays  [`@stdlib/SharedArrays`]
  [6462fe0b] Sockets  [`@stdlib/Sockets`]
  [2f01184e] SparseArrays  [`@stdlib/SparseArrays`]
  [10745b16] Statistics  [`@stdlib/Statistics`]
  [4607b0f0] SuiteSparse  [`@stdlib/SuiteSparse`]
  [8dfed614] Test  [`@stdlib/Test`]
  [cf7118a7] UUIDs  [`@stdlib/UUIDs`]
  [4ec0a83e] Unicode  [`@stdlib/Unicode`]
┌ Warning: `lgamma(x::Real)` is deprecated, use `(logabsgamma(x))[1]` instead.
│   caller = lstirling_asym(::BigFloat) at misc.jl:56
└ @ StatsFuns ~/.julia/packages/StatsFuns/2QE7p/src/misc.jl:56
WARNING: Compat.Markdown is deprecated, use Markdown instead.
  likely near /root/.julia/packages/MacroTools/ys44U/src/MacroTools.jl:4
WARNING: Compat.Random is deprecated, use Random instead.
  likely near /root/.julia/packages/MacroTools/ys44U/src/MacroTools.jl:35
WARNING: Compat.Statistics is deprecated, use Statistics instead.
  likely near /root/.julia/packages/CategoricalArrays/U3LvJ/src/extras.jl:1
Test Summary: | Pass  Total
alpha         |   13     13
Test Summary: | Pass  Total
function      |    3      3
Test Summary: |
stochastic    | No tests
policy chose action left 6 of 17 times.
policy chose action right 6 of 17 times.
policy chose action up 1 of 17 times.
policy chose action down 4 of 17 times.
Test Summary: |
utility       | No tests
Test Summary: | Pass  Total
vector        |   12     12
Test Summary: | Pass  Total
random        |    1      1
┌ Warning: `n_states(m)` is deprecated, use `length(states(m))` instead.
│   caller = top-level scope at test_pretty_printing.jl:4
└ @ Core ~/.julia/packages/POMDPPolicies/tAWHg/test/test_pretty_printing.jl:4
Test Summary:   | Pass  Total
pretty_printing |    3      3
   Testing POMDPPolicies tests passed 
