 Resolving package versions...
 Installed NonUniformRandomVariateGeneration ─ v1.0.0
 Installed BernoulliFactory ────────────────── v0.0.1
  Updating `~/.julia/environments/v1.3/Project.toml`
  [6db8a038] + BernoulliFactory v0.0.1
  Updating `~/.julia/environments/v1.3/Manifest.toml`
  [6db8a038] + BernoulliFactory v0.0.1
  [cd27a545] + NonUniformRandomVariateGeneration v1.0.0
  [2a0f44e3] + Base64 
  [8ba89e20] + Distributed 
  [b77e0a4c] + InteractiveUtils 
  [8f399da3] + Libdl 
  [37e2e46d] + LinearAlgebra 
  [56ddb016] + Logging 
  [d6f4376e] + Markdown 
  [9a3f8284] + Random 
  [9e88b42a] + Serialization 
  [6462fe0b] + Sockets 
  [2f01184e] + SparseArrays 
  [10745b16] + Statistics 
  [8dfed614] + Test 
   Testing BernoulliFactory
    Status `/tmp/jl_MeyS5i/Manifest.toml`
  [6db8a038] BernoulliFactory v0.0.1
  [cd27a545] NonUniformRandomVariateGeneration v1.0.0
  [2a0f44e3] Base64  [`@stdlib/Base64`]
  [8ba89e20] Distributed  [`@stdlib/Distributed`]
  [b77e0a4c] InteractiveUtils  [`@stdlib/InteractiveUtils`]
  [8f399da3] Libdl  [`@stdlib/Libdl`]
  [37e2e46d] LinearAlgebra  [`@stdlib/LinearAlgebra`]
  [56ddb016] Logging  [`@stdlib/Logging`]
  [d6f4376e] Markdown  [`@stdlib/Markdown`]
  [9a3f8284] Random  [`@stdlib/Random`]
  [9e88b42a] Serialization  [`@stdlib/Serialization`]
  [6462fe0b] Sockets  [`@stdlib/Sockets`]
  [2f01184e] SparseArrays  [`@stdlib/SparseArrays`]
  [10745b16] Statistics  [`@stdlib/Statistics`]
  [8dfed614] Test  [`@stdlib/Test`]
  8.453818 seconds (2.02 M allocations: 101.097 MiB, 0.59% gc time)
Test Summary: | Pass  Total
linear tests  |   17     17
  1.753735 seconds (92.64 k allocations: 4.753 MiB)
Test Summary: | Pass  Total
inverse tests |    4      4
  0.872135 seconds (245.97 k allocations: 12.954 MiB)
Test Summary: | Pass  Total
power tests   |   24     24
  0.418933 seconds (428.30 k allocations: 20.083 MiB, 4.78% gc time)
Test Summary:  | Pass  Total
expminus tests |    3      3
  0.166353 seconds (38.25 k allocations: 1.986 MiB)
Test Summary:  | Pass  Total
logistic tests |    5      5
  0.289278 seconds (1.09 M allocations: 22.946 MiB)
Test Summary:  | Pass  Total
two coin tests |    2      2
  5.974934 seconds (2.99 M allocations: 127.724 MiB, 1.06% gc time)
Test Summary:         | Pass  Total
signed estimate tests |   15     15
   Testing BernoulliFactory tests passed 
