 Resolving package versions...
 Installed Requires ──────── v0.5.2
 Installed AbstractIndices ─ v0.1.0
 Installed ArrayInterface ── v1.2.1
 Installed StaticRanges ──── v0.3.3
 Installed StaticArrays ──── v0.12.1
  Updating `~/.julia/environments/v1.2/Project.toml`
  [113fdce4] + AbstractIndices v0.1.0
  Updating `~/.julia/environments/v1.2/Manifest.toml`
  [113fdce4] + AbstractIndices v0.1.0
  [4fba245c] + ArrayInterface v1.2.1
  [ae029012] + Requires v0.5.2
  [90137ffa] + StaticArrays v0.12.1
  [d8176aec] + StaticRanges v0.3.3
  [2a0f44e3] + Base64 
  [ade2ca70] + Dates 
  [8ba89e20] + Distributed 
  [b77e0a4c] + InteractiveUtils 
  [8f399da3] + Libdl 
  [37e2e46d] + LinearAlgebra 
  [56ddb016] + Logging 
  [d6f4376e] + Markdown 
  [de0858da] + Printf 
  [9a3f8284] + Random 
  [9e88b42a] + Serialization 
  [6462fe0b] + Sockets 
  [2f01184e] + SparseArrays 
  [10745b16] + Statistics 
  [8dfed614] + Test 
  [4ec0a83e] + Unicode 
   Testing AbstractIndices
 Resolving package versions...
  Updating `/tmp/jl_6D9vuh/Project.toml`
  [113fdce4] + AbstractIndices v0.1.0
  Updating `/tmp/jl_6D9vuh/Manifest.toml`
 [no changes]
[ Info: Running Sandbox
    Status `/tmp/jl_6D9vuh/Project.toml`
  [113fdce4] AbstractIndices v0.1.0
  [37e2e46d] LinearAlgebra 
  [10745b16] Statistics 
  [8dfed614] Test 
Test Summary: | Pass  Total
matmul        |   16     16
Test Summary: | Pass  Total
math          |   12     12
Test Summary: | Pass  Total
+             |    5      5
Test Summary: | Pass  Total
-             |    5      5
   Testing AbstractIndices tests passed 
