 Resolving package versions...
 Installed Requires ──────────────────── v0.5.2
 Installed FunctionWrappers ──────────── v1.0.0
 Installed Compat ────────────────────── v2.2.0
 Installed Roots ─────────────────────── v0.8.3
 Installed TableTraits ───────────────── v1.0.0
 Installed OrderedCollections ────────── v1.1.0
 Installed DocStringExtensions ───────── v0.8.1
 Installed DiffEqBase ────────────────── v6.7.0
 Installed TreeViews ─────────────────── v0.3.0
 Installed RecursiveFactorization ────── v0.1.0
 Installed ArrayInterface ────────────── v2.0.0
 Installed DiffEqDiffTools ───────────── v1.5.0
 Installed RecursiveArrayTools ───────── v1.2.0
 Installed RecipesBase ───────────────── v0.7.0
 Installed IterativeSolvers ──────────── v0.8.1
 Installed DataStructures ────────────── v0.17.6
 Installed Parameters ────────────────── v0.12.0
 Installed StaticArrays ──────────────── v0.12.1
 Installed MuladdMacro ───────────────── v0.2.1
 Installed IteratorInterfaceExtensions ─ v1.0.0
 Installed MacroTools ────────────────── v0.5.2
  Updating `~/.julia/environments/v1.2/Project.toml`
  [2b5f629d] + DiffEqBase v6.7.0
  Updating `~/.julia/environments/v1.2/Manifest.toml`
  [4fba245c] + ArrayInterface v2.0.0
  [34da2185] + Compat v2.2.0
  [864edb3b] + DataStructures v0.17.6
  [2b5f629d] + DiffEqBase v6.7.0
  [01453d9d] + DiffEqDiffTools v1.5.0
  [ffbed154] + DocStringExtensions v0.8.1
  [069b7b12] + FunctionWrappers v1.0.0
  [42fd0dbc] + IterativeSolvers v0.8.1
  [82899510] + IteratorInterfaceExtensions v1.0.0
  [1914dd2f] + MacroTools v0.5.2
  [46d2c3a1] + MuladdMacro v0.2.1
  [bac558e1] + OrderedCollections v1.1.0
  [d96e819e] + Parameters v0.12.0
  [3cdcf5f2] + RecipesBase v0.7.0
  [731186ca] + RecursiveArrayTools v1.2.0
  [f2c3362d] + RecursiveFactorization v0.1.0
  [ae029012] + Requires v0.5.2
  [f2b01f46] + Roots v0.8.3
  [90137ffa] + StaticArrays v0.12.1
  [3783bdb8] + TableTraits v1.0.0
  [a2a6695c] + TreeViews v0.3.0
  [2a0f44e3] + Base64 
  [ade2ca70] + Dates 
  [8bb1440f] + DelimitedFiles 
  [8ba89e20] + Distributed 
  [b77e0a4c] + InteractiveUtils 
  [76f85450] + LibGit2 
  [8f399da3] + Libdl 
  [37e2e46d] + LinearAlgebra 
  [56ddb016] + Logging 
  [d6f4376e] + Markdown 
  [a63ad114] + Mmap 
  [44cfe95a] + Pkg 
  [de0858da] + Printf 
  [3fa0cd96] + REPL 
  [9a3f8284] + Random 
  [ea8e919c] + SHA 
  [9e88b42a] + Serialization 
  [1a1011a3] + SharedArrays 
  [6462fe0b] + Sockets 
  [2f01184e] + SparseArrays 
  [10745b16] + Statistics 
  [4607b0f0] + SuiteSparse 
  [8dfed614] + Test 
  [cf7118a7] + UUIDs 
  [4ec0a83e] + Unicode 
   Testing DiffEqBase
 Resolving package versions...
 Installed Missings ────────── v0.4.3
 Installed Distributions ───── v0.21.9
 Installed SafeTestsets ────── v0.0.1
 Installed PDMats ──────────── v0.9.10
 Installed DataAPI ─────────── v1.1.0
 Installed SortingAlgorithms ─ v0.3.1
 Installed BinaryProvider ──── v0.5.8
 Installed StatsBase ───────── v0.32.0
 Installed QuadGK ──────────── v2.1.1
 Installed SpecialFunctions ── v0.8.0
 Installed URIParser ───────── v0.4.0
 Installed StatsFuns ───────── v0.9.0
 Installed Rmath ───────────── v0.5.1
 Installed Arpack ──────────── v0.3.1
 Installed BinDeps ─────────── v0.8.10
  Building Rmath ───────────→ `~/.julia/packages/Rmath/4wt82/deps/build.log`
  Building SpecialFunctions → `~/.julia/packages/SpecialFunctions/ne2iw/deps/build.log`
  Building Arpack ──────────→ `~/.julia/packages/Arpack/cu5By/deps/build.log`
    Status `/tmp/jl_mPgZ0v/Manifest.toml`
  [7d9fca2a] Arpack v0.3.1
  [4fba245c] ArrayInterface v2.0.0
  [9e28174c] BinDeps v0.8.10
  [b99e7846] BinaryProvider v0.5.8
  [34da2185] Compat v2.2.0
  [9a962f9c] DataAPI v1.1.0
  [864edb3b] DataStructures v0.17.6
  [2b5f629d] DiffEqBase v6.7.0
  [01453d9d] DiffEqDiffTools v1.5.0
  [31c24e10] Distributions v0.21.9
  [ffbed154] DocStringExtensions v0.8.1
  [069b7b12] FunctionWrappers v1.0.0
  [42fd0dbc] IterativeSolvers v0.8.1
  [82899510] IteratorInterfaceExtensions v1.0.0
  [1914dd2f] MacroTools v0.5.2
  [e1d29d7a] Missings v0.4.3
  [46d2c3a1] MuladdMacro v0.2.1
  [bac558e1] OrderedCollections v1.1.0
  [90014a1f] PDMats v0.9.10
  [d96e819e] Parameters v0.12.0
  [1fd47b50] QuadGK v2.1.1
  [3cdcf5f2] RecipesBase v0.7.0
  [731186ca] RecursiveArrayTools v1.2.0
  [f2c3362d] RecursiveFactorization v0.1.0
  [ae029012] Requires v0.5.2
  [79098fc4] Rmath v0.5.1
  [f2b01f46] Roots v0.8.3
  [1bc83da4] SafeTestsets v0.0.1
  [a2af1166] SortingAlgorithms v0.3.1
  [276daf66] SpecialFunctions v0.8.0
  [90137ffa] StaticArrays v0.12.1
  [2913bbd2] StatsBase v0.32.0
  [4c63d2b9] StatsFuns v0.9.0
  [3783bdb8] TableTraits v1.0.0
  [a2a6695c] TreeViews v0.3.0
  [30578b45] URIParser v0.4.0
  [2a0f44e3] Base64  [`@stdlib/Base64`]
  [ade2ca70] Dates  [`@stdlib/Dates`]
  [8bb1440f] DelimitedFiles  [`@stdlib/DelimitedFiles`]
  [8ba89e20] Distributed  [`@stdlib/Distributed`]
  [b77e0a4c] InteractiveUtils  [`@stdlib/InteractiveUtils`]
  [76f85450] LibGit2  [`@stdlib/LibGit2`]
  [8f399da3] Libdl  [`@stdlib/Libdl`]
  [37e2e46d] LinearAlgebra  [`@stdlib/LinearAlgebra`]
  [56ddb016] Logging  [`@stdlib/Logging`]
  [d6f4376e] Markdown  [`@stdlib/Markdown`]
  [a63ad114] Mmap  [`@stdlib/Mmap`]
  [44cfe95a] Pkg  [`@stdlib/Pkg`]
  [de0858da] Printf  [`@stdlib/Printf`]
  [3fa0cd96] REPL  [`@stdlib/REPL`]
  [9a3f8284] Random  [`@stdlib/Random`]
  [ea8e919c] SHA  [`@stdlib/SHA`]
  [9e88b42a] Serialization  [`@stdlib/Serialization`]
  [1a1011a3] SharedArrays  [`@stdlib/SharedArrays`]
  [6462fe0b] Sockets  [`@stdlib/Sockets`]
  [2f01184e] SparseArrays  [`@stdlib/SparseArrays`]
  [10745b16] Statistics  [`@stdlib/Statistics`]
  [4607b0f0] SuiteSparse  [`@stdlib/SuiteSparse`]
  [8dfed614] Test  [`@stdlib/Test`]
  [cf7118a7] UUIDs  [`@stdlib/UUIDs`]
  [4ec0a83e] Unicode  [`@stdlib/Unicode`]
Test Summary: |  Pass  Total
Fast Power    | 11504  11504
 94.855434 seconds (10.68 M allocations: 577.428 MiB, 0.62% gc time)
Test Summary:  | Pass  Total
Fast Broadcast |   11     11
 14.933018 seconds (41.45 M allocations: 1.617 GiB, 11.81% gc time)
Test Summary:                    | Pass  Total
Number of Parameters Calculation |    1      1
  0.297825 seconds (345.10 k allocations: 18.048 MiB, 4.51% gc time)
Test Summary: | Pass  Broken  Total
Data Arrays   |   31       1     32
  5.797184 seconds (7.56 M allocations: 377.155 MiB, 4.15% gc time)
Test Summary:       | Pass  Total
Existence functions |   32     32
  0.219295 seconds (42.69 k allocations: 2.600 MiB)
Test Summary: | Pass  Total
Callbacks     |   16     16
  0.378417 seconds (254.96 k allocations: 15.448 MiB, 3.81% gc time)
Test Summary:  | Pass  Total
Plot Variables |   17     17
  4.356522 seconds (4.07 M allocations: 212.699 MiB, 3.19% gc time)
Test Summary:          | Pass  Broken  Total
Problem Creation Tests |    6      13     19
  6.153032 seconds (5.02 M allocations: 312.090 MiB, 3.33% gc time)
Test Summary: | Pass  Broken  Total
Remake tests  |   32       1     33
  8.016066 seconds (6.60 M allocations: 361.909 MiB, 3.28% gc time)
Test Summary:                          | Pass  Total
Affine differential equation operators |    1      1
  0.174539 seconds (144.34 k allocations: 7.533 MiB)
Test Summary: | Pass  Total
TableTraits   |    6      6
  1.497369 seconds (1.30 M allocations: 68.569 MiB, 3.24% gc time)
Test Summary:        | Pass  Total
Integrator interface |    3      3
  0.176456 seconds (46.41 k allocations: 2.505 MiB)
Test Summary: | Pass  Total
Export tests  |    1      1
  0.040769 seconds (11.60 k allocations: 585.549 KiB)
Test Summary:              | Pass  Total
High Level solve Interface |   13     13
 47.790636 seconds (3.94 M allocations: 212.782 MiB, 0.43% gc time)
Test Summary:        | Pass  Total
DiffEqFunction tests |    8      8
  2.130237 seconds (1.90 M allocations: 104.724 MiB, 3.52% gc time)
Test Summary:  |
Internal Euler | No tests
  2.481995 seconds (3.21 M allocations: 160.366 MiB, 5.86% gc time)
Test Summary: | Pass  Total
Numargs       |    1      1
  0.084479 seconds (121.34 k allocations: 6.416 MiB)
Test Summary:             | Pass  Total
Basic Operators Interface |   20     20
  8.105908 seconds (9.02 M allocations: 433.315 MiB, 7.82% gc time)
197.956812 seconds (96.22 M allocations: 4.448 GiB, 2.20% gc time)
   Testing DiffEqBase tests passed 
