 Resolving package versions...
 Installed FunctionWrappers ──────────── v1.0.0
 Installed Roots ─────────────────────── v0.8.3
 Installed Compat ────────────────────── v2.2.0
 Installed DataStructures ────────────── v0.17.6
 Installed StaticArrays ──────────────── v0.12.1
 Installed MacroTools ────────────────── v0.5.2
 Installed DocStringExtensions ───────── v0.8.1
 Installed DiffEqBase ────────────────── v6.7.0
 Installed TreeViews ─────────────────── v0.3.0
 Installed Requires ──────────────────── v0.5.2
 Installed RecipesBase ───────────────── v0.7.0
 Installed OrderedCollections ────────── v1.1.0
 Installed ArrayInterface ────────────── v2.0.0
 Installed DiffEqDiffTools ───────────── v1.5.0
 Installed Parameters ────────────────── v0.12.0
 Installed TableTraits ───────────────── v1.0.0
 Installed MuladdMacro ───────────────── v0.2.1
 Installed IteratorInterfaceExtensions ─ v1.0.0
 Installed RecursiveArrayTools ───────── v1.2.0
 Installed RecursiveFactorization ────── v0.1.0
 Installed IterativeSolvers ──────────── v0.8.1
  Updating `~/.julia/environments/v1.3/Project.toml`
  [2b5f629d] + DiffEqBase v6.7.0
  Updating `~/.julia/environments/v1.3/Manifest.toml`
  [4fba245c] + ArrayInterface v2.0.0
  [34da2185] + Compat v2.2.0
  [864edb3b] + DataStructures v0.17.6
  [2b5f629d] + DiffEqBase v6.7.0
  [01453d9d] + DiffEqDiffTools v1.5.0
  [ffbed154] + DocStringExtensions v0.8.1
  [069b7b12] + FunctionWrappers v1.0.0
  [42fd0dbc] + IterativeSolvers v0.8.1
  [82899510] + IteratorInterfaceExtensions v1.0.0
  [1914dd2f] + MacroTools v0.5.2
  [46d2c3a1] + MuladdMacro v0.2.1
  [bac558e1] + OrderedCollections v1.1.0
  [d96e819e] + Parameters v0.12.0
  [3cdcf5f2] + RecipesBase v0.7.0
  [731186ca] + RecursiveArrayTools v1.2.0
  [f2c3362d] + RecursiveFactorization v0.1.0
  [ae029012] + Requires v0.5.2
  [f2b01f46] + Roots v0.8.3
  [90137ffa] + StaticArrays v0.12.1
  [3783bdb8] + TableTraits v1.0.0
  [a2a6695c] + TreeViews v0.3.0
  [2a0f44e3] + Base64 
  [ade2ca70] + Dates 
  [8bb1440f] + DelimitedFiles 
  [8ba89e20] + Distributed 
  [b77e0a4c] + InteractiveUtils 
  [76f85450] + LibGit2 
  [8f399da3] + Libdl 
  [37e2e46d] + LinearAlgebra 
  [56ddb016] + Logging 
  [d6f4376e] + Markdown 
  [a63ad114] + Mmap 
  [44cfe95a] + Pkg 
  [de0858da] + Printf 
  [3fa0cd96] + REPL 
  [9a3f8284] + Random 
  [ea8e919c] + SHA 
  [9e88b42a] + Serialization 
  [1a1011a3] + SharedArrays 
  [6462fe0b] + Sockets 
  [2f01184e] + SparseArrays 
  [10745b16] + Statistics 
  [4607b0f0] + SuiteSparse 
  [8dfed614] + Test 
  [cf7118a7] + UUIDs 
  [4ec0a83e] + Unicode 
   Testing DiffEqBase
 Resolving package versions...
 Installed DataAPI ─────────── v1.1.0
 Installed SafeTestsets ────── v0.0.1
 Installed Missings ────────── v0.4.3
 Installed URIParser ───────── v0.4.0
 Installed Arpack ──────────── v0.3.1
 Installed Rmath ───────────── v0.5.1
 Installed Distributions ───── v0.21.9
 Installed BinDeps ─────────── v0.8.10
 Installed SortingAlgorithms ─ v0.3.1
 Installed SpecialFunctions ── v0.8.0
 Installed PDMats ──────────── v0.9.10
 Installed StatsBase ───────── v0.32.0
 Installed StatsFuns ───────── v0.9.0
 Installed QuadGK ──────────── v2.1.1
 Installed BinaryProvider ──── v0.5.8
  Building Arpack ──────────→ `~/.julia/packages/Arpack/cu5By/deps/build.log`
  Building Rmath ───────────→ `~/.julia/packages/Rmath/4wt82/deps/build.log`
  Building SpecialFunctions → `~/.julia/packages/SpecialFunctions/ne2iw/deps/build.log`
    Status `/tmp/jl_zpqka0/Manifest.toml`
  [7d9fca2a] Arpack v0.3.1
  [4fba245c] ArrayInterface v2.0.0
  [9e28174c] BinDeps v0.8.10
  [b99e7846] BinaryProvider v0.5.8
  [34da2185] Compat v2.2.0
  [9a962f9c] DataAPI v1.1.0
  [864edb3b] DataStructures v0.17.6
  [2b5f629d] DiffEqBase v6.7.0
  [01453d9d] DiffEqDiffTools v1.5.0
  [31c24e10] Distributions v0.21.9
  [ffbed154] DocStringExtensions v0.8.1
  [069b7b12] FunctionWrappers v1.0.0
  [42fd0dbc] IterativeSolvers v0.8.1
  [82899510] IteratorInterfaceExtensions v1.0.0
  [1914dd2f] MacroTools v0.5.2
  [e1d29d7a] Missings v0.4.3
  [46d2c3a1] MuladdMacro v0.2.1
  [bac558e1] OrderedCollections v1.1.0
  [90014a1f] PDMats v0.9.10
  [d96e819e] Parameters v0.12.0
  [1fd47b50] QuadGK v2.1.1
  [3cdcf5f2] RecipesBase v0.7.0
  [731186ca] RecursiveArrayTools v1.2.0
  [f2c3362d] RecursiveFactorization v0.1.0
  [ae029012] Requires v0.5.2
  [79098fc4] Rmath v0.5.1
  [f2b01f46] Roots v0.8.3
  [1bc83da4] SafeTestsets v0.0.1
  [a2af1166] SortingAlgorithms v0.3.1
  [276daf66] SpecialFunctions v0.8.0
  [90137ffa] StaticArrays v0.12.1
  [2913bbd2] StatsBase v0.32.0
  [4c63d2b9] StatsFuns v0.9.0
  [3783bdb8] TableTraits v1.0.0
  [a2a6695c] TreeViews v0.3.0
  [30578b45] URIParser v0.4.0
  [2a0f44e3] Base64  [`@stdlib/Base64`]
  [ade2ca70] Dates  [`@stdlib/Dates`]
  [8bb1440f] DelimitedFiles  [`@stdlib/DelimitedFiles`]
  [8ba89e20] Distributed  [`@stdlib/Distributed`]
  [b77e0a4c] InteractiveUtils  [`@stdlib/InteractiveUtils`]
  [76f85450] LibGit2  [`@stdlib/LibGit2`]
  [8f399da3] Libdl  [`@stdlib/Libdl`]
  [37e2e46d] LinearAlgebra  [`@stdlib/LinearAlgebra`]
  [56ddb016] Logging  [`@stdlib/Logging`]
  [d6f4376e] Markdown  [`@stdlib/Markdown`]
  [a63ad114] Mmap  [`@stdlib/Mmap`]
  [44cfe95a] Pkg  [`@stdlib/Pkg`]
  [de0858da] Printf  [`@stdlib/Printf`]
  [3fa0cd96] REPL  [`@stdlib/REPL`]
  [9a3f8284] Random  [`@stdlib/Random`]
  [ea8e919c] SHA  [`@stdlib/SHA`]
  [9e88b42a] Serialization  [`@stdlib/Serialization`]
  [1a1011a3] SharedArrays  [`@stdlib/SharedArrays`]
  [6462fe0b] Sockets  [`@stdlib/Sockets`]
  [2f01184e] SparseArrays  [`@stdlib/SparseArrays`]
  [10745b16] Statistics  [`@stdlib/Statistics`]
  [4607b0f0] SuiteSparse  [`@stdlib/SuiteSparse`]
  [8dfed614] Test  [`@stdlib/Test`]
  [cf7118a7] UUIDs  [`@stdlib/UUIDs`]
  [4ec0a83e] Unicode  [`@stdlib/Unicode`]
Test Summary: |  Pass  Total
Fast Power    | 11504  11504
 93.234680 seconds (10.28 M allocations: 547.173 MiB, 0.31% gc time)
Test Summary:  | Pass  Total
Fast Broadcast |   11     11
 17.057340 seconds (44.51 M allocations: 1.719 GiB, 10.76% gc time)
Test Summary:                    | Pass  Total
Number of Parameters Calculation |    1      1
  0.332790 seconds (331.11 k allocations: 17.261 MiB)
Test Summary: | Pass  Broken  Total
Data Arrays   |   31       1     32
  7.118194 seconds (7.58 M allocations: 375.391 MiB, 2.05% gc time)
Test Summary:       | Pass  Total
Existence functions |   32     32
  0.231567 seconds (42.62 k allocations: 2.595 MiB)
Test Summary: | Pass  Total
Callbacks     |   16     16
  0.413485 seconds (261.65 k allocations: 15.519 MiB)
Test Summary:  | Pass  Total
Plot Variables |   17     17
  5.281891 seconds (4.06 M allocations: 208.764 MiB, 1.76% gc time)
Test Summary:          | Pass  Broken  Total
Problem Creation Tests |    6      13     19
  6.645754 seconds (4.65 M allocations: 285.184 MiB, 1.65% gc time)
Test Summary: | Pass  Broken  Total
Remake tests  |   32       1     33
  8.856415 seconds (6.49 M allocations: 350.765 MiB, 1.60% gc time)
Test Summary:                          | Pass  Total
Affine differential equation operators |    1      1
  0.233757 seconds (140.92 k allocations: 7.218 MiB, 7.00% gc time)
Test Summary: | Pass  Total
TableTraits   |    6      6
  1.741453 seconds (1.18 M allocations: 61.658 MiB, 0.97% gc time)
Test Summary:        | Pass  Total
Integrator interface |    3      3
  0.190198 seconds (44.48 k allocations: 2.396 MiB)
Test Summary: | Pass  Total
Export tests  |    1      1
  0.044947 seconds (11.95 k allocations: 598.879 KiB)
Test Summary:              | Pass  Total
High Level solve Interface |   13     13
 47.857189 seconds (3.04 M allocations: 164.193 MiB, 0.18% gc time)
Test Summary:        | Pass  Total
DiffEqFunction tests |    8      8
  2.310804 seconds (1.90 M allocations: 102.156 MiB, 2.56% gc time)
Test Summary:  |
Internal Euler | No tests
  2.616164 seconds (3.03 M allocations: 150.243 MiB, 2.51% gc time)
Test Summary: | Pass  Total
Numargs       |    1      1
  0.099830 seconds (120.02 k allocations: 6.332 MiB)
Test Summary:             | Pass  Total
Basic Operators Interface |   20     20
 10.153555 seconds (11.66 M allocations: 549.743 MiB, 6.96% gc time)
204.886490 seconds (99.74 M allocations: 4.519 GiB, 1.74% gc time)
   Testing DiffEqBase tests passed 
