 Resolving package versions...
 Installed Expokit ─ v0.2.0
  Updating `~/.julia/environments/v1.2/Project.toml`
  [a1e7a1ef] + Expokit v0.2.0
  Updating `~/.julia/environments/v1.2/Manifest.toml`
  [a1e7a1ef] + Expokit v0.2.0
  [2a0f44e3] + Base64 
  [8ba89e20] + Distributed 
  [b77e0a4c] + InteractiveUtils 
  [8f399da3] + Libdl 
  [37e2e46d] + LinearAlgebra 
  [56ddb016] + Logging 
  [d6f4376e] + Markdown 
  [9a3f8284] + Random 
  [9e88b42a] + Serialization 
  [6462fe0b] + Sockets 
  [2f01184e] + SparseArrays 
  [8dfed614] + Test 
   Testing Expokit
    Status `/tmp/jl_d2N8A1/Manifest.toml`
  [a1e7a1ef] Expokit v0.2.0
  [2a0f44e3] Base64  [`@stdlib/Base64`]
  [8ba89e20] Distributed  [`@stdlib/Distributed`]
  [b77e0a4c] InteractiveUtils  [`@stdlib/InteractiveUtils`]
  [8f399da3] Libdl  [`@stdlib/Libdl`]
  [37e2e46d] LinearAlgebra  [`@stdlib/LinearAlgebra`]
  [56ddb016] Logging  [`@stdlib/Logging`]
  [d6f4376e] Markdown  [`@stdlib/Markdown`]
  [9a3f8284] Random  [`@stdlib/Random`]
  [9e88b42a] Serialization  [`@stdlib/Serialization`]
  [6462fe0b] Sockets  [`@stdlib/Sockets`]
  [2f01184e] SparseArrays  [`@stdlib/SparseArrays`]
  [8dfed614] Test  [`@stdlib/Test`]
testing real n=100 (first expmv, then expm)
residuum: 1.7914906038673284e-15
time dif: -0.49273603299999996

testing complex n=100 (first expmv, then expm)
residuum: 1.755175808394369e-15
time dif: -0.5151829259999998

testing real n=1000 (first expmv, then expm)
residuum: 9.270275353851634e-11
time dif: -8.128844917

testing complex n=1000 (first expmv, then expm)
residuum: 2.1400414276837586e-14
time dif: -17.050464162999997

testing linear operator n=1000 (first expmv, then expm)
┌ Warning: opnorm(LinearOp, Inf) is not defined, fall back to using `anorm = 1.0`.
│ To suppress this warning, please specify the `anorm` keyword manually.
└ @ Expokit ~/.julia/packages/Expokit/fQbKs/src/expmv.jl:8
residuum: 3.9594990781005e-14
time dif: 0.7614080300000006

testing 2x2 cases
residua: 1.1102230246251565e-16, 0.0

testing real n=1000 (first padm, then expm)
residuum: 1.382159838599918e-16
time dif: -1.9195175960000004

testing complex n=100 (first padm, then expm)
residuum: 1.481241138332135e-16
time dif: -5.559117242000001

testing real n=100 (first chbv, then expm)
residuum: 2.6869534122621976e-12
time dif: -0.460621966

testing complex n=100 (first chbv, then expm)
residuum: 2.8457515985210206e-12
time dif: -3.06815171

testing real n=1000 (first chbv, then expm)
residuum: 4.7813582012782056e-12
time dif: 17.29614735

testing real n=100 (first phimv, then expm)
residuum: 7.054269867801797e-16
time dif: -0.7986606300000001

testing complex n=100 (first phimv, then expm)
residuum: 2.4210504448000167e-15
time dif: -1.0357159500000002

testing real n=1000 (first phimv, then expm)
residuum: 3.778731484484899e-14
time dif: -9.360174085999999

testing complex n=1000 (first phimv, then expm)
residuum: 2.448421037541279e-14
time dif: -19.447075151

testing real n=1000 (first phimv, then expm), the linear operator version.
┌ Warning: opnorm(LinearOp, Inf) is not defined, fall back to using `anorm = 1.0`.
│ To suppress this warning, please specify the `anorm` keyword manually.
└ @ Expokit ~/.julia/packages/Expokit/fQbKs/src/expmv.jl:8
┌ Warning: opnorm(LinearOp, Inf) is not defined, fall back to using `anorm = 1.0`.
│ To suppress this warning, please specify the `anorm` keyword manually.
└ @ Expokit ~/.julia/packages/Expokit/fQbKs/src/expmv.jl:8
residuum: 2.189252089979043e-15
time dif: -5.80851988

   Testing Expokit tests passed 
