 Resolving package versions...
 Installed Expokit ─ v0.2.0
  Updating `~/.julia/environments/v1.3/Project.toml`
  [a1e7a1ef] + Expokit v0.2.0
  Updating `~/.julia/environments/v1.3/Manifest.toml`
  [a1e7a1ef] + Expokit v0.2.0
  [2a0f44e3] + Base64 
  [8ba89e20] + Distributed 
  [b77e0a4c] + InteractiveUtils 
  [8f399da3] + Libdl 
  [37e2e46d] + LinearAlgebra 
  [56ddb016] + Logging 
  [d6f4376e] + Markdown 
  [9a3f8284] + Random 
  [9e88b42a] + Serialization 
  [6462fe0b] + Sockets 
  [2f01184e] + SparseArrays 
  [8dfed614] + Test 
   Testing Expokit
    Status `/tmp/jl_qg2Mlh/Manifest.toml`
  [a1e7a1ef] Expokit v0.2.0
  [2a0f44e3] Base64  [`@stdlib/Base64`]
  [8ba89e20] Distributed  [`@stdlib/Distributed`]
  [b77e0a4c] InteractiveUtils  [`@stdlib/InteractiveUtils`]
  [8f399da3] Libdl  [`@stdlib/Libdl`]
  [37e2e46d] LinearAlgebra  [`@stdlib/LinearAlgebra`]
  [56ddb016] Logging  [`@stdlib/Logging`]
  [d6f4376e] Markdown  [`@stdlib/Markdown`]
  [9a3f8284] Random  [`@stdlib/Random`]
  [9e88b42a] Serialization  [`@stdlib/Serialization`]
  [6462fe0b] Sockets  [`@stdlib/Sockets`]
  [2f01184e] SparseArrays  [`@stdlib/SparseArrays`]
  [8dfed614] Test  [`@stdlib/Test`]
testing real n=100 (first expmv, then expm)
residuum: 2.9228758116710624e-15
time dif: -0.610358231

testing complex n=100 (first expmv, then expm)
residuum: 5.79426021467995e-16
time dif: -0.018245008000000063

testing real n=1000 (first expmv, then expm)
residuum: 9.169481813938851e-11
time dif: -7.988358923999999

testing complex n=1000 (first expmv, then expm)
residuum: 1.794478062607026e-14
time dif: -15.993308124999999

testing linear operator n=1000 (first expmv, then expm)
┌ Warning: opnorm(LinearOp, Inf) is not defined, fall back to using `anorm = 1.0`.
│ To suppress this warning, please specify the `anorm` keyword manually.
└ @ Expokit ~/.julia/packages/Expokit/fQbKs/src/expmv.jl:8
residuum: 4.4745078145453873e-14
time dif: -0.1068994889999999

testing 2x2 cases
residua: 1.1102230246251565e-16, 0.0

testing real n=1000 (first padm, then expm)
residuum: 1.3236205977617686e-16
time dif: -2.1740032630000004

testing complex n=100 (first padm, then expm)
residuum: 2.5689839567701797e-16
time dif: -2.7014285320000013

testing real n=100 (first chbv, then expm)
residuum: 2.773762371325675e-12
time dif: 19.648456547

testing complex n=100 (first chbv, then expm)
residuum: 2.7828552543760744e-12
time dif: 30.682812634

testing real n=1000 (first chbv, then expm)
residuum: 4.489637867798765e-12
time dif: 51.434986695999996

testing real n=100 (first phimv, then expm)
residuum: 9.556607015083564e-16
time dif: -0.281999198

testing complex n=100 (first phimv, then expm)
residuum: 1.7381246765094815e-15
time dif: -0.7971854390000002

testing real n=1000 (first phimv, then expm)
residuum: 1.655503739636257e-14
time dif: -6.969040974

testing complex n=1000 (first phimv, then expm)
residuum: 3.4077114896959664e-14
time dif: -16.176163063

testing real n=1000 (first phimv, then expm), the linear operator version.
┌ Warning: opnorm(LinearOp, Inf) is not defined, fall back to using `anorm = 1.0`.
│ To suppress this warning, please specify the `anorm` keyword manually.
└ @ Expokit ~/.julia/packages/Expokit/fQbKs/src/expmv.jl:8
┌ Warning: opnorm(LinearOp, Inf) is not defined, fall back to using `anorm = 1.0`.
│ To suppress this warning, please specify the `anorm` keyword manually.
└ @ Expokit ~/.julia/packages/Expokit/fQbKs/src/expmv.jl:8
residuum: 7.85900559302674e-15
time dif: -9.183477431

   Testing Expokit tests passed 
