 Resolving package versions...
 Installed Expokit ─ v0.2.0
  Updating `~/.julia/environments/v1.3/Project.toml`
  [a1e7a1ef] + Expokit v0.2.0
  Updating `~/.julia/environments/v1.3/Manifest.toml`
  [a1e7a1ef] + Expokit v0.2.0
  [2a0f44e3] + Base64 
  [8ba89e20] + Distributed 
  [b77e0a4c] + InteractiveUtils 
  [8f399da3] + Libdl 
  [37e2e46d] + LinearAlgebra 
  [56ddb016] + Logging 
  [d6f4376e] + Markdown 
  [9a3f8284] + Random 
  [9e88b42a] + Serialization 
  [6462fe0b] + Sockets 
  [2f01184e] + SparseArrays 
  [8dfed614] + Test 
   Testing Expokit
    Status `/tmp/jl_FRUYNJ/Manifest.toml`
  [a1e7a1ef] Expokit v0.2.0
  [2a0f44e3] Base64  [`@stdlib/Base64`]
  [8ba89e20] Distributed  [`@stdlib/Distributed`]
  [b77e0a4c] InteractiveUtils  [`@stdlib/InteractiveUtils`]
  [8f399da3] Libdl  [`@stdlib/Libdl`]
  [37e2e46d] LinearAlgebra  [`@stdlib/LinearAlgebra`]
  [56ddb016] Logging  [`@stdlib/Logging`]
  [d6f4376e] Markdown  [`@stdlib/Markdown`]
  [9a3f8284] Random  [`@stdlib/Random`]
  [9e88b42a] Serialization  [`@stdlib/Serialization`]
  [6462fe0b] Sockets  [`@stdlib/Sockets`]
  [2f01184e] SparseArrays  [`@stdlib/SparseArrays`]
  [8dfed614] Test  [`@stdlib/Test`]
testing real n=100 (first expmv, then expm)
residuum: 6.190661341689021e-15
time dif: -0.213871098

testing complex n=100 (first expmv, then expm)
residuum: 8.593509742241245e-16
time dif: -1.2037875330000003

testing real n=1000 (first expmv, then expm)
residuum: 7.744760677679582e-11
time dif: -5.555633313

testing complex n=1000 (first expmv, then expm)
residuum: 1.2251744975394551e-14
time dif: -13.605419761

testing linear operator n=1000 (first expmv, then expm)
┌ Warning: opnorm(LinearOp, Inf) is not defined, fall back to using `anorm = 1.0`.
│ To suppress this warning, please specify the `anorm` keyword manually.
└ @ Expokit ~/.julia/packages/Expokit/fQbKs/src/expmv.jl:8
residuum: 7.487919262898259e-14
time dif: 0.8412739459999998

testing 2x2 cases
residua: 1.1102230246251565e-16, 0.0

testing real n=1000 (first padm, then expm)
residuum: 1.445993609174045e-16
time dif: -3.4736360610000006

testing complex n=100 (first padm, then expm)
residuum: 1.465323735087952e-16
time dif: -2.323372762

testing real n=100 (first chbv, then expm)
residuum: 2.740116592453488e-12
time dif: 16.357773508

testing complex n=100 (first chbv, then expm)
residuum: 3.0697834277761597e-12
time dif: 29.660906469000004

testing real n=1000 (first chbv, then expm)
residuum: 4.952425248732545e-12
time dif: 46.970713049

testing real n=100 (first phimv, then expm)
residuum: 2.914347996277536e-15
time dif: -0.464555902

testing complex n=100 (first phimv, then expm)
residuum: 1.3751442430888252e-15
time dif: -0.7881760189999998

testing real n=1000 (first phimv, then expm)
residuum: 1.6290465398214364e-14
time dif: -7.413180307

testing complex n=1000 (first phimv, then expm)
residuum: 4.033624655500954e-14
time dif: -12.750650869

testing real n=1000 (first phimv, then expm), the linear operator version.
┌ Warning: opnorm(LinearOp, Inf) is not defined, fall back to using `anorm = 1.0`.
│ To suppress this warning, please specify the `anorm` keyword manually.
└ @ Expokit ~/.julia/packages/Expokit/fQbKs/src/expmv.jl:8
┌ Warning: opnorm(LinearOp, Inf) is not defined, fall back to using `anorm = 1.0`.
│ To suppress this warning, please specify the `anorm` keyword manually.
└ @ Expokit ~/.julia/packages/Expokit/fQbKs/src/expmv.jl:8
residuum: 4.9084706479892446e-15
time dif: -4.453587682

   Testing Expokit tests passed 
