 Resolving package versions...
 Installed DataAPI ──────────────── v1.1.0
 Installed Missings ─────────────── v0.4.3
 Installed URIParser ────────────── v0.4.0
 Installed CommonSubexpressions ─── v0.2.0
 Installed LineSearches ─────────── v7.0.1
 Installed BinaryProvider ───────── v0.5.8
 Installed StatsBase ────────────── v0.32.0
 Installed Optim ────────────────── v0.19.5
 Installed NLSolversBase ────────── v7.5.0
 Installed FillArrays ───────────── v0.8.2
 Installed Compat ───────────────── v2.2.0
 Installed Requires ─────────────── v0.5.2
 Installed OrderedCollections ───── v1.1.0
 Installed DataStructures ───────── v0.17.6
 Installed ForwardDiff ──────────── v0.10.7
 Installed Calculus ─────────────── v0.5.1
 Installed DiffEqDiffTools ──────── v1.5.0
 Installed NaNMath ──────────────── v0.3.3
 Installed DiffResults ──────────── v0.0.4
 Installed DiffRules ────────────── v0.1.0
 Installed Parameters ───────────── v0.12.0
 Installed StaticArrays ─────────── v0.12.1
 Installed SortingAlgorithms ────── v0.3.1
 Installed ArrayInterface ───────── v2.0.0
 Installed PositiveFactorizations ─ v0.2.3
 Installed SpecialFunctions ─────── v0.8.0
 Installed BinDeps ──────────────── v0.8.10
  Updating `~/.julia/environments/v1.2/Project.toml`
  [429524aa] + Optim v0.19.5
  Updating `~/.julia/environments/v1.2/Manifest.toml`
  [4fba245c] + ArrayInterface v2.0.0
  [9e28174c] + BinDeps v0.8.10
  [b99e7846] + BinaryProvider v0.5.8
  [49dc2e85] + Calculus v0.5.1
  [bbf7d656] + CommonSubexpressions v0.2.0
  [34da2185] + Compat v2.2.0
  [9a962f9c] + DataAPI v1.1.0
  [864edb3b] + DataStructures v0.17.6
  [01453d9d] + DiffEqDiffTools v1.5.0
  [163ba53b] + DiffResults v0.0.4
  [b552c78f] + DiffRules v0.1.0
  [1a297f60] + FillArrays v0.8.2
  [f6369f11] + ForwardDiff v0.10.7
  [d3d80556] + LineSearches v7.0.1
  [e1d29d7a] + Missings v0.4.3
  [d41bc354] + NLSolversBase v7.5.0
  [77ba4419] + NaNMath v0.3.3
  [429524aa] + Optim v0.19.5
  [bac558e1] + OrderedCollections v1.1.0
  [d96e819e] + Parameters v0.12.0
  [85a6dd25] + PositiveFactorizations v0.2.3
  [ae029012] + Requires v0.5.2
  [a2af1166] + SortingAlgorithms v0.3.1
  [276daf66] + SpecialFunctions v0.8.0
  [90137ffa] + StaticArrays v0.12.1
  [2913bbd2] + StatsBase v0.32.0
  [30578b45] + URIParser v0.4.0
  [2a0f44e3] + Base64 
  [ade2ca70] + Dates 
  [8bb1440f] + DelimitedFiles 
  [8ba89e20] + Distributed 
  [b77e0a4c] + InteractiveUtils 
  [76f85450] + LibGit2 
  [8f399da3] + Libdl 
  [37e2e46d] + LinearAlgebra 
  [56ddb016] + Logging 
  [d6f4376e] + Markdown 
  [a63ad114] + Mmap 
  [44cfe95a] + Pkg 
  [de0858da] + Printf 
  [3fa0cd96] + REPL 
  [9a3f8284] + Random 
  [ea8e919c] + SHA 
  [9e88b42a] + Serialization 
  [1a1011a3] + SharedArrays 
  [6462fe0b] + Sockets 
  [2f01184e] + SparseArrays 
  [10745b16] + Statistics 
  [8dfed614] + Test 
  [cf7118a7] + UUIDs 
  [4ec0a83e] + Unicode 
  Building SpecialFunctions → `~/.julia/packages/SpecialFunctions/ne2iw/deps/build.log`
   Testing Optim
 Resolving package versions...
 Installed RecipesBase ───────── v0.7.0
 Installed OptimTestProblems ─── v2.0.2
 Installed Suppressor ────────── v0.1.1
 Installed RecursiveArrayTools ─ v1.2.0
    Status `/tmp/jl_ixjszA/Manifest.toml`
  [4fba245c] ArrayInterface v2.0.0
  [9e28174c] BinDeps v0.8.10
  [b99e7846] BinaryProvider v0.5.8
  [49dc2e85] Calculus v0.5.1
  [bbf7d656] CommonSubexpressions v0.2.0
  [34da2185] Compat v2.2.0
  [9a962f9c] DataAPI v1.1.0
  [864edb3b] DataStructures v0.17.6
  [01453d9d] DiffEqDiffTools v1.5.0
  [163ba53b] DiffResults v0.0.4
  [b552c78f] DiffRules v0.1.0
  [1a297f60] FillArrays v0.8.2
  [f6369f11] ForwardDiff v0.10.7
  [d3d80556] LineSearches v7.0.1
  [e1d29d7a] Missings v0.4.3
  [d41bc354] NLSolversBase v7.5.0
  [77ba4419] NaNMath v0.3.3
  [429524aa] Optim v0.19.5
  [cec144fc] OptimTestProblems v2.0.2
  [bac558e1] OrderedCollections v1.1.0
  [d96e819e] Parameters v0.12.0
  [85a6dd25] PositiveFactorizations v0.2.3
  [3cdcf5f2] RecipesBase v0.7.0
  [731186ca] RecursiveArrayTools v1.2.0
  [ae029012] Requires v0.5.2
  [a2af1166] SortingAlgorithms v0.3.1
  [276daf66] SpecialFunctions v0.8.0
  [90137ffa] StaticArrays v0.12.1
  [2913bbd2] StatsBase v0.32.0
  [fd094767] Suppressor v0.1.1
  [30578b45] URIParser v0.4.0
  [2a0f44e3] Base64  [`@stdlib/Base64`]
  [ade2ca70] Dates  [`@stdlib/Dates`]
  [8bb1440f] DelimitedFiles  [`@stdlib/DelimitedFiles`]
  [8ba89e20] Distributed  [`@stdlib/Distributed`]
  [b77e0a4c] InteractiveUtils  [`@stdlib/InteractiveUtils`]
  [76f85450] LibGit2  [`@stdlib/LibGit2`]
  [8f399da3] Libdl  [`@stdlib/Libdl`]
  [37e2e46d] LinearAlgebra  [`@stdlib/LinearAlgebra`]
  [56ddb016] Logging  [`@stdlib/Logging`]
  [d6f4376e] Markdown  [`@stdlib/Markdown`]
  [a63ad114] Mmap  [`@stdlib/Mmap`]
  [44cfe95a] Pkg  [`@stdlib/Pkg`]
  [de0858da] Printf  [`@stdlib/Printf`]
  [3fa0cd96] REPL  [`@stdlib/REPL`]
  [9a3f8284] Random  [`@stdlib/Random`]
  [ea8e919c] SHA  [`@stdlib/SHA`]
  [9e88b42a] Serialization  [`@stdlib/Serialization`]
  [1a1011a3] SharedArrays  [`@stdlib/SharedArrays`]
  [6462fe0b] Sockets  [`@stdlib/Sockets`]
  [2f01184e] SparseArrays  [`@stdlib/SparseArrays`]
  [10745b16] Statistics  [`@stdlib/Statistics`]
  [8dfed614] Test  [`@stdlib/Test`]
  [cf7118a7] UUIDs  [`@stdlib/UUIDs`]
  [4ec0a83e] Unicode  [`@stdlib/Unicode`]
./special/bigfloat/initial_convergence.jl
 17.638348 seconds (21.41 M allocations: 1.055 GiB, 4.76% gc time)
Test Summary: |
special       | No tests
./general/api.jl
 19.317895 seconds (19.88 M allocations: 1007.367 MiB, 4.23% gc time)
./general/callables.jl
  0.238659 seconds (190.16 k allocations: 10.311 MiB, 8.63% gc time)
./general/callbacks.jl
  5.696218 seconds (4.40 M allocations: 230.718 MiB, 2.46% gc time)
./general/convergence.jl
  0.414554 seconds (315.44 k allocations: 16.648 MiB, 2.88% gc time)
./general/default_solvers.jl
  0.436120 seconds (283.16 k allocations: 15.154 MiB, 3.07% gc time)
./general/deprecate.jl
  0.000169 seconds (96 allocations: 4.609 KiB)
./general/initial_convergence.jl
  2.841676 seconds (3.04 M allocations: 154.601 MiB, 4.39% gc time)
./general/objective_types.jl
  5.493234 seconds (4.57 M allocations: 241.402 MiB, 4.19% gc time)
./general/Optim.jl
  0.570351 seconds (522.52 k allocations: 26.694 MiB, 1.84% gc time)
./general/optimize.jl
  2.281022 seconds (2.52 M allocations: 132.906 MiB, 3.54% gc time)
./general/type_stability.jl
 17.613891 seconds (17.40 M allocations: 873.719 MiB, 5.05% gc time)
./general/counter.jl
 15.095681 seconds (14.59 M allocations: 737.959 MiB, 4.15% gc time)
./general/maximize.jl
  1.179666 seconds (1.32 M allocations: 70.201 MiB, 3.87% gc time)
Test Summary: | Pass  Total
general       | 2217   2217
./univariate/optimize/interface.jl
  0.000212 seconds (104 allocations: 5.125 KiB)
./univariate/optimize/optimize.jl
  0.029758 seconds (2.20 k allocations: 155.906 KiB)
./univariate/solvers/golden_section.jl
  1.711597 seconds (1.45 M allocations: 77.412 MiB, 3.28% gc time)
./univariate/solvers/brent.jl
  1.548347 seconds (1.54 M allocations: 81.265 MiB, 2.62% gc time)
./univariate/dual.jl
  2.137804 seconds (1.21 M allocations: 63.802 MiB, 2.25% gc time)
Test Summary: | Pass  Total
univariate    |   48     48
./multivariate/optimize/interface.jl
  3.347839 seconds (3.97 M allocations: 204.783 MiB, 4.91% gc time)
./multivariate/optimize/optimize.jl
  2.223092 seconds (1.68 M allocations: 89.063 MiB, 3.38% gc time)
./multivariate/optimize/inplace.jl
  0.625173 seconds (407.58 k allocations: 20.951 MiB, 4.35% gc time)
./multivariate/solvers/constrained/fminbox.jl
 18.135000 seconds (16.38 M allocations: 830.938 MiB, 4.81% gc time)
./multivariate/solvers/constrained/ipnewton/constraints.jl
 44.767931 seconds (29.31 M allocations: 1.436 GiB, 3.17% gc time)
./multivariate/solvers/constrained/ipnewton/counter.jl
  0.565121 seconds (432.75 k allocations: 23.364 MiB, 2.44% gc time)
./multivariate/solvers/constrained/ipnewton/ipnewton_unconstrained.jl
  9.343677 seconds (9.74 M allocations: 634.805 MiB, 7.15% gc time)
./multivariate/solvers/constrained/samin.jl
================================================================================
SAMIN results
==> Normal convergence <==
total number of objective function evaluations: 21651

     Obj. value:      0.0000000000

       parameter      search width
         3.00000           0.00000 
         2.00000           0.00000 
================================================================================

  2.395498 seconds (2.34 M allocations: 117.770 MiB, 4.25% gc time)
./multivariate/solvers/first_order/accelerated_gradient_descent.jl
  4.519181 seconds (5.98 M allocations: 1.232 GiB, 7.26% gc time)
./multivariate/solvers/first_order/bfgs.jl
 71.891903 seconds (17.70 M allocations: 1.790 GiB, 3.04% gc time)
./multivariate/solvers/first_order/cg.jl
 15.386494 seconds (6.14 M allocations: 1002.557 MiB, 4.30% gc time)
./multivariate/solvers/first_order/gradient_descent.jl
393.676113 seconds (63.53 M allocations: 12.493 GiB, 2.46% gc time)
./multivariate/solvers/first_order/l_bfgs.jl
  9.002052 seconds (5.41 M allocations: 1.140 GiB, 2.95% gc time)
./multivariate/solvers/first_order/momentum_gradient_descent.jl
