 Resolving package versions...
 Installed SortingAlgorithms ────── v0.3.1
 Installed Compat ───────────────── v2.2.0
 Installed NLSolversBase ────────── v7.5.0
 Installed DiffResults ──────────── v0.0.4
 Installed DataStructures ───────── v0.17.6
 Installed StaticArrays ─────────── v0.12.1
 Installed LineSearches ─────────── v7.0.1
 Installed Optim ────────────────── v0.19.5
 Installed Missings ─────────────── v0.4.3
 Installed PositiveFactorizations ─ v0.2.3
 Installed DataAPI ──────────────── v1.1.0
 Installed CommonSubexpressions ─── v0.2.0
 Installed SpecialFunctions ─────── v0.9.0
 Installed OrderedCollections ───── v1.1.0
 Installed Parameters ───────────── v0.12.0
 Installed ForwardDiff ──────────── v0.10.7
 Installed NaNMath ──────────────── v0.3.3
 Installed DiffRules ────────────── v0.1.0
 Installed OpenSpecFun_jll ──────── v0.5.3+1
 Installed Calculus ─────────────── v0.5.1
 Installed Requires ─────────────── v0.5.2
 Installed ArrayInterface ───────── v2.0.0
 Installed FillArrays ───────────── v0.8.2
 Installed DiffEqDiffTools ──────── v1.5.0
 Installed StatsBase ────────────── v0.32.0
  Updating `~/.julia/environments/v1.3/Project.toml`
  [429524aa] + Optim v0.19.5
  Updating `~/.julia/environments/v1.3/Manifest.toml`
  [4fba245c] + ArrayInterface v2.0.0
  [49dc2e85] + Calculus v0.5.1
  [bbf7d656] + CommonSubexpressions v0.2.0
  [34da2185] + Compat v2.2.0
  [9a962f9c] + DataAPI v1.1.0
  [864edb3b] + DataStructures v0.17.6
  [01453d9d] + DiffEqDiffTools v1.5.0
  [163ba53b] + DiffResults v0.0.4
  [b552c78f] + DiffRules v0.1.0
  [1a297f60] + FillArrays v0.8.2
  [f6369f11] + ForwardDiff v0.10.7
  [d3d80556] + LineSearches v7.0.1
  [e1d29d7a] + Missings v0.4.3
  [d41bc354] + NLSolversBase v7.5.0
  [77ba4419] + NaNMath v0.3.3
  [efe28fd5] + OpenSpecFun_jll v0.5.3+1
  [429524aa] + Optim v0.19.5
  [bac558e1] + OrderedCollections v1.1.0
  [d96e819e] + Parameters v0.12.0
  [85a6dd25] + PositiveFactorizations v0.2.3
  [ae029012] + Requires v0.5.2
  [a2af1166] + SortingAlgorithms v0.3.1
  [276daf66] + SpecialFunctions v0.9.0
  [90137ffa] + StaticArrays v0.12.1
  [2913bbd2] + StatsBase v0.32.0
  [2a0f44e3] + Base64 
  [ade2ca70] + Dates 
  [8bb1440f] + DelimitedFiles 
  [8ba89e20] + Distributed 
  [b77e0a4c] + InteractiveUtils 
  [76f85450] + LibGit2 
  [8f399da3] + Libdl 
  [37e2e46d] + LinearAlgebra 
  [56ddb016] + Logging 
  [d6f4376e] + Markdown 
  [a63ad114] + Mmap 
  [44cfe95a] + Pkg 
  [de0858da] + Printf 
  [3fa0cd96] + REPL 
  [9a3f8284] + Random 
  [ea8e919c] + SHA 
  [9e88b42a] + Serialization 
  [1a1011a3] + SharedArrays 
  [6462fe0b] + Sockets 
  [2f01184e] + SparseArrays 
  [10745b16] + Statistics 
  [8dfed614] + Test 
  [cf7118a7] + UUIDs 
  [4ec0a83e] + Unicode 
   Testing Optim
 Resolving package versions...
 Installed Suppressor ────────── v0.1.1
 Installed RecursiveArrayTools ─ v1.2.0
 Installed RecipesBase ───────── v0.7.0
 Installed OptimTestProblems ─── v2.0.2
    Status `/tmp/jl_Ph91Mk/Manifest.toml`
  [4fba245c] ArrayInterface v2.0.0
  [49dc2e85] Calculus v0.5.1
  [bbf7d656] CommonSubexpressions v0.2.0
  [34da2185] Compat v2.2.0
  [9a962f9c] DataAPI v1.1.0
  [864edb3b] DataStructures v0.17.6
  [01453d9d] DiffEqDiffTools v1.5.0
  [163ba53b] DiffResults v0.0.4
  [b552c78f] DiffRules v0.1.0
  [1a297f60] FillArrays v0.8.2
  [f6369f11] ForwardDiff v0.10.7
  [d3d80556] LineSearches v7.0.1
  [e1d29d7a] Missings v0.4.3
  [d41bc354] NLSolversBase v7.5.0
  [77ba4419] NaNMath v0.3.3
  [efe28fd5] OpenSpecFun_jll v0.5.3+1
  [429524aa] Optim v0.19.5
  [cec144fc] OptimTestProblems v2.0.2
  [bac558e1] OrderedCollections v1.1.0
  [d96e819e] Parameters v0.12.0
  [85a6dd25] PositiveFactorizations v0.2.3
  [3cdcf5f2] RecipesBase v0.7.0
  [731186ca] RecursiveArrayTools v1.2.0
  [ae029012] Requires v0.5.2
  [a2af1166] SortingAlgorithms v0.3.1
  [276daf66] SpecialFunctions v0.9.0
  [90137ffa] StaticArrays v0.12.1
  [2913bbd2] StatsBase v0.32.0
  [fd094767] Suppressor v0.1.1
  [2a0f44e3] Base64  [`@stdlib/Base64`]
  [ade2ca70] Dates  [`@stdlib/Dates`]
  [8bb1440f] DelimitedFiles  [`@stdlib/DelimitedFiles`]
  [8ba89e20] Distributed  [`@stdlib/Distributed`]
  [b77e0a4c] InteractiveUtils  [`@stdlib/InteractiveUtils`]
  [76f85450] LibGit2  [`@stdlib/LibGit2`]
  [8f399da3] Libdl  [`@stdlib/Libdl`]
  [37e2e46d] LinearAlgebra  [`@stdlib/LinearAlgebra`]
  [56ddb016] Logging  [`@stdlib/Logging`]
  [d6f4376e] Markdown  [`@stdlib/Markdown`]
  [a63ad114] Mmap  [`@stdlib/Mmap`]
  [44cfe95a] Pkg  [`@stdlib/Pkg`]
  [de0858da] Printf  [`@stdlib/Printf`]
  [3fa0cd96] REPL  [`@stdlib/REPL`]
  [9a3f8284] Random  [`@stdlib/Random`]
  [ea8e919c] SHA  [`@stdlib/SHA`]
  [9e88b42a] Serialization  [`@stdlib/Serialization`]
  [1a1011a3] SharedArrays  [`@stdlib/SharedArrays`]
  [6462fe0b] Sockets  [`@stdlib/Sockets`]
  [2f01184e] SparseArrays  [`@stdlib/SparseArrays`]
  [10745b16] Statistics  [`@stdlib/Statistics`]
  [8dfed614] Test  [`@stdlib/Test`]
  [cf7118a7] UUIDs  [`@stdlib/UUIDs`]
  [4ec0a83e] Unicode  [`@stdlib/Unicode`]
./special/bigfloat/initial_convergence.jl
 17.188527 seconds (20.75 M allocations: 1.017 GiB, 6.57% gc time)
Test Summary: |
special       | No tests
./general/api.jl
 17.797945 seconds (17.97 M allocations: 903.112 MiB, 2.87% gc time)
./general/callables.jl
  0.244519 seconds (160.47 k allocations: 8.571 MiB)
./general/callbacks.jl
  5.518251 seconds (4.16 M allocations: 218.161 MiB, 1.89% gc time)
./general/convergence.jl
  0.414479 seconds (283.36 k allocations: 14.865 MiB)
./general/default_solvers.jl
  0.413717 seconds (246.13 k allocations: 12.945 MiB, 4.32% gc time)
./general/deprecate.jl
  0.000181 seconds (96 allocations: 4.609 KiB)
./general/initial_convergence.jl
  2.761453 seconds (2.81 M allocations: 142.507 MiB, 2.27% gc time)
./general/objective_types.jl
  5.782564 seconds (4.38 M allocations: 229.962 MiB, 7.93% gc time)
./general/Optim.jl
  0.680897 seconds (550.74 k allocations: 27.308 MiB, 4.15% gc time)
./general/optimize.jl
  1.623029 seconds (1.63 M allocations: 83.475 MiB, 1.99% gc time)
./general/type_stability.jl
 15.499833 seconds (16.07 M allocations: 799.405 MiB, 2.46% gc time)
./general/counter.jl
 14.385507 seconds (13.34 M allocations: 671.198 MiB, 2.72% gc time)
./general/maximize.jl
  1.269443 seconds (1.16 M allocations: 60.949 MiB, 4.21% gc time)
Test Summary: | Pass  Total
general       | 2217   2217
./univariate/optimize/interface.jl
  0.000156 seconds (104 allocations: 5.125 KiB)
./univariate/optimize/optimize.jl
  0.024660 seconds (2.23 k allocations: 157.391 KiB)
./univariate/solvers/golden_section.jl
  1.344582 seconds (1.31 M allocations: 69.387 MiB, 1.60% gc time)
./univariate/solvers/brent.jl
  1.378692 seconds (1.35 M allocations: 70.698 MiB, 2.86% gc time)
./univariate/dual.jl
  1.774210 seconds (1.16 M allocations: 61.149 MiB, 1.14% gc time)
Test Summary: | Pass  Total
univariate    |   48     48
./multivariate/optimize/interface.jl
  3.050600 seconds (3.73 M allocations: 190.038 MiB, 3.55% gc time)
./multivariate/optimize/optimize.jl
  1.335833 seconds (824.39 k allocations: 42.483 MiB, 1.60% gc time)
./multivariate/optimize/inplace.jl
  0.463142 seconds (372.23 k allocations: 18.929 MiB)
./multivariate/solvers/constrained/fminbox.jl
 17.924479 seconds (16.63 M allocations: 835.313 MiB, 4.72% gc time)
./multivariate/solvers/constrained/ipnewton/constraints.jl
 46.592603 seconds (31.92 M allocations: 1.536 GiB, 1.94% gc time)
./multivariate/solvers/constrained/ipnewton/counter.jl
  0.531301 seconds (412.58 k allocations: 22.237 MiB, 8.43% gc time)
./multivariate/solvers/constrained/ipnewton/ipnewton_unconstrained.jl
  8.726252 seconds (8.80 M allocations: 583.109 MiB, 9.64% gc time)
./multivariate/solvers/constrained/samin.jl
================================================================================
SAMIN results
==> Normal convergence <==
total number of objective function evaluations: 22951

     Obj. value:      0.0000000000

       parameter      search width
         3.00000           0.00000 
         2.00000           0.00000 
================================================================================

  2.663148 seconds (2.86 M allocations: 143.682 MiB, 3.07% gc time)
./multivariate/solvers/first_order/accelerated_gradient_descent.jl
  4.522318 seconds (5.88 M allocations: 1.224 GiB, 5.46% gc time)
./multivariate/solvers/first_order/bfgs.jl
 56.029506 seconds (16.68 M allocations: 1.739 GiB, 5.02% gc time)
./multivariate/solvers/first_order/cg.jl
 16.180796 seconds (5.94 M allocations: 990.462 MiB, 2.03% gc time)
./multivariate/solvers/first_order/gradient_descent.jl
130.689813 seconds (63.50 M allocations: 12.491 GiB, 4.63% gc time)
./multivariate/solvers/first_order/l_bfgs.jl
  9.958498 seconds (5.40 M allocations: 1.139 GiB, 4.97% gc time)
./multivariate/solvers/first_order/momentum_gradient_descent.jl
Momentum Gradient Descent: Test Failed at /root/.julia/packages/Optim/tey5d/test/runtests.jl:151
  Expression: Optim.converged(results)
Stacktrace:
 [1] #run_optim_tests#11(::NTuple{5,Tuple{String,Int64}}, ::Tuple{}, ::Tuple{Tuple{String,Int64},Tuple{String,Int64}}, ::NTuple{4,String}, ::Tuple{Tuple{String,Int64},Tuple{String,Int64},Tuple{String,Int64}}, ::NTuple{6,String}, ::Bool, ::Bool, ::Bool, ::Bool, ::typeof(run_optim_tests), ::MomentumGradientDescent{Float64,LineSearches.InitialPrevious{Float64},LineSearches.HagerZhang{Float64,Base.RefValue{Bool}}}) at /root/.julia/packages/Optim/tey5d/test/runtests.jl:151
 [2] (::var"#kw##run_optim_tests")(::NamedTuple{(:skip, :convergence_exceptions, :minimum_exceptions, :iteration_exceptions, :f_increase_exceptions, :show_name),Tuple{NTuple{6,String},NTuple{5,Tuple{String,Int64}},Tuple{Tuple{String,Int64},Tuple{String,Int64}},Tuple{Tuple{String,Int64},Tuple{String,Int64},Tuple{String,Int64}},NTuple{4,String},Bool}}, ::typeof(run_optim_tests), ::MomentumGradientDescent{Float64,LineSearches.InitialPrevious{Float64},LineSearches.HagerZhang{Float64,Base.RefValue{Bool}}}) at ./none:0
 [3] top-level scope at /root/.julia/packages/Optim/tey5d/test/multivariate/solvers/first_order/momentum_gradient_descent.jl:5
 [4] top-level scope at /buildworker/worker/package_linux64/build/usr/share/julia/stdlib/v1.3/Test/src/Test.jl:1107
 [5] top-level scope at /root/.julia/packages/Optim/tey5d/test/multivariate/solvers/first_order/momentum_gradient_descent.jl:3
Paraboloid Random Matrix did not converge with i = 1
 * Status: failure (reached maximum number of iterations) (line search failed)

 * Candidate solution
    Minimizer: [8.88e-01, 1.12e+00, 1.15e+00,  ...]
    Minimum:   1.912726e-01

 * Found with
    Algorithm:     Momentum Gradient Descent
    Initial Point: [0.00e+00, 0.00e+00, 0.00e+00,  ...]

 * Convergence measures
    |x - x'|               = 3.01e-05 ≰ 0.0e+00
    |x - x'|/|x'|          = 2.54e-05 ≰ 0.0e+00
    |f(x) - f(x')|         = 1.19e-05 ≰ 0.0e+00
    |f(x) - f(x')|/|f(x')| = 6.20e-05 ≰ 0.0e+00
    |g(x)|                 = 2.40e-02 ≰ 1.0e-08

 * Work counters
    Seconds run:   2576  (vs limit Inf)
    Iterations:    10000
    f(x) calls:    39493
    ∇f(x) calls:   39493

Momentum Gradient Descent: Test Failed at /root/.julia/packages/Optim/tey5d/test/runtests.jl:159
  Expression: Optim.minimum(results) < prob.minimum + sqrt(eps(typeof(prob.minimum)))
   Evaluated: 0.1912725814045097 < 1.4901161193847656e-8
Stacktrace:
 [1] #run_optim_tests#11(::NTuple{5,Tuple{String,Int64}}, ::Tuple{}, ::Tuple{Tuple{String,Int64},Tuple{String,Int64}}, ::NTuple{4,String}, ::Tuple{Tuple{String,Int64},Tuple{String,Int64},Tuple{String,Int64}}, ::NTuple{6,String}, ::Bool, ::Bool, ::Bool, ::Bool, ::typeof(run_optim_tests), ::MomentumGradientDescent{Float64,LineSearches.InitialPrevious{Float64},LineSearches.HagerZhang{Float64,Base.RefValue{Bool}}}) at /root/.julia/packages/Optim/tey5d/test/runtests.jl:159
 [2] (::var"#kw##run_optim_tests")(::NamedTuple{(:skip, :convergence_exceptions, :minimum_exceptions, :iteration_exceptions, :f_increase_exceptions, :show_name),Tuple{NTuple{6,String},NTuple{5,Tuple{String,Int64}},Tuple{Tuple{String,Int64},Tuple{String,Int64}},Tuple{Tuple{String,Int64},Tuple{String,Int64},Tuple{String,Int64}},NTuple{4,String},Bool}}, ::typeof(run_optim_tests), ::MomentumGradientDescent{Float64,LineSearches.InitialPrevious{Float64},LineSearches.HagerZhang{Float64,Base.RefValue{Bool}}}) at ./none:0
 [3] top-level scope at /root/.julia/packages/Optim/tey5d/test/multivariate/solvers/first_order/momentum_gradient_descent.jl:5
 [4] top-level scope at /buildworker/worker/package_linux64/build/usr/share/julia/stdlib/v1.3/Test/src/Test.jl:1107
 [5] top-level scope at /root/.julia/packages/Optim/tey5d/test/multivariate/solvers/first_order/momentum_gradient_descent.jl:3
Momentum Gradient Descent: Test Failed at /root/.julia/packages/Optim/tey5d/test/runtests.jl:162
  Expression: norm(Optim.minimizer(results) - prob.solutions) < 0.01
   Evaluated: 1.281446679711507 < 0.01
Stacktrace:
 [1] #run_optim_tests#11(::NTuple{5,Tuple{String,Int64}}, ::Tuple{}, ::Tuple{Tuple{String,Int64},Tuple{String,Int64}}, ::NTuple{4,String}, ::Tuple{Tuple{String,Int64},Tuple{String,Int64},Tuple{String,Int64}}, ::NTuple{6,String}, ::Bool, ::Bool, ::Bool, ::Bool, ::typeof(run_optim_tests), ::MomentumGradientDescent{Float64,LineSearches.InitialPrevious{Float64},LineSearches.HagerZhang{Float64,Base.RefValue{Bool}}}) at /root/.julia/packages/Optim/tey5d/test/runtests.jl:162
 [2] (::var"#kw##run_optim_tests")(::NamedTuple{(:skip, :convergence_exceptions, :minimum_exceptions, :iteration_exceptions, :f_increase_exceptions, :show_name),Tuple{NTuple{6,String},NTuple{5,Tuple{String,Int64}},Tuple{Tuple{String,Int64},Tuple{String,Int64}},Tuple{Tuple{String,Int64},Tuple{String,Int64},Tuple{String,Int64}},NTuple{4,String},Bool}}, ::typeof(run_optim_tests), ::MomentumGradientDescent{Float64,LineSearches.InitialPrevious{Float64},LineSearches.HagerZhang{Float64,Base.RefValue{Bool}}}) at ./none:0
 [3] top-level scope at /root/.julia/packages/Optim/tey5d/test/multivariate/solvers/first_order/momentum_gradient_descent.jl:5
 [4] top-level scope at /buildworker/worker/package_linux64/build/usr/share/julia/stdlib/v1.3/Test/src/Test.jl:1107
 [5] top-level scope at /root/.julia/packages/Optim/tey5d/test/multivariate/solvers/first_order/momentum_gradient_descent.jl:3
2586.094437 seconds (52.65 M allocations: 15.874 GiB, 0.41% gc time)
./multivariate/solvers/first_order/ngmres.jl
┌ Warning: Use caution. N-GMRES/O-ACCEL has only been tested with Gradient Descent and L-BFGS preconditioning.
└ @ Optim ~/.julia/packages/Optim/tey5d/src/multivariate/solvers/first_order/ngmres.jl:210
 82.473534 seconds (26.58 M allocations: 2.818 GiB, 1.56% gc time)
./multivariate/solvers/second_order/newton.jl
281.060111 seconds (43.59 M allocations: 10.449 GiB, 1.33% gc time)
./multivariate/solvers/second_order/newton_trust_region.jl
