 Resolving package versions...
 Installed OpenSpecFun_jll ──────── v0.5.3+1
 Installed NaNMath ──────────────── v0.3.3
 Installed Compat ───────────────── v2.2.0
 Installed DiffResults ──────────── v0.0.4
 Installed SpecialFunctions ─────── v0.9.0
 Installed DataStructures ───────── v0.17.6
 Installed StaticArrays ─────────── v0.12.1
 Installed Optim ────────────────── v0.19.5
 Installed StatsBase ────────────── v0.32.0
 Installed FillArrays ───────────── v0.8.2
 Installed LineSearches ─────────── v7.0.1
 Installed Calculus ─────────────── v0.5.1
 Installed Missings ─────────────── v0.4.3
 Installed ForwardDiff ──────────── v0.10.7
 Installed Parameters ───────────── v0.12.0
 Installed CommonSubexpressions ─── v0.2.0
 Installed DiffRules ────────────── v0.1.0
 Installed NLSolversBase ────────── v7.5.0
 Installed Requires ─────────────── v0.5.2
 Installed ArrayInterface ───────── v2.0.0
 Installed PositiveFactorizations ─ v0.2.3
 Installed DiffEqDiffTools ──────── v1.5.0
 Installed OrderedCollections ───── v1.1.0
 Installed DataAPI ──────────────── v1.1.0
 Installed SortingAlgorithms ────── v0.3.1
  Updating `~/.julia/environments/v1.3/Project.toml`
  [429524aa] + Optim v0.19.5
  Updating `~/.julia/environments/v1.3/Manifest.toml`
  [4fba245c] + ArrayInterface v2.0.0
  [49dc2e85] + Calculus v0.5.1
  [bbf7d656] + CommonSubexpressions v0.2.0
  [34da2185] + Compat v2.2.0
  [9a962f9c] + DataAPI v1.1.0
  [864edb3b] + DataStructures v0.17.6
  [01453d9d] + DiffEqDiffTools v1.5.0
  [163ba53b] + DiffResults v0.0.4
  [b552c78f] + DiffRules v0.1.0
  [1a297f60] + FillArrays v0.8.2
  [f6369f11] + ForwardDiff v0.10.7
  [d3d80556] + LineSearches v7.0.1
  [e1d29d7a] + Missings v0.4.3
  [d41bc354] + NLSolversBase v7.5.0
  [77ba4419] + NaNMath v0.3.3
  [efe28fd5] + OpenSpecFun_jll v0.5.3+1
  [429524aa] + Optim v0.19.5
  [bac558e1] + OrderedCollections v1.1.0
  [d96e819e] + Parameters v0.12.0
  [85a6dd25] + PositiveFactorizations v0.2.3
  [ae029012] + Requires v0.5.2
  [a2af1166] + SortingAlgorithms v0.3.1
  [276daf66] + SpecialFunctions v0.9.0
  [90137ffa] + StaticArrays v0.12.1
  [2913bbd2] + StatsBase v0.32.0
  [2a0f44e3] + Base64 
  [ade2ca70] + Dates 
  [8bb1440f] + DelimitedFiles 
  [8ba89e20] + Distributed 
  [b77e0a4c] + InteractiveUtils 
  [76f85450] + LibGit2 
  [8f399da3] + Libdl 
  [37e2e46d] + LinearAlgebra 
  [56ddb016] + Logging 
  [d6f4376e] + Markdown 
  [a63ad114] + Mmap 
  [44cfe95a] + Pkg 
  [de0858da] + Printf 
  [3fa0cd96] + REPL 
  [9a3f8284] + Random 
  [ea8e919c] + SHA 
  [9e88b42a] + Serialization 
  [1a1011a3] + SharedArrays 
  [6462fe0b] + Sockets 
  [2f01184e] + SparseArrays 
  [10745b16] + Statistics 
  [8dfed614] + Test 
  [cf7118a7] + UUIDs 
  [4ec0a83e] + Unicode 
   Testing Optim
 Resolving package versions...
 Installed RecipesBase ───────── v0.7.0
 Installed Suppressor ────────── v0.1.1
 Installed OptimTestProblems ─── v2.0.2
 Installed RecursiveArrayTools ─ v1.2.0
    Status `/tmp/jl_i64QuP/Manifest.toml`
  [4fba245c] ArrayInterface v2.0.0
  [49dc2e85] Calculus v0.5.1
  [bbf7d656] CommonSubexpressions v0.2.0
  [34da2185] Compat v2.2.0
  [9a962f9c] DataAPI v1.1.0
  [864edb3b] DataStructures v0.17.6
  [01453d9d] DiffEqDiffTools v1.5.0
  [163ba53b] DiffResults v0.0.4
  [b552c78f] DiffRules v0.1.0
  [1a297f60] FillArrays v0.8.2
  [f6369f11] ForwardDiff v0.10.7
  [d3d80556] LineSearches v7.0.1
  [e1d29d7a] Missings v0.4.3
  [d41bc354] NLSolversBase v7.5.0
  [77ba4419] NaNMath v0.3.3
  [efe28fd5] OpenSpecFun_jll v0.5.3+1
  [429524aa] Optim v0.19.5
  [cec144fc] OptimTestProblems v2.0.2
  [bac558e1] OrderedCollections v1.1.0
  [d96e819e] Parameters v0.12.0
  [85a6dd25] PositiveFactorizations v0.2.3
  [3cdcf5f2] RecipesBase v0.7.0
  [731186ca] RecursiveArrayTools v1.2.0
  [ae029012] Requires v0.5.2
  [a2af1166] SortingAlgorithms v0.3.1
  [276daf66] SpecialFunctions v0.9.0
  [90137ffa] StaticArrays v0.12.1
  [2913bbd2] StatsBase v0.32.0
  [fd094767] Suppressor v0.1.1
  [2a0f44e3] Base64  [`@stdlib/Base64`]
  [ade2ca70] Dates  [`@stdlib/Dates`]
  [8bb1440f] DelimitedFiles  [`@stdlib/DelimitedFiles`]
  [8ba89e20] Distributed  [`@stdlib/Distributed`]
  [b77e0a4c] InteractiveUtils  [`@stdlib/InteractiveUtils`]
  [76f85450] LibGit2  [`@stdlib/LibGit2`]
  [8f399da3] Libdl  [`@stdlib/Libdl`]
  [37e2e46d] LinearAlgebra  [`@stdlib/LinearAlgebra`]
  [56ddb016] Logging  [`@stdlib/Logging`]
  [d6f4376e] Markdown  [`@stdlib/Markdown`]
  [a63ad114] Mmap  [`@stdlib/Mmap`]
  [44cfe95a] Pkg  [`@stdlib/Pkg`]
  [de0858da] Printf  [`@stdlib/Printf`]
  [3fa0cd96] REPL  [`@stdlib/REPL`]
  [9a3f8284] Random  [`@stdlib/Random`]
  [ea8e919c] SHA  [`@stdlib/SHA`]
  [9e88b42a] Serialization  [`@stdlib/Serialization`]
  [1a1011a3] SharedArrays  [`@stdlib/SharedArrays`]
  [6462fe0b] Sockets  [`@stdlib/Sockets`]
  [2f01184e] SparseArrays  [`@stdlib/SparseArrays`]
  [10745b16] Statistics  [`@stdlib/Statistics`]
  [8dfed614] Test  [`@stdlib/Test`]
  [cf7118a7] UUIDs  [`@stdlib/UUIDs`]
  [4ec0a83e] Unicode  [`@stdlib/Unicode`]
./special/bigfloat/initial_convergence.jl
 19.169125 seconds (20.88 M allocations: 1.023 GiB, 4.76% gc time)
Test Summary: |
special       | No tests
./general/api.jl
 23.269293 seconds (17.99 M allocations: 904.687 MiB, 5.48% gc time)
./general/callables.jl
  0.340914 seconds (160.52 k allocations: 8.572 MiB)
./general/callbacks.jl
  6.827138 seconds (4.16 M allocations: 218.197 MiB, 1.62% gc time)
./general/convergence.jl
  0.659304 seconds (283.36 k allocations: 14.865 MiB)
./general/default_solvers.jl
  0.694047 seconds (246.13 k allocations: 13.009 MiB, 2.52% gc time)
./general/deprecate.jl
  0.000171 seconds (96 allocations: 4.609 KiB)
./general/initial_convergence.jl
  4.701099 seconds (2.81 M allocations: 142.388 MiB, 2.28% gc time)
./general/objective_types.jl
  5.935707 seconds (4.38 M allocations: 229.910 MiB, 1.36% gc time)
./general/Optim.jl
  0.980121 seconds (550.74 k allocations: 27.307 MiB, 2.58% gc time)
./general/optimize.jl
  2.051096 seconds (1.63 M allocations: 83.468 MiB, 2.11% gc time)
./general/type_stability.jl
 19.418572 seconds (16.09 M allocations: 800.611 MiB, 2.46% gc time)
./general/counter.jl
 16.227800 seconds (13.34 M allocations: 671.135 MiB, 5.20% gc time)
./general/maximize.jl
  1.071159 seconds (1.16 M allocations: 60.952 MiB, 2.57% gc time)
Test Summary: | Pass  Total
general       | 2217   2217
./univariate/optimize/interface.jl
  0.000170 seconds (104 allocations: 5.125 KiB)
./univariate/optimize/optimize.jl
  0.025989 seconds (2.23 k allocations: 157.391 KiB)
./univariate/solvers/golden_section.jl
  1.502653 seconds (1.31 M allocations: 69.385 MiB)
./univariate/solvers/brent.jl
  1.451605 seconds (1.35 M allocations: 70.701 MiB, 2.41% gc time)
./univariate/dual.jl
  1.928572 seconds (1.16 M allocations: 61.148 MiB, 0.77% gc time)
Test Summary: | Pass  Total
univariate    |   48     48
./multivariate/optimize/interface.jl
  3.666099 seconds (3.73 M allocations: 189.976 MiB, 3.29% gc time)
./multivariate/optimize/optimize.jl
  1.432182 seconds (824.40 k allocations: 42.487 MiB, 1.30% gc time)
./multivariate/optimize/inplace.jl
  0.844834 seconds (372.22 k allocations: 18.992 MiB)
./multivariate/solvers/constrained/fminbox.jl
 19.403957 seconds (15.45 M allocations: 781.081 MiB, 2.47% gc time)
./multivariate/solvers/constrained/ipnewton/constraints.jl
 54.008321 seconds (30.53 M allocations: 1.471 GiB, 2.72% gc time)
./multivariate/solvers/constrained/ipnewton/counter.jl
  0.716381 seconds (412.58 k allocations: 22.235 MiB, 2.64% gc time)
./multivariate/solvers/constrained/ipnewton/ipnewton_unconstrained.jl
  9.259387 seconds (8.80 M allocations: 582.973 MiB, 4.51% gc time)
./multivariate/solvers/constrained/samin.jl
================================================================================
SAMIN results
==> Normal convergence <==
total number of objective function evaluations: 21551

     Obj. value:      0.0000000000

       parameter      search width
         3.00000           0.00000 
         2.00000           0.00000 
================================================================================

  2.840777 seconds (2.85 M allocations: 143.194 MiB, 2.88% gc time)
./multivariate/solvers/first_order/accelerated_gradient_descent.jl
  5.459503 seconds (5.88 M allocations: 1.224 GiB, 8.48% gc time)
./multivariate/solvers/first_order/bfgs.jl
135.759678 seconds (16.68 M allocations: 1.739 GiB, 3.26% gc time)
./multivariate/solvers/first_order/cg.jl
 58.845618 seconds (5.94 M allocations: 989.906 MiB, 1.67% gc time)
./multivariate/solvers/first_order/gradient_descent.jl
446.849300 seconds (63.50 M allocations: 12.491 GiB, 1.56% gc time)
./multivariate/solvers/first_order/l_bfgs.jl
 60.626666 seconds (5.40 M allocations: 1.139 GiB, 2.04% gc time)
./multivariate/solvers/first_order/momentum_gradient_descent.jl
