 Resolving package versions...
 Installed FunctionWrappers ──────────── v1.0.0
 Installed Adapt ─────────────────────── v1.0.0
 Installed OpenSpecFun_jll ───────────── v0.5.3+1
 Installed NaNMath ───────────────────── v0.3.3
 Installed DataStructures ────────────── v0.17.6
 Installed IterativeSolvers ──────────── v0.8.1
 Installed OrdinaryDiffEq ────────────── v5.25.0
 Installed LightGraphs ───────────────── v1.3.0
 Installed SparseDiffTools ───────────── v1.0.0
 Installed Compat ────────────────────── v2.2.0
 Installed Roots ─────────────────────── v0.8.3
 Installed Inflate ───────────────────── v0.1.1
 Installed StaticArrays ──────────────── v0.12.1
 Installed SpecialFunctions ──────────── v0.9.0
 Installed DiffResults ───────────────── v0.0.4
 Installed MacroTools ────────────────── v0.5.2
 Installed ForwardDiff ───────────────── v0.10.7
 Installed Parameters ────────────────── v0.12.0
 Installed ExponentialUtilities ──────── v1.5.1
 Installed CommonSubexpressions ──────── v0.2.0
 Installed DocStringExtensions ───────── v0.8.1
 Installed MuladdMacro ───────────────── v0.2.1
 Installed TableTraits ───────────────── v1.0.0
 Installed DiffRules ─────────────────── v0.1.0
 Installed Requires ──────────────────── v0.5.2
 Installed SimpleTraits ──────────────── v0.9.1
 Installed Reexport ──────────────────── v0.2.0
 Installed RecursiveArrayTools ───────── v1.2.0
 Installed ArrayInterface ────────────── v2.0.0
 Installed GenericSVD ────────────────── v0.2.2
 Installed RecursiveFactorization ────── v0.1.0
 Installed RecipesBase ───────────────── v0.7.0
 Installed DiffEqBase ────────────────── v6.7.0
 Installed OrderedCollections ────────── v1.1.0
 Installed IteratorInterfaceExtensions ─ v1.0.0
 Installed ArnoldiMethod ─────────────── v0.0.4
 Installed VertexSafeGraphs ──────────── v0.1.0
 Installed TreeViews ─────────────────── v0.3.0
 Installed DiffEqDiffTools ───────────── v1.5.0
  Updating `~/.julia/environments/v1.3/Project.toml`
  [1dea7af3] + OrdinaryDiffEq v5.25.0
  Updating `~/.julia/environments/v1.3/Manifest.toml`
  [79e6a3ab] + Adapt v1.0.0
  [ec485272] + ArnoldiMethod v0.0.4
  [4fba245c] + ArrayInterface v2.0.0
  [bbf7d656] + CommonSubexpressions v0.2.0
  [34da2185] + Compat v2.2.0
  [864edb3b] + DataStructures v0.17.6
  [2b5f629d] + DiffEqBase v6.7.0
  [01453d9d] + DiffEqDiffTools v1.5.0
  [163ba53b] + DiffResults v0.0.4
  [b552c78f] + DiffRules v0.1.0
  [ffbed154] + DocStringExtensions v0.8.1
  [d4d017d3] + ExponentialUtilities v1.5.1
  [f6369f11] + ForwardDiff v0.10.7
  [069b7b12] + FunctionWrappers v1.0.0
  [01680d73] + GenericSVD v0.2.2
  [d25df0c9] + Inflate v0.1.1
  [42fd0dbc] + IterativeSolvers v0.8.1
  [82899510] + IteratorInterfaceExtensions v1.0.0
  [093fc24a] + LightGraphs v1.3.0
  [1914dd2f] + MacroTools v0.5.2
  [46d2c3a1] + MuladdMacro v0.2.1
  [77ba4419] + NaNMath v0.3.3
  [efe28fd5] + OpenSpecFun_jll v0.5.3+1
  [bac558e1] + OrderedCollections v1.1.0
  [1dea7af3] + OrdinaryDiffEq v5.25.0
  [d96e819e] + Parameters v0.12.0
  [3cdcf5f2] + RecipesBase v0.7.0
  [731186ca] + RecursiveArrayTools v1.2.0
  [f2c3362d] + RecursiveFactorization v0.1.0
  [189a3867] + Reexport v0.2.0
  [ae029012] + Requires v0.5.2
  [f2b01f46] + Roots v0.8.3
  [699a6c99] + SimpleTraits v0.9.1
  [47a9eef4] + SparseDiffTools v1.0.0
  [276daf66] + SpecialFunctions v0.9.0
  [90137ffa] + StaticArrays v0.12.1
  [3783bdb8] + TableTraits v1.0.0
  [a2a6695c] + TreeViews v0.3.0
  [19fa3120] + VertexSafeGraphs v0.1.0
  [2a0f44e3] + Base64 
  [ade2ca70] + Dates 
  [8bb1440f] + DelimitedFiles 
  [8ba89e20] + Distributed 
  [b77e0a4c] + InteractiveUtils 
  [76f85450] + LibGit2 
  [8f399da3] + Libdl 
  [37e2e46d] + LinearAlgebra 
  [56ddb016] + Logging 
  [d6f4376e] + Markdown 
  [a63ad114] + Mmap 
  [44cfe95a] + Pkg 
  [de0858da] + Printf 
  [3fa0cd96] + REPL 
  [9a3f8284] + Random 
  [ea8e919c] + SHA 
  [9e88b42a] + Serialization 
  [1a1011a3] + SharedArrays 
  [6462fe0b] + Sockets 
  [2f01184e] + SparseArrays 
  [10745b16] + Statistics 
  [4607b0f0] + SuiteSparse 
  [8dfed614] + Test 
  [cf7118a7] + UUIDs 
  [4ec0a83e] + Unicode 
   Testing OrdinaryDiffEq
 Resolving package versions...
 Installed DiffEqCallbacks ───────── v2.10.0
 Installed Calculus ──────────────── v0.5.1
 Installed SafeTestsets ──────────── v0.0.1
 Installed DiffEqSensitivity ─────── v4.3.0
 Installed DiffEqProblemLibrary ──── v4.5.1
 Installed DiffEqDevTools ────────── v2.16.0
 Installed DelayDiffEq ───────────── v5.18.0
 Installed DiffEqOperators ───────── v4.6.0
 Installed Unitful ───────────────── v0.18.0
 Installed QuadGK ────────────────── v2.1.1
 Installed ArrayLayouts ──────────── v0.1.5
 Installed ModelingToolkit ───────── v1.0.0
 Installed ConstructionBase ──────── v1.0.0
 Installed CanonicalTraits ───────── v0.1.0
 Installed Tables ────────────────── v0.2.11
 Installed NameResolution ────────── v0.1.3
 Installed MLStyle ───────────────── v0.3.1
 Installed GenericSchur ──────────── v0.3.0
 Installed SymEngine ─────────────── v0.7.0
 Installed StatsModels ───────────── v0.5.0
 Installed Formatting ────────────── v0.4.1
 Installed LazyArrays ────────────── v0.14.10
 Installed DataFrames ────────────── v0.19.4
 Installed Quadmath ──────────────── v0.5.2
 Installed Polynomials ───────────── v0.6.0
 Installed ProjectiveVectors ─────── v1.1.2
 Installed MultivariatePolynomials ─ v0.3.2
 Installed LaTeXStrings ──────────── v1.0.3
 Installed ResettableStacks ──────── v1.0.0
 Installed DiffEqBiological ──────── v4.1.0
 Installed BandedMatrices ────────── v0.14.2
 Installed StatsBase ─────────────── v0.32.0
 Installed GeneralizedGenerated ──── v0.2.0
 Installed FillArrays ────────────── v0.8.2
 Installed ElasticArrays ─────────── v1.0.0
 Installed Missings ──────────────── v0.4.3
 Installed LineSearches ──────────── v7.0.1
 Installed Arpack ────────────────── v0.3.1
 Installed PooledArrays ──────────── v0.5.2
 Installed PrettyPrint ───────────── v0.1.0
 Installed BinaryProvider ────────── v0.5.8
 Installed StatsFuns ─────────────── v0.8.0
 Installed GLM ───────────────────── v1.1.1
 Installed ProgressMeter ─────────── v1.2.0
 Installed InvertedIndices ───────── v1.0.0
 Installed NLSolversBase ─────────── v7.5.0
 Installed Rmath ─────────────────── v0.6.0
 Installed BlockArrays ───────────── v0.10.2
 Installed NNlib ─────────────────── v0.6.0
 Installed HomotopyContinuation ──── v1.3.1
 Installed PoissonRandom ─────────── v0.4.0
 Installed PrettyTables ──────────── v0.6.0
 Installed BlockBandedMatrices ───── v0.6.0
 Installed Crayons ───────────────── v4.0.1
 Installed Distances ─────────────── v0.8.2
 Installed MatrixFactorizations ──── v0.2.1
 Installed DoubleFloats ──────────── v1.0.1
 Installed DataValueInterfaces ───── v1.0.0
 Installed Distributions ─────────── v0.19.2
 Installed CategoricalArrays ─────── v0.7.3
 Installed Tracker ───────────────── v0.2.5
 Installed DiffEqJump ────────────── v6.3.0
 Installed DataAPI ───────────────── v1.1.0
 Installed StaticPolynomials ─────── v1.3.3
 Installed Latexify ──────────────── v0.12.3
 Installed RandomNumbers ─────────── v1.3.0
 Installed JSON ──────────────────── v0.21.0
 Installed DynamicPolynomials ────── v0.3.3
 Installed PDMats ────────────────── v0.9.10
 Installed JuliaVariables ────────── v0.2.0
 Installed Parsers ───────────────── v0.3.10
 Installed SortingAlgorithms ─────── v0.3.1
 Installed TimerOutputs ──────────── v0.5.3
 Installed FixedPolynomials ──────── v0.4.0
 Installed DiffEqNoiseProcess ────── v3.6.0
 Installed MixedSubdivisions ─────── v1.0.0
 Installed NLsolve ───────────────── v4.2.0
  Building SymEngine → `~/.julia/packages/SymEngine/zSUGO/deps/build.log`
  Building Arpack ───→ `~/.julia/packages/Arpack/cu5By/deps/build.log`
  Building Rmath ────→ `~/.julia/packages/Rmath/BoBag/deps/build.log`
    Status `/tmp/jl_5jSnzP/Manifest.toml`
  [79e6a3ab] Adapt v1.0.0
  [ec485272] ArnoldiMethod v0.0.4
  [7d9fca2a] Arpack v0.3.1
  [4fba245c] ArrayInterface v2.0.0
  [4c555306] ArrayLayouts v0.1.5
  [aae01518] BandedMatrices v0.14.2
  [b99e7846] BinaryProvider v0.5.8
  [8e7c35d0] BlockArrays v0.10.2
  [ffab5731] BlockBandedMatrices v0.6.0
  [49dc2e85] Calculus v0.5.1
  [a603d957] CanonicalTraits v0.1.0
  [324d7699] CategoricalArrays v0.7.3
  [bbf7d656] CommonSubexpressions v0.2.0
  [34da2185] Compat v2.2.0
  [187b0558] ConstructionBase v1.0.0
  [a8cc5b0e] Crayons v4.0.1
  [9a962f9c] DataAPI v1.1.0
  [a93c6f00] DataFrames v0.19.4
  [864edb3b] DataStructures v0.17.6
  [e2d170a0] DataValueInterfaces v1.0.0
  [bcd4f6db] DelayDiffEq v5.18.0
  [2b5f629d] DiffEqBase v6.7.0
  [eb300fae] DiffEqBiological v4.1.0
  [459566f4] DiffEqCallbacks v2.10.0
  [f3b72e0c] DiffEqDevTools v2.16.0
  [01453d9d] DiffEqDiffTools v1.5.0
  [c894b116] DiffEqJump v6.3.0
  [77a26b50] DiffEqNoiseProcess v3.6.0
  [9fdde737] DiffEqOperators v4.6.0
  [a077e3f3] DiffEqProblemLibrary v4.5.1
  [41bf760c] DiffEqSensitivity v4.3.0
  [163ba53b] DiffResults v0.0.4
  [b552c78f] DiffRules v0.1.0
  [b4f34e82] Distances v0.8.2
  [31c24e10] Distributions v0.19.2
  [ffbed154] DocStringExtensions v0.8.1
  [497a8b3b] DoubleFloats v1.0.1
  [7c1d4256] DynamicPolynomials v0.3.3
  [fdbdab4c] ElasticArrays v1.0.0
  [d4d017d3] ExponentialUtilities v1.5.1
  [1a297f60] FillArrays v0.8.2
  [3dd14ad9] FixedPolynomials v0.4.0
  [59287772] Formatting v0.4.1
  [f6369f11] ForwardDiff v0.10.7
  [069b7b12] FunctionWrappers v1.0.0
  [38e38edf] GLM v1.1.1
  [6b9d7cbe] GeneralizedGenerated v0.2.0
  [01680d73] GenericSVD v0.2.2
  [c145ed77] GenericSchur v0.3.0
  [f213a82b] HomotopyContinuation v1.3.1
  [d25df0c9] Inflate v0.1.1
  [41ab1584] InvertedIndices v1.0.0
  [42fd0dbc] IterativeSolvers v0.8.1
  [82899510] IteratorInterfaceExtensions v1.0.0
  [682c06a0] JSON v0.21.0
  [b14d175d] JuliaVariables v0.2.0
  [b964fa9f] LaTeXStrings v1.0.3
  [23fbe1c1] Latexify v0.12.3
  [5078a376] LazyArrays v0.14.10
  [093fc24a] LightGraphs v1.3.0
  [d3d80556] LineSearches v7.0.1
  [d8e11817] MLStyle v0.3.1
  [1914dd2f] MacroTools v0.5.2
  [a3b82374] MatrixFactorizations v0.2.1
  [e1d29d7a] Missings v0.4.3
  [291d046c] MixedSubdivisions v1.0.0
  [961ee093] ModelingToolkit v1.0.0
  [46d2c3a1] MuladdMacro v0.2.1
  [102ac46a] MultivariatePolynomials v0.3.2
  [d41bc354] NLSolversBase v7.5.0
  [2774e3e8] NLsolve v4.2.0
  [872c559c] NNlib v0.6.0
  [77ba4419] NaNMath v0.3.3
  [71a1bf82] NameResolution v0.1.3
  [efe28fd5] OpenSpecFun_jll v0.5.3+1
  [bac558e1] OrderedCollections v1.1.0
  [1dea7af3] OrdinaryDiffEq v5.25.0
  [90014a1f] PDMats v0.9.10
  [d96e819e] Parameters v0.12.0
  [69de0a69] Parsers v0.3.10
  [e409e4f3] PoissonRandom v0.4.0
  [f27b6e38] Polynomials v0.6.0
  [2dfb63ee] PooledArrays v0.5.2
  [8162dcfd] PrettyPrint v0.1.0
  [08abe8d2] PrettyTables v0.6.0
  [92933f4c] ProgressMeter v1.2.0
  [01f381cc] ProjectiveVectors v1.1.2
  [1fd47b50] QuadGK v2.1.1
  [be4d8f0f] Quadmath v0.5.2
  [e6cf234a] RandomNumbers v1.3.0
  [3cdcf5f2] RecipesBase v0.7.0
  [731186ca] RecursiveArrayTools v1.2.0
  [f2c3362d] RecursiveFactorization v0.1.0
  [189a3867] Reexport v0.2.0
  [ae029012] Requires v0.5.2
  [ae5879a3] ResettableStacks v1.0.0
  [79098fc4] Rmath v0.6.0
  [f2b01f46] Roots v0.8.3
  [1bc83da4] SafeTestsets v0.0.1
  [699a6c99] SimpleTraits v0.9.1
  [a2af1166] SortingAlgorithms v0.3.1
  [47a9eef4] SparseDiffTools v1.0.0
  [276daf66] SpecialFunctions v0.9.0
  [90137ffa] StaticArrays v0.12.1
  [62e018b1] StaticPolynomials v1.3.3
  [2913bbd2] StatsBase v0.32.0
  [4c63d2b9] StatsFuns v0.8.0
  [3eaba693] StatsModels v0.5.0
  [123dc426] SymEngine v0.7.0
  [3783bdb8] TableTraits v1.0.0
  [bd369af6] Tables v0.2.11
  [a759f4b9] TimerOutputs v0.5.3
  [9f7883ad] Tracker v0.2.5
  [a2a6695c] TreeViews v0.3.0
  [1986cc42] Unitful v0.18.0
  [19fa3120] VertexSafeGraphs v0.1.0
  [2a0f44e3] Base64  [`@stdlib/Base64`]
  [ade2ca70] Dates  [`@stdlib/Dates`]
  [8bb1440f] DelimitedFiles  [`@stdlib/DelimitedFiles`]
  [8ba89e20] Distributed  [`@stdlib/Distributed`]
  [9fa8497b] Future  [`@stdlib/Future`]
  [b77e0a4c] InteractiveUtils  [`@stdlib/InteractiveUtils`]
  [76f85450] LibGit2  [`@stdlib/LibGit2`]
  [8f399da3] Libdl  [`@stdlib/Libdl`]
  [37e2e46d] LinearAlgebra  [`@stdlib/LinearAlgebra`]
  [56ddb016] Logging  [`@stdlib/Logging`]
  [d6f4376e] Markdown  [`@stdlib/Markdown`]
  [a63ad114] Mmap  [`@stdlib/Mmap`]
  [44cfe95a] Pkg  [`@stdlib/Pkg`]
  [de0858da] Printf  [`@stdlib/Printf`]
  [3fa0cd96] REPL  [`@stdlib/REPL`]
  [9a3f8284] Random  [`@stdlib/Random`]
  [ea8e919c] SHA  [`@stdlib/SHA`]
  [9e88b42a] Serialization  [`@stdlib/Serialization`]
  [1a1011a3] SharedArrays  [`@stdlib/SharedArrays`]
  [6462fe0b] Sockets  [`@stdlib/Sockets`]
  [2f01184e] SparseArrays  [`@stdlib/SparseArrays`]
  [10745b16] Statistics  [`@stdlib/Statistics`]
  [4607b0f0] SuiteSparse  [`@stdlib/SuiteSparse`]
  [8dfed614] Test  [`@stdlib/Test`]
  [cf7118a7] UUIDs  [`@stdlib/UUIDs`]
  [4ec0a83e] Unicode  [`@stdlib/Unicode`]
┌ Warning: Replacing docs for `DiffEqOperators.PeriodicBC :: Union{}` in module `DiffEqOperators`
└ @ Base.Docs docs/Docs.jl:223
┌ Warning: Replacing docs for `DiffEqOperators.RobinBC :: Union{}` in module `DiffEqOperators`
└ @ Base.Docs docs/Docs.jl:223
Test Summary:            | Pass  Total
Discrete Algorithm Tests |   12     12
591.944184 seconds (166.93 M allocations: 8.480 GiB, 0.87% gc time)
Test Summary: | Pass  Total
Tstops Tests  |   23     23
 11.416301 seconds (9.06 M allocations: 463.417 MiB, 2.66% gc time)
Test Summary:   | Pass  Total
Backwards Tests |    3      3
 15.334441 seconds (19.71 M allocations: 890.452 MiB, 4.14% gc time)
Test Summary: | Pass  Total
Initdt Tests  |    3      3
 83.457989 seconds (13.92 M allocations: 723.714 MiB, 1.19% gc time)
Test Summary: | Pass  Total
Linear Tests  |    3      3
 50.781342 seconds (162.59 M allocations: 6.615 GiB, 10.37% gc time)
Test Summary:     | Pass  Total
Mass Matrix Tests |   62     62
533.270078 seconds (480.94 M allocations: 31.468 GiB, 3.61% gc time)
Test Summary:               | Pass  Total
Differentiation Trait Tests |    5      5
 22.966495 seconds (21.86 M allocations: 1.014 GiB, 2.49% gc time)
┌ Warning: Instability detected. Aborting
└ @ DiffEqBase ~/.julia/packages/DiffEqBase/E16PL/src/integrator_interface.jl:176
Test Summary: | Pass  Total
Inf Tests     |    1      1
  3.226159 seconds (2.09 M allocations: 104.636 MiB, 2.01% gc time)
Test Summary:  | Pass  Total
Jacobian Tests |   13     13
108.245510 seconds (95.80 M allocations: 4.475 GiB, 2.52% gc time)
Test Summary: | Pass  Total
saveat Tests  |   30     30
 57.064391 seconds (49.29 M allocations: 2.292 GiB, 5.73% gc time)
Test Summary:   | Pass  Total
save_idxs Tests |    4      4
 20.212502 seconds (17.16 M allocations: 805.899 MiB, 3.15% gc time)
Test Summary:         |
Scalar Handling Tests | No tests
  2.674252 seconds (2.22 M allocations: 114.547 MiB, 3.87% gc time)
┌ Warning: `a::StaticArray + b::Number` is deprecated, use `a .+ b` instead.
│   caller = _broadcast_getindex_evalf at broadcast.jl:630 [inlined]
└ @ Core ./broadcast.jl:630
Test Summary:      | Pass  Total
Static Array Tests |    1      1
 67.235509 seconds (65.65 M allocations: 3.135 GiB, 4.14% gc time)
Test Summary:    | Pass  Broken  Total
Data Array Tests |   10       4     14
108.936498 seconds (103.84 M allocations: 4.597 GiB, 3.96% gc time)
Test Summary:   | Pass  Total
u_modifed Tests |    1      1
  4.137970 seconds (3.11 M allocations: 162.140 MiB, 1.64% gc time)
  5.175256 seconds (3.69 M allocations: 188.256 MiB, 6.94% gc time)
  0.044220 seconds (22.35 k allocations: 1.129 MiB)
Test Summary:             | Pass  Total
Composite Algorithm Tests |    3      3
 45.165115 seconds (41.00 M allocations: 1.823 GiB, 3.91% gc time)
Test Summary: | Pass  Broken  Total
Complex Tests |   39       8     47
162.939392 seconds (157.60 M allocations: 7.416 GiB, 3.80% gc time)
Test Summary:      | Pass  Total
Ndim Complex Tests |    1      1
 16.562505 seconds (20.97 M allocations: 932.127 MiB, 3.28% gc time)
Test Summary:     | Pass  Total
Number Type Tests |    5      5
 15.080635 seconds (12.57 M allocations: 649.845 MiB, 7.02% gc time)
Test Summary:             | Pass  Total
Stiffness Detection Tests |   50     50
256.292710 seconds (215.59 M allocations: 9.744 GiB, 3.08% gc time)
Test Summary:                 | Pass  Total
Composite Interpolation Tests |    1      1
 11.167622 seconds (9.21 M allocations: 428.491 MiB, 2.55% gc time)
Test Summary: | Pass  Total
Export tests  |    1      1
  0.126156 seconds (120.17 k allocations: 5.953 MiB)
OrdinaryDiffEq.ImplicitEuler
OrdinaryDiffEq.Rosenbrock23
OrdinaryDiffEq.Rodas5
Test Summary:              | Pass  Total
Derivative Utilities Tests |   34     34
 71.459584 seconds (58.75 M allocations: 2.794 GiB, 3.27% gc time)
Test Summary: | Pass  Total
DEStats Tests |   17     17
 48.338597 seconds (34.72 M allocations: 1.681 GiB, 2.12% gc time)
Stopped.
Stopped.
Stopped.
Stopped.
Stopped.
Stopped.
Test Summary: | Pass  Total
AD Tests      |    2      2
100.880605 seconds (105.78 M allocations: 4.921 GiB, 3.23% gc time)
Test Summary:  | Pass  Total
No Index Tests |   12     12
 61.960960 seconds (63.06 M allocations: 2.608 GiB, 4.06% gc time)
alg = OrdinaryDiffEq.Euler()
alg = OrdinaryDiffEq.Midpoint()
alg = OrdinaryDiffEq.Heun()
alg = OrdinaryDiffEq.Ralston()
alg = OrdinaryDiffEq.RK4()
alg = OrdinaryDiffEq.SSPRK104{typeof(OrdinaryDiffEq.trivial_limiter!),typeof(OrdinaryDiffEq.trivial_limiter!)}(OrdinaryDiffEq.trivial_limiter!, OrdinaryDiffEq.trivial_limiter!)
alg = OrdinaryDiffEq.SSPRK22{typeof(OrdinaryDiffEq.trivial_limiter!),typeof(OrdinaryDiffEq.trivial_limiter!)}(OrdinaryDiffEq.trivial_limiter!, OrdinaryDiffEq.trivial_limiter!)
alg = OrdinaryDiffEq.SSPRK33{typeof(OrdinaryDiffEq.trivial_limiter!),typeof(OrdinaryDiffEq.trivial_limiter!)}(OrdinaryDiffEq.trivial_limiter!, OrdinaryDiffEq.trivial_limiter!)
alg = OrdinaryDiffEq.SSPRK432{typeof(OrdinaryDiffEq.trivial_limiter!),typeof(OrdinaryDiffEq.trivial_limiter!)}(OrdinaryDiffEq.trivial_limiter!, OrdinaryDiffEq.trivial_limiter!)
alg = OrdinaryDiffEq.BS3()
alg = OrdinaryDiffEq.BS5(true)
alg = OrdinaryDiffEq.DP5()
alg = OrdinaryDiffEq.DP8()
alg = OrdinaryDiffEq.Feagin10()
alg = OrdinaryDiffEq.Feagin12()
alg = OrdinaryDiffEq.Feagin14()
alg = OrdinaryDiffEq.TanYam7()
alg = OrdinaryDiffEq.Tsit5()
alg = OrdinaryDiffEq.TsitPap8()
alg = OrdinaryDiffEq.Vern6(true)
alg = OrdinaryDiffEq.Vern7(true)
alg = OrdinaryDiffEq.Vern8(true)
alg = OrdinaryDiffEq.Vern9(true)
alg = OrdinaryDiffEq.Euler()
alg = OrdinaryDiffEq.Midpoint()
alg = OrdinaryDiffEq.Heun()
alg = OrdinaryDiffEq.Ralston()
alg = OrdinaryDiffEq.RK4()
alg = OrdinaryDiffEq.SSPRK104{typeof(OrdinaryDiffEq.trivial_limiter!),typeof(OrdinaryDiffEq.trivial_limiter!)}(OrdinaryDiffEq.trivial_limiter!, OrdinaryDiffEq.trivial_limiter!)
alg = OrdinaryDiffEq.SSPRK22{typeof(OrdinaryDiffEq.trivial_limiter!),typeof(OrdinaryDiffEq.trivial_limiter!)}(OrdinaryDiffEq.trivial_limiter!, OrdinaryDiffEq.trivial_limiter!)
alg = OrdinaryDiffEq.SSPRK33{typeof(OrdinaryDiffEq.trivial_limiter!),typeof(OrdinaryDiffEq.trivial_limiter!)}(OrdinaryDiffEq.trivial_limiter!, OrdinaryDiffEq.trivial_limiter!)
alg = OrdinaryDiffEq.SSPRK432{typeof(OrdinaryDiffEq.trivial_limiter!),typeof(OrdinaryDiffEq.trivial_limiter!)}(OrdinaryDiffEq.trivial_limiter!, OrdinaryDiffEq.trivial_limiter!)
alg = OrdinaryDiffEq.BS3()
alg = OrdinaryDiffEq.BS5(true)
alg = OrdinaryDiffEq.DP5()
alg = OrdinaryDiffEq.DP8()
alg = OrdinaryDiffEq.Feagin10()
alg = OrdinaryDiffEq.Feagin12()
alg = OrdinaryDiffEq.Feagin14()
alg = OrdinaryDiffEq.TanYam7()
alg = OrdinaryDiffEq.Tsit5()
alg = OrdinaryDiffEq.TsitPap8()
alg = OrdinaryDiffEq.Vern6(true)
alg = OrdinaryDiffEq.Vern7(true)
alg = OrdinaryDiffEq.Vern8(true)
alg = OrdinaryDiffEq.Vern9(true)
Test Summary: | Broken  Total
Units Tests   |      1      1
356.241652 seconds (266.66 M allocations: 12.017 GiB, 2.46% gc time)
Test Summary:                 | Pass  Total
Linear Nonlinear Solver Tests |    6      6
 30.433239 seconds (26.50 M allocations: 1.261 GiB, 2.86% gc time)
Test Summary:     | Pass  Total
Sparse Diff Tests |    7      7
 35.951050 seconds (28.88 M allocations: 1.327 GiB, 3.45% gc time)
Test Summary: | Pass  Total
Reinit Tests  |   20     20
 31.563734 seconds (8.77 M allocations: 425.762 MiB, 1.23% gc time)
Test Summary: | Pass  Total
Events Tests  |   32     32
147.941236 seconds (130.37 M allocations: 5.938 GiB, 2.72% gc time)
inplace
