 Resolving package versions...
 Installed BoundaryValueDiffEq ───────── v2.3.0
 Installed ArrayLayouts ──────────────── v0.1.5
 Installed URIParser ─────────────────── v0.4.0
 Installed TableTraits ───────────────── v1.0.0
 Installed CommonSubexpressions ──────── v0.2.0
 Installed LineSearches ──────────────── v7.0.1
 Installed BinaryProvider ────────────── v0.5.8
 Installed DiffEqBase ────────────────── v6.7.0
 Installed Reexport ──────────────────── v0.2.0
 Installed Requires ──────────────────── v0.5.2
 Installed NLSolversBase ─────────────── v7.5.0
 Installed DocStringExtensions ───────── v0.8.1
 Installed FunctionWrappers ──────────── v1.0.0
 Installed ForwardDiff ───────────────── v0.10.7
 Installed OrderedCollections ────────── v1.1.0
 Installed Compat ────────────────────── v2.2.0
 Installed RecipesBase ───────────────── v0.7.0
 Installed Calculus ──────────────────── v0.5.1
 Installed FillArrays ────────────────── v0.8.2
 Installed BandedMatrices ────────────── v0.14.2
 Installed TreeViews ─────────────────── v0.3.0
 Installed DataStructures ────────────── v0.17.6
 Installed DiffEqDiffTools ───────────── v1.5.0
 Installed IterativeSolvers ──────────── v0.8.1
 Installed Roots ─────────────────────── v0.8.3
 Installed DiffRules ─────────────────── v0.1.0
 Installed RecursiveArrayTools ───────── v1.2.0
 Installed RecursiveFactorization ────── v0.1.0
 Installed NaNMath ───────────────────── v0.3.3
 Installed ArrayInterface ────────────── v2.0.0
 Installed DiffResults ───────────────── v0.0.4
 Installed StaticArrays ──────────────── v0.12.1
 Installed MuladdMacro ───────────────── v0.2.1
 Installed Parameters ────────────────── v0.12.0
 Installed IteratorInterfaceExtensions ─ v1.0.0
 Installed MacroTools ────────────────── v0.5.2
 Installed Distances ─────────────────── v0.8.2
 Installed NLsolve ───────────────────── v4.2.0
 Installed BinDeps ───────────────────── v0.8.10
 Installed SpecialFunctions ──────────── v0.8.0
  Updating `~/.julia/environments/v1.2/Project.toml`
  [764a87c0] + BoundaryValueDiffEq v2.3.0
  Updating `~/.julia/environments/v1.2/Manifest.toml`
  [4fba245c] + ArrayInterface v2.0.0
  [4c555306] + ArrayLayouts v0.1.5
  [aae01518] + BandedMatrices v0.14.2
  [9e28174c] + BinDeps v0.8.10
  [b99e7846] + BinaryProvider v0.5.8
  [764a87c0] + BoundaryValueDiffEq v2.3.0
  [49dc2e85] + Calculus v0.5.1
  [bbf7d656] + CommonSubexpressions v0.2.0
  [34da2185] + Compat v2.2.0
  [864edb3b] + DataStructures v0.17.6
  [2b5f629d] + DiffEqBase v6.7.0
  [01453d9d] + DiffEqDiffTools v1.5.0
  [163ba53b] + DiffResults v0.0.4
  [b552c78f] + DiffRules v0.1.0
  [b4f34e82] + Distances v0.8.2
  [ffbed154] + DocStringExtensions v0.8.1
  [1a297f60] + FillArrays v0.8.2
  [f6369f11] + ForwardDiff v0.10.7
  [069b7b12] + FunctionWrappers v1.0.0
  [42fd0dbc] + IterativeSolvers v0.8.1
  [82899510] + IteratorInterfaceExtensions v1.0.0
  [d3d80556] + LineSearches v7.0.1
  [1914dd2f] + MacroTools v0.5.2
  [46d2c3a1] + MuladdMacro v0.2.1
  [d41bc354] + NLSolversBase v7.5.0
  [2774e3e8] + NLsolve v4.2.0
  [77ba4419] + NaNMath v0.3.3
  [bac558e1] + OrderedCollections v1.1.0
  [d96e819e] + Parameters v0.12.0
  [3cdcf5f2] + RecipesBase v0.7.0
  [731186ca] + RecursiveArrayTools v1.2.0
  [f2c3362d] + RecursiveFactorization v0.1.0
  [189a3867] + Reexport v0.2.0
  [ae029012] + Requires v0.5.2
  [f2b01f46] + Roots v0.8.3
  [276daf66] + SpecialFunctions v0.8.0
  [90137ffa] + StaticArrays v0.12.1
  [3783bdb8] + TableTraits v1.0.0
  [a2a6695c] + TreeViews v0.3.0
  [30578b45] + URIParser v0.4.0
  [2a0f44e3] + Base64 
  [ade2ca70] + Dates 
  [8bb1440f] + DelimitedFiles 
  [8ba89e20] + Distributed 
  [b77e0a4c] + InteractiveUtils 
  [76f85450] + LibGit2 
  [8f399da3] + Libdl 
  [37e2e46d] + LinearAlgebra 
  [56ddb016] + Logging 
  [d6f4376e] + Markdown 
  [a63ad114] + Mmap 
  [44cfe95a] + Pkg 
  [de0858da] + Printf 
  [3fa0cd96] + REPL 
  [9a3f8284] + Random 
  [ea8e919c] + SHA 
  [9e88b42a] + Serialization 
  [1a1011a3] + SharedArrays 
  [6462fe0b] + Sockets 
  [2f01184e] + SparseArrays 
  [10745b16] + Statistics 
  [4607b0f0] + SuiteSparse 
  [8dfed614] + Test 
  [cf7118a7] + UUIDs 
  [4ec0a83e] + Unicode 
  Building SpecialFunctions → `~/.julia/packages/SpecialFunctions/ne2iw/deps/build.log`
   Testing BoundaryValueDiffEq
 Resolving package versions...
 Installed Adapt ──────────────── v1.0.0
 Installed VertexSafeGraphs ───── v0.1.0
 Installed ResettableStacks ───── v1.0.0
 Installed Inflate ────────────── v0.1.1
 Installed ExponentialUtilities ─ v1.5.1
 Installed DiffEqDevTools ─────── v2.16.0
 Installed GenericSVD ─────────── v0.2.2
 Installed OrdinaryDiffEq ─────── v5.25.0
 Installed SimpleTraits ───────── v0.9.1
 Installed RandomNumbers ──────── v1.3.0
 Installed SparseDiffTools ────── v1.0.0
 Installed ArnoldiMethod ──────── v0.0.4
 Installed LightGraphs ────────── v1.3.0
 Installed DiffEqNoiseProcess ─── v3.6.0
    Status `/tmp/jl_LxAMd1/Manifest.toml`
  [79e6a3ab] Adapt v1.0.0
  [ec485272] ArnoldiMethod v0.0.4
  [4fba245c] ArrayInterface v2.0.0
  [4c555306] ArrayLayouts v0.1.5
  [aae01518] BandedMatrices v0.14.2
  [9e28174c] BinDeps v0.8.10
  [b99e7846] BinaryProvider v0.5.8
  [764a87c0] BoundaryValueDiffEq v2.3.0
  [49dc2e85] Calculus v0.5.1
  [bbf7d656] CommonSubexpressions v0.2.0
  [34da2185] Compat v2.2.0
  [864edb3b] DataStructures v0.17.6
  [2b5f629d] DiffEqBase v6.7.0
  [f3b72e0c] DiffEqDevTools v2.16.0
  [01453d9d] DiffEqDiffTools v1.5.0
  [77a26b50] DiffEqNoiseProcess v3.6.0
  [163ba53b] DiffResults v0.0.4
  [b552c78f] DiffRules v0.1.0
  [b4f34e82] Distances v0.8.2
  [ffbed154] DocStringExtensions v0.8.1
  [d4d017d3] ExponentialUtilities v1.5.1
  [1a297f60] FillArrays v0.8.2
  [f6369f11] ForwardDiff v0.10.7
  [069b7b12] FunctionWrappers v1.0.0
  [01680d73] GenericSVD v0.2.2
  [d25df0c9] Inflate v0.1.1
  [42fd0dbc] IterativeSolvers v0.8.1
  [82899510] IteratorInterfaceExtensions v1.0.0
  [093fc24a] LightGraphs v1.3.0
  [d3d80556] LineSearches v7.0.1
  [1914dd2f] MacroTools v0.5.2
  [46d2c3a1] MuladdMacro v0.2.1
  [d41bc354] NLSolversBase v7.5.0
  [2774e3e8] NLsolve v4.2.0
  [77ba4419] NaNMath v0.3.3
  [bac558e1] OrderedCollections v1.1.0
  [1dea7af3] OrdinaryDiffEq v5.25.0
  [d96e819e] Parameters v0.12.0
  [e6cf234a] RandomNumbers v1.3.0
  [3cdcf5f2] RecipesBase v0.7.0
  [731186ca] RecursiveArrayTools v1.2.0
  [f2c3362d] RecursiveFactorization v0.1.0
  [189a3867] Reexport v0.2.0
  [ae029012] Requires v0.5.2
  [ae5879a3] ResettableStacks v1.0.0
  [f2b01f46] Roots v0.8.3
  [699a6c99] SimpleTraits v0.9.1
  [47a9eef4] SparseDiffTools v1.0.0
  [276daf66] SpecialFunctions v0.8.0
  [90137ffa] StaticArrays v0.12.1
  [3783bdb8] TableTraits v1.0.0
  [a2a6695c] TreeViews v0.3.0
  [30578b45] URIParser v0.4.0
  [19fa3120] VertexSafeGraphs v0.1.0
  [2a0f44e3] Base64  [`@stdlib/Base64`]
  [ade2ca70] Dates  [`@stdlib/Dates`]
  [8bb1440f] DelimitedFiles  [`@stdlib/DelimitedFiles`]
  [8ba89e20] Distributed  [`@stdlib/Distributed`]
  [b77e0a4c] InteractiveUtils  [`@stdlib/InteractiveUtils`]
  [76f85450] LibGit2  [`@stdlib/LibGit2`]
  [8f399da3] Libdl  [`@stdlib/Libdl`]
  [37e2e46d] LinearAlgebra  [`@stdlib/LinearAlgebra`]
  [56ddb016] Logging  [`@stdlib/Logging`]
  [d6f4376e] Markdown  [`@stdlib/Markdown`]
  [a63ad114] Mmap  [`@stdlib/Mmap`]
  [44cfe95a] Pkg  [`@stdlib/Pkg`]
  [de0858da] Printf  [`@stdlib/Printf`]
  [3fa0cd96] REPL  [`@stdlib/REPL`]
  [9a3f8284] Random  [`@stdlib/Random`]
  [ea8e919c] SHA  [`@stdlib/SHA`]
  [9e88b42a] Serialization  [`@stdlib/Serialization`]
  [1a1011a3] SharedArrays  [`@stdlib/SharedArrays`]
  [6462fe0b] Sockets  [`@stdlib/Sockets`]
  [2f01184e] SparseArrays  [`@stdlib/SparseArrays`]
  [10745b16] Statistics  [`@stdlib/Statistics`]
  [4607b0f0] SuiteSparse  [`@stdlib/SuiteSparse`]
  [8dfed614] Test  [`@stdlib/Test`]
  [cf7118a7] UUIDs  [`@stdlib/UUIDs`]
  [4ec0a83e] Unicode  [`@stdlib/Unicode`]
Shooting method
 13.105859 seconds (24.65 M allocations: 982.097 MiB, 6.94% gc time)
  1.394072 seconds (9.02 M allocations: 189.212 MiB, 5.49% gc time)
 10.370713 seconds (17.35 M allocations: 697.231 MiB, 7.48% gc time)
Test Summary:         | Pass  Total
Shooting Method Tests |    4      4
 55.073295 seconds (89.30 M allocations: 3.738 GiB, 6.47% gc time)
Collocation method (GeneralMIRK)
Affineness Test
 13.527564 seconds (15.36 M allocations: 794.521 MiB, 6.90% gc time)
Convergence Test on Linear
  4.725128 seconds (16.13 M allocations: 1.155 GiB, 9.04% gc time)
Collocation method (MIRK)
Affineness Test
  0.972198 seconds (859.62 k allocations: 47.780 MiB, 2.87% gc time)
Convergence Test on Linear
  3.227117 seconds (14.12 M allocations: 1.054 GiB, 10.99% gc time)
Test Summary:                   | Pass  Total
Collocation Method (MIRK) Tests |    4      4
 24.536114 seconds (48.51 M allocations: 3.136 GiB, 7.50% gc time)
   Testing BoundaryValueDiffEq tests passed 
