 Resolving package versions...
 Installed LazyWAVFiles ─ v0.1.0
 Installed WAV ────────── v1.0.3
 Installed FileIO ─────── v1.1.0
  Updating `~/.julia/environments/v1.3/Project.toml`
  [82ba68a1] + LazyWAVFiles v0.1.0
  Updating `~/.julia/environments/v1.3/Manifest.toml`
  [5789e2e9] + FileIO v1.1.0
  [82ba68a1] + LazyWAVFiles v0.1.0
  [8149f6b0] + WAV v1.0.3
  [2a0f44e3] + Base64 
  [ade2ca70] + Dates 
  [b77e0a4c] + InteractiveUtils 
  [76f85450] + LibGit2 
  [8f399da3] + Libdl 
  [56ddb016] + Logging 
  [d6f4376e] + Markdown 
  [44cfe95a] + Pkg 
  [de0858da] + Printf 
  [3fa0cd96] + REPL 
  [9a3f8284] + Random 
  [ea8e919c] + SHA 
  [9e88b42a] + Serialization 
  [6462fe0b] + Sockets 
  [cf7118a7] + UUIDs 
  [4ec0a83e] + Unicode 
   Testing LazyWAVFiles
 Resolving package versions...
    Status `/tmp/jl_KFfDT3/Manifest.toml`
  [5789e2e9] FileIO v1.1.0
  [82ba68a1] LazyWAVFiles v0.1.0
  [8149f6b0] WAV v1.0.3
  [2a0f44e3] Base64  [`@stdlib/Base64`]
  [ade2ca70] Dates  [`@stdlib/Dates`]
  [8ba89e20] Distributed  [`@stdlib/Distributed`]
  [b77e0a4c] InteractiveUtils  [`@stdlib/InteractiveUtils`]
  [76f85450] LibGit2  [`@stdlib/LibGit2`]
  [8f399da3] Libdl  [`@stdlib/Libdl`]
  [56ddb016] Logging  [`@stdlib/Logging`]
  [d6f4376e] Markdown  [`@stdlib/Markdown`]
  [44cfe95a] Pkg  [`@stdlib/Pkg`]
  [de0858da] Printf  [`@stdlib/Printf`]
  [3fa0cd96] REPL  [`@stdlib/REPL`]
  [9a3f8284] Random  [`@stdlib/Random`]
  [ea8e919c] SHA  [`@stdlib/SHA`]
  [9e88b42a] Serialization  [`@stdlib/Serialization`]
  [6462fe0b] Sockets  [`@stdlib/Sockets`]
  [8dfed614] Test  [`@stdlib/Test`]
  [cf7118a7] UUIDs  [`@stdlib/UUIDs`]
  [4ec0a83e] Unicode  [`@stdlib/Unicode`]
20-element DistributedWAVFile{Float32,1}:
 -0.89983475 
 -0.8469224  
  0.18456917 
  0.5366089  
  0.33912897 
  0.593631   
  2.0747528  
 -0.7985404  
  0.116236754
 -1.084399   
 -1.2461545  
  0.78382635 
 -0.40836567 
 -0.23765713 
  0.7010622  
 -1.2649411  
 -0.3534904  
 -0.059258174
  0.4136572  
 -0.11162058 10-element LazyWAVFile{Float32,1,Tuple{Int64}}:
 -0.89983475 
 -0.8469224  
  0.18456917 
  0.5366089  
  0.33912897 
  0.593631   
  2.0747528  
 -0.7985404  
  0.116236754
 -1.084399      Testing LazyWAVFiles tests passed 
