 Resolving package versions...
 Installed Requires ───────── v0.5.2
 Installed LRUCache ───────── v1.0.3
 Installed Strided ────────── v0.3.3
 Installed TupleTools ─────── v1.2.0
 Installed TensorOperations ─ v2.0.0
  Updating `~/.julia/environments/v1.2/Project.toml`
  [6aa20fa7] + TensorOperations v2.0.0
  Updating `~/.julia/environments/v1.2/Manifest.toml`
  [8ac3fa9e] + LRUCache v1.0.3
  [ae029012] + Requires v0.5.2
  [5e0ebb24] + Strided v0.3.3
  [6aa20fa7] + TensorOperations v2.0.0
  [9d95972d] + TupleTools v1.2.0
  [2a0f44e3] + Base64 
  [8ba89e20] + Distributed 
  [b77e0a4c] + InteractiveUtils 
  [8f399da3] + Libdl 
  [37e2e46d] + LinearAlgebra 
  [56ddb016] + Logging 
  [d6f4376e] + Markdown 
  [9a3f8284] + Random 
  [9e88b42a] + Serialization 
  [6462fe0b] + Sockets 
  [8dfed614] + Test 
   Testing TensorOperations
 Resolving package versions...
    Status `/tmp/jl_yqrib7/Manifest.toml`
  [8ac3fa9e] LRUCache v1.0.3
  [ae029012] Requires v0.5.2
  [5e0ebb24] Strided v0.3.3
  [6aa20fa7] TensorOperations v2.0.0
  [9d95972d] TupleTools v1.2.0
  [2a0f44e3] Base64  [`@stdlib/Base64`]
  [8ba89e20] Distributed  [`@stdlib/Distributed`]
  [b77e0a4c] InteractiveUtils  [`@stdlib/InteractiveUtils`]
  [8f399da3] Libdl  [`@stdlib/Libdl`]
  [37e2e46d] LinearAlgebra  [`@stdlib/LinearAlgebra`]
  [56ddb016] Logging  [`@stdlib/Logging`]
  [d6f4376e] Markdown  [`@stdlib/Markdown`]
  [9a3f8284] Random  [`@stdlib/Random`]
  [9e88b42a] Serialization  [`@stdlib/Serialization`]
  [6462fe0b] Sockets  [`@stdlib/Sockets`]
  [8dfed614] Test  [`@stdlib/Test`]
Test Summary:                          | Pass  Total
Method syntax with BLAS and with cache |   32     32
tensorcopy: 1.19679594039917 seconds
tensoradd: 0.981666088104248 seconds
tensortrace: 2.5758490562438965 seconds
tensorcontract 1: 7.628818035125732 seconds
tensorcontract 2: 14.157562017440796 seconds
tensorcontract 3: 41.67311501502991 seconds
views: 1.7723941802978516 seconds
more views: 2.5543110370635986 seconds
even more views: 0.8629019260406494 seconds
and some more views: 8.206954956054688 seconds
Float32 views: 0.47518396377563477 seconds
readme example: 13.195416927337646 seconds
tensor network examples: 154.2002022266388 seconds
diagonal examples: 103.09682488441467 seconds
Test Summary:                           | Pass  Total
Index Notation with BLAS and with cache |  273    273
Test Summary:                             | Pass  Total
Method syntax with BLAS and without cache |   32     32
tensorcopy: 0.0012040138244628906 seconds
tensoradd: 0.0009520053863525391 seconds
tensortrace: 0.09136795997619629 seconds
tensorcontract 1: 0.9494431018829346 seconds
tensorcontract 2: 0.15484905242919922 seconds
tensorcontract 3: 14.137219190597534 seconds
views: 0.11530399322509766 seconds
more views: 0.11733794212341309 seconds
even more views: 0.005321979522705078 seconds
and some more views: 0.717083215713501 seconds
Float32 views: 0.6255130767822266 seconds
readme example: 0.0009319782257080078 seconds
tensor network examples: 0.4949939250946045 seconds
diagonal examples: 2.1636829376220703 seconds
Test Summary:                              | Pass  Total
Index Notation with BLAS and without cache |  273    273
Test Summary:                                | Pass  Total
Method syntax without BLAS and without cache |   32     32
tensorcopy: 0.0011169910430908203 seconds
tensoradd: 0.00084686279296875 seconds
tensortrace: 0.0880131721496582 seconds
tensorcontract 1: 0.756525993347168 seconds
tensorcontract 2: 0.04992198944091797 seconds
tensorcontract 3: 16.28814387321472 seconds
views: 0.12407588958740234 seconds
more views: 0.13862204551696777 seconds
even more views: 0.00824594497680664 seconds
and some more views: 1.038823127746582 seconds
Float32 views: 0.4684569835662842 seconds
readme example: 1.4163191318511963 seconds
tensor network examples: 16.52614998817444 seconds
diagonal examples: 2.7852580547332764 seconds
Test Summary:                                 | Pass  Total
Index Notation without BLAS and without cache |  273    273
Test Summary:             | Pass  Total
Optimal contraction order |    3      3
Test Summary: | Pass  Total
macro methods |   85     85
Test Summary:         | Pass  Total
methods for tensoropt |   47     47
   Testing TensorOperations tests passed 
