 Resolving package versions...
 Installed Requires ───────── v0.5.2
 Installed LRUCache ───────── v1.0.3
 Installed Strided ────────── v0.3.3
 Installed TupleTools ─────── v1.2.0
 Installed TensorOperations ─ v2.0.0
  Updating `~/.julia/environments/v1.3/Project.toml`
  [6aa20fa7] + TensorOperations v2.0.0
  Updating `~/.julia/environments/v1.3/Manifest.toml`
  [8ac3fa9e] + LRUCache v1.0.3
  [ae029012] + Requires v0.5.2
  [5e0ebb24] + Strided v0.3.3
  [6aa20fa7] + TensorOperations v2.0.0
  [9d95972d] + TupleTools v1.2.0
  [2a0f44e3] + Base64 
  [8ba89e20] + Distributed 
  [b77e0a4c] + InteractiveUtils 
  [8f399da3] + Libdl 
  [37e2e46d] + LinearAlgebra 
  [56ddb016] + Logging 
  [d6f4376e] + Markdown 
  [9a3f8284] + Random 
  [9e88b42a] + Serialization 
  [6462fe0b] + Sockets 
  [8dfed614] + Test 
   Testing TensorOperations
 Resolving package versions...
    Status `/tmp/jl_VKjenC/Manifest.toml`
  [8ac3fa9e] LRUCache v1.0.3
  [ae029012] Requires v0.5.2
  [5e0ebb24] Strided v0.3.3
  [6aa20fa7] TensorOperations v2.0.0
  [9d95972d] TupleTools v1.2.0
  [2a0f44e3] Base64  [`@stdlib/Base64`]
  [8ba89e20] Distributed  [`@stdlib/Distributed`]
  [b77e0a4c] InteractiveUtils  [`@stdlib/InteractiveUtils`]
  [8f399da3] Libdl  [`@stdlib/Libdl`]
  [37e2e46d] LinearAlgebra  [`@stdlib/LinearAlgebra`]
  [56ddb016] Logging  [`@stdlib/Logging`]
  [d6f4376e] Markdown  [`@stdlib/Markdown`]
  [9a3f8284] Random  [`@stdlib/Random`]
  [9e88b42a] Serialization  [`@stdlib/Serialization`]
  [6462fe0b] Sockets  [`@stdlib/Sockets`]
  [8dfed614] Test  [`@stdlib/Test`]
Test Summary:                          | Pass  Total
Method syntax with BLAS and with cache |   32     32
tensorcopy: 1.2232611179351807 seconds
tensoradd: 1.097261905670166 seconds
tensortrace: 2.0480010509490967 seconds
tensorcontract 1: 8.36633014678955 seconds
tensorcontract 2: 15.160490989685059 seconds
tensorcontract 3: 42.06236290931702 seconds
views: 2.0680410861968994 seconds
more views: 2.5759060382843018 seconds
even more views: 0.8214080333709717 seconds
and some more views: 9.175188064575195 seconds
Float32 views: 0.6556951999664307 seconds
readme example: 12.714049100875854 seconds
tensor network examples: 157.7534260749817 seconds
diagonal examples: 94.04566812515259 seconds
Test Summary:                           | Pass  Total
Index Notation with BLAS and with cache |  273    273
Test Summary:                             | Pass  Total
Method syntax with BLAS and without cache |   32     32
tensorcopy: 0.0010120868682861328 seconds
tensoradd: 0.0007739067077636719 seconds
tensortrace: 0.06771206855773926 seconds
tensorcontract 1: 0.7698700428009033 seconds
tensorcontract 2: 0.1624300479888916 seconds
tensorcontract 3: 15.222790002822876 seconds
views: 0.11122608184814453 seconds
more views: 0.09763002395629883 seconds
even more views: 0.007353067398071289 seconds
and some more views: 0.5654158592224121 seconds
Float32 views: 0.6794040203094482 seconds
readme example: 0.001956939697265625 seconds
tensor network examples: 0.32087182998657227 seconds
diagonal examples: 0.8630399703979492 seconds
Test Summary:                              | Pass  Total
Index Notation with BLAS and without cache |  273    273
Test Summary:                                | Pass  Total
Method syntax without BLAS and without cache |   32     32
tensorcopy: 0.0012760162353515625 seconds
tensoradd: 0.0009570121765136719 seconds
tensortrace: 0.08042120933532715 seconds
tensorcontract 1: 1.1208879947662354 seconds
tensorcontract 2: 0.04942512512207031 seconds
tensorcontract 3: 16.348322868347168 seconds
views: 0.14069819450378418 seconds
more views: 0.08806586265563965 seconds
even more views: 0.008585214614868164 seconds
and some more views: 0.7987689971923828 seconds
Float32 views: 0.5763120651245117 seconds
readme example: 1.0102951526641846 seconds
tensor network examples: 14.208972930908203 seconds
diagonal examples: 2.978518009185791 seconds
Test Summary:                                 | Pass  Total
Index Notation without BLAS and without cache |  273    273
Test Summary:             | Pass  Total
Optimal contraction order |    3      3
Test Summary: | Pass  Total
macro methods |   85     85
Test Summary:         | Pass  Total
methods for tensoropt |   47     47
   Testing TensorOperations tests passed 
