 Resolving package versions...
 Installed FunctionWrappers ──────────── v1.0.0
 Installed Adapt ─────────────────────── v1.0.0
 Installed Compat ────────────────────── v2.2.0
 Installed DiffEqGPU ─────────────────── v1.0.0
 Installed DataStructures ────────────── v0.17.6
 Installed StaticArrays ──────────────── v0.12.1
 Installed IterativeSolvers ──────────── v0.8.1
 Installed CuArrays ──────────────────── v1.5.0
 Installed Roots ─────────────────────── v0.8.3
 Installed MacroTools ────────────────── v0.5.2
 Installed GPUArrays ─────────────────── v2.0.0
 Installed TableTraits ───────────────── v1.0.0
 Installed DocStringExtensions ───────── v0.8.1
 Installed GPUifyLoops ───────────────── v0.2.9
 Installed MuladdMacro ───────────────── v0.2.1
 Installed LLVM ──────────────────────── v1.3.2
 Installed Parameters ────────────────── v0.12.0
 Installed CEnum ─────────────────────── v0.2.0
 Installed Requires ──────────────────── v0.5.2
 Installed ArrayInterface ────────────── v2.0.0
 Installed RecursiveArrayTools ───────── v1.2.0
 Installed Cassette ──────────────────── v0.2.6
 Installed NNlib ─────────────────────── v0.6.0
 Installed AbstractFFTs ──────────────── v0.4.1
 Installed RecursiveFactorization ────── v0.1.0
 Installed CUDAnative ────────────────── v2.6.0
 Installed RecipesBase ───────────────── v0.7.0
 Installed CUDAapi ───────────────────── v2.0.0
 Installed IteratorInterfaceExtensions ─ v1.0.0
 Installed OrderedCollections ────────── v1.1.0
 Installed DiffEqBase ────────────────── v6.7.0
 Installed TreeViews ─────────────────── v0.3.0
 Installed CUDAdrv ───────────────────── v4.0.4
 Installed TimerOutputs ──────────────── v0.5.3
 Installed DiffEqDiffTools ───────────── v1.5.0
  Updating `~/.julia/environments/v1.3/Project.toml`
  [071ae1c0] + DiffEqGPU v1.0.0
  Updating `~/.julia/environments/v1.3/Manifest.toml`
  [621f4979] + AbstractFFTs v0.4.1
  [79e6a3ab] + Adapt v1.0.0
  [4fba245c] + ArrayInterface v2.0.0
  [fa961155] + CEnum v0.2.0
  [3895d2a7] + CUDAapi v2.0.0
  [c5f51814] + CUDAdrv v4.0.4
  [be33ccc6] + CUDAnative v2.6.0
  [7057c7e9] + Cassette v0.2.6
  [34da2185] + Compat v2.2.0
  [3a865a2d] + CuArrays v1.5.0
  [864edb3b] + DataStructures v0.17.6
  [2b5f629d] + DiffEqBase v6.7.0
  [01453d9d] + DiffEqDiffTools v1.5.0
  [071ae1c0] + DiffEqGPU v1.0.0
  [ffbed154] + DocStringExtensions v0.8.1
  [069b7b12] + FunctionWrappers v1.0.0
  [0c68f7d7] + GPUArrays v2.0.0
  [ba82f77b] + GPUifyLoops v0.2.9
  [42fd0dbc] + IterativeSolvers v0.8.1
  [82899510] + IteratorInterfaceExtensions v1.0.0
  [929cbde3] + LLVM v1.3.2
  [1914dd2f] + MacroTools v0.5.2
  [46d2c3a1] + MuladdMacro v0.2.1
  [872c559c] + NNlib v0.6.0
  [bac558e1] + OrderedCollections v1.1.0
  [d96e819e] + Parameters v0.12.0
  [3cdcf5f2] + RecipesBase v0.7.0
  [731186ca] + RecursiveArrayTools v1.2.0
  [f2c3362d] + RecursiveFactorization v0.1.0
  [ae029012] + Requires v0.5.2
  [f2b01f46] + Roots v0.8.3
  [90137ffa] + StaticArrays v0.12.1
  [3783bdb8] + TableTraits v1.0.0
  [a759f4b9] + TimerOutputs v0.5.3
  [a2a6695c] + TreeViews v0.3.0
  [2a0f44e3] + Base64 
  [ade2ca70] + Dates 
  [8bb1440f] + DelimitedFiles 
  [8ba89e20] + Distributed 
  [b77e0a4c] + InteractiveUtils 
  [76f85450] + LibGit2 
  [8f399da3] + Libdl 
  [37e2e46d] + LinearAlgebra 
  [56ddb016] + Logging 
  [d6f4376e] + Markdown 
  [a63ad114] + Mmap 
  [44cfe95a] + Pkg 
  [de0858da] + Printf 
  [3fa0cd96] + REPL 
  [9a3f8284] + Random 
  [ea8e919c] + SHA 
  [9e88b42a] + Serialization 
  [1a1011a3] + SharedArrays 
  [6462fe0b] + Sockets 
  [2f01184e] + SparseArrays 
  [10745b16] + Statistics 
  [4607b0f0] + SuiteSparse 
  [8dfed614] + Test 
  [cf7118a7] + UUIDs 
  [4ec0a83e] + Unicode 
   Testing DiffEqGPU
 Resolving package versions...
 Installed NaNMath ────────────── v0.3.3
 Installed DiffResults ────────── v0.0.4
 Installed OpenSpecFun_jll ────── v0.5.3+1
 Installed SparseDiffTools ────── v1.0.0
 Installed Inflate ────────────── v0.1.1
 Installed SpecialFunctions ───── v0.9.0
 Installed LightGraphs ────────── v1.3.0
 Installed ForwardDiff ────────── v0.10.7
 Installed DiffRules ──────────── v0.1.0
 Installed ExponentialUtilities ─ v1.5.1
 Installed CommonSubexpressions ─ v0.2.0
 Installed SimpleTraits ───────── v0.9.1
 Installed Reexport ───────────── v0.2.0
 Installed OrdinaryDiffEq ─────── v5.25.0
 Installed VertexSafeGraphs ───── v0.1.0
 Installed GenericSVD ─────────── v0.2.2
 Installed ArnoldiMethod ──────── v0.0.4
    Status `/tmp/jl_5vy3Hm/Manifest.toml`
  [621f4979] AbstractFFTs v0.4.1
  [79e6a3ab] Adapt v1.0.0
  [ec485272] ArnoldiMethod v0.0.4
  [4fba245c] ArrayInterface v2.0.0
  [fa961155] CEnum v0.2.0
  [3895d2a7] CUDAapi v2.0.0
  [c5f51814] CUDAdrv v4.0.4
  [be33ccc6] CUDAnative v2.6.0
  [7057c7e9] Cassette v0.2.6
  [bbf7d656] CommonSubexpressions v0.2.0
  [34da2185] Compat v2.2.0
  [3a865a2d] CuArrays v1.5.0
  [864edb3b] DataStructures v0.17.6
  [2b5f629d] DiffEqBase v6.7.0
  [01453d9d] DiffEqDiffTools v1.5.0
  [071ae1c0] DiffEqGPU v1.0.0
  [163ba53b] DiffResults v0.0.4
  [b552c78f] DiffRules v0.1.0
  [ffbed154] DocStringExtensions v0.8.1
  [d4d017d3] ExponentialUtilities v1.5.1
  [f6369f11] ForwardDiff v0.10.7
  [069b7b12] FunctionWrappers v1.0.0
  [0c68f7d7] GPUArrays v2.0.0
  [ba82f77b] GPUifyLoops v0.2.9
  [01680d73] GenericSVD v0.2.2
  [d25df0c9] Inflate v0.1.1
  [42fd0dbc] IterativeSolvers v0.8.1
  [82899510] IteratorInterfaceExtensions v1.0.0
  [929cbde3] LLVM v1.3.2
  [093fc24a] LightGraphs v1.3.0
  [1914dd2f] MacroTools v0.5.2
  [46d2c3a1] MuladdMacro v0.2.1
  [872c559c] NNlib v0.6.0
  [77ba4419] NaNMath v0.3.3
  [efe28fd5] OpenSpecFun_jll v0.5.3+1
  [bac558e1] OrderedCollections v1.1.0
  [1dea7af3] OrdinaryDiffEq v5.25.0
  [d96e819e] Parameters v0.12.0
  [3cdcf5f2] RecipesBase v0.7.0
  [731186ca] RecursiveArrayTools v1.2.0
  [f2c3362d] RecursiveFactorization v0.1.0
  [189a3867] Reexport v0.2.0
  [ae029012] Requires v0.5.2
  [f2b01f46] Roots v0.8.3
  [699a6c99] SimpleTraits v0.9.1
  [47a9eef4] SparseDiffTools v1.0.0
  [276daf66] SpecialFunctions v0.9.0
  [90137ffa] StaticArrays v0.12.1
  [3783bdb8] TableTraits v1.0.0
  [a759f4b9] TimerOutputs v0.5.3
  [a2a6695c] TreeViews v0.3.0
  [19fa3120] VertexSafeGraphs v0.1.0
  [2a0f44e3] Base64  [`@stdlib/Base64`]
  [ade2ca70] Dates  [`@stdlib/Dates`]
  [8bb1440f] DelimitedFiles  [`@stdlib/DelimitedFiles`]
  [8ba89e20] Distributed  [`@stdlib/Distributed`]
  [b77e0a4c] InteractiveUtils  [`@stdlib/InteractiveUtils`]
  [76f85450] LibGit2  [`@stdlib/LibGit2`]
  [8f399da3] Libdl  [`@stdlib/Libdl`]
  [37e2e46d] LinearAlgebra  [`@stdlib/LinearAlgebra`]
  [56ddb016] Logging  [`@stdlib/Logging`]
  [d6f4376e] Markdown  [`@stdlib/Markdown`]
  [a63ad114] Mmap  [`@stdlib/Mmap`]
  [44cfe95a] Pkg  [`@stdlib/Pkg`]
  [de0858da] Printf  [`@stdlib/Printf`]
  [3fa0cd96] REPL  [`@stdlib/REPL`]
  [9a3f8284] Random  [`@stdlib/Random`]
  [ea8e919c] SHA  [`@stdlib/SHA`]
  [9e88b42a] Serialization  [`@stdlib/Serialization`]
  [1a1011a3] SharedArrays  [`@stdlib/SharedArrays`]
  [6462fe0b] Sockets  [`@stdlib/Sockets`]
  [2f01184e] SparseArrays  [`@stdlib/SparseArrays`]
  [10745b16] Statistics  [`@stdlib/Statistics`]
  [4607b0f0] SuiteSparse  [`@stdlib/SuiteSparse`]
  [8dfed614] Test  [`@stdlib/Test`]
  [cf7118a7] UUIDs  [`@stdlib/UUIDs`]
  [4ec0a83e] Unicode  [`@stdlib/Unicode`]
WARNING: Method definition overdub(Cassette.Context{N, M, T, P, B, H} where H<:Union{Cassette.DisableHooks, Nothing} where B<:Union{Nothing, Base.IdDict{Module, Base.Dict{Symbol, Cassette.BindingMeta}}} where P<:Cassette.AbstractPass where T<:Union{Nothing, Cassette.Tag{N, X, E} where E where X where N<:Cassette.AbstractContextName} where M where N<:Cassette.AbstractContextName, Any...) in module Cassette at /root/.julia/packages/Cassette/YCOeN/src/overdub.jl:524 overwritten in module GPUifyLoops at /root/.julia/packages/Cassette/YCOeN/src/overdub.jl:524.
  ** incremental compilation may be fatally broken for this module **

WARNING: Method definition recurse(Cassette.Context{N, M, T, P, B, H} where H<:Union{Cassette.DisableHooks, Nothing} where B<:Union{Nothing, Base.IdDict{Module, Base.Dict{Symbol, Cassette.BindingMeta}}} where P<:Cassette.AbstractPass where T<:Union{Nothing, Cassette.Tag{N, X, E} where E where X where N<:Cassette.AbstractContextName} where M where N<:Cassette.AbstractContextName, Any...) in module Cassette at /root/.julia/packages/Cassette/YCOeN/src/overdub.jl:537 overwritten in module GPUifyLoops at /root/.julia/packages/Cassette/YCOeN/src/overdub.jl:537.
  ** incremental compilation may be fatally broken for this module **

WARNING: Method definition overdub(Cassette.Context{N, M, T, P, B, H} where H<:Union{Cassette.DisableHooks, Nothing} where B<:Union{Nothing, Base.IdDict{Module, Base.Dict{Symbol, Cassette.BindingMeta}}} where P<:Cassette.AbstractPass where T<:Union{Nothing, Cassette.Tag{N, X, E} where E where X where N<:Cassette.AbstractContextName} where M where N<:Cassette.AbstractContextName, Any...) in module Cassette at /root/.julia/packages/Cassette/YCOeN/src/overdub.jl:524 overwritten in module GPUifyLoops at /root/.julia/packages/Cassette/YCOeN/src/overdub.jl:524.
  ** incremental compilation may be fatally broken for this module **

WARNING: Method definition recurse(Cassette.Context{N, M, T, P, B, H} where H<:Union{Cassette.DisableHooks, Nothing} where B<:Union{Nothing, Base.IdDict{Module, Base.Dict{Symbol, Cassette.BindingMeta}}} where P<:Cassette.AbstractPass where T<:Union{Nothing, Cassette.Tag{N, X, E} where E where X where N<:Cassette.AbstractContextName} where M where N<:Cassette.AbstractContextName, Any...) in module Cassette at /root/.julia/packages/Cassette/YCOeN/src/overdub.jl:537 overwritten in module GPUifyLoops at /root/.julia/packages/Cassette/YCOeN/src/overdub.jl:537.
  ** incremental compilation may be fatally broken for this module **

[ Info: CUDAdrv.jl failed to initialize, GPU functionality unavailable (set JULIA_CUDA_SILENT or JULIA_CUDA_VERBOSE to silence or expand this message)
ERROR: LoadError: could not load library "libcuda"
libcuda.so: cannot open shared object file: No such file or directory
Stacktrace:
 [1] #dlopen#3(::Bool, ::typeof(Libdl.dlopen), ::String, ::UInt32) at /workspace/srcdir/julia/usr/share/julia/stdlib/v1.3/Libdl/src/Libdl.jl:109
 [2] dlopen at /workspace/srcdir/julia/usr/share/julia/stdlib/v1.3/Libdl/src/Libdl.jl:109 [inlined]
 [3] #dlopen#2 at /workspace/srcdir/julia/usr/share/julia/stdlib/v1.3/Libdl/src/Libdl.jl:105 [inlined]
 [4] dlopen at /workspace/srcdir/julia/usr/share/julia/stdlib/v1.3/Libdl/src/Libdl.jl:105 [inlined] (repeats 2 times)
 [5] (::CUDAdrv.var"#603#lookup_fptr#132")() at /root/.julia/packages/CUDAapi/CCgJL/src/call.jl:29
 [6] macro expansion at /root/.julia/packages/CUDAapi/CCgJL/src/call.jl:37 [inlined]
 [7] macro expansion at /root/.julia/packages/CUDAdrv/3EzC1/src/error.jl:121 [inlined]
 [8] cuMemAlloc_v2(::Base.RefValue{CUDAdrv.CuPtr{Nothing}}, ::Int64) at /root/.julia/packages/CUDAdrv/3EzC1/src/libcuda.jl:312
 [9] alloc at /root/.julia/packages/CUDAdrv/3EzC1/src/memory.jl:64 [inlined]
 [10] macro expansion at /root/.julia/packages/TimerOutputs/7Id5J/src/TimerOutput.jl:228 [inlined]
 [11] macro expansion at /root/.julia/packages/CuArrays/ZYCpV/src/memory.jl:55 [inlined]
 [12] macro expansion at ./util.jl:212 [inlined]
 [13] actual_alloc(::Int64) at /root/.julia/packages/CuArrays/ZYCpV/src/memory.jl:54
 [14] actual_alloc at /root/.julia/packages/CuArrays/ZYCpV/src/memory/binned.jl:55 [inlined]
 [15] macro expansion at /root/.julia/packages/CuArrays/ZYCpV/src/memory/binned.jl:198 [inlined]
 [16] macro expansion at /root/.julia/packages/TimerOutputs/7Id5J/src/TimerOutput.jl:228 [inlined]
 [17] pool_alloc(::Int64, ::Int64) at /root/.julia/packages/CuArrays/ZYCpV/src/memory/binned.jl:197
 [18] (::CuArrays.BinnedPool.var"#12#13"{Int64,Int64,Set{CuArrays.BinnedPool.Block},Array{CuArrays.BinnedPool.Block,1}})() at /root/.julia/packages/CuArrays/ZYCpV/src/memory/binned.jl:293
 [19] lock(::CuArrays.BinnedPool.var"#12#13"{Int64,Int64,Set{CuArrays.BinnedPool.Block},Array{CuArrays.BinnedPool.Block,1}}, ::ReentrantLock) at ./lock.jl:151
 [20] alloc(::Int64) at /root/.julia/packages/CuArrays/ZYCpV/src/memory/binned.jl:292
 [21] macro expansion at /root/.julia/packages/TimerOutputs/7Id5J/src/TimerOutput.jl:228 [inlined]
 [22] macro expansion at /root/.julia/packages/CuArrays/ZYCpV/src/memory.jl:135 [inlined]
 [23] macro expansion at ./util.jl:212 [inlined]
 [24] alloc at /root/.julia/packages/CuArrays/ZYCpV/src/memory.jl:134 [inlined]
 [25] CuArray{Float32,2,P} where P(::UndefInitializer, ::Tuple{Int64,Int64}) at /root/.julia/packages/CuArrays/ZYCpV/src/array.jl:90
 [26] CuArray at /root/.julia/packages/CuArrays/ZYCpV/src/array.jl:174 [inlined]
 [27] CuArray(::Array{Float32,2}) at /root/.julia/packages/CuArrays/ZYCpV/src/array.jl:188
 [28] #batch_solve#6(::Base.Iterators.Pairs{Symbol,Float32,Tuple{Symbol},NamedTuple{(:saveat,),Tuple{Float32}}}, ::typeof(DiffEqGPU.batch_solve), ::EnsembleProblem{ODEProblem{Array{Float32,1},Tuple{Float32,Float32},true,Tuple{Float32,Float32,Float32},ODEFunction{true,typeof(lorenz),LinearAlgebra.UniformScaling{Bool},Nothing,Nothing,Nothing,Nothing,Nothing,Nothing,Nothing,Nothing,Nothing},Base.Iterators.Pairs{Union{},Union{},Tuple{},NamedTuple{(),Tuple{}}},DiffEqBase.StandardODEProblem},var"#7#8",DiffEqBase.var"#332#338",DiffEqBase.var"#334#340",Array{Any,1}}, ::Tsit5, ::EnsembleGPUArray, ::UnitRange{Int64}) at /root/.julia/packages/DiffEqGPU/yuEOw/src/DiffEqGPU.jl:161
 [29] #batch_solve at ./none:0 [inlined]
 [30] (::DiffEqGPU.var"#4#5"{Int64,Int64,Base.Iterators.Pairs{Symbol,Float32,Tuple{Symbol},NamedTuple{(:saveat,),Tuple{Float32}}},EnsembleProblem{ODEProblem{Array{Float32,1},Tuple{Float32,Float32},true,Tuple{Float32,Float32,Float32},ODEFunction{true,typeof(lorenz),LinearAlgebra.UniformScaling{Bool},Nothing,Nothing,Nothing,Nothing,Nothing,Nothing,Nothing,Nothing,Nothing},Base.Iterators.Pairs{Union{},Union{},Tuple{},NamedTuple{(),Tuple{}}},DiffEqBase.StandardODEProblem},var"#7#8",DiffEqBase.var"#332#338",DiffEqBase.var"#334#340",Array{Any,1}},Tsit5,EnsembleGPUArray})(::Int64) at /root/.julia/packages/DiffEqGPU/yuEOw/src/DiffEqGPU.jl:146
 [31] iterate(::Base.Generator{UnitRange{Int64},DiffEqGPU.var"#4#5"{Int64,Int64,Base.Iterators.Pairs{Symbol,Float32,Tuple{Symbol},NamedTuple{(:saveat,),Tuple{Float32}}},EnsembleProblem{ODEProblem{Array{Float32,1},Tuple{Float32,Float32},true,Tuple{Float32,Float32,Float32},ODEFunction{true,typeof(lorenz),LinearAlgebra.UniformScaling{Bool},Nothing,Nothing,Nothing,Nothing,Nothing,Nothing,Nothing,Nothing,Nothing},Base.Iterators.Pairs{Union{},Union{},Tuple{},NamedTuple{(),Tuple{}}},DiffEqBase.StandardODEProblem},var"#7#8",DiffEqBase.var"#332#338",DiffEqBase.var"#334#340",Array{Any,1}},Tsit5,EnsembleGPUArray}}) at ./generator.jl:47
 [32] _collect(::UnitRange{Int64}, ::Base.Generator{UnitRange{Int64},DiffEqGPU.var"#4#5"{Int64,Int64,Base.Iterators.Pairs{Symbol,Float32,Tuple{Symbol},NamedTuple{(:saveat,),Tuple{Float32}}},EnsembleProblem{ODEProblem{Array{Float32,1},Tuple{Float32,Float32},true,Tuple{Float32,Float32,Float32},ODEFunction{true,typeof(lorenz),LinearAlgebra.UniformScaling{Bool},Nothing,Nothing,Nothing,Nothing,Nothing,Nothing,Nothing,Nothing,Nothing},Base.Iterators.Pairs{Union{},Union{},Tuple{},NamedTuple{(),Tuple{}}},DiffEqBase.StandardODEProblem},var"#7#8",DiffEqBase.var"#332#338",DiffEqBase.var"#334#340",Array{Any,1}},Tsit5,EnsembleGPUArray}}, ::Base.EltypeUnknown, ::Base.HasShape{1}) at ./array.jl:635
 [33] collect_similar(::UnitRange{Int64}, ::Base.Generator{UnitRange{Int64},DiffEqGPU.var"#4#5"{Int64,Int64,Base.Iterators.Pairs{Symbol,Float32,Tuple{Symbol},NamedTuple{(:saveat,),Tuple{Float32}}},EnsembleProblem{ODEProblem{Array{Float32,1},Tuple{Float32,Float32},true,Tuple{Float32,Float32,Float32},ODEFunction{true,typeof(lorenz),LinearAlgebra.UniformScaling{Bool},Nothing,Nothing,Nothing,Nothing,Nothing,Nothing,Nothing,Nothing,Nothing},Base.Iterators.Pairs{Union{},Union{},Tuple{},NamedTuple{(),Tuple{}}},DiffEqBase.StandardODEProblem},var"#7#8",DiffEqBase.var"#332#338",DiffEqBase.var"#334#340",Array{Any,1}},Tsit5,EnsembleGPUArray}}) at ./array.jl:564
 [34] map(::Function, ::UnitRange{Int64}) at ./abstractarray.jl:2073
 [35] macro expansion at /root/.julia/packages/DiffEqGPU/yuEOw/src/DiffEqGPU.jl:140 [inlined]
 [36] macro expansion at ./util.jl:212 [inlined]
 [37] #__solve#3(::Int64, ::Int64, ::Base.Iterators.Pairs{Symbol,Float32,Tuple{Symbol},NamedTuple{(:saveat,),Tuple{Float32}}}, ::typeof(DiffEqBase.__solve), ::EnsembleProblem{ODEProblem{Array{Float32,1},Tuple{Float32,Float32},true,Tuple{Float32,Float32,Float32},ODEFunction{true,typeof(lorenz),LinearAlgebra.UniformScaling{Bool},Nothing,Nothing,Nothing,Nothing,Nothing,Nothing,Nothing,Nothing,Nothing},Base.Iterators.Pairs{Union{},Union{},Tuple{},NamedTuple{(),Tuple{}}},DiffEqBase.StandardODEProblem},var"#7#8",DiffEqBase.var"#332#338",DiffEqBase.var"#334#340",Array{Any,1}}, ::Tsit5, ::EnsembleGPUArray) at /root/.julia/packages/DiffEqGPU/yuEOw/src/DiffEqGPU.jl:139
 [38] #__solve at ./none:0 [inlined]
 [39] #solve#444 at /root/.julia/packages/DiffEqBase/E16PL/src/solve.jl:71 [inlined]
 [40] (::DiffEqBase.var"#kw##solve")(::NamedTuple{(:trajectories, :saveat),Tuple{Int64,Float32}}, ::typeof(solve), ::EnsembleProblem{ODEProblem{Array{Float32,1},Tuple{Float32,Float32},true,Tuple{Float32,Float32,Float32},ODEFunction{true,typeof(lorenz),LinearAlgebra.UniformScaling{Bool},Nothing,Nothing,Nothing,Nothing,Nothing,Nothing,Nothing,Nothing,Nothing},Base.Iterators.Pairs{Union{},Union{},Tuple{},NamedTuple{(),Tuple{}}},DiffEqBase.StandardODEProblem},var"#7#8",DiffEqBase.var"#332#338",DiffEqBase.var"#334#340",Array{Any,1}}, ::Tsit5, ::EnsembleGPUArray) at ./none:0
 [41] top-level scope at util.jl:155
 [42] include at ./boot.jl:328 [inlined]
 [43] include_relative(::Module, ::String) at ./loading.jl:1105
 [44] include(::Module, ::String) at ./Base.jl:31
 [45] include(::String) at ./client.jl:424
 [46] top-level scope at none:5
in expression starting at /root/.julia/packages/DiffEqGPU/yuEOw/test/runtests.jl:37
ERROR: LoadError: failed process: Process(`/opt/julia/bin/julia -Cnative -J/opt/julia/lib/julia/sys.so -g1 --eval 'append!(empty!(Base.DEPOT_PATH), ["/root/.julia", "/opt/julia/local/share/julia", "/opt/julia/share/julia"])
append!(empty!(Base.DL_LOAD_PATH), String[])

cd("/root/.julia/packages/DiffEqGPU/yuEOw/test")
include("/root/.julia/packages/DiffEqGPU/yuEOw/test/runtests.jl")
'`, ProcessExited(1)) [1]

Stacktrace:
 [1] pipeline_error at ./process.jl:525 [inlined]
 [2] #run#565(::Bool, ::typeof(run), ::Cmd) at ./process.jl:440
 [3] run(::Cmd) at ./process.jl:438
 [4] top-level scope at /root/.julia/packages/DiffEqGPU/yuEOw/test/runtests.jl:10
 [5] include at ./boot.jl:328 [inlined]
 [6] include_relative(::Module, ::String) at ./loading.jl:1105
 [7] include(::Module, ::String) at ./Base.jl:31
 [8] include(::String) at ./client.jl:424
 [9] top-level scope at none:6
in expression starting at /root/.julia/packages/DiffEqGPU/yuEOw/test/runtests.jl:3
ERROR: Package DiffEqGPU errored during testing
Stacktrace:
 [1] pkgerror(::String, ::Vararg{String,N} where N) at /workspace/srcdir/julia/usr/share/julia/stdlib/v1.3/Pkg/src/Types.jl:113
 [2] #test#131(::Bool, ::Nothing, ::Cmd, ::Cmd, ::typeof(Pkg.Operations.test), ::Pkg.Types.Context, ::Array{Pkg.Types.PackageSpec,1}) at /workspace/srcdir/julia/usr/share/julia/stdlib/v1.3/Pkg/src/Operations.jl:1370
 [3] #test at ./none:0 [inlined]
 [4] #test#62(::Bool, ::Nothing, ::Cmd, ::Cmd, ::Base.Iterators.Pairs{Union{},Union{},Tuple{},NamedTuple{(),Tuple{}}}, ::typeof(Pkg.API.test), ::Pkg.Types.Context, ::Array{Pkg.Types.PackageSpec,1}) at /workspace/srcdir/julia/usr/share/julia/stdlib/v1.3/Pkg/src/API.jl:253
 [5] test(::Pkg.Types.Context, ::Array{Pkg.Types.PackageSpec,1}) at /workspace/srcdir/julia/usr/share/julia/stdlib/v1.3/Pkg/src/API.jl:239
 [6] #test#61 at /workspace/srcdir/julia/usr/share/julia/stdlib/v1.3/Pkg/src/API.jl:233 [inlined]
 [7] test at /workspace/srcdir/julia/usr/share/julia/stdlib/v1.3/Pkg/src/API.jl:233 [inlined]
 [8] #test#60 at /workspace/srcdir/julia/usr/share/julia/stdlib/v1.3/Pkg/src/API.jl:232 [inlined]
 [9] test at /workspace/srcdir/julia/usr/share/julia/stdlib/v1.3/Pkg/src/API.jl:232 [inlined]
 [10] #test#59(::Base.Iterators.Pairs{Union{},Union{},Tuple{},NamedTuple{(),Tuple{}}}, ::typeof(Pkg.API.test), ::String) at /workspace/srcdir/julia/usr/share/julia/stdlib/v1.3/Pkg/src/API.jl:231
 [11] test(::String) at /workspace/srcdir/julia/usr/share/julia/stdlib/v1.3/Pkg/src/API.jl:231
 [12] top-level scope at none:10
