 Resolving package versions...
 Installed RecipesBase ──────── v0.7.0
 Installed Missings ─────────── v0.4.3
 Installed DelayEmbeddings ──── v1.2.0
 Installed DataAPI ──────────── v1.1.0
 Installed SortingAlgorithms ── v0.3.1
 Installed NearestNeighbors ─── v0.4.4
 Installed DataStructures ───── v0.17.6
 Installed StatsBase ────────── v0.32.0
 Installed Distances ────────── v0.8.2
 Installed OrderedCollections ─ v1.1.0
 Installed StaticArrays ─────── v0.12.1
  Updating `~/.julia/environments/v1.2/Project.toml`
  [5732040d] + DelayEmbeddings v1.2.0
  Updating `~/.julia/environments/v1.2/Manifest.toml`
  [9a962f9c] + DataAPI v1.1.0
  [864edb3b] + DataStructures v0.17.6
  [5732040d] + DelayEmbeddings v1.2.0
  [b4f34e82] + Distances v0.8.2
  [e1d29d7a] + Missings v0.4.3
  [b8a86587] + NearestNeighbors v0.4.4
  [bac558e1] + OrderedCollections v1.1.0
  [3cdcf5f2] + RecipesBase v0.7.0
  [a2af1166] + SortingAlgorithms v0.3.1
  [90137ffa] + StaticArrays v0.12.1
  [2913bbd2] + StatsBase v0.32.0
  [2a0f44e3] + Base64 
  [8ba89e20] + Distributed 
  [b77e0a4c] + InteractiveUtils 
  [8f399da3] + Libdl 
  [37e2e46d] + LinearAlgebra 
  [56ddb016] + Logging 
  [d6f4376e] + Markdown 
  [de0858da] + Printf 
  [9a3f8284] + Random 
  [9e88b42a] + Serialization 
  [6462fe0b] + Sockets 
  [2f01184e] + SparseArrays 
  [10745b16] + Statistics 
  [8dfed614] + Test 
  [4ec0a83e] + Unicode 
   Testing DelayEmbeddings
 Resolving package versions...
 Installed Inflate ───────────────────── v0.1.1
 Installed AbstractFFTs ──────────────── v0.4.1
 Installed TableTraits ───────────────── v1.0.0
 Installed ChaosTools ────────────────── v1.8.0
 Installed PDMats ────────────────────── v0.9.10
 Installed BinaryProvider ────────────── v0.5.8
 Installed SimpleDiffEq ──────────────── v0.6.0
 Installed Conda ─────────────────────── v1.3.0
 Installed CommonSubexpressions ──────── v0.2.0
 Installed Adapt ─────────────────────── v1.0.0
 Installed Measurements ──────────────── v2.1.1
 Installed StatsFuns ─────────────────── v0.9.0
 Installed DiffEqBase ────────────────── v6.7.0
 Installed OrdinaryDiffEq ────────────── v5.25.0
 Installed Polynomials ───────────────── v0.6.0
 Installed URIParser ─────────────────── v0.4.0
 Installed Requires ──────────────────── v0.5.2
 Installed ExponentialUtilities ──────── v1.5.1
 Installed DocStringExtensions ───────── v0.8.1
 Installed ForwardDiff ───────────────── v0.10.7
 Installed Compat ────────────────────── v2.2.0
 Installed Reexport ──────────────────── v0.2.0
 Installed Rmath ─────────────────────── v0.5.1
 Installed FunctionWrappers ──────────── v1.0.0
 Installed GenericSVD ────────────────── v0.2.2
 Installed VertexSafeGraphs ──────────── v0.1.0
 Installed Calculus ──────────────────── v0.5.1
 Installed Roots ─────────────────────── v0.8.3
 Installed DynamicalSystemsBase ──────── v1.3.1
 Installed Combinatorics ─────────────── v1.0.0
 Installed LombScargle ───────────────── v0.4.0
 Installed TreeViews ─────────────────── v0.3.0
 Installed Distributions ─────────────── v0.21.9
 Installed Parsers ───────────────────── v0.3.10
 Installed IterativeSolvers ──────────── v0.8.1
 Installed DiffRules ─────────────────── v0.1.0
 Installed DiffEqDiffTools ───────────── v1.5.0
 Installed RecursiveFactorization ────── v0.1.0
 Installed LightGraphs ───────────────── v1.3.0
 Installed SparseDiffTools ───────────── v1.0.0
 Installed NaNMath ───────────────────── v0.3.3
 Installed RecursiveArrayTools ───────── v1.2.0
 Installed DiffResults ───────────────── v0.0.4
 Installed DSP ───────────────────────── v0.6.0
 Installed MuladdMacro ───────────────── v0.2.1
 Installed SimpleTraits ──────────────── v0.9.1
 Installed ArrayInterface ────────────── v2.0.0
 Installed JSON ──────────────────────── v0.21.0
 Installed Parameters ────────────────── v0.12.0
 Installed FFTW ──────────────────────── v0.3.0
 Installed IteratorInterfaceExtensions ─ v1.0.0
 Installed MacroTools ────────────────── v0.5.2
 Installed VersionParsing ────────────── v1.1.3
 Installed QuadGK ────────────────────── v2.1.1
 Installed ArnoldiMethod ─────────────── v0.0.4
 Installed BinDeps ───────────────────── v0.8.10
 Installed SpecialFunctions ──────────── v0.8.0
 Installed Arpack ────────────────────── v0.3.1
  Building Conda ───────────→ `~/.julia/packages/Conda/kLXeC/deps/build.log`
  Building Rmath ───────────→ `~/.julia/packages/Rmath/4wt82/deps/build.log`
  Building FFTW ────────────→ `~/.julia/packages/FFTW/2okGQ/deps/build.log`
  Building SpecialFunctions → `~/.julia/packages/SpecialFunctions/ne2iw/deps/build.log`
  Building Arpack ──────────→ `~/.julia/packages/Arpack/cu5By/deps/build.log`
    Status `/tmp/jl_bhFmBh/Manifest.toml`
  [621f4979] AbstractFFTs v0.4.1
  [79e6a3ab] Adapt v1.0.0
  [ec485272] ArnoldiMethod v0.0.4
  [7d9fca2a] Arpack v0.3.1
  [4fba245c] ArrayInterface v2.0.0
  [9e28174c] BinDeps v0.8.10
  [b99e7846] BinaryProvider v0.5.8
  [49dc2e85] Calculus v0.5.1
  [608a59af] ChaosTools v1.8.0
  [861a8166] Combinatorics v1.0.0
  [bbf7d656] CommonSubexpressions v0.2.0
  [34da2185] Compat v2.2.0
  [8f4d0f93] Conda v1.3.0
  [717857b8] DSP v0.6.0
  [9a962f9c] DataAPI v1.1.0
  [864edb3b] DataStructures v0.17.6
  [5732040d] DelayEmbeddings v1.2.0
  [2b5f629d] DiffEqBase v6.7.0
  [01453d9d] DiffEqDiffTools v1.5.0
  [163ba53b] DiffResults v0.0.4
  [b552c78f] DiffRules v0.1.0
  [b4f34e82] Distances v0.8.2
  [31c24e10] Distributions v0.21.9
  [ffbed154] DocStringExtensions v0.8.1
  [6e36e845] DynamicalSystemsBase v1.3.1
  [d4d017d3] ExponentialUtilities v1.5.1
  [7a1cc6ca] FFTW v0.3.0
  [f6369f11] ForwardDiff v0.10.7
  [069b7b12] FunctionWrappers v1.0.0
  [01680d73] GenericSVD v0.2.2
  [d25df0c9] Inflate v0.1.1
  [42fd0dbc] IterativeSolvers v0.8.1
  [82899510] IteratorInterfaceExtensions v1.0.0
  [682c06a0] JSON v0.21.0
  [093fc24a] LightGraphs v1.3.0
  [fc60dff9] LombScargle v0.4.0
  [1914dd2f] MacroTools v0.5.2
  [eff96d63] Measurements v2.1.1
  [e1d29d7a] Missings v0.4.3
  [46d2c3a1] MuladdMacro v0.2.1
  [77ba4419] NaNMath v0.3.3
  [b8a86587] NearestNeighbors v0.4.4
  [bac558e1] OrderedCollections v1.1.0
  [1dea7af3] OrdinaryDiffEq v5.25.0
  [90014a1f] PDMats v0.9.10
  [d96e819e] Parameters v0.12.0
  [69de0a69] Parsers v0.3.10
  [f27b6e38] Polynomials v0.6.0
  [1fd47b50] QuadGK v2.1.1
  [3cdcf5f2] RecipesBase v0.7.0
  [731186ca] RecursiveArrayTools v1.2.0
  [f2c3362d] RecursiveFactorization v0.1.0
  [189a3867] Reexport v0.2.0
  [ae029012] Requires v0.5.2
  [79098fc4] Rmath v0.5.1
  [f2b01f46] Roots v0.8.3
  [05bca326] SimpleDiffEq v0.6.0
  [699a6c99] SimpleTraits v0.9.1
  [a2af1166] SortingAlgorithms v0.3.1
  [47a9eef4] SparseDiffTools v1.0.0
  [276daf66] SpecialFunctions v0.8.0
  [90137ffa] StaticArrays v0.12.1
  [2913bbd2] StatsBase v0.32.0
  [4c63d2b9] StatsFuns v0.9.0
  [3783bdb8] TableTraits v1.0.0
  [a2a6695c] TreeViews v0.3.0
  [30578b45] URIParser v0.4.0
  [81def892] VersionParsing v1.1.3
  [19fa3120] VertexSafeGraphs v0.1.0
  [2a0f44e3] Base64  [`@stdlib/Base64`]
  [ade2ca70] Dates  [`@stdlib/Dates`]
  [8bb1440f] DelimitedFiles  [`@stdlib/DelimitedFiles`]
  [8ba89e20] Distributed  [`@stdlib/Distributed`]
  [b77e0a4c] InteractiveUtils  [`@stdlib/InteractiveUtils`]
  [76f85450] LibGit2  [`@stdlib/LibGit2`]
  [8f399da3] Libdl  [`@stdlib/Libdl`]
  [37e2e46d] LinearAlgebra  [`@stdlib/LinearAlgebra`]
  [56ddb016] Logging  [`@stdlib/Logging`]
  [d6f4376e] Markdown  [`@stdlib/Markdown`]
  [a63ad114] Mmap  [`@stdlib/Mmap`]
  [44cfe95a] Pkg  [`@stdlib/Pkg`]
  [de0858da] Printf  [`@stdlib/Printf`]
  [3fa0cd96] REPL  [`@stdlib/REPL`]
  [9a3f8284] Random  [`@stdlib/Random`]
  [ea8e919c] SHA  [`@stdlib/SHA`]
  [9e88b42a] Serialization  [`@stdlib/Serialization`]
  [1a1011a3] SharedArrays  [`@stdlib/SharedArrays`]
  [6462fe0b] Sockets  [`@stdlib/Sockets`]
  [2f01184e] SparseArrays  [`@stdlib/SparseArrays`]
  [10745b16] Statistics  [`@stdlib/Statistics`]
  [4607b0f0] SuiteSparse  [`@stdlib/SuiteSparse`]
  [8dfed614] Test  [`@stdlib/Test`]
  [cf7118a7] UUIDs  [`@stdlib/UUIDs`]
  [4ec0a83e] Unicode  [`@stdlib/Unicode`]

Testing Dataset...
Test Summary: | Pass  Total
Dataset       |   13     13

Testing reconstruct...
┌ Warning: `Size{S}(a::Array)` is deprecated, use `SizedVector{N}(a)`, `SizedMatrix{N,M}(a)` or `SizedArray{Tuple{S}}(a)` instead
│   caller = top-level scope at reconstruction_tests.jl:65
└ @ Core ~/.julia/packages/DelayEmbeddings/IID0k/test/reconstruction_tests.jl:65
┌ Warning: `Size{S}(a::Array)` is deprecated, use `SizedVector{N}(a)`, `SizedMatrix{N,M}(a)` or `SizedArray{Tuple{S}}(a)` instead
│   caller = top-level scope at reconstruction_tests.jl:84
└ @ Core ~/.julia/packages/DelayEmbeddings/IID0k/test/reconstruction_tests.jl:84
Test Summary: | Pass  Total
reconstruct   |   71     71

Testing delay estimation...
┌ Warning: Did not encounter a minimum, returning last `τ`.
└ @ DelayEmbeddings ~/.julia/packages/DelayEmbeddings/IID0k/src/estimate_delay.jl:82
Test Summary:  | Pass  Total
Estimate Delay |   14     14

Testing R-param. estimation...
Estimate Dimension: Test Failed at /root/.julia/packages/DelayEmbeddings/IID0k/test/R_dimension.jl:86
  Expression: saturation_point(Ds, 1 .- ffnn_ratio; threshold=0.1) ∈ [2, 3]
   Evaluated: 1 ∈ [2, 3]
Stacktrace:
 [1] top-level scope at /root/.julia/packages/DelayEmbeddings/IID0k/test/R_dimension.jl:86
 [2] top-level scope at /buildworker/worker/package_linux64/build/usr/share/julia/stdlib/v1.2/Test/src/Test.jl:1113
 [3] top-level scope at /root/.julia/packages/DelayEmbeddings/IID0k/test/R_dimension.jl:23
Test Summary:      | Pass  Fail  Total
Estimate Dimension |   12     1     13
ERROR: LoadError: LoadError: Some tests did not pass: 12 passed, 1 failed, 0 errored, 0 broken.
in expression starting at /root/.julia/packages/DelayEmbeddings/IID0k/test/R_dimension.jl:22
in expression starting at /root/.julia/packages/DelayEmbeddings/IID0k/test/runtests.jl:10
ERROR: Package DelayEmbeddings errored during testing
Stacktrace:
 [1] pkgerror(::String, ::Vararg{String,N} where N) at /buildworker/worker/package_linux64/build/usr/share/julia/stdlib/v1.2/Pkg/src/Types.jl:112
 [2] #test#119(::Bool, ::Nothing, ::typeof(Pkg.Operations.test), ::Pkg.Types.Context, ::Array{Pkg.Types.PackageSpec,1}) at /buildworker/worker/package_linux64/build/usr/share/julia/stdlib/v1.2/Pkg/src/Operations.jl:1288
 [3] #test at ./none:0 [inlined]
 [4] #test#62(::Bool, ::Nothing, ::Base.Iterators.Pairs{Union{},Union{},Tuple{},NamedTuple{(),Tuple{}}}, ::typeof(Pkg.API.test), ::Pkg.Types.Context, ::Array{Pkg.Types.PackageSpec,1}) at /buildworker/worker/package_linux64/build/usr/share/julia/stdlib/v1.2/Pkg/src/API.jl:245
 [5] test at /buildworker/worker/package_linux64/build/usr/share/julia/stdlib/v1.2/Pkg/src/API.jl:233 [inlined]
 [6] #test#61 at /buildworker/worker/package_linux64/build/usr/share/julia/stdlib/v1.2/Pkg/src/API.jl:230 [inlined]
 [7] test at /buildworker/worker/package_linux64/build/usr/share/julia/stdlib/v1.2/Pkg/src/API.jl:230 [inlined]
 [8] #test#60 at /buildworker/worker/package_linux64/build/usr/share/julia/stdlib/v1.2/Pkg/src/API.jl:229 [inlined]
 [9] test at /buildworker/worker/package_linux64/build/usr/share/julia/stdlib/v1.2/Pkg/src/API.jl:229 [inlined]
 [10] #test#59(::Base.Iterators.Pairs{Union{},Union{},Tuple{},NamedTuple{(),Tuple{}}}, ::typeof(Pkg.API.test), ::String) at /buildworker/worker/package_linux64/build/usr/share/julia/stdlib/v1.2/Pkg/src/API.jl:228
 [11] test(::String) at /buildworker/worker/package_linux64/build/usr/share/julia/stdlib/v1.2/Pkg/src/API.jl:228
 [12] top-level scope at none:10
