 Resolving package versions...
 Installed ExponentialUtilities ──────── v1.5.1
 Installed Roots ─────────────────────── v0.8.3
 Installed Compat ────────────────────── v2.2.0
 Installed DiffResults ───────────────── v0.0.4
 Installed DataStructures ────────────── v0.17.6
 Installed StaticArrays ──────────────── v0.12.1
 Installed DelayDiffEq ───────────────── v5.18.0
 Installed DocStringExtensions ───────── v0.8.1
 Installed MacroTools ────────────────── v0.5.2
 Installed TreeViews ─────────────────── v0.3.0
 Installed Parameters ────────────────── v0.12.0
 Installed FunctionWrappers ──────────── v1.0.0
 Installed OrderedCollections ────────── v1.1.0
 Installed TableTraits ───────────────── v1.0.0
 Installed SpecialFunctions ──────────── v0.9.0
 Installed CommonSubexpressions ──────── v0.2.0
 Installed GenericSVD ────────────────── v0.2.2
 Installed LightGraphs ───────────────── v1.3.0
 Installed RecipesBase ───────────────── v0.7.0
 Installed Adapt ─────────────────────── v1.0.0
 Installed NaNMath ───────────────────── v0.3.3
 Installed ForwardDiff ───────────────── v0.10.7
 Installed DiffEqDiffTools ───────────── v1.5.0
 Installed OrdinaryDiffEq ────────────── v5.25.0
 Installed OpenSpecFun_jll ───────────── v0.5.3+1
 Installed DiffRules ─────────────────── v0.1.0
 Installed SparseDiffTools ───────────── v1.0.0
 Installed DiffEqBase ────────────────── v6.7.0
 Installed ArnoldiMethod ─────────────── v0.0.4
 Installed Inflate ───────────────────── v0.1.1
 Installed ArrayInterface ────────────── v2.0.0
 Installed Requires ──────────────────── v0.5.2
 Installed MuladdMacro ───────────────── v0.2.1
 Installed IteratorInterfaceExtensions ─ v1.0.0
 Installed SimpleTraits ──────────────── v0.9.1
 Installed VertexSafeGraphs ──────────── v0.1.0
 Installed RecursiveFactorization ────── v0.1.0
 Installed RecursiveArrayTools ───────── v1.2.0
 Installed Reexport ──────────────────── v0.2.0
 Installed IterativeSolvers ──────────── v0.8.1
  Updating `~/.julia/environments/v1.3/Project.toml`
  [bcd4f6db] + DelayDiffEq v5.18.0
  Updating `~/.julia/environments/v1.3/Manifest.toml`
  [79e6a3ab] + Adapt v1.0.0
  [ec485272] + ArnoldiMethod v0.0.4
  [4fba245c] + ArrayInterface v2.0.0
  [bbf7d656] + CommonSubexpressions v0.2.0
  [34da2185] + Compat v2.2.0
  [864edb3b] + DataStructures v0.17.6
  [bcd4f6db] + DelayDiffEq v5.18.0
  [2b5f629d] + DiffEqBase v6.7.0
  [01453d9d] + DiffEqDiffTools v1.5.0
  [163ba53b] + DiffResults v0.0.4
  [b552c78f] + DiffRules v0.1.0
  [ffbed154] + DocStringExtensions v0.8.1
  [d4d017d3] + ExponentialUtilities v1.5.1
  [f6369f11] + ForwardDiff v0.10.7
  [069b7b12] + FunctionWrappers v1.0.0
  [01680d73] + GenericSVD v0.2.2
  [d25df0c9] + Inflate v0.1.1
  [42fd0dbc] + IterativeSolvers v0.8.1
  [82899510] + IteratorInterfaceExtensions v1.0.0
  [093fc24a] + LightGraphs v1.3.0
  [1914dd2f] + MacroTools v0.5.2
  [46d2c3a1] + MuladdMacro v0.2.1
  [77ba4419] + NaNMath v0.3.3
  [efe28fd5] + OpenSpecFun_jll v0.5.3+1
  [bac558e1] + OrderedCollections v1.1.0
  [1dea7af3] + OrdinaryDiffEq v5.25.0
  [d96e819e] + Parameters v0.12.0
  [3cdcf5f2] + RecipesBase v0.7.0
  [731186ca] + RecursiveArrayTools v1.2.0
  [f2c3362d] + RecursiveFactorization v0.1.0
  [189a3867] + Reexport v0.2.0
  [ae029012] + Requires v0.5.2
  [f2b01f46] + Roots v0.8.3
  [699a6c99] + SimpleTraits v0.9.1
  [47a9eef4] + SparseDiffTools v1.0.0
  [276daf66] + SpecialFunctions v0.9.0
  [90137ffa] + StaticArrays v0.12.1
  [3783bdb8] + TableTraits v1.0.0
  [a2a6695c] + TreeViews v0.3.0
  [19fa3120] + VertexSafeGraphs v0.1.0
  [2a0f44e3] + Base64 
  [ade2ca70] + Dates 
  [8bb1440f] + DelimitedFiles 
  [8ba89e20] + Distributed 
  [b77e0a4c] + InteractiveUtils 
  [76f85450] + LibGit2 
  [8f399da3] + Libdl 
  [37e2e46d] + LinearAlgebra 
  [56ddb016] + Logging 
  [d6f4376e] + Markdown 
  [a63ad114] + Mmap 
  [44cfe95a] + Pkg 
  [de0858da] + Printf 
  [3fa0cd96] + REPL 
  [9a3f8284] + Random 
  [ea8e919c] + SHA 
  [9e88b42a] + Serialization 
  [1a1011a3] + SharedArrays 
  [6462fe0b] + Sockets 
  [2f01184e] + SparseArrays 
  [10745b16] + Statistics 
  [4607b0f0] + SuiteSparse 
  [8dfed614] + Test 
  [cf7118a7] + UUIDs 
  [4ec0a83e] + Unicode 
   Testing DelayDiffEq
 Resolving package versions...
 Installed Calculus ──────────────── v0.5.1
 Installed DiffEqCallbacks ───────── v2.10.0
 Installed Unitful ───────────────── v0.18.0
 Installed CanonicalTraits ───────── v0.1.0
 Installed SafeTestsets ──────────── v0.0.1
 Installed Quadmath ──────────────── v0.5.2
 Installed DiffEqProblemLibrary ──── v4.5.1
 Installed DiffEqDevTools ────────── v2.16.0
 Installed LazyArrays ────────────── v0.14.10
 Installed NLsolve ───────────────── v4.2.0
 Installed ProgressMeter ─────────── v1.2.0
 Installed BinaryProvider ────────── v0.5.8
 Installed LineSearches ──────────── v7.0.1
 Installed NLSolversBase ─────────── v7.5.0
 Installed NNlib ─────────────────── v0.6.0
 Installed MultivariatePolynomials ─ v0.3.2
 Installed DiffEqBiological ──────── v4.1.0
 Installed StaticPolynomials ─────── v1.3.3
 Installed ArrayLayouts ──────────── v0.1.5
 Installed BlockArrays ───────────── v0.10.2
 Installed TimerOutputs ──────────── v0.5.3
 Installed DiffEqOperators ───────── v4.6.0
 Installed BlockBandedMatrices ───── v0.6.0
 Installed ConstructionBase ──────── v1.0.0
 Installed DataAPI ───────────────── v1.1.0
 Installed Crayons ───────────────── v4.0.1
 Installed Tables ────────────────── v0.2.11
 Installed PrettyPrint ───────────── v0.1.0
 Installed Distances ─────────────── v0.8.2
 Installed DynamicPolynomials ────── v0.3.3
 Installed DoubleFloats ──────────── v1.0.1
 Installed HomotopyContinuation ──── v1.3.1
 Installed DataValueInterfaces ───── v1.0.0
 Installed Polynomials ───────────── v0.6.0
 Installed GenericSchur ──────────── v0.3.0
 Installed ModelingToolkit ───────── v1.0.0
 Installed LaTeXStrings ──────────── v1.0.3
 Installed GeneralizedGenerated ──── v0.2.0
 Installed PoissonRandom ─────────── v0.4.0
 Installed JuliaVariables ────────── v0.2.0
 Installed MixedSubdivisions ─────── v1.0.0
 Installed ResettableStacks ──────── v1.0.0
 Installed ElasticArrays ─────────── v1.0.0
 Installed FixedPolynomials ──────── v0.4.0
 Installed DiffEqJump ────────────── v6.3.0
 Installed ProjectiveVectors ─────── v1.1.2
 Installed DiffEqNoiseProcess ────── v3.6.0
 Installed MatrixFactorizations ──── v0.2.1
 Installed NameResolution ────────── v0.1.3
 Installed FillArrays ────────────── v0.8.2
 Installed BandedMatrices ────────── v0.14.2
 Installed RandomNumbers ─────────── v1.3.0
 Installed Latexify ──────────────── v0.12.3
 Installed Formatting ────────────── v0.4.1
 Installed SymEngine ─────────────── v0.7.0
 Installed MLStyle ───────────────── v0.3.1
 Installed PrettyTables ──────────── v0.6.0
  Building SymEngine → `~/.julia/packages/SymEngine/zSUGO/deps/build.log`
    Status `/tmp/jl_KDJDRe/Manifest.toml`
  [79e6a3ab] Adapt v1.0.0
  [ec485272] ArnoldiMethod v0.0.4
  [4fba245c] ArrayInterface v2.0.0
  [4c555306] ArrayLayouts v0.1.5
  [aae01518] BandedMatrices v0.14.2
  [b99e7846] BinaryProvider v0.5.8
  [8e7c35d0] BlockArrays v0.10.2
  [ffab5731] BlockBandedMatrices v0.6.0
  [49dc2e85] Calculus v0.5.1
  [a603d957] CanonicalTraits v0.1.0
  [bbf7d656] CommonSubexpressions v0.2.0
  [34da2185] Compat v2.2.0
  [187b0558] ConstructionBase v1.0.0
  [a8cc5b0e] Crayons v4.0.1
  [9a962f9c] DataAPI v1.1.0
  [864edb3b] DataStructures v0.17.6
  [e2d170a0] DataValueInterfaces v1.0.0
  [bcd4f6db] DelayDiffEq v5.18.0
  [2b5f629d] DiffEqBase v6.7.0
  [eb300fae] DiffEqBiological v4.1.0
  [459566f4] DiffEqCallbacks v2.10.0
  [f3b72e0c] DiffEqDevTools v2.16.0
  [01453d9d] DiffEqDiffTools v1.5.0
  [c894b116] DiffEqJump v6.3.0
  [77a26b50] DiffEqNoiseProcess v3.6.0
  [9fdde737] DiffEqOperators v4.6.0
  [a077e3f3] DiffEqProblemLibrary v4.5.1
  [163ba53b] DiffResults v0.0.4
  [b552c78f] DiffRules v0.1.0
  [b4f34e82] Distances v0.8.2
  [ffbed154] DocStringExtensions v0.8.1
  [497a8b3b] DoubleFloats v1.0.1
  [7c1d4256] DynamicPolynomials v0.3.3
  [fdbdab4c] ElasticArrays v1.0.0
  [d4d017d3] ExponentialUtilities v1.5.1
  [1a297f60] FillArrays v0.8.2
  [3dd14ad9] FixedPolynomials v0.4.0
  [59287772] Formatting v0.4.1
  [f6369f11] ForwardDiff v0.10.7
  [069b7b12] FunctionWrappers v1.0.0
  [6b9d7cbe] GeneralizedGenerated v0.2.0
  [01680d73] GenericSVD v0.2.2
  [c145ed77] GenericSchur v0.3.0
  [f213a82b] HomotopyContinuation v1.3.1
  [d25df0c9] Inflate v0.1.1
  [42fd0dbc] IterativeSolvers v0.8.1
  [82899510] IteratorInterfaceExtensions v1.0.0
  [b14d175d] JuliaVariables v0.2.0
  [b964fa9f] LaTeXStrings v1.0.3
  [23fbe1c1] Latexify v0.12.3
  [5078a376] LazyArrays v0.14.10
  [093fc24a] LightGraphs v1.3.0
  [d3d80556] LineSearches v7.0.1
  [d8e11817] MLStyle v0.3.1
  [1914dd2f] MacroTools v0.5.2
  [a3b82374] MatrixFactorizations v0.2.1
  [291d046c] MixedSubdivisions v1.0.0
  [961ee093] ModelingToolkit v1.0.0
  [46d2c3a1] MuladdMacro v0.2.1
  [102ac46a] MultivariatePolynomials v0.3.2
  [d41bc354] NLSolversBase v7.5.0
  [2774e3e8] NLsolve v4.2.0
  [872c559c] NNlib v0.6.0
  [77ba4419] NaNMath v0.3.3
  [71a1bf82] NameResolution v0.1.3
  [efe28fd5] OpenSpecFun_jll v0.5.3+1
  [bac558e1] OrderedCollections v1.1.0
  [1dea7af3] OrdinaryDiffEq v5.25.0
  [d96e819e] Parameters v0.12.0
  [e409e4f3] PoissonRandom v0.4.0
  [f27b6e38] Polynomials v0.6.0
  [8162dcfd] PrettyPrint v0.1.0
  [08abe8d2] PrettyTables v0.6.0
  [92933f4c] ProgressMeter v1.2.0
  [01f381cc] ProjectiveVectors v1.1.2
  [be4d8f0f] Quadmath v0.5.2
  [e6cf234a] RandomNumbers v1.3.0
  [3cdcf5f2] RecipesBase v0.7.0
  [731186ca] RecursiveArrayTools v1.2.0
  [f2c3362d] RecursiveFactorization v0.1.0
  [189a3867] Reexport v0.2.0
  [ae029012] Requires v0.5.2
  [ae5879a3] ResettableStacks v1.0.0
  [f2b01f46] Roots v0.8.3
  [1bc83da4] SafeTestsets v0.0.1
  [699a6c99] SimpleTraits v0.9.1
  [47a9eef4] SparseDiffTools v1.0.0
  [276daf66] SpecialFunctions v0.9.0
  [90137ffa] StaticArrays v0.12.1
  [62e018b1] StaticPolynomials v1.3.3
  [123dc426] SymEngine v0.7.0
  [3783bdb8] TableTraits v1.0.0
  [bd369af6] Tables v0.2.11
  [a759f4b9] TimerOutputs v0.5.3
  [a2a6695c] TreeViews v0.3.0
  [1986cc42] Unitful v0.18.0
  [19fa3120] VertexSafeGraphs v0.1.0
  [2a0f44e3] Base64  [`@stdlib/Base64`]
  [ade2ca70] Dates  [`@stdlib/Dates`]
  [8bb1440f] DelimitedFiles  [`@stdlib/DelimitedFiles`]
  [8ba89e20] Distributed  [`@stdlib/Distributed`]
  [b77e0a4c] InteractiveUtils  [`@stdlib/InteractiveUtils`]
  [76f85450] LibGit2  [`@stdlib/LibGit2`]
  [8f399da3] Libdl  [`@stdlib/Libdl`]
  [37e2e46d] LinearAlgebra  [`@stdlib/LinearAlgebra`]
  [56ddb016] Logging  [`@stdlib/Logging`]
  [d6f4376e] Markdown  [`@stdlib/Markdown`]
  [a63ad114] Mmap  [`@stdlib/Mmap`]
  [44cfe95a] Pkg  [`@stdlib/Pkg`]
  [de0858da] Printf  [`@stdlib/Printf`]
  [3fa0cd96] REPL  [`@stdlib/REPL`]
  [9a3f8284] Random  [`@stdlib/Random`]
  [ea8e919c] SHA  [`@stdlib/SHA`]
  [9e88b42a] Serialization  [`@stdlib/Serialization`]
  [1a1011a3] SharedArrays  [`@stdlib/SharedArrays`]
  [6462fe0b] Sockets  [`@stdlib/Sockets`]
  [2f01184e] SparseArrays  [`@stdlib/SparseArrays`]
  [10745b16] Statistics  [`@stdlib/Statistics`]
  [4607b0f0] SuiteSparse  [`@stdlib/SuiteSparse`]
  [8dfed614] Test  [`@stdlib/Test`]
  [cf7118a7] UUIDs  [`@stdlib/UUIDs`]
  [4ec0a83e] Unicode  [`@stdlib/Unicode`]
Test Summary: | Pass  Broken  Total
AD Tests      |    3       3      6
401.209561 seconds (165.41 M allocations: 6.739 GiB, 1.43% gc time)
Test Summary:   | Pass  Total
Backwards Tests |   12     12
 13.785479 seconds (11.91 M allocations: 611.323 MiB, 4.08% gc time)
Test Summary:            | Pass  Total
Composite Solution Tests |   12     12
 66.284191 seconds (67.61 M allocations: 3.237 GiB, 4.28% gc time)
Test Summary:                | Pass  Total
Constrained Time Steps Tests |   10     10
 29.532540 seconds (33.18 M allocations: 1.678 GiB, 3.51% gc time)
Test Summary:         | Pass  Total
Dependent Delay Tests |   17     17
 13.019389 seconds (14.96 M allocations: 585.741 MiB, 2.60% gc time)
Test Summary:       | Pass  Total
Discontinuity Tests |   23     23
  3.858654 seconds (2.98 M allocations: 146.921 MiB, 2.51% gc time)
Test Summary: | Pass  Total
Export Tests  |    1      1
  0.130286 seconds (126.17 k allocations: 6.287 MiB)
Test Summary:               | Pass  Broken  Total
Fixed-point Iteration Tests |   24      12     36
130.504233 seconds (64.56 M allocations: 2.809 GiB, 1.53% gc time)
Test Summary:          | Pass  Total
History Function Tests |   81     81
 16.041488 seconds (18.08 M allocations: 849.422 MiB, 2.65% gc time)
Test Summary:  | Pass  Broken  Total
Jacobian Tests |   34      34     68
120.208146 seconds (118.97 M allocations: 5.741 GiB, 3.34% gc time)
Test Summary:                | Pass  Total
Parameterized Function Tests |   12     12
  9.877165 seconds (6.85 M allocations: 331.645 MiB, 2.07% gc time)
Test Summary: | Pass  Total
saveat Tests  |  100    100
 10.035925 seconds (8.96 M allocations: 419.102 MiB, 2.31% gc time)
Test Summary:   | Pass  Total
save_idxs Tests |   52     52
 24.661385 seconds (22.09 M allocations: 1.054 GiB, 2.53% gc time)
Test Summary:                  | Pass  Total
Unconstrained Time Steps Tests |   15     15
 48.550187 seconds (36.10 M allocations: 1.760 GiB, 1.98% gc time)
Test Summary: | Pass  Total
Units Tests   |   13     13
 86.138382 seconds (45.38 M allocations: 2.190 GiB, 3.08% gc time)
Check for stochastic errors
Check some other integrators
Rosenbrock23
Rosenbrock32
Vern7
Euler
Midpoint
RK4
SSPRK22
SSPRK33
ORK256
CarpenterKennedy2N54
HSLDDRK64
DGLDDRK73_C
CFRLDDRK64
TSLDDRK74
CKLLSRK43_2
ParsaniKetchesonDeconinck3S32
BS3
BS5
DP5
DP8
Feagin10
Feagin12
Feagin14
TanYam7
Tsit5
TsitPap8
Vern6
Vern7
Vern8
Vern9
OwrenZen3
OwrenZen4
OwrenZen5
Rodas4
Rodas5
Test Summary: | Pass  Total
Cache Tests   |   45     45
485.044710 seconds (420.27 M allocations: 19.552 GiB, 3.07% gc time)
Test Summary: | Pass  Total
Event Tests   |    7      7
 33.508866 seconds (11.15 M allocations: 544.362 MiB, 1.07% gc time)
(tprev, t) = (0.0, 0.0625)
(tprev, t) = (0.0625, 0.5)
(tprev, t) = (0.5, 0.7113162729614714)
(tprev, t) = (0.7113162729614714, 0.8430750280339182)
(tprev, t) = (0.8430750280339182, 0.9210780782314043)
(tprev, t) = (0.9210780782314043, 0.9642703918488206)
(tprev, t) = (0.9642703918488206, 0.9861188456029072)
(tprev, t) = (0.9861188456029072, 0.9958083112749617)
(tprev, t) = (0.9958083112749617, 0.999268279782192)
(tprev, t) = (0.999268279782192, 1.0)
(tprev, t) = (1.0, 1.0003691106501282)
(tprev, t) = (1.0003691106501282, 1.004060217151411)
(tprev, t) = (1.004060217151411, 1.0409712821642392)
(tprev, t) = (1.0409712821642392, 1.4100819322925204)
(tprev, t) = (1.4100819322925204, 2.0)
(tprev, t) = (2.0, 2.2643438785165344)
(tprev, t) = (2.2643438785165344, 3.0)
(tprev, t) = (3.0, 3.4694315774247455)
(tprev, t) = (3.4694315774247455, 4.0)
(tprev, t) = (4.0, 4.681725498926003)
(tprev, t) = (4.681725498926003, 5.0)
(tprev, t) = (5.0, 5.646091554807268)
(tprev, t) = (5.646091554807268, 6.0)
(tprev, t) = (6.0, 6.632103897445186)
(tprev, t) = (6.632103897445186, 7.228995707122442)
(tprev, t) = (7.228995707122442, 8.666015687047528)
(tprev, t) = (8.666015687047528, 9.29844012816626)
(tprev, t) = (9.29844012816626, 10.0)
Test Summary:  | Pass  Total
Iterator Tests |   17     17
 11.818944 seconds (8.86 M allocations: 451.442 MiB, 2.39% gc time)
Test Summary:          | Pass  Total
Reinitialization Tests |    8      8
  1.060179 seconds (1.13 M allocations: 58.794 MiB)
Test Summary:          | Pass  Total
Residual Control Tests |   18     18
  9.512415 seconds (9.00 M allocations: 391.186 MiB, 2.02% gc time)
Test Summary:     | Pass  Total
Return Code Tests |    6      6
  2.270663 seconds (2.27 M allocations: 122.293 MiB, 4.32% gc time)
Rosenbrock23
Rosenbrock32
ROS3P
Rodas3
RosShamp4
Veldd4
Velds4
GRK4T
GRK4A
Ros4LStab
Rodas4
Rodas42
Rodas4P
Rodas5
Test Summary:    | Pass  Total
Rosenbrock Tests |   28     28
197.370998 seconds (184.09 M allocations: 8.868 GiB, 2.86% gc time)
SDIRK2
KenCarp4
Algorithm KenCarp4: Error During Test at /root/.julia/packages/DelayDiffEq/uLfcX/test/integrators/sdirk.jl:40
 Unexpected Pass
 Expression: sol_ip.t ≈ sol_scalar.t
 Got correct result, please change to @test if no longer broken.

Kvaerno4
TRBDF2
SSPSDIRK2
Kvaerno3
Cash4
ImplicitEuler
Trapezoid
Kvaerno5
Hairer42
Hairer4
ImplicitMidpoint
KenCarp3
KenCarp5
Test Summary:                | Pass  Error  Broken  Total
SDIRK Tests                  |    9      1      35     45
  Algorithm SDIRK2           |                   3      3
  Algorithm KenCarp4         |           1       2      3
  Algorithm Kvaerno4         |                   3      3
  Algorithm TRBDF2           |                   3      3
  Algorithm SSPSDIRK2        |    3                     3
  Algorithm Kvaerno3         |                   3      3
  Algorithm Cash4            |                   3      3
  Algorithm ImplicitEuler    |                   3      3
  Algorithm Trapezoid        |                   3      3
  Algorithm Kvaerno5         |                   3      3
  Algorithm Hairer42         |                   3      3
  Algorithm Hairer4          |                   3      3
  Algorithm ImplicitMidpoint |    3                     3
  Algorithm KenCarp3         |                   3      3
  Algorithm KenCarp5         |    3                     3
ERROR: LoadError: Some tests did not pass: 9 passed, 0 failed, 1 errored, 35 broken.
in expression starting at /root/.julia/packages/DelayDiffEq/uLfcX/test/runtests.jl:23
ERROR: Package DelayDiffEq errored during testing
Stacktrace:
 [1] pkgerror(::String, ::Vararg{String,N} where N) at /buildworker/worker/package_linux64/build/usr/share/julia/stdlib/v1.3/Pkg/src/Types.jl:113
 [2] #test#131(::Bool, ::Nothing, ::Cmd, ::Cmd, ::typeof(Pkg.Operations.test), ::Pkg.Types.Context, ::Array{Pkg.Types.PackageSpec,1}) at /buildworker/worker/package_linux64/build/usr/share/julia/stdlib/v1.3/Pkg/src/Operations.jl:1370
 [3] #test at ./none:0 [inlined]
 [4] #test#62(::Bool, ::Nothing, ::Cmd, ::Cmd, ::Base.Iterators.Pairs{Union{},Union{},Tuple{},NamedTuple{(),Tuple{}}}, ::typeof(Pkg.API.test), ::Pkg.Types.Context, ::Array{Pkg.Types.PackageSpec,1}) at /buildworker/worker/package_linux64/build/usr/share/julia/stdlib/v1.3/Pkg/src/API.jl:253
 [5] test(::Pkg.Types.Context, ::Array{Pkg.Types.PackageSpec,1}) at /buildworker/worker/package_linux64/build/usr/share/julia/stdlib/v1.3/Pkg/src/API.jl:239
 [6] #test#61 at /buildworker/worker/package_linux64/build/usr/share/julia/stdlib/v1.3/Pkg/src/API.jl:233 [inlined]
 [7] test at /buildworker/worker/package_linux64/build/usr/share/julia/stdlib/v1.3/Pkg/src/API.jl:233 [inlined]
 [8] #test#60 at /buildworker/worker/package_linux64/build/usr/share/julia/stdlib/v1.3/Pkg/src/API.jl:232 [inlined]
 [9] test at /buildworker/worker/package_linux64/build/usr/share/julia/stdlib/v1.3/Pkg/src/API.jl:232 [inlined]
 [10] #test#59(::Base.Iterators.Pairs{Union{},Union{},Tuple{},NamedTuple{(),Tuple{}}}, ::typeof(Pkg.API.test), ::String) at /buildworker/worker/package_linux64/build/usr/share/julia/stdlib/v1.3/Pkg/src/API.jl:231
 [11] test(::String) at /buildworker/worker/package_linux64/build/usr/share/julia/stdlib/v1.3/Pkg/src/API.jl:231
 [12] top-level scope at none:10
