 Resolving package versions...
 Installed BoundaryValueDiffEq ───────── v2.3.0
 Installed ArrayLayouts ──────────────── v0.1.5
 Installed Adapt ─────────────────────── v1.0.0
 Installed OpenSpecFun_jll ───────────── v0.5.3+1
 Installed FunctionWrappers ──────────── v1.0.0
 Installed DifferentialEquations ─────── v6.9.0
 Installed DataStructures ────────────── v0.17.6
 Installed LightGraphs ───────────────── v1.3.0
 Installed NaNMath ───────────────────── v0.3.3
 Installed Compat ────────────────────── v2.2.0
 Installed StochasticDiffEq ──────────── v6.15.0
 Installed SpecialFunctions ──────────── v0.9.0
 Installed DiffEqPhysics ─────────────── v3.3.0
 Installed SparseDiffTools ───────────── v1.0.0
 Installed IterativeSolvers ──────────── v0.8.1
 Installed StaticArrays ──────────────── v0.12.1
 Installed BandedMatrices ────────────── v0.14.2
 Installed ResettableStacks ──────────── v1.0.0
 Installed MacroTools ────────────────── v0.5.2
 Installed Roots ─────────────────────── v0.8.3
 Installed Inflate ───────────────────── v0.1.1
 Installed DiffResults ───────────────── v0.0.4
 Installed MultiScaleArrays ──────────── v1.5.0
 Installed FillArrays ────────────────── v0.8.2
 Installed ForwardDiff ───────────────── v0.10.7
 Installed LineSearches ──────────────── v7.0.1
 Installed ExponentialUtilities ──────── v1.5.1
 Installed Calculus ──────────────────── v0.5.1
 Installed TableTraits ───────────────── v1.0.0
 Installed CommonSubexpressions ──────── v0.2.0
 Installed DimensionalPlotRecipes ────── v1.0.0
 Installed DelayDiffEq ───────────────── v5.18.0
 Installed SteadyStateDiffEq ─────────── v1.5.0
 Installed Sundials ──────────────────── v3.8.1
 Installed DocStringExtensions ───────── v0.8.1
 Installed BinaryProvider ────────────── v0.5.8
 Installed DiffEqFinancial ───────────── v2.2.1
 Installed OrdinaryDiffEq ────────────── v5.25.0
 Installed MuladdMacro ───────────────── v0.2.1
 Installed Parameters ────────────────── v0.12.0
 Installed DiffEqCallbacks ───────────── v2.10.0
 Installed NLSolversBase ─────────────── v7.5.0
 Installed DiffRules ─────────────────── v0.1.0
 Installed PoissonRandom ─────────────── v0.4.0
 Installed Distances ─────────────────── v0.8.2
 Installed Requires ──────────────────── v0.5.2
 Installed ArrayInterface ────────────── v2.0.0
 Installed RecursiveArrayTools ───────── v1.2.0
 Installed SimpleTraits ──────────────── v0.9.1
 Installed GenericSVD ────────────────── v0.2.2
 Installed RecursiveFactorization ────── v0.1.0
 Installed DiffEqBase ────────────────── v6.7.0
 Installed RecipesBase ───────────────── v0.7.0
 Installed Reexport ──────────────────── v0.2.0
 Installed DiffEqJump ────────────────── v6.3.0
 Installed VertexSafeGraphs ──────────── v0.1.0
 Installed IteratorInterfaceExtensions ─ v1.0.0
 Installed DiffEqDiffTools ───────────── v1.5.0
 Installed TreeViews ─────────────────── v0.3.0
 Installed ArnoldiMethod ─────────────── v0.0.4
 Installed RandomNumbers ─────────────── v1.3.0
 Installed OrderedCollections ────────── v1.1.0
 Installed NLsolve ───────────────────── v4.2.0
 Installed DiffEqNoiseProcess ────────── v3.6.0
  Updating `~/.julia/environments/v1.3/Project.toml`
  [0c46a032] + DifferentialEquations v6.9.0
  Updating `~/.julia/environments/v1.3/Manifest.toml`
  [79e6a3ab] + Adapt v1.0.0
  [ec485272] + ArnoldiMethod v0.0.4
  [4fba245c] + ArrayInterface v2.0.0
  [4c555306] + ArrayLayouts v0.1.5
  [aae01518] + BandedMatrices v0.14.2
  [b99e7846] + BinaryProvider v0.5.8
  [764a87c0] + BoundaryValueDiffEq v2.3.0
  [49dc2e85] + Calculus v0.5.1
  [bbf7d656] + CommonSubexpressions v0.2.0
  [34da2185] + Compat v2.2.0
  [864edb3b] + DataStructures v0.17.6
  [bcd4f6db] + DelayDiffEq v5.18.0
  [2b5f629d] + DiffEqBase v6.7.0
  [459566f4] + DiffEqCallbacks v2.10.0
  [01453d9d] + DiffEqDiffTools v1.5.0
  [5a0ffddc] + DiffEqFinancial v2.2.1
  [c894b116] + DiffEqJump v6.3.0
  [77a26b50] + DiffEqNoiseProcess v3.6.0
  [055956cb] + DiffEqPhysics v3.3.0
  [163ba53b] + DiffResults v0.0.4
  [b552c78f] + DiffRules v0.1.0
  [0c46a032] + DifferentialEquations v6.9.0
  [c619ae07] + DimensionalPlotRecipes v1.0.0
  [b4f34e82] + Distances v0.8.2
  [ffbed154] + DocStringExtensions v0.8.1
  [d4d017d3] + ExponentialUtilities v1.5.1
  [1a297f60] + FillArrays v0.8.2
  [f6369f11] + ForwardDiff v0.10.7
  [069b7b12] + FunctionWrappers v1.0.0
  [01680d73] + GenericSVD v0.2.2
  [d25df0c9] + Inflate v0.1.1
  [42fd0dbc] + IterativeSolvers v0.8.1
  [82899510] + IteratorInterfaceExtensions v1.0.0
  [093fc24a] + LightGraphs v1.3.0
  [d3d80556] + LineSearches v7.0.1
  [1914dd2f] + MacroTools v0.5.2
  [46d2c3a1] + MuladdMacro v0.2.1
  [f9640e96] + MultiScaleArrays v1.5.0
  [d41bc354] + NLSolversBase v7.5.0
  [2774e3e8] + NLsolve v4.2.0
  [77ba4419] + NaNMath v0.3.3
  [efe28fd5] + OpenSpecFun_jll v0.5.3+1
  [bac558e1] + OrderedCollections v1.1.0
  [1dea7af3] + OrdinaryDiffEq v5.25.0
  [d96e819e] + Parameters v0.12.0
  [e409e4f3] + PoissonRandom v0.4.0
  [e6cf234a] + RandomNumbers v1.3.0
  [3cdcf5f2] + RecipesBase v0.7.0
  [731186ca] + RecursiveArrayTools v1.2.0
  [f2c3362d] + RecursiveFactorization v0.1.0
  [189a3867] + Reexport v0.2.0
  [ae029012] + Requires v0.5.2
  [ae5879a3] + ResettableStacks v1.0.0
  [f2b01f46] + Roots v0.8.3
  [699a6c99] + SimpleTraits v0.9.1
  [47a9eef4] + SparseDiffTools v1.0.0
  [276daf66] + SpecialFunctions v0.9.0
  [90137ffa] + StaticArrays v0.12.1
  [9672c7b4] + SteadyStateDiffEq v1.5.0
  [789caeaf] + StochasticDiffEq v6.15.0
  [c3572dad] + Sundials v3.8.1
  [3783bdb8] + TableTraits v1.0.0
  [a2a6695c] + TreeViews v0.3.0
  [19fa3120] + VertexSafeGraphs v0.1.0
  [2a0f44e3] + Base64 
  [ade2ca70] + Dates 
  [8bb1440f] + DelimitedFiles 
  [8ba89e20] + Distributed 
  [b77e0a4c] + InteractiveUtils 
  [76f85450] + LibGit2 
  [8f399da3] + Libdl 
  [37e2e46d] + LinearAlgebra 
  [56ddb016] + Logging 
  [d6f4376e] + Markdown 
  [a63ad114] + Mmap 
  [44cfe95a] + Pkg 
  [de0858da] + Printf 
  [3fa0cd96] + REPL 
  [9a3f8284] + Random 
  [ea8e919c] + SHA 
  [9e88b42a] + Serialization 
  [1a1011a3] + SharedArrays 
  [6462fe0b] + Sockets 
  [2f01184e] + SparseArrays 
  [10745b16] + Statistics 
  [4607b0f0] + SuiteSparse 
  [8dfed614] + Test 
  [cf7118a7] + UUIDs 
  [4ec0a83e] + Unicode 
  Building Sundials → `~/.julia/packages/Sundials/MllUG/deps/build.log`
   Testing DifferentialEquations
 Resolving package versions...
 Installed SafeTestsets ─ v0.0.1
    Status `/tmp/jl_sCtMwt/Manifest.toml`
  [79e6a3ab] Adapt v1.0.0
  [ec485272] ArnoldiMethod v0.0.4
  [4fba245c] ArrayInterface v2.0.0
  [4c555306] ArrayLayouts v0.1.5
  [aae01518] BandedMatrices v0.14.2
  [b99e7846] BinaryProvider v0.5.8
  [764a87c0] BoundaryValueDiffEq v2.3.0
  [49dc2e85] Calculus v0.5.1
  [bbf7d656] CommonSubexpressions v0.2.0
  [34da2185] Compat v2.2.0
  [864edb3b] DataStructures v0.17.6
  [bcd4f6db] DelayDiffEq v5.18.0
  [2b5f629d] DiffEqBase v6.7.0
  [459566f4] DiffEqCallbacks v2.10.0
  [01453d9d] DiffEqDiffTools v1.5.0
  [5a0ffddc] DiffEqFinancial v2.2.1
  [c894b116] DiffEqJump v6.3.0
  [77a26b50] DiffEqNoiseProcess v3.6.0
  [055956cb] DiffEqPhysics v3.3.0
  [163ba53b] DiffResults v0.0.4
  [b552c78f] DiffRules v0.1.0
  [0c46a032] DifferentialEquations v6.9.0
  [c619ae07] DimensionalPlotRecipes v1.0.0
  [b4f34e82] Distances v0.8.2
  [ffbed154] DocStringExtensions v0.8.1
  [d4d017d3] ExponentialUtilities v1.5.1
  [1a297f60] FillArrays v0.8.2
  [f6369f11] ForwardDiff v0.10.7
  [069b7b12] FunctionWrappers v1.0.0
  [01680d73] GenericSVD v0.2.2
  [d25df0c9] Inflate v0.1.1
  [42fd0dbc] IterativeSolvers v0.8.1
  [82899510] IteratorInterfaceExtensions v1.0.0
  [093fc24a] LightGraphs v1.3.0
  [d3d80556] LineSearches v7.0.1
  [1914dd2f] MacroTools v0.5.2
  [46d2c3a1] MuladdMacro v0.2.1
  [f9640e96] MultiScaleArrays v1.5.0
  [d41bc354] NLSolversBase v7.5.0
  [2774e3e8] NLsolve v4.2.0
  [77ba4419] NaNMath v0.3.3
  [efe28fd5] OpenSpecFun_jll v0.5.3+1
  [bac558e1] OrderedCollections v1.1.0
  [1dea7af3] OrdinaryDiffEq v5.25.0
  [d96e819e] Parameters v0.12.0
  [e409e4f3] PoissonRandom v0.4.0
  [e6cf234a] RandomNumbers v1.3.0
  [3cdcf5f2] RecipesBase v0.7.0
  [731186ca] RecursiveArrayTools v1.2.0
  [f2c3362d] RecursiveFactorization v0.1.0
  [189a3867] Reexport v0.2.0
  [ae029012] Requires v0.5.2
  [ae5879a3] ResettableStacks v1.0.0
  [f2b01f46] Roots v0.8.3
  [1bc83da4] SafeTestsets v0.0.1
  [699a6c99] SimpleTraits v0.9.1
  [47a9eef4] SparseDiffTools v1.0.0
  [276daf66] SpecialFunctions v0.9.0
  [90137ffa] StaticArrays v0.12.1
  [9672c7b4] SteadyStateDiffEq v1.5.0
  [789caeaf] StochasticDiffEq v6.15.0
  [c3572dad] Sundials v3.8.1
  [3783bdb8] TableTraits v1.0.0
  [a2a6695c] TreeViews v0.3.0
  [19fa3120] VertexSafeGraphs v0.1.0
  [2a0f44e3] Base64  [`@stdlib/Base64`]
  [ade2ca70] Dates  [`@stdlib/Dates`]
  [8bb1440f] DelimitedFiles  [`@stdlib/DelimitedFiles`]
  [8ba89e20] Distributed  [`@stdlib/Distributed`]
  [b77e0a4c] InteractiveUtils  [`@stdlib/InteractiveUtils`]
  [76f85450] LibGit2  [`@stdlib/LibGit2`]
  [8f399da3] Libdl  [`@stdlib/Libdl`]
  [37e2e46d] LinearAlgebra  [`@stdlib/LinearAlgebra`]
  [56ddb016] Logging  [`@stdlib/Logging`]
  [d6f4376e] Markdown  [`@stdlib/Markdown`]
  [a63ad114] Mmap  [`@stdlib/Mmap`]
  [44cfe95a] Pkg  [`@stdlib/Pkg`]
  [de0858da] Printf  [`@stdlib/Printf`]
  [3fa0cd96] REPL  [`@stdlib/REPL`]
  [9a3f8284] Random  [`@stdlib/Random`]
  [ea8e919c] SHA  [`@stdlib/SHA`]
  [9e88b42a] Serialization  [`@stdlib/Serialization`]
  [1a1011a3] SharedArrays  [`@stdlib/SharedArrays`]
  [6462fe0b] Sockets  [`@stdlib/Sockets`]
  [2f01184e] SparseArrays  [`@stdlib/SparseArrays`]
  [10745b16] Statistics  [`@stdlib/Statistics`]
  [4607b0f0] SuiteSparse  [`@stdlib/SuiteSparse`]
  [8dfed614] Test  [`@stdlib/Test`]
  [cf7118a7] UUIDs  [`@stdlib/UUIDs`]
  [4ec0a83e] Unicode  [`@stdlib/Unicode`]
Test Summary:              | Pass  Total
Default Discrete Algorithm |    1      1
 13.663278 seconds (13.77 M allocations: 710.994 MiB, 11.85% gc time)
Test Summary:         | Pass  Total
Default ODE Algorithm |   21     21
263.754197 seconds (254.02 M allocations: 11.274 GiB, 3.64% gc time)
Test Summary:                  | Pass  Total
Default Steady State Algorithm |    1      1
 16.723099 seconds (22.28 M allocations: 1.140 GiB, 4.45% gc time)
Test Summary:         | Pass  Total
Default SDE Algorithm |    8      8
157.323289 seconds (143.09 M allocations: 33.763 GiB, 10.50% gc time)
Test Summary:          | Pass  Total
Default RODE Algorithm |    1      1
 22.851245 seconds (22.52 M allocations: 6.945 GiB, 9.65% gc time)
Test Summary:         | Pass  Total
Default DDE Algorithm |    3      3
 13.368812 seconds (14.88 M allocations: 792.954 MiB, 3.21% gc time)
Test Summary:         | Pass  Total
Default DAE Algorithm |    1      1
  6.510483 seconds (6.51 M allocations: 342.253 MiB, 3.33% gc time)
Test Summary:         | Pass  Total
Default BVP Algorithm |    2      2
 11.577370 seconds (14.02 M allocations: 710.138 MiB, 4.07% gc time)
506.102356 seconds (491.49 M allocations: 55.638 GiB, 6.29% gc time)
   Testing DifferentialEquations tests passed 
