 Resolving package versions...
 Installed FastRounding ────────── v0.2.0
 Installed OpenSpecFun_jll ─────── v0.5.3+1
 Installed SetRounding ─────────── v0.2.0
 Installed NaNMath ─────────────── v0.3.3
 Installed SpecialFunctions ────── v0.9.0
 Installed DataStructures ──────── v0.17.6
 Installed JuMP ────────────────── v0.20.1
 Installed LazySets ────────────── v1.23.0
 Installed ErrorfreeArithmetic ─── v0.4.0
 Installed DiffResults ─────────── v0.0.4
 Installed GLPKMathProgInterface ─ v0.4.4
 Installed Compat ──────────────── v2.2.0
 Installed GLPK ────────────────── v0.11.4
 Installed BenchmarkTools ──────── v0.4.3
 Installed StaticArrays ────────── v0.12.1
 Installed ForwardDiff ─────────── v0.9.0
 Installed CommonSubexpressions ── v0.2.0
 Installed Calculus ────────────── v0.5.1
 Installed BinaryProvider ──────── v0.5.8
 Installed DiffRules ───────────── v0.1.0
 Installed Requires ────────────── v0.5.2
 Installed IntervalArithmetic ──── v0.16.1
 Installed MathOptInterface ────── v0.9.7
 Installed Reexport ────────────── v0.2.0
 Installed MathProgBase ────────── v0.7.7
 Installed RecipesBase ─────────── v0.7.0
 Installed JSON ────────────────── v0.21.0
 Installed OrderedCollections ──── v1.1.0
 Installed Parsers ─────────────── v0.3.10
 Installed CRlibm ──────────────── v0.7.1
  Updating `~/.julia/environments/v1.3/Project.toml`
  [b4f0291d] + LazySets v1.23.0
  Updating `~/.julia/environments/v1.3/Manifest.toml`
  [6e4b80f9] + BenchmarkTools v0.4.3
  [b99e7846] + BinaryProvider v0.5.8
  [96374032] + CRlibm v0.7.1
  [49dc2e85] + Calculus v0.5.1
  [bbf7d656] + CommonSubexpressions v0.2.0
  [34da2185] + Compat v2.2.0
  [864edb3b] + DataStructures v0.17.6
  [163ba53b] + DiffResults v0.0.4
  [b552c78f] + DiffRules v0.1.0
  [90fa49ef] + ErrorfreeArithmetic v0.4.0
  [fa42c844] + FastRounding v0.2.0
  [f6369f11] + ForwardDiff v0.9.0
  [60bf3e95] + GLPK v0.11.4
  [3c7084bd] + GLPKMathProgInterface v0.4.4
  [d1acc4aa] + IntervalArithmetic v0.16.1
  [682c06a0] + JSON v0.21.0
  [4076af6c] + JuMP v0.20.1
  [b4f0291d] + LazySets v1.23.0
  [b8f27783] + MathOptInterface v0.9.7
  [fdba3010] + MathProgBase v0.7.7
  [77ba4419] + NaNMath v0.3.3
  [efe28fd5] + OpenSpecFun_jll v0.5.3+1
  [bac558e1] + OrderedCollections v1.1.0
  [69de0a69] + Parsers v0.3.10
  [3cdcf5f2] + RecipesBase v0.7.0
  [189a3867] + Reexport v0.2.0
  [ae029012] + Requires v0.5.2
  [3cc68bcd] + SetRounding v0.2.0
  [276daf66] + SpecialFunctions v0.9.0
  [90137ffa] + StaticArrays v0.12.1
  [2a0f44e3] + Base64 
  [ade2ca70] + Dates 
  [8bb1440f] + DelimitedFiles 
  [8ba89e20] + Distributed 
  [b77e0a4c] + InteractiveUtils 
  [76f85450] + LibGit2 
  [8f399da3] + Libdl 
  [37e2e46d] + LinearAlgebra 
  [56ddb016] + Logging 
  [d6f4376e] + Markdown 
  [a63ad114] + Mmap 
  [44cfe95a] + Pkg 
  [de0858da] + Printf 
  [3fa0cd96] + REPL 
  [9a3f8284] + Random 
  [ea8e919c] + SHA 
  [9e88b42a] + Serialization 
  [1a1011a3] + SharedArrays 
  [6462fe0b] + Sockets 
  [2f01184e] + SparseArrays 
  [10745b16] + Statistics 
  [8dfed614] + Test 
  [cf7118a7] + UUIDs 
  [4ec0a83e] + Unicode 
  Building GLPK ──→ `~/.julia/packages/GLPK/lOaTT/deps/build.log`
  Building CRlibm → `~/.julia/packages/CRlibm/2S9DB/deps/build.log`
   Testing LazySets
 Resolving package versions...
 Installed CDDLib ────────────────────── v0.5.3
 Installed Expokit ───────────────────── v0.2.0
 Installed IntervalMatrices ──────────── v0.2.3
 Installed Makie ─────────────────────── v0.9.5
 Installed Optim ─────────────────────── v0.18.1
 Installed Distributions ─────────────── v0.19.2
 Installed Documenter ────────────────── v0.24.2
 Installed Polyhedra ─────────────────── v0.5.6
 Installed Plots ─────────────────────── v0.28.2
 Installed IndirectArrays ────────────── v0.5.0
 Installed GeometryTypes ─────────────── v0.7.6
 Installed Ratios ────────────────────── v0.3.1
 Installed TaylorModels ──────────────── v0.3.0
 Installed Colors ────────────────────── v0.9.6
 Installed ColorTypes ────────────────── v0.8.0
 Installed Conda ─────────────────────── v1.3.0
 Installed ParameterJuMP ─────────────── v0.1.2
 Installed CMake ─────────────────────── v1.1.2
 Installed Graphics ──────────────────── v0.4.0
 Installed CoordinateTransformations ─── v0.5.0
 Installed NamedArrays ───────────────── v0.9.3
 Installed GR ────────────────────────── v0.44.0
 Installed QuadGK ────────────────────── v2.1.1
 Installed FunctionWrappers ──────────── v1.0.0
 Installed IterativeSolvers ──────────── v0.8.1
 Installed IdentityRanges ────────────── v0.3.0
 Installed Tables ────────────────────── v0.2.11
 Installed Polynomials ───────────────── v0.6.0
 Installed TiledIteration ────────────── v0.2.3
 Installed ImageCore ─────────────────── v0.8.5
 Installed BinDeps ───────────────────── v0.8.10
 Installed ModernGL ──────────────────── v1.0.0
 Installed MappedArrays ──────────────── v0.2.2
 Installed IterTools ─────────────────── v1.3.0
 Installed TaylorSeries ──────────────── v0.10.1
 Installed Roots ─────────────────────── v0.8.3
 Installed FreeTypeAbstraction ───────── v0.4.2
 Installed FixedPointNumbers ─────────── v0.6.1
 Installed MacroTools ────────────────── v0.5.2
 Installed Showoff ───────────────────── v0.3.1
 Installed OffsetArrays ──────────────── v0.11.2
 Installed StatsBase ─────────────────── v0.32.0
 Installed SignedDistanceFields ──────── v0.4.0
 Installed AxisAlgorithms ────────────── v1.0.0
 Installed Arpack ────────────────────── v0.3.1
 Installed CustomUnitRanges ──────────── v0.2.0
 Installed LineSearches ──────────────── v7.0.1
 Installed GLMakie ───────────────────── v0.0.8
 Installed FileIO ────────────────────── v1.1.0
 Installed Espresso ──────────────────── v0.6.0
 Installed AxisArrays ────────────────── v0.3.3
 Installed FreeType ──────────────────── v2.1.1
 Installed URIParser ─────────────────── v0.4.0
 Installed FFTW ──────────────────────── v1.1.0
 Installed Missings ──────────────────── v0.4.3
 Installed ComputationalResources ────── v0.3.0
 Installed FFTViews ──────────────────── v0.3.0
 Installed StatsMakie ────────────────── v0.0.6
 Installed PooledArrays ──────────────── v0.5.2
 Installed TableTraits ───────────────── v1.0.0
 Installed Widgets ───────────────────── v0.6.2
 Installed ImageMagick ───────────────── v0.7.5
 Installed MuladdMacro ───────────────── v0.2.1
 Installed StatsFuns ─────────────────── v0.8.0
 Installed DocStringExtensions ───────── v0.8.1
 Installed ImageFiltering ────────────── v0.6.5
 Installed Rotations ─────────────────── v0.12.0
 Installed Parameters ────────────────── v0.12.0
 Installed NLSolversBase ─────────────── v7.5.0
 Installed Rmath ─────────────────────── v0.6.0
 Installed InvertedIndices ───────────── v1.0.0
 Installed FFMPEG ────────────────────── v0.2.3
 Installed Interpolations ────────────── v0.12.5
 Installed CatIndices ────────────────── v0.2.0
 Installed ArrayInterface ────────────── v2.0.0
 Installed IntervalSets ──────────────── v0.3.2
 Installed AbstractFFTs ──────────────── v0.5.0
 Installed Measures ──────────────────── v0.3.0
 Installed Distances ─────────────────── v0.8.2
 Installed FreqTables ────────────────── v0.3.1
 Installed SimpleTraits ──────────────── v0.9.1
 Installed RecursiveArrayTools ───────── v1.2.0
 Installed ColorVectorSpace ──────────── v0.7.1
 Installed ColorBrewer ───────────────── v0.4.0
 Installed PaddedViews ───────────────── v0.4.2
 Installed RecursiveFactorization ────── v0.1.0
 Installed DataValueInterfaces ───────── v1.0.0
 Installed UnicodeFun ────────────────── v0.4.0
 Installed Combinatorics ─────────────── v1.0.0
 Installed PlotUtils ─────────────────── v0.6.1
 Installed KernelDensity ─────────────── v0.5.1
 Installed PositiveFactorizations ────── v0.2.3
 Installed RangeArrays ───────────────── v0.3.1
 Installed CategoricalArrays ─────────── v0.7.3
 Installed IteratorInterfaceExtensions ─ v1.0.0
 Installed PlotThemes ────────────────── v1.0.0
 Installed Contour ───────────────────── v0.5.1
 Installed DataAPI ───────────────────── v1.1.0
 Installed DiffEqBase ────────────────── v5.16.5
 Installed WoodburyMatrices ──────────── v0.4.1
 Installed Packing ───────────────────── v0.3.0
 Installed Loess ─────────────────────── v0.5.0
 Installed StructArrays ──────────────── v0.4.0
 Installed ImageAxes ─────────────────── v0.6.1
 Installed PDMats ────────────────────── v0.9.10
 Installed TreeViews ─────────────────── v0.3.0
 Installed DiffEqDiffTools ───────────── v0.14.0
 Installed Observables ───────────────── v0.2.3
 Installed SortingAlgorithms ─────────── v0.3.1
 Installed GLFW ──────────────────────── v3.1.0
 Installed AbstractPlotting ──────────── v0.9.10
 Installed MeshIO ────────────────────── v0.3.1
 Installed VersionParsing ────────────── v1.1.3
 Installed ImageTransformations ──────── v0.8.0
 Installed TaylorIntegration ─────────── v0.5.1
  Building CDDLib ─────→ `~/.julia/packages/CDDLib/AcD7T/deps/build.log`
  Building GR ─────────→ `~/.julia/packages/GR/oiZD3/deps/build.log`
  Building FFMPEG ─────→ `~/.julia/packages/FFMPEG/bkWgb/deps/build.log`
  Building Plots ──────→ `~/.julia/packages/Plots/2KhB2/deps/build.log`
  Building Conda ──────→ `~/.julia/packages/Conda/kLXeC/deps/build.log`
  Building CMake ──────→ `~/.julia/packages/CMake/nSK2r/deps/build.log`
  Building Arpack ─────→ `~/.julia/packages/Arpack/cu5By/deps/build.log`
  Building FFTW ───────→ `~/.julia/packages/FFTW/loJ3F/deps/build.log`
  Building FreeType ───→ `~/.julia/packages/FreeType/2dE5w/deps/build.log`
  Building ImageMagick → `~/.julia/packages/ImageMagick/vMfoS/deps/build.log`
  Building GLFW ───────→ `~/.julia/packages/GLFW/e257h/deps/build.log`
┌ Error: Error building `GLFW`: 
│ -- The C compiler identification is GNU 7.4.0
│ -- Check for working C compiler: /usr/bin/cc
│ -- Check for working C compiler: /usr/bin/cc -- works
│ -- Detecting C compiler ABI info
│ -- Detecting C compiler ABI info - done
│ -- Detecting C compile features
│ -- Detecting C compile features - done
│ -- Looking for pthread.h
│ -- Looking for pthread.h - found
│ -- Looking for pthread_create
│ -- Looking for pthread_create - not found
│ -- Looking for pthread_create in pthreads
│ -- Looking for pthread_create in pthreads - not found
│ -- Looking for pthread_create in pthread
│ -- Looking for pthread_create in pthread - found
│ -- Found Threads: TRUE  
│ -- Using X11 for window creation
│ CMake Error at /root/.julia/packages/CMake/nSK2r/deps/downloads/cmake-3.12.3-Linux-x86_64/share/cmake-3.12/Modules/FindX11.cmake:429 (message):
│   Could not find X11
│ Call Stack (most recent call first):
│   CMakeLists.txt:205 (find_package)
│ 
│ 
│ -- Configuring incomplete, errors occurred!
│ See also "/root/.julia/packages/GLFW/e257h/deps/usr/downloads/src/build/CMakeFiles/CMakeOutput.log".
│ See also "/root/.julia/packages/GLFW/e257h/deps/usr/downloads/src/build/CMakeFiles/CMakeError.log".
│ [ Info: Downloading https://github.com/glfw/glfw/archive/3.3.tar.gz to /root/.julia/packages/GLFW/e257h/deps/usr/downloads/src.tar.gz...
│ [ Info: Unpacking /root/.julia/packages/GLFW/e257h/deps/usr/downloads/src.tar.gz into /root/.julia/packages/GLFW/e257h/deps/usr/downloads/src
│ ┌ Warning: 
│ │ ================================================================
│ │ ================================================================
│ │ === Building GLFW has failed. Most common problem is,        ===
│ │ === that you don't have x-org installed.                     ===
│ │ === You can install it via: `sudo apt-get install xorg-dev`  ===
│ │ ================================================================
│ │ ================================================================
│ └ @ Main ~/.julia/packages/GLFW/e257h/deps/build.jl:56
│ ERROR: LoadError: failed process: Process(`/root/.julia/packages/CMake/nSK2r/deps/usr/bin/cmake -DBUILD_SHARED_LIBS=on -DGLFW_BUILD_DOCS=OFF -DGLFW_BUILD_EXAMPLES=OFF -DGLFW_BUILD_TESTS=OFF ..`, ProcessExited(1)) [1]
│ 
│ Stacktrace:
│  [1] pipeline_error at ./process.jl:525 [inlined]
│  [2] #run#565(::Bool, ::typeof(run), ::Cmd) at ./process.jl:440
│  [3] run at ./process.jl:438 [inlined]
│  [4] (::var"#9#10")() at /root/.julia/packages/GLFW/e257h/deps/build.jl:51
│  [5] cd(::var"#9#10", ::String) at ./file.jl:104
│  [6] top-level scope at /root/.julia/packages/GLFW/e257h/deps/build.jl:43
│  [7] include at ./boot.jl:328 [inlined]
│  [8] include_relative(::Module, ::String) at ./loading.jl:1105
│  [9] include(::Module, ::String) at ./Base.jl:31
│  [10] include(::String) at ./client.jl:424
│  [11] top-level scope at none:5
│ in expression starting at /root/.julia/packages/GLFW/e257h/deps/build.jl:21
│ [00:24:02] #=#=#                                                                         [00:24:02] ##O#- #                                                                       [00:24:02] ##O=#  #                                                                      [00:24:02] #=#=-#  #                                                                     [00:24:02] 
└ @ Pkg.Operations /workspace/srcdir/julia/usr/share/julia/stdlib/v1.3/Pkg/src/backwards_compatible_isolation.jl:649
  Building GLMakie ────→ `~/.julia/packages/GLMakie/5wmnA/deps/build.log`
┌ Error: Error building `GLMakie`: 
│ ERROR: LoadError: GLFW not installed properly, run Pkg.build("GLFW"), restart Julia and try again
│ Stacktrace:
│  [1] error(::String) at ./error.jl:33
│  [2] top-level scope at /root/.julia/packages/GLFW/e257h/src/GLFW.jl:5
│  [3] include at ./boot.jl:328 [inlined]
│  [4] include_relative(::Module, ::String) at ./loading.jl:1105
│  [5] include(::Module, ::String) at ./Base.jl:31
│  [6] top-level scope at none:2
│  [7] eval at ./boot.jl:330 [inlined]
│  [8] eval(::Expr) at ./client.jl:425
│  [9] top-level scope at ./none:3
│ in expression starting at /root/.julia/packages/GLFW/e257h/src/GLFW.jl:4
│ ERROR: LoadError: OpenGL/GLFW wasn't installed correctly. This likely means,
│ you don't have an OpenGL capable Graphic Card,
│ you don't have the newest video driver installed,
│ or the GLFW build failed. If you're on linux and `]build` GLFW failed,
│ try manually adding `sudo apt-get install libglfw3` and then `]build GLMakie`.
│ If you're on a headless server, you still need to install x-server and
│ proper GPU drivers. You can take inspiration from this article
│ on how to get Makie running on a headless system:
│ https://nextjournal.com/sdanisch/makie-1.0
│ If you don't have a GPU, there is also a Cairo software backend
│ for Makie which you can use:
│ https://github.com/JuliaPlots/CairoMakie.jl.
│ Please check the below error and open an issue at:
│ https://github.com/JuliaPlots/GLMakie.jl.
│ After you fixed your OpenGL install, please run `]build GLMakie` again!
│ GLMakie will still load, but will be disabled as a default backend for Makie
│ 
│ Stacktrace:
│  [1] error(::String) at ./error.jl:33
│  [2] top-level scope at /root/.julia/packages/GLMakie/5wmnA/deps/build.jl:28
│  [3] include at ./boot.jl:328 [inlined]
│  [4] include_relative(::Module, ::String) at ./loading.jl:1105
│  [5] include(::Module, ::String) at ./Base.jl:31
│  [6] include(::String) at ./client.jl:424
│  [7] top-level scope at none:5
│ in expression starting at /root/.julia/packages/GLMakie/5wmnA/deps/build.jl:19
│ caused by [exception 1]
│ Failed to precompile GLFW [f7f18e0c-5ee9-5ccd-a5bf-e8befd85ed98] to /root/.julia/compiled/v1.3/GLFW/n8HlT_1YlwA.ji.
│ Stacktrace:
│  [1] error(::String) at ./error.jl:33
│  [2] compilecache(::Base.PkgId, ::String) at ./loading.jl:1283
│  [3] _require(::Base.PkgId) at ./loading.jl:1024
│  [4] require(::Base.PkgId) at ./loading.jl:922
│  [5] require(::Module, ::Symbol) at ./loading.jl:917
│  [6] top-level scope at /root/.julia/packages/GLMakie/5wmnA/deps/build.jl:20
│  [7] include at ./boot.jl:328 [inlined]
│  [8] include_relative(::Module, ::String) at ./loading.jl:1105
│  [9] include(::Module, ::String) at ./Base.jl:31
│  [10] include(::String) at ./client.jl:424
│  [11] top-level scope at none:5
└ @ Pkg.Operations /workspace/srcdir/julia/usr/share/julia/stdlib/v1.3/Pkg/src/backwards_compatible_isolation.jl:649
  Building Rmath ──────→ `~/.julia/packages/Rmath/BoBag/deps/build.log`
    Status `/tmp/jl_K6dYZr/Manifest.toml`
  [621f4979] AbstractFFTs v0.5.0
  [537997a7] AbstractPlotting v0.9.10
  [7d9fca2a] Arpack v0.3.1
  [4fba245c] ArrayInterface v2.0.0
  [13072b0f] AxisAlgorithms v1.0.0
  [39de3d68] AxisArrays v0.3.3
  [6e4b80f9] BenchmarkTools v0.4.3
  [9e28174c] BinDeps v0.8.10
  [b99e7846] BinaryProvider v0.5.8
  [3391f64e] CDDLib v0.5.3
  [631607c0] CMake v1.1.2
  [96374032] CRlibm v0.7.1
  [49dc2e85] Calculus v0.5.1
  [aafaddc9] CatIndices v0.2.0
  [324d7699] CategoricalArrays v0.7.3
  [a2cac450] ColorBrewer v0.4.0
  [3da002f7] ColorTypes v0.8.0
  [c3611d14] ColorVectorSpace v0.7.1
  [5ae59095] Colors v0.9.6
  [861a8166] Combinatorics v1.0.0
  [bbf7d656] CommonSubexpressions v0.2.0
  [34da2185] Compat v2.2.0
  [ed09eef8] ComputationalResources v0.3.0
  [8f4d0f93] Conda v1.3.0
  [d38c429a] Contour v0.5.1
  [150eb455] CoordinateTransformations v0.5.0
  [dc8bdbbb] CustomUnitRanges v0.2.0
  [9a962f9c] DataAPI v1.1.0
  [864edb3b] DataStructures v0.17.6
  [e2d170a0] DataValueInterfaces v1.0.0
  [2b5f629d] DiffEqBase v5.16.5
  [01453d9d] DiffEqDiffTools v0.14.0
  [163ba53b] DiffResults v0.0.4
  [b552c78f] DiffRules v0.1.0
  [b4f34e82] Distances v0.8.2
  [31c24e10] Distributions v0.19.2
  [ffbed154] DocStringExtensions v0.8.1
  [e30172f5] Documenter v0.24.2
  [90fa49ef] ErrorfreeArithmetic v0.4.0
  [6912e4f1] Espresso v0.6.0
  [a1e7a1ef] Expokit v0.2.0
  [c87230d0] FFMPEG v0.2.3
  [4f61f5a4] FFTViews v0.3.0
  [7a1cc6ca] FFTW v1.1.0
  [fa42c844] FastRounding v0.2.0
  [5789e2e9] FileIO v1.1.0
  [53c48c17] FixedPointNumbers v0.6.1
  [f6369f11] ForwardDiff v0.9.0
  [b38be410] FreeType v2.1.1
  [663a7486] FreeTypeAbstraction v0.4.2
  [da1fdf0e] FreqTables v0.3.1
  [069b7b12] FunctionWrappers v1.0.0
  [f7f18e0c] GLFW v3.1.0
  [e9467ef8] GLMakie v0.0.8
  [60bf3e95] GLPK v0.11.4
  [3c7084bd] GLPKMathProgInterface v0.4.4
  [28b8d3ca] GR v0.44.0
  [4d00f742] GeometryTypes v0.7.6
  [a2bd30eb] Graphics v0.4.0
  [bbac6d45] IdentityRanges v0.3.0
  [2803e5a7] ImageAxes v0.6.1
  [a09fc81d] ImageCore v0.8.5
  [6a3955dd] ImageFiltering v0.6.5
  [6218d12a] ImageMagick v0.7.5
  [02fcd773] ImageTransformations v0.8.0
  [9b13fd28] IndirectArrays v0.5.0
  [a98d9a8b] Interpolations v0.12.5
  [d1acc4aa] IntervalArithmetic v0.16.1
  [5c1f47dc] IntervalMatrices v0.2.3
  [8197267c] IntervalSets v0.3.2
  [41ab1584] InvertedIndices v1.0.0
  [c8e1da08] IterTools v1.3.0
  [42fd0dbc] IterativeSolvers v0.8.1
  [82899510] IteratorInterfaceExtensions v1.0.0
  [682c06a0] JSON v0.21.0
  [4076af6c] JuMP v0.20.1
  [5ab0869b] KernelDensity v0.5.1
  [b4f0291d] LazySets v1.23.0
  [d3d80556] LineSearches v7.0.1
  [4345ca2d] Loess v0.5.0
  [1914dd2f] MacroTools v0.5.2
  [ee78f7c6] Makie v0.9.5
  [dbb5928d] MappedArrays v0.2.2
  [b8f27783] MathOptInterface v0.9.7
  [fdba3010] MathProgBase v0.7.7
  [442fdcdd] Measures v0.3.0
  [7269a6da] MeshIO v0.3.1
  [e1d29d7a] Missings v0.4.3
  [66fc600b] ModernGL v1.0.0
  [46d2c3a1] MuladdMacro v0.2.1
  [d41bc354] NLSolversBase v7.5.0
  [77ba4419] NaNMath v0.3.3
  [86f7a689] NamedArrays v0.9.3
  [510215fc] Observables v0.2.3
  [6fe1bfb0] OffsetArrays v0.11.2
  [efe28fd5] OpenSpecFun_jll v0.5.3+1
  [429524aa] Optim v0.18.1
  [bac558e1] OrderedCollections v1.1.0
  [90014a1f] PDMats v0.9.10
  [19eb6ba3] Packing v0.3.0
  [5432bcbf] PaddedViews v0.4.2
  [774612a8] ParameterJuMP v0.1.2
  [d96e819e] Parameters v0.12.0
  [69de0a69] Parsers v0.3.10
  [ccf2f8ad] PlotThemes v1.0.0
  [995b91a9] PlotUtils v0.6.1
  [91a5bcdd] Plots v0.28.2
  [67491407] Polyhedra v0.5.6
  [f27b6e38] Polynomials v0.6.0
  [2dfb63ee] PooledArrays v0.5.2
  [85a6dd25] PositiveFactorizations v0.2.3
  [1fd47b50] QuadGK v2.1.1
  [b3c3ace0] RangeArrays v0.3.1
  [c84ed2f1] Ratios v0.3.1
  [3cdcf5f2] RecipesBase v0.7.0
  [731186ca] RecursiveArrayTools v1.2.0
  [f2c3362d] RecursiveFactorization v0.1.0
  [189a3867] Reexport v0.2.0
  [ae029012] Requires v0.5.2
  [79098fc4] Rmath v0.6.0
  [f2b01f46] Roots v0.8.3
  [6038ab10] Rotations v0.12.0
  [3cc68bcd] SetRounding v0.2.0
  [992d4aef] Showoff v0.3.1
  [73760f76] SignedDistanceFields v0.4.0
  [699a6c99] SimpleTraits v0.9.1
  [a2af1166] SortingAlgorithms v0.3.1
  [276daf66] SpecialFunctions v0.9.0
  [90137ffa] StaticArrays v0.12.1
  [2913bbd2] StatsBase v0.32.0
  [4c63d2b9] StatsFuns v0.8.0
  [65254759] StatsMakie v0.0.6
  [09ab397b] StructArrays v0.4.0
  [3783bdb8] TableTraits v1.0.0
  [bd369af6] Tables v0.2.11
  [92b13dbe] TaylorIntegration v0.5.1
  [314ce334] TaylorModels v0.3.0
  [6aa5eb33] TaylorSeries v0.10.1
  [06e1c1a7] TiledIteration v0.2.3
  [a2a6695c] TreeViews v0.3.0
  [30578b45] URIParser v0.4.0
  [1cfade01] UnicodeFun v0.4.0
  [81def892] VersionParsing v1.1.3
  [cc8bc4a8] Widgets v0.6.2
  [efce3f68] WoodburyMatrices v0.4.1
  [2a0f44e3] Base64  [`@stdlib/Base64`]
  [ade2ca70] Dates  [`@stdlib/Dates`]
  [8bb1440f] DelimitedFiles  [`@stdlib/DelimitedFiles`]
  [8ba89e20] Distributed  [`@stdlib/Distributed`]
  [9fa8497b] Future  [`@stdlib/Future`]
  [b77e0a4c] InteractiveUtils  [`@stdlib/InteractiveUtils`]
  [76f85450] LibGit2  [`@stdlib/LibGit2`]
  [8f399da3] Libdl  [`@stdlib/Libdl`]
  [37e2e46d] LinearAlgebra  [`@stdlib/LinearAlgebra`]
  [56ddb016] Logging  [`@stdlib/Logging`]
  [d6f4376e] Markdown  [`@stdlib/Markdown`]
  [a63ad114] Mmap  [`@stdlib/Mmap`]
  [44cfe95a] Pkg  [`@stdlib/Pkg`]
  [de0858da] Printf  [`@stdlib/Printf`]
  [3fa0cd96] REPL  [`@stdlib/REPL`]
  [9a3f8284] Random  [`@stdlib/Random`]
  [ea8e919c] SHA  [`@stdlib/SHA`]
  [9e88b42a] Serialization  [`@stdlib/Serialization`]
  [1a1011a3] SharedArrays  [`@stdlib/SharedArrays`]
  [6462fe0b] Sockets  [`@stdlib/Sockets`]
  [2f01184e] SparseArrays  [`@stdlib/SparseArrays`]
  [10745b16] Statistics  [`@stdlib/Statistics`]
  [4607b0f0] SuiteSparse  [`@stdlib/SuiteSparse`]
  [8dfed614] Test  [`@stdlib/Test`]
  [cf7118a7] UUIDs  [`@stdlib/UUIDs`]
  [4ec0a83e] Unicode  [`@stdlib/Unicode`]
┌ Warning: `lgamma(x::Real)` is deprecated, use `(logabsgamma(x))[1]` instead.
│   caller = lstirling_asym(::BigFloat) at misc.jl:56
└ @ StatsFuns ~/.julia/packages/StatsFuns/2QE7p/src/misc.jl:56
┌ Warning: 
│ 
│     # Breaking changes
│ 
│     `TaylorIntegration.jl` follows now (≥ v0.5.0) the convention
│     of `DifferentialEquations.jl` for the function containing
│     the differential equation to be integrated. The function
│     must have the form `f(x, p, t)` for one dependent variable,
│     or `f!(dx, x, p, t)` for several dependent variables, where
│     `dx` is mutated.
│ 
└ @ TaylorIntegration ~/.julia/packages/TaylorIntegration/R6yrv/src/TaylorIntegration.jl:21
┌ Warning: 
│ 
│     # Breaking changes
│ 
│     `TaylorIntegration.jl` follows now (≥ v0.5.0) the convention
│     of `DifferentialEquations.jl` for the function containing
│     the differential equation to be integrated. The function
│     must have the form `f(x, p, t)` for one dependent variable,
│     or `f!(dx, x, p, t)` for several dependent variables, where
│     `dx` is mutated.
│ 
└ @ TaylorIntegration ~/.julia/packages/TaylorIntegration/R6yrv/src/TaylorIntegration.jl:21
Test Summary: | Pass  Total
LazySets.Util |   48     48
 21.982311 seconds (19.94 M allocations: 999.482 MiB, 3.85% gc time)
Test Summary:        | Pass  Total
LazySets.Comparisons |   10     10
  0.316792 seconds (225.63 k allocations: 10.764 MiB)
Test Summary:     | Pass  Total
LazySets.Interior |   16     16
  2.826327 seconds (2.18 M allocations: 110.382 MiB, 1.51% gc time)
Test Summary:   | Pass  Total
LazySets.CDDLib |    3      3
  0.113524 seconds (132.17 k allocations: 7.194 MiB)
Test Summary:      | Pass  Total
LazySets.Singleton |  150    150
101.721147 seconds (152.30 M allocations: 8.701 GiB, 4.06% gc time)
Test Summary:  | Pass  Total
LazySets.Ball1 |   81     81
  5.688091 seconds (3.45 M allocations: 170.645 MiB, 1.92% gc time)
Test Summary:  | Pass  Total
LazySets.Ball2 |   76     76
  9.624570 seconds (6.59 M allocations: 345.368 MiB, 2.57% gc time)
Test Summary:  | Pass  Total
LazySets.Ballp |   36     36
  1.942905 seconds (1.19 M allocations: 59.485 MiB, 2.47% gc time)
Test Summary:    | Pass  Total
LazySets.BallInf |  113    113
 85.345292 seconds (105.11 M allocations: 5.922 GiB, 4.58% gc time)
Test Summary:           | Pass  Total
LazySets.Hyperrectangle |  234    234
 55.691368 seconds (38.74 M allocations: 1.998 GiB, 2.37% gc time)
┌ Warning: Problem is infeasible, but infeasibility ray ("Farkas proof") is unavailable; check that the proper solver options are set.
└ @ MathProgBase.HighLevelInterface ~/.julia/packages/MathProgBase/rVlFR/src/HighLevelInterface/linprog.jl:89
Test Summary:    | Pass  Total
LazySets.Polygon |  551    551
 52.937851 seconds (27.96 M allocations: 1.406 GiB, 2.06% gc time)
┌ Warning: Problem is infeasible, but infeasibility ray ("Farkas proof") is unavailable; check that the proper solver options are set.
└ @ MathProgBase.HighLevelInterface ~/.julia/packages/MathProgBase/rVlFR/src/HighLevelInterface/linprog.jl:89
┌ Warning: Problem is infeasible, but infeasibility ray ("Farkas proof") is unavailable; check that the proper solver options are set.
└ @ MathProgBase.HighLevelInterface ~/.julia/packages/MathProgBase/rVlFR/src/HighLevelInterface/linprog.jl:89
Test Summary:     | Pass  Total
LazySets.Polytope |  191    191
163.278421 seconds (180.87 M allocations: 9.642 GiB, 4.24% gc time)
┌ Warning: Problem is infeasible, but infeasibility ray ("Farkas proof") is unavailable; check that the proper solver options are set.
└ @ MathProgBase.HighLevelInterface ~/.julia/packages/MathProgBase/rVlFR/src/HighLevelInterface/linprog.jl:89
Test Summary:       | Pass  Total
LazySets.Polyhedron |  109    109
 17.291842 seconds (12.29 M allocations: 659.782 MiB, 3.61% gc time)
┌ Warning: Problem is infeasible, but infeasibility ray ("Farkas proof") is unavailable; check that the proper solver options are set.
└ @ MathProgBase.HighLevelInterface ~/.julia/packages/MathProgBase/rVlFR/src/HighLevelInterface/linprog.jl:89
┌ Warning: Problem is infeasible, but infeasibility ray ("Farkas proof") is unavailable; check that the proper solver options are set.
└ @ MathProgBase.HighLevelInterface ~/.julia/packages/MathProgBase/rVlFR/src/HighLevelInterface/linprog.jl:89
Test Summary:     | Pass  Total
LazySets.Zonotope |  193    193
 47.435985 seconds (31.75 M allocations: 1.587 GiB, 4.11% gc time)
Test Summary:    | Pass  Total
LazySets.ZeroSet |   51     51
  3.223152 seconds (1.46 M allocations: 74.705 MiB, 1.58% gc time)
Test Summary:     | Pass  Total
LazySets.EmptySet |   83     83
  1.247921 seconds (324.88 k allocations: 17.439 MiB, 3.15% gc time)
Test Summary:      | Pass  Total
LazySets.Ellipsoid |   50     50
  4.807388 seconds (2.77 M allocations: 137.204 MiB, 2.32% gc time)
Test Summary:       | Pass  Total
LazySets.Hyperplane |   93     93
  8.881036 seconds (9.72 M allocations: 528.109 MiB, 3.53% gc time)
Test Summary:      | Pass  Total
LazySets.HalfSpace |  111    111
  2.758748 seconds (1.46 M allocations: 74.464 MiB, 1.55% gc time)
Test Summary:     | Pass  Total
LazySets.Interval |  165    165
 12.694694 seconds (8.07 M allocations: 382.893 MiB, 1.65% gc time)
Test Summary:        | Pass  Total
LazySets.LineSegment |  174    174
  8.747722 seconds (2.50 M allocations: 128.592 MiB, 0.77% gc time)
Test Summary: | Pass  Total
LazySets.Line |   51     51
  2.054247 seconds (873.71 k allocations: 43.578 MiB, 3.03% gc time)
Test Summary:     | Pass  Total
LazySets.Universe |   97     97
  4.336165 seconds (1.01 M allocations: 51.065 MiB, 0.96% gc time)
Test Summary:     | Pass  Total
LazySets.Bloating |   52     52
  1.996087 seconds (555.39 k allocations: 29.150 MiB)
Test Summary:         | Pass  Total
LazySets.Intersection |   87     87
 26.218873 seconds (20.99 M allocations: 1.124 GiB, 3.45% gc time)
Test Summary:       | Pass  Total
LazySets.ConvexHull |   90     90
  3.946698 seconds (1.68 M allocations: 86.106 MiB, 2.83% gc time)
Test Summary:           | Pass  Total
LazySets.ExponentialMap |   52     52
 45.596851 seconds (35.06 M allocations: 1.786 GiB, 4.20% gc time)
Test Summary:      | Pass  Total
LazySets.LinearMap |  107    107
  4.932031 seconds (1.90 M allocations: 97.125 MiB, 3.50% gc time)
Test Summary:         | Pass  Total
LazySets.MinkowskiSum |  153    153
  7.796123 seconds (3.92 M allocations: 197.519 MiB, 0.88% gc time)
Test Summary:             | Pass  Total
LazySets.CartesianProduct |  297    297
 24.679544 seconds (15.87 M allocations: 794.262 MiB, 2.35% gc time)
Test Summary:     | Pass  Total
LazySets.ResetMap |   54     54
  5.674287 seconds (2.45 M allocations: 125.590 MiB, 1.23% gc time)
Test Summary:                  | Pass  Total
LazySets.SymmetricIntervalHull |   42     42
  2.131841 seconds (1.11 M allocations: 56.773 MiB)
Test Summary:                 | Pass  Total
LazySets.concrete_convex_hull |   98     98
  4.755165 seconds (1.33 M allocations: 65.172 MiB, 1.86% gc time)
Test Summary:        | Pass  Total
LazySets.Translation |   50     50
  3.143421 seconds (1.55 M allocations: 82.137 MiB, 2.35% gc time)
Test Summary:      | Pass  Total
LazySets.AffineMap |   44     44
  3.862228 seconds (2.35 M allocations: 120.524 MiB, 1.89% gc time)
Test Summary:       | Pass  Total
LazySets.CompactSet |   18     18
  0.232742 seconds (60.33 k allocations: 3.109 MiB)
Test Summary:       | Pass  Total
LazySets.Complement |   39     39
  1.381777 seconds (400.17 k allocations: 19.833 MiB)
Test Summary:               | Pass  Total
LazySets.PolynomialZonotope |    9      9
  2.677963 seconds (1.83 M allocations: 93.468 MiB, 3.92% gc time)
Test Summary:          | Pass  Total
LazySets.Rectification |  124    124
 12.793761 seconds (7.00 M allocations: 352.945 MiB, 2.42% gc time)
┌ Warning: Problem is infeasible, but infeasibility ray ("Farkas proof") is unavailable; check that the proper solver options are set.
└ @ MathProgBase.HighLevelInterface ~/.julia/packages/MathProgBase/rVlFR/src/HighLevelInterface/linprog.jl:89
┌ Warning: Problem is infeasible, but infeasibility ray ("Farkas proof") is unavailable; check that the proper solver options are set.
└ @ MathProgBase.HighLevelInterface ~/.julia/packages/MathProgBase/rVlFR/src/HighLevelInterface/linprog.jl:89
┌ Warning: Problem is infeasible, but infeasibility ray ("Farkas proof") is unavailable; check that the proper solver options are set.
└ @ MathProgBase.HighLevelInterface ~/.julia/packages/MathProgBase/rVlFR/src/HighLevelInterface/linprog.jl:89
┌ Warning: Problem is infeasible, but infeasibility ray ("Farkas proof") is unavailable; check that the proper solver options are set.
└ @ MathProgBase.HighLevelInterface ~/.julia/packages/MathProgBase/rVlFR/src/HighLevelInterface/linprog.jl:89
┌ Warning: Problem is infeasible, but infeasibility ray ("Farkas proof") is unavailable; check that the proper solver options are set.
└ @ MathProgBase.HighLevelInterface ~/.julia/packages/MathProgBase/rVlFR/src/HighLevelInterface/linprog.jl:89
┌ Warning: Problem is infeasible, but infeasibility ray ("Farkas proof") is unavailable; check that the proper solver options are set.
└ @ MathProgBase.HighLevelInterface ~/.julia/packages/MathProgBase/rVlFR/src/HighLevelInterface/linprog.jl:89
Test Summary:     | Pass  Total
LazySets.UnionSet |  107    107
 10.238161 seconds (4.33 M allocations: 218.956 MiB, 1.32% gc time)
Test Summary:    | Pass  Total
LazySets.samples |    3      3
  1.535408 seconds (1.39 M allocations: 71.047 MiB)
┌ Warning: Problem is unbounded, but unbounded ray is unavailable; check that the proper solver options are set.
└ @ MathProgBase.HighLevelInterface ~/.julia/packages/MathProgBase/rVlFR/src/HighLevelInterface/linprog.jl:97
┌ Warning: Problem is unbounded, but unbounded ray is unavailable; check that the proper solver options are set.
└ @ MathProgBase.HighLevelInterface ~/.julia/packages/MathProgBase/rVlFR/src/HighLevelInterface/linprog.jl:97
Test Summary:                             | Pass  Total
LazySets.Approximations.overapproximation |  197    197
 59.126705 seconds (36.54 M allocations: 1.881 GiB, 3.36% gc time)
Test Summary:                              | Pass  Total
LazySets.Approximations.underapproximation |    3      3
  0.367842 seconds (218.60 k allocations: 10.982 MiB)
Test Summary:                               | Pass  Total
LazySets.Approximations.template_directions |  210    210
 12.478301 seconds (7.03 M allocations: 376.101 MiB, 2.05% gc time)
Test Summary:                             | Pass  Total
LazySets.Approximations.box_approximation |   56     56
  3.638334 seconds (2.07 M allocations: 104.574 MiB)
Test Summary:                                 | Pass  Total
LazySets.Approximations.ballinf_approximation |   15     15
  0.751963 seconds (419.48 k allocations: 22.864 MiB, 8.55% gc time)
Test Summary:                          | Pass  Total
LazySets.Approximations.radiusdiameter |   63     63
  2.059885 seconds (762.05 k allocations: 36.992 MiB)
Test Summary:                     | Pass  Total
LazySets.Approximations.decompose |   53     53
 15.365853 seconds (10.72 M allocations: 539.285 MiB, 1.96% gc time)
Test Summary:                              | Pass  Total
LazySets.Approximations.hausdorff_distance |    7      7
  1.589267 seconds (729.23 k allocations: 37.201 MiB, 3.41% gc time)
Test Summary:              | Pass  Total
LazySets.binary_operations |    4      4
116.170765 seconds (58.61 M allocations: 2.976 GiB, 1.60% gc time)
Test Summary:       | Pass  Total
LazySets.interfaces |   14     14
  3.273848 seconds (626.74 k allocations: 95.643 MiB, 1.35% gc time)
┌ Warning: received a polyhedron with no vertices during plotting
└ @ LazySets ~/.julia/packages/LazySets/a4KpL/src/Interfaces/AbstractPolyhedron_functions.jl:483
┌ Warning: received a polyhedron with no vertices during plotting
└ @ LazySets ~/.julia/packages/LazySets/a4KpL/src/Interfaces/AbstractPolyhedron_functions.jl:483
Test Summary:     | Pass  Total
LazySets.plotting |   10     10
 75.989668 seconds (41.32 M allocations: 2.023 GiB, 2.00% gc time)
[ Info: SetupBuildDirectory: setting up build directory.
[ Info: Doctest: running doctests.
[ Info: Skipped ExpandTemplates step (doctest only).
[ Info: Skipped CrossReferences step (doctest only).
[ Info: Skipped CheckDocument step (doctest only).
[ Info: Skipped Populate step (doctest only).
[ Info: Skipped RenderDocument step (doctest only).
Test Summary:     | Pass  Total
LazySets.doctests |    1      1
 87.520617 seconds (52.92 M allocations: 3.142 GiB, 2.51% gc time)
   Testing LazySets tests passed 
