 Resolving package versions...
 Installed ElasticArrays ──────── v0.4.0
 Installed Adapt ──────────────── v1.0.0
 Installed URIParser ──────────── v0.4.0
 Installed Inflate ────────────── v0.1.1
 Installed CommonSubexpressions ─ v0.2.0
 Installed BinaryProvider ─────── v0.5.8
 Installed DocStringExtensions ── v0.8.1
 Installed VoronoiFVM ─────────── v0.5.3
 Installed ForwardDiff ────────── v0.10.7
 Installed Compat ─────────────── v2.2.0
 Installed RecipesBase ────────── v0.7.0
 Installed OrderedCollections ─── v1.1.0
 Installed VertexSafeGraphs ───── v0.1.0
 Installed Requires ───────────── v0.5.2
 Installed IterativeSolvers ───── v0.8.1
 Installed DataStructures ─────── v0.17.6
 Installed DiffRules ──────────── v0.1.0
 Installed SparseDiffTools ────── v1.0.0
 Installed LightGraphs ────────── v1.3.0
 Installed DiffEqDiffTools ────── v1.5.0
 Installed NaNMath ────────────── v0.3.3
 Installed DiffResults ────────── v0.0.4
 Installed StaticArrays ───────── v0.12.1
 Installed SimpleTraits ───────── v0.9.1
 Installed ArrayInterface ─────── v2.0.0
 Installed MacroTools ─────────── v0.5.2
 Installed SpecialFunctions ───── v0.8.0
 Installed ArnoldiMethod ──────── v0.0.4
 Installed BinDeps ────────────── v0.8.10
 Installed ExtendableSparse ───── v0.1.2
  Updating `~/.julia/environments/v1.2/Project.toml`
  [82b139dc] + VoronoiFVM v0.5.3
  Updating `~/.julia/environments/v1.2/Manifest.toml`
  [79e6a3ab] + Adapt v1.0.0
  [ec485272] + ArnoldiMethod v0.0.4
  [4fba245c] + ArrayInterface v2.0.0
  [9e28174c] + BinDeps v0.8.10
  [b99e7846] + BinaryProvider v0.5.8
  [bbf7d656] + CommonSubexpressions v0.2.0
  [34da2185] + Compat v2.2.0
  [864edb3b] + DataStructures v0.17.6
  [01453d9d] + DiffEqDiffTools v1.5.0
  [163ba53b] + DiffResults v0.0.4
  [b552c78f] + DiffRules v0.1.0
  [ffbed154] + DocStringExtensions v0.8.1
  [fdbdab4c] + ElasticArrays v0.4.0
  [95c220a8] + ExtendableSparse v0.1.2
  [f6369f11] + ForwardDiff v0.10.7
  [d25df0c9] + Inflate v0.1.1
  [42fd0dbc] + IterativeSolvers v0.8.1
  [093fc24a] + LightGraphs v1.3.0
  [1914dd2f] + MacroTools v0.5.2
  [77ba4419] + NaNMath v0.3.3
  [bac558e1] + OrderedCollections v1.1.0
  [3cdcf5f2] + RecipesBase v0.7.0
  [ae029012] + Requires v0.5.2
  [699a6c99] + SimpleTraits v0.9.1
  [47a9eef4] + SparseDiffTools v1.0.0
  [276daf66] + SpecialFunctions v0.8.0
  [90137ffa] + StaticArrays v0.12.1
  [30578b45] + URIParser v0.4.0
  [19fa3120] + VertexSafeGraphs v0.1.0
  [82b139dc] + VoronoiFVM v0.5.3
  [2a0f44e3] + Base64 
  [ade2ca70] + Dates 
  [8bb1440f] + DelimitedFiles 
  [8ba89e20] + Distributed 
  [b77e0a4c] + InteractiveUtils 
  [76f85450] + LibGit2 
  [8f399da3] + Libdl 
  [37e2e46d] + LinearAlgebra 
  [56ddb016] + Logging 
  [d6f4376e] + Markdown 
  [a63ad114] + Mmap 
  [44cfe95a] + Pkg 
  [de0858da] + Printf 
  [3fa0cd96] + REPL 
  [9a3f8284] + Random 
  [ea8e919c] + SHA 
  [9e88b42a] + Serialization 
  [1a1011a3] + SharedArrays 
  [6462fe0b] + Sockets 
  [2f01184e] + SparseArrays 
  [10745b16] + Statistics 
  [8dfed614] + Test 
  [cf7118a7] + UUIDs 
  [4ec0a83e] + Unicode 
  Building SpecialFunctions → `~/.julia/packages/SpecialFunctions/ne2iw/deps/build.log`
  Building VoronoiFVM ──────→ `~/.julia/packages/VoronoiFVM/lqfW0/deps/build.log`
   Testing VoronoiFVM
    Status `/tmp/jl_Yon5xm/Manifest.toml`
  [79e6a3ab] Adapt v1.0.0
  [ec485272] ArnoldiMethod v0.0.4
  [4fba245c] ArrayInterface v2.0.0
  [9e28174c] BinDeps v0.8.10
  [b99e7846] BinaryProvider v0.5.8
  [bbf7d656] CommonSubexpressions v0.2.0
  [34da2185] Compat v2.2.0
  [864edb3b] DataStructures v0.17.6
  [01453d9d] DiffEqDiffTools v1.5.0
  [163ba53b] DiffResults v0.0.4
  [b552c78f] DiffRules v0.1.0
  [ffbed154] DocStringExtensions v0.8.1
  [fdbdab4c] ElasticArrays v0.4.0
  [95c220a8] ExtendableSparse v0.1.2
  [f6369f11] ForwardDiff v0.10.7
  [d25df0c9] Inflate v0.1.1
  [42fd0dbc] IterativeSolvers v0.8.1
  [093fc24a] LightGraphs v1.3.0
  [1914dd2f] MacroTools v0.5.2
  [77ba4419] NaNMath v0.3.3
  [bac558e1] OrderedCollections v1.1.0
  [3cdcf5f2] RecipesBase v0.7.0
  [ae029012] Requires v0.5.2
  [699a6c99] SimpleTraits v0.9.1
  [47a9eef4] SparseDiffTools v1.0.0
  [276daf66] SpecialFunctions v0.8.0
  [90137ffa] StaticArrays v0.12.1
  [30578b45] URIParser v0.4.0
  [19fa3120] VertexSafeGraphs v0.1.0
  [82b139dc] VoronoiFVM v0.5.3
  [2a0f44e3] Base64  [`@stdlib/Base64`]
  [ade2ca70] Dates  [`@stdlib/Dates`]
  [8bb1440f] DelimitedFiles  [`@stdlib/DelimitedFiles`]
  [8ba89e20] Distributed  [`@stdlib/Distributed`]
  [b77e0a4c] InteractiveUtils  [`@stdlib/InteractiveUtils`]
  [76f85450] LibGit2  [`@stdlib/LibGit2`]
  [8f399da3] Libdl  [`@stdlib/Libdl`]
  [37e2e46d] LinearAlgebra  [`@stdlib/LinearAlgebra`]
  [56ddb016] Logging  [`@stdlib/Logging`]
  [d6f4376e] Markdown  [`@stdlib/Markdown`]
  [a63ad114] Mmap  [`@stdlib/Mmap`]
  [44cfe95a] Pkg  [`@stdlib/Pkg`]
  [de0858da] Printf  [`@stdlib/Printf`]
  [3fa0cd96] REPL  [`@stdlib/REPL`]
  [9a3f8284] Random  [`@stdlib/Random`]
  [ea8e919c] SHA  [`@stdlib/SHA`]
  [9e88b42a] Serialization  [`@stdlib/Serialization`]
  [1a1011a3] SharedArrays  [`@stdlib/SharedArrays`]
  [6462fe0b] Sockets  [`@stdlib/Sockets`]
  [2f01184e] SparseArrays  [`@stdlib/SparseArrays`]
  [10745b16] Statistics  [`@stdlib/Statistics`]
  [8dfed614] Test  [`@stdlib/Test`]
  [cf7118a7] UUIDs  [`@stdlib/UUIDs`]
  [4ec0a83e] Unicode  [`@stdlib/Unicode`]
Directory /root/.julia/packages/VoronoiFVM/lqfW0/test:
  runtests:
  test_ctriangulate:
   compile:  3.168433 seconds (3.89 M allocations: 196.656 MiB, 6.99% gc time)
       run:  0.004948 seconds (6.75 k allocations: 503.152 KiB)
  test_geomspace:
   compile:  2.171820 seconds (2.78 M allocations: 148.340 MiB, 4.85% gc time)
       run:  0.001050 seconds (481 allocations: 12.594 KiB)
  test_gridconstruct:
   compile:  1.062402 seconds (1.15 M allocations: 59.674 MiB, 3.04% gc time)
       run:  0.001644 seconds (146 allocations: 37.438 KiB)
  test_prepare_edges:
   compile:  1.780802 seconds (1.49 M allocations: 76.378 MiB, 3.30% gc time)
       run:  0.000537 seconds (158 allocations: 12.281 KiB)
  test_read_sg:
   compile:  1.582226 seconds (859.69 k allocations: 43.078 MiB, 1.88% gc time)
       run:  0.502474 seconds (500 allocations: 23.422 KiB)
  test_triangulate:
   compile:  0.093096 seconds (131.10 k allocations: 7.332 MiB)
       run:  0.001771 seconds (149 allocations: 37.469 KiB)
137.943537 seconds (17.12 M allocations: 905.888 MiB, 0.68% gc time)
Directory /root/.julia/packages/VoronoiFVM/lqfW0/test/../examples:
  Example101_Laplace1D:
   compile:  8.819755 seconds (10.33 M allocations: 525.481 MiB, 5.89% gc time)
       run:  0.000722 seconds (466 allocations: 61.813 KiB)
  Example102_StationaryConvectionDiffusion1D:
   compile:  3.444664 seconds (4.21 M allocations: 219.025 MiB, 4.28% gc time)
       run:  0.006652 seconds (8.63 k allocations: 720.875 KiB)
  Example105_NonlinearPoisson1D:
   compile:  6.741601 seconds (7.42 M allocations: 384.277 MiB, 6.05% gc time)
       run:  0.008934 seconds (15.29 k allocations: 1.284 MiB)
  Example106_NonlinearDiffusion1D:
   compile:  4.436184 seconds (3.22 M allocations: 180.017 MiB, 2.32% gc time)
       run:  0.125491 seconds (137.21 k allocations: 26.335 MiB, 5.34% gc time)
  Example107_NonlinearStorage1D:
   compile:  4.022910 seconds (2.57 M allocations: 152.685 MiB, 1.75% gc time)
       run:  0.201582 seconds (177.91 k allocations: 34.627 MiB, 2.16% gc time)
  Example110_NonlinearPoisson1D_TwoSpecies:
   compile:  4.440604 seconds (3.30 M allocations: 225.141 MiB, 2.13% gc time)
       run:  0.465205 seconds (344.92 k allocations: 75.441 MiB, 2.80% gc time)
  Example115_NonlinearPoisson1D_BoundarySpecies:
   compile:  4.765756 seconds (3.72 M allocations: 203.566 MiB, 1.96% gc time)
       run:  0.097969 seconds (163.30 k allocations: 23.301 MiB, 7.84% gc time)
  Example120_ThreeRegions1D:
   compile:  8.484996 seconds (6.38 M allocations: 637.090 MiB, 3.00% gc time)
       run:  2.473584 seconds (1.11 M allocations: 372.068 MiB, 2.05% gc time)
  Example125_TestFunctions1D:
   compile:  7.477418 seconds (5.17 M allocations: 282.302 MiB, 2.52% gc time)
       run:  0.216119 seconds (124.56 k allocations: 27.996 MiB, 2.40% gc time)
  Example150_Impedance1D:
   compile: 17.205058 seconds (18.64 M allocations: 960.830 MiB, 5.35% gc time)
       run:  0.018887 seconds (36.32 k allocations: 8.357 MiB)
  Example160_UnipolarDriftDiffusion1D:
   compile:  6.895731 seconds (4.28 M allocations: 329.899 MiB, 3.26% gc time)
       run:  1.191430 seconds (544.01 k allocations: 144.770 MiB, 2.54% gc time)
  Example202_Laplace2D_Unstructured:
   compile:  7.000156 seconds (8.96 M allocations: 475.586 MiB, 9.16% gc time)
       run:  0.003303 seconds (1.98 k allocations: 229.344 KiB)
  Example203_CoordinateSystems:
   compile:  2.373022 seconds (2.34 M allocations: 102.470 MiB, 2.22% gc time)
       run:  0.361860 seconds (779.10 k allocations: 20.676 MiB, 2.68% gc time)
  Example205_NonlinearPoisson2D:
   compile: 12.868925 seconds (9.75 M allocations: 509.617 MiB, 3.13% gc time)
       run:  4.300340 seconds (1.33 M allocations: 92.021 MiB, 0.56% gc time)
  Example210_NonlinearPoisson2D_Reaction:
   compile:  7.535547 seconds (4.33 M allocations: 359.796 MiB, 2.78% gc time)
       run:  3.615578 seconds (1.19 M allocations: 197.458 MiB, 1.23% gc time)
  Example215_NonlinearPoisson2D_BoundaryReaction:
   compile:  8.465425 seconds (6.71 M allocations: 454.578 MiB, 4.26% gc time)
       run:  2.780294 seconds (1.22 M allocations: 163.603 MiB, 1.51% gc time)
  Example220_NonlinearPoisson2D_BoundarySpecies:
   compile:  8.344595 seconds (7.38 M allocations: 454.473 MiB, 4.65% gc time)
       run:  3.247455 seconds (3.21 M allocations: 239.430 MiB, 1.23% gc time)
146.441454 seconds (120.71 M allocations: 7.785 GiB, 3.69% gc time)
284.733989 seconds (138.13 M allocations: 8.684 GiB, 2.23% gc time)
   Testing VoronoiFVM tests passed 
