 Resolving package versions...
 Installed URIParser ──────────── v0.4.0
 Installed Compat ─────────────── v2.2.0
 Installed DiffResults ────────── v0.0.4
 Installed DataStructures ─────── v0.17.6
 Installed StaticArrays ───────── v0.12.1
 Installed MacroTools ─────────── v0.5.2
 Installed DocStringExtensions ── v0.8.1
 Installed VoronoiFVM ─────────── v0.5.3
 Installed ExtendableSparse ───── v0.1.2
 Installed SpecialFunctions ───── v0.9.0
 Installed BinDeps ────────────── v0.8.10
 Installed OrderedCollections ─── v1.1.0
 Installed CommonSubexpressions ─ v0.2.0
 Installed RecipesBase ────────── v0.7.0
 Installed ForwardDiff ────────── v0.10.7
 Installed LightGraphs ────────── v1.3.0
 Installed NaNMath ────────────── v0.3.3
 Installed Adapt ──────────────── v1.0.0
 Installed OpenSpecFun_jll ────── v0.5.3+1
 Installed DiffEqDiffTools ────── v1.5.0
 Installed ArrayInterface ─────── v2.0.0
 Installed DiffRules ──────────── v0.1.0
 Installed SparseDiffTools ────── v1.0.0
 Installed ArnoldiMethod ──────── v0.0.4
 Installed Inflate ────────────── v0.1.1
 Installed ElasticArrays ──────── v0.4.0
 Installed Requires ───────────── v0.5.2
 Installed SimpleTraits ───────── v0.9.1
 Installed IterativeSolvers ───── v0.8.1
 Installed VertexSafeGraphs ───── v0.1.0
  Updating `~/.julia/environments/v1.3/Project.toml`
  [82b139dc] + VoronoiFVM v0.5.3
  Updating `~/.julia/environments/v1.3/Manifest.toml`
  [79e6a3ab] + Adapt v1.0.0
  [ec485272] + ArnoldiMethod v0.0.4
  [4fba245c] + ArrayInterface v2.0.0
  [9e28174c] + BinDeps v0.8.10
  [bbf7d656] + CommonSubexpressions v0.2.0
  [34da2185] + Compat v2.2.0
  [864edb3b] + DataStructures v0.17.6
  [01453d9d] + DiffEqDiffTools v1.5.0
  [163ba53b] + DiffResults v0.0.4
  [b552c78f] + DiffRules v0.1.0
  [ffbed154] + DocStringExtensions v0.8.1
  [fdbdab4c] + ElasticArrays v0.4.0
  [95c220a8] + ExtendableSparse v0.1.2
  [f6369f11] + ForwardDiff v0.10.7
  [d25df0c9] + Inflate v0.1.1
  [42fd0dbc] + IterativeSolvers v0.8.1
  [093fc24a] + LightGraphs v1.3.0
  [1914dd2f] + MacroTools v0.5.2
  [77ba4419] + NaNMath v0.3.3
  [efe28fd5] + OpenSpecFun_jll v0.5.3+1
  [bac558e1] + OrderedCollections v1.1.0
  [3cdcf5f2] + RecipesBase v0.7.0
  [ae029012] + Requires v0.5.2
  [699a6c99] + SimpleTraits v0.9.1
  [47a9eef4] + SparseDiffTools v1.0.0
  [276daf66] + SpecialFunctions v0.9.0
  [90137ffa] + StaticArrays v0.12.1
  [30578b45] + URIParser v0.4.0
  [19fa3120] + VertexSafeGraphs v0.1.0
  [82b139dc] + VoronoiFVM v0.5.3
  [2a0f44e3] + Base64 
  [ade2ca70] + Dates 
  [8bb1440f] + DelimitedFiles 
  [8ba89e20] + Distributed 
  [b77e0a4c] + InteractiveUtils 
  [76f85450] + LibGit2 
  [8f399da3] + Libdl 
  [37e2e46d] + LinearAlgebra 
  [56ddb016] + Logging 
  [d6f4376e] + Markdown 
  [a63ad114] + Mmap 
  [44cfe95a] + Pkg 
  [de0858da] + Printf 
  [3fa0cd96] + REPL 
  [9a3f8284] + Random 
  [ea8e919c] + SHA 
  [9e88b42a] + Serialization 
  [1a1011a3] + SharedArrays 
  [6462fe0b] + Sockets 
  [2f01184e] + SparseArrays 
  [10745b16] + Statistics 
  [8dfed614] + Test 
  [cf7118a7] + UUIDs 
  [4ec0a83e] + Unicode 
  Building VoronoiFVM → `~/.julia/packages/VoronoiFVM/lqfW0/deps/build.log`
   Testing VoronoiFVM
    Status `/tmp/jl_XspuzY/Manifest.toml`
  [79e6a3ab] Adapt v1.0.0
  [ec485272] ArnoldiMethod v0.0.4
  [4fba245c] ArrayInterface v2.0.0
  [9e28174c] BinDeps v0.8.10
  [bbf7d656] CommonSubexpressions v0.2.0
  [34da2185] Compat v2.2.0
  [864edb3b] DataStructures v0.17.6
  [01453d9d] DiffEqDiffTools v1.5.0
  [163ba53b] DiffResults v0.0.4
  [b552c78f] DiffRules v0.1.0
  [ffbed154] DocStringExtensions v0.8.1
  [fdbdab4c] ElasticArrays v0.4.0
  [95c220a8] ExtendableSparse v0.1.2
  [f6369f11] ForwardDiff v0.10.7
  [d25df0c9] Inflate v0.1.1
  [42fd0dbc] IterativeSolvers v0.8.1
  [093fc24a] LightGraphs v1.3.0
  [1914dd2f] MacroTools v0.5.2
  [77ba4419] NaNMath v0.3.3
  [efe28fd5] OpenSpecFun_jll v0.5.3+1
  [bac558e1] OrderedCollections v1.1.0
  [3cdcf5f2] RecipesBase v0.7.0
  [ae029012] Requires v0.5.2
  [699a6c99] SimpleTraits v0.9.1
  [47a9eef4] SparseDiffTools v1.0.0
  [276daf66] SpecialFunctions v0.9.0
  [90137ffa] StaticArrays v0.12.1
  [30578b45] URIParser v0.4.0
  [19fa3120] VertexSafeGraphs v0.1.0
  [82b139dc] VoronoiFVM v0.5.3
  [2a0f44e3] Base64  [`@stdlib/Base64`]
  [ade2ca70] Dates  [`@stdlib/Dates`]
  [8bb1440f] DelimitedFiles  [`@stdlib/DelimitedFiles`]
  [8ba89e20] Distributed  [`@stdlib/Distributed`]
  [b77e0a4c] InteractiveUtils  [`@stdlib/InteractiveUtils`]
  [76f85450] LibGit2  [`@stdlib/LibGit2`]
  [8f399da3] Libdl  [`@stdlib/Libdl`]
  [37e2e46d] LinearAlgebra  [`@stdlib/LinearAlgebra`]
  [56ddb016] Logging  [`@stdlib/Logging`]
  [d6f4376e] Markdown  [`@stdlib/Markdown`]
  [a63ad114] Mmap  [`@stdlib/Mmap`]
  [44cfe95a] Pkg  [`@stdlib/Pkg`]
  [de0858da] Printf  [`@stdlib/Printf`]
  [3fa0cd96] REPL  [`@stdlib/REPL`]
  [9a3f8284] Random  [`@stdlib/Random`]
  [ea8e919c] SHA  [`@stdlib/SHA`]
  [9e88b42a] Serialization  [`@stdlib/Serialization`]
  [1a1011a3] SharedArrays  [`@stdlib/SharedArrays`]
  [6462fe0b] Sockets  [`@stdlib/Sockets`]
  [2f01184e] SparseArrays  [`@stdlib/SparseArrays`]
  [10745b16] Statistics  [`@stdlib/Statistics`]
  [8dfed614] Test  [`@stdlib/Test`]
  [cf7118a7] UUIDs  [`@stdlib/UUIDs`]
  [4ec0a83e] Unicode  [`@stdlib/Unicode`]
Directory /root/.julia/packages/VoronoiFVM/lqfW0/test:
  runtests:
  test_ctriangulate:
   compile:  3.025593 seconds (3.57 M allocations: 177.067 MiB, 2.88% gc time)
       run:  0.009012 seconds (6.04 k allocations: 477.980 KiB)
  test_geomspace:
   compile:  2.271451 seconds (2.90 M allocations: 153.914 MiB, 3.23% gc time)
       run:  0.001097 seconds (481 allocations: 12.594 KiB)
  test_gridconstruct:
   compile:  1.297893 seconds (1.21 M allocations: 62.864 MiB, 3.64% gc time)
       run:  0.001567 seconds (146 allocations: 37.438 KiB)
  test_prepare_edges:
   compile:  1.712172 seconds (1.50 M allocations: 75.826 MiB, 1.00% gc time)
       run:  0.000565 seconds (163 allocations: 12.359 KiB)
  test_read_sg:
   compile:  1.311304 seconds (685.52 k allocations: 33.408 MiB, 1.10% gc time)
       run:  0.502477 seconds (509 allocations: 23.656 KiB)
  test_triangulate:
   compile:  0.108300 seconds (119.61 k allocations: 6.656 MiB)
       run:  0.001958 seconds (149 allocations: 37.469 KiB)
161.839166 seconds (22.54 M allocations: 1.135 GiB, 0.53% gc time)
Directory /root/.julia/packages/VoronoiFVM/lqfW0/test/../examples:
  Example101_Laplace1D:
   compile:  9.494150 seconds (10.22 M allocations: 515.663 MiB, 6.20% gc time)
       run:  0.000832 seconds (470 allocations: 61.875 KiB)
  Example102_StationaryConvectionDiffusion1D:
   compile:  3.421859 seconds (4.10 M allocations: 214.335 MiB, 1.51% gc time)
       run:  0.010112 seconds (7.94 k allocations: 695.891 KiB)
  Example105_NonlinearPoisson1D:
   compile:  7.750810 seconds (8.35 M allocations: 432.531 MiB, 4.10% gc time)
       run:  0.020878 seconds (13.90 k allocations: 1.235 MiB)
  Example106_NonlinearDiffusion1D:
   compile:  4.352936 seconds (3.01 M allocations: 168.734 MiB, 2.30% gc time)
       run:  0.163734 seconds (136.42 k allocations: 26.341 MiB, 6.34% gc time)
  Example107_NonlinearStorage1D:
   compile:  4.009954 seconds (2.45 M allocations: 146.092 MiB, 1.34% gc time)
       run:  0.222473 seconds (177.01 k allocations: 34.622 MiB, 4.72% gc time)
  Example110_NonlinearPoisson1D_TwoSpecies:
   compile:  4.804347 seconds (3.25 M allocations: 222.038 MiB, 1.82% gc time)
       run:  0.470669 seconds (343.54 k allocations: 75.392 MiB, 2.61% gc time)
  Example115_NonlinearPoisson1D_BoundarySpecies:
   compile:  4.890991 seconds (3.53 M allocations: 193.227 MiB, 2.69% gc time)
       run:  0.287769 seconds (161.20 k allocations: 23.266 MiB, 56.78% gc time)
  Example120_ThreeRegions1D:
   compile:  8.135738 seconds (5.96 M allocations: 613.517 MiB, 3.60% gc time)
       run:  2.518638 seconds (1.11 M allocations: 371.980 MiB, 1.13% gc time)
  Example125_TestFunctions1D:
   compile:  7.465853 seconds (4.83 M allocations: 264.303 MiB, 1.17% gc time)
       run:  0.229681 seconds (123.20 k allocations: 27.949 MiB, 4.71% gc time)
  Example150_Impedance1D:
   compile: 20.076072 seconds (21.25 M allocations: 1.074 GiB, 3.32% gc time)
       run:  0.027260 seconds (35.00 k allocations: 8.309 MiB)
  Example160_UnipolarDriftDiffusion1D:
   compile:  6.722783 seconds (3.97 M allocations: 312.197 MiB, 2.83% gc time)
       run:  1.380433 seconds (540.68 k allocations: 144.621 MiB, 24.48% gc time)
  Example202_Laplace2D_Unstructured:
   compile:  6.340549 seconds (7.95 M allocations: 423.395 MiB, 3.70% gc time)
       run:  0.003340 seconds (1.98 k allocations: 229.406 KiB)
  Example203_CoordinateSystems:
   compile:  2.301500 seconds (2.22 M allocations: 96.171 MiB, 1.28% gc time)
       run:  0.441400 seconds (778.41 k allocations: 20.651 MiB, 3.75% gc time)
  Example205_NonlinearPoisson2D:
   compile: 13.822127 seconds (11.37 M allocations: 584.042 MiB, 2.39% gc time)
       run:  4.449486 seconds (1.33 M allocations: 91.972 MiB, 1.50% gc time)
  Example210_NonlinearPoisson2D_Reaction:
   compile:  7.293622 seconds (4.11 M allocations: 348.079 MiB, 1.67% gc time)
       run:  3.437856 seconds (1.18 M allocations: 197.417 MiB, 1.01% gc time)
  Example215_NonlinearPoisson2D_BoundaryReaction:
   compile:  7.615807 seconds (6.05 M allocations: 417.129 MiB, 2.51% gc time)
       run:  2.715358 seconds (1.22 M allocations: 163.563 MiB, 1.11% gc time)
  Example220_NonlinearPoisson2D_BoundarySpecies:
   compile:  8.452578 seconds (7.22 M allocations: 446.301 MiB, 2.18% gc time)
       run:  3.625310 seconds (3.21 M allocations: 239.387 MiB, 1.68% gc time)
150.536016 seconds (121.26 M allocations: 7.794 GiB, 2.96% gc time)
312.647514 seconds (144.04 M allocations: 8.941 GiB, 1.70% gc time)
   Testing VoronoiFVM tests passed 
