 Resolving package versions...
 Installed DataAPI ──────────── v1.1.0
 Installed Missings ─────────── v0.4.3
 Installed ArrayLayouts ─────── v0.1.5
 Installed URIParser ────────── v0.4.0
 Installed StatsFuns ────────── v0.9.0
 Installed AdvancedHMC ──────── v0.2.14
 Installed BinaryProvider ───── v0.5.8
 Installed StatsBase ────────── v0.32.0
 Installed InplaceOps ───────── v0.3.0
 Installed OrderedCollections ─ v1.1.0
 Installed Compat ───────────── v2.2.0
 Installed DataStructures ───── v0.17.6
 Installed ArgCheck ─────────── v1.0.1
 Installed FillArrays ───────── v0.8.2
 Installed Rmath ────────────── v0.5.1
 Installed StaticArrays ─────── v0.12.1
 Installed Parameters ───────── v0.12.0
 Installed LazyArrays ───────── v0.14.10
 Installed SortingAlgorithms ── v0.3.1
 Installed MacroTools ───────── v0.5.2
 Installed SpecialFunctions ─── v0.8.0
 Installed BinDeps ──────────── v0.8.10
 Installed ProgressMeter ────── v1.2.0
  Updating `~/.julia/environments/v1.2/Project.toml`
  [0bf59076] + AdvancedHMC v0.2.14
  Updating `~/.julia/environments/v1.2/Manifest.toml`
  [0bf59076] + AdvancedHMC v0.2.14
  [dce04be8] + ArgCheck v1.0.1
  [4c555306] + ArrayLayouts v0.1.5
  [9e28174c] + BinDeps v0.8.10
  [b99e7846] + BinaryProvider v0.5.8
  [34da2185] + Compat v2.2.0
  [9a962f9c] + DataAPI v1.1.0
  [864edb3b] + DataStructures v0.17.6
  [1a297f60] + FillArrays v0.8.2
  [505f98c9] + InplaceOps v0.3.0
  [5078a376] + LazyArrays v0.14.10
  [1914dd2f] + MacroTools v0.5.2
  [e1d29d7a] + Missings v0.4.3
  [bac558e1] + OrderedCollections v1.1.0
  [d96e819e] + Parameters v0.12.0
  [92933f4c] + ProgressMeter v1.2.0
  [79098fc4] + Rmath v0.5.1
  [a2af1166] + SortingAlgorithms v0.3.1
  [276daf66] + SpecialFunctions v0.8.0
  [90137ffa] + StaticArrays v0.12.1
  [2913bbd2] + StatsBase v0.32.0
  [4c63d2b9] + StatsFuns v0.9.0
  [30578b45] + URIParser v0.4.0
  [2a0f44e3] + Base64 
  [ade2ca70] + Dates 
  [8bb1440f] + DelimitedFiles 
  [8ba89e20] + Distributed 
  [b77e0a4c] + InteractiveUtils 
  [76f85450] + LibGit2 
  [8f399da3] + Libdl 
  [37e2e46d] + LinearAlgebra 
  [56ddb016] + Logging 
  [d6f4376e] + Markdown 
  [a63ad114] + Mmap 
  [44cfe95a] + Pkg 
  [de0858da] + Printf 
  [3fa0cd96] + REPL 
  [9a3f8284] + Random 
  [ea8e919c] + SHA 
  [9e88b42a] + Serialization 
  [1a1011a3] + SharedArrays 
  [6462fe0b] + Sockets 
  [2f01184e] + SparseArrays 
  [10745b16] + Statistics 
  [8dfed614] + Test 
  [cf7118a7] + UUIDs 
  [4ec0a83e] + Unicode 
  Building Rmath ───────────→ `~/.julia/packages/Rmath/4wt82/deps/build.log`
  Building SpecialFunctions → `~/.julia/packages/SpecialFunctions/ne2iw/deps/build.log`
   Testing AdvancedHMC
 Resolving package versions...
 Installed Distributions ─────────────── v0.21.9
 Installed TableTraits ───────────────── v1.0.0
 Installed ForwardDiff ───────────────── v0.10.7
 Installed Showoff ───────────────────── v0.3.1
 Installed DiffResults ───────────────── v0.0.4
 Installed UnicodePlots ──────────────── v1.1.0
 Installed DataFrames ────────────────── v0.19.4
 Installed DistributionsAD ───────────── v0.1.1
 Installed CommonSubexpressions ──────── v0.2.0
 Installed Turing ────────────────────── v0.7.1
 Installed AbstractFFTs ──────────────── v0.4.1
 Installed LineSearches ──────────────── v7.0.1
 Installed PDMats ────────────────────── v0.9.10
 Installed RangeArrays ───────────────── v0.3.1
 Installed FiniteDifferences ─────────── v0.9.0
 Installed Tracker ───────────────────── v0.2.5
 Installed Adapt ─────────────────────── v1.0.0
 Installed AxisAlgorithms ────────────── v1.0.0
 Installed Polynomials ───────────────── v0.6.0
 Installed Conda ─────────────────────── v1.3.0
 Installed IRTools ───────────────────── v0.3.0
 Installed Zygote ────────────────────── v0.4.1
 Installed NLSolversBase ─────────────── v7.5.0
 Installed Requires ──────────────────── v0.5.2
 Installed DataValueInterfaces ───────── v1.0.0
 Installed InvertedIndices ───────────── v1.0.0
 Installed PooledArrays ──────────────── v0.5.2
 Installed Reexport ──────────────────── v0.2.0
 Installed TimerOutputs ──────────────── v0.5.3
 Installed Libtask ───────────────────── v0.3.1
 Installed OffsetArrays ──────────────── v0.11.2
 Installed Tables ────────────────────── v0.2.11
 Installed NNlib ─────────────────────── v0.6.0
 Installed IterTools ─────────────────── v1.3.0
 Installed Calculus ──────────────────── v0.5.1
 Installed KernelDensity ─────────────── v0.5.1
 Installed RecipesBase ───────────────── v0.7.0
 Installed MappedArrays ──────────────── v0.2.2
 Installed Combinatorics ─────────────── v1.0.0
 Installed Roots ─────────────────────── v0.8.3
 Installed DiffEqDiffTools ───────────── v1.5.0
 Installed Parsers ───────────────────── v0.3.10
 Installed DiffRules ─────────────────── v0.1.0
 Installed JSON ──────────────────────── v0.21.0
 Installed Ratios ────────────────────── v0.3.1
 Installed ArrayInterface ────────────── v2.0.0
 Installed NaNMath ───────────────────── v0.3.3
 Installed IntervalSets ──────────────── v0.3.2
 Installed MCMCChains ────────────────── v0.4.0
 Installed IteratorInterfaceExtensions ─ v1.0.0
 Installed FFTW ──────────────────────── v1.0.1
 Installed AbstractMCMC ──────────────── v0.1.0
 Installed Interpolations ────────────── v0.12.5
 Installed WoodburyMatrices ──────────── v0.4.1
 Installed Bijectors ─────────────────── v0.4.0
 Installed CategoricalArrays ─────────── v0.7.3
 Installed QuadGK ────────────────────── v2.1.1
 Installed ZygoteRules ───────────────── v0.2.0
 Installed VersionParsing ────────────── v1.1.3
 Installed PositiveFactorizations ────── v0.2.3
 Installed Arpack ────────────────────── v0.3.1
 Installed AxisArrays ────────────────── v0.3.3
 Installed Optim ─────────────────────── v0.19.5
  Building Conda ──→ `~/.julia/packages/Conda/kLXeC/deps/build.log`
  Building Libtask → `~/.julia/packages/Libtask/RjRkK/deps/build.log`
  Building FFTW ───→ `~/.julia/packages/FFTW/MJ7kl/deps/build.log`
  Building Arpack ─→ `~/.julia/packages/Arpack/cu5By/deps/build.log`
    Status `/tmp/jl_BFBarS/Manifest.toml`
  [621f4979] AbstractFFTs v0.4.1
  [80f14c24] AbstractMCMC v0.1.0
  [79e6a3ab] Adapt v1.0.0
  [0bf59076] AdvancedHMC v0.2.14
  [dce04be8] ArgCheck v1.0.1
  [7d9fca2a] Arpack v0.3.1
  [4fba245c] ArrayInterface v2.0.0
  [4c555306] ArrayLayouts v0.1.5
  [13072b0f] AxisAlgorithms v1.0.0
  [39de3d68] AxisArrays v0.3.3
  [76274a88] Bijectors v0.4.0
  [9e28174c] BinDeps v0.8.10
  [b99e7846] BinaryProvider v0.5.8
  [49dc2e85] Calculus v0.5.1
  [324d7699] CategoricalArrays v0.7.3
  [861a8166] Combinatorics v1.0.0
  [bbf7d656] CommonSubexpressions v0.2.0
  [34da2185] Compat v2.2.0
  [8f4d0f93] Conda v1.3.0
  [9a962f9c] DataAPI v1.1.0
  [a93c6f00] DataFrames v0.19.4
  [864edb3b] DataStructures v0.17.6
  [e2d170a0] DataValueInterfaces v1.0.0
  [01453d9d] DiffEqDiffTools v1.5.0
  [163ba53b] DiffResults v0.0.4
  [b552c78f] DiffRules v0.1.0
  [31c24e10] Distributions v0.21.9
  [ced4e74d] DistributionsAD v0.1.1
  [7a1cc6ca] FFTW v1.0.1
  [1a297f60] FillArrays v0.8.2
  [26cc04aa] FiniteDifferences v0.9.0
  [f6369f11] ForwardDiff v0.10.7
  [7869d1d1] IRTools v0.3.0
  [505f98c9] InplaceOps v0.3.0
  [a98d9a8b] Interpolations v0.12.5
  [8197267c] IntervalSets v0.3.2
  [41ab1584] InvertedIndices v1.0.0
  [c8e1da08] IterTools v1.3.0
  [82899510] IteratorInterfaceExtensions v1.0.0
  [682c06a0] JSON v0.21.0
  [5ab0869b] KernelDensity v0.5.1
  [5078a376] LazyArrays v0.14.10
  [6f1fad26] Libtask v0.3.1
  [d3d80556] LineSearches v7.0.1
  [c7f686f2] MCMCChains v0.4.0
  [1914dd2f] MacroTools v0.5.2
  [dbb5928d] MappedArrays v0.2.2
  [e1d29d7a] Missings v0.4.3
  [d41bc354] NLSolversBase v7.5.0
  [872c559c] NNlib v0.6.0
  [77ba4419] NaNMath v0.3.3
  [6fe1bfb0] OffsetArrays v0.11.2
  [429524aa] Optim v0.19.5
  [bac558e1] OrderedCollections v1.1.0
  [90014a1f] PDMats v0.9.10
  [d96e819e] Parameters v0.12.0
  [69de0a69] Parsers v0.3.10
  [f27b6e38] Polynomials v0.6.0
  [2dfb63ee] PooledArrays v0.5.2
  [85a6dd25] PositiveFactorizations v0.2.3
  [92933f4c] ProgressMeter v1.2.0
  [1fd47b50] QuadGK v2.1.1
  [b3c3ace0] RangeArrays v0.3.1
  [c84ed2f1] Ratios v0.3.1
  [3cdcf5f2] RecipesBase v0.7.0
  [189a3867] Reexport v0.2.0
  [ae029012] Requires v0.5.2
  [79098fc4] Rmath v0.5.1
  [f2b01f46] Roots v0.8.3
  [992d4aef] Showoff v0.3.1
  [a2af1166] SortingAlgorithms v0.3.1
  [276daf66] SpecialFunctions v0.8.0
  [90137ffa] StaticArrays v0.12.1
  [2913bbd2] StatsBase v0.32.0
  [4c63d2b9] StatsFuns v0.9.0
  [3783bdb8] TableTraits v1.0.0
  [bd369af6] Tables v0.2.11
  [a759f4b9] TimerOutputs v0.5.3
  [9f7883ad] Tracker v0.2.5
  [fce5fe82] Turing v0.7.1
  [30578b45] URIParser v0.4.0
  [b8865327] UnicodePlots v1.1.0
  [81def892] VersionParsing v1.1.3
  [efce3f68] WoodburyMatrices v0.4.1
  [e88e6eb3] Zygote v0.4.1
  [700de1a5] ZygoteRules v0.2.0
  [2a0f44e3] Base64  [`@stdlib/Base64`]
  [ade2ca70] Dates  [`@stdlib/Dates`]
  [8bb1440f] DelimitedFiles  [`@stdlib/DelimitedFiles`]
  [8ba89e20] Distributed  [`@stdlib/Distributed`]
  [9fa8497b] Future  [`@stdlib/Future`]
  [b77e0a4c] InteractiveUtils  [`@stdlib/InteractiveUtils`]
  [76f85450] LibGit2  [`@stdlib/LibGit2`]
  [8f399da3] Libdl  [`@stdlib/Libdl`]
  [37e2e46d] LinearAlgebra  [`@stdlib/LinearAlgebra`]
  [56ddb016] Logging  [`@stdlib/Logging`]
  [d6f4376e] Markdown  [`@stdlib/Markdown`]
  [a63ad114] Mmap  [`@stdlib/Mmap`]
  [44cfe95a] Pkg  [`@stdlib/Pkg`]
  [de0858da] Printf  [`@stdlib/Printf`]
  [3fa0cd96] REPL  [`@stdlib/REPL`]
  [9a3f8284] Random  [`@stdlib/Random`]
  [ea8e919c] SHA  [`@stdlib/SHA`]
  [9e88b42a] Serialization  [`@stdlib/Serialization`]
  [1a1011a3] SharedArrays  [`@stdlib/SharedArrays`]
  [6462fe0b] Sockets  [`@stdlib/Sockets`]
  [2f01184e] SparseArrays  [`@stdlib/SparseArrays`]
  [10745b16] Statistics  [`@stdlib/Statistics`]
  [4607b0f0] SuiteSparse  [`@stdlib/SuiteSparse`]
  [8dfed614] Test  [`@stdlib/Test`]
  [cf7118a7] UUIDs  [`@stdlib/UUIDs`]
  [4ec0a83e] Unicode  [`@stdlib/Unicode`]
┌ Warning: The current proposal will be rejected due to numerical error(s).
│   isfinite.((θ, r, ℓπ, ℓκ)) = (false, false, true, true)
└ @ AdvancedHMC ~/.julia/packages/AdvancedHMC/1ngch/src/hamiltonian.jl:45
┌ Warning: The current proposal will be rejected due to numerical error(s).
│   isfinite.((θ, r, ℓπ, ℓκ)) = (false, false, true, true)
└ @ AdvancedHMC ~/.julia/packages/AdvancedHMC/1ngch/src/hamiltonian.jl:45
┌ Info: Performance of step() v.s. steps()
│   n_steps = 10
│   t_step = 0.182500543
│   t_steps = 0.010821867
└   t_step / t_steps = 16.864053402245656
┌ Info: Finished 1000 adapation steps
│   adaptor = StanHMCAdaptor(n_adapts=1000, pc=DiagPreconditioner, ssa=NesterovDualAveraging(γ=0.05, t_0=10.0, κ=0.75, δ=0.8, state.ϵ=0.5499099388381461), init_buffer=75, term_buffer=50)
│   τ.integrator = Leapfrog(ϵ=0.55)
└   h.metric = DiagEuclideanMetric([0.35950404177463346, 0.757 ...])
┌ Info: Finished 5000 sampling steps for 1 chains in 1.160283277 (s)
│   h = Hamiltonian(metric=DiagEuclideanMetric([0.35950404177463346, 0.757 ...]))
│   τ = NUTS{MultinomialTS,Generalised}(integrator=Leapfrog(ϵ=0.55), max_depth=10), Δ_max=1000.0)
│   EBFMI_est = 4855.7927642314535
└   average_acceptance_rate = 0.9138340808533925
[ Info: Adaptation tests for NUTS{MultinomialTS, Original} with TemperedLeapfrog on DiagEuclideanMetric are skipped
[ Info: Adaptation tests for HMCDA with TemperedLeapfrog on DiagEuclideanMetric are skipped
[ Info: Adaptation tests for NUTS{SliceTS, Generalised} with TemperedLeapfrog on DiagEuclideanMetric are skipped
[ Info: Adaptation tests for NUTS{MultinomialTS, Generalised} with TemperedLeapfrog on DiagEuclideanMetric are skipped
[ Info: Adaptation tests for HMC with TemperedLeapfrog on DiagEuclideanMetric are skipped
[ Info: Adaptation tests for NUTS{SliceTS, Original} with TemperedLeapfrog on DiagEuclideanMetric are skipped
StanHMCAdaptor: Test Failed at /root/.julia/packages/AdvancedHMC/1ngch/test/hmc.jl:83
  Expression: ≈(mean(samples[n_adapts + 1:end]), zeros(D), atol=RNDATOL)
   Evaluated: [-0.1339121913546332, 0.14421837536684146, 0.2232305522545789, 0.1344447871832891, -0.15327780132472157] ≈ [0.0, 0.0, 0.0, 0.0, 0.0] (atol=0.25) 
Stacktrace:
 [1] top-level scope at /root/.julia/packages/AdvancedHMC/1ngch/test/hmc.jl:83
 [2] top-level scope at /buildworker/worker/package_linux64/build/usr/share/julia/stdlib/v1.2/Test/src/Test.jl:1186
 [3] top-level scope at /root/.julia/packages/AdvancedHMC/1ngch/test/hmc.jl:66
 [4] top-level scope at /buildworker/worker/package_linux64/build/usr/share/julia/stdlib/v1.2/Test/src/Test.jl:1186
 [5] top-level scope at /root/.julia/packages/AdvancedHMC/1ngch/test/hmc.jl:47
 [6] top-level scope at /buildworker/worker/package_linux64/build/usr/share/julia/stdlib/v1.2/Test/src/Test.jl:1186
 [7] top-level scope at /root/.julia/packages/AdvancedHMC/1ngch/test/hmc.jl:42
 [8] top-level scope at /buildworker/worker/package_linux64/build/usr/share/julia/stdlib/v1.2/Test/src/Test.jl:1186
 [9] top-level scope at /root/.julia/packages/AdvancedHMC/1ngch/test/hmc.jl:36
 [10] top-level scope at /buildworker/worker/package_linux64/build/usr/share/julia/stdlib/v1.2/Test/src/Test.jl:1113
 [11] top-level scope at /root/.julia/packages/AdvancedHMC/1ngch/test/hmc.jl:34
[ Info: Adaptation tests for NUTS{MultinomialTS, Original} with TemperedLeapfrog on DenseEuclideanMetric are skipped
[ Info: Adaptation tests for HMCDA with TemperedLeapfrog on DenseEuclideanMetric are skipped
[ Info: Adaptation tests for NUTS{SliceTS, Generalised} with TemperedLeapfrog on DenseEuclideanMetric are skipped
[ Info: Adaptation tests for NUTS{MultinomialTS, Generalised} with TemperedLeapfrog on DenseEuclideanMetric are skipped
[ Info: Adaptation tests for HMC with TemperedLeapfrog on DenseEuclideanMetric are skipped
[ Info: Adaptation tests for NUTS{SliceTS, Original} with TemperedLeapfrog on DenseEuclideanMetric are skipped
[ Info: Adaptation tests for NUTS{MultinomialTS, Original} with TemperedLeapfrog on UnitEuclideanMetric are skipped
[ Info: Adaptation tests for HMCDA with TemperedLeapfrog on UnitEuclideanMetric are skipped
[ Info: Adaptation tests for NUTS{SliceTS, Generalised} with TemperedLeapfrog on UnitEuclideanMetric are skipped
[ Info: Adaptation tests for NUTS{MultinomialTS, Generalised} with TemperedLeapfrog on UnitEuclideanMetric are skipped
[ Info: Adaptation tests for HMC with TemperedLeapfrog on UnitEuclideanMetric are skipped
[ Info: Adaptation tests for NUTS{SliceTS, Original} with TemperedLeapfrog on UnitEuclideanMetric are skipped
[ Info: Adaptation tests for HMCDA with NesterovDualAveraging are skipped

                   Scalabiliry of multiple chains
              ┌────────────────────────────────────────┐                 
            7 │⠀⠀⠀⠀⠀⠀⠀⠀⠀⠀⠀⠀⠀⠀⠀⠀⢰⠁⠀⠀⠀⠀⠀⠀⠀⠀⠀⠀⠀⠀⠀⠀⠀⠀⠀⠀⠀⠀⠀⠀│ matrix parallism
              │⠀⠀⠀⠀⠀⠀⠀⠀⠀⠀⠀⠀⠀⠀⠀⢀⠇⠀⠀⠀⠀⠀⠀⠀⠀⠀⠀⠀⠀⠀⠀⠀⠀⠀⠀⠀⠀⠀⠀⢠│ seperate        
              │⠀⠀⠀⠀⠀⠀⠀⠀⠀⠀⠀⠀⠀⠀⠀⡜⠀⠀⠀⠀⠀⠀⠀⠀⠀⠀⠀⠀⠀⠀⠀⠀⠀⠀⠀⠀⠀⠀⢀⠇│                 
              │⠀⠀⠀⠀⠀⠀⠀⠀⠀⠀⠀⠀⠀⠀⡸⠀⠀⠀⠀⠀⠀⠀⠀⠀⠀⠀⠀⠀⠀⠀⠀⠀⠀⢀⠤⠒⠑⠢⡎⠀│                 
              │⠀⠀⠀⠀⠀⠀⠀⠀⠀⠀⠀⢠⠤⠒⠃⠀⠀⠀⠀⠀⠀⠀⠀⠀⠀⠀⠀⠀⠀⠀⠀⢀⡔⠁⠀⠀⠀⠀⠀⠀│                 
              │⠀⠀⠀⠀⠀⠀⠀⠀⠀⠀⢀⠎⠀⠀⠀⠀⠀⠀⠀⠀⠀⠀⠀⠀⠀⠀⠀⠀⠀⠀⢀⠎⠀⠀⠀⠀⠀⠀⠀⠀│                 
              │⠀⠀⠀⠀⠀⠀⠀⠀⠀⠀⡜⠀⠀⠀⠀⠀⠀⠀⠀⠀⠀⠀⠀⠀⠀⡰⢆⠀⠀⢀⡎⠀⠀⠀⠀⠀⠀⠀⠀⠀│                 
   Time (s)   │⠀⠀⠀⠀⠀⠀⠀⠀⠀⢰⠁⠀⠀⠀⠀⠀⠀⠀⠀⠀⠀⠀⠀⠀⡜⠀⠀⠑⠒⠁⠀⠀⠀⠀⠀⠀⠀⠀⠀⠀│                 
              │⠀⠀⠀⠀⠀⠀⠀⠀⠀⡇⠀⠀⠀⠀⠀⢠⡄⠀⠀⠀⠀⡠⠒⠉⠀⠀⠀⠀⠀⠀⠀⠀⠀⠀⠀⠀⠀⠀⠀⠀│                 
              │⠀⠀⠀⠀⠀⠀⠀⠀⡸⠀⠀⠀⠀⠀⠀⡎⢱⠀⠀⢀⡔⠁⠀⠀⠀⠀⠀⠀⠀⠀⠀⠀⠀⠀⠀⠀⠀⠀⠀⠀│                 
              │⠀⠀⠀⠀⠀⠀⠀⢀⠇⠀⠀⠀⠀⠀⢰⠁⠀⢇⢠⠊⠀⠀⠀⠀⠀⠀⠀⠀⠀⠀⠀⠀⠀⠀⠀⠀⠀⠀⠀⠀│                 
              │⠀⠀⠀⠀⠀⠀⠀⡎⠀⠀⣀⣀⣀⣀⡇⠀⠀⠘⠃⠀⠀⠀⠀⠀⠀⠀⠀⠀⠀⠀⠀⠀⠀⠀⠀⠀⠀⠀⠀⠀│                 
              │⠀⠀⡀⠀⠀⠀⡜⠀⡠⠊⠀⠀⠀⠀⠀⠀⠀⠀⠀⠀⠀⠀⠀⠀⠀⠀⠀⠀⠀⠀⠀⠀⠀⠀⠀⠀⠀⠀⠀⠀│                 
              │⠀⠀⠑⡄⡠⡺⠉⠉⠁⠀⠀⠀⠀⠀⠀⠀⠀⠀⠀⠀⠀⠀⠀⠀⠀⠀⠀⠀⠀⠀⠀⠀⠀⠀⠀⠀⠀⠀⠀⠀│                 
            2 │⠀⠀⠀⠈⢁⠇⠀⠀⠀⠀⠀⠀⠀⠀⠀⠀⠀⠀⠀⠀⠀⠀⠀⠀⠀⠀⠀⠀⠀⠀⠀⠀⠀⠀⠀⠀⠀⠀⠀⠀│                 
              └────────────────────────────────────────┘                 
              0                                       20
                            Num of chains

Test Summary:                                            | Pass  Fail  Total
AdvancedHMC                                              | 2268     1   2269
  Online v.s. naive v.s. true var/cov estimation         |   12           12
  Preconditioner constructors                            |    2            2
  Stan HMC adaptors                                      |    2            2
  Adapted mass v.s. true variance                        |   20           20
  Initialisation adaptor by metric                       |    2            2
  rand momentum variables from metric via vector of RNGs |    2            2
  PhasePoint                                             |    4            4
  Metric                                                 |   60           60
  step(::Leapfrog) against steps(::Leapfrog)             |    2            2
  jitter                                                 |    4            4
  temper                                                 |    7            7
  Eq (2.11) from (Neal, 2011)                            |    2            2
  Passing random number generator                        |   12           12
  TreeSampler                                            |    5            5
  TerminationCriterion                                   |    2            2
  Termination                                            |   20           20
  BinaryTree                                             |    4            4
  ClassicNoUTurn                                         |    4            4
  `gdemo`                                                |    1            1
  HMC and NUTS                                           | 2069     1   2070
    DiagEuclideanMetric                                  |  690          690
    DenseEuclideanMetric                                 |  689     1    690
      JitteredLeapfrog                                   |  342          342
      Leapfrog                                           |  341     1    342
        NUTS{MultinomialTS, Original}                    |   61           61
        HMCDA                                            |   49           49
        NUTS{SliceTS, Generalised}                       |   61           61
        NUTS{MultinomialTS, Generalised}                 |   61           61
        HMC                                              |   48     1     49
          NoAdaptation                                   |    1            1
          NaiveHMCAdaptor                                |   12           12
          NesterovDualAveragingOnly                      |   12           12
          PreconditionerOnly                             |   12           12
          StanHMCAdaptor                                 |   11     1     12
        NUTS{SliceTS, Original}                          |   61           61
      TemperedLeapfrog                                   |    6            6
    UnitEuclideanMetric                                  |  690          690
  drop_warmup                                            |    4            4
  Matrix mode                                            |   28           28
ERROR: LoadError: Some tests did not pass: 2268 passed, 1 failed, 0 errored, 0 broken.
in expression starting at /root/.julia/packages/AdvancedHMC/1ngch/test/runtests.jl:3
ERROR: Package AdvancedHMC errored during testing
Stacktrace:
 [1] pkgerror(::String, ::Vararg{String,N} where N) at /buildworker/worker/package_linux64/build/usr/share/julia/stdlib/v1.2/Pkg/src/Types.jl:112
 [2] #test#119(::Bool, ::Nothing, ::typeof(Pkg.Operations.test), ::Pkg.Types.Context, ::Array{Pkg.Types.PackageSpec,1}) at /buildworker/worker/package_linux64/build/usr/share/julia/stdlib/v1.2/Pkg/src/Operations.jl:1288
 [3] #test at ./none:0 [inlined]
 [4] #test#62(::Bool, ::Nothing, ::Base.Iterators.Pairs{Union{},Union{},Tuple{},NamedTuple{(),Tuple{}}}, ::typeof(Pkg.API.test), ::Pkg.Types.Context, ::Array{Pkg.Types.PackageSpec,1}) at /buildworker/worker/package_linux64/build/usr/share/julia/stdlib/v1.2/Pkg/src/API.jl:245
 [5] test at /buildworker/worker/package_linux64/build/usr/share/julia/stdlib/v1.2/Pkg/src/API.jl:233 [inlined]
 [6] #test#61 at /buildworker/worker/package_linux64/build/usr/share/julia/stdlib/v1.2/Pkg/src/API.jl:230 [inlined]
 [7] test at /buildworker/worker/package_linux64/build/usr/share/julia/stdlib/v1.2/Pkg/src/API.jl:230 [inlined]
 [8] #test#60 at /buildworker/worker/package_linux64/build/usr/share/julia/stdlib/v1.2/Pkg/src/API.jl:229 [inlined]
 [9] test at /buildworker/worker/package_linux64/build/usr/share/julia/stdlib/v1.2/Pkg/src/API.jl:229 [inlined]
 [10] #test#59(::Base.Iterators.Pairs{Union{},Union{},Tuple{},NamedTuple{(),Tuple{}}}, ::typeof(Pkg.API.test), ::String) at /buildworker/worker/package_linux64/build/usr/share/julia/stdlib/v1.2/Pkg/src/API.jl:228
 [11] test(::String) at /buildworker/worker/package_linux64/build/usr/share/julia/stdlib/v1.2/Pkg/src/API.jl:228
 [12] top-level scope at none:10
