 Resolving package versions...
 Installed SortingAlgorithms ── v0.3.1
 Installed Compat ───────────── v3.0.0
 Installed Arpack ───────────── v0.3.1
 Installed POMDPModelTools ──── v0.2.0
 Installed QuadGK ───────────── v2.1.1
 Installed DataStructures ───── v0.17.6
 Installed StaticArrays ─────── v0.12.1
 Installed BinaryProvider ───── v0.5.8
 Installed Missings ─────────── v0.4.3
 Installed StatsFuns ────────── v0.8.0
 Installed OrderedCollections ─ v1.1.0
 Installed SpecialFunctions ─── v0.9.0
 Installed Rmath ────────────── v0.6.0
 Installed MacroTools ───────── v0.5.1
 Installed NamedTupleTools ──── v0.12.0
 Installed Distributions ────── v0.19.2
 Installed DataAPI ──────────── v1.1.0
 Installed LightGraphs ──────── v1.3.0
 Installed CSTParser ────────── v1.1.0
 Installed SimpleTraits ─────── v0.9.1
 Installed OpenSpecFun_jll ──── v0.5.3+1
 Installed ArnoldiMethod ────── v0.0.4
 Installed Inflate ──────────── v0.1.1
 Installed UnicodePlots ─────── v1.1.0
 Installed POMDPs ───────────── v0.8.1
 Installed PDMats ───────────── v0.9.10
 Installed StatsBase ────────── v0.32.0
 Installed Tokenize ─────────── v0.5.7
  Updating `~/.julia/environments/v1.3/Project.toml`
  [08074719] + POMDPModelTools v0.2.0
  Updating `~/.julia/environments/v1.3/Manifest.toml`
  [ec485272] + ArnoldiMethod v0.0.4
  [7d9fca2a] + Arpack v0.3.1
  [b99e7846] + BinaryProvider v0.5.8
  [00ebfdb7] + CSTParser v1.1.0
  [34da2185] + Compat v3.0.0
  [9a962f9c] + DataAPI v1.1.0
  [864edb3b] + DataStructures v0.17.6
  [31c24e10] + Distributions v0.19.2
  [d25df0c9] + Inflate v0.1.1
  [093fc24a] + LightGraphs v1.3.0
  [1914dd2f] + MacroTools v0.5.1
  [e1d29d7a] + Missings v0.4.3
  [d9ec5142] + NamedTupleTools v0.12.0
  [efe28fd5] + OpenSpecFun_jll v0.5.3+1
  [bac558e1] + OrderedCollections v1.1.0
  [90014a1f] + PDMats v0.9.10
  [08074719] + POMDPModelTools v0.2.0
  [a93abf59] + POMDPs v0.8.1
  [1fd47b50] + QuadGK v2.1.1
  [79098fc4] + Rmath v0.6.0
  [699a6c99] + SimpleTraits v0.9.1
  [a2af1166] + SortingAlgorithms v0.3.1
  [276daf66] + SpecialFunctions v0.9.0
  [90137ffa] + StaticArrays v0.12.1
  [2913bbd2] + StatsBase v0.32.0
  [4c63d2b9] + StatsFuns v0.8.0
  [0796e94c] + Tokenize v0.5.7
  [b8865327] + UnicodePlots v1.1.0
  [2a0f44e3] + Base64 
  [ade2ca70] + Dates 
  [8bb1440f] + DelimitedFiles 
  [8ba89e20] + Distributed 
  [b77e0a4c] + InteractiveUtils 
  [76f85450] + LibGit2 
  [8f399da3] + Libdl 
  [37e2e46d] + LinearAlgebra 
  [56ddb016] + Logging 
  [d6f4376e] + Markdown 
  [a63ad114] + Mmap 
  [44cfe95a] + Pkg 
  [de0858da] + Printf 
  [3fa0cd96] + REPL 
  [9a3f8284] + Random 
  [ea8e919c] + SHA 
  [9e88b42a] + Serialization 
  [1a1011a3] + SharedArrays 
  [6462fe0b] + Sockets 
  [2f01184e] + SparseArrays 
  [10745b16] + Statistics 
  [4607b0f0] + SuiteSparse 
  [8dfed614] + Test 
  [cf7118a7] + UUIDs 
  [4ec0a83e] + Unicode 
  Building Arpack → `~/.julia/packages/Arpack/cu5By/deps/build.log`
  Building Rmath ─→ `~/.julia/packages/Rmath/BoBag/deps/build.log`
   Testing POMDPModelTools
 Resolving package versions...
 Installed Parsers ───────────────────── v0.3.10
 Installed BeliefUpdaters ────────────── v0.1.2
 Installed ProgressMeter ─────────────── v1.2.0
 Installed POMDPSimulators ───────────── v0.3.1
 Installed POMDPPolicies ─────────────── v0.2.1
 Installed POMDPModels ───────────────── v0.4.0
 Installed CategoricalArrays ─────────── v0.7.3
 Installed Compose ───────────────────── v0.7.3
 Installed IterTools ─────────────────── v1.3.0
 Installed FixedPointNumbers ─────────── v0.6.1
 Installed Parameters ────────────────── v0.12.0
 Installed ColorTypes ────────────────── v0.8.0
 Installed Tables ────────────────────── v0.2.11
 Installed TableTraits ───────────────── v1.0.0
 Installed JSON ──────────────────────── v0.21.0
 Installed DataValueInterfaces ───────── v1.0.0
 Installed Measures ──────────────────── v0.3.0
 Installed Requires ──────────────────── v0.5.2
 Installed IteratorInterfaceExtensions ─ v1.0.0
 Installed Colors ────────────────────── v0.9.6
 Installed PooledArrays ──────────────── v0.5.2
 Installed DataFrames ────────────────── v0.18.4
 Installed Reexport ──────────────────── v0.2.0
 Installed ColorSchemes ──────────────── v3.5.0
    Status `/tmp/jl_MtbXlh/Manifest.toml`
  [ec485272] ArnoldiMethod v0.0.4
  [7d9fca2a] Arpack v0.3.1
  [8bb6e9a1] BeliefUpdaters v0.1.2
  [b99e7846] BinaryProvider v0.5.8
  [00ebfdb7] CSTParser v1.1.0
  [324d7699] CategoricalArrays v0.7.3
  [35d6a980] ColorSchemes v3.5.0
  [3da002f7] ColorTypes v0.8.0
  [5ae59095] Colors v0.9.6
  [34da2185] Compat v3.0.0
  [a81c6b42] Compose v0.7.3
  [9a962f9c] DataAPI v1.1.0
  [a93c6f00] DataFrames v0.18.4
  [864edb3b] DataStructures v0.17.6
  [e2d170a0] DataValueInterfaces v1.0.0
  [31c24e10] Distributions v0.19.2
  [53c48c17] FixedPointNumbers v0.6.1
  [d25df0c9] Inflate v0.1.1
  [c8e1da08] IterTools v1.3.0
  [82899510] IteratorInterfaceExtensions v1.0.0
  [682c06a0] JSON v0.21.0
  [093fc24a] LightGraphs v1.3.0
  [1914dd2f] MacroTools v0.5.1
  [442fdcdd] Measures v0.3.0
  [e1d29d7a] Missings v0.4.3
  [d9ec5142] NamedTupleTools v0.12.0
  [efe28fd5] OpenSpecFun_jll v0.5.3+1
  [bac558e1] OrderedCollections v1.1.0
  [90014a1f] PDMats v0.9.10
  [08074719] POMDPModelTools v0.2.0
  [355abbd5] POMDPModels v0.4.0
  [182e52fb] POMDPPolicies v0.2.1
  [e0d0a172] POMDPSimulators v0.3.1
  [a93abf59] POMDPs v0.8.1
  [d96e819e] Parameters v0.12.0
  [69de0a69] Parsers v0.3.10
  [2dfb63ee] PooledArrays v0.5.2
  [92933f4c] ProgressMeter v1.2.0
  [1fd47b50] QuadGK v2.1.1
  [189a3867] Reexport v0.2.0
  [ae029012] Requires v0.5.2
  [79098fc4] Rmath v0.6.0
  [699a6c99] SimpleTraits v0.9.1
  [a2af1166] SortingAlgorithms v0.3.1
  [276daf66] SpecialFunctions v0.9.0
  [90137ffa] StaticArrays v0.12.1
  [2913bbd2] StatsBase v0.32.0
  [4c63d2b9] StatsFuns v0.8.0
  [3783bdb8] TableTraits v1.0.0
  [bd369af6] Tables v0.2.11
  [0796e94c] Tokenize v0.5.7
  [b8865327] UnicodePlots v1.1.0
  [2a0f44e3] Base64  [`@stdlib/Base64`]
  [ade2ca70] Dates  [`@stdlib/Dates`]
  [8bb1440f] DelimitedFiles  [`@stdlib/DelimitedFiles`]
  [8ba89e20] Distributed  [`@stdlib/Distributed`]
  [9fa8497b] Future  [`@stdlib/Future`]
  [b77e0a4c] InteractiveUtils  [`@stdlib/InteractiveUtils`]
  [76f85450] LibGit2  [`@stdlib/LibGit2`]
  [8f399da3] Libdl  [`@stdlib/Libdl`]
  [37e2e46d] LinearAlgebra  [`@stdlib/LinearAlgebra`]
  [56ddb016] Logging  [`@stdlib/Logging`]
  [d6f4376e] Markdown  [`@stdlib/Markdown`]
  [a63ad114] Mmap  [`@stdlib/Mmap`]
  [44cfe95a] Pkg  [`@stdlib/Pkg`]
  [de0858da] Printf  [`@stdlib/Printf`]
  [3fa0cd96] REPL  [`@stdlib/REPL`]
  [9a3f8284] Random  [`@stdlib/Random`]
  [ea8e919c] SHA  [`@stdlib/SHA`]
  [9e88b42a] Serialization  [`@stdlib/Serialization`]
  [1a1011a3] SharedArrays  [`@stdlib/SharedArrays`]
  [6462fe0b] Sockets  [`@stdlib/Sockets`]
  [2f01184e] SparseArrays  [`@stdlib/SparseArrays`]
  [10745b16] Statistics  [`@stdlib/Statistics`]
  [4607b0f0] SuiteSparse  [`@stdlib/SuiteSparse`]
  [8dfed614] Test  [`@stdlib/Test`]
  [cf7118a7] UUIDs  [`@stdlib/UUIDs`]
  [4ec0a83e] Unicode  [`@stdlib/Unicode`]
┌ Warning: `lgamma(x::Real)` is deprecated, use `(logabsgamma(x))[1]` instead.
│   caller = lstirling_asym(::BigFloat) at misc.jl:56
└ @ StatsFuns ~/.julia/packages/StatsFuns/2QE7p/src/misc.jl:56
WARNING: Compat.Markdown is deprecated, use Markdown instead.
  likely near /root/.julia/packages/MacroTools/ys44U/src/MacroTools.jl:4
WARNING: Compat.Random is deprecated, use Random instead.
  likely near /root/.julia/packages/MacroTools/ys44U/src/MacroTools.jl:35
WARNING: Compat.Statistics is deprecated, use Statistics instead.
  likely near /root/.julia/packages/CategoricalArrays/U3LvJ/src/extras.jl:1
  0.398924 seconds (327.08 k allocations: 9.395 MiB, 6.89% gc time)
   Cloning registry from "https://github.com/JuliaPOMDP/Registry"
[?25l    Fetching: [>                                        ]  0.0 %[2K[?25hvisolve: Error During Test at /root/.julia/packages/POMDPModelTools/p5dFB/test/runtests.jl:53
  Got exception outside of a @test
  SystemError (with /root/.julia/registries/JuliaPOMDP): mkdir: Read-only file system
  Stacktrace:
   [1] #systemerror#44(::String, ::typeof(systemerror), ::Symbol, ::Bool) at ./error.jl:134
   [2] #systemerror at ./none:0 [inlined]
   [3] #mkdir#7(::UInt16, ::typeof(mkdir), ::String) at ./file.jl:175
   [4] mkdir at ./file.jl:170 [inlined]
   [5] #cptree#11(::Bool, ::Bool, ::typeof(Base.Filesystem.cptree), ::String, ::String) at ./file.jl:311
   [6] #cptree at ./none:0 [inlined]
   [7] #cp#12(::Bool, ::Bool, ::typeof(cp), ::String, ::String) at ./file.jl:342
   [8] cp at ./file.jl:338 [inlined]
   [9] #add_registry#24(::String, ::typeof(POMDPs.add_registry)) at /root/.julia/packages/POMDPs/XDCTo/src/utils.jl:43
   [10] add_registry() at /root/.julia/packages/POMDPs/XDCTo/src/utils.jl:20
   [11] top-level scope at /root/.julia/packages/POMDPModelTools/p5dFB/test/runtests.jl:54
   [12] top-level scope at /buildworker/worker/package_linux64/build/usr/share/julia/stdlib/v1.3/Test/src/Test.jl:1107
   [13] top-level scope at /root/.julia/packages/POMDPModelTools/p5dFB/test/runtests.jl:54
   [14] top-level scope at /buildworker/worker/package_linux64/build/usr/share/julia/stdlib/v1.3/Test/src/Test.jl:1107
   [15] top-level scope at /root/.julia/packages/POMDPModelTools/p5dFB/test/runtests.jl:14
   [16] include at ./boot.jl:328 [inlined]
   [17] include_relative(::Module, ::String) at ./loading.jl:1105
   [18] include(::Module, ::String) at ./Base.jl:31
   [19] include(::String) at ./client.jl:424
   [20] top-level scope at none:6
   [21] eval(::Module, ::Any) at ./boot.jl:330
   [22] exec_options(::Base.JLOptions) at ./client.jl:263
   [23] _start() at ./client.jl:460
  
┌ Warning: No implementation of POMDPModelTools.render(m::BabyPOMDP(-5.0, -10.0, 0.1, 0.8, 0.1, 0.9), step) found. Falling back to text default.
└ @ POMDPModelTools ~/.julia/packages/POMDPModelTools/p5dFB/src/visualization.jl:31
"s: false\na: false\no: false\n\nPlease implement POMDPModelTools.render(m::BabyPOMDP, step) to enable visualization.\n\n"INFO: POMDPs.jl requirements for (SparseTabularMDP, Tuple{MDP}) and dependencies. ([✔] = implemented correctly; [X] = not implemented; [?] = could not determine)

For (SparseTabularMDP, Tuple{MDP}):
  [✔] discount(::TabularMDP)
  [✔] transition(::TabularMDP, ::Int64, ::Int64)
  [✔] reward(::TabularMDP, ::Int64, ::Int64, ::Int64)
  [✔] stateindex(::TabularMDP, ::Int64)
  [✔] actionindex(::TabularMDP, ::Int64)
  [✔] actions(::TabularMDP, ::Int64)
  [✔] length(::UnitRange{Int64})
  [✔] support(::DiscreteDistribution{SubArray{Float64,1,Array{Float64,3},Tuple{Base.Slice{Base.OneTo{Int64}},Int64,Int64},true}})
  [✔] pdf(::DiscreteDistribution{SubArray{Float64,1,Array{Float64,3},Tuple{Base.Slice{Base.OneTo{Int64}},Int64,Int64},true}}, ::Int64)
For ordered_states(::Union{MDP,POMDP}) (in (SparseTabularMDP, Tuple{MDP})):
  [✔] states(::TabularMDP)
For ordered_actions(::Union{MDP,POMDP}) (in (SparseTabularMDP, Tuple{MDP})):
  [✔] actions(::TabularMDP)
┌ Warning: `n_actions(m)` is deprecated, use `length(actions(m))` instead.
│   caller = transition_matrix_a_s_sp(::TabularMDP) at sparse_tabular.jl:166
└ @ POMDPModelTools ~/.julia/packages/POMDPModelTools/p5dFB/src/sparse_tabular.jl:166
┌ Warning: `n_actions(m)` is deprecated, use `length(actions(m))` instead.
│   caller = transition_matrix_a_s_sp(::TabularMDP) at sparse_tabular.jl:167
└ @ POMDPModelTools ~/.julia/packages/POMDPModelTools/p5dFB/src/sparse_tabular.jl:167
┌ Warning: `n_actions(m)` is deprecated, use `length(actions(m))` instead.
│   caller = transition_matrix_a_s_sp(::TabularMDP) at sparse_tabular.jl:168
└ @ POMDPModelTools ~/.julia/packages/POMDPModelTools/p5dFB/src/sparse_tabular.jl:168
┌ Warning: `n_actions(m)` is deprecated, use `length(actions(m))` instead.
│   caller = transition_matrix_a_s_sp(::SimpleGridWorld) at sparse_tabular.jl:166
└ @ POMDPModelTools ~/.julia/packages/POMDPModelTools/p5dFB/src/sparse_tabular.jl:166
┌ Warning: `n_actions(m)` is deprecated, use `length(actions(m))` instead.
│   caller = transition_matrix_a_s_sp(::SimpleGridWorld) at sparse_tabular.jl:167
└ @ POMDPModelTools ~/.julia/packages/POMDPModelTools/p5dFB/src/sparse_tabular.jl:167
┌ Warning: `n_actions(m)` is deprecated, use `length(actions(m))` instead.
│   caller = transition_matrix_a_s_sp(::SimpleGridWorld) at sparse_tabular.jl:168
└ @ POMDPModelTools ~/.julia/packages/POMDPModelTools/p5dFB/src/sparse_tabular.jl:168
INFO: POMDPs.jl requirements for (SparseTabularPOMDP, Tuple{POMDP}) and dependencies. ([✔] = implemented correctly; [X] = not implemented; [?] = could not determine)

For (SparseTabularPOMDP, Tuple{POMDP}):
  [✔] discount(::TigerPOMDP)
  [✔] transition(::TigerPOMDP, ::Bool, ::Int64)
  [✔] reward(::TigerPOMDP, ::Bool, ::Int64, ::Bool)
  [✔] observation(::TigerPOMDP, ::Int64, ::Bool)
  [✔] stateindex(::TigerPOMDP, ::Bool)
  [✔] actionindex(::TigerPOMDP, ::Int64)
  [✔] actions(::TigerPOMDP, ::Bool)
  [✔] observations(::TigerPOMDP)
  [✔] obsindex(::TigerPOMDP, ::Bool)
  [✔] length(::Array{Int641})
  [✔] length(::Tuple{BoolBool})
  [✔] support(::BoolDistribution)
  [✔] pdf(::BoolDistribution, ::Bool)
For ordered_states(::Union{MDP,POMDP}) (in (SparseTabularPOMDP, Tuple{POMDP})):
  [✔] states(::TigerPOMDP)
For ordered_actions(::Union{MDP,POMDP}) (in (SparseTabularPOMDP, Tuple{POMDP})):
  [✔] actions(::TigerPOMDP)
For ordered_observations(::Union{MDP,POMDP}) (in (SparseTabularPOMDP, Tuple{POMDP})):
  [No additional requirements]
┌ Warning: `n_actions(m)` is deprecated, use `length(actions(m))` instead.
│   caller = transition_matrix_a_s_sp(::TigerPOMDP) at sparse_tabular.jl:166
└ @ POMDPModelTools ~/.julia/packages/POMDPModelTools/p5dFB/src/sparse_tabular.jl:166
┌ Warning: `n_actions(m)` is deprecated, use `length(actions(m))` instead.
│   caller = transition_matrix_a_s_sp(::TigerPOMDP) at sparse_tabular.jl:167
└ @ POMDPModelTools ~/.julia/packages/POMDPModelTools/p5dFB/src/sparse_tabular.jl:167
┌ Warning: `n_actions(m)` is deprecated, use `length(actions(m))` instead.
│   caller = transition_matrix_a_s_sp(::TigerPOMDP) at sparse_tabular.jl:168
└ @ POMDPModelTools ~/.julia/packages/POMDPModelTools/p5dFB/src/sparse_tabular.jl:168
Test Summary:     |  Pass  Error  Total
POMDPModelTools   | 40180      1  40181
  ordered         |     4             4
  genbeliefmdp    |               No tests
  implement       |     2             2
  weightediter    |     1             1
  sparsecat       |    18            18
  bool            |     7             7
  deterministic   |    20            20
  uniform         |    41            41
  terminalstate   |     4             4
  info            |     5             5
  obsweight       |     8             8
  visolve         |            1      1
  vis             |               No tests
  evaluation      |     4             4
  pretty printing |     3             3
  sparse tabular  | 40063         40063
ERROR: LoadError: Some tests did not pass: 40180 passed, 0 failed, 1 errored, 0 broken.
in expression starting at /root/.julia/packages/POMDPModelTools/p5dFB/test/runtests.jl:13
ERROR: Package POMDPModelTools errored during testing
Stacktrace:
 [1] pkgerror(::String, ::Vararg{String,N} where N) at /buildworker/worker/package_linux64/build/usr/share/julia/stdlib/v1.3/Pkg/src/Types.jl:113
 [2] #test#131(::Bool, ::Nothing, ::Cmd, ::Cmd, ::typeof(Pkg.Operations.test), ::Pkg.Types.Context, ::Array{Pkg.Types.PackageSpec,1}) at /buildworker/worker/package_linux64/build/usr/share/julia/stdlib/v1.3/Pkg/src/Operations.jl:1370
 [3] #test at ./none:0 [inlined]
 [4] #test#62(::Bool, ::Nothing, ::Cmd, ::Cmd, ::Base.Iterators.Pairs{Union{},Union{},Tuple{},NamedTuple{(),Tuple{}}}, ::typeof(Pkg.API.test), ::Pkg.Types.Context, ::Array{Pkg.Types.PackageSpec,1}) at /buildworker/worker/package_linux64/build/usr/share/julia/stdlib/v1.3/Pkg/src/API.jl:253
 [5] test(::Pkg.Types.Context, ::Array{Pkg.Types.PackageSpec,1}) at /buildworker/worker/package_linux64/build/usr/share/julia/stdlib/v1.3/Pkg/src/API.jl:239
 [6] #test#61 at /buildworker/worker/package_linux64/build/usr/share/julia/stdlib/v1.3/Pkg/src/API.jl:233 [inlined]
 [7] test at /buildworker/worker/package_linux64/build/usr/share/julia/stdlib/v1.3/Pkg/src/API.jl:233 [inlined]
 [8] #test#60 at /buildworker/worker/package_linux64/build/usr/share/julia/stdlib/v1.3/Pkg/src/API.jl:232 [inlined]
 [9] test at /buildworker/worker/package_linux64/build/usr/share/julia/stdlib/v1.3/Pkg/src/API.jl:232 [inlined]
 [10] #test#59(::Base.Iterators.Pairs{Union{},Union{},Tuple{},NamedTuple{(),Tuple{}}}, ::typeof(Pkg.API.test), ::String) at /buildworker/worker/package_linux64/build/usr/share/julia/stdlib/v1.3/Pkg/src/API.jl:231
 [11] test(::String) at /buildworker/worker/package_linux64/build/usr/share/julia/stdlib/v1.3/Pkg/src/API.jl:231
 [12] top-level scope at none:10
