 Resolving package versions...
 Installed DataAPI ───────────────────── v1.1.0
 Installed Missings ──────────────────── v0.4.3
 Installed YAML ──────────────────────── v0.3.2
 Installed TableTraits ───────────────── v1.0.0
 Installed DeIdentification ──────────── v0.8.0
 Installed Memento ───────────────────── v0.12.1
 Installed DataFrames ────────────────── v0.19.4
 Installed BinaryProvider ────────────── v0.5.8
 Installed Reexport ──────────────────── v0.2.0
 Installed PooledArrays ──────────────── v0.5.2
 Installed CSV ───────────────────────── v0.5.18
 Installed InvertedIndices ───────────── v1.0.0
 Installed ArrayLayouts ──────────────── v0.1.5
 Installed Compat ────────────────────── v2.2.0
 Installed Codecs ────────────────────── v0.5.0
 Installed DataValueInterfaces ───────── v1.0.0
 Installed FilePathsBase ─────────────── v0.7.0
 Installed Tables ────────────────────── v0.2.11
 Installed OrderedCollections ────────── v1.1.0
 Installed WeakRefStrings ────────────── v0.6.1
 Installed FillArrays ────────────────── v0.8.2
 Installed Parsers ───────────────────── v0.3.10
 Installed DataStructures ────────────── v0.17.6
 Installed Mocking ───────────────────── v0.7.0
 Installed JSON ──────────────────────── v0.21.0
 Installed IteratorInterfaceExtensions ─ v1.0.0
 Installed StaticArrays ──────────────── v0.12.1
 Installed TimeZones ─────────────────── v0.10.3
 Installed SortingAlgorithms ─────────── v0.3.1
 Installed EzXML ─────────────────────── v0.9.5
 Installed LazyArrays ────────────────── v0.14.10
 Installed CategoricalArrays ─────────── v0.7.3
 Installed Glob ──────────────────────── v1.2.0
 Installed MacroTools ────────────────── v0.5.2
 Installed Syslogs ───────────────────── v0.3.0
  Updating `~/.julia/environments/v1.2/Project.toml`
  [b905b068] + DeIdentification v0.8.0
  Updating `~/.julia/environments/v1.2/Manifest.toml`
  [4c555306] + ArrayLayouts v0.1.5
  [b99e7846] + BinaryProvider v0.5.8
  [336ed68f] + CSV v0.5.18
  [324d7699] + CategoricalArrays v0.7.3
  [19ecbf4d] + Codecs v0.5.0
  [34da2185] + Compat v2.2.0
  [9a962f9c] + DataAPI v1.1.0
  [a93c6f00] + DataFrames v0.19.4
  [864edb3b] + DataStructures v0.17.6
  [e2d170a0] + DataValueInterfaces v1.0.0
  [b905b068] + DeIdentification v0.8.0
  [8f5d6c58] + EzXML v0.9.5
  [48062228] + FilePathsBase v0.7.0
  [1a297f60] + FillArrays v0.8.2
  [c27321d9] + Glob v1.2.0
  [41ab1584] + InvertedIndices v1.0.0
  [82899510] + IteratorInterfaceExtensions v1.0.0
  [682c06a0] + JSON v0.21.0
  [5078a376] + LazyArrays v0.14.10
  [1914dd2f] + MacroTools v0.5.2
  [f28f55f0] + Memento v0.12.1
  [e1d29d7a] + Missings v0.4.3
  [78c3b35d] + Mocking v0.7.0
  [bac558e1] + OrderedCollections v1.1.0
  [69de0a69] + Parsers v0.3.10
  [2dfb63ee] + PooledArrays v0.5.2
  [189a3867] + Reexport v0.2.0
  [a2af1166] + SortingAlgorithms v0.3.1
  [90137ffa] + StaticArrays v0.12.1
  [cea106d9] + Syslogs v0.3.0
  [3783bdb8] + TableTraits v1.0.0
  [bd369af6] + Tables v0.2.11
  [f269a46b] + TimeZones v0.10.3
  [ea10d353] + WeakRefStrings v0.6.1
  [ddb6d928] + YAML v0.3.2
  [2a0f44e3] + Base64 
  [ade2ca70] + Dates 
  [8bb1440f] + DelimitedFiles 
  [8ba89e20] + Distributed 
  [9fa8497b] + Future 
  [b77e0a4c] + InteractiveUtils 
  [76f85450] + LibGit2 
  [8f399da3] + Libdl 
  [37e2e46d] + LinearAlgebra 
  [56ddb016] + Logging 
  [d6f4376e] + Markdown 
  [a63ad114] + Mmap 
  [44cfe95a] + Pkg 
  [de0858da] + Printf 
  [3fa0cd96] + REPL 
  [9a3f8284] + Random 
  [ea8e919c] + SHA 
  [9e88b42a] + Serialization 
  [1a1011a3] + SharedArrays 
  [6462fe0b] + Sockets 
  [2f01184e] + SparseArrays 
  [10745b16] + Statistics 
  [8dfed614] + Test 
  [cf7118a7] + UUIDs 
  [4ec0a83e] + Unicode 
  Building EzXML ────→ `~/.julia/packages/EzXML/QtGgF/deps/build.log`
  Building TimeZones → `~/.julia/packages/TimeZones/pjvlM/deps/build.log`
   Testing DeIdentification
 Resolving package versions...
    Status `/tmp/jl_nLhye1/Manifest.toml`
  [4c555306] ArrayLayouts v0.1.5
  [b99e7846] BinaryProvider v0.5.8
  [336ed68f] CSV v0.5.18
  [324d7699] CategoricalArrays v0.7.3
  [19ecbf4d] Codecs v0.5.0
  [34da2185] Compat v2.2.0
  [9a962f9c] DataAPI v1.1.0
  [a93c6f00] DataFrames v0.19.4
  [864edb3b] DataStructures v0.17.6
  [e2d170a0] DataValueInterfaces v1.0.0
  [b905b068] DeIdentification v0.8.0
  [8f5d6c58] EzXML v0.9.5
  [48062228] FilePathsBase v0.7.0
  [1a297f60] FillArrays v0.8.2
  [c27321d9] Glob v1.2.0
  [41ab1584] InvertedIndices v1.0.0
  [82899510] IteratorInterfaceExtensions v1.0.0
  [682c06a0] JSON v0.21.0
  [5078a376] LazyArrays v0.14.10
  [1914dd2f] MacroTools v0.5.2
  [f28f55f0] Memento v0.12.1
  [e1d29d7a] Missings v0.4.3
  [78c3b35d] Mocking v0.7.0
  [bac558e1] OrderedCollections v1.1.0
  [69de0a69] Parsers v0.3.10
  [2dfb63ee] PooledArrays v0.5.2
  [189a3867] Reexport v0.2.0
  [a2af1166] SortingAlgorithms v0.3.1
  [90137ffa] StaticArrays v0.12.1
  [cea106d9] Syslogs v0.3.0
  [3783bdb8] TableTraits v1.0.0
  [bd369af6] Tables v0.2.11
  [f269a46b] TimeZones v0.10.3
  [ea10d353] WeakRefStrings v0.6.1
  [ddb6d928] YAML v0.3.2
  [2a0f44e3] Base64  [`@stdlib/Base64`]
  [ade2ca70] Dates  [`@stdlib/Dates`]
  [8bb1440f] DelimitedFiles  [`@stdlib/DelimitedFiles`]
  [8ba89e20] Distributed  [`@stdlib/Distributed`]
  [9fa8497b] Future  [`@stdlib/Future`]
  [b77e0a4c] InteractiveUtils  [`@stdlib/InteractiveUtils`]
  [76f85450] LibGit2  [`@stdlib/LibGit2`]
  [8f399da3] Libdl  [`@stdlib/Libdl`]
  [37e2e46d] LinearAlgebra  [`@stdlib/LinearAlgebra`]
  [56ddb016] Logging  [`@stdlib/Logging`]
  [d6f4376e] Markdown  [`@stdlib/Markdown`]
  [a63ad114] Mmap  [`@stdlib/Mmap`]
  [44cfe95a] Pkg  [`@stdlib/Pkg`]
  [de0858da] Printf  [`@stdlib/Printf`]
  [3fa0cd96] REPL  [`@stdlib/REPL`]
  [9a3f8284] Random  [`@stdlib/Random`]
  [ea8e919c] SHA  [`@stdlib/SHA`]
  [9e88b42a] Serialization  [`@stdlib/Serialization`]
  [1a1011a3] SharedArrays  [`@stdlib/SharedArrays`]
  [6462fe0b] Sockets  [`@stdlib/Sockets`]
  [2f01184e] SparseArrays  [`@stdlib/SparseArrays`]
  [10745b16] Statistics  [`@stdlib/Statistics`]
  [8dfed614] Test  [`@stdlib/Test`]
  [cf7118a7] UUIDs  [`@stdlib/UUIDs`]
  [4ec0a83e] Unicode  [`@stdlib/Unicode`]
Test Summary:   | Pass  Total
config creation |    3      3
Test Summary:          | Pass  Total
create config from csv |    2      2
Test Summary:  | Pass  Total
rid generation |    2      2
[info | deidentify]: 2019-12-03T00:25:38.158 Logging session for project ehr
[info | deidentify]: 2019-12-03T00:25:38.979 Setting seed for project ehr
[info | deidentify]: 2019-12-03T00:25:38.98 ====================== Processing dx ======================
[info | deidentify]: 2019-12-03T00:25:38.98 Reading data from ./data/dx.csv
[info | deidentify]: 2019-12-03T00:25:53.961 Renaming file columns
[info | deidentify]: 2019-12-03T00:25:54.002 Checking for primary column
[info | deidentify]: 2019-12-03T00:25:55.138 ====================== Processing dx_custom_dates ======================
[info | deidentify]: 2019-12-03T00:25:55.138 Reading data from ./data/dx_different_date_format.csv
[info | deidentify]: 2019-12-03T00:26:04.963 Renaming file columns
[info | deidentify]: 2019-12-03T00:26:04.963 Checking for primary column
[info | deidentify]: 2019-12-03T00:26:04.971 ====================== Processing dx_messy_dates ======================
[info | deidentify]: 2019-12-03T00:26:04.972 Reading data from ./data/dx_messy_dates.csv
[info | deidentify]: 2019-12-03T00:26:05.62 Renaming file columns
[info | deidentify]: 2019-12-03T00:26:05.622 Checking for primary column
┌ Warning: Could not date shift non-date value NULL
└ @ DeIdentification ~/.julia/packages/DeIdentification/JjCZK/src/de_identify.jl:183
┌ Warning: Could not date shift non-date value NULL
└ @ DeIdentification ~/.julia/packages/DeIdentification/JjCZK/src/de_identify.jl:183
┌ Warning: Could not date shift non-date value NULL
└ @ DeIdentification ~/.julia/packages/DeIdentification/JjCZK/src/de_identify.jl:183
┌ Warning: Could not date shift non-date value NULL
└ @ DeIdentification ~/.julia/packages/DeIdentification/JjCZK/src/de_identify.jl:183
┌ Warning: Could not date shift non-date value NULL
└ @ DeIdentification ~/.julia/packages/DeIdentification/JjCZK/src/de_identify.jl:183
┌ Warning: Could not date shift non-date value NULL
└ @ DeIdentification ~/.julia/packages/DeIdentification/JjCZK/src/de_identify.jl:183
┌ Warning: Could not date shift non-date value NULL
└ @ DeIdentification ~/.julia/packages/DeIdentification/JjCZK/src/de_identify.jl:183
┌ Warning: Could not date shift non-date value NULL
└ @ DeIdentification ~/.julia/packages/DeIdentification/JjCZK/src/de_identify.jl:183
┌ Warning: Could not date shift non-date value NULL
└ @ DeIdentification ~/.julia/packages/DeIdentification/JjCZK/src/de_identify.jl:183
┌ Warning: Could not date shift non-date value NULL
└ @ DeIdentification ~/.julia/packages/DeIdentification/JjCZK/src/de_identify.jl:183
┌ Warning: Could not date shift non-date value WIKKA
└ @ DeIdentification ~/.julia/packages/DeIdentification/JjCZK/src/de_identify.jl:183
[info | deidentify]: 2019-12-03T00:26:08.337 ====================== Processing pat ======================
[info | deidentify]: 2019-12-03T00:26:08.337 Reading data from ./data/pat.csv
[info | deidentify]: 2019-12-03T00:26:08.359 Renaming file columns
[info | deidentify]: 2019-12-03T00:26:08.359 Checking for primary column
[info | deidentify]: 2019-12-03T00:26:08.59 ====================== Processing med ======================
[info | deidentify]: 2019-12-03T00:26:08.59 Reading data from ./data/med.csv
[info | deidentify]: 2019-12-03T00:26:09.062 Renaming file columns
[info | deidentify]: 2019-12-03T00:26:09.063 Checking for primary column
[info | deidentify]: 2019-12-03T00:26:09.068 Writing ID dictionaries to ./output/id_dicts_20191203002609.json
[info | deidentify]: 2019-12-03T00:26:09.372 Writing dateshift values to ./output/dateshifts_20191203002609.json
[info | deidentify]: 2019-12-03T00:26:09.628 Writing salt values to ./output/salts_20191203002609.json
Test Summary:     | Pass  Total
integration tests |   15     15
[info | deidentify]: 2019-12-03T00:26:26.613 Logging session for project ehr
[info | deidentify]: 2019-12-03T00:26:26.613 Setting seed for project ehr
[info | deidentify]: 2019-12-03T00:26:26.613 ====================== Processing dx ======================
[info | deidentify]: 2019-12-03T00:26:26.613 Reading data from ./data/dx.csv
[info | deidentify]: 2019-12-03T00:26:26.616 Renaming file columns
[info | deidentify]: 2019-12-03T00:26:26.616 Checking for primary column
Test Summary:       | Pass  Total
primary identifiter |    1      1
[info | deidentify]: 2019-12-03T00:26:26.888 Logging session for project ehr
[info | deidentify]: 2019-12-03T00:26:26.888 Setting seed for project ehr
[info | deidentify]: 2019-12-03T00:26:26.889 ====================== Processing dx ======================
[info | deidentify]: 2019-12-03T00:26:26.889 Reading data from ./data/dx.csv
[info | deidentify]: 2019-12-03T00:26:26.891 Renaming file columns
[info | deidentify]: 2019-12-03T00:26:26.892 Checking for primary column
[info | deidentify]: 2019-12-03T00:26:26.901 ====================== Processing dx_custom_dates ======================
[info | deidentify]: 2019-12-03T00:26:26.901 Reading data from ./data/dx_different_date_format.csv
[info | deidentify]: 2019-12-03T00:26:26.904 Renaming file columns
[info | deidentify]: 2019-12-03T00:26:26.904 Checking for primary column
[info | deidentify]: 2019-12-03T00:26:26.913 ====================== Processing dx_messy_dates ======================
[info | deidentify]: 2019-12-03T00:26:26.914 Reading data from ./data/dx_messy_dates.csv
[info | deidentify]: 2019-12-03T00:26:26.916 Renaming file columns
[info | deidentify]: 2019-12-03T00:26:26.916 Checking for primary column
┌ Warning: Could not date shift non-date value NULL
└ @ DeIdentification ~/.julia/packages/DeIdentification/JjCZK/src/de_identify.jl:183
┌ Warning: Could not date shift non-date value NULL
└ @ DeIdentification ~/.julia/packages/DeIdentification/JjCZK/src/de_identify.jl:183
┌ Warning: Could not date shift non-date value NULL
└ @ DeIdentification ~/.julia/packages/DeIdentification/JjCZK/src/de_identify.jl:183
┌ Warning: Could not date shift non-date value NULL
└ @ DeIdentification ~/.julia/packages/DeIdentification/JjCZK/src/de_identify.jl:183
┌ Warning: Could not date shift non-date value NULL
└ @ DeIdentification ~/.julia/packages/DeIdentification/JjCZK/src/de_identify.jl:183
┌ Warning: Could not date shift non-date value NULL
└ @ DeIdentification ~/.julia/packages/DeIdentification/JjCZK/src/de_identify.jl:183
┌ Warning: Could not date shift non-date value NULL
└ @ DeIdentification ~/.julia/packages/DeIdentification/JjCZK/src/de_identify.jl:183
┌ Warning: Could not date shift non-date value NULL
└ @ DeIdentification ~/.julia/packages/DeIdentification/JjCZK/src/de_identify.jl:183
┌ Warning: Could not date shift non-date value NULL
└ @ DeIdentification ~/.julia/packages/DeIdentification/JjCZK/src/de_identify.jl:183
┌ Warning: Could not date shift non-date value NULL
└ @ DeIdentification ~/.julia/packages/DeIdentification/JjCZK/src/de_identify.jl:183
┌ Warning: Could not date shift non-date value WIKKA
└ @ DeIdentification ~/.julia/packages/DeIdentification/JjCZK/src/de_identify.jl:183
[info | deidentify]: 2019-12-03T00:26:26.931 ====================== Processing pat ======================
[info | deidentify]: 2019-12-03T00:26:26.931 Reading data from ./data/pat.csv
[info | deidentify]: 2019-12-03T00:26:26.933 Renaming file columns
[info | deidentify]: 2019-12-03T00:26:26.933 Checking for primary column
[info | deidentify]: 2019-12-03T00:26:27.045 ====================== Processing med ======================
[info | deidentify]: 2019-12-03T00:26:27.045 Reading data from ./data/med.csv
[info | deidentify]: 2019-12-03T00:26:27.046 Renaming file columns
[info | deidentify]: 2019-12-03T00:26:27.047 Checking for primary column
[info | deidentify]: 2019-12-03T00:26:27.05 Writing ID dictionaries to ./output/id_dicts_20191203002627.json
[info | deidentify]: 2019-12-03T00:26:27.051 Writing dateshift values to ./output/dateshifts_20191203002627.json
[info | deidentify]: 2019-12-03T00:26:27.051 Writing salt values to ./output/salts_20191203002627.json
[info | deidentify]: 2019-12-03T00:26:27.051 Logging session for project ehr
[info | deidentify]: 2019-12-03T00:26:27.051 Setting seed for project ehr
[info | deidentify]: 2019-12-03T00:26:27.052 ====================== Processing dx ======================
[info | deidentify]: 2019-12-03T00:26:27.052 Reading data from ./data/dx.csv
[info | deidentify]: 2019-12-03T00:26:27.054 Renaming file columns
[info | deidentify]: 2019-12-03T00:26:27.054 Checking for primary column
[info | deidentify]: 2019-12-03T00:26:27.064 ====================== Processing dx_custom_dates ======================
[info | deidentify]: 2019-12-03T00:26:27.064 Reading data from ./data/dx_different_date_format.csv
[info | deidentify]: 2019-12-03T00:26:27.067 Renaming file columns
[info | deidentify]: 2019-12-03T00:26:27.067 Checking for primary column
┌ Warning: Could not date shift non-date value NULL
└ @ DeIdentification ~/.julia/packages/DeIdentification/JjCZK/src/de_identify.jl:183
┌ Warning: Could not date shift non-date value NULL
└ @ DeIdentification ~/.julia/packages/DeIdentification/JjCZK/src/de_identify.jl:183
┌ Warning: Could not date shift non-date value NULL
└ @ DeIdentification ~/.julia/packages/DeIdentification/JjCZK/src/de_identify.jl:183
[info | deidentify]: 2019-12-03T00:26:27.076 ====================== Processing dx_messy_dates ======================
[info | deidentify]: 2019-12-03T00:26:27.077 Reading data from ./data/dx_messy_dates.csv
[info | deidentify]: 2019-12-03T00:26:27.079 Renaming file columns
[info | deidentify]: 2019-12-03T00:26:27.079 Checking for primary column
┌ Warning: Could not date shift non-date value NULL
└ @ DeIdentification ~/.julia/packages/DeIdentification/JjCZK/src/de_identify.jl:183
┌ Warning: Could not date shift non-date value NULL
└ @ DeIdentification ~/.julia/packages/DeIdentification/JjCZK/src/de_identify.jl:183
┌ Warning: Could not date shift non-date value NULL
└ @ DeIdentification ~/.julia/packages/DeIdentification/JjCZK/src/de_identify.jl:183
┌ Warning: Could not date shift non-date value NULL
└ @ DeIdentification ~/.julia/packages/DeIdentification/JjCZK/src/de_identify.jl:183
┌ Warning: Could not date shift non-date value NULL
└ @ DeIdentification ~/.julia/packages/DeIdentification/JjCZK/src/de_identify.jl:183
┌ Warning: Could not date shift non-date value NULL
└ @ DeIdentification ~/.julia/packages/DeIdentification/JjCZK/src/de_identify.jl:183
┌ Warning: Could not date shift non-date value NULL
└ @ DeIdentification ~/.julia/packages/DeIdentification/JjCZK/src/de_identify.jl:183
┌ Warning: Could not date shift non-date value WIKKA
└ @ DeIdentification ~/.julia/packages/DeIdentification/JjCZK/src/de_identify.jl:183
[info | deidentify]: 2019-12-03T00:26:27.091 ====================== Processing pat ======================
[info | deidentify]: 2019-12-03T00:26:27.091 Reading data from ./data/pat.csv
[info | deidentify]: 2019-12-03T00:26:27.093 Renaming file columns
[info | deidentify]: 2019-12-03T00:26:27.093 Checking for primary column
[info | deidentify]: 2019-12-03T00:26:27.191 ====================== Processing med ======================
[info | deidentify]: 2019-12-03T00:26:27.191 Reading data from ./data/med.csv
[info | deidentify]: 2019-12-03T00:26:27.193 Renaming file columns
[info | deidentify]: 2019-12-03T00:26:27.193 Checking for primary column
[info | deidentify]: 2019-12-03T00:26:27.197 Writing ID dictionaries to ./output/id_dicts_20191203002627.json
[info | deidentify]: 2019-12-03T00:26:27.198 Writing dateshift values to ./output/dateshifts_20191203002627.json
[info | deidentify]: 2019-12-03T00:26:27.198 Writing salt values to ./output/salts_20191203002627.json
[info | deidentify]: 2019-12-03T00:26:27.199 Logging session for project ehr
[info | deidentify]: 2019-12-03T00:26:27.199 Setting seed for project ehr
[info | deidentify]: 2019-12-03T00:26:27.199 ====================== Processing dx ======================
[info | deidentify]: 2019-12-03T00:26:27.2 Reading data from ./data/dx.csv
[info | deidentify]: 2019-12-03T00:26:27.202 Renaming file columns
[info | deidentify]: 2019-12-03T00:26:27.202 Checking for primary column
[info | deidentify]: 2019-12-03T00:26:27.212 ====================== Processing pat ======================
[info | deidentify]: 2019-12-03T00:26:27.212 Reading data from ./data/pat.csv
[info | deidentify]: 2019-12-03T00:26:27.214 Renaming file columns
[info | deidentify]: 2019-12-03T00:26:27.215 Checking for primary column
[info | deidentify]: 2019-12-03T00:26:27.303 ====================== Processing med ======================
[info | deidentify]: 2019-12-03T00:26:27.303 Reading data from ./data/med.csv
[info | deidentify]: 2019-12-03T00:26:27.305 Renaming file columns
[info | deidentify]: 2019-12-03T00:26:27.305 Checking for primary column
[info | deidentify]: 2019-12-03T00:26:27.309 Writing ID dictionaries to ./output/id_dicts_20191203002627.json
[info | deidentify]: 2019-12-03T00:26:27.31 Writing dateshift values to ./output/dateshifts_20191203002627.json
[info | deidentify]: 2019-12-03T00:26:27.31 Writing salt values to ./output/salts_20191203002627.json
Test Summary: | Pass  Total
hash seeding  |    2      2
[info | deidentify]: 2019-12-03T00:26:27.395 Logging session for project ehr
[info | deidentify]: 2019-12-03T00:26:27.395 Setting seed for project ehr
[info | deidentify]: 2019-12-03T00:26:27.395 ====================== Processing dx ======================
[info | deidentify]: 2019-12-03T00:26:27.395 Reading data from ./data/dx.csv
[info | deidentify]: 2019-12-03T00:26:27.398 Renaming file columns
[info | deidentify]: 2019-12-03T00:26:27.398 Checking for primary column
[info | deidentify]: 2019-12-03T00:26:27.408 ====================== Processing pat ======================
[info | deidentify]: 2019-12-03T00:26:27.408 Reading data from ./data/pat.csv
[info | deidentify]: 2019-12-03T00:26:27.41 Renaming file columns
[info | deidentify]: 2019-12-03T00:26:27.411 Checking for primary column
[info | deidentify]: 2019-12-03T00:26:27.525 ====================== Processing med ======================
[info | deidentify]: 2019-12-03T00:26:27.525 Reading data from ./data/med.csv
[info | deidentify]: 2019-12-03T00:26:27.527 Renaming file columns
[info | deidentify]: 2019-12-03T00:26:27.527 Checking for primary column
[info | deidentify]: 2019-12-03T00:26:27.531 Writing ID dictionaries to ./path/to/new/output/id_dicts_20191203002627.json
[info | deidentify]: 2019-12-03T00:26:27.532 Writing dateshift values to ./path/to/new/output/dateshifts_20191203002627.json
[info | deidentify]: 2019-12-03T00:26:27.533 Writing salt values to ./path/to/new/output/salts_20191203002627.json
Test Summary:             | Pass  Total
create output directories |    2      2
   Testing DeIdentification tests passed 
