 Resolving package versions...
 Installed DataAPI ───────────────────── v1.1.0
 Installed CatIndices ────────────────── v0.2.0
 Installed PDMats ────────────────────── v0.9.10
 Installed NMF ───────────────────────── v0.4.0
 Installed TableTraits ───────────────── v1.0.0
 Installed ComputationalResources ────── v0.3.0
 Installed CoupledFields ─────────────── v0.1.0
 Installed OffsetArrays ──────────────── v0.11.2
 Installed NLSolversBase ─────────────── v7.5.0
 Installed Loess ─────────────────────── v0.5.0
 Installed Compat ────────────────────── v2.2.0
 Installed LsqFit ────────────────────── v0.8.1
 Installed SpatialIndexing ───────────── v0.1.2
 Installed ForwardDiff ───────────────── v0.10.7
 Installed Suppressor ────────────────── v0.1.1
 Installed Juno ──────────────────────── v0.7.2
 Installed MappedArrays ──────────────── v0.2.2
 Installed Media ─────────────────────── v0.5.0
 Installed Kriging ───────────────────── v0.5.0
 Installed VersionParsing ────────────── v1.1.3
 Installed ArrayInterface ────────────── v2.0.0
 Installed FFTW ──────────────────────── v1.1.0
 Installed BinDeps ───────────────────── v0.8.10
 Installed Inflate ───────────────────── v0.1.1
 Installed MacroTools ────────────────── v0.5.2
 Installed Missings ──────────────────── v0.4.3
 Installed MetaProgTools ─────────────── v0.6.0
 Installed OptimBase ─────────────────── v2.0.0
 Installed DataFrames ────────────────── v0.19.4
 Installed LineSearches ──────────────── v7.0.1
 Installed Contour ───────────────────── v0.5.1
 Installed JLD2 ──────────────────────── v0.1.9
 Installed DocumentFunction ──────────── v0.6.0
 Installed RobustPmap ────────────────── v0.6.0
 Installed Colors ────────────────────── v0.9.6
 Installed Codecs ────────────────────── v0.5.0
 Installed RangeArrays ───────────────── v0.3.1
 Installed BlackBoxOptim ─────────────── v0.5.0
 Installed Measures ──────────────────── v0.3.0
 Installed ImageMorphology ───────────── v0.2.4
 Installed URIParser ─────────────────── v0.4.0
 Installed StatsFuns ─────────────────── v0.9.0
 Installed ExponentialUtilities ──────── v1.5.1
 Installed Requires ──────────────────── v0.5.2
 Installed DocumenterMarkdown ────────── v0.2.0
 Installed Calculus ──────────────────── v0.5.1
 Installed GenericSVD ────────────────── v0.2.2
 Installed Gadfly ────────────────────── v1.0.1
 Installed DataStructures ────────────── v0.17.6
 Installed IterativeSolvers ──────────── v0.8.1
 Installed ImageAxes ─────────────────── v0.6.1
 Installed FixedPointNumbers ─────────── v0.6.1
 Installed JuMP ──────────────────────── v0.20.1
 Installed FillArrays ────────────────── v0.8.2
 Installed Graphics ──────────────────── v0.4.0
 Installed SparseDiffTools ───────────── v1.0.0
 Installed TranscodingStreams ────────── v0.9.5
 Installed CodecZlib ─────────────────── v0.6.0
 Installed JSON ──────────────────────── v0.21.0
 Installed ImageTransformations ──────── v0.8.0
 Installed ImageCore ─────────────────── v0.8.5
 Installed IntervalSets ──────────────── v0.3.2
 Installed Hexagons ──────────────────── v0.2.0
 Installed QuadGK ────────────────────── v2.1.1
 Installed AffineInvariantMCMC ───────── v0.6.0
ERROR: Error when installing package Mads:
IOError: chmod: no such file or directory (ENOENT)
Stacktrace:
 [1] uv_error at ./libuv.jl:90 [inlined]
 [2] #chmod#18(::Bool, ::typeof(chmod), ::String, ::UInt64) at ./file.jl:837
 [3] chmod at ./file.jl:836 [inlined]
 [4] set_readonly(::String) at /buildworker/worker/package_linux64/build/usr/share/julia/stdlib/v1.2/Pkg/src/Operations.jl:92
 [5] macro expansion at /buildworker/worker/package_linux64/build/usr/share/julia/stdlib/v1.2/Pkg/src/Operations.jl:607 [inlined]
 [6] (::getfield(Pkg.Operations, Symbol("##74#77")){Bool,Pkg.Types.Context,Dict{Base.UUID,Array{String,1}},Channel{Any},Channel{Any}})() at ./task.jl:268
Stacktrace:
 [1] pkgerror(::String, ::Vararg{String,N} where N) at /buildworker/worker/package_linux64/build/usr/share/julia/stdlib/v1.2/Pkg/src/Types.jl:112
 [2] #download_source#71(::Bool, ::typeof(Pkg.Operations.download_source), ::Pkg.Types.Context, ::Array{Pkg.Types.PackageSpec,1}, ::Dict{Base.UUID,Array{String,1}}) at /buildworker/worker/package_linux64/build/usr/share/julia/stdlib/v1.2/Pkg/src/Operations.jl:623
 [3] #download_source at ./none:0 [inlined]
 [4] #download_source#70 at /buildworker/worker/package_linux64/build/usr/share/julia/stdlib/v1.2/Pkg/src/Operations.jl:563 [inlined]
 [5] download_source at /buildworker/worker/package_linux64/build/usr/share/julia/stdlib/v1.2/Pkg/src/Operations.jl:561 [inlined]
 [6] #add#100(::Bool, ::typeof(Pkg.Operations.add), ::Pkg.Types.Context, ::Array{Pkg.Types.PackageSpec,1}, ::Array{Base.UUID,1}) at /buildworker/worker/package_linux64/build/usr/share/julia/stdlib/v1.2/Pkg/src/Operations.jl:965
 [7] #add at ./none:0 [inlined]
 [8] #add#25(::Bool, ::Base.Iterators.Pairs{Union{},Union{},Tuple{},NamedTuple{(),Tuple{}}}, ::typeof(Pkg.API.add), ::Pkg.Types.Context, ::Array{Pkg.Types.PackageSpec,1}) at /buildworker/worker/package_linux64/build/usr/share/julia/stdlib/v1.2/Pkg/src/API.jl:99
 [9] add at /buildworker/worker/package_linux64/build/usr/share/julia/stdlib/v1.2/Pkg/src/API.jl:69 [inlined]
 [10] #add#24 at /buildworker/worker/package_linux64/build/usr/share/julia/stdlib/v1.2/Pkg/src/API.jl:67 [inlined]
 [11] add at /buildworker/worker/package_linux64/build/usr/share/julia/stdlib/v1.2/Pkg/src/API.jl:67 [inlined]
 [12] #add#21 at /buildworker/worker/package_linux64/build/usr/share/julia/stdlib/v1.2/Pkg/src/API.jl:65 [inlined]
 [13] add at /buildworker/worker/package_linux64/build/usr/share/julia/stdlib/v1.2/Pkg/src/API.jl:65 [inlined]
 [14] #add#20(::Base.Iterators.Pairs{Union{},Union{},Tuple{},NamedTuple{(),Tuple{}}}, ::typeof(Pkg.API.add), ::String) at /buildworker/worker/package_linux64/build/usr/share/julia/stdlib/v1.2/Pkg/src/API.jl:64
 [15] add(::String) at /buildworker/worker/package_linux64/build/usr/share/julia/stdlib/v1.2/Pkg/src/API.jl:64
 [16] top-level scope at none:9
