 Resolving package versions...
 Installed Requires ──────────── v0.5.2
 Installed RecipesBase ───────── v0.7.0
 Installed RecursiveArrayTools ─ v1.2.0
 Installed ArrayInterface ────── v2.0.0
 Installed StaticArrays ──────── v0.12.1
  Updating `~/.julia/environments/v1.3/Project.toml`
  [731186ca] + RecursiveArrayTools v1.2.0
  Updating `~/.julia/environments/v1.3/Manifest.toml`
  [4fba245c] + ArrayInterface v2.0.0
  [3cdcf5f2] + RecipesBase v0.7.0
  [731186ca] + RecursiveArrayTools v1.2.0
  [ae029012] + Requires v0.5.2
  [90137ffa] + StaticArrays v0.12.1
  [2a0f44e3] + Base64 
  [8ba89e20] + Distributed 
  [b77e0a4c] + InteractiveUtils 
  [8f399da3] + Libdl 
  [37e2e46d] + LinearAlgebra 
  [56ddb016] + Logging 
  [d6f4376e] + Markdown 
  [9a3f8284] + Random 
  [9e88b42a] + Serialization 
  [6462fe0b] + Sockets 
  [2f01184e] + SparseArrays 
  [10745b16] + Statistics 
  [8dfed614] + Test 
   Testing RecursiveArrayTools
 Resolving package versions...
 Installed Unitful ────────── v0.18.0
 Installed ConstructionBase ─ v1.0.0
    Status `/tmp/jl_wxhOR9/Manifest.toml`
  [4fba245c] ArrayInterface v2.0.0
  [187b0558] ConstructionBase v1.0.0
  [3cdcf5f2] RecipesBase v0.7.0
  [731186ca] RecursiveArrayTools v1.2.0
  [ae029012] Requires v0.5.2
  [90137ffa] StaticArrays v0.12.1
  [1986cc42] Unitful v0.18.0
  [2a0f44e3] Base64  [`@stdlib/Base64`]
  [8ba89e20] Distributed  [`@stdlib/Distributed`]
  [b77e0a4c] InteractiveUtils  [`@stdlib/InteractiveUtils`]
  [8f399da3] Libdl  [`@stdlib/Libdl`]
  [37e2e46d] LinearAlgebra  [`@stdlib/LinearAlgebra`]
  [56ddb016] Logging  [`@stdlib/Logging`]
  [d6f4376e] Markdown  [`@stdlib/Markdown`]
  [9a3f8284] Random  [`@stdlib/Random`]
  [9e88b42a] Serialization  [`@stdlib/Serialization`]
  [6462fe0b] Sockets  [`@stdlib/Sockets`]
  [2f01184e] SparseArrays  [`@stdlib/SparseArrays`]
  [10745b16] Statistics  [`@stdlib/Statistics`]
  [8dfed614] Test  [`@stdlib/Test`]
Test Summary: | Pass  Total
Utils Tests   |   39     39
 49.074214 seconds (13.63 M allocations: 695.965 MiB, 1.67% gc time)
Test Summary:    | Pass  Broken  Total
Partitions Tests |   15       1     16
 10.716771 seconds (12.48 M allocations: 602.032 MiB, 1.99% gc time)
Test Summary:           | Pass  Broken  Total
VecOfArr Indexing Tests |   19       1     20
  5.154791 seconds (4.38 M allocations: 214.712 MiB, 1.47% gc time)
Test Summary:            | Pass  Total
VecOfArr Interface Tests |   21     21
  2.051888 seconds (1.14 M allocations: 58.506 MiB, 0.70% gc time)
Test Summary:      | Pass  Total
StaticArrays Tests |   15     15
  3.239729 seconds (2.03 M allocations: 107.378 MiB, 1.34% gc time)
 70.657830 seconds (34.01 M allocations: 1.656 GiB, 1.65% gc time)
   Testing RecursiveArrayTools tests passed 
