 Resolving package versions...
 Installed DataAPI ───────────────────── v1.1.0
 Installed ElasticArrays ─────────────── v1.0.0
 Installed DynamicPolynomials ────────── v0.3.3
 Installed TableTraits ───────────────── v1.0.0
 Installed DiffEqBiological ──────────── v4.1.0
 Installed GenericSchur ──────────────── v0.3.0
 Installed BinaryProvider ────────────── v0.5.8
 Installed HomotopyContinuation ──────── v1.3.1
 Installed DocStringExtensions ───────── v0.8.1
 Installed Polynomials ───────────────── v0.6.0
 Installed URIParser ─────────────────── v0.4.0
 Installed DataValueInterfaces ───────── v1.0.0
 Installed Requires ──────────────────── v0.5.2
 Installed DoubleFloats ──────────────── v1.0.1
 Installed DiffEqBase ────────────────── v6.7.0
 Installed SymEngine ─────────────────── v0.7.0
 Installed Reexport ──────────────────── v0.2.0
 Installed MultivariatePolynomials ───── v0.3.2
 Installed Compat ────────────────────── v2.2.0
 Installed OrderedCollections ────────── v1.1.0
 Installed FunctionWrappers ──────────── v1.0.0
 Installed GenericSVD ────────────────── v0.2.2
 Installed Roots ─────────────────────── v0.8.3
 Installed Tables ────────────────────── v0.2.11
 Installed StaticPolynomials ─────────── v1.3.3
 Installed RecipesBase ───────────────── v0.7.0
 Installed ProjectiveVectors ─────────── v1.1.2
 Installed TreeViews ─────────────────── v0.3.0
 Installed DataStructures ────────────── v0.17.6
 Installed RandomNumbers ─────────────── v1.3.0
 Installed Crayons ───────────────────── v4.0.1
 Installed IterativeSolvers ──────────── v0.8.1
 Installed RecursiveArrayTools ───────── v1.2.0
 Installed RecursiveFactorization ────── v0.1.0
 Installed DiffEqJump ────────────────── v6.3.0
 Installed DiffEqDiffTools ───────────── v1.5.0
 Installed LaTeXStrings ──────────────── v1.0.3
 Installed ArrayInterface ────────────── v2.0.0
 Installed Quadmath ──────────────────── v0.5.2
 Installed StaticArrays ──────────────── v0.12.1
 Installed MuladdMacro ───────────────── v0.2.1
 Installed PrettyTables ──────────────── v0.6.0
 Installed PoissonRandom ─────────────── v0.4.0
 Installed IteratorInterfaceExtensions ─ v1.0.0
 Installed Parameters ────────────────── v0.12.0
 Installed MacroTools ────────────────── v0.5.2
 Installed Formatting ────────────────── v0.4.1
 Installed MixedSubdivisions ─────────── v1.0.0
 Installed SpecialFunctions ──────────── v0.8.0
 Installed Latexify ──────────────────── v0.12.3
 Installed BinDeps ───────────────────── v0.8.10
 Installed ProgressMeter ─────────────── v1.2.0
 Installed FixedPolynomials ──────────── v0.4.0
  Updating `~/.julia/environments/v1.2/Project.toml`
  [eb300fae] + DiffEqBiological v4.1.0
  Updating `~/.julia/environments/v1.2/Manifest.toml`
  [4fba245c] + ArrayInterface v2.0.0
  [9e28174c] + BinDeps v0.8.10
  [b99e7846] + BinaryProvider v0.5.8
  [34da2185] + Compat v2.2.0
  [a8cc5b0e] + Crayons v4.0.1
  [9a962f9c] + DataAPI v1.1.0
  [864edb3b] + DataStructures v0.17.6
  [e2d170a0] + DataValueInterfaces v1.0.0
  [2b5f629d] + DiffEqBase v6.7.0
  [eb300fae] + DiffEqBiological v4.1.0
  [01453d9d] + DiffEqDiffTools v1.5.0
  [c894b116] + DiffEqJump v6.3.0
  [ffbed154] + DocStringExtensions v0.8.1
  [497a8b3b] + DoubleFloats v1.0.1
  [7c1d4256] + DynamicPolynomials v0.3.3
  [fdbdab4c] + ElasticArrays v1.0.0
  [3dd14ad9] + FixedPolynomials v0.4.0
  [59287772] + Formatting v0.4.1
  [069b7b12] + FunctionWrappers v1.0.0
  [01680d73] + GenericSVD v0.2.2
  [c145ed77] + GenericSchur v0.3.0
  [f213a82b] + HomotopyContinuation v1.3.1
  [42fd0dbc] + IterativeSolvers v0.8.1
  [82899510] + IteratorInterfaceExtensions v1.0.0
  [b964fa9f] + LaTeXStrings v1.0.3
  [23fbe1c1] + Latexify v0.12.3
  [1914dd2f] + MacroTools v0.5.2
  [291d046c] + MixedSubdivisions v1.0.0
  [46d2c3a1] + MuladdMacro v0.2.1
  [102ac46a] + MultivariatePolynomials v0.3.2
  [bac558e1] + OrderedCollections v1.1.0
  [d96e819e] + Parameters v0.12.0
  [e409e4f3] + PoissonRandom v0.4.0
  [f27b6e38] + Polynomials v0.6.0
  [08abe8d2] + PrettyTables v0.6.0
  [92933f4c] + ProgressMeter v1.2.0
  [01f381cc] + ProjectiveVectors v1.1.2
  [be4d8f0f] + Quadmath v0.5.2
  [e6cf234a] + RandomNumbers v1.3.0
  [3cdcf5f2] + RecipesBase v0.7.0
  [731186ca] + RecursiveArrayTools v1.2.0
  [f2c3362d] + RecursiveFactorization v0.1.0
  [189a3867] + Reexport v0.2.0
  [ae029012] + Requires v0.5.2
  [f2b01f46] + Roots v0.8.3
  [276daf66] + SpecialFunctions v0.8.0
  [90137ffa] + StaticArrays v0.12.1
  [62e018b1] + StaticPolynomials v1.3.3
  [123dc426] + SymEngine v0.7.0
  [3783bdb8] + TableTraits v1.0.0
  [bd369af6] + Tables v0.2.11
  [a2a6695c] + TreeViews v0.3.0
  [30578b45] + URIParser v0.4.0
  [2a0f44e3] + Base64 
  [ade2ca70] + Dates 
  [8bb1440f] + DelimitedFiles 
  [8ba89e20] + Distributed 
  [b77e0a4c] + InteractiveUtils 
  [76f85450] + LibGit2 
  [8f399da3] + Libdl 
  [37e2e46d] + LinearAlgebra 
  [56ddb016] + Logging 
  [d6f4376e] + Markdown 
  [a63ad114] + Mmap 
  [44cfe95a] + Pkg 
  [de0858da] + Printf 
  [3fa0cd96] + REPL 
  [9a3f8284] + Random 
  [ea8e919c] + SHA 
  [9e88b42a] + Serialization 
  [1a1011a3] + SharedArrays 
  [6462fe0b] + Sockets 
  [2f01184e] + SparseArrays 
  [10745b16] + Statistics 
  [4607b0f0] + SuiteSparse 
  [8dfed614] + Test 
  [cf7118a7] + UUIDs 
  [4ec0a83e] + Unicode 
  Building SpecialFunctions → `~/.julia/packages/SpecialFunctions/ne2iw/deps/build.log`
  Building SymEngine ───────→ `~/.julia/packages/SymEngine/zSUGO/deps/build.log`
   Testing DiffEqBiological
 Resolving package versions...
 Installed Missings ───────────── v0.4.3
 Installed SteadyStateDiffEq ──── v1.5.0
 Installed Inflate ────────────── v0.1.1
 Installed Showoff ────────────── v0.3.1
 Installed Plots ──────────────── v0.28.2
 Installed Contour ────────────── v0.5.1
 Installed StochasticDiffEq ───── v6.15.0
 Installed OrdinaryDiffEq ─────── v5.25.0
 Installed LineSearches ───────── v7.0.1
 Installed Adapt ──────────────── v1.0.0
 Installed Measures ───────────── v0.3.0
 Installed CommonSubexpressions ─ v0.2.0
 Installed NLSolversBase ──────── v7.5.0
 Installed StatsBase ──────────── v0.32.0
 Installed ResettableStacks ───── v1.0.0
 Installed Colors ─────────────── v0.9.6
 Installed VertexSafeGraphs ───── v0.1.0
 Installed ExponentialUtilities ─ v1.5.1
 Installed Calculus ───────────── v0.5.1
 Installed ForwardDiff ────────── v0.10.7
 Installed FixedPointNumbers ──── v0.6.1
 Installed IterTools ──────────── v1.3.0
 Installed Parsers ────────────── v0.3.10
 Installed LightGraphs ────────── v1.3.0
 Installed FillArrays ─────────── v0.8.2
 Installed NaNMath ────────────── v0.3.3
 Installed JSON ───────────────── v0.21.0
 Installed SparseDiffTools ────── v1.0.0
 Installed DiffRules ──────────── v0.1.0
 Installed FFMPEG ─────────────── v0.2.3
 Installed DiffResults ────────── v0.0.4
 Installed SimpleTraits ───────── v0.9.1
 Installed GeometryTypes ──────── v0.7.6
 Installed DiffEqNoiseProcess ─── v3.6.0
 Installed NLsolve ────────────── v4.2.0
 Installed SortingAlgorithms ──── v0.3.1
 Installed ColorTypes ─────────── v0.8.0
 Installed PlotUtils ──────────── v0.6.1
 Installed Distances ──────────── v0.8.2
 Installed ArnoldiMethod ──────── v0.0.4
 Installed DiffEqCallbacks ────── v2.10.0
 Installed PlotThemes ─────────── v1.0.0
 Installed GR ─────────────────── v0.44.0
  Building GR ────→ `~/.julia/packages/GR/oiZD3/deps/build.log`
  Building FFMPEG → `~/.julia/packages/FFMPEG/bkWgb/deps/build.log`
  Building Plots ─→ `~/.julia/packages/Plots/2KhB2/deps/build.log`
    Status `/tmp/jl_l9shiy/Manifest.toml`
  [79e6a3ab] Adapt v1.0.0
  [ec485272] ArnoldiMethod v0.0.4
  [4fba245c] ArrayInterface v2.0.0
  [9e28174c] BinDeps v0.8.10
  [b99e7846] BinaryProvider v0.5.8
  [49dc2e85] Calculus v0.5.1
  [3da002f7] ColorTypes v0.8.0
  [5ae59095] Colors v0.9.6
  [bbf7d656] CommonSubexpressions v0.2.0
  [34da2185] Compat v2.2.0
  [d38c429a] Contour v0.5.1
  [a8cc5b0e] Crayons v4.0.1
  [9a962f9c] DataAPI v1.1.0
  [864edb3b] DataStructures v0.17.6
  [e2d170a0] DataValueInterfaces v1.0.0
  [2b5f629d] DiffEqBase v6.7.0
  [eb300fae] DiffEqBiological v4.1.0
  [459566f4] DiffEqCallbacks v2.10.0
  [01453d9d] DiffEqDiffTools v1.5.0
  [c894b116] DiffEqJump v6.3.0
  [77a26b50] DiffEqNoiseProcess v3.6.0
  [163ba53b] DiffResults v0.0.4
  [b552c78f] DiffRules v0.1.0
  [b4f34e82] Distances v0.8.2
  [ffbed154] DocStringExtensions v0.8.1
  [497a8b3b] DoubleFloats v1.0.1
  [7c1d4256] DynamicPolynomials v0.3.3
  [fdbdab4c] ElasticArrays v1.0.0
  [d4d017d3] ExponentialUtilities v1.5.1
  [c87230d0] FFMPEG v0.2.3
  [1a297f60] FillArrays v0.8.2
  [53c48c17] FixedPointNumbers v0.6.1
  [3dd14ad9] FixedPolynomials v0.4.0
  [59287772] Formatting v0.4.1
  [f6369f11] ForwardDiff v0.10.7
  [069b7b12] FunctionWrappers v1.0.0
  [28b8d3ca] GR v0.44.0
  [01680d73] GenericSVD v0.2.2
  [c145ed77] GenericSchur v0.3.0
  [4d00f742] GeometryTypes v0.7.6
  [f213a82b] HomotopyContinuation v1.3.1
  [d25df0c9] Inflate v0.1.1
  [c8e1da08] IterTools v1.3.0
  [42fd0dbc] IterativeSolvers v0.8.1
  [82899510] IteratorInterfaceExtensions v1.0.0
  [682c06a0] JSON v0.21.0
  [b964fa9f] LaTeXStrings v1.0.3
  [23fbe1c1] Latexify v0.12.3
  [093fc24a] LightGraphs v1.3.0
  [d3d80556] LineSearches v7.0.1
  [1914dd2f] MacroTools v0.5.2
  [442fdcdd] Measures v0.3.0
  [e1d29d7a] Missings v0.4.3
  [291d046c] MixedSubdivisions v1.0.0
  [46d2c3a1] MuladdMacro v0.2.1
  [102ac46a] MultivariatePolynomials v0.3.2
  [d41bc354] NLSolversBase v7.5.0
  [2774e3e8] NLsolve v4.2.0
  [77ba4419] NaNMath v0.3.3
  [bac558e1] OrderedCollections v1.1.0
  [1dea7af3] OrdinaryDiffEq v5.25.0
  [d96e819e] Parameters v0.12.0
  [69de0a69] Parsers v0.3.10
  [ccf2f8ad] PlotThemes v1.0.0
  [995b91a9] PlotUtils v0.6.1
  [91a5bcdd] Plots v0.28.2
  [e409e4f3] PoissonRandom v0.4.0
  [f27b6e38] Polynomials v0.6.0
  [08abe8d2] PrettyTables v0.6.0
  [92933f4c] ProgressMeter v1.2.0
  [01f381cc] ProjectiveVectors v1.1.2
  [be4d8f0f] Quadmath v0.5.2
  [e6cf234a] RandomNumbers v1.3.0
  [3cdcf5f2] RecipesBase v0.7.0
  [731186ca] RecursiveArrayTools v1.2.0
  [f2c3362d] RecursiveFactorization v0.1.0
  [189a3867] Reexport v0.2.0
  [ae029012] Requires v0.5.2
  [ae5879a3] ResettableStacks v1.0.0
  [f2b01f46] Roots v0.8.3
  [992d4aef] Showoff v0.3.1
  [699a6c99] SimpleTraits v0.9.1
  [a2af1166] SortingAlgorithms v0.3.1
  [47a9eef4] SparseDiffTools v1.0.0
  [276daf66] SpecialFunctions v0.8.0
  [90137ffa] StaticArrays v0.12.1
  [62e018b1] StaticPolynomials v1.3.3
  [2913bbd2] StatsBase v0.32.0
  [9672c7b4] SteadyStateDiffEq v1.5.0
  [789caeaf] StochasticDiffEq v6.15.0
  [123dc426] SymEngine v0.7.0
  [3783bdb8] TableTraits v1.0.0
  [bd369af6] Tables v0.2.11
  [a2a6695c] TreeViews v0.3.0
  [30578b45] URIParser v0.4.0
  [19fa3120] VertexSafeGraphs v0.1.0
  [2a0f44e3] Base64  [`@stdlib/Base64`]
  [ade2ca70] Dates  [`@stdlib/Dates`]
  [8bb1440f] DelimitedFiles  [`@stdlib/DelimitedFiles`]
  [8ba89e20] Distributed  [`@stdlib/Distributed`]
  [b77e0a4c] InteractiveUtils  [`@stdlib/InteractiveUtils`]
  [76f85450] LibGit2  [`@stdlib/LibGit2`]
  [8f399da3] Libdl  [`@stdlib/Libdl`]
  [37e2e46d] LinearAlgebra  [`@stdlib/LinearAlgebra`]
  [56ddb016] Logging  [`@stdlib/Logging`]
  [d6f4376e] Markdown  [`@stdlib/Markdown`]
  [a63ad114] Mmap  [`@stdlib/Mmap`]
  [44cfe95a] Pkg  [`@stdlib/Pkg`]
  [de0858da] Printf  [`@stdlib/Printf`]
  [3fa0cd96] REPL  [`@stdlib/REPL`]
  [9a3f8284] Random  [`@stdlib/Random`]
  [ea8e919c] SHA  [`@stdlib/SHA`]
  [9e88b42a] Serialization  [`@stdlib/Serialization`]
  [1a1011a3] SharedArrays  [`@stdlib/SharedArrays`]
  [6462fe0b] Sockets  [`@stdlib/Sockets`]
  [2f01184e] SparseArrays  [`@stdlib/SparseArrays`]
  [10745b16] Statistics  [`@stdlib/Statistics`]
  [4607b0f0] SuiteSparse  [`@stdlib/SuiteSparse`]
  [8dfed614] Test  [`@stdlib/Test`]
  [cf7118a7] UUIDs  [`@stdlib/UUIDs`]
  [4ec0a83e] Unicode  [`@stdlib/Unicode`]
Test Summary: | Pass  Total
Model Macro   |  536    536
 25.301423 seconds (16.72 M allocations: 885.337 MiB, 3.00% gc time)
  1.981180 seconds (3.47 M allocations: 497.343 MiB, 7.54% gc time)
Test Summary:   | Pass  Total
Gillespie Tests |    1      1
 19.272816 seconds (21.82 M allocations: 1.383 GiB, 6.98% gc time)
Test Summary: | Pass  Total
Test Solvers  |  107    107
 29.867689 seconds (25.46 M allocations: 1.225 GiB, 6.43% gc time)
Test Summary: | Pass  Total
Higher Order  |    4      4
 21.946257 seconds (21.58 M allocations: 1.318 GiB, 14.62% gc time)
Test Summary:        | Pass  Total
Additional Functions |  501    501
 34.385587 seconds (40.93 M allocations: 1.897 GiB, 5.37% gc time)
Test Summary:       | Pass  Total
Steady State Solver |    2      2
 15.002434 seconds (20.59 M allocations: 1.073 GiB, 9.29% gc time)
Test Summary:     | Pass  Total
Mass Action Jumps |    8      8
 58.667656 seconds (21.65 M allocations: 1.098 GiB, 2.88% gc time)
Test Summary:   | Pass  Total
Equilibrate (1) |   33     33
211.779004 seconds (256.36 M allocations: 12.370 GiB, 9.74% gc time)
Test Summary:   | Pass  Total
Equilibrate (2) |   31     31
280.801201 seconds (233.35 M allocations: 10.985 GiB, 5.79% gc time)
Test Summary:   | Pass  Total
Equilibrate (3) |   29     29
134.869887 seconds (192.94 M allocations: 9.192 GiB, 10.84% gc time)
Test Summary:   | Pass  Total
Equilibrate (4) |    9      9
103.037174 seconds (140.28 M allocations: 7.776 GiB, 12.60% gc time)
Test Summary: | Pass  Total
Other Tests   |  206    206
  6.693166 seconds (6.23 M allocations: 341.364 MiB, 5.62% gc time)
Test Summary:       | Pass  Total
Network query tests |    6      6
  4.452314 seconds (4.51 M allocations: 250.100 MiB, 6.72% gc time)
946.476572 seconds (1.00 G allocations: 49.782 GiB, 8.17% gc time)
Test Summary:     | Pass  Total
Model Macro (Min) |  536    536
  2.175813 seconds (1.53 M allocations: 96.845 MiB, 4.70% gc time)
  1.353606 seconds (3.47 M allocations: 497.153 MiB, 27.12% gc time)
Test Summary:         | Pass  Total
Gillespie Tests (Min) |    1      1
  3.646027 seconds (6.88 M allocations: 663.524 MiB, 15.02% gc time)
Test Summary:      | Pass  Total
Test Solvers (Min) |  107    107
  8.633444 seconds (13.29 M allocations: 634.283 MiB, 14.33% gc time)
Test Summary:      | Pass  Total
Higher Order (Min) |    4      4
 10.117136 seconds (12.10 M allocations: 851.289 MiB, 44.57% gc time)
Test Summary:              | Pass  Total
Additional Functions (Min) |  501    501
 15.236572 seconds (27.88 M allocations: 1.261 GiB, 16.38% gc time)
Test Summary:             | Pass  Total
Steady State Solver (Min) |    2      2
  0.692961 seconds (980.55 k allocations: 52.944 MiB, 6.22% gc time)
Test Summary:     | Pass  Total
Equilibrate (Min) |   33     33
 57.985374 seconds (82.57 M allocations: 3.860 GiB, 10.90% gc time)
Test Summary:           | Pass  Total
Mass Action Jumps (Min) |    8      8
 65.578618 seconds (199.40 M allocations: 38.525 GiB, 36.97% gc time)
164.067037 seconds (344.64 M allocations: 45.891 GiB, 24.07% gc time)
Test Summary:    | Pass  Total
Discrete Problem |    4      4
  6.082296 seconds (2.78 M allocations: 184.975 MiB, 3.25% gc time)
Test Summary:     | Pass  Total
Add Reactions API |   47     47
 13.575715 seconds (18.78 M allocations: 908.886 MiB, 13.51% gc time)
 19.658252 seconds (21.56 M allocations: 1.068 GiB, 10.34% gc time)
Latexify recipe: Test Failed at /root/.julia/packages/DiffEqBiological/mS8Er/test/latexify_test.jl:35
  Expression: latexify(r; noise=true, cdot=false) == #= /root/.julia/packages/DiffEqBiological/mS8Er/test/latexify_test.jl:36 =# @raw_str("\\begin{align}\n\\mathrm{dX1}\\left( t \\right) =& \\left( \\frac{v1 K1^{n1}}{K1^{n1} + X2^{n1}} \\frac{v1 X4^{n1}}{K1^{n1} + X4^{n1}} + k1 X2 - \\frac{k2}{2} X1 X4^{2} - \\frac{k5}{6} X5^{3} X1 + k6 X2 - d1 X1 \\right) dt + \\sqrt{\\left\\|\\frac{v1 K1^{n1}}{K1^{n1} + X2^{n1}} \\frac{v1 X4^{n1}}{K1^{n1} + X4^{n1}}\\right\\|} \\mathrm{dW_1}\\left( t \\right) + \\sqrt{\\left\\|k1 X2\\right\\|} \\mathrm{dW_6}\\left( t \\right) - \\sqrt{\\left\\|\\frac{k2}{2} X1 X4^{2}\\right\\|} \\mathrm{dW_7}\\left( t \\right) - \\sqrt{\\left\\|\\frac{k5}{6} X5^{3} X1\\right\\|} \\mathrm{dW_10}\\left( t \\right) + \\sqrt{\\left\\|k6 X2\\right\\|} \\mathrm{dW_11}\\left( t \\right) - \\sqrt{\\left\\|d1 X1\\right\\|} \\mathrm{dW_12}\\left( t \\right) \\\\\n\\mathrm{dX2}\\left( t \\right) =& \\left( \\frac{v2 X5^{n2}}{K2^{n2} + X5^{n2}} - k1 X2 + \\frac{k2}{2} X1 X4^{2} + \\frac{k5}{6} X5^{3} X1 - k6 X2 - d2 X2 \\right) dt + \\sqrt{\\left\\|\\frac{v2 X5^{n2}}{K2^{n2} + X5^{n2}}\\right\\|} \\mathrm{dW_2}\\left( t \\right) - \\sqrt{\\left\\|k1 X2\\right\\|} \\mathrm{dW_6}\\left( t \\right) + \\sqrt{\\left\\|\\frac{k2}{2} X1 X4^{2}\\right\\|} \\mathrm{dW_7}\\left( t \\right) + \\sqrt{\\left\\|\\frac{k5}{6} X5^{3} X1\\right\\|} \\mathrm{dW_10}\\left( t \\right) - \\sqrt{\\left\\|k6 X2\\right\\|} \\mathrm{dW_11}\\left( t \\right) - \\sqrt{\\left\\|d2 X2\\right\\|} \\mathrm{dW_13}\\left( t \\right) \\\\\n\\mathrm{dX3}\\left( t \\right) =& \\left( \\frac{v3 X3^{n3}}{K3^{n3} + X3^{n3}} + k3 X4 - k4 X3 - d3 X3 \\right) dt + \\sqrt{\\left\\|\\frac{v3 X3^{n3}}{K3^{n3} + X3^{n3}}\\right\\|} \\mathrm{dW_3}\\left( t \\right) + \\sqrt{\\left\\|k3 X4\\right\\|} \\mathrm{dW_8}\\left( t \\right) - \\sqrt{\\left\\|k4 X3\\right\\|} \\mathrm{dW_9}\\left( t \\right) - \\sqrt{\\left\\|d3 X3\\right\\|} \\mathrm{dW_14}\\left( t \\right) \\\\\n\\mathrm{dX4}\\left( t \\right) =& \\left( \\frac{v4 K4^{n4}}{K4^{n4} + X1^{n4}} + 2 k1 X2 -2 \\frac{k2}{2} X1 X4^{2} - k3 X4 + k4 X3 - d4 X4 \\right) dt + \\sqrt{\\left\\|\\frac{v4 K4^{n4}}{K4^{n4} + X1^{n4}}\\right\\|} \\mathrm{dW_4}\\left( t \\right) + 2 \\sqrt{\\left\\|k1 X2\\right\\|} \\mathrm{dW_6}\\left( t \\right) -2 \\sqrt{\\left\\|\\frac{k2}{2} X1 X4^{2}\\right\\|} \\mathrm{dW_7}\\left( t \\right) - \\sqrt{\\left\\|k3 X4\\right\\|} \\mathrm{dW_8}\\left( t \\right) + \\sqrt{\\left\\|k4 X3\\right\\|} \\mathrm{dW_9}\\left( t \\right) - \\sqrt{\\left\\|d4 X4\\right\\|} \\mathrm{dW_15}\\left( t \\right) \\\\\n\\mathrm{dX5}\\left( t \\right) =& \\left( \\frac{v5 X2^{n5}}{K5^{n5} + X2^{n5}} -3 \\frac{k5}{6} X5^{3} X1 + 3 k6 X2 - d5 X5 \\right) dt + \\sqrt{\\left\\|\\frac{v5 X2^{n5}}{K5^{n5} + X2^{n5}}\\right\\|} \\mathrm{dW_5}\\left( t \\right) -3 \\sqrt{\\left\\|\\frac{k5}{6} X5^{3} X1\\right\\|} \\mathrm{dW_10}\\left( t \\right) + 3 \\sqrt{\\left\\|k6 X2\\right\\|} \\mathrm{dW_11}\\left( t \\right) - \\sqrt{\\left\\|d5 X5\\right\\|} \\mathrm{dW_16}\\left( t \\right)\n\\end{align}\n")
   Evaluated: L"\begin{align}
\mathrm{dX1}\left( t \right) =& \left( \frac{v1 K1^{n1}}{K1^{n1} + X2^{n1}} \frac{v1 X4^{n1}}{K1^{n1} + X4^{n1}} + k1 X2 - \frac{k2}{2} X1 X4^{2} - \frac{k5}{6} X5^{3} X1 + k6 X2 - d1 X1 \right) dt + \sqrt{\left\|\frac{v1 K1^{n1}}{K1^{n1} + X2^{n1}} \frac{v1 X4^{n1}}{K1^{n1} + X4^{n1}}\right\|} \mathrm{dW_1}\left( t \right) + \sqrt{\left\|k1 X2\right\|} \mathrm{dW_6}\left( t \right) + \left(  - \sqrt{\left\|\frac{k2}{2} X1 X4^{2}\right\|} \right) \mathrm{dW_7}\left( t \right) + \left(  - \sqrt{\left\|\frac{k5}{6} X5^{3} X1\right\|} \right) \mathrm{dW_10}\left( t \right) + \sqrt{\left\|k6 X2\right\|} \mathrm{dW_11}\left( t \right) + \left(  - \sqrt{\left\|d1 X1\right\|} \right) \mathrm{dW_12}\left( t \right) \\
\mathrm{dX2}\left( t \right) =& \left( \frac{v2 X5^{n2}}{K2^{n2} + X5^{n2}} - k1 X2 + \frac{k2}{2} X1 X4^{2} + \frac{k5}{6} X5^{3} X1 - k6 X2 - d2 X2 \right) dt + \sqrt{\left\|\frac{v2 X5^{n2}}{K2^{n2} + X5^{n2}}\right\|} \mathrm{dW_2}\left( t \right) + \left(  - \sqrt{\left\|k1 X2\right\|} \right) \mathrm{dW_6}\left( t \right) + \sqrt{\left\|\frac{k2}{2} X1 X4^{2}\right\|} \mathrm{dW_7}\left( t \right) + \sqrt{\left\|\frac{k5}{6} X5^{3} X1\right\|} \mathrm{dW_10}\left( t \right) + \left(  - \sqrt{\left\|k6 X2\right\|} \right) \mathrm{dW_11}\left( t \right) + \left(  - \sqrt{\left\|d2 X2\right\|} \right) \mathrm{dW_13}\left( t \right) \\
\mathrm{dX3}\left( t \right) =& \left( \frac{v3 X3^{n3}}{K3^{n3} + X3^{n3}} + k3 X4 - k4 X3 - d3 X3 \right) dt + \sqrt{\left\|\frac{v3 X3^{n3}}{K3^{n3} + X3^{n3}}\right\|} \mathrm{dW_3}\left( t \right) + \sqrt{\left\|k3 X4\right\|} \mathrm{dW_8}\left( t \right) + \left(  - \sqrt{\left\|k4 X3\right\|} \right) \mathrm{dW_9}\left( t \right) + \left(  - \sqrt{\left\|d3 X3\right\|} \right) \mathrm{dW_14}\left( t \right) \\
\mathrm{dX4}\left( t \right) =& \left( \frac{v4 K4^{n4}}{K4^{n4} + X1^{n4}} + 2 k1 X2 -2 \frac{k2}{2} X1 X4^{2} - k3 X4 + k4 X3 - d4 X4 \right) dt + \sqrt{\left\|\frac{v4 K4^{n4}}{K4^{n4} + X1^{n4}}\right\|} \mathrm{dW_4}\left( t \right) + 2 \sqrt{\left\|k1 X2\right\|} \mathrm{dW_6}\left( t \right) -2 \sqrt{\left\|\frac{k2}{2} X1 X4^{2}\right\|} \mathrm{dW_7}\left( t \right) + \left(  - \sqrt{\left\|k3 X4\right\|} \right) \mathrm{dW_8}\left( t \right) + \sqrt{\left\|k4 X3\right\|} \mathrm{dW_9}\left( t \right) + \left(  - \sqrt{\left\|d4 X4\right\|} \right) \mathrm{dW_15}\left( t \right) \\
\mathrm{dX5}\left( t \right) =& \left( \frac{v5 X2^{n5}}{K5^{n5} + X2^{n5}} -3 \frac{k5}{6} X5^{3} X1 + 3 k6 X2 - d5 X5 \right) dt + \sqrt{\left\|\frac{v5 X2^{n5}}{K5^{n5} + X2^{n5}}\right\|} \mathrm{dW_5}\left( t \right) -3 \sqrt{\left\|\frac{k5}{6} X5^{3} X1\right\|} \mathrm{dW_10}\left( t \right) + 3 \sqrt{\left\|k6 X2\right\|} \mathrm{dW_11}\left( t \right) + \left(  - \sqrt{\left\|d5 X5\right\|} \right) \mathrm{dW_16}\left( t \right)
\end{align}
" == "\\begin{align}\n\\mathrm{dX1}\\left( t \\right) =& \\left( \\frac{v1 K1^{n1}}{K1^{n1} + X2^{n1}} \\frac{v1 X4^{n1}}{K1^{n1} + X4^{n1}} + k1 X2 - \\frac{k2}{2} X1 X4^{2} - \\frac{k5}{6} X5^{3} X1 + k6 X2 - d1 X1 \\right) dt + \\sqrt{\\left\\|\\frac{v1 K1^{n1}}{K1^{n1} + X2^{n1}} \\frac{v1 X4^{n1}}{K1^{n1} + X4^{n1}}\\right\\|} \\mathrm{dW_1}\\left( t \\right) + \\sqrt{\\left\\|k1 X2\\right\\|} \\mathrm{dW_6}\\left( t \\right) - \\sqrt{\\left\\|\\frac{k2}{2} X1 X4^{2}\\right\\|} \\mathrm{dW_7}\\left( t \\right) - \\sqrt{\\left\\|\\frac{k5}{6} X5^{3} X1\\right\\|} \\mathrm{dW_10}\\left( t \\right) + \\sqrt{\\left\\|k6 X2\\right\\|} \\mathrm{dW_11}\\left( t \\right) - \\sqrt{\\left\\|d1 X1\\right\\|} \\mathrm{dW_12}\\left( t \\right) \\\\\n\\mathrm{dX2}\\left( t \\right) =& \\left( \\frac{v2 X5^{n2}}{K2^{n2} + X5^{n2}} - k1 X2 + \\frac{k2}{2} X1 X4^{2} + \\frac{k5}{6} X5^{3} X1 - k6 X2 - d2 X2 \\right) dt + \\sqrt{\\left\\|\\frac{v2 X5^{n2}}{K2^{n2} + X5^{n2}}\\right\\|} \\mathrm{dW_2}\\left( t \\right) - \\sqrt{\\left\\|k1 X2\\right\\|} \\mathrm{dW_6}\\left( t \\right) + \\sqrt{\\left\\|\\frac{k2}{2} X1 X4^{2}\\right\\|} \\mathrm{dW_7}\\left( t \\right) + \\sqrt{\\left\\|\\frac{k5}{6} X5^{3} X1\\right\\|} \\mathrm{dW_10}\\left( t \\right) - \\sqrt{\\left\\|k6 X2\\right\\|} \\mathrm{dW_11}\\left( t \\right) - \\sqrt{\\left\\|d2 X2\\right\\|} \\mathrm{dW_13}\\left( t \\right) \\\\\n\\mathrm{dX3}\\left( t \\right) =& \\left( \\frac{v3 X3^{n3}}{K3^{n3} + X3^{n3}} + k3 X4 - k4 X3 - d3 X3 \\right) dt + \\sqrt{\\left\\|\\frac{v3 X3^{n3}}{K3^{n3} + X3^{n3}}\\right\\|} \\mathrm{dW_3}\\left( t \\right) + \\sqrt{\\left\\|k3 X4\\right\\|} \\mathrm{dW_8}\\left( t \\right) - \\sqrt{\\left\\|k4 X3\\right\\|} \\mathrm{dW_9}\\left( t \\right) - \\sqrt{\\left\\|d3 X3\\right\\|} \\mathrm{dW_14}\\left( t \\right) \\\\\n\\mathrm{dX4}\\left( t \\right) =& \\left( \\frac{v4 K4^{n4}}{K4^{n4} + X1^{n4}} + 2 k1 X2 -2 \\frac{k2}{2} X1 X4^{2} - k3 X4 + k4 X3 - d4 X4 \\right) dt + \\sqrt{\\left\\|\\frac{v4 K4^{n4}}{K4^{n4} + X1^{n4}}\\right\\|} \\mathrm{dW_4}\\left( t \\right) + 2 \\sqrt{\\left\\|k1 X2\\right\\|} \\mathrm{dW_6}\\left( t \\right) -2 \\sqrt{\\left\\|\\frac{k2}{2} X1 X4^{2}\\right\\|} \\mathrm{dW_7}\\left( t \\right) - \\sqrt{\\left\\|k3 X4\\right\\|} \\mathrm{dW_8}\\left( t \\right) + \\sqrt{\\left\\|k4 X3\\right\\|} \\mathrm{dW_9}\\left( t \\right) - \\sqrt{\\left\\|d4 X4\\right\\|} \\mathrm{dW_15}\\left( t \\right) \\\\\n\\mathrm{dX5}\\left( t \\right) =& \\left( \\frac{v5 X2^{n5}}{K5^{n5} + X2^{n5}} -3 \\frac{k5}{6} X5^{3} X1 + 3 k6 X2 - d5 X5 \\right) dt + \\sqrt{\\left\\|\\frac{v5 X2^{n5}}{K5^{n5} + X2^{n5}}\\right\\|} \\mathrm{dW_5}\\left( t \\right) -3 \\sqrt{\\left\\|\\frac{k5}{6} X5^{3} X1\\right\\|} \\mathrm{dW_10}\\left( t \\right) + 3 \\sqrt{\\left\\|k6 X2\\right\\|} \\mathrm{dW_11}\\left( t \\right) - \\sqrt{\\left\\|d5 X5\\right\\|} \\mathrm{dW_16}\\left( t \\right)\n\\end{align}\n"
Stacktrace:
 [1] top-level scope at /root/.julia/packages/DiffEqBiological/mS8Er/test/latexify_test.jl:35
 [2] include at ./boot.jl:328 [inlined]
 [3] include_relative(::Module, ::String) at ./loading.jl:1094
 [4] include(::Module, ::String) at ./Base.jl:31
 [5] include(::String) at ./client.jl:431
 [6] top-level scope at /root/.julia/packages/DiffEqBiological/mS8Er/test/runtests.jl:45
 [7] top-level scope at /buildworker/worker/package_linux64/build/usr/share/julia/stdlib/v1.2/Test/src/Test.jl:1113
 [8] top-level scope at /root/.julia/packages/DiffEqBiological/mS8Er/test/runtests.jl:45
 [9] top-level scope at util.jl:156
 [10] top-level scope at /root/.julia/packages/DiffEqBiological/mS8Er/test/runtests.jl:45
 [11] top-level scope at util.jl:156
Latexify recipe: Test Failed at /root/.julia/packages/DiffEqBiological/mS8Er/test/latexify_test.jl:53
  Expression: latexify(r; noise=true, bracket=true) == #= /root/.julia/packages/DiffEqBiological/mS8Er/test/latexify_test.jl:54 =# @raw_str("\\begin{align}\n\\mathrm{\\mathrm{d}\\left[A\\right]}\\left( t \\right) =& \\left( \\frac{p_{a} \\cdot \\left[ B \\right]^{n}}{k^{n} + \\left[ B \\right]^{n}} - d_{a} \\cdot \\left[ A \\right] + \\frac{r_{a}}{6} \\cdot \\left[ B \\right]^{3} - r_{b} \\cdot \\left[ A \\right] \\right) \\cdot dt + \\sqrt{\\left\\|\\frac{p_{a} \\cdot \\left[ B \\right]^{n}}{k^{n} + \\left[ B \\right]^{n}}\\right\\|} \\cdot \\mathrm{dW_1}\\left( t \\right) - \\sqrt{\\left\\|d_{a} \\cdot \\left[ A \\right]\\right\\|} \\cdot \\mathrm{dW_2}\\left( t \\right) + \\sqrt{\\left\\|\\frac{r_{a}}{6} \\cdot \\left[ B \\right]^{3}\\right\\|} \\cdot \\mathrm{dW_5}\\left( t \\right) - \\sqrt{\\left\\|r_{b} \\cdot \\left[ A \\right]\\right\\|} \\cdot \\mathrm{dW_6}\\left( t \\right) \\\\\n\\mathrm{\\mathrm{d}\\left[B\\right]}\\left( t \\right) =& \\left( p_{b} - d_{b} \\cdot \\left[ B \\right] -3 \\cdot \\frac{r_{a}}{6} \\cdot \\left[ B \\right]^{3} + 3 \\cdot r_{b} \\cdot \\left[ A \\right] \\right) \\cdot dt + \\sqrt{\\left\\|p_{b}\\right\\|} \\cdot \\mathrm{dW_3}\\left( t \\right) - \\sqrt{\\left\\|d_{b} \\cdot \\left[ B \\right]\\right\\|} \\cdot \\mathrm{dW_4}\\left( t \\right) -3 \\cdot \\sqrt{\\left\\|\\frac{r_{a}}{6} \\cdot \\left[ B \\right]^{3}\\right\\|} \\cdot \\mathrm{dW_5}\\left( t \\right) + 3 \\cdot \\sqrt{\\left\\|r_{b} \\cdot \\left[ A \\right]\\right\\|} \\cdot \\mathrm{dW_6}\\left( t \\right)\n\\end{align}\n")
   Evaluated: L"\begin{align}
\mathrm{\mathrm{d}\left[A\right]}\left( t \right) =& \left( \frac{p_{a} \cdot \left[ B \right]^{n}}{k^{n} + \left[ B \right]^{n}} - d_{a} \cdot \left[ A \right] + \frac{r_{a}}{6} \cdot \left[ B \right]^{3} - r_{b} \cdot \left[ A \right] \right) \cdot dt + \sqrt{\left\|\frac{p_{a} \cdot \left[ B \right]^{n}}{k^{n} + \left[ B \right]^{n}}\right\|} \cdot \mathrm{dW_1}\left( t \right) + \left(  - \sqrt{\left\|d_{a} \cdot \left[ A \right]\right\|} \right) \cdot \mathrm{dW_2}\left( t \right) + \sqrt{\left\|\frac{r_{a}}{6} \cdot \left[ B \right]^{3}\right\|} \cdot \mathrm{dW_5}\left( t \right) + \left(  - \sqrt{\left\|r_{b} \cdot \left[ A \right]\right\|} \right) \cdot \mathrm{dW_6}\left( t \right) \\
\mathrm{\mathrm{d}\left[B\right]}\left( t \right) =& \left( p_{b} - d_{b} \cdot \left[ B \right] -3 \cdot \frac{r_{a}}{6} \cdot \left[ B \right]^{3} + 3 \cdot r_{b} \cdot \left[ A \right] \right) \cdot dt + \sqrt{\left\|p_{b}\right\|} \cdot \mathrm{dW_3}\left( t \right) + \left(  - \sqrt{\left\|d_{b} \cdot \left[ B \right]\right\|} \right) \cdot \mathrm{dW_4}\left( t \right) -3 \cdot \sqrt{\left\|\frac{r_{a}}{6} \cdot \left[ B \right]^{3}\right\|} \cdot \mathrm{dW_5}\left( t \right) + 3 \cdot \sqrt{\left\|r_{b} \cdot \left[ A \right]\right\|} \cdot \mathrm{dW_6}\left( t \right)
\end{align}
" == "\\begin{align}\n\\mathrm{\\mathrm{d}\\left[A\\right]}\\left( t \\right) =& \\left( \\frac{p_{a} \\cdot \\left[ B \\right]^{n}}{k^{n} + \\left[ B \\right]^{n}} - d_{a} \\cdot \\left[ A \\right] + \\frac{r_{a}}{6} \\cdot \\left[ B \\right]^{3} - r_{b} \\cdot \\left[ A \\right] \\right) \\cdot dt + \\sqrt{\\left\\|\\frac{p_{a} \\cdot \\left[ B \\right]^{n}}{k^{n} + \\left[ B \\right]^{n}}\\right\\|} \\cdot \\mathrm{dW_1}\\left( t \\right) - \\sqrt{\\left\\|d_{a} \\cdot \\left[ A \\right]\\right\\|} \\cdot \\mathrm{dW_2}\\left( t \\right) + \\sqrt{\\left\\|\\frac{r_{a}}{6} \\cdot \\left[ B \\right]^{3}\\right\\|} \\cdot \\mathrm{dW_5}\\left( t \\right) - \\sqrt{\\left\\|r_{b} \\cdot \\left[ A \\right]\\right\\|} \\cdot \\mathrm{dW_6}\\left( t \\right) \\\\\n\\mathrm{\\mathrm{d}\\left[B\\right]}\\left( t \\right) =& \\left( p_{b} - d_{b} \\cdot \\left[ B \\right] -3 \\cdot \\frac{r_{a}}{6} \\cdot \\left[ B \\right]^{3} + 3 \\cdot r_{b} \\cdot \\left[ A \\right] \\right) \\cdot dt + \\sqrt{\\left\\|p_{b}\\right\\|} \\cdot \\mathrm{dW_3}\\left( t \\right) - \\sqrt{\\left\\|d_{b} \\cdot \\left[ B \\right]\\right\\|} \\cdot \\mathrm{dW_4}\\left( t \\right) -3 \\cdot \\sqrt{\\left\\|\\frac{r_{a}}{6} \\cdot \\left[ B \\right]^{3}\\right\\|} \\cdot \\mathrm{dW_5}\\left( t \\right) + 3 \\cdot \\sqrt{\\left\\|r_{b} \\cdot \\left[ A \\right]\\right\\|} \\cdot \\mathrm{dW_6}\\left( t \\right)\n\\end{align}\n"
Stacktrace:
 [1] top-level scope at /root/.julia/packages/DiffEqBiological/mS8Er/test/latexify_test.jl:53
 [2] include at ./boot.jl:328 [inlined]
 [3] include_relative(::Module, ::String) at ./loading.jl:1094
 [4] include(::Module, ::String) at ./Base.jl:31
 [5] include(::String) at ./client.jl:431
 [6] top-level scope at /root/.julia/packages/DiffEqBiological/mS8Er/test/runtests.jl:45
 [7] top-level scope at /buildworker/worker/package_linux64/build/usr/share/julia/stdlib/v1.2/Test/src/Test.jl:1113
 [8] top-level scope at /root/.julia/packages/DiffEqBiological/mS8Er/test/runtests.jl:45
 [9] top-level scope at util.jl:156
 [10] top-level scope at /root/.julia/packages/DiffEqBiological/mS8Er/test/runtests.jl:45
 [11] top-level scope at util.jl:156
Latexify recipe: Test Failed at /root/.julia/packages/DiffEqBiological/mS8Er/test/latexify_test.jl:61
  Expression: latexify(r; noise_only=true, bracket=true) == #= /root/.julia/packages/DiffEqBiological/mS8Er/test/latexify_test.jl:62 =# @raw_str("\\begin{align}\n\\mathrm{\\mathrm{d}\\left[A\\right]}\\left( t \\right) ∝& \\sqrt{\\left\\|\\frac{p_{a} \\cdot \\left[ B \\right]^{n}}{k^{n} + \\left[ B \\right]^{n}}\\right\\|} \\cdot \\mathrm{dW_1}\\left( t \\right) - \\sqrt{\\left\\|d_{a} \\cdot \\left[ A \\right]\\right\\|} \\cdot \\mathrm{dW_2}\\left( t \\right) + \\sqrt{\\left\\|\\frac{r_{a}}{6} \\cdot \\left[ B \\right]^{3}\\right\\|} \\cdot \\mathrm{dW_5}\\left( t \\right) - \\sqrt{\\left\\|r_{b} \\cdot \\left[ A \\right]\\right\\|} \\cdot \\mathrm{dW_6}\\left( t \\right) \\\\\n\\mathrm{\\mathrm{d}\\left[B\\right]}\\left( t \\right) ∝& \\sqrt{\\left\\|p_{b}\\right\\|} \\cdot \\mathrm{dW_3}\\left( t \\right) - \\sqrt{\\left\\|d_{b} \\cdot \\left[ B \\right]\\right\\|} \\cdot \\mathrm{dW_4}\\left( t \\right) -3 \\cdot \\sqrt{\\left\\|\\frac{r_{a}}{6} \\cdot \\left[ B \\right]^{3}\\right\\|} \\cdot \\mathrm{dW_5}\\left( t \\right) + 3 \\cdot \\sqrt{\\left\\|r_{b} \\cdot \\left[ A \\right]\\right\\|} \\cdot \\mathrm{dW_6}\\left( t \\right)\n\\end{align}\n")
   Evaluated: L"\begin{align}
\mathrm{\mathrm{d}\left[A\right]}\left( t \right) ∝& \sqrt{\left\|\frac{p_{a} \cdot \left[ B \right]^{n}}{k^{n} + \left[ B \right]^{n}}\right\|} \cdot \mathrm{dW_1}\left( t \right) + \left(  - \sqrt{\left\|d_{a} \cdot \left[ A \right]\right\|} \right) \cdot \mathrm{dW_2}\left( t \right) + \sqrt{\left\|\frac{r_{a}}{6} \cdot \left[ B \right]^{3}\right\|} \cdot \mathrm{dW_5}\left( t \right) + \left(  - \sqrt{\left\|r_{b} \cdot \left[ A \right]\right\|} \right) \cdot \mathrm{dW_6}\left( t \right) \\
\mathrm{\mathrm{d}\left[B\right]}\left( t \right) ∝& \sqrt{\left\|p_{b}\right\|} \cdot \mathrm{dW_3}\left( t \right) + \left(  - \sqrt{\left\|d_{b} \cdot \left[ B \right]\right\|} \right) \cdot \mathrm{dW_4}\left( t \right) -3 \cdot \sqrt{\left\|\frac{r_{a}}{6} \cdot \left[ B \right]^{3}\right\|} \cdot \mathrm{dW_5}\left( t \right) + 3 \cdot \sqrt{\left\|r_{b} \cdot \left[ A \right]\right\|} \cdot \mathrm{dW_6}\left( t \right)
\end{align}
" == "\\begin{align}\n\\mathrm{\\mathrm{d}\\left[A\\right]}\\left( t \\right) ∝& \\sqrt{\\left\\|\\frac{p_{a} \\cdot \\left[ B \\right]^{n}}{k^{n} + \\left[ B \\right]^{n}}\\right\\|} \\cdot \\mathrm{dW_1}\\left( t \\right) - \\sqrt{\\left\\|d_{a} \\cdot \\left[ A \\right]\\right\\|} \\cdot \\mathrm{dW_2}\\left( t \\right) + \\sqrt{\\left\\|\\frac{r_{a}}{6} \\cdot \\left[ B \\right]^{3}\\right\\|} \\cdot \\mathrm{dW_5}\\left( t \\right) - \\sqrt{\\left\\|r_{b} \\cdot \\left[ A \\right]\\right\\|} \\cdot \\mathrm{dW_6}\\left( t \\right) \\\\\n\\mathrm{\\mathrm{d}\\left[B\\right]}\\left( t \\right) ∝& \\sqrt{\\left\\|p_{b}\\right\\|} \\cdot \\mathrm{dW_3}\\left( t \\right) - \\sqrt{\\left\\|d_{b} \\cdot \\left[ B \\right]\\right\\|} \\cdot \\mathrm{dW_4}\\left( t \\right) -3 \\cdot \\sqrt{\\left\\|\\frac{r_{a}}{6} \\cdot \\left[ B \\right]^{3}\\right\\|} \\cdot \\mathrm{dW_5}\\left( t \\right) + 3 \\cdot \\sqrt{\\left\\|r_{b} \\cdot \\left[ A \\right]\\right\\|} \\cdot \\mathrm{dW_6}\\left( t \\right)\n\\end{align}\n"
Stacktrace:
 [1] top-level scope at /root/.julia/packages/DiffEqBiological/mS8Er/test/latexify_test.jl:61
 [2] include at ./boot.jl:328 [inlined]
 [3] include_relative(::Module, ::String) at ./loading.jl:1094
 [4] include(::Module, ::String) at ./Base.jl:31
 [5] include(::String) at ./client.jl:431
 [6] top-level scope at /root/.julia/packages/DiffEqBiological/mS8Er/test/runtests.jl:45
 [7] top-level scope at /buildworker/worker/package_linux64/build/usr/share/julia/stdlib/v1.2/Test/src/Test.jl:1113
 [8] top-level scope at /root/.julia/packages/DiffEqBiological/mS8Er/test/runtests.jl:45
 [9] top-level scope at util.jl:156
 [10] top-level scope at /root/.julia/packages/DiffEqBiological/mS8Er/test/runtests.jl:45
 [11] top-level scope at util.jl:156
Latexify recipe: Test Failed at /root/.julia/packages/DiffEqBiological/mS8Er/test/latexify_test.jl:69
  Expression: latexify(r; noise_only=true, bracket=true, cdot=false) == #= /root/.julia/packages/DiffEqBiological/mS8Er/test/latexify_test.jl:70 =# @raw_str("\\begin{align}\n\\mathrm{\\mathrm{d}\\left[A\\right]}\\left( t \\right) ∝& \\sqrt{\\left\\|\\frac{p_{a} \\left[ B \\right]^{n}}{k^{n} + \\left[ B \\right]^{n}}\\right\\|} \\mathrm{dW_1}\\left( t \\right) - \\sqrt{\\left\\|d_{a} \\left[ A \\right]\\right\\|} \\mathrm{dW_2}\\left( t \\right) + \\sqrt{\\left\\|\\frac{r_{a}}{6} \\left[ B \\right]^{3}\\right\\|} \\mathrm{dW_5}\\left( t \\right) - \\sqrt{\\left\\|r_{b} \\left[ A \\right]\\right\\|} \\mathrm{dW_6}\\left( t \\right) \\\\\n\\mathrm{\\mathrm{d}\\left[B\\right]}\\left( t \\right) ∝& \\sqrt{\\left\\|p_{b}\\right\\|} \\mathrm{dW_3}\\left( t \\right) - \\sqrt{\\left\\|d_{b} \\left[ B \\right]\\right\\|} \\mathrm{dW_4}\\left( t \\right) -3 \\sqrt{\\left\\|\\frac{r_{a}}{6} \\left[ B \\right]^{3}\\right\\|} \\mathrm{dW_5}\\left( t \\right) + 3 \\sqrt{\\left\\|r_{b} \\left[ A \\right]\\right\\|} \\mathrm{dW_6}\\left( t \\right)\n\\end{align}\n")
   Evaluated: L"\begin{align}
\mathrm{\mathrm{d}\left[A\right]}\left( t \right) ∝& \sqrt{\left\|\frac{p_{a} \left[ B \right]^{n}}{k^{n} + \left[ B \right]^{n}}\right\|} \mathrm{dW_1}\left( t \right) + \left(  - \sqrt{\left\|d_{a} \left[ A \right]\right\|} \right) \mathrm{dW_2}\left( t \right) + \sqrt{\left\|\frac{r_{a}}{6} \left[ B \right]^{3}\right\|} \mathrm{dW_5}\left( t \right) + \left(  - \sqrt{\left\|r_{b} \left[ A \right]\right\|} \right) \mathrm{dW_6}\left( t \right) \\
\mathrm{\mathrm{d}\left[B\right]}\left( t \right) ∝& \sqrt{\left\|p_{b}\right\|} \mathrm{dW_3}\left( t \right) + \left(  - \sqrt{\left\|d_{b} \left[ B \right]\right\|} \right) \mathrm{dW_4}\left( t \right) -3 \sqrt{\left\|\frac{r_{a}}{6} \left[ B \right]^{3}\right\|} \mathrm{dW_5}\left( t \right) + 3 \sqrt{\left\|r_{b} \left[ A \right]\right\|} \mathrm{dW_6}\left( t \right)
\end{align}
" == "\\begin{align}\n\\mathrm{\\mathrm{d}\\left[A\\right]}\\left( t \\right) ∝& \\sqrt{\\left\\|\\frac{p_{a} \\left[ B \\right]^{n}}{k^{n} + \\left[ B \\right]^{n}}\\right\\|} \\mathrm{dW_1}\\left( t \\right) - \\sqrt{\\left\\|d_{a} \\left[ A \\right]\\right\\|} \\mathrm{dW_2}\\left( t \\right) + \\sqrt{\\left\\|\\frac{r_{a}}{6} \\left[ B \\right]^{3}\\right\\|} \\mathrm{dW_5}\\left( t \\right) - \\sqrt{\\left\\|r_{b} \\left[ A \\right]\\right\\|} \\mathrm{dW_6}\\left( t \\right) \\\\\n\\mathrm{\\mathrm{d}\\left[B\\right]}\\left( t \\right) ∝& \\sqrt{\\left\\|p_{b}\\right\\|} \\mathrm{dW_3}\\left( t \\right) - \\sqrt{\\left\\|d_{b} \\left[ B \\right]\\right\\|} \\mathrm{dW_4}\\left( t \\right) -3 \\sqrt{\\left\\|\\frac{r_{a}}{6} \\left[ B \\right]^{3}\\right\\|} \\mathrm{dW_5}\\left( t \\right) + 3 \\sqrt{\\left\\|r_{b} \\left[ A \\right]\\right\\|} \\mathrm{dW_6}\\left( t \\right)\n\\end{align}\n"
Stacktrace:
 [1] top-level scope at /root/.julia/packages/DiffEqBiological/mS8Er/test/latexify_test.jl:69
 [2] include at ./boot.jl:328 [inlined]
 [3] include_relative(::Module, ::String) at ./loading.jl:1094
 [4] include(::Module, ::String) at ./Base.jl:31
 [5] include(::String) at ./client.jl:431
 [6] top-level scope at /root/.julia/packages/DiffEqBiological/mS8Er/test/runtests.jl:45
 [7] top-level scope at /buildworker/worker/package_linux64/build/usr/share/julia/stdlib/v1.2/Test/src/Test.jl:1113
 [8] top-level scope at /root/.julia/packages/DiffEqBiological/mS8Er/test/runtests.jl:45
 [9] top-level scope at util.jl:156
 [10] top-level scope at /root/.julia/packages/DiffEqBiological/mS8Er/test/runtests.jl:45
 [11] top-level scope at util.jl:156
Latexify recipe: Test Failed at /root/.julia/packages/DiffEqBiological/mS8Er/test/latexify_test.jl:77
  Expression: latexify(r; noise=true, noise_var=:Noise, bracket=true) == #= /root/.julia/packages/DiffEqBiological/mS8Er/test/latexify_test.jl:78 =# @raw_str("\\begin{align}\n\\mathrm{\\mathrm{d}\\left[A\\right]}\\left( t \\right) =& \\left( \\frac{p_{a} \\cdot \\left[ B \\right]^{n}}{k^{n} + \\left[ B \\right]^{n}} - d_{a} \\cdot \\left[ A \\right] + \\frac{r_{a}}{6} \\cdot \\left[ B \\right]^{3} - r_{b} \\cdot \\left[ A \\right] \\right) \\cdot dt + \\sqrt{\\left\\|\\frac{p_{a} \\cdot \\left[ B \\right]^{n}}{k^{n} + \\left[ B \\right]^{n}}\\right\\|} \\cdot \\mathrm{dNoise_1}\\left( t \\right) - \\sqrt{\\left\\|d_{a} \\cdot \\left[ A \\right]\\right\\|} \\cdot \\mathrm{dNoise_2}\\left( t \\right) + \\sqrt{\\left\\|\\frac{r_{a}}{6} \\cdot \\left[ B \\right]^{3}\\right\\|} \\cdot \\mathrm{dNoise_5}\\left( t \\right) - \\sqrt{\\left\\|r_{b} \\cdot \\left[ A \\right]\\right\\|} \\cdot \\mathrm{dNoise_6}\\left( t \\right) \\\\\n\\mathrm{\\mathrm{d}\\left[B\\right]}\\left( t \\right) =& \\left( p_{b} - d_{b} \\cdot \\left[ B \\right] -3 \\cdot \\frac{r_{a}}{6} \\cdot \\left[ B \\right]^{3} + 3 \\cdot r_{b} \\cdot \\left[ A \\right] \\right) \\cdot dt + \\sqrt{\\left\\|p_{b}\\right\\|} \\cdot \\mathrm{dNoise_3}\\left( t \\right) - \\sqrt{\\left\\|d_{b} \\cdot \\left[ B \\right]\\right\\|} \\cdot \\mathrm{dNoise_4}\\left( t \\right) -3 \\cdot \\sqrt{\\left\\|\\frac{r_{a}}{6} \\cdot \\left[ B \\right]^{3}\\right\\|} \\cdot \\mathrm{dNoise_5}\\left( t \\right) + 3 \\cdot \\sqrt{\\left\\|r_{b} \\cdot \\left[ A \\right]\\right\\|} \\cdot \\mathrm{dNoise_6}\\left( t \\right)\n\\end{align}\n")
   Evaluated: L"\begin{align}
\mathrm{\mathrm{d}\left[A\right]}\left( t \right) =& \left( \frac{p_{a} \cdot \left[ B \right]^{n}}{k^{n} + \left[ B \right]^{n}} - d_{a} \cdot \left[ A \right] + \frac{r_{a}}{6} \cdot \left[ B \right]^{3} - r_{b} \cdot \left[ A \right] \right) \cdot dt + \sqrt{\left\|\frac{p_{a} \cdot \left[ B \right]^{n}}{k^{n} + \left[ B \right]^{n}}\right\|} \cdot \mathrm{dNoise_1}\left( t \right) + \left(  - \sqrt{\left\|d_{a} \cdot \left[ A \right]\right\|} \right) \cdot \mathrm{dNoise_2}\left( t \right) + \sqrt{\left\|\frac{r_{a}}{6} \cdot \left[ B \right]^{3}\right\|} \cdot \mathrm{dNoise_5}\left( t \right) + \left(  - \sqrt{\left\|r_{b} \cdot \left[ A \right]\right\|} \right) \cdot \mathrm{dNoise_6}\left( t \right) \\
\mathrm{\mathrm{d}\left[B\right]}\left( t \right) =& \left( p_{b} - d_{b} \cdot \left[ B \right] -3 \cdot \frac{r_{a}}{6} \cdot \left[ B \right]^{3} + 3 \cdot r_{b} \cdot \left[ A \right] \right) \cdot dt + \sqrt{\left\|p_{b}\right\|} \cdot \mathrm{dNoise_3}\left( t \right) + \left(  - \sqrt{\left\|d_{b} \cdot \left[ B \right]\right\|} \right) \cdot \mathrm{dNoise_4}\left( t \right) -3 \cdot \sqrt{\left\|\frac{r_{a}}{6} \cdot \left[ B \right]^{3}\right\|} \cdot \mathrm{dNoise_5}\left( t \right) + 3 \cdot \sqrt{\left\|r_{b} \cdot \left[ A \right]\right\|} \cdot \mathrm{dNoise_6}\left( t \right)
\end{align}
" == "\\begin{align}\n\\mathrm{\\mathrm{d}\\left[A\\right]}\\left( t \\right) =& \\left( \\frac{p_{a} \\cdot \\left[ B \\right]^{n}}{k^{n} + \\left[ B \\right]^{n}} - d_{a} \\cdot \\left[ A \\right] + \\frac{r_{a}}{6} \\cdot \\left[ B \\right]^{3} - r_{b} \\cdot \\left[ A \\right] \\right) \\cdot dt + \\sqrt{\\left\\|\\frac{p_{a} \\cdot \\left[ B \\right]^{n}}{k^{n} + \\left[ B \\right]^{n}}\\right\\|} \\cdot \\mathrm{dNoise_1}\\left( t \\right) - \\sqrt{\\left\\|d_{a} \\cdot \\left[ A \\right]\\right\\|} \\cdot \\mathrm{dNoise_2}\\left( t \\right) + \\sqrt{\\left\\|\\frac{r_{a}}{6} \\cdot \\left[ B \\right]^{3}\\right\\|} \\cdot \\mathrm{dNoise_5}\\left( t \\right) - \\sqrt{\\left\\|r_{b} \\cdot \\left[ A \\right]\\right\\|} \\cdot \\mathrm{dNoise_6}\\left( t \\right) \\\\\n\\mathrm{\\mathrm{d}\\left[B\\right]}\\left( t \\right) =& \\left( p_{b} - d_{b} \\cdot \\left[ B \\right] -3 \\cdot \\frac{r_{a}}{6} \\cdot \\left[ B \\right]^{3} + 3 \\cdot r_{b} \\cdot \\left[ A \\right] \\right) \\cdot dt + \\sqrt{\\left\\|p_{b}\\right\\|} \\cdot \\mathrm{dNoise_3}\\left( t \\right) - \\sqrt{\\left\\|d_{b} \\cdot \\left[ B \\right]\\right\\|} \\cdot \\mathrm{dNoise_4}\\left( t \\right) -3 \\cdot \\sqrt{\\left\\|\\frac{r_{a}}{6} \\cdot \\left[ B \\right]^{3}\\right\\|} \\cdot \\mathrm{dNoise_5}\\left( t \\right) + 3 \\cdot \\sqrt{\\left\\|r_{b} \\cdot \\left[ A \\right]\\right\\|} \\cdot \\mathrm{dNoise_6}\\left( t \\right)\n\\end{align}\n"
Stacktrace:
 [1] top-level scope at /root/.julia/packages/DiffEqBiological/mS8Er/test/latexify_test.jl:77
 [2] include at ./boot.jl:328 [inlined]
 [3] include_relative(::Module, ::String) at ./loading.jl:1094
 [4] include(::Module, ::String) at ./Base.jl:31
 [5] include(::String) at ./client.jl:431
 [6] top-level scope at /root/.julia/packages/DiffEqBiological/mS8Er/test/runtests.jl:45
 [7] top-level scope at /buildworker/worker/package_linux64/build/usr/share/julia/stdlib/v1.2/Test/src/Test.jl:1113
 [8] top-level scope at /root/.julia/packages/DiffEqBiological/mS8Er/test/runtests.jl:45
 [9] top-level scope at util.jl:156
 [10] top-level scope at /root/.julia/packages/DiffEqBiological/mS8Er/test/runtests.jl:45
 [11] top-level scope at util.jl:156
Test Summary:   | Pass  Fail  Total
Latexify recipe |    2     5      7
ERROR: LoadError: Some tests did not pass: 2 passed, 5 failed, 0 errored, 0 broken.
in expression starting at /root/.julia/packages/DiffEqBiological/mS8Er/test/runtests.jl:44
ERROR: Package DiffEqBiological errored during testing
Stacktrace:
 [1] pkgerror(::String, ::Vararg{String,N} where N) at /buildworker/worker/package_linux64/build/usr/share/julia/stdlib/v1.2/Pkg/src/Types.jl:112
 [2] #test#119(::Bool, ::Nothing, ::typeof(Pkg.Operations.test), ::Pkg.Types.Context, ::Array{Pkg.Types.PackageSpec,1}) at /buildworker/worker/package_linux64/build/usr/share/julia/stdlib/v1.2/Pkg/src/Operations.jl:1288
 [3] #test at ./none:0 [inlined]
 [4] #test#62(::Bool, ::Nothing, ::Base.Iterators.Pairs{Union{},Union{},Tuple{},NamedTuple{(),Tuple{}}}, ::typeof(Pkg.API.test), ::Pkg.Types.Context, ::Array{Pkg.Types.PackageSpec,1}) at /buildworker/worker/package_linux64/build/usr/share/julia/stdlib/v1.2/Pkg/src/API.jl:245
 [5] test at /buildworker/worker/package_linux64/build/usr/share/julia/stdlib/v1.2/Pkg/src/API.jl:233 [inlined]
 [6] #test#61 at /buildworker/worker/package_linux64/build/usr/share/julia/stdlib/v1.2/Pkg/src/API.jl:230 [inlined]
 [7] test at /buildworker/worker/package_linux64/build/usr/share/julia/stdlib/v1.2/Pkg/src/API.jl:230 [inlined]
 [8] #test#60 at /buildworker/worker/package_linux64/build/usr/share/julia/stdlib/v1.2/Pkg/src/API.jl:229 [inlined]
 [9] test at /buildworker/worker/package_linux64/build/usr/share/julia/stdlib/v1.2/Pkg/src/API.jl:229 [inlined]
 [10] #test#59(::Base.Iterators.Pairs{Union{},Union{},Tuple{},NamedTuple{(),Tuple{}}}, ::typeof(Pkg.API.test), ::String) at /buildworker/worker/package_linux64/build/usr/share/julia/stdlib/v1.2/Pkg/src/API.jl:228
 [11] test(::String) at /buildworker/worker/package_linux64/build/usr/share/julia/stdlib/v1.2/Pkg/src/API.jl:228
 [12] top-level scope at none:10
