 Resolving package versions...
 Installed URIParser ──────────── v0.4.0
 Installed Blosc ──────────────── v0.5.1
 Installed FEMBasis ───────────── v0.3.0
 Installed CommonSubexpressions ─ v0.2.0
 Installed HDF5 ───────────────── v0.12.5
 Installed MortarContact2DAD ──── v0.2.0
 Installed BinaryProvider ─────── v0.5.8
 Installed FEMQuad ────────────── v0.3.2
 Installed Compat ─────────────── v2.2.0
 Installed Reexport ───────────── v0.2.0
 Installed ForwardDiff ────────── v0.10.7
 Installed TimerOutputs ───────── v0.5.3
 Installed OrderedCollections ─── v1.1.0
 Installed FEMBeam ────────────── v0.3.1
 Installed AsterReader ────────── v0.2.3
 Installed HeatTransfer ───────── v0.3.1
 Installed Calculus ───────────── v0.5.1
 Installed DiffRules ──────────── v0.1.0
 Installed DiffResults ────────── v0.0.4
 Installed NaNMath ────────────── v0.3.3
 Installed MortarContact2D ────── v0.3.1
 Installed StaticArrays ───────── v0.12.1
 Installed LightXML ───────────── v0.8.1
 Installed Parameters ─────────── v0.12.0
 Installed AbaqusReader ───────── v0.2.2
 Installed CMake ──────────────── v1.1.2
 Installed CMakeWrapper ───────── v0.2.3
 Installed FEMBase ────────────── v0.3.0
 Installed SpecialFunctions ───── v0.8.0
 Installed Nullables ──────────── v1.0.0
 Installed BinDeps ────────────── v0.8.10
 Installed Arpack ─────────────── v0.3.1
 Installed JuliaFEM ───────────── v0.5.1
  Updating `~/.julia/environments/v1.2/Project.toml`
  [f80590ac] + JuliaFEM v0.5.1
  Updating `~/.julia/environments/v1.2/Manifest.toml`
  [bc6b9049] + AbaqusReader v0.2.2
  [7d9fca2a] + Arpack v0.3.1
  [cb1a753d] + AsterReader v0.2.3
  [9e28174c] + BinDeps v0.8.10
  [b99e7846] + BinaryProvider v0.5.8
  [a74b3585] + Blosc v0.5.1
  [631607c0] + CMake v1.1.2
  [d5fb7624] + CMakeWrapper v0.2.3
  [49dc2e85] + Calculus v0.5.1
  [bbf7d656] + CommonSubexpressions v0.2.0
  [34da2185] + Compat v2.2.0
  [163ba53b] + DiffResults v0.0.4
  [b552c78f] + DiffRules v0.1.0
  [fbcbbc08] + FEMBase v0.3.0
  [353fb843] + FEMBasis v0.3.0
  [962f5c4a] + FEMBeam v0.3.1
  [be8e8821] + FEMQuad v0.3.2
  [f6369f11] + ForwardDiff v0.10.7
  [f67ccb44] + HDF5 v0.12.5
  [4030f512] + HeatTransfer v0.3.1
  [f80590ac] + JuliaFEM v0.5.1
  [9c8b4983] + LightXML v0.8.1
  [048d6160] + MortarContact2D v0.3.1
  [c1673bdb] + MortarContact2DAD v0.2.0
  [77ba4419] + NaNMath v0.3.3
  [4d1e1d77] + Nullables v1.0.0
  [bac558e1] + OrderedCollections v1.1.0
  [d96e819e] + Parameters v0.12.0
  [189a3867] + Reexport v0.2.0
  [276daf66] + SpecialFunctions v0.8.0
  [90137ffa] + StaticArrays v0.12.1
  [a759f4b9] + TimerOutputs v0.5.3
  [30578b45] + URIParser v0.4.0
  [2a0f44e3] + Base64 
  [ade2ca70] + Dates 
  [8bb1440f] + DelimitedFiles 
  [8ba89e20] + Distributed 
  [b77e0a4c] + InteractiveUtils 
  [76f85450] + LibGit2 
  [8f399da3] + Libdl 
  [37e2e46d] + LinearAlgebra 
  [56ddb016] + Logging 
  [d6f4376e] + Markdown 
  [a63ad114] + Mmap 
  [44cfe95a] + Pkg 
  [de0858da] + Printf 
  [3fa0cd96] + REPL 
  [9a3f8284] + Random 
  [ea8e919c] + SHA 
  [9e88b42a] + Serialization 
  [1a1011a3] + SharedArrays 
  [6462fe0b] + Sockets 
  [2f01184e] + SparseArrays 
  [10745b16] + Statistics 
  [8dfed614] + Test 
  [cf7118a7] + UUIDs 
  [4ec0a83e] + Unicode 
  Building CMake ───────────→ `~/.julia/packages/CMake/nSK2r/deps/build.log`
  Building Blosc ───────────→ `~/.julia/packages/Blosc/lzFr0/deps/build.log`
  Building HDF5 ────────────→ `~/.julia/packages/HDF5/Zh9on/deps/build.log`
  Building LightXML ────────→ `~/.julia/packages/LightXML/W8FVT/deps/build.log`
  Building SpecialFunctions → `~/.julia/packages/SpecialFunctions/ne2iw/deps/build.log`
  Building Arpack ──────────→ `~/.julia/packages/Arpack/cu5By/deps/build.log`
   Testing JuliaFEM
 Resolving package versions...
    Status `/tmp/jl_MdPZ7x/Manifest.toml`
  [bc6b9049] AbaqusReader v0.2.2
  [7d9fca2a] Arpack v0.3.1
  [cb1a753d] AsterReader v0.2.3
  [9e28174c] BinDeps v0.8.10
  [b99e7846] BinaryProvider v0.5.8
  [a74b3585] Blosc v0.5.1
  [631607c0] CMake v1.1.2
  [d5fb7624] CMakeWrapper v0.2.3
  [49dc2e85] Calculus v0.5.1
  [bbf7d656] CommonSubexpressions v0.2.0
  [34da2185] Compat v2.2.0
  [163ba53b] DiffResults v0.0.4
  [b552c78f] DiffRules v0.1.0
  [fbcbbc08] FEMBase v0.3.0
  [353fb843] FEMBasis v0.3.0
  [962f5c4a] FEMBeam v0.3.1
  [be8e8821] FEMQuad v0.3.2
  [f6369f11] ForwardDiff v0.10.7
  [f67ccb44] HDF5 v0.12.5
  [4030f512] HeatTransfer v0.3.1
  [f80590ac] JuliaFEM v0.5.1
  [9c8b4983] LightXML v0.8.1
  [048d6160] MortarContact2D v0.3.1
  [c1673bdb] MortarContact2DAD v0.2.0
  [77ba4419] NaNMath v0.3.3
  [4d1e1d77] Nullables v1.0.0
  [bac558e1] OrderedCollections v1.1.0
  [d96e819e] Parameters v0.12.0
  [189a3867] Reexport v0.2.0
  [276daf66] SpecialFunctions v0.8.0
  [90137ffa] StaticArrays v0.12.1
  [a759f4b9] TimerOutputs v0.5.3
  [30578b45] URIParser v0.4.0
  [2a0f44e3] Base64  [`@stdlib/Base64`]
  [ade2ca70] Dates  [`@stdlib/Dates`]
  [8bb1440f] DelimitedFiles  [`@stdlib/DelimitedFiles`]
  [8ba89e20] Distributed  [`@stdlib/Distributed`]
  [b77e0a4c] InteractiveUtils  [`@stdlib/InteractiveUtils`]
  [76f85450] LibGit2  [`@stdlib/LibGit2`]
  [8f399da3] Libdl  [`@stdlib/Libdl`]
  [37e2e46d] LinearAlgebra  [`@stdlib/LinearAlgebra`]
  [56ddb016] Logging  [`@stdlib/Logging`]
  [d6f4376e] Markdown  [`@stdlib/Markdown`]
  [a63ad114] Mmap  [`@stdlib/Mmap`]
  [44cfe95a] Pkg  [`@stdlib/Pkg`]
  [de0858da] Printf  [`@stdlib/Printf`]
  [3fa0cd96] REPL  [`@stdlib/REPL`]
  [9a3f8284] Random  [`@stdlib/Random`]
  [ea8e919c] SHA  [`@stdlib/SHA`]
  [9e88b42a] Serialization  [`@stdlib/Serialization`]
  [1a1011a3] SharedArrays  [`@stdlib/SharedArrays`]
  [6462fe0b] Sockets  [`@stdlib/Sockets`]
  [2f01184e] SparseArrays  [`@stdlib/SparseArrays`]
  [10745b16] Statistics  [`@stdlib/Statistics`]
  [8dfed614] Test  [`@stdlib/Test`]
  [cf7118a7] UUIDs  [`@stdlib/UUIDs`]
  [4ec0a83e] Unicode  [`@stdlib/Unicode`]
┌ Warning: Package FEMBase does not have TimerOutputs in its dependencies:
│ - If you have FEMBase checked out for development and have
│   added TimerOutputs as a dependency but haven't updated your primary
│   environment's manifest file, try `Pkg.resolve()`.
│ - Otherwise you may need to report an issue with FEMBase
└ Loading TimerOutputs into FEMBase from project dependency, future warnings for FEMBase are suppressed.
ERROR: LoadError: ArgumentError: Package FEMBasis does not have Tensors in its dependencies:
- If you have FEMBasis checked out for development and have
  added Tensors as a dependency but haven't updated your primary
  environment's manifest file, try `Pkg.resolve()`.
- Otherwise you may need to report an issue with FEMBasis
Stacktrace:
 [1] require(::Module, ::Symbol) at ./loading.jl:889
 [2] include at ./boot.jl:328 [inlined]
 [3] include_relative(::Module, ::String) at ./loading.jl:1094
 [4] include(::Module, ::String) at ./Base.jl:31
 [5] top-level scope at none:2
 [6] eval at ./boot.jl:330 [inlined]
 [7] eval(::Expr) at ./client.jl:432
 [8] top-level scope at ./none:3
in expression starting at /root/.julia/packages/FEMBasis/lAIM2/src/FEMBasis.jl:8
ERROR: LoadError: Failed to precompile FEMBasis [353fb843-c566-51e6-ba49-78b3e3d5ebb5] to /root/.julia/compiled/v1.2/FEMBasis/x3cNT.ji.
Stacktrace:
 [1] error(::String) at ./error.jl:33
 [2] compilecache(::Base.PkgId, ::String) at ./loading.jl:1253
 [3] _require(::Base.PkgId) at ./loading.jl:1013
 [4] require(::Base.PkgId) at ./loading.jl:911
 [5] require(::Module, ::Symbol) at ./loading.jl:906
 [6] include at ./boot.jl:328 [inlined]
 [7] include_relative(::Module, ::String) at ./loading.jl:1094
 [8] include(::Module, ::String) at ./Base.jl:31
 [9] top-level scope at none:2
 [10] eval at ./boot.jl:330 [inlined]
 [11] eval(::Expr) at ./client.jl:432
 [12] top-level scope at ./none:3
in expression starting at /root/.julia/packages/FEMBase/1R4fe/src/FEMBase.jl:19
ERROR: LoadError: Failed to precompile FEMBase [fbcbbc08-f1bf-5204-9233-b69f5d396135] to /root/.julia/compiled/v1.2/FEMBase/6HUoq.ji.
Stacktrace:
 [1] error(::String) at ./error.jl:33
 [2] compilecache(::Base.PkgId, ::String) at ./loading.jl:1253
 [3] _require(::Base.PkgId) at ./loading.jl:1013
 [4] require(::Base.PkgId) at ./loading.jl:911
 [5] require(::Module, ::Symbol) at ./loading.jl:906
 [6] include at ./boot.jl:328 [inlined]
 [7] include_relative(::Module, ::String) at ./loading.jl:1094
 [8] include(::Module, ::String) at ./Base.jl:31
 [9] top-level scope at none:2
 [10] eval at ./boot.jl:330 [inlined]
 [11] eval(::Expr) at ./client.jl:432
 [12] top-level scope at ./none:3
in expression starting at /root/.julia/packages/JuliaFEM/DbhTT/src/JuliaFEM.jl:111
ERROR: LoadError: Failed to precompile JuliaFEM [f80590ac-b429-510a-8a99-e7c46989f22d] to /root/.julia/compiled/v1.2/JuliaFEM/JKouA.ji.
Stacktrace:
 [1] error(::String) at ./error.jl:33
 [2] compilecache(::Base.PkgId, ::String) at ./loading.jl:1253
 [3] _require(::Base.PkgId) at ./loading.jl:1013
 [4] require(::Base.PkgId) at ./loading.jl:911
 [5] require(::Module, ::Symbol) at ./loading.jl:906
 [6] include at ./boot.jl:328 [inlined]
 [7] include_relative(::Module, ::String) at ./loading.jl:1094
 [8] include(::Module, ::String) at ./Base.jl:31
 [9] include(::String) at ./client.jl:431
 [10] top-level scope at none:5
in expression starting at /root/.julia/packages/JuliaFEM/DbhTT/test/runtests.jl:4
ERROR: Package JuliaFEM errored during testing
Stacktrace:
 [1] pkgerror(::String, ::Vararg{String,N} where N) at /buildworker/worker/package_linux64/build/usr/share/julia/stdlib/v1.2/Pkg/src/Types.jl:112
 [2] #test#119(::Bool, ::Nothing, ::typeof(Pkg.Operations.test), ::Pkg.Types.Context, ::Array{Pkg.Types.PackageSpec,1}) at /buildworker/worker/package_linux64/build/usr/share/julia/stdlib/v1.2/Pkg/src/Operations.jl:1288
 [3] #test at ./none:0 [inlined]
 [4] #test#62(::Bool, ::Nothing, ::Base.Iterators.Pairs{Union{},Union{},Tuple{},NamedTuple{(),Tuple{}}}, ::typeof(Pkg.API.test), ::Pkg.Types.Context, ::Array{Pkg.Types.PackageSpec,1}) at /buildworker/worker/package_linux64/build/usr/share/julia/stdlib/v1.2/Pkg/src/API.jl:245
 [5] test at /buildworker/worker/package_linux64/build/usr/share/julia/stdlib/v1.2/Pkg/src/API.jl:233 [inlined]
 [6] #test#61 at /buildworker/worker/package_linux64/build/usr/share/julia/stdlib/v1.2/Pkg/src/API.jl:230 [inlined]
 [7] test at /buildworker/worker/package_linux64/build/usr/share/julia/stdlib/v1.2/Pkg/src/API.jl:230 [inlined]
 [8] #test#60 at /buildworker/worker/package_linux64/build/usr/share/julia/stdlib/v1.2/Pkg/src/API.jl:229 [inlined]
 [9] test at /buildworker/worker/package_linux64/build/usr/share/julia/stdlib/v1.2/Pkg/src/API.jl:229 [inlined]
 [10] #test#59(::Base.Iterators.Pairs{Union{},Union{},Tuple{},NamedTuple{(),Tuple{}}}, ::typeof(Pkg.API.test), ::String) at /buildworker/worker/package_linux64/build/usr/share/julia/stdlib/v1.2/Pkg/src/API.jl:228
 [11] test(::String) at /buildworker/worker/package_linux64/build/usr/share/julia/stdlib/v1.2/Pkg/src/API.jl:228
 [12] top-level scope at none:10
