 Resolving package versions...
 Installed Missings ─────────────────────── v0.4.3
 Installed DataAPI ──────────────────────── v1.1.0
 Installed AbstractFFTs ─────────────────── v0.5.0
 Installed LowRankApprox ────────────────── v0.4.0
 Installed DomainSets ───────────────────── v0.1.0
 Installed BlockBandedMatrices ──────────── v0.6.0
 Installed BinaryProvider ───────────────── v0.5.8
 Installed ApproxFun ────────────────────── v0.11.8
 Installed StatsBase ────────────────────── v0.32.0
 Installed Conda ────────────────────────── v1.3.0
 Installed URIParser ────────────────────── v0.4.0
 Installed ArrayLayouts ─────────────────── v0.1.5
 Installed ApproxFunSingularities ───────── v0.1.6
 Installed BlockArrays ──────────────────── v0.10.2
 Installed HierarchicalMatrices ─────────── v0.2.0
 Installed Polynomials ──────────────────── v0.6.0
 Installed Compat ───────────────────────── v2.2.0
 Installed ApproxFunOrthogonalPolynomials ─ v0.2.5
 Installed OrderedCollections ───────────── v1.1.0
 Installed RecipesBase ──────────────────── v0.7.0
 Installed Reexport ─────────────────────── v0.2.0
 Installed Calculus ─────────────────────── v0.5.1
 Installed DataStructures ───────────────── v0.17.6
 Installed DualNumbers ──────────────────── v0.6.2
 Installed Parsers ──────────────────────── v0.3.10
 Installed BandedMatrices ───────────────── v0.14.2
 Installed FastGaussQuadrature ──────────── v0.4.1
 Installed StaticArrays ─────────────────── v0.12.1
 Installed ToeplitzMatrices ─────────────── v0.6.0
 Installed FillArrays ───────────────────── v0.8.2
 Installed NaNMath ──────────────────────── v0.3.3
 Installed JSON ─────────────────────────── v0.21.0
 Installed DSP ──────────────────────────── v0.6.2
 Installed FFTW ─────────────────────────── v1.1.0
 Installed IntervalSets ─────────────────── v0.3.2
 Installed SortingAlgorithms ────────────── v0.3.1
 Installed VersionParsing ───────────────── v1.1.3
 Installed LazyArrays ───────────────────── v0.14.10
 Installed MacroTools ───────────────────── v0.5.2
 Installed FastTransforms ───────────────── v0.6.1
 Installed SpecialFunctions ─────────────── v0.8.0
 Installed ApproxFunBase ────────────────── v0.2.3
 Installed MatrixFactorizations ─────────── v0.2.1
 Installed Nullables ────────────────────── v1.0.0
 Installed ApproxFunFourier ─────────────── v0.1.7
 Installed InfiniteArrays ───────────────── v0.5.0
 Installed BinDeps ──────────────────────── v0.8.10
 Installed ProgressMeter ────────────────── v1.2.0
  Updating `~/.julia/environments/v1.2/Project.toml`
  [28f2ccd6] + ApproxFun v0.11.8
  Updating `~/.julia/environments/v1.2/Manifest.toml`
  [621f4979] + AbstractFFTs v0.5.0
  [28f2ccd6] + ApproxFun v0.11.8
  [fbd15aa5] + ApproxFunBase v0.2.3
  [59844689] + ApproxFunFourier v0.1.7
  [b70543e2] + ApproxFunOrthogonalPolynomials v0.2.5
  [f8fcb915] + ApproxFunSingularities v0.1.6
  [4c555306] + ArrayLayouts v0.1.5
  [aae01518] + BandedMatrices v0.14.2
  [9e28174c] + BinDeps v0.8.10
  [b99e7846] + BinaryProvider v0.5.8
  [8e7c35d0] + BlockArrays v0.10.2
  [ffab5731] + BlockBandedMatrices v0.6.0
  [49dc2e85] + Calculus v0.5.1
  [34da2185] + Compat v2.2.0
  [8f4d0f93] + Conda v1.3.0
  [717857b8] + DSP v0.6.2
  [9a962f9c] + DataAPI v1.1.0
  [864edb3b] + DataStructures v0.17.6
  [5b8099bc] + DomainSets v0.1.0
  [fa6b7ba4] + DualNumbers v0.6.2
  [7a1cc6ca] + FFTW v1.1.0
  [442a2c76] + FastGaussQuadrature v0.4.1
  [057dd010] + FastTransforms v0.6.1
  [1a297f60] + FillArrays v0.8.2
  [7c893195] + HierarchicalMatrices v0.2.0
  [4858937d] + InfiniteArrays v0.5.0
  [8197267c] + IntervalSets v0.3.2
  [682c06a0] + JSON v0.21.0
  [5078a376] + LazyArrays v0.14.10
  [898213cb] + LowRankApprox v0.4.0
  [1914dd2f] + MacroTools v0.5.2
  [a3b82374] + MatrixFactorizations v0.2.1
  [e1d29d7a] + Missings v0.4.3
  [77ba4419] + NaNMath v0.3.3
  [4d1e1d77] + Nullables v1.0.0
  [bac558e1] + OrderedCollections v1.1.0
  [69de0a69] + Parsers v0.3.10
  [f27b6e38] + Polynomials v0.6.0
  [92933f4c] + ProgressMeter v1.2.0
  [3cdcf5f2] + RecipesBase v0.7.0
  [189a3867] + Reexport v0.2.0
  [a2af1166] + SortingAlgorithms v0.3.1
  [276daf66] + SpecialFunctions v0.8.0
  [90137ffa] + StaticArrays v0.12.1
  [2913bbd2] + StatsBase v0.32.0
  [c751599d] + ToeplitzMatrices v0.6.0
  [30578b45] + URIParser v0.4.0
  [81def892] + VersionParsing v1.1.3
  [2a0f44e3] + Base64 
  [ade2ca70] + Dates 
  [8bb1440f] + DelimitedFiles 
  [8ba89e20] + Distributed 
  [b77e0a4c] + InteractiveUtils 
  [76f85450] + LibGit2 
  [8f399da3] + Libdl 
  [37e2e46d] + LinearAlgebra 
  [56ddb016] + Logging 
  [d6f4376e] + Markdown 
  [a63ad114] + Mmap 
  [44cfe95a] + Pkg 
  [de0858da] + Printf 
  [3fa0cd96] + REPL 
  [9a3f8284] + Random 
  [ea8e919c] + SHA 
  [9e88b42a] + Serialization 
  [1a1011a3] + SharedArrays 
  [6462fe0b] + Sockets 
  [2f01184e] + SparseArrays 
  [10745b16] + Statistics 
  [8dfed614] + Test 
  [cf7118a7] + UUIDs 
  [4ec0a83e] + Unicode 
  Building Conda ───────────→ `~/.julia/packages/Conda/kLXeC/deps/build.log`
  Building FFTW ────────────→ `~/.julia/packages/FFTW/loJ3F/deps/build.log`
  Building SpecialFunctions → `~/.julia/packages/SpecialFunctions/ne2iw/deps/build.log`
   Testing ApproxFun
 Resolving package versions...
    Status `/tmp/jl_UFRDHA/Manifest.toml`
  [621f4979] AbstractFFTs v0.5.0
  [28f2ccd6] ApproxFun v0.11.8
  [fbd15aa5] ApproxFunBase v0.2.3
  [59844689] ApproxFunFourier v0.1.7
  [b70543e2] ApproxFunOrthogonalPolynomials v0.2.5
  [f8fcb915] ApproxFunSingularities v0.1.6
  [4c555306] ArrayLayouts v0.1.5
  [aae01518] BandedMatrices v0.14.2
  [9e28174c] BinDeps v0.8.10
  [b99e7846] BinaryProvider v0.5.8
  [8e7c35d0] BlockArrays v0.10.2
  [ffab5731] BlockBandedMatrices v0.6.0
  [49dc2e85] Calculus v0.5.1
  [34da2185] Compat v2.2.0
  [8f4d0f93] Conda v1.3.0
  [717857b8] DSP v0.6.2
  [9a962f9c] DataAPI v1.1.0
  [864edb3b] DataStructures v0.17.6
  [5b8099bc] DomainSets v0.1.0
  [fa6b7ba4] DualNumbers v0.6.2
  [7a1cc6ca] FFTW v1.1.0
  [442a2c76] FastGaussQuadrature v0.4.1
  [057dd010] FastTransforms v0.6.1
  [1a297f60] FillArrays v0.8.2
  [7c893195] HierarchicalMatrices v0.2.0
  [4858937d] InfiniteArrays v0.5.0
  [8197267c] IntervalSets v0.3.2
  [682c06a0] JSON v0.21.0
  [5078a376] LazyArrays v0.14.10
  [898213cb] LowRankApprox v0.4.0
  [1914dd2f] MacroTools v0.5.2
  [a3b82374] MatrixFactorizations v0.2.1
  [e1d29d7a] Missings v0.4.3
  [77ba4419] NaNMath v0.3.3
  [4d1e1d77] Nullables v1.0.0
  [bac558e1] OrderedCollections v1.1.0
  [69de0a69] Parsers v0.3.10
  [f27b6e38] Polynomials v0.6.0
  [92933f4c] ProgressMeter v1.2.0
  [3cdcf5f2] RecipesBase v0.7.0
  [189a3867] Reexport v0.2.0
  [a2af1166] SortingAlgorithms v0.3.1
  [276daf66] SpecialFunctions v0.8.0
  [90137ffa] StaticArrays v0.12.1
  [2913bbd2] StatsBase v0.32.0
  [c751599d] ToeplitzMatrices v0.6.0
  [30578b45] URIParser v0.4.0
  [81def892] VersionParsing v1.1.3
  [2a0f44e3] Base64  [`@stdlib/Base64`]
  [ade2ca70] Dates  [`@stdlib/Dates`]
  [8bb1440f] DelimitedFiles  [`@stdlib/DelimitedFiles`]
  [8ba89e20] Distributed  [`@stdlib/Distributed`]
  [b77e0a4c] InteractiveUtils  [`@stdlib/InteractiveUtils`]
  [76f85450] LibGit2  [`@stdlib/LibGit2`]
  [8f399da3] Libdl  [`@stdlib/Libdl`]
  [37e2e46d] LinearAlgebra  [`@stdlib/LinearAlgebra`]
  [56ddb016] Logging  [`@stdlib/Logging`]
  [d6f4376e] Markdown  [`@stdlib/Markdown`]
  [a63ad114] Mmap  [`@stdlib/Mmap`]
  [44cfe95a] Pkg  [`@stdlib/Pkg`]
  [de0858da] Printf  [`@stdlib/Printf`]
  [3fa0cd96] REPL  [`@stdlib/REPL`]
  [9a3f8284] Random  [`@stdlib/Random`]
  [ea8e919c] SHA  [`@stdlib/SHA`]
  [9e88b42a] Serialization  [`@stdlib/Serialization`]
  [1a1011a3] SharedArrays  [`@stdlib/SharedArrays`]
  [6462fe0b] Sockets  [`@stdlib/Sockets`]
  [2f01184e] SparseArrays  [`@stdlib/SparseArrays`]
  [10745b16] Statistics  [`@stdlib/Statistics`]
  [8dfed614] Test  [`@stdlib/Test`]
  [cf7118a7] UUIDs  [`@stdlib/UUIDs`]
  [4ec0a83e] Unicode  [`@stdlib/Unicode`]
 47.609181 seconds (92.34 M allocations: 2.832 GiB, 6.13% gc time)
 51.206188 seconds (20.94 M allocations: 1.209 GiB, 2.94% gc time)
Test Summary: | Pass  Broken  Total
Readme        |   11       1     12
447.850180 seconds (395.24 M allocations: 18.385 GiB, 4.18% gc time)
Test Summary: | Pass  Total
Extras        |   15     15
 95.425819 seconds (87.07 M allocations: 3.863 GiB, 5.24% gc time)
Test Summary: | Pass  Total
BigFloat      |   13     13
 56.487232 seconds (52.23 M allocations: 2.547 GiB, 8.26% gc time)
Test Summary:         | Pass  Total
Chebyshev and Fourier |    3      3
Test Summary:                     | Pass  Total
Piecewise space definite integral |    1      1
Test Summary:      | Pass  Total
Extending function |    3      3
 62.551774 seconds (37.32 M allocations: 2.335 GiB, 5.11% gc time)
  2.636203 seconds (4.03 M allocations: 359.745 MiB, 34.18% gc time)
Test Summary:       | Pass  Total
periodic x interval |  396    396
Test Summary:      | Pass  Total
Laplace in a strip |    6      6
Test Summary:         | Pass  Total
Bug in Multiplication |  399    399
  4.048867 seconds (3.86 M allocations: 227.065 MiB, 7.00% gc time)
Test Summary:       | Pass  Total
Periodic x Interval |  398    398
  1.085471 seconds (2.26 M allocations: 61.310 MiB, 6.74% gc time)
  0.149585 seconds (328.38 k allocations: 25.250 MiB, 15.89% gc time)
Test Summary:                | Pass  Total
Mix Fourier-Chebyshev (#602) |    1      1
Test Summary: | Pass  Total
Conversion    |    1      1
Test Summary:     | Pass  Total
definite integral |    1      1
Test Summary: | Pass  Total
Sampling      |    2      2
Test Summary:           | Pass  Total
piecewise sample (#635) |    4      4
  0.420676 seconds (232 allocations: 79.356 MiB, 10.20% gc time)
Sample: Time should be ~0.13
  3.298577 seconds (3.18 M allocations: 160.462 MiB, 7.72% gc time)
  0.787929 seconds (576.35 k allocations: 47.820 MiB, 9.09% gc time)
Test Summary: | Pass  Total
Null space    |    3      3
   Testing ApproxFun tests passed 
