 Resolving package versions...
 Installed KrylovMethods ─ v0.6.0
  Updating `~/.julia/environments/v1.3/Project.toml`
  [9a2cd570] + KrylovMethods v0.6.0
  Updating `~/.julia/environments/v1.3/Manifest.toml`
  [9a2cd570] + KrylovMethods v0.6.0
  [8f399da3] + Libdl 
  [37e2e46d] + LinearAlgebra 
  [de0858da] + Printf 
  [9a3f8284] + Random 
  [9e88b42a] + Serialization 
  [2f01184e] + SparseArrays 
  [4ec0a83e] + Unicode 
   Testing KrylovMethods
 Resolving package versions...
 Installed FastClosures ──── v0.3.2
 Installed TimerOutputs ──── v0.5.3
 Installed LinearOperators ─ v0.7.1
    Status `/tmp/jl_780A9E/Manifest.toml`
  [9aa1b823] FastClosures v0.3.2
  [9a2cd570] KrylovMethods v0.6.0
  [5c8ed15e] LinearOperators v0.7.1
  [a759f4b9] TimerOutputs v0.5.3
  [2a0f44e3] Base64  [`@stdlib/Base64`]
  [8ba89e20] Distributed  [`@stdlib/Distributed`]
  [b77e0a4c] InteractiveUtils  [`@stdlib/InteractiveUtils`]
  [8f399da3] Libdl  [`@stdlib/Libdl`]
  [37e2e46d] LinearAlgebra  [`@stdlib/LinearAlgebra`]
  [56ddb016] Logging  [`@stdlib/Logging`]
  [d6f4376e] Markdown  [`@stdlib/Markdown`]
  [de0858da] Printf  [`@stdlib/Printf`]
  [9a3f8284] Random  [`@stdlib/Random`]
  [9e88b42a] Serialization  [`@stdlib/Serialization`]
  [6462fe0b] Sockets  [`@stdlib/Sockets`]
  [2f01184e] SparseArrays  [`@stdlib/SparseArrays`]
  [8dfed614] Test  [`@stdlib/Test`]
  [4ec0a83e] Unicode  [`@stdlib/Unicode`]
=== bicgstb ===
iter	 relres
  1	8.85e-02
  2	1.06e-02
  3	1.73e-02
bicgstb iterated maxIter (=3) times but reached only residual norm 1.06e-02 instead of tol=1.00e-06.
bcgstb achieved desired tolerance at iteration 7. Residual norm is 8.36e-07.
=== block bicgstb ===
iter	 relres
  1	8.63e-02
  2	4.13e-02
  3	5.76e-03
blockBiCGSTB iterated maxIter (=3) times but reached only residual norm 4.13e-02 instead of tol=1.00e-06.
blockBiCGSTB achieved desired tolerance at iteration 6.5. Residual norm is 3.77e-07.
=== cg ===
iter	 relres
  1	5.55e-17
cg achieved desired tolerance at iteration 1. Residual norm is 5.55e-17.
=== cg ===
iter	 relres
  1	1.32e-01
cg iterated maxIter (=1) times but reached only residual norm 1.32e-01 instead of tol=1.00e-15.
Matrix A in cg has to be positive definite.
cg achieved desired tolerance at iteration 24. Residual norm is 9.27e-06.
=== blockcg ===
iter	max(relres)
  1	3.14e-16
blockCG achieved desired tolerance at iteration 1. Residual norm is 3.14e-16.
=== blockcg ===
iter	max(relres)
  1	6.44e-16
blockCG iterated maxIter (=1) times but reached only residual norm 6.44e-16 instead of tol=1.00e-30.
=== blockcg ===
iter	max(relres)
  1	3.86e-01
  2	2.37e-01
  3	1.83e-01
  4	1.40e-01
  5	1.04e-01
  6	6.13e-02
  7	3.40e-02
  8	1.83e-02
  9	1.01e-02
 10	5.14e-03
 11	2.20e-03
 12	8.60e-04
blockCG achieved desired tolerance at iteration 12. Residual norm is 8.60e-04.
=== blockcg ===
iter	max(relres)
  1	3.86e-01
  2	2.37e-01
  3	1.83e-01
  4	1.40e-01
  5	1.04e-01
  6	6.13e-02
  7	3.40e-02
  8	1.83e-02
  9	1.01e-02
 10	5.14e-03
 11	2.20e-03
 12	8.60e-04
blockCG achieved desired tolerance at iteration 12. Residual norm is 8.60e-04.
=== cgls ===
iter	   |A'r|	 norm(r)	 norm(x)
  1	1.80e+01	4.18e-01	9.46e+00
  2	3.36e+00	5.44e-01	9.41e+00
cgls iterated maxIter (=2) times witout reaching tolerance. Returned result has residual norm  3.36e+00.
cgls relative gradient norm below desired tolerance at iteration 10. Returned result has residual norm  2.70e-08.
=== gmres ===
iter	 relres

  1	2.8e-01 8.8e-02 2.9e-02 	 2.9e-02
  2	9.8e-03 3.0e-03 9.6e-04 	 9.6e-04
  3	2.8e-04 7.9e-05 2.5e-05 	 2.5e-05
gmres iterated maxIter (=3) times without achieving the desired tolerance.
gmres achieved desired tolerance at iteration 3. Residual norm is 9.07e-07.
*******************************************************
=== fgmres ===
iter	 relres

  1	2.8e-01 8.8e-02 2.9e-02 
  2	9.8e-03 3.0e-03 9.6e-04 
  3	2.8e-04 7.9e-05 2.5e-05 
fgmres iterated maxIter (=3) outer iterations without achieving the desired tolerance. Acheived: 2.51e-05
fgmres achieved desired tolerance at inner iteration 12. Residual norm is 9.07e-07.
*******************************************************
=== blockFGMRES ===
iter	 relres

  1	2.4e-01 6.0e-02 1.3e-02 
  2	2.6e-03 6.3e-04 1.4e-04 
  3	3.2e-05 6.8e-06 1.5e-06 
blockFGMRES iterated maxIter (=3) outer iterations without achieving the desired tolerance. Acheived: 1.48e-06
-----------------------------------
blockFGMRES achieved desired tolerance at inner iteration 9. Residual norm is 8.97e-07.
*****************************************************************************
Givens rotation for v=[0.0,0.19008915292669465]
Givens rotation for v=[0.39954067510648666,0.0]
Givens rotation for v=[1.1360904065874502,-0.7973708163751029]
=== Testing Lanczos Bidiagonalization ===
ssor achieved desired tolerance at iteration 31. Residual norm is 9.76e-03.
ssor achieved desired tolerance at iteration 46. Residual norm is 9.85e-03.
cg achieved desired tolerance at iteration 54. Residual norm is 5.81e-13.
=== sor ===
iter	 relres

  1	1.44e-01
  2	6.50e-02
  3	4.00e-02
ssor iterated maxIter (=3) times but reached only residual norm 4.00e-02 instead of tol=1.00e-02.
ssor achieved desired tolerance at iteration 15. Residual norm is 9.67e-03.
ssor achieved desired tolerance at iteration 22. Residual norm is 9.92e-03.
iter	|r_k|		|A'*r_k|	|A|		cond(A)		STOP
001	4.629e-01	4.792e-01	1.673e+00	1.000e+00	[0,0,0]
002	2.979e-16	4.965e-16	2.000e+00	2.309e+00	[1,0,0]
lsqr achieved desired tolerance at iteration 2. The system should be compatible. Residual norm is 2.98e-16.
lsqr achieved desired tolerance at iteration 2. The system should be incompatible. Gradient norm is 3.15e-01.
lsqr achieved desired tolerance at iteration 10. The system should be incompatible. Gradient norm is 9.40e+00.
minres iterated maxIter (=1) times but reached only residual norm 2.34e-01 instead of tol=1.00e-12.
=== minres ===
iter	|r_k|		|A*r_k|		|A|			cond(A)
1	2.34e-01	9.69e-01	5.99e+00		1.31e+00
2	3.67e-02	1.44e-01	7.15e+00		1.56e+00
3	4.14e-03	1.44e-02	8.37e+00		1.83e+00
4	9.54e-04	4.31e-03	8.37e+00		1.83e+00
5	4.45e-05	4.60e-05	8.37e+00		1.83e+00
6	4.99e-18	1.09e-29	8.37e+00		1.83e+00
minres converged at iteration 6. |A r_k|=1.09e-29 and |r_k|=4.99e-18.
=== minres ===
iter	|r_k|		|A*r_k|		|A|			cond(A)
1	6.47e-02	4.60e-01	6.69e+00		1.01e+00
2	1.85e-02	1.13e-01	6.73e+00		1.17e+00
3	1.01e-03	1.35e-03	7.51e+00		1.31e+00
4	1.48e-04	5.54e-04	7.51e+00		1.31e+00
5	3.15e-06	1.14e-06	7.51e+00		1.70e+00
6	9.26e-19	5.29e-30	7.51e+00		1.70e+00
minres converged at iteration 6. |A r_k|=5.29e-30 and |r_k|=9.26e-19.
test stop by condlim
test stop by beta
minres stopped because beta (=9.80e-14) became smaller than the tolerance (btol=1.00e-10) at iteration 5.
test if anything is done for zero right hand side
Test Summary: | Pass  Total
KrylovMethods |  155    155
   Testing KrylovMethods tests passed 
