 Resolving package versions...
 Installed KrylovMethods ─ v0.6.0
  Updating `~/.julia/environments/v1.3/Project.toml`
  [9a2cd570] + KrylovMethods v0.6.0
  Updating `~/.julia/environments/v1.3/Manifest.toml`
  [9a2cd570] + KrylovMethods v0.6.0
  [8f399da3] + Libdl 
  [37e2e46d] + LinearAlgebra 
  [de0858da] + Printf 
  [9a3f8284] + Random 
  [9e88b42a] + Serialization 
  [2f01184e] + SparseArrays 
  [4ec0a83e] + Unicode 
   Testing KrylovMethods
 Resolving package versions...
 Installed LinearOperators ─ v0.7.1
 Installed FastClosures ──── v0.3.2
 Installed TimerOutputs ──── v0.5.3
    Status `/tmp/jl_gPPd27/Manifest.toml`
  [9aa1b823] FastClosures v0.3.2
  [9a2cd570] KrylovMethods v0.6.0
  [5c8ed15e] LinearOperators v0.7.1
  [a759f4b9] TimerOutputs v0.5.3
  [2a0f44e3] Base64  [`@stdlib/Base64`]
  [8ba89e20] Distributed  [`@stdlib/Distributed`]
  [b77e0a4c] InteractiveUtils  [`@stdlib/InteractiveUtils`]
  [8f399da3] Libdl  [`@stdlib/Libdl`]
  [37e2e46d] LinearAlgebra  [`@stdlib/LinearAlgebra`]
  [56ddb016] Logging  [`@stdlib/Logging`]
  [d6f4376e] Markdown  [`@stdlib/Markdown`]
  [de0858da] Printf  [`@stdlib/Printf`]
  [9a3f8284] Random  [`@stdlib/Random`]
  [9e88b42a] Serialization  [`@stdlib/Serialization`]
  [6462fe0b] Sockets  [`@stdlib/Sockets`]
  [2f01184e] SparseArrays  [`@stdlib/SparseArrays`]
  [8dfed614] Test  [`@stdlib/Test`]
  [4ec0a83e] Unicode  [`@stdlib/Unicode`]
=== bicgstb ===
iter	 relres
  1	6.86e-02
  2	6.95e-03
  3	7.88e-04
bicgstb iterated maxIter (=3) times but reached only residual norm 6.95e-03 instead of tol=1.00e-06.
bcgstb achieved desired tolerance at iteration 6.5. Residual norm is 2.28e-07.
=== block bicgstb ===
iter	 relres
  1	9.12e-02
  2	3.16e-02
  3	3.35e-03
blockBiCGSTB iterated maxIter (=3) times but reached only residual norm 3.16e-02 instead of tol=1.00e-06.
blockBiCGSTB achieved desired tolerance at iteration 7. Residual norm is 5.57e-07.
=== cg ===
iter	 relres
  1	5.55e-17
cg achieved desired tolerance at iteration 1. Residual norm is 5.55e-17.
=== cg ===
iter	 relres
  1	2.57e-01
cg iterated maxIter (=1) times but reached only residual norm 2.57e-01 instead of tol=1.00e-15.
Matrix A in cg has to be positive definite.
cg achieved desired tolerance at iteration 24. Residual norm is 9.58e-06.
=== blockcg ===
iter	max(relres)
  1	1.14e-15
  2	3.45e-30
blockCG achieved desired tolerance at iteration 2. Residual norm is 3.45e-30.
=== blockcg ===
iter	max(relres)
  1	6.82e-16
blockCG iterated maxIter (=1) times but reached only residual norm 6.82e-16 instead of tol=1.00e-30.
=== blockcg ===
iter	max(relres)
  1	4.15e-01
  2	2.42e-01
  3	1.74e-01
  4	1.43e-01
  5	1.11e-01
  6	6.42e-02
  7	3.30e-02
  8	1.84e-02
  9	9.86e-03
 10	4.98e-03
 11	2.37e-03
 12	1.02e-03
 13	3.92e-04
blockCG achieved desired tolerance at iteration 13. Residual norm is 3.92e-04.
=== blockcg ===
iter	max(relres)
  1	4.15e-01
  2	2.42e-01
  3	1.74e-01
  4	1.43e-01
  5	1.11e-01
  6	6.42e-02
  7	3.30e-02
  8	1.84e-02
  9	9.86e-03
 10	4.98e-03
 11	2.37e-03
 12	1.02e-03
 13	3.92e-04
blockCG achieved desired tolerance at iteration 13. Residual norm is 3.92e-04.
=== cgls ===
iter	   |A'r|	 norm(r)	 norm(x)
  1	2.65e+01	6.04e-01	1.04e+01
  2	2.96e+00	6.97e-01	1.03e+01
cgls iterated maxIter (=2) times witout reaching tolerance. Returned result has residual norm  2.96e+00.
cgls relative gradient norm below desired tolerance at iteration 10. Returned result has residual norm  7.74e-10.
=== gmres ===
iter	 relres

  1	2.8e-01 6.6e-02 2.2e-02 	 2.2e-02
  2	6.9e-03 2.0e-03 7.0e-04 	 7.0e-04
  3	2.5e-04 7.1e-05 2.1e-05 	 2.1e-05
gmres iterated maxIter (=3) times without achieving the desired tolerance.
gmres achieved desired tolerance at iteration 3. Residual norm is 5.86e-07.
*******************************************************
=== fgmres ===
iter	 relres

  1	2.8e-01 6.6e-02 2.2e-02 
  2	6.9e-03 2.0e-03 7.0e-04 
  3	2.5e-04 7.1e-05 2.1e-05 
fgmres iterated maxIter (=3) outer iterations without achieving the desired tolerance. Acheived: 2.09e-05
fgmres achieved desired tolerance at inner iteration 12. Residual norm is 5.86e-07.
*******************************************************
=== blockFGMRES ===
iter	 relres

  1	1.9e-01 4.2e-02 9.2e-03 
  2	2.2e-03 6.4e-04 1.1e-04 
  3	2.4e-05 5.7e-06 1.2e-06 
blockFGMRES iterated maxIter (=3) outer iterations without achieving the desired tolerance. Acheived: 1.18e-06
-----------------------------------
blockFGMRES achieved desired tolerance at inner iteration 9. Residual norm is 6.00e-07.
*****************************************************************************
Givens rotation for v=[0.0,0.088162713112566]
Givens rotation for v=[-1.071725995151854,0.0]
Givens rotation for v=[2.64437779489689,-2.8398592035911014]
=== Testing Lanczos Bidiagonalization ===
ssor achieved desired tolerance at iteration 26. Residual norm is 9.77e-03.
ssor achieved desired tolerance at iteration 39. Residual norm is 9.75e-03.
cg achieved desired tolerance at iteration 53. Residual norm is 9.46e-13.
=== sor ===
iter	 relres

  1	1.42e-01
  2	6.29e-02
  3	3.80e-02
ssor iterated maxIter (=3) times but reached only residual norm 3.80e-02 instead of tol=1.00e-02.
ssor achieved desired tolerance at iteration 14. Residual norm is 9.62e-03.
ssor achieved desired tolerance at iteration 21. Residual norm is 9.46e-03.
iter	|r_k|		|A'*r_k|	|A|		cond(A)		STOP
001	4.629e-01	4.792e-01	1.673e+00	1.000e+00	[0,0,0]
002	2.979e-16	4.965e-16	2.000e+00	2.309e+00	[1,0,0]
lsqr achieved desired tolerance at iteration 2. The system should be compatible. Residual norm is 2.98e-16.
lsqr achieved desired tolerance at iteration 2. The system should be incompatible. Gradient norm is 2.09e+00.
lsqr achieved desired tolerance at iteration 10. The system should be incompatible. Gradient norm is 1.03e+01.
minres iterated maxIter (=1) times but reached only residual norm 4.83e-02 instead of tol=1.00e-12.
=== minres ===
iter	|r_k|		|A*r_k|		|A|			cond(A)
1	4.83e-02	2.77e-02	5.01e+00		1.23e+00
2	7.19e-04	1.40e-04	5.01e+00		1.23e+00
3	6.67e-06	8.04e-07	5.01e+00		1.23e+00
4	1.17e-19	2.69e-32	5.01e+00		1.23e+00
minres converged at iteration 4. |A r_k|=2.69e-32 and |r_k|=1.17e-19.
=== minres ===
iter	|r_k|		|A*r_k|		|A|			cond(A)
1	2.44e-03	1.61e-03	4.50e+00		1.00e+00
2	6.48e-05	2.06e-05	4.50e+00		1.09e+00
3	6.14e-07	7.52e-08	4.50e+00		1.09e+00
4	6.41e-22	8.67e-36	4.50e+00		1.09e+00
minres converged at iteration 4. |A r_k|=8.67e-36 and |r_k|=6.41e-22.
test stop by condlim
test stop by beta
minres stopped because beta (=2.37e-13) became smaller than the tolerance (btol=1.00e-10) at iteration 5.
test if anything is done for zero right hand side
Test Summary: | Pass  Total
KrylovMethods |  155    155
   Testing KrylovMethods tests passed 
