 Resolving package versions...
 Installed NaNMath ────────────── v0.3.3
 Installed OpenSpecFun_jll ────── v0.5.3+1
 Installed DiffResults ────────── v0.0.4
 Installed DiffRules ──────────── v0.1.0
 Installed SpecialFunctions ───── v0.9.0
 Installed StaticArrays ───────── v0.12.1
 Installed Tensors ────────────── v1.4.0
 Installed ForwardDiff ────────── v0.10.7
 Installed SIMD ───────────────── v2.8.0
 Installed Compat ─────────────── v2.2.0
 Installed CommonSubexpressions ─ v0.2.0
  Updating `~/.julia/environments/v1.3/Project.toml`
  [48a634ad] + Tensors v1.4.0
  Updating `~/.julia/environments/v1.3/Manifest.toml`
  [bbf7d656] + CommonSubexpressions v0.2.0
  [34da2185] + Compat v2.2.0
  [163ba53b] + DiffResults v0.0.4
  [b552c78f] + DiffRules v0.1.0
  [f6369f11] + ForwardDiff v0.10.7
  [77ba4419] + NaNMath v0.3.3
  [efe28fd5] + OpenSpecFun_jll v0.5.3+1
  [fdea26ae] + SIMD v2.8.0
  [276daf66] + SpecialFunctions v0.9.0
  [90137ffa] + StaticArrays v0.12.1
  [48a634ad] + Tensors v1.4.0
  [2a0f44e3] + Base64 
  [ade2ca70] + Dates 
  [8bb1440f] + DelimitedFiles 
  [8ba89e20] + Distributed 
  [b77e0a4c] + InteractiveUtils 
  [76f85450] + LibGit2 
  [8f399da3] + Libdl 
  [37e2e46d] + LinearAlgebra 
  [56ddb016] + Logging 
  [d6f4376e] + Markdown 
  [a63ad114] + Mmap 
  [44cfe95a] + Pkg 
  [de0858da] + Printf 
  [3fa0cd96] + REPL 
  [9a3f8284] + Random 
  [ea8e919c] + SHA 
  [9e88b42a] + Serialization 
  [1a1011a3] + SharedArrays 
  [6462fe0b] + Sockets 
  [2f01184e] + SparseArrays 
  [10745b16] + Statistics 
  [8dfed614] + Test 
  [cf7118a7] + UUIDs 
  [4ec0a83e] + Unicode 
   Testing Tensors
 Resolving package versions...
 Installed TimerOutputs ─ v0.5.3
    Status `/tmp/jl_nGUJ7O/Manifest.toml`
  [bbf7d656] CommonSubexpressions v0.2.0
  [34da2185] Compat v2.2.0
  [163ba53b] DiffResults v0.0.4
  [b552c78f] DiffRules v0.1.0
  [f6369f11] ForwardDiff v0.10.7
  [77ba4419] NaNMath v0.3.3
  [efe28fd5] OpenSpecFun_jll v0.5.3+1
  [fdea26ae] SIMD v2.8.0
  [276daf66] SpecialFunctions v0.9.0
  [90137ffa] StaticArrays v0.12.1
  [48a634ad] Tensors v1.4.0
  [a759f4b9] TimerOutputs v0.5.3
  [2a0f44e3] Base64  [`@stdlib/Base64`]
  [ade2ca70] Dates  [`@stdlib/Dates`]
  [8bb1440f] DelimitedFiles  [`@stdlib/DelimitedFiles`]
  [8ba89e20] Distributed  [`@stdlib/Distributed`]
  [b77e0a4c] InteractiveUtils  [`@stdlib/InteractiveUtils`]
  [76f85450] LibGit2  [`@stdlib/LibGit2`]
  [8f399da3] Libdl  [`@stdlib/Libdl`]
  [37e2e46d] LinearAlgebra  [`@stdlib/LinearAlgebra`]
  [56ddb016] Logging  [`@stdlib/Logging`]
  [d6f4376e] Markdown  [`@stdlib/Markdown`]
  [a63ad114] Mmap  [`@stdlib/Mmap`]
  [44cfe95a] Pkg  [`@stdlib/Pkg`]
  [de0858da] Printf  [`@stdlib/Printf`]
  [3fa0cd96] REPL  [`@stdlib/REPL`]
  [9a3f8284] Random  [`@stdlib/Random`]
  [ea8e919c] SHA  [`@stdlib/SHA`]
  [9e88b42a] Serialization  [`@stdlib/Serialization`]
  [1a1011a3] SharedArrays  [`@stdlib/SharedArrays`]
  [6462fe0b] Sockets  [`@stdlib/Sockets`]
  [2f01184e] SparseArrays  [`@stdlib/SparseArrays`]
  [10745b16] Statistics  [`@stdlib/Statistics`]
  [8dfed614] Test  [`@stdlib/Test`]
  [cf7118a7] UUIDs  [`@stdlib/UUIDs`]
  [4ec0a83e] Unicode  [`@stdlib/Unicode`]
Test Summary: | Pass  Total
constructors  |  351    351
Test Summary: | Pass  Total
diagm, one    |  508    508
Test Summary: | Pass  Total
base vectors  |   45     45
Test Summary: | Pass  Total
simple math   |  354    354
Test Summary:           | Pass  Total
construct from function |  540    540
Test Summary:        | Pass  Total
construct from Array |   84     84
Test Summary: | Pass  Total
indexing      | 2532   2532
Test Summary:              | Pass  Total
norm, trace, det, inv, eig |  234    234
Test Summary:              | Pass  Total
eigen(::FourthOrderTensor) |   44     44
Test Summary:     | Pass  Total
tensor identities |  297    297
Test Summary:        | Pass  Total
promotion/conversion |  232    232
Test Summary:                             | Pass  Total
issues #100, #101: orders of eigenvectors |    8      8
Test Summary: | Pass  Total
exceptions    |    7      7
T = Float32, dim = 1
T = Float32, dim = 2
T = Float32, dim = 3
T = Float64, dim = 1
T = Float64, dim = 2
T = Float64, dim = 3
T = F64, dim = 1
T = F64, dim = 2
T = F64, dim = 3
Test Summary: | Pass  Total
tensor ops    | 1077   1077
Test Summary: | Pass  Total
AD            |  401    401
 ──────────────────────────────────────────────────────────────────────────────
                                       Time                   Allocations      
                               ──────────────────────   ───────────────────────
       Tot / % measured:             434s / 96.9%           23.7GiB / 99.1%    

 Section               ncalls     time   %tot     avg     alloc   %tot      avg
 ──────────────────────────────────────────────────────────────────────────────
 tensor ops                 1     146s  34.7%    146s   9.08GiB  38.6%  9.08GiB
   outer products (...      9    54.0s  12.9%   6.00s   3.91GiB  16.6%   445MiB
   double contraction       9    43.8s  10.4%   4.87s   2.06GiB  8.77%   234MiB
   transpose                9    20.0s  4.76%   2.22s   1.58GiB  6.71%   179MiB
   tovoigt/fromvoigt        9    12.3s  2.92%   1.36s    423MiB  1.76%  47.0MiB
   symmetric/skew-s...      9    10.9s  2.59%   1.21s   0.94GiB  3.99%   107MiB
   dot products             9    2.20s  0.52%   244ms   78.1MiB  0.32%  8.68MiB
   special                  9    1.53s  0.36%   170ms   50.2MiB  0.21%  5.58MiB
   rotation                 3    759ms  0.18%   253ms   45.6MiB  0.19%  15.2MiB
   cross product            9    243ms  0.06%  27.1ms   5.28MiB  0.02%   600KiB
 AD                         1    56.5s  13.4%   56.5s   2.85GiB  12.1%  2.85GiB
   dim 3                    1    25.3s  6.02%   25.3s   1.32GiB  5.61%  1.32GiB
     hessian                2    11.9s  2.82%   5.93s    597MiB  2.48%   299MiB
     2nd tensor grad        2    4.23s  1.01%   2.12s    253MiB  1.05%   126MiB
     scalar grad            2    1.56s  0.37%   779ms   82.2MiB  0.34%  41.1MiB
   vector calculus ...      1    11.9s  2.83%   11.9s    651MiB  2.71%   651MiB
   dim 2                    1    10.4s  2.46%   10.4s    498MiB  2.07%   498MiB
     hessian                2    4.98s  1.19%   2.49s    216MiB  0.90%   108MiB
     2nd tensor grad        2    1.81s  0.43%   907ms   83.7MiB  0.35%  41.9MiB
     scalar grad            2    1.22s  0.29%   608ms   52.7MiB  0.22%  26.3MiB
   dim 1                    1    7.08s  1.68%   7.08s    326MiB  1.36%   326MiB
     hessian                2    3.32s  0.79%   1.66s    166MiB  0.69%  83.0MiB
     2nd tensor grad        2    1.34s  0.32%   669ms   42.3MiB  0.18%  21.2MiB
     scalar grad            2    819ms  0.19%   410ms   25.5MiB  0.11%  12.8MiB
   f: scalar -> Abs...      1    1.76s  0.42%   1.76s   85.6MiB  0.36%  85.6MiB
   f: scalar -> scalar      1    130ms  0.03%   130ms   5.26MiB  0.02%  5.26MiB
 constructors               1    48.9s  11.6%   48.9s   2.37GiB  10.1%  2.37GiB
 simple math                1    41.6s  9.90%   41.6s   1.94GiB  8.24%  1.94GiB
 norm, trace, det, ...      1    38.0s  9.03%   38.0s   1.76GiB  7.47%  1.76GiB
 construct from Array       1    25.6s  6.09%   25.6s   1.64GiB  6.96%  1.64GiB
 tensor identities          1    21.5s  5.12%   21.5s   1.31GiB  5.59%  1.31GiB
 eigen(::FourthOrde...      1    11.4s  2.71%   11.4s    613MiB  2.55%   613MiB
 promotion/conversion       1    9.50s  2.26%   9.50s    790MiB  3.28%   790MiB
 indexing                   1    8.42s  2.00%   8.42s    452MiB  1.88%   452MiB
 diagm, one                 1    5.09s  1.21%   5.09s    232MiB  0.97%   232MiB
 construct from fun...      1    4.73s  1.13%   4.73s    411MiB  1.71%   411MiB
 base vectors               1    2.91s  0.69%   2.91s    120MiB  0.50%   120MiB
 exceptions                 1    168ms  0.04%   168ms   6.10MiB  0.03%  6.10MiB
 ──────────────────────────────────────────────────────────────────────────────
   Testing Tensors tests passed 
