 Resolving package versions...
 Installed Reexport ─────────── v0.2.0
 Installed Missings ─────────── v0.4.3
 Installed DataAPI ──────────── v1.1.0
 Installed Compat ───────────── v3.0.0
 Installed Parsers ──────────── v0.3.10
 Installed DataStructures ───── v0.17.6
 Installed CategoricalArrays ── v0.7.3
 Installed SortingLab ───────── v0.2.2
 Installed SortingAlgorithms ── v0.3.1
 Installed StatsBase ────────── v0.32.0
 Installed OrderedCollections ─ v1.1.0
 Installed JSON ─────────────── v0.21.0
  Updating `~/.julia/environments/v1.2/Project.toml`
  [562c1548] + SortingLab v0.2.2
  Updating `~/.julia/environments/v1.2/Manifest.toml`
  [324d7699] + CategoricalArrays v0.7.3
  [34da2185] + Compat v3.0.0
  [9a962f9c] + DataAPI v1.1.0
  [864edb3b] + DataStructures v0.17.6
  [682c06a0] + JSON v0.21.0
  [e1d29d7a] + Missings v0.4.3
  [bac558e1] + OrderedCollections v1.1.0
  [69de0a69] + Parsers v0.3.10
  [189a3867] + Reexport v0.2.0
  [a2af1166] + SortingAlgorithms v0.3.1
  [562c1548] + SortingLab v0.2.2
  [2913bbd2] + StatsBase v0.32.0
  [2a0f44e3] + Base64 
  [ade2ca70] + Dates 
  [8bb1440f] + DelimitedFiles 
  [8ba89e20] + Distributed 
  [9fa8497b] + Future 
  [b77e0a4c] + InteractiveUtils 
  [76f85450] + LibGit2 
  [8f399da3] + Libdl 
  [37e2e46d] + LinearAlgebra 
  [56ddb016] + Logging 
  [d6f4376e] + Markdown 
  [a63ad114] + Mmap 
  [44cfe95a] + Pkg 
  [de0858da] + Printf 
  [3fa0cd96] + REPL 
  [9a3f8284] + Random 
  [ea8e919c] + SHA 
  [9e88b42a] + Serialization 
  [1a1011a3] + SharedArrays 
  [6462fe0b] + Sockets 
  [2f01184e] + SparseArrays 
  [10745b16] + Statistics 
  [8dfed614] + Test 
  [cf7118a7] + UUIDs 
  [4ec0a83e] + Unicode 
   Testing SortingLab
 Resolving package versions...
 Installed PooledArrays ──────────────── v0.5.2
 Installed IteratorInterfaceExtensions ─ v1.0.0
 Installed TableTraits ───────────────── v1.0.0
 Installed DataFrames ────────────────── v0.18.4
 Installed DataValueInterfaces ───────── v1.0.0
 Installed Tables ────────────────────── v0.2.11
    Status `/tmp/jl_aHL3yC/Manifest.toml`
  [324d7699] CategoricalArrays v0.7.3
  [34da2185] Compat v3.0.0
  [9a962f9c] DataAPI v1.1.0
  [a93c6f00] DataFrames v0.18.4
  [864edb3b] DataStructures v0.17.6
  [e2d170a0] DataValueInterfaces v1.0.0
  [82899510] IteratorInterfaceExtensions v1.0.0
  [682c06a0] JSON v0.21.0
  [e1d29d7a] Missings v0.4.3
  [bac558e1] OrderedCollections v1.1.0
  [69de0a69] Parsers v0.3.10
  [2dfb63ee] PooledArrays v0.5.2
  [189a3867] Reexport v0.2.0
  [a2af1166] SortingAlgorithms v0.3.1
  [562c1548] SortingLab v0.2.2
  [2913bbd2] StatsBase v0.32.0
  [3783bdb8] TableTraits v1.0.0
  [bd369af6] Tables v0.2.11
  [2a0f44e3] Base64  [`@stdlib/Base64`]
  [ade2ca70] Dates  [`@stdlib/Dates`]
  [8bb1440f] DelimitedFiles  [`@stdlib/DelimitedFiles`]
  [8ba89e20] Distributed  [`@stdlib/Distributed`]
  [9fa8497b] Future  [`@stdlib/Future`]
  [b77e0a4c] InteractiveUtils  [`@stdlib/InteractiveUtils`]
  [76f85450] LibGit2  [`@stdlib/LibGit2`]
  [8f399da3] Libdl  [`@stdlib/Libdl`]
  [37e2e46d] LinearAlgebra  [`@stdlib/LinearAlgebra`]
  [56ddb016] Logging  [`@stdlib/Logging`]
  [d6f4376e] Markdown  [`@stdlib/Markdown`]
  [a63ad114] Mmap  [`@stdlib/Mmap`]
  [44cfe95a] Pkg  [`@stdlib/Pkg`]
  [de0858da] Printf  [`@stdlib/Printf`]
  [3fa0cd96] REPL  [`@stdlib/REPL`]
  [9a3f8284] Random  [`@stdlib/Random`]
  [ea8e919c] SHA  [`@stdlib/SHA`]
  [9e88b42a] Serialization  [`@stdlib/Serialization`]
  [1a1011a3] SharedArrays  [`@stdlib/SharedArrays`]
  [6462fe0b] Sockets  [`@stdlib/Sockets`]
  [2f01184e] SparseArrays  [`@stdlib/SparseArrays`]
  [10745b16] Statistics  [`@stdlib/Statistics`]
  [8dfed614] Test  [`@stdlib/Test`]
  [cf7118a7] UUIDs  [`@stdlib/UUIDs`]
  [4ec0a83e] Unicode  [`@stdlib/Unicode`]
WARNING: Compat.Statistics is deprecated, use Statistics instead.
  likely near /root/.julia/packages/CategoricalArrays/U3LvJ/src/extras.jl:1
  1.914320 seconds (1.61 M allocations: 84.933 MiB, 2.60% gc time)
  0.048118 seconds (27 allocations: 8.254 MiB)
  0.144299 seconds (84 allocations: 28.326 MiB, 4.20% gc time)
  0.362445 seconds (8.18 k allocations: 28.662 MiB, 2.26% gc time)
  0.096737 seconds (101 allocations: 805.313 KiB)
  0.049588 seconds (613 allocations: 6.727 MiB, 13.72% gc time)
  0.082255 seconds (44 allocations: 13.381 MiB, 7.41% gc time)
  0.114142 seconds (63 allocations: 20.072 MiB, 4.33% gc time)
  0.151000 seconds (82 allocations: 26.763 MiB, 2.81% gc time)
   Testing SortingLab tests passed 
