 Resolving package versions...
 Installed DataAPI ──────────────── v1.1.0
 Installed CatIndices ───────────── v0.2.0
 Installed Missings ─────────────── v0.4.3
 Installed InverseLaplace ───────── v0.2.2
 Installed AbstractFFTs ─────────── v0.4.1
 Installed ComputationalResources ─ v0.3.0
 Installed Colors ───────────────── v0.9.6
 Installed RHEOS ────────────────── v0.9.2
 Installed BinaryProvider ───────── v0.5.8
 Installed StatsBase ────────────── v0.32.0
 Installed Conda ────────────────── v1.3.0
 Installed JLD2 ─────────────────── v0.1.9
 Installed Requires ─────────────── v0.5.2
 Installed URIParser ────────────── v0.4.0
 Installed Reexport ─────────────── v0.2.0
 Installed Polynomials ──────────── v0.6.0
 Installed Compat ───────────────── v2.2.0
 Installed OrderedCollections ───── v1.1.0
 Installed OffsetArrays ─────────── v0.11.2
 Installed MappedArrays ─────────── v0.2.2
 Installed FunctionWrappers ─────── v1.0.0
 Installed MathProgBase ─────────── v0.7.7
 Installed ColorVectorSpace ─────── v0.7.1
 Installed RecipesBase ──────────── v0.7.0
 Installed DataStructures ───────── v0.17.6
 Installed TranscodingStreams ───── v0.9.5
 Installed FixedPointNumbers ────── v0.6.1
 Installed Graphics ─────────────── v0.4.0
 Installed CodecZlib ────────────── v0.6.0
 Installed Parsers ──────────────── v0.3.10
 Installed ImageFiltering ───────── v0.6.5
 Installed DSP ──────────────────── v0.6.0
 Installed JSON ─────────────────── v0.21.0
 Installed NaNMath ──────────────── v0.3.3
 Installed NLopt ────────────────── v0.5.1
 Installed StaticArrays ─────────── v0.12.1
 Installed PaddedViews ──────────── v0.4.2
 Installed CustomUnitRanges ─────── v0.2.0
 Installed FFTW ─────────────────── v0.3.0
 Installed TiledIteration ───────── v0.2.3
 Installed ImageCore ────────────── v0.8.5
 Installed Parameters ───────────── v0.12.0
 Installed QuadGK ───────────────── v2.1.1
 Installed SortingAlgorithms ────── v0.3.1
 Installed CMake ────────────────── v1.1.2
 Installed ColorTypes ───────────── v0.8.0
 Installed CMakeWrapper ─────────── v0.2.3
 Installed VersionParsing ───────── v1.1.3
 Installed SpecialFunctions ─────── v0.8.0
 Installed FFTViews ─────────────── v0.3.0
 Installed BinDeps ──────────────── v0.8.10
 Installed FileIO ───────────────── v1.1.0
  Updating `~/.julia/environments/v1.2/Project.toml`
  [728860ae] + RHEOS v0.9.2
  Updating `~/.julia/environments/v1.2/Manifest.toml`
  [621f4979] + AbstractFFTs v0.4.1
  [9e28174c] + BinDeps v0.8.10
  [b99e7846] + BinaryProvider v0.5.8
  [631607c0] + CMake v1.1.2
  [d5fb7624] + CMakeWrapper v0.2.3
  [aafaddc9] + CatIndices v0.2.0
  [944b1d66] + CodecZlib v0.6.0
  [3da002f7] + ColorTypes v0.8.0
  [c3611d14] + ColorVectorSpace v0.7.1
  [5ae59095] + Colors v0.9.6
  [34da2185] + Compat v2.2.0
  [ed09eef8] + ComputationalResources v0.3.0
  [8f4d0f93] + Conda v1.3.0
  [dc8bdbbb] + CustomUnitRanges v0.2.0
  [717857b8] + DSP v0.6.0
  [9a962f9c] + DataAPI v1.1.0
  [864edb3b] + DataStructures v0.17.6
  [4f61f5a4] + FFTViews v0.3.0
  [7a1cc6ca] + FFTW v0.3.0
  [5789e2e9] + FileIO v1.1.0
  [53c48c17] + FixedPointNumbers v0.6.1
  [069b7b12] + FunctionWrappers v1.0.0
  [a2bd30eb] + Graphics v0.4.0
  [a09fc81d] + ImageCore v0.8.5
  [6a3955dd] + ImageFiltering v0.6.5
  [e24f45a5] + InverseLaplace v0.2.2
  [033835bb] + JLD2 v0.1.9
  [682c06a0] + JSON v0.21.0
  [dbb5928d] + MappedArrays v0.2.2
  [fdba3010] + MathProgBase v0.7.7
  [e1d29d7a] + Missings v0.4.3
  [76087f3c] + NLopt v0.5.1
  [77ba4419] + NaNMath v0.3.3
  [6fe1bfb0] + OffsetArrays v0.11.2
  [bac558e1] + OrderedCollections v1.1.0
  [5432bcbf] + PaddedViews v0.4.2
  [d96e819e] + Parameters v0.12.0
  [69de0a69] + Parsers v0.3.10
  [f27b6e38] + Polynomials v0.6.0
  [1fd47b50] + QuadGK v2.1.1
  [728860ae] + RHEOS v0.9.2
  [3cdcf5f2] + RecipesBase v0.7.0
  [189a3867] + Reexport v0.2.0
  [ae029012] + Requires v0.5.2
  [a2af1166] + SortingAlgorithms v0.3.1
  [276daf66] + SpecialFunctions v0.8.0
  [90137ffa] + StaticArrays v0.12.1
  [2913bbd2] + StatsBase v0.32.0
  [06e1c1a7] + TiledIteration v0.2.3
  [3bb67fe8] + TranscodingStreams v0.9.5
  [30578b45] + URIParser v0.4.0
  [81def892] + VersionParsing v1.1.3
  [2a0f44e3] + Base64 
  [ade2ca70] + Dates 
  [8bb1440f] + DelimitedFiles 
  [8ba89e20] + Distributed 
  [b77e0a4c] + InteractiveUtils 
  [76f85450] + LibGit2 
  [8f399da3] + Libdl 
  [37e2e46d] + LinearAlgebra 
  [56ddb016] + Logging 
  [d6f4376e] + Markdown 
  [a63ad114] + Mmap 
  [44cfe95a] + Pkg 
  [de0858da] + Printf 
  [3fa0cd96] + REPL 
  [9a3f8284] + Random 
  [ea8e919c] + SHA 
  [9e88b42a] + Serialization 
  [1a1011a3] + SharedArrays 
  [6462fe0b] + Sockets 
  [2f01184e] + SparseArrays 
  [10745b16] + Statistics 
  [8dfed614] + Test 
  [cf7118a7] + UUIDs 
  [4ec0a83e] + Unicode 
  Building Conda ───────────→ `~/.julia/packages/Conda/kLXeC/deps/build.log`
  Building CodecZlib ───────→ `~/.julia/packages/CodecZlib/5t9zO/deps/build.log`
  Building CMake ───────────→ `~/.julia/packages/CMake/nSK2r/deps/build.log`
  Building NLopt ───────────→ `~/.julia/packages/NLopt/eqN9a/deps/build.log`
  Building FFTW ────────────→ `~/.julia/packages/FFTW/2okGQ/deps/build.log`
  Building SpecialFunctions → `~/.julia/packages/SpecialFunctions/ne2iw/deps/build.log`
   Testing RHEOS
    Status `/tmp/jl_4Wjx9X/Manifest.toml`
  [621f4979] AbstractFFTs v0.4.1
  [9e28174c] BinDeps v0.8.10
  [b99e7846] BinaryProvider v0.5.8
  [631607c0] CMake v1.1.2
  [d5fb7624] CMakeWrapper v0.2.3
  [aafaddc9] CatIndices v0.2.0
  [944b1d66] CodecZlib v0.6.0
  [3da002f7] ColorTypes v0.8.0
  [c3611d14] ColorVectorSpace v0.7.1
  [5ae59095] Colors v0.9.6
  [34da2185] Compat v2.2.0
  [ed09eef8] ComputationalResources v0.3.0
  [8f4d0f93] Conda v1.3.0
  [dc8bdbbb] CustomUnitRanges v0.2.0
  [717857b8] DSP v0.6.0
  [9a962f9c] DataAPI v1.1.0
  [864edb3b] DataStructures v0.17.6
  [4f61f5a4] FFTViews v0.3.0
  [7a1cc6ca] FFTW v0.3.0
  [5789e2e9] FileIO v1.1.0
  [53c48c17] FixedPointNumbers v0.6.1
  [069b7b12] FunctionWrappers v1.0.0
  [a2bd30eb] Graphics v0.4.0
  [a09fc81d] ImageCore v0.8.5
  [6a3955dd] ImageFiltering v0.6.5
  [e24f45a5] InverseLaplace v0.2.2
  [033835bb] JLD2 v0.1.9
  [682c06a0] JSON v0.21.0
  [dbb5928d] MappedArrays v0.2.2
  [fdba3010] MathProgBase v0.7.7
  [e1d29d7a] Missings v0.4.3
  [76087f3c] NLopt v0.5.1
  [77ba4419] NaNMath v0.3.3
  [6fe1bfb0] OffsetArrays v0.11.2
  [bac558e1] OrderedCollections v1.1.0
  [5432bcbf] PaddedViews v0.4.2
  [d96e819e] Parameters v0.12.0
  [69de0a69] Parsers v0.3.10
  [f27b6e38] Polynomials v0.6.0
  [1fd47b50] QuadGK v2.1.1
  [728860ae] RHEOS v0.9.2
  [3cdcf5f2] RecipesBase v0.7.0
  [189a3867] Reexport v0.2.0
  [ae029012] Requires v0.5.2
  [a2af1166] SortingAlgorithms v0.3.1
  [276daf66] SpecialFunctions v0.8.0
  [90137ffa] StaticArrays v0.12.1
  [2913bbd2] StatsBase v0.32.0
  [06e1c1a7] TiledIteration v0.2.3
  [3bb67fe8] TranscodingStreams v0.9.5
  [30578b45] URIParser v0.4.0
  [81def892] VersionParsing v1.1.3
  [2a0f44e3] Base64  [`@stdlib/Base64`]
  [ade2ca70] Dates  [`@stdlib/Dates`]
  [8bb1440f] DelimitedFiles  [`@stdlib/DelimitedFiles`]
  [8ba89e20] Distributed  [`@stdlib/Distributed`]
  [b77e0a4c] InteractiveUtils  [`@stdlib/InteractiveUtils`]
  [76f85450] LibGit2  [`@stdlib/LibGit2`]
  [8f399da3] Libdl  [`@stdlib/Libdl`]
  [37e2e46d] LinearAlgebra  [`@stdlib/LinearAlgebra`]
  [56ddb016] Logging  [`@stdlib/Logging`]
  [d6f4376e] Markdown  [`@stdlib/Markdown`]
  [a63ad114] Mmap  [`@stdlib/Mmap`]
  [44cfe95a] Pkg  [`@stdlib/Pkg`]
  [de0858da] Printf  [`@stdlib/Printf`]
  [3fa0cd96] REPL  [`@stdlib/REPL`]
  [9a3f8284] Random  [`@stdlib/Random`]
  [ea8e919c] SHA  [`@stdlib/SHA`]
  [9e88b42a] Serialization  [`@stdlib/Serialization`]
  [1a1011a3] SharedArrays  [`@stdlib/SharedArrays`]
  [6462fe0b] Sockets  [`@stdlib/Sockets`]
  [2f01184e] SparseArrays  [`@stdlib/SparseArrays`]
  [10745b16] Statistics  [`@stdlib/Statistics`]
  [8dfed614] Test  [`@stdlib/Test`]
  [cf7118a7] UUIDs  [`@stdlib/UUIDs`]
  [4ec0a83e] Unicode  [`@stdlib/Unicode`]
┌ Warning: Note that large changes in sample rate, particularly from low sample rate to 
│         much higher sample rate can introduce significant innacuracies due to the singularity 
│         approximation method being used. To avoid this, please resample your data to a constant
│         sample rate before fitting.
└ @ RHEOS ~/.julia/packages/RHEOS/mcjIN/src/base.jl:617
┌ Warning: Please note that NaN data rows are not included in resultant data struct.
└ @ RHEOS ~/.julia/packages/RHEOS/mcjIN/src/IO.jl:18
┌ Warning: Please note that NaN data rows are not included in resultant data struct.
└ @ RHEOS ~/.julia/packages/RHEOS/mcjIN/src/IO.jl:18
┌ Warning: Please note that NaN data rows are not included in resultant data struct.
└ @ RHEOS ~/.julia/packages/RHEOS/mcjIN/src/IO.jl:18
┌ Warning: Please note that NaN data rows are not included in resultant data struct.
└ @ RHEOS ~/.julia/packages/RHEOS/mcjIN/src/IO.jl:18
┌ Warning: Please note that NaN data rows are not included in resultant data struct.
└ @ RHEOS ~/.julia/packages/RHEOS/mcjIN/src/IO.jl:18
┌ Warning: Please note that NaN data rows are not included in resultant data struct.
└ @ RHEOS ~/.julia/packages/RHEOS/mcjIN/src/IO.jl:18
┌ Warning: Please note that NaN data rows are not included in resultant data struct.
└ @ RHEOS ~/.julia/packages/RHEOS/mcjIN/src/IO.jl:18
┌ Warning: Please note that NaN data rows are not included in resultant data struct.
└ @ RHEOS ~/.julia/packages/RHEOS/mcjIN/src/IO.jl:18
┌ Warning: Please note that NaN data rows are not included in resultant data struct.
└ @ RHEOS ~/.julia/packages/RHEOS/mcjIN/src/IO.jl:18
┌ Warning: Please note that NaN data rows are not included in resultant data struct.
└ @ RHEOS ~/.julia/packages/RHEOS/mcjIN/src/IO.jl:18
┌ Warning: Initial values for model parameters are set to [0.5, 0.8, 0.5, 0.5, 0.5, 0.5] by default
└ @ RHEOS ~/.julia/packages/RHEOS/mcjIN/src/processing.jl:250
┌ Warning: Unspecified initial guesses filled by default values: [0.5, 0.51, 1.5, 0.4, 2.0, 0.7]
└ @ RHEOS ~/.julia/packages/RHEOS/mcjIN/src/processing.jl:273
┌ Warning: Unspecified initial guesses filled by default values: [0.5, 0.999, 1.5, 0.51, 2.0, 0.7]
└ @ RHEOS ~/.julia/packages/RHEOS/mcjIN/src/processing.jl:273
┌ Warning: Unspecified initial guesses filled by default values: [0.5, 0.8, 1.5, 0.4, 2.0, 0.7]
└ @ RHEOS ~/.julia/packages/RHEOS/mcjIN/src/processing.jl:273
┌ Warning: Unspecified initial guesses filled by default values: [1.0, 0.4, 1.5, 0.2, 2.0, 0.7]
└ @ RHEOS ~/.julia/packages/RHEOS/mcjIN/src/processing.jl:273
┌ Warning: Unspecified initial guesses filled by default values: [1.0, 0.8, 1.5, 0.5, 2.0, 0.7]
└ @ RHEOS ~/.julia/packages/RHEOS/mcjIN/src/processing.jl:273
Time: 0.384804 s, Why: XTOL_REACHED, Parameters: [0.9948652252554899, 1.0001494117081167], Error: 6.596866216653826e-7
Time: 0.099719689 s, Why: XTOL_REACHED, Parameters: [0.9948652252554899, 1.0001494117081167], Error: 6.596866216653826e-7
Time: 0.08328 s, Why: XTOL_REACHED, Parameters: [0.9949817657470703, 1.0000405311584473], Error: 6.073901481247519e-8
Time: 0.122716466 s, Why: XTOL_REACHED, Parameters: [0.9949817657470703, 1.0000405311584473], Error: 6.073901481247519e-8
Time: 0.0689428 s, Why: XTOL_REACHED, Parameters: [0.995025634765625], Error: 1.5172158885394603e-7
Time: 0.046306446 s, Why: XTOL_REACHED, Parameters: [0.995025634765625], Error: 1.5172158885394603e-7
Time: 0.110359496 s, Why: XTOL_REACHED, Parameters: [0.9949817657470703, 1.0000405311584473], Error: 6.073901481247519e-8
Time: 0.094078042 s, Why: XTOL_REACHED, Parameters: [0.9949817657470703, 1.0000405311584473], Error: 6.073901481247519e-8
Time: 11.399361189 s, Why: XTOL_REACHED, Parameters: [1.0052672212623261, 0.9946169710892703], Error: 0.0006206464424748333
Time: 10.690085349 s, Why: XTOL_REACHED, Parameters: [1.0052672212623261, 0.9946169710892703], Error: 0.0006206464424748333
Time: 0.284466031 s, Why: XTOL_REACHED, Parameters: [0.9702814280986787, 0.48507993966341023], Error: 0.45049889504458823
Time: 0.101327183 s, Why: XTOL_REACHED, Parameters: [0.9702814280986787, 0.48507993966341023], Error: 0.45049889504458823
┌ Warning: Note that large changes in sample rate, particularly from low sample rate to 
│         much higher sample rate can introduce significant innacuracies due to the singularity 
│         approximation method being used. To avoid this, please resample your data to a constant
│         sample rate before fitting.
└ @ RHEOS ~/.julia/packages/RHEOS/mcjIN/src/base.jl:617
Time: 18.90391627 s, Why: XTOL_REACHED, Parameters: [0.9980144500732422, 0.49978847503662105], Error: 0.03152578650507557
Time: 0.282163251 s, Why: XTOL_REACHED, Parameters: [0.9950014265254145, 1.000017178419513], Error: 8.807859761477455e-9
Time: 0.330304932 s, Why: XTOL_REACHED, Parameters: [0.9702814280986787, 0.48507993966341023], Error: 0.45049889504458823
Time: 0.164881824 s, Why: XTOL_REACHED, Parameters: [0.9974899234250123, 1.0000146818696511], Error: 9.619413558944023e-11
Time: 0.149207812 s, Why: XTOL_REACHED, Parameters: [0.9974899234250123, 1.0000146818696511], Error: 9.652501819940159e-9
Time: 0.079014882 s, Why: XTOL_REACHED, Parameters: [0.9705474853515625, 0.48586144447326673], Error: 0.002216624920402886
Time: 0.13177522 s, Why: XTOL_REACHED, Parameters: [0.9702814280986787, 0.48507993966341023], Error: 0.45049889504458823
┌ Warning: Note that large changes in sample rate, particularly from low sample rate to 
│         much higher sample rate can introduce significant innacuracies due to the singularity 
│         approximation method being used. To avoid this, please resample your data to a constant
│         sample rate before fitting.
└ @ RHEOS ~/.julia/packages/RHEOS/mcjIN/src/base.jl:617
Time: 19.342679808 s, Why: XTOL_REACHED, Parameters: [0.9980144500732422, 0.49978847503662105], Error: 0.03152578650507557
Time: 0.129723725 s, Why: XTOL_REACHED, Parameters: [2.000004925951361, 0.5000009320676326], Error: 1.2516604788032902e-9Time: 0.010288858 s, Why: XTOL_REACHED, Parameters: [2.000004925951361, 0.5000009320676326], Error: 1.2516604788032902e-9┌ Warning: Initial values for model parameters are set to [0.5, 0.5] by default
└ @ RHEOS ~/.julia/packages/RHEOS/mcjIN/src/processing.jl:250
Time: 0.010468681 s, Why: XTOL_REACHED, Parameters: [1.9999974966049168, 0.5000008583068852], Error: 9.23276778484349e-11┌ Warning: Initial values for model parameters are set to [0.5, 0.5] by default
└ @ RHEOS ~/.julia/packages/RHEOS/mcjIN/src/processing.jl:250
Time: 0.010786197 s, Why: XTOL_REACHED, Parameters: [1.9999974966049168, 0.5000008583068852], Error: 9.23276778484349e-11Time: 0.013375544 s, Why: XTOL_REACHED, Parameters: [2.0000128209590913, 0.4999951303005219], Error: 2.692379856076027e-9Time: 0.019029505 s, Why: XTOL_REACHED, Parameters: [2.0000128209590913, 0.4999951303005219], Error: 2.692379856076027e-9Time: 0.291713144 s, Why: XTOL_REACHED, Parameters: [2.0000035122036937, 0.5000028014183046], Error: 2.1574634269379034e-7Time: 0.127946777 s, Why: XTOL_REACHED, Parameters: [2.0000035122036937, 0.5000028014183046], Error: 2.1574634269379034e-7Time: 0.083633272 s, Why: XTOL_REACHED, Parameters: [2.0000128209590913, 0.4999951303005219], Error: 2.692379856076027e-9Time: 0.157871843 s, Why: XTOL_REACHED, Parameters: [2.0000035122036937, 0.5000028014183046], Error: 2.1574634269379034e-7Time: 0.009756994 s, Why: XTOL_REACHED, Parameters: [2.000000694394111, 0.49999126046895986], Error: 9.501630885021207e-11Time: 0.012142738 s, Why: XTOL_REACHED, Parameters: [2.0000128209590913, 0.4999951303005219], Error: 2.692379856076027e-9Time: 0.028473136 s, Why: XTOL_REACHED, Parameters: [1.999991464614868, 0.4999998569488526], Error: 2.4093299225351823e-10Time: 0.145692801 s, Why: XTOL_REACHED, Parameters: [2.0000035122036937, 0.5000028014183046], Error: 2.1574634269379034e-7┌ Warning: Singularity (Inf value) is present in modulus used for modelsteppredict
└ @ RHEOS ~/.julia/packages/RHEOS/mcjIN/src/processing.jl:659
┌ Warning: Singularity (Inf value) is present in modulus used for modelsteppredict
└ @ RHEOS ~/.julia/packages/RHEOS/mcjIN/src/processing.jl:659
┌ Warning: Singularity (Inf value) is present in modulus used for modelsteppredict
└ @ RHEOS ~/.julia/packages/RHEOS/mcjIN/src/processing.jl:659
┌ Warning: Singularity (Inf value) is present in modulus used for modelsteppredict
└ @ RHEOS ~/.julia/packages/RHEOS/mcjIN/src/processing.jl:659
Time: 0.665774025 s, Why: XTOL_REACHED, Parameters: [5.000259278084329, 2.5000636849226887, 7.499936352895043], Error: 1.614973802323967e-7┌ Warning: Initial values for model parameters are set to [0.5, 0.5, 0.5] by default
└ @ RHEOS ~/.julia/packages/RHEOS/mcjIN/src/processing.jl:250
Time: 0.314417453 s, Why: XTOL_REACHED, Parameters: [5.000272039843788, 2.5000667247500967, 7.499933494709937], Error: 1.7744141259006162e-7Time: 0.447893889 s, Why: XTOL_REACHED, Parameters: [5.000286037469591, 2.5000700617687297, 7.499929878179736], Error: 1.9552627075652454e-7Time: 0.612522868 s, Why: XTOL_REACHED, Parameters: [5.000259278084329, 2.5000636849226887, 7.499936352895043], Error: 1.6468291103124966e-9┌ Warning: Note that a logarithmic rescaling will fail if Gp or Gpp data contain 0.0 values as it will result in -Inf cost. Trying a different rescaling scheme, or not fitting around ω≈0.0 may alleviate the issue.
└ @ RHEOS ~/.julia/packages/RHEOS/mcjIN/src/processing.jl:819
Time: 2.112193599 s, Why: XTOL_REACHED, Parameters: [4.999342164208021, 2.499838593729419, 7.500160585234369], Error: 6.662162136207331e-7┌ Warning: Note that a local rescaling will fail if Gp or Gpp data contain 0.0 values as it will result in division by 0.0. Trying a different rescaling scheme, or not fitting around ω≈0.0 may alleviate the issue.
└ @ RHEOS ~/.julia/packages/RHEOS/mcjIN/src/processing.jl:823
Time: 2.601720903 s, Why: XTOL_REACHED, Parameters: [4.999394755770768, 2.4998511440645768, 7.500148037675606], Error: 5.642818809604256e-7Time: 0.375949143 s, Why: XTOL_REACHED, Parameters: [5.000276677321139, 2.5000670659349624, 7.499932785665045], Error: 1.761456973345131e-7   Testing RHEOS tests passed 
