 Resolving package versions...
 Installed Compat ─────────────── v2.2.0
 Installed DiffResults ────────── v0.0.4
 Installed OrderedCollections ─── v1.1.0
 Installed SpecialFunctions ───── v0.9.0
 Installed SparseDiffTools ────── v1.0.0
 Installed DataStructures ─────── v0.17.6
 Installed MacroTools ─────────── v0.5.2
 Installed StaticArrays ───────── v0.12.1
 Installed LightGraphs ────────── v1.3.0
 Installed CommonSubexpressions ─ v0.2.0
 Installed NaNMath ────────────── v0.3.3
 Installed DiffRules ──────────── v0.1.0
 Installed DiffEqDiffTools ────── v1.5.0
 Installed Adapt ──────────────── v1.0.0
 Installed ForwardDiff ────────── v0.10.7
 Installed OpenSpecFun_jll ────── v0.5.3+1
 Installed Requires ───────────── v0.5.2
 Installed ArrayInterface ─────── v2.0.0
 Installed ArnoldiMethod ──────── v0.0.4
 Installed SimpleTraits ───────── v0.9.1
 Installed VertexSafeGraphs ───── v0.1.0
 Installed Inflate ────────────── v0.1.1
  Updating `~/.julia/environments/v1.3/Project.toml`
  [47a9eef4] + SparseDiffTools v1.0.0
  Updating `~/.julia/environments/v1.3/Manifest.toml`
  [79e6a3ab] + Adapt v1.0.0
  [ec485272] + ArnoldiMethod v0.0.4
  [4fba245c] + ArrayInterface v2.0.0
  [bbf7d656] + CommonSubexpressions v0.2.0
  [34da2185] + Compat v2.2.0
  [864edb3b] + DataStructures v0.17.6
  [01453d9d] + DiffEqDiffTools v1.5.0
  [163ba53b] + DiffResults v0.0.4
  [b552c78f] + DiffRules v0.1.0
  [f6369f11] + ForwardDiff v0.10.7
  [d25df0c9] + Inflate v0.1.1
  [093fc24a] + LightGraphs v1.3.0
  [1914dd2f] + MacroTools v0.5.2
  [77ba4419] + NaNMath v0.3.3
  [efe28fd5] + OpenSpecFun_jll v0.5.3+1
  [bac558e1] + OrderedCollections v1.1.0
  [ae029012] + Requires v0.5.2
  [699a6c99] + SimpleTraits v0.9.1
  [47a9eef4] + SparseDiffTools v1.0.0
  [276daf66] + SpecialFunctions v0.9.0
  [90137ffa] + StaticArrays v0.12.1
  [19fa3120] + VertexSafeGraphs v0.1.0
  [2a0f44e3] + Base64 
  [ade2ca70] + Dates 
  [8bb1440f] + DelimitedFiles 
  [8ba89e20] + Distributed 
  [b77e0a4c] + InteractiveUtils 
  [76f85450] + LibGit2 
  [8f399da3] + Libdl 
  [37e2e46d] + LinearAlgebra 
  [56ddb016] + Logging 
  [d6f4376e] + Markdown 
  [a63ad114] + Mmap 
  [44cfe95a] + Pkg 
  [de0858da] + Printf 
  [3fa0cd96] + REPL 
  [9a3f8284] + Random 
  [ea8e919c] + SHA 
  [9e88b42a] + Serialization 
  [1a1011a3] + SharedArrays 
  [6462fe0b] + Sockets 
  [2f01184e] + SparseArrays 
  [10745b16] + Statistics 
  [8dfed614] + Test 
  [cf7118a7] + UUIDs 
  [4ec0a83e] + Unicode 
   Testing SparseDiffTools
 Resolving package versions...
 Installed SparsityDetection ──── v0.1.1
 Installed Zygote ─────────────── v0.3.4
 Installed BandedMatrices ─────── v0.14.2
 Installed NNlib ──────────────── v0.6.0
 Installed BlockBandedMatrices ── v0.6.0
 Installed SafeTestsets ───────── v0.0.1
 Installed Cassette ───────────── v0.2.6
 Installed IterativeSolvers ───── v0.8.1
 Installed BinaryProvider ─────── v0.5.8
 Installed RecipesBase ────────── v0.7.0
 Installed ArrayLayouts ───────── v0.1.5
 Installed FFTW ───────────────── v1.1.0
 Installed TimerOutputs ───────── v0.5.3
 Installed JSON ───────────────── v0.21.0
 Installed BlockArrays ────────── v0.10.2
 Installed Parsers ────────────── v0.3.10
 Installed Conda ──────────────── v1.3.0
 Installed Reexport ───────────── v0.2.0
 Installed IRTools ────────────── v0.2.3
 Installed ZygoteRules ────────── v0.1.0
 Installed MatrixFactorizations ─ v0.2.1
 Installed VersionParsing ─────── v1.1.3
 Installed AbstractFFTs ───────── v0.5.0
 Installed FillArrays ─────────── v0.8.2
  Building Conda → `~/.julia/packages/Conda/kLXeC/deps/build.log`
  Building FFTW ─→ `~/.julia/packages/FFTW/loJ3F/deps/build.log`
    Status `/tmp/jl_KYc6JA/Manifest.toml`
  [621f4979] AbstractFFTs v0.5.0
  [79e6a3ab] Adapt v1.0.0
  [ec485272] ArnoldiMethod v0.0.4
  [4fba245c] ArrayInterface v2.0.0
  [4c555306] ArrayLayouts v0.1.5
  [aae01518] BandedMatrices v0.14.2
  [b99e7846] BinaryProvider v0.5.8
  [8e7c35d0] BlockArrays v0.10.2
  [ffab5731] BlockBandedMatrices v0.6.0
  [7057c7e9] Cassette v0.2.6
  [bbf7d656] CommonSubexpressions v0.2.0
  [34da2185] Compat v2.2.0
  [8f4d0f93] Conda v1.3.0
  [864edb3b] DataStructures v0.17.6
  [01453d9d] DiffEqDiffTools v1.5.0
  [163ba53b] DiffResults v0.0.4
  [b552c78f] DiffRules v0.1.0
  [7a1cc6ca] FFTW v1.1.0
  [1a297f60] FillArrays v0.8.2
  [f6369f11] ForwardDiff v0.10.7
  [7869d1d1] IRTools v0.2.3
  [d25df0c9] Inflate v0.1.1
  [42fd0dbc] IterativeSolvers v0.8.1
  [682c06a0] JSON v0.21.0
  [093fc24a] LightGraphs v1.3.0
  [1914dd2f] MacroTools v0.5.2
  [a3b82374] MatrixFactorizations v0.2.1
  [872c559c] NNlib v0.6.0
  [77ba4419] NaNMath v0.3.3
  [efe28fd5] OpenSpecFun_jll v0.5.3+1
  [bac558e1] OrderedCollections v1.1.0
  [69de0a69] Parsers v0.3.10
  [3cdcf5f2] RecipesBase v0.7.0
  [189a3867] Reexport v0.2.0
  [ae029012] Requires v0.5.2
  [1bc83da4] SafeTestsets v0.0.1
  [699a6c99] SimpleTraits v0.9.1
  [47a9eef4] SparseDiffTools v1.0.0
  [684fba80] SparsityDetection v0.1.1
  [276daf66] SpecialFunctions v0.9.0
  [90137ffa] StaticArrays v0.12.1
  [a759f4b9] TimerOutputs v0.5.3
  [81def892] VersionParsing v1.1.3
  [19fa3120] VertexSafeGraphs v0.1.0
  [e88e6eb3] Zygote v0.3.4
  [700de1a5] ZygoteRules v0.1.0
  [2a0f44e3] Base64  [`@stdlib/Base64`]
  [ade2ca70] Dates  [`@stdlib/Dates`]
  [8bb1440f] DelimitedFiles  [`@stdlib/DelimitedFiles`]
  [8ba89e20] Distributed  [`@stdlib/Distributed`]
  [b77e0a4c] InteractiveUtils  [`@stdlib/InteractiveUtils`]
  [76f85450] LibGit2  [`@stdlib/LibGit2`]
  [8f399da3] Libdl  [`@stdlib/Libdl`]
  [37e2e46d] LinearAlgebra  [`@stdlib/LinearAlgebra`]
  [56ddb016] Logging  [`@stdlib/Logging`]
  [d6f4376e] Markdown  [`@stdlib/Markdown`]
  [a63ad114] Mmap  [`@stdlib/Mmap`]
  [44cfe95a] Pkg  [`@stdlib/Pkg`]
  [de0858da] Printf  [`@stdlib/Printf`]
  [3fa0cd96] REPL  [`@stdlib/REPL`]
  [9a3f8284] Random  [`@stdlib/Random`]
  [ea8e919c] SHA  [`@stdlib/SHA`]
  [9e88b42a] Serialization  [`@stdlib/Serialization`]
  [1a1011a3] SharedArrays  [`@stdlib/SharedArrays`]
  [6462fe0b] Sockets  [`@stdlib/Sockets`]
  [2f01184e] SparseArrays  [`@stdlib/SparseArrays`]
  [10745b16] Statistics  [`@stdlib/Statistics`]
  [8dfed614] Test  [`@stdlib/Test`]
  [cf7118a7] UUIDs  [`@stdlib/UUIDs`]
  [4ec0a83e] Unicode  [`@stdlib/Unicode`]
Test Summary:                  | Pass  Total
Exact coloring via contraction |   20     20
133.485337 seconds (12.97 M allocations: 670.618 MiB, 0.52% gc time)
Test Summary:              | Pass  Total
Greedy distance-1 coloring |   20     20
  0.481497 seconds (631.08 k allocations: 33.627 MiB, 2.53% gc time)
Test Summary:        | Pass  Total
Greedy star coloring |  816    816
  1.570199 seconds (1.12 M allocations: 56.464 MiB, 0.92% gc time)
Acyclic coloring: Error During Test at /root/.julia/packages/SafeTestsets/A83XK/src/SafeTestsets.jl:25
  Got exception outside of a @test
  LoadError: ArgumentError: 13 and 3 are not connected in graph g
  Stacktrace:
   [1] find_edge(::LightGraphs.SimpleGraphs.SimpleGraph{Int64}, ::Int64, ::Int64) at /root/.julia/packages/SparseDiffTools/rte5f/src/coloring/acyclic_coloring.jl:183
   [2] grow_star!(::DataStructures.DisjointSets{LightGraphs.SimpleGraphs.SimpleEdge}, ::Int64, ::Int64, ::LightGraphs.SimpleGraphs.SimpleGraph{Int64}, ::Array{Tuple{Int64,Int64},1}, ::Array{Int64,1}) at /root/.julia/packages/SparseDiffTools/rte5f/src/coloring/acyclic_coloring.jl:135
   [3] color_graph(::LightGraphs.SimpleGraphs.SimpleGraph{Int64}, ::SparseDiffTools.AcyclicColoring) at /root/.julia/packages/SparseDiffTools/rte5f/src/coloring/acyclic_coloring.jl:47
   [4] top-level scope at /root/.julia/packages/SparseDiffTools/rte5f/test/test_acyclic.jl:114
   [5] include at ./boot.jl:328 [inlined]
   [6] include_relative(::Module, ::String) at ./loading.jl:1105
   [7] include at ./Base.jl:31 [inlined]
   [8] include(::String) at /root/.julia/packages/SafeTestsets/A83XK/src/SafeTestsets.jl:23
   [9] top-level scope at /root/.julia/packages/SparseDiffTools/rte5f/test/runtests.jl:11
   [10] top-level scope at /buildworker/worker/package_linux64/build/usr/share/julia/stdlib/v1.3/Test/src/Test.jl:1107
   [11] top-level scope at /root/.julia/packages/SparseDiffTools/rte5f/test/runtests.jl:11
   [12] eval(::Module, ::Any) at ./boot.jl:330
   [13] top-level scope at /root/.julia/packages/SafeTestsets/A83XK/src/SafeTestsets.jl:23
   [14] top-level scope at util.jl:155
   [15] top-level scope at /root/.julia/packages/SparseDiffTools/rte5f/test/runtests.jl:11
   [16] include at ./boot.jl:328 [inlined]
   [17] include_relative(::Module, ::String) at ./loading.jl:1105
   [18] include(::Module, ::String) at ./Base.jl:31
   [19] include(::String) at ./client.jl:424
   [20] top-level scope at none:6
   [21] eval(::Module, ::Any) at ./boot.jl:330
   [22] exec_options(::Base.JLOptions) at ./client.jl:263
   [23] _start() at ./client.jl:460
  in expression starting at /root/.julia/packages/SparseDiffTools/rte5f/test/test_acyclic.jl:111
  
Test Summary:    |    Pass  Error    Total
Acyclic coloring | 2872738      1  2872739
ERROR: LoadError: Some tests did not pass: 2872738 passed, 0 failed, 1 errored, 0 broken.
in expression starting at /root/.julia/packages/SparseDiffTools/rte5f/test/runtests.jl:7
ERROR: Package SparseDiffTools errored during testing
Stacktrace:
 [1] pkgerror(::String, ::Vararg{String,N} where N) at /buildworker/worker/package_linux64/build/usr/share/julia/stdlib/v1.3/Pkg/src/Types.jl:113
 [2] #test#131(::Bool, ::Nothing, ::Cmd, ::Cmd, ::typeof(Pkg.Operations.test), ::Pkg.Types.Context, ::Array{Pkg.Types.PackageSpec,1}) at /buildworker/worker/package_linux64/build/usr/share/julia/stdlib/v1.3/Pkg/src/Operations.jl:1370
 [3] #test at ./none:0 [inlined]
 [4] #test#62(::Bool, ::Nothing, ::Cmd, ::Cmd, ::Base.Iterators.Pairs{Union{},Union{},Tuple{},NamedTuple{(),Tuple{}}}, ::typeof(Pkg.API.test), ::Pkg.Types.Context, ::Array{Pkg.Types.PackageSpec,1}) at /buildworker/worker/package_linux64/build/usr/share/julia/stdlib/v1.3/Pkg/src/API.jl:253
 [5] test(::Pkg.Types.Context, ::Array{Pkg.Types.PackageSpec,1}) at /buildworker/worker/package_linux64/build/usr/share/julia/stdlib/v1.3/Pkg/src/API.jl:239
 [6] #test#61 at /buildworker/worker/package_linux64/build/usr/share/julia/stdlib/v1.3/Pkg/src/API.jl:233 [inlined]
 [7] test at /buildworker/worker/package_linux64/build/usr/share/julia/stdlib/v1.3/Pkg/src/API.jl:233 [inlined]
 [8] #test#60 at /buildworker/worker/package_linux64/build/usr/share/julia/stdlib/v1.3/Pkg/src/API.jl:232 [inlined]
 [9] test at /buildworker/worker/package_linux64/build/usr/share/julia/stdlib/v1.3/Pkg/src/API.jl:232 [inlined]
 [10] #test#59(::Base.Iterators.Pairs{Union{},Union{},Tuple{},NamedTuple{(),Tuple{}}}, ::typeof(Pkg.API.test), ::String) at /buildworker/worker/package_linux64/build/usr/share/julia/stdlib/v1.3/Pkg/src/API.jl:231
 [11] test(::String) at /buildworker/worker/package_linux64/build/usr/share/julia/stdlib/v1.3/Pkg/src/API.jl:231
 [12] top-level scope at none:10
