 Resolving package versions...
 Installed Conda ────────────── v1.3.0
 Installed Blosc ────────────── v0.5.1
 Installed AbstractFFTs ─────── v0.5.0
 Installed MbedTLS ──────────── v0.7.0
 Installed BigArrays ────────── v0.8.0
 Installed BinaryProvider ───── v0.5.8
 Installed Colors ───────────── v0.9.6
 Installed LazyJSON ─────────── v0.1.1
 Installed URIParser ────────── v0.4.0
 Installed Libz ─────────────── v1.0.0
 Installed Compat ───────────── v2.2.0
 Installed Reexport ─────────── v0.2.0
 Installed OrderedCollections ─ v1.1.0
 Installed OffsetArrays ─────── v0.11.2
 Installed IterTools ────────── v1.3.0
 Installed FilePathsBase ────── v0.7.0
 Installed MsgPack ──────────── v0.2.0
 Installed IniFile ──────────── v0.5.0
 Installed AWSS3 ────────────── v0.6.5
 Installed SymDict ──────────── v0.3.0
 Installed MappedArrays ─────── v0.2.2
 Installed Retry ────────────── v0.4.0
 Installed DataStructures ───── v0.17.6
 Installed Memoize ──────────── v0.3.0
 Installed TranscodingStreams ─ v0.9.5
 Installed FixedPointNumbers ── v0.6.1
 Installed Parsers ──────────── v0.3.10
 Installed Graphics ─────────── v0.4.0
 Installed CodecZlib ────────── v0.6.0
 Installed Mocking ──────────── v0.7.0
 Installed NaNMath ──────────── v0.3.3
 Installed JSON ─────────────── v0.21.0
 Installed HTTP ─────────────── v0.8.8
 Installed GoogleCloud ──────── v0.8.0
 Installed XMLDict ──────────── v0.3.0
 Installed FFTW ─────────────── v1.1.0
 Installed Parameters ───────── v0.12.0
 Installed PaddedViews ──────── v0.4.2
 Installed BufferedStreams ──── v1.0.0
 Installed ImageCore ────────── v0.8.5
 Installed CMake ────────────── v1.1.2
 Installed CMakeWrapper ─────── v0.2.3
 Installed AWSCore ──────────── v0.6.5
 Installed EzXML ────────────── v0.9.5
 Installed ColorTypes ───────── v0.8.0
 Installed VersionParsing ───── v1.1.3
 Installed CodecZstd ────────── v0.6.1
 Installed ImageMagick ──────── v0.7.5
 Installed BinDeps ──────────── v0.8.10
 Installed FileIO ───────────── v1.1.0
  Updating `~/.julia/environments/v1.2/Project.toml`
  [c2a8506f] + BigArrays v0.8.0
  Updating `~/.julia/environments/v1.2/Manifest.toml`
  [4f1ea46c] + AWSCore v0.6.5
  [1c724243] + AWSS3 v0.6.5
  [621f4979] + AbstractFFTs v0.5.0
  [c2a8506f] + BigArrays v0.8.0
  [9e28174c] + BinDeps v0.8.10
  [b99e7846] + BinaryProvider v0.5.8
  [a74b3585] + Blosc v0.5.1
  [e1450e63] + BufferedStreams v1.0.0
  [631607c0] + CMake v1.1.2
  [d5fb7624] + CMakeWrapper v0.2.3
  [944b1d66] + CodecZlib v0.6.0
  [6b39b394] + CodecZstd v0.6.1
  [3da002f7] + ColorTypes v0.8.0
  [5ae59095] + Colors v0.9.6
  [34da2185] + Compat v2.2.0
  [8f4d0f93] + Conda v1.3.0
  [864edb3b] + DataStructures v0.17.6
  [8f5d6c58] + EzXML v0.9.5
  [7a1cc6ca] + FFTW v1.1.0
  [5789e2e9] + FileIO v1.1.0
  [48062228] + FilePathsBase v0.7.0
  [53c48c17] + FixedPointNumbers v0.6.1
  [55e21f81] + GoogleCloud v0.8.0
  [a2bd30eb] + Graphics v0.4.0
  [cd3eb016] + HTTP v0.8.8
  [a09fc81d] + ImageCore v0.8.5
  [6218d12a] + ImageMagick v0.7.5
  [83e8ac13] + IniFile v0.5.0
  [c8e1da08] + IterTools v1.3.0
  [682c06a0] + JSON v0.21.0
  [fc18253b] + LazyJSON v0.1.1
  [2ec943e9] + Libz v1.0.0
  [dbb5928d] + MappedArrays v0.2.2
  [739be429] + MbedTLS v0.7.0
  [c03570c3] + Memoize v0.3.0
  [78c3b35d] + Mocking v0.7.0
  [99f44e22] + MsgPack v0.2.0
  [77ba4419] + NaNMath v0.3.3
  [6fe1bfb0] + OffsetArrays v0.11.2
  [bac558e1] + OrderedCollections v1.1.0
  [5432bcbf] + PaddedViews v0.4.2
  [d96e819e] + Parameters v0.12.0
  [69de0a69] + Parsers v0.3.10
  [189a3867] + Reexport v0.2.0
  [20febd7b] + Retry v0.4.0
  [2da68c74] + SymDict v0.3.0
  [3bb67fe8] + TranscodingStreams v0.9.5
  [30578b45] + URIParser v0.4.0
  [81def892] + VersionParsing v1.1.3
  [228000da] + XMLDict v0.3.0
  [2a0f44e3] + Base64 
  [ade2ca70] + Dates 
  [8bb1440f] + DelimitedFiles 
  [8ba89e20] + Distributed 
  [b77e0a4c] + InteractiveUtils 
  [76f85450] + LibGit2 
  [8f399da3] + Libdl 
  [37e2e46d] + LinearAlgebra 
  [56ddb016] + Logging 
  [d6f4376e] + Markdown 
  [a63ad114] + Mmap 
  [44cfe95a] + Pkg 
  [de0858da] + Printf 
  [3fa0cd96] + REPL 
  [9a3f8284] + Random 
  [ea8e919c] + SHA 
  [9e88b42a] + Serialization 
  [1a1011a3] + SharedArrays 
  [6462fe0b] + Sockets 
  [2f01184e] + SparseArrays 
  [10745b16] + Statistics 
  [8dfed614] + Test 
  [cf7118a7] + UUIDs 
  [4ec0a83e] + Unicode 
  Building MbedTLS ────→ `~/.julia/packages/MbedTLS/a1JFn/deps/build.log`
  Building CMake ──────→ `~/.julia/packages/CMake/nSK2r/deps/build.log`
  Building Blosc ──────→ `~/.julia/packages/Blosc/lzFr0/deps/build.log`
  Building Conda ──────→ `~/.julia/packages/Conda/kLXeC/deps/build.log`
  Building CodecZlib ──→ `~/.julia/packages/CodecZlib/5t9zO/deps/build.log`
  Building FFTW ───────→ `~/.julia/packages/FFTW/loJ3F/deps/build.log`
  Building EzXML ──────→ `~/.julia/packages/EzXML/QtGgF/deps/build.log`
  Building ImageMagick → `~/.julia/packages/ImageMagick/vMfoS/deps/build.log`
  Building CodecZstd ──→ `~/.julia/packages/CodecZstd/zTSNC/deps/build.log`
   Testing BigArrays
    Status `/tmp/jl_71HzBN/Manifest.toml`
  [4f1ea46c] AWSCore v0.6.5
  [1c724243] AWSS3 v0.6.5
  [621f4979] AbstractFFTs v0.5.0
  [c2a8506f] BigArrays v0.8.0
  [9e28174c] BinDeps v0.8.10
  [b99e7846] BinaryProvider v0.5.8
  [a74b3585] Blosc v0.5.1
  [e1450e63] BufferedStreams v1.0.0
  [631607c0] CMake v1.1.2
  [d5fb7624] CMakeWrapper v0.2.3
  [944b1d66] CodecZlib v0.6.0
  [6b39b394] CodecZstd v0.6.1
  [3da002f7] ColorTypes v0.8.0
  [5ae59095] Colors v0.9.6
  [34da2185] Compat v2.2.0
  [8f4d0f93] Conda v1.3.0
  [864edb3b] DataStructures v0.17.6
  [8f5d6c58] EzXML v0.9.5
  [7a1cc6ca] FFTW v1.1.0
  [5789e2e9] FileIO v1.1.0
  [48062228] FilePathsBase v0.7.0
  [53c48c17] FixedPointNumbers v0.6.1
  [55e21f81] GoogleCloud v0.8.0
  [a2bd30eb] Graphics v0.4.0
  [cd3eb016] HTTP v0.8.8
  [a09fc81d] ImageCore v0.8.5
  [6218d12a] ImageMagick v0.7.5
  [83e8ac13] IniFile v0.5.0
  [c8e1da08] IterTools v1.3.0
  [682c06a0] JSON v0.21.0
  [fc18253b] LazyJSON v0.1.1
  [2ec943e9] Libz v1.0.0
  [dbb5928d] MappedArrays v0.2.2
  [739be429] MbedTLS v0.7.0
  [c03570c3] Memoize v0.3.0
  [78c3b35d] Mocking v0.7.0
  [99f44e22] MsgPack v0.2.0
  [77ba4419] NaNMath v0.3.3
  [6fe1bfb0] OffsetArrays v0.11.2
  [bac558e1] OrderedCollections v1.1.0
  [5432bcbf] PaddedViews v0.4.2
  [d96e819e] Parameters v0.12.0
  [69de0a69] Parsers v0.3.10
  [189a3867] Reexport v0.2.0
  [20febd7b] Retry v0.4.0
  [2da68c74] SymDict v0.3.0
  [3bb67fe8] TranscodingStreams v0.9.5
  [30578b45] URIParser v0.4.0
  [81def892] VersionParsing v1.1.3
  [228000da] XMLDict v0.3.0
  [2a0f44e3] Base64  [`@stdlib/Base64`]
  [ade2ca70] Dates  [`@stdlib/Dates`]
  [8bb1440f] DelimitedFiles  [`@stdlib/DelimitedFiles`]
  [8ba89e20] Distributed  [`@stdlib/Distributed`]
  [b77e0a4c] InteractiveUtils  [`@stdlib/InteractiveUtils`]
  [76f85450] LibGit2  [`@stdlib/LibGit2`]
  [8f399da3] Libdl  [`@stdlib/Libdl`]
  [37e2e46d] LinearAlgebra  [`@stdlib/LinearAlgebra`]
  [56ddb016] Logging  [`@stdlib/Logging`]
  [d6f4376e] Markdown  [`@stdlib/Markdown`]
  [a63ad114] Mmap  [`@stdlib/Mmap`]
  [44cfe95a] Pkg  [`@stdlib/Pkg`]
  [de0858da] Printf  [`@stdlib/Printf`]
  [3fa0cd96] REPL  [`@stdlib/REPL`]
  [9a3f8284] Random  [`@stdlib/Random`]
  [ea8e919c] SHA  [`@stdlib/SHA`]
  [9e88b42a] Serialization  [`@stdlib/Serialization`]
  [1a1011a3] SharedArrays  [`@stdlib/SharedArrays`]
  [6462fe0b] Sockets  [`@stdlib/Sockets`]
  [2f01184e] SparseArrays  [`@stdlib/SparseArrays`]
  [10745b16] Statistics  [`@stdlib/Statistics`]
  [8dfed614] Test  [`@stdlib/Test`]
  [cf7118a7] UUIDs  [`@stdlib/UUIDs`]
  [4ec0a83e] Unicode  [`@stdlib/Unicode`]
┌ Warning: did not find AWS credential! set it in environment variables.
└ @ BigArrays.S3Dicts ~/.julia/packages/BigArrays/cbDmG/src/backends/S3Dicts.jl:23
Test Summary:             | Pass  Total
test index transformation |    2      2
tempDir = "/tmp/jl_wxM0A8"
path = "/tmp/jl_SswpR4/4_4_40"
Test Summary:              |
test bigarray construction | No tests
path = "/tmp/jl_wxM0A8/6_6_30"
a = UInt8[0xc5, 0x3e, 0x30, 0x14, 0x2a, 0x80, 0xc9, 0x39, 0x8a, 0x96, 0xb3, 0x6f, 0xac, 0xd9, 0xd8, 0x97, 0x24, 0xd5, 0x28, 0xb4]
b = UInt8[0xc5, 0x3e, 0x30, 0x14, 0x2a, 0x80, 0xc9, 0x39, 0x8a, 0x96, 0xb3, 0x6f, 0xac, 0xd9, 0xd8, 0x97, 0x24, 0xd5, 0x28, 0xb4]
Test Summary: | Pass  Total
test BinDict  |    3      3
path = "/tmp/jl_wxM0A8/6_6_30"
saving speed: 0.10454339040749053 MB/s
cutout speed: 0.25871196368201455 MB/s
Test Summary:      | Pass  Total
test file protocol |    1      1
path = "/tmp/jl_wxM0A8/6_6_30"
saving speed: 5.896161230528849 MB/s
cutout speed: 24.04640957047101 MB/s
Test Summary:                               | Pass  Total
test IO of BigArray with backend of BinDict |    1      1
path = "/tmp/jl_wxM0A8/6_6_30"
saving speed: 5.762386100361209 MB/s
cutout speed: 23.991987875648928 MB/s
Test Summary:            | Pass  Total
test negative coordinate |    1      1
path = "/tmp/jl_wxM0A8/6_6_30"
saving speed: 22.60174315944117 MB/s
cutout speed: 73.70215118153762 MB/s
Test Summary:                                | Pass  Total
test aligned IO crossing the volume boundary |    1      1
path = "/tmp/jl_wxM0A8/6_6_30"
saving speed: 13.984870169699448 MB/s
cutout speed: 66.5744582757031 MB/s
Test Summary:                                   | Pass  Total
test nonaligned IO crossing the volume boundary |    1      1
path = "/tmp/jl_wxM0A8/6_6_30"
saving speed: 0.6710958996040535 MB/s
cutout speed: 0.6055536842264619 MB/s
Test Summary:                                                     | Pass  Total
test IO of BigArray with backend of BinDict with zstd compression |    1      1
path = "/tmp/jl_wxM0A8/6_6_30"
saving speed: 1.2133455881237734 MB/s
cutout speed: 1.896404180623016 MB/s
Test Summary:                                                        | Pass  Total
test IO of BigArray with backend of BinDict with blosclz compression |    1      1
path = "/tmp/jl_wxM0A8/12_12_30"
saving speed: 16.502330954247288 MB/s
cutout speed: 26.6893526163906 MB/s
Test Summary:                            | Pass  Total
test dataset not aligned starting from 0 |    1      1
path = "/tmp/jl_wxM0A8/12_12_30"
saving speed: 12.567748016652265 MB/s
cutout speed: 28.16554297885824 MB/s
Test Summary:                                                     | Pass  Total
test dataset not aligned starting from 0 and negative coordinates |    1      1
   Testing BigArrays tests passed 
