 Resolving package versions...
 Installed BoundingSphere ─ v0.2.0
  Updating `~/.julia/environments/v1.3/Project.toml`
  [747eb165] + BoundingSphere v0.2.0
  Updating `~/.julia/environments/v1.3/Manifest.toml`
  [747eb165] + BoundingSphere v0.2.0
  [2a0f44e3] + Base64 
  [b77e0a4c] + InteractiveUtils 
  [8f399da3] + Libdl 
  [37e2e46d] + LinearAlgebra 
  [d6f4376e] + Markdown 
  [9a3f8284] + Random 
  [9e88b42a] + Serialization 
  [2f01184e] + SparseArrays 
  [10745b16] + Statistics 
   Testing BoundingSphere
 Resolving package versions...
 Installed Parsers ──────── v0.3.10
 Installed JSON ─────────── v0.21.0
 Installed BenchmarkTools ─ v0.4.3
 Installed StaticArrays ─── v0.12.1
    Status `/tmp/jl_NyPqw6/Manifest.toml`
  [6e4b80f9] BenchmarkTools v0.4.3
  [747eb165] BoundingSphere v0.2.0
  [682c06a0] JSON v0.21.0
  [69de0a69] Parsers v0.3.10
  [90137ffa] StaticArrays v0.12.1
  [2a0f44e3] Base64  [`@stdlib/Base64`]
  [ade2ca70] Dates  [`@stdlib/Dates`]
  [8ba89e20] Distributed  [`@stdlib/Distributed`]
  [b77e0a4c] InteractiveUtils  [`@stdlib/InteractiveUtils`]
  [8f399da3] Libdl  [`@stdlib/Libdl`]
  [37e2e46d] LinearAlgebra  [`@stdlib/LinearAlgebra`]
  [56ddb016] Logging  [`@stdlib/Logging`]
  [d6f4376e] Markdown  [`@stdlib/Markdown`]
  [a63ad114] Mmap  [`@stdlib/Mmap`]
  [de0858da] Printf  [`@stdlib/Printf`]
  [9a3f8284] Random  [`@stdlib/Random`]
  [9e88b42a] Serialization  [`@stdlib/Serialization`]
  [6462fe0b] Sockets  [`@stdlib/Sockets`]
  [2f01184e] SparseArrays  [`@stdlib/SparseArrays`]
  [10745b16] Statistics  [`@stdlib/Statistics`]
  [8dfed614] Test  [`@stdlib/Test`]
  [4ec0a83e] Unicode  [`@stdlib/Unicode`]
Test Summary: | Pass  Broken  Total
6 points 2d   |    1       2      3
Test Summary: | Pass  Total
prefix        |    4      4
Test Summary:  | Pass  Total
move_to_front! |    3      3
Test Summary: | Pass  Total
isinside      |    3      3
Test Summary:        | Pass  Total
Generic type support |   72     72
Test Summary: | Pass  Total
support_count |   10     10
Test Summary:        | Pass  Total
random support_count |  780    780
Test Summary: | Pass  Total
random Ritter | 1000   1000
Test Summary:     |  Pass  Broken  Total
random WelzlPivot | 12042      18  12060
Test Summary:   | Pass  Total
random WelzlMTF |  400    400
Test Summary: | Pass  Total
2 points 2d   |    4      4
Test Summary: | Pass  Broken  Total
2 points 1d   |    1       1      2
Test Summary: | Pass  Total
3 points 3d   |    4      4
Running Ritter() on 100 points of dimension 2
BenchmarkTools.Trial: 
  memory estimate:  0 bytes
  allocs estimate:  0
  --------------
  minimum time:     1.424 μs (0.00% GC)
  median time:      1.804 μs (0.00% GC)
  mean time:        3.118 μs (0.00% GC)
  maximum time:     5.220 ms (0.00% GC)
  --------------
  samples:          10000
  evals/sample:     10
Running WelzlMTF() on 100 points of dimension 2
BenchmarkTools.Trial: 
  memory estimate:  7.44 KiB
  allocs estimate:  102
  --------------
  minimum time:     27.927 μs (0.00% GC)
  median time:      35.303 μs (0.00% GC)
  mean time:        47.177 μs (0.00% GC)
  maximum time:     20.073 ms (0.00% GC)
  --------------
  samples:          10000
  evals/sample:     1
Running WelzlPivot(1000) on 100 points of dimension 2
BenchmarkTools.Trial: 
  memory estimate:  3.92 KiB
  allocs estimate:  27
  --------------
  minimum time:     7.891 μs (0.00% GC)
  median time:      11.281 μs (0.00% GC)
  mean time:        13.869 μs (5.13% GC)
  maximum time:     2.694 ms (98.66% GC)
  --------------
  samples:          10000
  evals/sample:     4
Running Ritter() on 1000 points of dimension 3
BenchmarkTools.Trial: 
  memory estimate:  0 bytes
  allocs estimate:  0
  --------------
  minimum time:     10.122 μs (0.00% GC)
  median time:      13.647 μs (0.00% GC)
  mean time:        16.936 μs (0.00% GC)
  maximum time:     16.042 ms (0.00% GC)
  --------------
  samples:          10000
  evals/sample:     1
Running WelzlMTF() on 1000 points of dimension 3
BenchmarkTools.Trial: 
  memory estimate:  31.50 KiB
  allocs estimate:  168
  --------------
  minimum time:     89.829 μs (0.00% GC)
  median time:      112.601 μs (0.00% GC)
  mean time:        127.625 μs (3.20% GC)
  maximum time:     10.687 ms (0.00% GC)
  --------------
  samples:          10000
  evals/sample:     1
Running WelzlPivot(1000) on 1000 points of dimension 3
BenchmarkTools.Trial: 
  memory estimate:  24.89 KiB
  allocs estimate:  27
  --------------
  minimum time:     35.933 μs (0.00% GC)
  median time:      42.972 μs (0.00% GC)
  mean time:        53.678 μs (3.81% GC)
  maximum time:     8.409 ms (0.00% GC)
  --------------
  samples:          10000
  evals/sample:     1
   Testing BoundingSphere tests passed 
