 Resolving package versions...
 Installed IterationManagers ─ v0.1.0
  Updating `~/.julia/environments/v1.2/Project.toml`
  [69680d3f] + IterationManagers v0.1.0
  Updating `~/.julia/environments/v1.2/Manifest.toml`
  [69680d3f] + IterationManagers v0.1.0
  [2a0f44e3] + Base64 
  [8ba89e20] + Distributed 
  [b77e0a4c] + InteractiveUtils 
  [8f399da3] + Libdl 
  [37e2e46d] + LinearAlgebra 
  [56ddb016] + Logging 
  [d6f4376e] + Markdown 
  [de0858da] + Printf 
  [9a3f8284] + Random 
  [9e88b42a] + Serialization 
  [6462fe0b] + Sockets 
  [8dfed614] + Test 
  [4ec0a83e] + Unicode 
   Testing IterationManagers
    Status `/tmp/jl_Zui5Bw/Manifest.toml`
  [69680d3f] IterationManagers v0.1.0
  [2a0f44e3] Base64  [`@stdlib/Base64`]
  [8ba89e20] Distributed  [`@stdlib/Distributed`]
  [b77e0a4c] InteractiveUtils  [`@stdlib/InteractiveUtils`]
  [8f399da3] Libdl  [`@stdlib/Libdl`]
  [37e2e46d] LinearAlgebra  [`@stdlib/LinearAlgebra`]
  [56ddb016] Logging  [`@stdlib/Logging`]
  [d6f4376e] Markdown  [`@stdlib/Markdown`]
  [de0858da] Printf  [`@stdlib/Printf`]
  [9a3f8284] Random  [`@stdlib/Random`]
  [9e88b42a] Serialization  [`@stdlib/Serialization`]
  [6462fe0b] Sockets  [`@stdlib/Sockets`]
  [8dfed614] Test  [`@stdlib/Test`]
  [4ec0a83e] Unicode  [`@stdlib/Unicode`]
Iteration    Distance       Elapsed (seconds)
---------------------------------------------
1            8.82388e-01    0.53167           
5            1.74299e-01    0.64533           
10           2.29529e-02    0.64720           
15           3.02261e-03    0.64935           
20           3.98039e-04    0.65121           
25           5.24166e-05    0.65298           
30           6.90260e-06    0.65481           
35           9.08985e-07    0.65666           
40           1.19702e-07    0.65849           
45           1.57632e-08    0.66036           
50           2.07581e-09    0.66221           
55           2.73358e-10    0.66407           
60           3.59979e-11    0.66592           
65           4.74021e-12    0.66773           
Iteration    Distance       Elapsed (seconds)
---------------------------------------------
1            1.09990e+02    5.16818           
2            2.19968e+02    5.17268           
4            1.09914e-03    5.17312           
6            0.00000e+00    5.17413           
   Testing IterationManagers tests passed 
