 Resolving package versions...
 Installed Requires ──────── v0.5.2
 Installed BinaryProvider ── v0.5.8
 Installed AbstractAlgebra ─ v0.7.1
 Installed Nemo ──────────── v0.15.1
 Installed Hecke ─────────── v0.6.7
  Updating `~/.julia/environments/v1.3/Project.toml`
  [3e1990a7] + Hecke v0.6.7
  Updating `~/.julia/environments/v1.3/Manifest.toml`
  [c3fe647b] + AbstractAlgebra v0.7.1
  [b99e7846] + BinaryProvider v0.5.8
  [3e1990a7] + Hecke v0.6.7
  [2edaba10] + Nemo v0.15.1
  [ae029012] + Requires v0.5.2
  [2a0f44e3] + Base64 
  [ade2ca70] + Dates 
  [8ba89e20] + Distributed 
  [b77e0a4c] + InteractiveUtils 
  [76f85450] + LibGit2 
  [8f399da3] + Libdl 
  [37e2e46d] + LinearAlgebra 
  [56ddb016] + Logging 
  [d6f4376e] + Markdown 
  [44cfe95a] + Pkg 
  [de0858da] + Printf 
  [9abbd945] + Profile 
  [3fa0cd96] + REPL 
  [9a3f8284] + Random 
  [ea8e919c] + SHA 
  [9e88b42a] + Serialization 
  [6462fe0b] + Sockets 
  [2f01184e] + SparseArrays 
  [8dfed614] + Test 
  [cf7118a7] + UUIDs 
  [4ec0a83e] + Unicode 
  Building Nemo → `~/.julia/packages/Nemo/qzx0m/deps/build.log`
   Testing Hecke
    Status `/tmp/jl_cG175K/Manifest.toml`
  [c3fe647b] AbstractAlgebra v0.7.1
  [b99e7846] BinaryProvider v0.5.8
  [3e1990a7] Hecke v0.6.7
  [2edaba10] Nemo v0.15.1
  [ae029012] Requires v0.5.2
  [2a0f44e3] Base64  [`@stdlib/Base64`]
  [ade2ca70] Dates  [`@stdlib/Dates`]
  [8ba89e20] Distributed  [`@stdlib/Distributed`]
  [b77e0a4c] InteractiveUtils  [`@stdlib/InteractiveUtils`]
  [76f85450] LibGit2  [`@stdlib/LibGit2`]
  [8f399da3] Libdl  [`@stdlib/Libdl`]
  [37e2e46d] LinearAlgebra  [`@stdlib/LinearAlgebra`]
  [56ddb016] Logging  [`@stdlib/Logging`]
  [d6f4376e] Markdown  [`@stdlib/Markdown`]
  [44cfe95a] Pkg  [`@stdlib/Pkg`]
  [de0858da] Printf  [`@stdlib/Printf`]
  [9abbd945] Profile  [`@stdlib/Profile`]
  [3fa0cd96] REPL  [`@stdlib/REPL`]
  [9a3f8284] Random  [`@stdlib/Random`]
  [ea8e919c] SHA  [`@stdlib/SHA`]
  [9e88b42a] Serialization  [`@stdlib/Serialization`]
  [6462fe0b] Sockets  [`@stdlib/Sockets`]
  [2f01184e] SparseArrays  [`@stdlib/SparseArrays`]
  [8dfed614] Test  [`@stdlib/Test`]
  [cf7118a7] UUIDs  [`@stdlib/UUIDs`]
  [4ec0a83e] Unicode  [`@stdlib/Unicode`]

Welcome to Nemo version 0.15.1

Nemo comes with absolutely no warranty whatsoever


Welcome to Nemo version 0.15.1

Nemo comes with absolutely no warranty whatsoever


Welcome to 

    _    _           _
   | |  | |         | |
   | |__| | ___  ___| | _____
   |  __  |/ _ \/ __| |/ / _ \
   | |  | |  __/ (__|   <  __/
   |_|  |_|\___|\___|_|\_\___|
    
Version 0.6.7 ... 
 ... which comes with absolutely no warranty whatsoever
(c) 2015-2019 by Claus Fieker, Tommy Hofmann and Carlo Sircana

Test Summary: | Pass  Total
Number fields |   20     20
 95.445965 seconds (72.84 M allocations: 3.581 GiB, 3.98% gc time)
Test Summary: | Pass  Total
AlgAss        |  919    919
173.896126 seconds (116.20 M allocations: 5.881 GiB, 2.65% gc time)
"having a hard time computing the LLL basis" = "having a hard time computing the LLL basis"
Test Summary: | Pass  Total
AlgAssAbsOrd  |  179    179
406.572644 seconds (546.76 M allocations: 22.774 GiB, 11.80% gc time)
Test Summary: | Pass  Total
AlgAssRelOrd  |   33     33
 66.623240 seconds (112.74 M allocations: 4.237 GiB, 16.32% gc time)
Test Summary:   | Pass  Total
Elliptic curves |  278    278
 48.397693 seconds (22.82 M allocations: 2.886 GiB, 1.69% gc time)
Test Summary:                     | Pass  Total
Finitely generated abelian groups |  333    333
 36.084535 seconds (28.62 M allocations: 1.317 GiB, 2.20% gc time)
Test Summary:  | Pass  Total
Generic Groups |  928    928
 28.751416 seconds (76.45 M allocations: 3.509 GiB, 9.25% gc time)
Test Summary:  |
Linear algebra | No tests
  0.007871 seconds (724 allocations: 61.047 KiB)
Test Summary: | Pass  Total
Map           |  132    132
  1.954601 seconds (799.36 k allocations: 40.243 MiB)
Test Summary: | Pass  Total
Misc          | 5032   5032
322.659967 seconds (167.22 M allocations: 17.868 GiB, 2.39% gc time)
Test Summary: | Pass  Total
NfAbs         | 2089   2089
268.817945 seconds (173.47 M allocations: 23.458 GiB, 3.07% gc time)
NfOrd.jl
  8.410794 seconds (7.36 M allocations: 474.235 MiB, 6.28% gc time)
Elem.jl
  2.405713 seconds (407.24 k allocations: 21.776 MiB, 10.91% gc time)
Ideal.jl
 12.073538 seconds (14.95 M allocations: 951.729 MiB, 8.28% gc time)
FracIdl.jl
  2.911282 seconds (1.26 M allocations: 63.836 MiB, 9.28% gc time)
ResidueRing.jl
  0.422094 seconds (125.52 k allocations: 15.552 MiB)
Clgp.jl
177.428133 seconds (180.89 M allocations: 17.855 GiB, 5.09% gc time)
RayClassGroup.jl
  5.908772 seconds (5.79 M allocations: 297.783 MiB, 4.07% gc time)
ResidueRingMultGrp.jl
 22.141048 seconds (39.99 M allocations: 2.536 GiB, 14.41% gc time)
Overorders.jl
 30.892158 seconds (64.01 M allocations: 3.137 GiB, 17.48% gc time)
LinearAlgebra.jl
  0.000131 seconds (404 allocations: 18.328 KiB)
 90.009215 seconds (41.64 M allocations: 5.316 GiB, 2.85% gc time)
PicardGroup.jl
 21.310268 seconds (14.05 M allocations: 3.415 GiB, 4.63% gc time)
Test Summary:                    |  Pass  Total
Orders in absolute number fields | 15581  15581
373.960245 seconds (370.49 M allocations: 34.041 GiB, 6.28% gc time)
NfRel/NfRelOrd.jl
125.875703 seconds (91.58 M allocations: 5.316 GiB, 5.67% gc time)
NfRel/Ideal.jl
  7.559199 seconds (12.20 M allocations: 669.583 MiB, 12.47% gc time)
NfRel/FracIdeal.jl
  0.128375 seconds (267.45 k allocations: 14.768 MiB)
NfRel/NfRel.jl
  0.591928 seconds (370.20 k allocations: 49.531 MiB)
NfRel/Elem.jl
  0.066956 seconds (32.72 k allocations: 1.871 MiB)
NfRel/NEQ_Kirschmer.jl
  8.258745 seconds (6.70 M allocations: 346.522 MiB, 5.29% gc time)
Test Summary: | Pass  Total
NfRel         |   83     83
142.509477 seconds (111.15 M allocations: 6.373 GiB, 5.97% gc time)
Test Summary: | Pass  Total
RCF           |   60     60
 82.840243 seconds (74.67 M allocations: 4.570 GiB, 4.64% gc time)
Test Summary: |
Examples      | No tests
  0.012572 seconds (1.23 k allocations: 112.188 KiB)
Test Summary: | Pass  Total
Sparse        |  176    176
  9.964952 seconds (5.99 M allocations: 300.156 MiB, 3.68% gc time)
Test Summary:                 | Pass  Total
Quadratic and hermitian forms |   77     77
320.990381 seconds (702.53 M allocations: 37.779 GiB, 18.14% gc time)
Conjugates.jl
  4.621939 seconds (3.12 M allocations: 157.908 MiB)
Test Summary:  | Pass  Total
LocalField ... |   10     10
  4.638441 seconds (3.12 M allocations: 157.979 MiB)
   Testing Hecke tests passed 
