 Resolving package versions...
 Installed Requires ──────── v0.5.2
 Installed BinaryProvider ── v0.5.8
 Installed AbstractAlgebra ─ v0.7.1
 Installed Nemo ──────────── v0.15.1
 Installed Hecke ─────────── v0.6.7
  Updating `~/.julia/environments/v1.3/Project.toml`
  [3e1990a7] + Hecke v0.6.7
  Updating `~/.julia/environments/v1.3/Manifest.toml`
  [c3fe647b] + AbstractAlgebra v0.7.1
  [b99e7846] + BinaryProvider v0.5.8
  [3e1990a7] + Hecke v0.6.7
  [2edaba10] + Nemo v0.15.1
  [ae029012] + Requires v0.5.2
  [2a0f44e3] + Base64 
  [ade2ca70] + Dates 
  [8ba89e20] + Distributed 
  [b77e0a4c] + InteractiveUtils 
  [76f85450] + LibGit2 
  [8f399da3] + Libdl 
  [37e2e46d] + LinearAlgebra 
  [56ddb016] + Logging 
  [d6f4376e] + Markdown 
  [44cfe95a] + Pkg 
  [de0858da] + Printf 
  [9abbd945] + Profile 
  [3fa0cd96] + REPL 
  [9a3f8284] + Random 
  [ea8e919c] + SHA 
  [9e88b42a] + Serialization 
  [6462fe0b] + Sockets 
  [2f01184e] + SparseArrays 
  [8dfed614] + Test 
  [cf7118a7] + UUIDs 
  [4ec0a83e] + Unicode 
  Building Nemo → `~/.julia/packages/Nemo/qzx0m/deps/build.log`
   Testing Hecke
    Status `/tmp/jl_xzYDAG/Manifest.toml`
  [c3fe647b] AbstractAlgebra v0.7.1
  [b99e7846] BinaryProvider v0.5.8
  [3e1990a7] Hecke v0.6.7
  [2edaba10] Nemo v0.15.1
  [ae029012] Requires v0.5.2
  [2a0f44e3] Base64  [`@stdlib/Base64`]
  [ade2ca70] Dates  [`@stdlib/Dates`]
  [8ba89e20] Distributed  [`@stdlib/Distributed`]
  [b77e0a4c] InteractiveUtils  [`@stdlib/InteractiveUtils`]
  [76f85450] LibGit2  [`@stdlib/LibGit2`]
  [8f399da3] Libdl  [`@stdlib/Libdl`]
  [37e2e46d] LinearAlgebra  [`@stdlib/LinearAlgebra`]
  [56ddb016] Logging  [`@stdlib/Logging`]
  [d6f4376e] Markdown  [`@stdlib/Markdown`]
  [44cfe95a] Pkg  [`@stdlib/Pkg`]
  [de0858da] Printf  [`@stdlib/Printf`]
  [9abbd945] Profile  [`@stdlib/Profile`]
  [3fa0cd96] REPL  [`@stdlib/REPL`]
  [9a3f8284] Random  [`@stdlib/Random`]
  [ea8e919c] SHA  [`@stdlib/SHA`]
  [9e88b42a] Serialization  [`@stdlib/Serialization`]
  [6462fe0b] Sockets  [`@stdlib/Sockets`]
  [2f01184e] SparseArrays  [`@stdlib/SparseArrays`]
  [8dfed614] Test  [`@stdlib/Test`]
  [cf7118a7] UUIDs  [`@stdlib/UUIDs`]
  [4ec0a83e] Unicode  [`@stdlib/Unicode`]

Welcome to Nemo version 0.15.1

Nemo comes with absolutely no warranty whatsoever


Welcome to Nemo version 0.15.1

Nemo comes with absolutely no warranty whatsoever


Welcome to 

    _    _           _
   | |  | |         | |
   | |__| | ___  ___| | _____
   |  __  |/ _ \/ __| |/ / _ \
   | |  | |  __/ (__|   <  __/
   |_|  |_|\___|\___|_|\_\___|
    
Version 0.6.7 ... 
 ... which comes with absolutely no warranty whatsoever
(c) 2015-2019 by Claus Fieker, Tommy Hofmann and Carlo Sircana

Test Summary: | Pass  Total
Number fields |   20     20
 92.449861 seconds (72.84 M allocations: 3.581 GiB, 3.65% gc time)
Test Summary: | Pass  Total
AlgAss        |  919    919
175.434415 seconds (117.02 M allocations: 5.925 GiB, 2.82% gc time)
"having a hard time computing the LLL basis" = "having a hard time computing the LLL basis"
Test Summary: | Pass  Total
AlgAssAbsOrd  |  179    179
414.109146 seconds (556.00 M allocations: 23.077 GiB, 11.67% gc time)
Test Summary: | Pass  Total
AlgAssRelOrd  |   33     33
 76.916105 seconds (121.49 M allocations: 4.644 GiB, 16.63% gc time)
Test Summary:   | Pass  Total
Elliptic curves |  278    278
 52.263833 seconds (22.85 M allocations: 2.887 GiB, 2.06% gc time)
Test Summary:                     | Pass  Total
Finitely generated abelian groups |  333    333
 42.671857 seconds (28.62 M allocations: 1.317 GiB, 2.01% gc time)
Test Summary:  | Pass  Total
Generic Groups |  928    928
 28.981127 seconds (76.45 M allocations: 3.509 GiB, 9.00% gc time)
Test Summary:  |
Linear algebra | No tests
  0.008824 seconds (725 allocations: 61.375 KiB)
Test Summary: | Pass  Total
Map           |  132    132
  1.927565 seconds (797.34 k allocations: 40.181 MiB)
Test Summary: | Pass  Total
Misc          | 5033   5033
360.751837 seconds (169.13 M allocations: 17.872 GiB, 2.24% gc time)
Test Summary: | Pass  Total
NfAbs         | 2089   2089
308.394607 seconds (157.38 M allocations: 22.584 GiB, 2.89% gc time)
NfOrd.jl
  9.730087 seconds (7.38 M allocations: 474.330 MiB, 6.20% gc time)
Elem.jl
  2.119148 seconds (407.04 k allocations: 21.838 MiB)
Ideal.jl
 13.083758 seconds (15.01 M allocations: 954.194 MiB, 9.54% gc time)
FracIdl.jl
  2.395214 seconds (1.26 M allocations: 63.870 MiB)
ResidueRing.jl
  0.455032 seconds (127.41 k allocations: 15.502 MiB)
Clgp.jl
241.729165 seconds (205.27 M allocations: 20.254 GiB, 4.96% gc time)
RayClassGroup.jl
  7.164561 seconds (5.80 M allocations: 298.421 MiB, 4.62% gc time)
ResidueRingMultGrp.jl
 25.209296 seconds (39.90 M allocations: 2.539 GiB, 15.38% gc time)
Overorders.jl
 33.613271 seconds (63.93 M allocations: 3.131 GiB, 17.61% gc time)
LinearAlgebra.jl
  0.000154 seconds (404 allocations: 18.328 KiB)
 24.922793 seconds (21.67 M allocations: 1.203 GiB, 11.31% gc time)
PicardGroup.jl
 14.851172 seconds (8.45 M allocations: 1.648 GiB, 6.56% gc time)
Test Summary:                    |  Pass  Total
Orders in absolute number fields | 15581  15581
375.333561 seconds (369.22 M allocations: 30.561 GiB, 7.40% gc time)
NfRel/NfRelOrd.jl
126.971740 seconds (89.77 M allocations: 5.211 GiB, 5.05% gc time)
NfRel/Ideal.jl
  8.006684 seconds (13.08 M allocations: 723.882 MiB, 15.50% gc time)
NfRel/FracIdeal.jl
  0.242955 seconds (264.69 k allocations: 14.597 MiB)
NfRel/NfRel.jl
  0.634372 seconds (370.31 k allocations: 49.533 MiB)
NfRel/Elem.jl
  0.069505 seconds (32.72 k allocations: 1.871 MiB)
NfRel/NEQ_Kirschmer.jl
  8.219174 seconds (6.67 M allocations: 343.093 MiB, 4.35% gc time)
Test Summary: | Pass  Total
NfRel         |   83     83
144.168555 seconds (110.18 M allocations: 6.317 GiB, 5.56% gc time)
Test Summary: | Pass  Total
RCF           |   60     60
 90.552379 seconds (74.56 M allocations: 4.670 GiB, 5.05% gc time)
Test Summary: |
Examples      | No tests
  0.013826 seconds (1.23 k allocations: 112.188 KiB)
Test Summary: | Pass  Total
Sparse        |  176    176
 10.482057 seconds (5.99 M allocations: 300.058 MiB, 2.85% gc time)
Test Summary:                 | Pass  Total
Quadratic and hermitian forms |   77     77
337.430069 seconds (697.98 M allocations: 37.544 GiB, 18.50% gc time)
Conjugates.jl
  5.623580 seconds (3.12 M allocations: 157.709 MiB, 8.94% gc time)
Test Summary:  | Pass  Total
LocalField ... |   10     10
  5.634381 seconds (3.12 M allocations: 157.780 MiB, 8.92% gc time)
   Testing Hecke tests passed 
