 Resolving package versions...
 Installed DataAPI ──────────── v1.1.0
 Installed SortingAlgorithms ── v0.3.1
 Installed Missings ─────────── v0.4.3
 Installed KernelMethods ────── v0.1.3
 Installed Parsers ──────────── v0.3.10
 Installed DataStructures ───── v0.17.6
 Installed StatsBase ────────── v0.32.0
 Installed SimilaritySearch ─── v0.3.16
 Installed OrderedCollections ─ v1.1.0
 Installed JSON ─────────────── v0.21.0
  Updating `~/.julia/environments/v1.2/Project.toml`
  [d79e8f30] + KernelMethods v0.1.3
  Updating `~/.julia/environments/v1.2/Manifest.toml`
  [9a962f9c] + DataAPI v1.1.0
  [864edb3b] + DataStructures v0.17.6
  [682c06a0] + JSON v0.21.0
  [d79e8f30] + KernelMethods v0.1.3
  [e1d29d7a] + Missings v0.4.3
  [bac558e1] + OrderedCollections v1.1.0
  [69de0a69] + Parsers v0.3.10
  [053f045d] + SimilaritySearch v0.3.16
  [a2af1166] + SortingAlgorithms v0.3.1
  [2913bbd2] + StatsBase v0.32.0
  [2a0f44e3] + Base64 
  [ade2ca70] + Dates 
  [8bb1440f] + DelimitedFiles 
  [8ba89e20] + Distributed 
  [b77e0a4c] + InteractiveUtils 
  [8f399da3] + Libdl 
  [37e2e46d] + LinearAlgebra 
  [56ddb016] + Logging 
  [d6f4376e] + Markdown 
  [a63ad114] + Mmap 
  [de0858da] + Printf 
  [9a3f8284] + Random 
  [9e88b42a] + Serialization 
  [6462fe0b] + Sockets 
  [2f01184e] + SparseArrays 
  [10745b16] + Statistics 
  [8dfed614] + Test 
  [4ec0a83e] + Unicode 
   Testing KernelMethods
    Status `/tmp/jl_2Q3vKJ/Manifest.toml`
  [9a962f9c] DataAPI v1.1.0
  [864edb3b] DataStructures v0.17.6
  [682c06a0] JSON v0.21.0
  [d79e8f30] KernelMethods v0.1.3
  [e1d29d7a] Missings v0.4.3
  [bac558e1] OrderedCollections v1.1.0
  [69de0a69] Parsers v0.3.10
  [053f045d] SimilaritySearch v0.3.16
  [a2af1166] SortingAlgorithms v0.3.1
  [2913bbd2] StatsBase v0.32.0
  [2a0f44e3] Base64  [`@stdlib/Base64`]
  [ade2ca70] Dates  [`@stdlib/Dates`]
  [8bb1440f] DelimitedFiles  [`@stdlib/DelimitedFiles`]
  [8ba89e20] Distributed  [`@stdlib/Distributed`]
  [b77e0a4c] InteractiveUtils  [`@stdlib/InteractiveUtils`]
  [8f399da3] Libdl  [`@stdlib/Libdl`]
  [37e2e46d] LinearAlgebra  [`@stdlib/LinearAlgebra`]
  [56ddb016] Logging  [`@stdlib/Logging`]
  [d6f4376e] Markdown  [`@stdlib/Markdown`]
  [a63ad114] Mmap  [`@stdlib/Mmap`]
  [de0858da] Printf  [`@stdlib/Printf`]
  [9a3f8284] Random  [`@stdlib/Random`]
  [9e88b42a] Serialization  [`@stdlib/Serialization`]
  [6462fe0b] Sockets  [`@stdlib/Sockets`]
  [2f01184e] SparseArrays  [`@stdlib/SparseArrays`]
  [10745b16] Statistics  [`@stdlib/Statistics`]
  [8dfed614] Test  [`@stdlib/Test`]
  [4ec0a83e] Unicode  [`@stdlib/Unicode`]
Test Summary: | Pass  Total
Scores        |    9      9
Test Summary:   | Pass  Total
CrossValidation |   82     82
computing fartest point 1, dmax: Inf, imax: 24, stop: #3
computing fartest point 2, dmax: 1.1443331692229455, imax: 16, stop: #3
computing fartest point 3, dmax: 1.0670604694022914, imax: 42, stop: #3
computing fartest point 4, dmax: 0.7836767849763803, imax: 23, stop: #3
computing fartest point 5, dmax: 0.6223321824640314, imax: 39, stop: #3
computing fartest point 6, dmax: 0.605281331548519, imax: 19, stop: #3
computing fartest point 7, dmax: 0.5391621734843107, imax: 33, stop: #3
computing fartest point 8, dmax: 0.5009543442949512, imax: 36, stop: #3
computing fartest point 9, dmax: 0.4767183398931198, imax: 45, stop: #3
computing fartest point 10, dmax: 0.45218744012670875, imax: 15, stop: #3
computing fartest point 11, dmax: 0.45218744012670836, imax: 37, stop: #3
computing fartest point 12, dmax: 0.41305913003028244, imax: 7, stop: #3
computing fartest point 13, dmax: 0.4118948263056346, imax: 5, stop: #3
computing fartest point 14, dmax: 0.38557134423932304, imax: 25, stop: #3
computing fartest point 15, dmax: 0.3730802424093853, imax: 26, stop: #3
computing fartest point 16, dmax: 0.37160686372008145, imax: 21, stop: #3
computing fartest point 17, dmax: 0.35770802956535763, imax: 17, stop: #3
computing fartest point 18, dmax: 0.3047559503871529, imax: 6, stop: #3
computing fartest point 19, dmax: 0.2818334139910908, imax: 34, stop: #3
computing fartest point 20, dmax: 0.27900513350063555, imax: 49, stop: #3
computing fartest point 21, dmax: 0.25408413705439814, imax: 30, stop: #3
==> Iris-setosa: 1.0
computing fartest point 1, dmax: Inf, imax: 34, stop: #3
computing fartest point 2, dmax: 2.1436522626684518, imax: 49, stop: #3
computing fartest point 3, dmax: 1.165245792637795, imax: 13, stop: #3
computing fartest point 4, dmax: 1.0446577420043421, imax: 1, stop: #3
computing fartest point 5, dmax: 0.8691389377324468, imax: 10, stop: #3
computing fartest point 6, dmax: 0.8073422657922658, imax: 36, stop: #3
computing fartest point 7, dmax: 0.6345722412962298, imax: 6, stop: #3
computing fartest point 8, dmax: 0.6213726406429249, imax: 19, stop: #3
computing fartest point 9, dmax: 0.6177876922766915, imax: 11, stop: #3
computing fartest point 10, dmax: 0.5885567080436336, imax: 25, stop: #3
computing fartest point 11, dmax: 0.583443229209843, imax: 30, stop: #3
computing fartest point 12, dmax: 0.4436644098679907, imax: 18, stop: #3
computing fartest point 13, dmax: 0.4436644098679906, imax: 4, stop: #3
computing fartest point 14, dmax: 0.4292763936246034, imax: 28, stop: #3
computing fartest point 15, dmax: 0.41421593402317963, imax: 14, stop: #3
computing fartest point 16, dmax: 0.3842060870600851, imax: 39, stop: #3
computing fartest point 17, dmax: 0.3730802424093854, imax: 15, stop: #3
computing fartest point 18, dmax: 0.37160686372008134, imax: 22, stop: #3
computing fartest point 19, dmax: 0.342699045680346, imax: 27, stop: #3
computing fartest point 20, dmax: 0.34269904568034565, imax: 21, stop: #3
computing fartest point 21, dmax: 0.3426990456803456, imax: 23, stop: #3
==> Iris-versicolor: 0.9466666666666667
computing fartest point 1, dmax: Inf, imax: 8, stop: #3
computing fartest point 2, dmax: 2.6516914325703307, imax: 7, stop: #3
computing fartest point 3, dmax: 1.414701883619559, imax: 47, stop: #3
computing fartest point 4, dmax: 1.101462852854119, imax: 1, stop: #3
computing fartest point 5, dmax: 0.9676188088889621, imax: 32, stop: #3
computing fartest point 6, dmax: 0.7762282907291796, imax: 10, stop: #3
computing fartest point 7, dmax: 0.7711426884786464, imax: 40, stop: #3
computing fartest point 8, dmax: 0.7301908115848423, imax: 19, stop: #3
computing fartest point 9, dmax: 0.7133446568188243, imax: 22, stop: #3
computing fartest point 10, dmax: 0.6888434672966074, imax: 35, stop: #3
computing fartest point 11, dmax: 0.6483909277475476, imax: 9, stop: #3
computing fartest point 12, dmax: 0.6057628213231373, imax: 49, stop: #3
computing fartest point 13, dmax: 0.5690409442606839, imax: 36, stop: #3
computing fartest point 14, dmax: 0.5270966650597858, imax: 38, stop: #3
computing fartest point 15, dmax: 0.5086873293858954, imax: 28, stop: #3
computing fartest point 16, dmax: 0.5086873293858954, imax: 30, stop: #3
computing fartest point 17, dmax: 0.5081682741087964, imax: 44, stop: #3
computing fartest point 18, dmax: 0.47588204363484876, imax: 20, stop: #3
computing fartest point 19, dmax: 0.4426772850557223, imax: 33, stop: #3
computing fartest point 20, dmax: 0.423048160864153, imax: 15, stop: #3
computing fartest point 21, dmax: 0.41963031030409564, imax: 6, stop: #3
==> Iris-virginica: 0.96
===> macro-recall: 0.9688888888888889
Test Summary:             | Pass  Total
encode by farthest points |    1      1
optimize!(nnc, accuracy, folds=5) = Tuple{Float64,Tuple{Int64,Symbol}}[(0.9666666666666666, (7, :uniform)), (0.9666666666666666, (7, :distance)), (0.96, (1, :uniform)), (0.96, (1, :distance)), (0.9533333333333334, (3, :uniform)), (0.9533333333333334, (3, :distance))]
Test Summary: | Pass  Total
KNN           |    9      9
[ Info: optimizing nbc NaiveBayesClassifier{Array{Float64,1},String}
[ Info: optimizing nbc NaiveBayesClassifier{Array{Float64,1},String}
[ Info: optimizing nbc NaiveBayesClassifier{Array{Float64,1},String}
[ Info: optimizing nbc NaiveBayesClassifier{Array{Float64,1},String}
[ Info: optimizing nbc NaiveBayesClassifier{Array{Float64,1},String}
optimize!(nbc, X, y, accuracy, runs=5, trainratio=0.7, testratio=0.3) = Tuple{Float64,Tuple{DataType,Real}}[(0.96, (KernelMethods.Supervised.GaussianKernel, -1)), (0.3022222222222222, (KernelMethods.Supervised.MultinomialKernel, 0.0)), (0.3022222222222222, (KernelMethods.Supervised.MultinomialKernel, 0.1)), (0.3022222222222222, (KernelMethods.Supervised.MultinomialKernel, 0.3)), (0.3022222222222222, (KernelMethods.Supervised.MultinomialKernel, 1.0))]
Test Summary: | Pass  Total
NB            |    4      4
optimize!(nnr, isqerror, folds=5) = Tuple{Float64,Tuple{Int64,Function}}[(-15.720120370573474, (3, Statistics.mean)), (-15.852731898153019, (3, KernelMethods.Supervised.gmean)), (-16.176351693066525, (3, KernelMethods.Supervised.hmean)), (-25.23607109748905, (1, KernelMethods.Supervised.gmean)), (-25.23607109748905, (1, Statistics.mean)), (-25.23607109748905, (1, Statistics.median)), (-25.236071097489052, (1, KernelMethods.Supervised.hmean)), (-25.85815104262312, (7, KernelMethods.Supervised.hmean)), (-25.863929973372006, (7, KernelMethods.Supervised.gmean)), (-28.656162220296626, (7, Statistics.mean)), (-31.829411254895234, (3, Statistics.median)), (-48.785019329376965, (7, Statistics.median))]
Test Summary:  | Pass  Total
KNN Regression |    2      2
computing fartest point 1, dmax: Inf, imax: 51, stop: #5
computing fartest point 2, dmax: 4.688283267892418, imax: 14, stop: #5
computing fartest point 3, dmax: 2.65329983228432, imax: 61, stop: #5
computing fartest point 4, dmax: 2.5495097567963927, imax: 119, stop: #5
computing fartest point 5, dmax: 2.042057785666214, imax: 16, stop: #5
computing fartest point 6, dmax: 1.8165902124584954, imax: 101, stop: #5
computing fartest point 7, dmax: 1.5524174696260025, imax: 85, stop: #5
computing fartest point 8, dmax: 1.3674794331177336, imax: 135, stop: #5
computing fartest point 9, dmax: 1.349073756323204, imax: 132, stop: #5
computing fartest point 10, dmax: 1.1618950038622249, imax: 88, stop: #5
computing fartest point 11, dmax: 1.1532562594670794, imax: 130, stop: #5
computing fartest point 12, dmax: 1.1489125293076061, imax: 115, stop: #5
optimize!(nnc, accuracy, folds=5) = Tuple{Float64,Tuple{Int64,Symbol}}[(0.9800000000000001, (7, :uniform)), (0.9800000000000001, (7, :distance)), (0.9733333333333334, (3, :uniform)), (0.9733333333333334, (3, :distance)), (0.9533333333333334, (1, :uniform)), (0.9533333333333334, (1, :distance))]
Test Summary:             | Pass  Total
encode by farthest points |    4      4
computing fartest point 1, dmax: Inf, imax: 51, stop: #5
computing fartest point 2, dmax: 4.688283267892418, imax: 14, stop: #5
computing fartest point 3, dmax: 2.65329983228432, imax: 61, stop: #5
computing fartest point 4, dmax: 2.5495097567963927, imax: 119, stop: #5
computing fartest point 5, dmax: 2.042057785666214, imax: 16, stop: #5
computing fartest point 6, dmax: 1.8165902124584954, imax: 101, stop: #5
computing fartest point 7, dmax: 1.5524174696260025, imax: 85, stop: #5
computing fartest point 8, dmax: 1.3674794331177336, imax: 135, stop: #5
computing fartest point 9, dmax: 1.349073756323204, imax: 132, stop: #5
computing fartest point 10, dmax: 1.1618950038622249, imax: 88, stop: #5
computing fartest point 11, dmax: 1.1532562594670794, imax: 130, stop: #5
computing fartest point 12, dmax: 1.1489125293076061, imax: 115, stop: #5
optimize!(nnc, accuracy, folds=10) = Tuple{Float64,Tuple{Int64,Symbol}}[(0.9666666666666668, (3, :uniform)), (0.9666666666666668, (3, :distance)), (0.9666666666666668, (7, :uniform)), (0.9666666666666668, (7, :distance)), (0.9533333333333334, (1, :uniform)), (0.9533333333333334, (1, :distance))]
Test Summary:                                     | Pass  Total
Clustering and centroid computation (with cosine) |    2      2
[ Info: computing dnet point 1, dmax: 0.9273618459701538
[ Info: computing dnet point 2, dmax: 0.6782330274581909
[ Info: computing dnet point 3, dmax: 1.5033296346664429
[ Info: computing dnet point 4, dmax: 0.36055514216423035
[ Info: computing dnet point 5, dmax: 1.2000000476837158
[ Info: computing dnet point 6, dmax: 0.7348469495773315
[ Info: computing dnet point 7, dmax: 0.6855654716491699
[ Info: computing dnet point 8, dmax: 0.36055514216423035
[ Info: computing dnet point 9, dmax: 5.005996227264404
[ Info: computing dnet point 10, dmax: 1.6278820037841797
optimize!(nnc, accuracy, folds=5) = Tuple{Float64,Tuple{Int64,Symbol}}[(0.9800000000000001, (3, :uniform)), (0.9800000000000001, (3, :distance)), (0.9666666666666668, (7, :uniform)), (0.9666666666666668, (7, :distance)), (0.9666666666666666, (1, :uniform)), (0.9666666666666666, (1, :distance))]
computing fartest point 1, dmax: Inf, imax: 53, stop: #3
computing fartest point 2, dmax: 0.47819020178820437, imax: 23, stop: #3
computing fartest point 3, dmax: 0.20565175062185237, imax: 42, stop: #3
computing fartest point 4, dmax: 0.16398344971805812, imax: 101, stop: #3
computing fartest point 5, dmax: 0.15012347257443073, imax: 25, stop: #3
computing fartest point 6, dmax: 0.12664193517392802, imax: 119, stop: #3
computing fartest point 7, dmax: 0.09951235136933405, imax: 37, stop: #3
computing fartest point 8, dmax: 0.09455051914070889, imax: 146, stop: #3
computing fartest point 9, dmax: 0.09225838193240897, imax: 99, stop: #3
computing fartest point 10, dmax: 0.08950170970851333, imax: 85, stop: #3
computing fartest point 11, dmax: 0.08401095109349957, imax: 44, stop: #3
computing fartest point 12, dmax: 0.07826321366579027, imax: 135, stop: #3
computing fartest point 13, dmax: 0.07410959620921956, imax: 69, stop: #3
computing fartest point 14, dmax: 0.07176131327695408, imax: 26, stop: #3
computing fartest point 15, dmax: 0.06989819424678659, imax: 47, stop: #3
computing fartest point 16, dmax: 0.06795675047282354, imax: 63, stop: #3
computing fartest point 17, dmax: 0.06275762398125266, imax: 117, stop: #3
computing fartest point 18, dmax: 0.05786174299591619, imax: 89, stop: #3
computing fartest point 19, dmax: 0.055708591949659554, imax: 131, stop: #3
computing fartest point 20, dmax: 0.05502892484039721, imax: 114, stop: #3
computing fartest point 21, dmax: 0.05225381128729124, imax: 19, stop: #3
Test Summary:    | Pass  Total
encode with dnet |    5      5
[ Info: ===== accuracy by fftclustering: 0.9733333333333334
[ Info: testing configuration KernelMethods.KMap.KConfiguration(true, SimilaritySearch.cosine_distance, SimilaritySearch.cosine_distance, KernelMethods.Kernels.tanh_kernel, (method = KernelMethods.KMap.dnet, kfun = getfield(KernelMethods.KMap, Symbol("##24#31"))()), :centers, NearNeighborClassifier), data-type Array{Array{Float64,1},1}
[ Info: computing dnet point 1, dmax: -65.2699966430664
[ Info: computing dnet point 2, dmax: -40.900001525878906
[ Info: computing dnet point 3, dmax: Inf
[ Info: computing kmap, conf: KernelMethods.KMap.KConfiguration(true, SimilaritySearch.cosine_distance, SimilaritySearch.cosine_distance, KernelMethods.Kernels.tanh_kernel, (method = KernelMethods.KMap.dnet, kfun = getfield(KernelMethods.KMap, Symbol("##24#31"))()), :centers, NearNeighborClassifier)
encode by farthest points: Error During Test at /root/.julia/packages/KernelMethods/Eepvn/test/kclass.jl:19
  Got exception outside of a @test
  UndefVarError: normalize! not defined
  Stacktrace:
   [1] #KernelClassifier#37(::Int64, ::Function, ::Int64, ::Int64, ::KConfigurationSpace, ::typeof(KernelClassifier), ::Array{Array{Float64,1},1}, ::Array{String,1}) at /root/.julia/packages/KernelMethods/Eepvn/src/kmap/kclass.jl:170
   [2] (::getfield(KernelMethods.KMap, Symbol("#kw##KernelClassifier")))(::NamedTuple{(:folds, :ensemble_size, :size, :score),Tuple{Int64,Int64,Int64,typeof(accuracy)}}, ::typeof(KernelClassifier), ::Array{Array{Float64,1},1}, ::Array{String,1}) at ./none:0
   [3] top-level scope at /root/.julia/packages/KernelMethods/Eepvn/test/kclass.jl:23
   [4] top-level scope at /buildworker/worker/package_linux64/build/usr/share/julia/stdlib/v1.2/Test/src/Test.jl:1113
   [5] top-level scope at /root/.julia/packages/KernelMethods/Eepvn/test/kclass.jl:20
   [6] include at ./boot.jl:328 [inlined]
   [7] include_relative(::Module, ::String) at ./loading.jl:1094
   [8] include(::Module, ::String) at ./Base.jl:31
   [9] include(::String) at ./client.jl:431
   [10] top-level scope at /root/.julia/packages/KernelMethods/Eepvn/test/runtests.jl:82
   [11] include at ./boot.jl:328 [inlined]
   [12] include_relative(::Module, ::String) at ./loading.jl:1094
   [13] include(::Module, ::String) at ./Base.jl:31
   [14] include(::String) at ./client.jl:431
   [15] top-level scope at none:5
   [16] eval(::Module, ::Any) at ./boot.jl:330
   [17] exec_options(::Base.JLOptions) at ./client.jl:271
   [18] _start() at ./client.jl:464
  
Test Summary:             | Error  Total
encode by farthest points |     1      1
ERROR: LoadError: LoadError: Some tests did not pass: 0 passed, 0 failed, 1 errored, 0 broken.
in expression starting at /root/.julia/packages/KernelMethods/Eepvn/test/kclass.jl:19
in expression starting at /root/.julia/packages/KernelMethods/Eepvn/test/runtests.jl:82
ERROR: Package KernelMethods errored during testing
Stacktrace:
 [1] pkgerror(::String, ::Vararg{String,N} where N) at /buildworker/worker/package_linux64/build/usr/share/julia/stdlib/v1.2/Pkg/src/Types.jl:112
 [2] #test#119(::Bool, ::Nothing, ::typeof(Pkg.Operations.test), ::Pkg.Types.Context, ::Array{Pkg.Types.PackageSpec,1}) at /buildworker/worker/package_linux64/build/usr/share/julia/stdlib/v1.2/Pkg/src/Operations.jl:1288
 [3] #test at ./none:0 [inlined]
 [4] #test#62(::Bool, ::Nothing, ::Base.Iterators.Pairs{Union{},Union{},Tuple{},NamedTuple{(),Tuple{}}}, ::typeof(Pkg.API.test), ::Pkg.Types.Context, ::Array{Pkg.Types.PackageSpec,1}) at /buildworker/worker/package_linux64/build/usr/share/julia/stdlib/v1.2/Pkg/src/API.jl:245
 [5] test at /buildworker/worker/package_linux64/build/usr/share/julia/stdlib/v1.2/Pkg/src/API.jl:233 [inlined]
 [6] #test#61 at /buildworker/worker/package_linux64/build/usr/share/julia/stdlib/v1.2/Pkg/src/API.jl:230 [inlined]
 [7] test at /buildworker/worker/package_linux64/build/usr/share/julia/stdlib/v1.2/Pkg/src/API.jl:230 [inlined]
 [8] #test#60 at /buildworker/worker/package_linux64/build/usr/share/julia/stdlib/v1.2/Pkg/src/API.jl:229 [inlined]
 [9] test at /buildworker/worker/package_linux64/build/usr/share/julia/stdlib/v1.2/Pkg/src/API.jl:229 [inlined]
 [10] #test#59(::Base.Iterators.Pairs{Union{},Union{},Tuple{},NamedTuple{(),Tuple{}}}, ::typeof(Pkg.API.test), ::String) at /buildworker/worker/package_linux64/build/usr/share/julia/stdlib/v1.2/Pkg/src/API.jl:228
 [11] test(::String) at /buildworker/worker/package_linux64/build/usr/share/julia/stdlib/v1.2/Pkg/src/API.jl:228
 [12] top-level scope at none:10
