 Resolving package versions...
 Installed DataAPI ──────────── v1.1.0
 Installed Missings ─────────── v0.4.3
 Installed KernelMethods ────── v0.1.3
 Installed OrderedCollections ─ v1.1.0
 Installed DataStructures ───── v0.17.6
 Installed StatsBase ────────── v0.32.0
 Installed JSON ─────────────── v0.21.0
 Installed SimilaritySearch ─── v0.3.16
 Installed SortingAlgorithms ── v0.3.1
 Installed Parsers ──────────── v0.3.10
  Updating `~/.julia/environments/v1.3/Project.toml`
  [d79e8f30] + KernelMethods v0.1.3
  Updating `~/.julia/environments/v1.3/Manifest.toml`
  [9a962f9c] + DataAPI v1.1.0
  [864edb3b] + DataStructures v0.17.6
  [682c06a0] + JSON v0.21.0
  [d79e8f30] + KernelMethods v0.1.3
  [e1d29d7a] + Missings v0.4.3
  [bac558e1] + OrderedCollections v1.1.0
  [69de0a69] + Parsers v0.3.10
  [053f045d] + SimilaritySearch v0.3.16
  [a2af1166] + SortingAlgorithms v0.3.1
  [2913bbd2] + StatsBase v0.32.0
  [2a0f44e3] + Base64 
  [ade2ca70] + Dates 
  [8bb1440f] + DelimitedFiles 
  [8ba89e20] + Distributed 
  [b77e0a4c] + InteractiveUtils 
  [8f399da3] + Libdl 
  [37e2e46d] + LinearAlgebra 
  [56ddb016] + Logging 
  [d6f4376e] + Markdown 
  [a63ad114] + Mmap 
  [de0858da] + Printf 
  [9a3f8284] + Random 
  [9e88b42a] + Serialization 
  [6462fe0b] + Sockets 
  [2f01184e] + SparseArrays 
  [10745b16] + Statistics 
  [8dfed614] + Test 
  [4ec0a83e] + Unicode 
   Testing KernelMethods
    Status `/tmp/jl_gKKLyu/Manifest.toml`
  [9a962f9c] DataAPI v1.1.0
  [864edb3b] DataStructures v0.17.6
  [682c06a0] JSON v0.21.0
  [d79e8f30] KernelMethods v0.1.3
  [e1d29d7a] Missings v0.4.3
  [bac558e1] OrderedCollections v1.1.0
  [69de0a69] Parsers v0.3.10
  [053f045d] SimilaritySearch v0.3.16
  [a2af1166] SortingAlgorithms v0.3.1
  [2913bbd2] StatsBase v0.32.0
  [2a0f44e3] Base64  [`@stdlib/Base64`]
  [ade2ca70] Dates  [`@stdlib/Dates`]
  [8bb1440f] DelimitedFiles  [`@stdlib/DelimitedFiles`]
  [8ba89e20] Distributed  [`@stdlib/Distributed`]
  [b77e0a4c] InteractiveUtils  [`@stdlib/InteractiveUtils`]
  [8f399da3] Libdl  [`@stdlib/Libdl`]
  [37e2e46d] LinearAlgebra  [`@stdlib/LinearAlgebra`]
  [56ddb016] Logging  [`@stdlib/Logging`]
  [d6f4376e] Markdown  [`@stdlib/Markdown`]
  [a63ad114] Mmap  [`@stdlib/Mmap`]
  [de0858da] Printf  [`@stdlib/Printf`]
  [9a3f8284] Random  [`@stdlib/Random`]
  [9e88b42a] Serialization  [`@stdlib/Serialization`]
  [6462fe0b] Sockets  [`@stdlib/Sockets`]
  [2f01184e] SparseArrays  [`@stdlib/SparseArrays`]
  [10745b16] Statistics  [`@stdlib/Statistics`]
  [8dfed614] Test  [`@stdlib/Test`]
  [4ec0a83e] Unicode  [`@stdlib/Unicode`]
Test Summary: | Pass  Total
Scores        |    9      9
Test Summary:   | Pass  Total
CrossValidation |   82     82
computing fartest point 1, dmax: Inf, imax: 50, stop: #3
computing fartest point 2, dmax: 1.1709245761112805, imax: 16, stop: #3
computing fartest point 3, dmax: 1.030020928110644, imax: 42, stop: #3
computing fartest point 4, dmax: 0.7100263241272947, imax: 14, stop: #3
computing fartest point 5, dmax: 0.6218259679036284, imax: 45, stop: #3
computing fartest point 6, dmax: 0.605281331548519, imax: 19, stop: #3
computing fartest point 7, dmax: 0.5206672869738557, imax: 23, stop: #3
computing fartest point 8, dmax: 0.4767183398931198, imax: 33, stop: #3
computing fartest point 9, dmax: 0.45218744012670875, imax: 15, stop: #3
computing fartest point 10, dmax: 0.45218744012670836, imax: 37, stop: #3
computing fartest point 11, dmax: 0.4512427328645861, imax: 25, stop: #3
computing fartest point 12, dmax: 0.4130591300302828, imax: 4, stop: #3
computing fartest point 13, dmax: 0.40248131919146923, imax: 21, stop: #3
computing fartest point 14, dmax: 0.39719532280580483, imax: 22, stop: #3
computing fartest point 15, dmax: 0.371606863720081, imax: 24, stop: #3
computing fartest point 16, dmax: 0.34090512705786946, imax: 17, stop: #3
computing fartest point 17, dmax: 0.32194591207691314, imax: 26, stop: #3
computing fartest point 18, dmax: 0.3047559503871529, imax: 6, stop: #3
computing fartest point 19, dmax: 0.30475595038715286, imax: 7, stop: #3
computing fartest point 20, dmax: 0.2818334139910908, imax: 34, stop: #3
computing fartest point 21, dmax: 0.2504771721474757, imax: 12, stop: #3
==> Iris-setosa: 0.9933333333333333
computing fartest point 1, dmax: Inf, imax: 21, stop: #3
computing fartest point 2, dmax: 1.8815430924144867, imax: 49, stop: #3
computing fartest point 3, dmax: 1.1797843603688225, imax: 13, stop: #3
computing fartest point 4, dmax: 1.1118081478855768, imax: 1, stop: #3
computing fartest point 5, dmax: 0.8691389377324468, imax: 10, stop: #3
computing fartest point 6, dmax: 0.7435560561011975, imax: 23, stop: #3
computing fartest point 7, dmax: 0.6483909277475475, imax: 25, stop: #3
computing fartest point 8, dmax: 0.6177876922766915, imax: 11, stop: #3
computing fartest point 9, dmax: 0.5885567080436335, imax: 6, stop: #3
computing fartest point 10, dmax: 0.583443229209843, imax: 30, stop: #3
computing fartest point 11, dmax: 0.47671833989312007, imax: 38, stop: #3
computing fartest point 12, dmax: 0.4436644098679907, imax: 18, stop: #3
computing fartest point 13, dmax: 0.4436644098679906, imax: 4, stop: #3
computing fartest point 14, dmax: 0.4292763936246034, imax: 28, stop: #3
computing fartest point 15, dmax: 0.41421593402317963, imax: 14, stop: #3
computing fartest point 16, dmax: 0.4142159340231796, imax: 7, stop: #3
computing fartest point 17, dmax: 0.3842060870600851, imax: 39, stop: #3
computing fartest point 18, dmax: 0.3730802424093854, imax: 15, stop: #3
computing fartest point 19, dmax: 0.37160686372008134, imax: 22, stop: #3
computing fartest point 20, dmax: 0.342699045680346, imax: 27, stop: #3
computing fartest point 21, dmax: 0.3426990456803456, imax: 34, stop: #3
==> Iris-versicolor: 0.9466666666666667
computing fartest point 1, dmax: Inf, imax: 10, stop: #3
computing fartest point 2, dmax: 2.557993455308059, imax: 7, stop: #3
computing fartest point 3, dmax: 1.424469525794742, imax: 35, stop: #3
computing fartest point 4, dmax: 1.1498497195076387, imax: 19, stop: #3
computing fartest point 5, dmax: 1.0542889451673447, imax: 49, stop: #3
computing fartest point 6, dmax: 0.9719688453134598, imax: 30, stop: #3
computing fartest point 7, dmax: 0.7965936827869786, imax: 27, stop: #3
computing fartest point 8, dmax: 0.7762282907291796, imax: 32, stop: #3
computing fartest point 9, dmax: 0.7248678213469026, imax: 42, stop: #3
computing fartest point 10, dmax: 0.6884853143712277, imax: 36, stop: #3
computing fartest point 11, dmax: 0.6591643285827468, imax: 15, stop: #3
computing fartest point 12, dmax: 0.6267488319404121, imax: 20, stop: #3
computing fartest point 13, dmax: 0.6213726406429249, imax: 9, stop: #3
computing fartest point 14, dmax: 0.6057628213231373, imax: 1, stop: #3
computing fartest point 15, dmax: 0.5335302347011455, imax: 38, stop: #3
computing fartest point 16, dmax: 0.5272812763331919, imax: 21, stop: #3
computing fartest point 17, dmax: 0.5086873293858954, imax: 8, stop: #3
computing fartest point 18, dmax: 0.4436644098679906, imax: 2, stop: #3
computing fartest point 19, dmax: 0.4426772850557223, imax: 33, stop: #3
computing fartest point 20, dmax: 0.41963031030409564, imax: 6, stop: #3
computing fartest point 21, dmax: 0.4142159340231804, imax: 11, stop: #3
==> Iris-virginica: 0.9666666666666667
===> macro-recall: 0.9688888888888889
Test Summary:             | Pass  Total
encode by farthest points |    1      1
optimize!(nnc, accuracy, folds=5) = Tuple{Float64,Tuple{Int64,Symbol}}[(0.9666666666666668, (3, :uniform)), (0.9666666666666668, (3, :distance)), (0.9600000000000002, (1, :uniform)), (0.9600000000000002, (1, :distance)), (0.9533333333333335, (7, :uniform)), (0.9533333333333335, (7, :distance))]
Test Summary: | Pass  Total
KNN           |    9      9
[ Info: optimizing nbc NaiveBayesClassifier{Array{Float64,1},String}
[ Info: optimizing nbc NaiveBayesClassifier{Array{Float64,1},String}
[ Info: optimizing nbc NaiveBayesClassifier{Array{Float64,1},String}
[ Info: optimizing nbc NaiveBayesClassifier{Array{Float64,1},String}
[ Info: optimizing nbc NaiveBayesClassifier{Array{Float64,1},String}
optimize!(nbc, X, y, accuracy, runs=5, trainratio=0.7, testratio=0.3) = Tuple{Float64,Tuple{DataType,Real}}[(0.9333333333333333, (KernelMethods.Supervised.GaussianKernel, -1)), (0.30666666666666664, (KernelMethods.Supervised.MultinomialKernel, 0.0)), (0.30666666666666664, (KernelMethods.Supervised.MultinomialKernel, 0.1)), (0.30666666666666664, (KernelMethods.Supervised.MultinomialKernel, 0.3)), (0.30666666666666664, (KernelMethods.Supervised.MultinomialKernel, 1.0))]
Test Summary: | Pass  Total
NB            |    4      4
optimize!(nnr, isqerror, folds=5) = Tuple{Float64,Tuple{Int64,Function}}[(-15.054144988695006, (3, Statistics.mean)), (-15.207436482882462, (3, KernelMethods.Supervised.gmean)), (-15.595609254591432, (3, KernelMethods.Supervised.hmean)), (-23.455313166252864, (1, KernelMethods.Supervised.gmean)), (-23.455313166252864, (1, Statistics.mean)), (-23.455313166252864, (1, KernelMethods.Supervised.hmean)), (-23.455313166252864, (1, Statistics.median)), (-24.21583126754886, (7, KernelMethods.Supervised.hmean)), (-24.69939574166863, (7, KernelMethods.Supervised.gmean)), (-27.773209752652747, (7, Statistics.mean)), (-29.409423237485544, (3, Statistics.median)), (-47.27037842363423, (7, Statistics.median))]
Test Summary:  | Pass  Total
KNN Regression |    2      2
computing fartest point 1, dmax: Inf, imax: 50, stop: #5
computing fartest point 2, dmax: 6.514598989960932, imax: 119, stop: #5
computing fartest point 3, dmax: 3.5369478367654787, imax: 107, stop: #5
computing fartest point 4, dmax: 2.24276614920058, imax: 51, stop: #5
computing fartest point 5, dmax: 1.8165902124584954, imax: 101, stop: #5
computing fartest point 6, dmax: 1.6278820596099706, imax: 99, stop: #5
computing fartest point 7, dmax: 1.3820274961085255, imax: 63, stop: #5
computing fartest point 8, dmax: 1.3784048752090223, imax: 135, stop: #5
computing fartest point 9, dmax: 1.349073756323204, imax: 132, stop: #5
computing fartest point 10, dmax: 1.3228756555322958, imax: 16, stop: #5
computing fartest point 11, dmax: 1.1532562594670794, imax: 130, stop: #5
computing fartest point 12, dmax: 1.1489125293076061, imax: 115, stop: #5
optimize!(nnc, accuracy, folds=5) = Tuple{Float64,Tuple{Int64,Symbol}}[(0.9666666666666668, (7, :uniform)), (0.9666666666666668, (7, :distance)), (0.9666666666666666, (1, :uniform)), (0.9666666666666666, (1, :distance)), (0.9666666666666666, (3, :uniform)), (0.9666666666666666, (3, :distance))]
Test Summary:             | Pass  Total
encode by farthest points |    4      4
computing fartest point 1, dmax: Inf, imax: 50, stop: #5
computing fartest point 2, dmax: 6.514598989960932, imax: 119, stop: #5
computing fartest point 3, dmax: 3.5369478367654787, imax: 107, stop: #5
computing fartest point 4, dmax: 2.24276614920058, imax: 51, stop: #5
computing fartest point 5, dmax: 1.8165902124584954, imax: 101, stop: #5
computing fartest point 6, dmax: 1.6278820596099706, imax: 99, stop: #5
computing fartest point 7, dmax: 1.3820274961085255, imax: 63, stop: #5
computing fartest point 8, dmax: 1.3784048752090223, imax: 135, stop: #5
computing fartest point 9, dmax: 1.349073756323204, imax: 132, stop: #5
computing fartest point 10, dmax: 1.3228756555322958, imax: 16, stop: #5
computing fartest point 11, dmax: 1.1532562594670794, imax: 130, stop: #5
computing fartest point 12, dmax: 1.1489125293076061, imax: 115, stop: #5
optimize!(nnc, accuracy, folds=10) = Tuple{Float64,Tuple{Int64,Symbol}}[(0.9733333333333334, (7, :uniform)), (0.9733333333333334, (7, :distance)), (0.9666666666666668, (3, :uniform)), (0.9666666666666668, (3, :distance)), (0.9466666666666669, (1, :uniform)), (0.9466666666666669, (1, :distance))]
Test Summary:                                     | Pass  Total
Clustering and centroid computation (with cosine) |    2      2
[ Info: computing dnet point 1, dmax: 0.30000001192092896
[ Info: computing dnet point 2, dmax: 0.9746794104576111
[ Info: computing dnet point 3, dmax: 0.547722578048706
[ Info: computing dnet point 4, dmax: 0.7745966911315918
[ Info: computing dnet point 5, dmax: 0.7280110120773315
[ Info: computing dnet point 6, dmax: 1.5588457584381104
[ Info: computing dnet point 7, dmax: 0.9591662883758545
[ Info: computing dnet point 8, dmax: 0.7681145668029785
[ Info: computing dnet point 9, dmax: 1.126942753791809
[ Info: computing dnet point 10, dmax: 4.763401985168457
optimize!(nnc, accuracy, folds=5) = Tuple{Float64,Tuple{Int64,Symbol}}[(0.9666666666666668, (7, :uniform)), (0.9666666666666668, (7, :distance)), (0.96, (3, :uniform)), (0.96, (3, :distance)), (0.9533333333333334, (1, :uniform)), (0.9533333333333334, (1, :distance))]
computing fartest point 1, dmax: Inf, imax: 37, stop: #3
computing fartest point 2, dmax: 0.5747424705753852, imax: 119, stop: #3
computing fartest point 3, dmax: 0.24229041340277183, imax: 99, stop: #3
computing fartest point 4, dmax: 0.14955587046261531, imax: 85, stop: #3
computing fartest point 5, dmax: 0.12981650874154763, imax: 88, stop: #3
computing fartest point 6, dmax: 0.12510616920863468, imax: 25, stop: #3
computing fartest point 7, dmax: 0.1103739566858218, imax: 42, stop: #3
computing fartest point 8, dmax: 0.1080064208502117, imax: 115, stop: #3
computing fartest point 9, dmax: 0.1031887984880886, imax: 33, stop: #3
computing fartest point 10, dmax: 0.0854566417998834, imax: 142, stop: #3
computing fartest point 11, dmax: 0.08401095109349957, imax: 44, stop: #3
computing fartest point 12, dmax: 0.07826321366579027, imax: 135, stop: #3
computing fartest point 13, dmax: 0.07780810146788868, imax: 68, stop: #3
computing fartest point 14, dmax: 0.07176131327695408, imax: 26, stop: #3
computing fartest point 15, dmax: 0.06992835968352944, imax: 103, stop: #3
computing fartest point 16, dmax: 0.06514376012659787, imax: 62, stop: #3
computing fartest point 17, dmax: 0.06451195537584258, imax: 17, stop: #3
computing fartest point 18, dmax: 0.06232586059890059, imax: 91, stop: #3
computing fartest point 19, dmax: 0.05993921895045639, imax: 48, stop: #3
computing fartest point 20, dmax: 0.054360501943347767, imax: 107, stop: #3
computing fartest point 21, dmax: 0.05102652813466592, imax: 23, stop: #3
[ Info: ===== accuracy by fftclustering: 0.9533333333333334
Test Summary:    | Pass  Total
encode with dnet |    5      5
[ Info: testing configuration KernelMethods.KMap.KConfiguration(true, SimilaritySearch.l2_distance, SimilaritySearch.cosine_distance, KernelMethods.Kernels.gaussian_kernel, (method = KernelMethods.KMap.dnet, kfun = KernelMethods.KMap.var"#24#31"()), :centroids, NearNeighborClassifier), data-type Array{Array{Float64,1},1}
[ Info: computing dnet point 1, dmax: 2.387467384338379
[ Info: computing dnet point 2, dmax: 1.4899663925170898
[ Info: computing dnet point 3, dmax: Inf
[ Info: computing kmap, conf: KernelMethods.KMap.KConfiguration(true, SimilaritySearch.l2_distance, SimilaritySearch.cosine_distance, KernelMethods.Kernels.gaussian_kernel, (method = KernelMethods.KMap.dnet, kfun = KernelMethods.KMap.var"#24#31"()), :centroids, NearNeighborClassifier)
encode by farthest points: Error During Test at /root/.julia/packages/KernelMethods/Eepvn/test/kclass.jl:19
  Got exception outside of a @test
  UndefVarError: normalize! not defined
  Stacktrace:
   [1] #KernelClassifier#37(::Int64, ::Function, ::Int64, ::Int64, ::KConfigurationSpace, ::typeof(KernelClassifier), ::Array{Array{Float64,1},1}, ::Array{String,1}) at /root/.julia/packages/KernelMethods/Eepvn/src/kmap/kclass.jl:170
   [2] (::KernelMethods.KMap.var"#kw##KernelClassifier")(::NamedTuple{(:folds, :ensemble_size, :size, :score),Tuple{Int64,Int64,Int64,typeof(accuracy)}}, ::typeof(KernelClassifier), ::Array{Array{Float64,1},1}, ::Array{String,1}) at ./none:0
   [3] top-level scope at /root/.julia/packages/KernelMethods/Eepvn/test/kclass.jl:23
   [4] top-level scope at /workspace/srcdir/julia/usr/share/julia/stdlib/v1.3/Test/src/Test.jl:1107
   [5] top-level scope at /root/.julia/packages/KernelMethods/Eepvn/test/kclass.jl:20
   [6] include at ./boot.jl:328 [inlined]
   [7] include_relative(::Module, ::String) at ./loading.jl:1105
   [8] include(::Module, ::String) at ./Base.jl:31
   [9] include(::String) at ./client.jl:424
   [10] top-level scope at /root/.julia/packages/KernelMethods/Eepvn/test/runtests.jl:82
   [11] include at ./boot.jl:328 [inlined]
   [12] include_relative(::Module, ::String) at ./loading.jl:1105
   [13] include(::Module, ::String) at ./Base.jl:31
   [14] include(::String) at ./client.jl:424
   [15] top-level scope at none:6
   [16] eval(::Module, ::Any) at ./boot.jl:330
   [17] exec_options(::Base.JLOptions) at ./client.jl:263
   [18] _start() at ./client.jl:460
  
Test Summary:             | Error  Total
encode by farthest points |     1      1
ERROR: LoadError: LoadError: Some tests did not pass: 0 passed, 0 failed, 1 errored, 0 broken.
in expression starting at /root/.julia/packages/KernelMethods/Eepvn/test/kclass.jl:19
in expression starting at /root/.julia/packages/KernelMethods/Eepvn/test/runtests.jl:82
ERROR: Package KernelMethods errored during testing
Stacktrace:
 [1] pkgerror(::String, ::Vararg{String,N} where N) at /workspace/srcdir/julia/usr/share/julia/stdlib/v1.3/Pkg/src/Types.jl:113
 [2] #test#131(::Bool, ::Nothing, ::Cmd, ::Cmd, ::typeof(Pkg.Operations.test), ::Pkg.Types.Context, ::Array{Pkg.Types.PackageSpec,1}) at /workspace/srcdir/julia/usr/share/julia/stdlib/v1.3/Pkg/src/Operations.jl:1370
 [3] #test at ./none:0 [inlined]
 [4] #test#62(::Bool, ::Nothing, ::Cmd, ::Cmd, ::Base.Iterators.Pairs{Union{},Union{},Tuple{},NamedTuple{(),Tuple{}}}, ::typeof(Pkg.API.test), ::Pkg.Types.Context, ::Array{Pkg.Types.PackageSpec,1}) at /workspace/srcdir/julia/usr/share/julia/stdlib/v1.3/Pkg/src/API.jl:253
 [5] test(::Pkg.Types.Context, ::Array{Pkg.Types.PackageSpec,1}) at /workspace/srcdir/julia/usr/share/julia/stdlib/v1.3/Pkg/src/API.jl:239
 [6] #test#61 at /workspace/srcdir/julia/usr/share/julia/stdlib/v1.3/Pkg/src/API.jl:233 [inlined]
 [7] test at /workspace/srcdir/julia/usr/share/julia/stdlib/v1.3/Pkg/src/API.jl:233 [inlined]
 [8] #test#60 at /workspace/srcdir/julia/usr/share/julia/stdlib/v1.3/Pkg/src/API.jl:232 [inlined]
 [9] test at /workspace/srcdir/julia/usr/share/julia/stdlib/v1.3/Pkg/src/API.jl:232 [inlined]
 [10] #test#59(::Base.Iterators.Pairs{Union{},Union{},Tuple{},NamedTuple{(),Tuple{}}}, ::typeof(Pkg.API.test), ::String) at /workspace/srcdir/julia/usr/share/julia/stdlib/v1.3/Pkg/src/API.jl:231
 [11] test(::String) at /workspace/srcdir/julia/usr/share/julia/stdlib/v1.3/Pkg/src/API.jl:231
 [12] top-level scope at none:10
