 Resolving package versions...
 Installed Missings ─────────── v0.4.3
 Installed SortingAlgorithms ── v0.3.1
 Installed DataAPI ──────────── v1.1.0
 Installed KernelMethods ────── v0.1.3
 Installed OrderedCollections ─ v1.1.0
 Installed DataStructures ───── v0.17.6
 Installed StatsBase ────────── v0.32.0
 Installed SimilaritySearch ─── v0.3.16
 Installed Parsers ──────────── v0.3.10
 Installed JSON ─────────────── v0.21.0
  Updating `~/.julia/environments/v1.3/Project.toml`
  [d79e8f30] + KernelMethods v0.1.3
  Updating `~/.julia/environments/v1.3/Manifest.toml`
  [9a962f9c] + DataAPI v1.1.0
  [864edb3b] + DataStructures v0.17.6
  [682c06a0] + JSON v0.21.0
  [d79e8f30] + KernelMethods v0.1.3
  [e1d29d7a] + Missings v0.4.3
  [bac558e1] + OrderedCollections v1.1.0
  [69de0a69] + Parsers v0.3.10
  [053f045d] + SimilaritySearch v0.3.16
  [a2af1166] + SortingAlgorithms v0.3.1
  [2913bbd2] + StatsBase v0.32.0
  [2a0f44e3] + Base64 
  [ade2ca70] + Dates 
  [8bb1440f] + DelimitedFiles 
  [8ba89e20] + Distributed 
  [b77e0a4c] + InteractiveUtils 
  [8f399da3] + Libdl 
  [37e2e46d] + LinearAlgebra 
  [56ddb016] + Logging 
  [d6f4376e] + Markdown 
  [a63ad114] + Mmap 
  [de0858da] + Printf 
  [9a3f8284] + Random 
  [9e88b42a] + Serialization 
  [6462fe0b] + Sockets 
  [2f01184e] + SparseArrays 
  [10745b16] + Statistics 
  [8dfed614] + Test 
  [4ec0a83e] + Unicode 
   Testing KernelMethods
    Status `/tmp/jl_prWtB9/Manifest.toml`
  [9a962f9c] DataAPI v1.1.0
  [864edb3b] DataStructures v0.17.6
  [682c06a0] JSON v0.21.0
  [d79e8f30] KernelMethods v0.1.3
  [e1d29d7a] Missings v0.4.3
  [bac558e1] OrderedCollections v1.1.0
  [69de0a69] Parsers v0.3.10
  [053f045d] SimilaritySearch v0.3.16
  [a2af1166] SortingAlgorithms v0.3.1
  [2913bbd2] StatsBase v0.32.0
  [2a0f44e3] Base64  [`@stdlib/Base64`]
  [ade2ca70] Dates  [`@stdlib/Dates`]
  [8bb1440f] DelimitedFiles  [`@stdlib/DelimitedFiles`]
  [8ba89e20] Distributed  [`@stdlib/Distributed`]
  [b77e0a4c] InteractiveUtils  [`@stdlib/InteractiveUtils`]
  [8f399da3] Libdl  [`@stdlib/Libdl`]
  [37e2e46d] LinearAlgebra  [`@stdlib/LinearAlgebra`]
  [56ddb016] Logging  [`@stdlib/Logging`]
  [d6f4376e] Markdown  [`@stdlib/Markdown`]
  [a63ad114] Mmap  [`@stdlib/Mmap`]
  [de0858da] Printf  [`@stdlib/Printf`]
  [9a3f8284] Random  [`@stdlib/Random`]
  [9e88b42a] Serialization  [`@stdlib/Serialization`]
  [6462fe0b] Sockets  [`@stdlib/Sockets`]
  [2f01184e] SparseArrays  [`@stdlib/SparseArrays`]
  [10745b16] Statistics  [`@stdlib/Statistics`]
  [8dfed614] Test  [`@stdlib/Test`]
  [4ec0a83e] Unicode  [`@stdlib/Unicode`]
Test Summary: | Pass  Total
Scores        |    9      9
Test Summary:   | Pass  Total
CrossValidation |   82     82
computing fartest point 1, dmax: Inf, imax: 29, stop: #3
computing fartest point 2, dmax: 1.1699888030427315, imax: 42, stop: #3
computing fartest point 3, dmax: 1.0312747450026643, imax: 16, stop: #3
computing fartest point 4, dmax: 0.802741978438578, imax: 43, stop: #3
computing fartest point 5, dmax: 0.5839671201241073, imax: 19, stop: #3
computing fartest point 6, dmax: 0.5690409442606839, imax: 45, stop: #3
computing fartest point 7, dmax: 0.4767183398931198, imax: 33, stop: #3
computing fartest point 8, dmax: 0.45218744012670875, imax: 15, stop: #3
computing fartest point 9, dmax: 0.4512427328645861, imax: 23, stop: #3
computing fartest point 10, dmax: 0.4512427328645861, imax: 25, stop: #3
computing fartest point 11, dmax: 0.44168507138418994, imax: 2, stop: #3
computing fartest point 12, dmax: 0.38557134423932293, imax: 44, stop: #3
computing fartest point 13, dmax: 0.35770802956535763, imax: 17, stop: #3
computing fartest point 14, dmax: 0.32398961510448654, imax: 20, stop: #3
computing fartest point 15, dmax: 0.32194591207691337, imax: 21, stop: #3
computing fartest point 16, dmax: 0.3047559503871529, imax: 6, stop: #3
computing fartest point 17, dmax: 0.30475595038715286, imax: 37, stop: #3
computing fartest point 18, dmax: 0.3023994796109174, imax: 9, stop: #3
computing fartest point 19, dmax: 0.2999999999999998, imax: 12, stop: #3
computing fartest point 20, dmax: 0.2818334139910908, imax: 34, stop: #3
computing fartest point 21, dmax: 0.25408413705439825, imax: 14, stop: #3
==> Iris-setosa: 0.9933333333333333
computing fartest point 1, dmax: Inf, imax: 49, stop: #3
computing fartest point 2, dmax: 2.2948685326661775, imax: 3, stop: #3
computing fartest point 3, dmax: 1.5058315982344728, imax: 35, stop: #3
computing fartest point 4, dmax: 0.9869864667476537, imax: 19, stop: #3
computing fartest point 5, dmax: 0.8240267707315337, imax: 31, stop: #3
computing fartest point 6, dmax: 0.7067204927863282, imax: 48, stop: #3
computing fartest point 7, dmax: 0.6888434672966074, imax: 34, stop: #3
computing fartest point 8, dmax: 0.5839671201241073, imax: 11, stop: #3
computing fartest point 9, dmax: 0.5391621734843108, imax: 36, stop: #3
computing fartest point 10, dmax: 0.5149592941338113, imax: 13, stop: #3
computing fartest point 11, dmax: 0.5149592941338113, imax: 15, stop: #3
computing fartest point 12, dmax: 0.5079672903642404, imax: 16, stop: #3
computing fartest point 13, dmax: 0.4603562003197028, imax: 50, stop: #3
computing fartest point 14, dmax: 0.41963031030409575, imax: 10, stop: #3
computing fartest point 15, dmax: 0.40370889479122224, imax: 24, stop: #3
computing fartest point 16, dmax: 0.34269904568034637, imax: 41, stop: #3
computing fartest point 17, dmax: 0.3426990456803459, imax: 5, stop: #3
computing fartest point 18, dmax: 0.34269904568034587, imax: 30, stop: #3
computing fartest point 19, dmax: 0.34269904568034565, imax: 21, stop: #3
computing fartest point 20, dmax: 0.3426990456803456, imax: 23, stop: #3
computing fartest point 21, dmax: 0.32600409030010524, imax: 8, stop: #3
==> Iris-versicolor: 0.9533333333333334
computing fartest point 1, dmax: Inf, imax: 50, stop: #3
computing fartest point 2, dmax: 2.2279547145129777, imax: 19, stop: #3
computing fartest point 3, dmax: 1.2243859686204253, imax: 32, stop: #3
computing fartest point 4, dmax: 1.0806704882702343, imax: 21, stop: #3
computing fartest point 5, dmax: 1.0795448117126536, imax: 7, stop: #3
computing fartest point 6, dmax: 0.8209138118267935, imax: 36, stop: #3
computing fartest point 7, dmax: 0.8098913824997654, imax: 20, stop: #3
computing fartest point 8, dmax: 0.7661407033290015, imax: 9, stop: #3
computing fartest point 9, dmax: 0.6227839056462656, imax: 1, stop: #3
computing fartest point 10, dmax: 0.6213726406429249, imax: 30, stop: #3
computing fartest point 11, dmax: 0.6174558902645706, imax: 35, stop: #3
computing fartest point 12, dmax: 0.6095119007743057, imax: 11, stop: #3
computing fartest point 13, dmax: 0.6052813315485184, imax: 15, stop: #3
computing fartest point 14, dmax: 0.5272812763331919, imax: 10, stop: #3
computing fartest point 15, dmax: 0.5086873293858954, imax: 8, stop: #3
computing fartest point 16, dmax: 0.5086873293858954, imax: 12, stop: #3
computing fartest point 17, dmax: 0.4436644098679903, imax: 14, stop: #3
computing fartest point 18, dmax: 0.4426772850557223, imax: 42, stop: #3
computing fartest point 19, dmax: 0.4292763936246036, imax: 49, stop: #3
computing fartest point 20, dmax: 0.41963031030409564, imax: 6, stop: #3
computing fartest point 21, dmax: 0.4142159340231801, imax: 34, stop: #3
==> Iris-virginica: 0.9533333333333334
===> macro-recall: 0.9666666666666668
Test Summary:             | Pass  Total
encode by farthest points |    1      1
optimize!(nnc, accuracy, folds=5) = Tuple{Float64,Tuple{Int64,Symbol}}[(0.9666666666666668, (3, :uniform)), (0.9666666666666668, (3, :distance)), (0.9666666666666668, (7, :uniform)), (0.9666666666666668, (7, :distance)), (0.9533333333333334, (1, :uniform)), (0.9533333333333334, (1, :distance))]
Test Summary: | Pass  Total
KNN           |    9      9
[ Info: optimizing nbc NaiveBayesClassifier{Array{Float64,1},String}
[ Info: optimizing nbc NaiveBayesClassifier{Array{Float64,1},String}
[ Info: optimizing nbc NaiveBayesClassifier{Array{Float64,1},String}
[ Info: optimizing nbc NaiveBayesClassifier{Array{Float64,1},String}
[ Info: optimizing nbc NaiveBayesClassifier{Array{Float64,1},String}
optimize!(nbc, X, y, accuracy, runs=5, trainratio=0.7, testratio=0.3) = Tuple{Float64,Tuple{DataType,Real}}[(0.9377777777777778, (KernelMethods.Supervised.GaussianKernel, -1)), (0.3111111111111111, (KernelMethods.Supervised.MultinomialKernel, 0.0)), (0.3111111111111111, (KernelMethods.Supervised.MultinomialKernel, 0.1)), (0.3111111111111111, (KernelMethods.Supervised.MultinomialKernel, 0.3)), (0.3111111111111111, (KernelMethods.Supervised.MultinomialKernel, 1.0))]
Test Summary: | Pass  Total
NB            |    4      4
optimize!(nnr, isqerror, folds=5) = Tuple{Float64,Tuple{Int64,Function}}[(-12.096567830026164, (3, KernelMethods.Supervised.gmean)), (-12.264338736037052, (3, KernelMethods.Supervised.hmean)), (-12.37728779531751, (3, Statistics.mean)), (-22.051563932274796, (1, KernelMethods.Supervised.gmean)), (-22.051563932274796, (1, Statistics.mean)), (-22.051563932274796, (1, Statistics.median)), (-22.051563932274814, (1, KernelMethods.Supervised.hmean)), (-23.707115772914204, (7, KernelMethods.Supervised.gmean)), (-24.067098527007595, (7, KernelMethods.Supervised.hmean)), (-25.997270228811477, (7, Statistics.mean)), (-26.471516478136795, (3, Statistics.median)), (-47.28097974704135, (7, Statistics.median))]
Test Summary:  | Pass  Total
KNN Regression |    2      2
computing fartest point 1, dmax: Inf, imax: 93, stop: #5
computing fartest point 2, dmax: 3.6523964735499352, imax: 118, stop: #5
computing fartest point 3, dmax: 3.52703841770968, imax: 23, stop: #5
computing fartest point 4, dmax: 1.9924858845171276, imax: 149, stop: #5
computing fartest point 5, dmax: 1.46287388383278, imax: 16, stop: #5
computing fartest point 6, dmax: 1.4071247279470287, imax: 51, stop: #5
computing fartest point 7, dmax: 1.341640786499874, imax: 42, stop: #5
computing fartest point 8, dmax: 1.2409673645990857, imax: 131, stop: #5
computing fartest point 9, dmax: 1.228820572744451, imax: 99, stop: #5
computing fartest point 10, dmax: 1.2247448713915887, imax: 135, stop: #5
computing fartest point 11, dmax: 1.1489125293076052, imax: 107, stop: #5
computing fartest point 12, dmax: 1.081665382639197, imax: 21, stop: #5
optimize!(nnc, accuracy, folds=5) = Tuple{Float64,Tuple{Int64,Symbol}}[(0.9733333333333334, (7, :uniform)), (0.9733333333333334, (7, :distance)), (0.9666666666666666, (3, :uniform)), (0.9666666666666666, (3, :distance)), (0.9400000000000001, (1, :uniform)), (0.9400000000000001, (1, :distance))]
Test Summary:             | Pass  Total
encode by farthest points |    4      4
computing fartest point 1, dmax: Inf, imax: 93, stop: #5
computing fartest point 2, dmax: 3.6523964735499352, imax: 118, stop: #5
computing fartest point 3, dmax: 3.52703841770968, imax: 23, stop: #5
computing fartest point 4, dmax: 1.9924858845171276, imax: 149, stop: #5
computing fartest point 5, dmax: 1.46287388383278, imax: 16, stop: #5
computing fartest point 6, dmax: 1.4071247279470287, imax: 51, stop: #5
computing fartest point 7, dmax: 1.341640786499874, imax: 42, stop: #5
computing fartest point 8, dmax: 1.2409673645990857, imax: 131, stop: #5
computing fartest point 9, dmax: 1.228820572744451, imax: 99, stop: #5
computing fartest point 10, dmax: 1.2247448713915887, imax: 135, stop: #5
computing fartest point 11, dmax: 1.1489125293076052, imax: 107, stop: #5
computing fartest point 12, dmax: 1.081665382639197, imax: 21, stop: #5
optimize!(nnc, accuracy, folds=10) = Tuple{Float64,Tuple{Int64,Symbol}}[(0.9733333333333334, (3, :uniform)), (0.9733333333333334, (3, :distance)), (0.9733333333333334, (7, :uniform)), (0.9733333333333334, (7, :distance)), (0.9533333333333335, (1, :uniform)), (0.9533333333333335, (1, :distance))]
Test Summary:                                     | Pass  Total
Clustering and centroid computation (with cosine) |    2      2
[ Info: computing dnet point 1, dmax: 0.5
[ Info: computing dnet point 2, dmax: 0.7810249924659729
[ Info: computing dnet point 3, dmax: 0.36055514216423035
[ Info: computing dnet point 4, dmax: 1.7748239040374756
[ Info: computing dnet point 5, dmax: 0.5830951929092407
[ Info: computing dnet point 6, dmax: 0.7416198253631592
[ Info: computing dnet point 7, dmax: 1.5165750980377197
[ Info: computing dnet point 8, dmax: 1.0862780809402466
[ Info: computing dnet point 9, dmax: 1.6155494451522827
[ Info: computing dnet point 10, dmax: 5.204805374145508
optimize!(nnc, accuracy, folds=5) = Tuple{Float64,Tuple{Int64,Symbol}}[(0.9666666666666668, (1, :uniform)), (0.9666666666666668, (1, :distance)), (0.9533333333333334, (3, :uniform)), (0.9533333333333334, (3, :distance)), (0.9400000000000001, (7, :uniform)), (0.9400000000000001, (7, :distance))]
computing fartest point 1, dmax: Inf, imax: 75, stop: #3
computing fartest point 2, dmax: 0.4540646925907682, imax: 23, stop: #3
computing fartest point 3, dmax: 0.20565175062185237, imax: 42, stop: #3
computing fartest point 4, dmax: 0.18769871728752593, imax: 101, stop: #3
computing fartest point 5, dmax: 0.15012347257443073, imax: 25, stop: #3
computing fartest point 6, dmax: 0.13060954667003824, imax: 120, stop: #3
computing fartest point 7, dmax: 0.10022897907780356, imax: 142, stop: #3
computing fartest point 8, dmax: 0.09951235136933405, imax: 37, stop: #3
computing fartest point 9, dmax: 0.09315442149984295, imax: 85, stop: #3
computing fartest point 10, dmax: 0.08401095109349957, imax: 44, stop: #3
computing fartest point 11, dmax: 0.07176131327695408, imax: 26, stop: #3
computing fartest point 12, dmax: 0.0702500674181655, imax: 88, stop: #3
computing fartest point 13, dmax: 0.06989819424678659, imax: 47, stop: #3
computing fartest point 14, dmax: 0.06885074103825617, imax: 99, stop: #3
computing fartest point 15, dmax: 0.06615202903683252, imax: 129, stop: #3
computing fartest point 16, dmax: 0.06310134145835594, imax: 91, stop: #3
computing fartest point 17, dmax: 0.061570023027851334, imax: 89, stop: #3
computing fartest point 18, dmax: 0.05854888255309021, imax: 135, stop: #3
computing fartest point 19, dmax: 0.05430970904813861, imax: 116, stop: #3
computing fartest point 20, dmax: 0.05295206882936809, imax: 119, stop: #3
computing fartest point 21, dmax: 0.05225381128729124, imax: 19, stop: #3
[ Info: ===== accuracy by fftclustering: 0.9533333333333334
Test Summary:    | Pass  Total
encode with dnet |    5      5
[ Info: testing configuration KernelMethods.KMap.KConfiguration(true, SimilaritySearch.cosine_distance, SimilaritySearch.l2_distance, KernelMethods.Kernels.gaussian_kernel, (method = KernelMethods.KMap.dnet, kfun = log2), :centers, NearNeighborClassifier), data-type Array{Array{Float64,1},1}
[ Info: computing dnet point 1, dmax: -73.68000030517578
[ Info: computing dnet point 2, dmax: -47.81999969482422
[ Info: computing dnet point 3, dmax: -78.68000030517578
[ Info: computing dnet point 4, dmax: -52.290000915527344
[ Info: computing dnet point 5, dmax: -80.12000274658203
[ Info: computing dnet point 6, dmax: -40.08000183105469
[ Info: computing dnet point 7, dmax: -53.66999816894531
[ Info: computing dnet point 8, dmax: -51.099998474121094
[ Info: computing dnet point 9, dmax: -63.33000183105469
[ Info: computing dnet point 10, dmax: -41.970001220703125
[ Info: computing dnet point 11, dmax: -44.970001220703125
[ Info: computing dnet point 12, dmax: -42.31999969482422
[ Info: computing dnet point 13, dmax: -34.9900016784668
[ Info: computing dnet point 14, dmax: -38.060001373291016
[ Info: computing dnet point 15, dmax: -37.29999923706055
[ Info: computing dnet point 16, dmax: -33.93000030517578
[ Info: computing dnet point 17, dmax: Inf
[ Info: computing kmap, conf: KernelMethods.KMap.KConfiguration(true, SimilaritySearch.cosine_distance, SimilaritySearch.l2_distance, KernelMethods.Kernels.gaussian_kernel, (method = KernelMethods.KMap.dnet, kfun = log2), :centers, NearNeighborClassifier)
encode by farthest points: Error During Test at /root/.julia/packages/KernelMethods/Eepvn/test/kclass.jl:19
  Got exception outside of a @test
  UndefVarError: normalize! not defined
  Stacktrace:
   [1] #KernelClassifier#37(::Int64, ::Function, ::Int64, ::Int64, ::KConfigurationSpace, ::typeof(KernelClassifier), ::Array{Array{Float64,1},1}, ::Array{String,1}) at /root/.julia/packages/KernelMethods/Eepvn/src/kmap/kclass.jl:170
   [2] (::KernelMethods.KMap.var"#kw##KernelClassifier")(::NamedTuple{(:folds, :ensemble_size, :size, :score),Tuple{Int64,Int64,Int64,typeof(accuracy)}}, ::typeof(KernelClassifier), ::Array{Array{Float64,1},1}, ::Array{String,1}) at ./none:0
   [3] top-level scope at /root/.julia/packages/KernelMethods/Eepvn/test/kclass.jl:23
   [4] top-level scope at /buildworker/worker/package_linux64/build/usr/share/julia/stdlib/v1.3/Test/src/Test.jl:1107
   [5] top-level scope at /root/.julia/packages/KernelMethods/Eepvn/test/kclass.jl:20
   [6] include at ./boot.jl:328 [inlined]
   [7] include_relative(::Module, ::String) at ./loading.jl:1105
   [8] include(::Module, ::String) at ./Base.jl:31
   [9] include(::String) at ./client.jl:424
   [10] top-level scope at /root/.julia/packages/KernelMethods/Eepvn/test/runtests.jl:82
   [11] include at ./boot.jl:328 [inlined]
   [12] include_relative(::Module, ::String) at ./loading.jl:1105
   [13] include(::Module, ::String) at ./Base.jl:31
   [14] include(::String) at ./client.jl:424
   [15] top-level scope at none:6
   [16] eval(::Module, ::Any) at ./boot.jl:330
   [17] exec_options(::Base.JLOptions) at ./client.jl:263
   [18] _start() at ./client.jl:460
  
Test Summary:             | Error  Total
encode by farthest points |     1      1
ERROR: LoadError: LoadError: Some tests did not pass: 0 passed, 0 failed, 1 errored, 0 broken.
in expression starting at /root/.julia/packages/KernelMethods/Eepvn/test/kclass.jl:19
in expression starting at /root/.julia/packages/KernelMethods/Eepvn/test/runtests.jl:82
ERROR: Package KernelMethods errored during testing
Stacktrace:
 [1] pkgerror(::String, ::Vararg{String,N} where N) at /buildworker/worker/package_linux64/build/usr/share/julia/stdlib/v1.3/Pkg/src/Types.jl:113
 [2] #test#131(::Bool, ::Nothing, ::Cmd, ::Cmd, ::typeof(Pkg.Operations.test), ::Pkg.Types.Context, ::Array{Pkg.Types.PackageSpec,1}) at /buildworker/worker/package_linux64/build/usr/share/julia/stdlib/v1.3/Pkg/src/Operations.jl:1370
 [3] #test at ./none:0 [inlined]
 [4] #test#62(::Bool, ::Nothing, ::Cmd, ::Cmd, ::Base.Iterators.Pairs{Union{},Union{},Tuple{},NamedTuple{(),Tuple{}}}, ::typeof(Pkg.API.test), ::Pkg.Types.Context, ::Array{Pkg.Types.PackageSpec,1}) at /buildworker/worker/package_linux64/build/usr/share/julia/stdlib/v1.3/Pkg/src/API.jl:253
 [5] test(::Pkg.Types.Context, ::Array{Pkg.Types.PackageSpec,1}) at /buildworker/worker/package_linux64/build/usr/share/julia/stdlib/v1.3/Pkg/src/API.jl:239
 [6] #test#61 at /buildworker/worker/package_linux64/build/usr/share/julia/stdlib/v1.3/Pkg/src/API.jl:233 [inlined]
 [7] test at /buildworker/worker/package_linux64/build/usr/share/julia/stdlib/v1.3/Pkg/src/API.jl:233 [inlined]
 [8] #test#60 at /buildworker/worker/package_linux64/build/usr/share/julia/stdlib/v1.3/Pkg/src/API.jl:232 [inlined]
 [9] test at /buildworker/worker/package_linux64/build/usr/share/julia/stdlib/v1.3/Pkg/src/API.jl:232 [inlined]
 [10] #test#59(::Base.Iterators.Pairs{Union{},Union{},Tuple{},NamedTuple{(),Tuple{}}}, ::typeof(Pkg.API.test), ::String) at /buildworker/worker/package_linux64/build/usr/share/julia/stdlib/v1.3/Pkg/src/API.jl:231
 [11] test(::String) at /buildworker/worker/package_linux64/build/usr/share/julia/stdlib/v1.3/Pkg/src/API.jl:231
 [12] top-level scope at none:10
