 Resolving package versions...
 Installed URIParser ────────── v0.4.0
 Installed JLD2 ─────────────── v0.1.9
 Installed FileIO ───────────── v1.1.0
 Installed NNlib ────────────── v0.6.0
 Installed DataStructures ───── v0.17.6
 Installed AutoGrad ─────────── v1.2.0
 Installed LLVM ─────────────── v1.3.2
 Installed Compat ───────────── v2.2.0
 Installed SpecialFunctions ─── v0.8.0
 Installed BinaryProvider ───── v0.5.8
 Installed TimerOutputs ─────── v0.5.3
 Installed MacroTools ───────── v0.5.2
 Installed OrderedCollections ─ v1.1.0
 Installed Knet ─────────────── v1.3.2
 Installed CuArrays ─────────── v1.5.0
 Installed CEnum ────────────── v0.2.0
 Installed GPUArrays ────────── v2.0.0
 Installed Requires ─────────── v0.5.2
 Installed BinDeps ──────────── v0.8.10
 Installed Adapt ────────────── v1.0.0
 Installed CodecZlib ────────── v0.6.0
 Installed CUDAnative ───────── v2.6.0
 Installed CUDAdrv ──────────── v4.0.4
 Installed CUDAapi ──────────── v2.0.0
 Installed TranscodingStreams ─ v0.9.5
 Installed AbstractFFTs ─────── v0.4.1
  Updating `~/.julia/environments/v1.3/Project.toml`
  [1902f260] + Knet v1.3.2
  Updating `~/.julia/environments/v1.3/Manifest.toml`
  [621f4979] + AbstractFFTs v0.4.1
  [79e6a3ab] + Adapt v1.0.0
  [6710c13c] + AutoGrad v1.2.0
  [9e28174c] + BinDeps v0.8.10
  [b99e7846] + BinaryProvider v0.5.8
  [fa961155] + CEnum v0.2.0
  [3895d2a7] + CUDAapi v2.0.0
  [c5f51814] + CUDAdrv v4.0.4
  [be33ccc6] + CUDAnative v2.6.0
  [944b1d66] + CodecZlib v0.6.0
  [34da2185] + Compat v2.2.0
  [3a865a2d] + CuArrays v1.5.0
  [864edb3b] + DataStructures v0.17.6
  [5789e2e9] + FileIO v1.1.0
  [0c68f7d7] + GPUArrays v2.0.0
  [033835bb] + JLD2 v0.1.9
  [1902f260] + Knet v1.3.2
  [929cbde3] + LLVM v1.3.2
  [1914dd2f] + MacroTools v0.5.2
  [872c559c] + NNlib v0.6.0
  [bac558e1] + OrderedCollections v1.1.0
  [ae029012] + Requires v0.5.2
  [276daf66] + SpecialFunctions v0.8.0
  [a759f4b9] + TimerOutputs v0.5.3
  [3bb67fe8] + TranscodingStreams v0.9.5
  [30578b45] + URIParser v0.4.0
  [2a0f44e3] + Base64 
  [ade2ca70] + Dates 
  [8bb1440f] + DelimitedFiles 
  [8ba89e20] + Distributed 
  [b77e0a4c] + InteractiveUtils 
  [76f85450] + LibGit2 
  [8f399da3] + Libdl 
  [37e2e46d] + LinearAlgebra 
  [56ddb016] + Logging 
  [d6f4376e] + Markdown 
  [a63ad114] + Mmap 
  [44cfe95a] + Pkg 
  [de0858da] + Printf 
  [3fa0cd96] + REPL 
  [9a3f8284] + Random 
  [ea8e919c] + SHA 
  [9e88b42a] + Serialization 
  [1a1011a3] + SharedArrays 
  [6462fe0b] + Sockets 
  [2f01184e] + SparseArrays 
  [10745b16] + Statistics 
  [8dfed614] + Test 
  [cf7118a7] + UUIDs 
  [4ec0a83e] + Unicode 
  Building SpecialFunctions → `~/.julia/packages/SpecialFunctions/ne2iw/deps/build.log`
  Building CodecZlib ───────→ `~/.julia/packages/CodecZlib/5t9zO/deps/build.log`
  Building Knet ────────────→ `~/.julia/packages/Knet/LjPts/deps/build.log`
   Testing Knet
 Resolving package versions...
    Status `/tmp/jl_vvOLHw/Manifest.toml`
  [621f4979] AbstractFFTs v0.4.1
  [79e6a3ab] Adapt v1.0.0
  [6710c13c] AutoGrad v1.2.0
  [9e28174c] BinDeps v0.8.10
  [b99e7846] BinaryProvider v0.5.8
  [fa961155] CEnum v0.2.0
  [3895d2a7] CUDAapi v2.0.0
  [c5f51814] CUDAdrv v4.0.4
  [be33ccc6] CUDAnative v2.6.0
  [944b1d66] CodecZlib v0.6.0
  [34da2185] Compat v2.2.0
  [3a865a2d] CuArrays v1.5.0
  [864edb3b] DataStructures v0.17.6
  [5789e2e9] FileIO v1.1.0
  [0c68f7d7] GPUArrays v2.0.0
  [033835bb] JLD2 v0.1.9
  [1902f260] Knet v1.3.2
  [929cbde3] LLVM v1.3.2
  [1914dd2f] MacroTools v0.5.2
  [872c559c] NNlib v0.6.0
  [bac558e1] OrderedCollections v1.1.0
  [ae029012] Requires v0.5.2
  [276daf66] SpecialFunctions v0.8.0
  [a759f4b9] TimerOutputs v0.5.3
  [3bb67fe8] TranscodingStreams v0.9.5
  [30578b45] URIParser v0.4.0
  [2a0f44e3] Base64  [`@stdlib/Base64`]
  [ade2ca70] Dates  [`@stdlib/Dates`]
  [8bb1440f] DelimitedFiles  [`@stdlib/DelimitedFiles`]
  [8ba89e20] Distributed  [`@stdlib/Distributed`]
  [b77e0a4c] InteractiveUtils  [`@stdlib/InteractiveUtils`]
  [76f85450] LibGit2  [`@stdlib/LibGit2`]
  [8f399da3] Libdl  [`@stdlib/Libdl`]
  [37e2e46d] LinearAlgebra  [`@stdlib/LinearAlgebra`]
  [56ddb016] Logging  [`@stdlib/Logging`]
  [d6f4376e] Markdown  [`@stdlib/Markdown`]
  [a63ad114] Mmap  [`@stdlib/Mmap`]
  [44cfe95a] Pkg  [`@stdlib/Pkg`]
  [de0858da] Printf  [`@stdlib/Printf`]
  [3fa0cd96] REPL  [`@stdlib/REPL`]
  [9a3f8284] Random  [`@stdlib/Random`]
  [ea8e919c] SHA  [`@stdlib/SHA`]
  [9e88b42a] Serialization  [`@stdlib/Serialization`]
  [1a1011a3] SharedArrays  [`@stdlib/SharedArrays`]
  [6462fe0b] Sockets  [`@stdlib/Sockets`]
  [2f01184e] SparseArrays  [`@stdlib/SparseArrays`]
  [10745b16] Statistics  [`@stdlib/Statistics`]
  [8dfed614] Test  [`@stdlib/Test`]
  [cf7118a7] UUIDs  [`@stdlib/UUIDs`]
  [4ec0a83e] Unicode  [`@stdlib/Unicode`]
  0.857189 seconds (408.27 k allocations: 21.207 MiB, 41.38% gc time)
Knet.gpuCount() = 0
Knet.gpu() = -1
Knet.tk = String[]
Knet.libknet8 = ""
Knet.cudartfound = false
Knet.nvmlfound = false
Knet.cublashandle() = nothing
Knet.cudnnhandle() = nothing
Knet.dir() = "/root/.julia/packages/Knet/LjPts"
readdir(Knet.dir("deps")) = [".deprecated", ".gitignore", "Makefile", "README.windows", "build.jl", "build.log", "cuda01.jl", "cuda1.jl", "cuda11.jl", "cuda12.jl", "cuda13.jl", "cuda14.jl", "cuda16.jl", "cuda17.jl", "cuda20.jl", "cuda21.jl", "cuda22.jl", "gamma.jl"]
  3.505188 seconds (2.69 M allocations: 133.519 MiB, 0.97% gc time)
  3.834449 seconds (5.80 M allocations: 286.890 MiB, 3.46% gc time)
  2.794990 seconds (3.32 M allocations: 192.897 MiB, 2.58% gc time)
  2.241439 seconds (2.88 M allocations: 149.287 MiB, 2.28% gc time)
 31.615088 seconds (41.75 M allocations: 1.968 GiB, 5.35% gc time)
  0.041753 seconds (3.35 k allocations: 200.203 KiB)
  0.463392 seconds (12.74 k allocations: 800.950 KiB)
  0.659640 seconds (12.43 k allocations: 779.219 KiB, 21.93% gc time)
 13.882739 seconds (15.41 M allocations: 884.995 MiB, 2.36% gc time)
 37.432957 seconds (39.13 M allocations: 2.329 GiB, 2.82% gc time)
 37.358057 seconds (39.46 M allocations: 2.273 GiB, 3.58% gc time)
 42.240782 seconds (40.97 M allocations: 2.645 GiB, 3.05% gc time)
  1.186707 seconds (26.18 k allocations: 1.569 MiB)
103.850904 seconds (85.46 M allocations: 7.773 GiB, 3.26% gc time)
(pa, xi, f0, nd, ad) = ("5×4×3×2 Array{Float64,4}", 1.11, 33.120000000000005, 0.9999999999622524, 0.0)
(pa, xi, f0, nd, ad) = ("5×4×3×2 Array{Float64,4}", 1.03, 33.120000000000005, 0.9999999999622524, 0.0)
 88.963218 seconds (74.33 M allocations: 5.779 GiB, 3.49% gc time)
  1.418769 seconds (23.72 k allocations: 1.429 MiB)
150.276997 seconds (141.73 M allocations: 8.538 GiB, 3.88% gc time)
613.228370 seconds (378.22 M allocations: 54.399 GiB, 5.12% gc time)
┌ Warning: optimizers is deprecated, use sgd, adam etc. instead.
└ @ Knet ~/.julia/packages/Knet/LjPts/src/update.jl:627
101.915560 seconds (28.01 M allocations: 1.365 GiB, 0.95% gc time)
Test Summary: | Pass  Broken  Total
Knet          | 2768       5   2773
   Testing Knet tests passed 
