 Resolving package versions...
 Installed SuffixArrays ─ v0.2.0
  Updating `~/.julia/environments/v1.3/Project.toml`
  [24f65c1e] + SuffixArrays v0.2.0
  Updating `~/.julia/environments/v1.3/Manifest.toml`
  [24f65c1e] + SuffixArrays v0.2.0
  [2a0f44e3] + Base64 
  [8ba89e20] + Distributed 
  [b77e0a4c] + InteractiveUtils 
  [56ddb016] + Logging 
  [d6f4376e] + Markdown 
  [9a3f8284] + Random 
  [9e88b42a] + Serialization 
  [6462fe0b] + Sockets 
  [8dfed614] + Test 
   Testing SuffixArrays
    Status `/tmp/jl_102ODp/Manifest.toml`
  [24f65c1e] SuffixArrays v0.2.0
  [2a0f44e3] Base64  [`@stdlib/Base64`]
  [8ba89e20] Distributed  [`@stdlib/Distributed`]
  [b77e0a4c] InteractiveUtils  [`@stdlib/InteractiveUtils`]
  [56ddb016] Logging  [`@stdlib/Logging`]
  [d6f4376e] Markdown  [`@stdlib/Markdown`]
  [9a3f8284] Random  [`@stdlib/Random`]
  [9e88b42a] Serialization  [`@stdlib/Serialization`]
  [6462fe0b] Sockets  [`@stdlib/Sockets`]
  [8dfed614] Test  [`@stdlib/Test`]
Sorting '/root/.julia/packages/SuffixArrays/aM99q/src/SuffixArrays.jl' took: 1.870495655
Done.
Sorting '/root/.julia/packages/SuffixArrays/aM99q/src/sais.jl' took: 0.001794442
Done.
Sorting '/root/.julia/packages/SuffixArrays/aM99q/test/runtests.jl' took: 0.00039505
Done.
   Testing SuffixArrays tests passed 
