 Resolving package versions...
 Installed Requires ──────── v0.5.2
 Installed DiffEqDiffTools ─ v1.5.0
 Installed ArrayInterface ── v2.0.0
 Installed StaticArrays ──── v0.12.1
  Updating `~/.julia/environments/v1.2/Project.toml`
  [01453d9d] + DiffEqDiffTools v1.5.0
  Updating `~/.julia/environments/v1.2/Manifest.toml`
  [4fba245c] + ArrayInterface v2.0.0
  [01453d9d] + DiffEqDiffTools v1.5.0
  [ae029012] + Requires v0.5.2
  [90137ffa] + StaticArrays v0.12.1
  [2a0f44e3] + Base64 
  [8ba89e20] + Distributed 
  [b77e0a4c] + InteractiveUtils 
  [8f399da3] + Libdl 
  [37e2e46d] + LinearAlgebra 
  [56ddb016] + Logging 
  [d6f4376e] + Markdown 
  [9a3f8284] + Random 
  [9e88b42a] + Serialization 
  [6462fe0b] + Sockets 
  [2f01184e] + SparseArrays 
  [10745b16] + Statistics 
  [8dfed614] + Test 
   Testing DiffEqDiffTools
 Resolving package versions...
 Installed BlockBandedMatrices ── v0.6.0
 Installed BlockArrays ────────── v0.10.2
 Installed MatrixFactorizations ─ v0.2.1
 Installed ArrayLayouts ───────── v0.1.5
 Installed BandedMatrices ─────── v0.14.2
 Installed FillArrays ─────────── v0.8.2
    Status `/tmp/jl_xpadan/Manifest.toml`
  [4fba245c] ArrayInterface v2.0.0
  [4c555306] ArrayLayouts v0.1.5
  [aae01518] BandedMatrices v0.14.2
  [8e7c35d0] BlockArrays v0.10.2
  [ffab5731] BlockBandedMatrices v0.6.0
  [01453d9d] DiffEqDiffTools v1.5.0
  [1a297f60] FillArrays v0.8.2
  [a3b82374] MatrixFactorizations v0.2.1
  [ae029012] Requires v0.5.2
  [90137ffa] StaticArrays v0.12.1
  [2a0f44e3] Base64  [`@stdlib/Base64`]
  [ade2ca70] Dates  [`@stdlib/Dates`]
  [8ba89e20] Distributed  [`@stdlib/Distributed`]
  [b77e0a4c] InteractiveUtils  [`@stdlib/InteractiveUtils`]
  [76f85450] LibGit2  [`@stdlib/LibGit2`]
  [8f399da3] Libdl  [`@stdlib/Libdl`]
  [37e2e46d] LinearAlgebra  [`@stdlib/LinearAlgebra`]
  [56ddb016] Logging  [`@stdlib/Logging`]
  [d6f4376e] Markdown  [`@stdlib/Markdown`]
  [a63ad114] Mmap  [`@stdlib/Mmap`]
  [44cfe95a] Pkg  [`@stdlib/Pkg`]
  [de0858da] Printf  [`@stdlib/Printf`]
  [3fa0cd96] REPL  [`@stdlib/REPL`]
  [9a3f8284] Random  [`@stdlib/Random`]
  [ea8e919c] SHA  [`@stdlib/SHA`]
  [9e88b42a] Serialization  [`@stdlib/Serialization`]
  [1a1011a3] SharedArrays  [`@stdlib/SharedArrays`]
  [6462fe0b] Sockets  [`@stdlib/Sockets`]
  [2f01184e] SparseArrays  [`@stdlib/SparseArrays`]
  [10745b16] Statistics  [`@stdlib/Statistics`]
  [8dfed614] Test  [`@stdlib/Test`]
  [cf7118a7] UUIDs  [`@stdlib/UUIDs`]
  [4ec0a83e] Unicode  [`@stdlib/Unicode`]
Test Summary:                            | Pass  Total
Derivative single point f : R -> R tests |    5      5
  2.883620 seconds (3.98 M allocations: 207.581 MiB, 3.35% gc time)
┌ Warning: Pre-computed function values are only useful for fdtype==Val{:forward}.
└ @ DiffEqDiffTools ~/.julia/packages/DiffEqDiffTools/YMRK3/src/derivatives.jl:47
┌ Warning: Pre-computed function values are only useful for fdtype==Val{:forward}.
└ @ DiffEqDiffTools ~/.julia/packages/DiffEqDiffTools/YMRK3/src/derivatives.jl:47
┌ Warning: Val{:complex} makes the epsilon array redundant.
└ @ DiffEqDiffTools ~/.julia/packages/DiffEqDiffTools/YMRK3/src/derivatives.jl:58
┌ Warning: Pre-computed function values are only useful for fdtype==Val{:forward}.
└ @ DiffEqDiffTools ~/.julia/packages/DiffEqDiffTools/YMRK3/src/derivatives.jl:47
┌ Warning: Pre-computed function values are only useful for fdtype==Val{:forward}.
└ @ DiffEqDiffTools ~/.julia/packages/DiffEqDiffTools/YMRK3/src/derivatives.jl:47
┌ Warning: Val{:complex} makes the epsilon array redundant.
└ @ DiffEqDiffTools ~/.julia/packages/DiffEqDiffTools/YMRK3/src/derivatives.jl:58
Test Summary:                            | Pass  Total
Derivative StridedArray f : R -> R tests |   15     15
  1.327584 seconds (1.50 M allocations: 77.068 MiB, 2.26% gc time)
┌ Warning: Pre-computed function values are only useful for fdtype==Val{:forward}.
└ @ DiffEqDiffTools ~/.julia/packages/DiffEqDiffTools/YMRK3/src/derivatives.jl:47
Test Summary:                            | Pass  Total
Derivative single point f : C -> C tests |    2      2
  0.212064 seconds (180.67 k allocations: 10.242 MiB)
┌ Warning: Pre-computed function values are only useful for fdtype==Val{:forward}.
└ @ DiffEqDiffTools ~/.julia/packages/DiffEqDiffTools/YMRK3/src/derivatives.jl:47
┌ Warning: Pre-computed function values are only useful for fdtype==Val{:forward}.
└ @ DiffEqDiffTools ~/.julia/packages/DiffEqDiffTools/YMRK3/src/derivatives.jl:47
┌ Warning: Pre-computed function values are only useful for fdtype==Val{:forward}.
└ @ DiffEqDiffTools ~/.julia/packages/DiffEqDiffTools/YMRK3/src/derivatives.jl:47
┌ Warning: Pre-computed function values are only useful for fdtype==Val{:forward}.
└ @ DiffEqDiffTools ~/.julia/packages/DiffEqDiffTools/YMRK3/src/derivatives.jl:47
Test Summary:                            | Pass  Total
Derivative StridedArray f : C -> C tests |   14     14
  0.778785 seconds (500.31 k allocations: 25.982 MiB, 4.57% gc time)
┌ Warning: Pre-computed function values are only useful for fdtype==Val{:forward}.
└ @ DiffEqDiffTools ~/.julia/packages/DiffEqDiffTools/YMRK3/src/derivatives.jl:47
Test Summary:                            | Pass  Total
Derivative single point f : R -> C tests |    2      2
  0.077169 seconds (39.32 k allocations: 2.077 MiB)
┌ Warning: Pre-computed function values are only useful for fdtype==Val{:forward}.
└ @ DiffEqDiffTools ~/.julia/packages/DiffEqDiffTools/YMRK3/src/derivatives.jl:47
┌ Warning: Pre-computed function values are only useful for fdtype==Val{:forward}.
└ @ DiffEqDiffTools ~/.julia/packages/DiffEqDiffTools/YMRK3/src/derivatives.jl:47
┌ Warning: Pre-computed function values are only useful for fdtype==Val{:forward}.
└ @ DiffEqDiffTools ~/.julia/packages/DiffEqDiffTools/YMRK3/src/derivatives.jl:47
┌ Warning: Pre-computed function values are only useful for fdtype==Val{:forward}.
└ @ DiffEqDiffTools ~/.julia/packages/DiffEqDiffTools/YMRK3/src/derivatives.jl:47
Test Summary:                            | Pass  Total
Derivative StridedArray f : R -> C tests |   21     21
  0.509596 seconds (387.77 k allocations: 20.395 MiB, 1.26% gc time)
Test Summary:                                  | Pass  Total
Gradient of f:vector->scalar real-valued tests |   14     14
  1.332895 seconds (2.31 M allocations: 118.173 MiB, 2.42% gc time)
Test Summary:                  | Pass  Total
Gradient of f : C^N -> C tests |    9      9
  0.693791 seconds (1.25 M allocations: 63.652 MiB, 2.03% gc time)
Test Summary:                  | Pass  Total
Gradient of f : C^N -> R tests |    6      6
  0.322177 seconds (488.13 k allocations: 25.041 MiB, 2.21% gc time)
Test Summary:                  | Pass  Total
Gradient of f : R^N -> C tests |    6      6
  0.613611 seconds (949.55 k allocations: 49.158 MiB, 15.79% gc time)
Test Summary:                                  | Pass  Broken  Total
Gradient of f:scalar->vector real-valued tests |   11       1     12
  1.136254 seconds (1.72 M allocations: 87.575 MiB, 2.51% gc time)
Test Summary:                                     | Pass  Total
Gradient of f:vector->scalar complex-valued tests |    6      6
  0.582005 seconds (907.24 k allocations: 44.441 MiB, 6.21% gc time)
Test Summary:                                        | Pass  Total
Out-of-Place Jacobian StridedArray real-valued tests |    8      8
  5.141015 seconds (9.49 M allocations: 465.944 MiB, 7.05% gc time)
Test Summary:                                   | Pass  Total
inPlace Jacobian StridedArray real-valued tests |    8      8
  1.631950 seconds (2.57 M allocations: 127.118 MiB, 3.19% gc time)
Test Summary:                                           | Pass  Total
Out-of-Place Jacobian StridedArray f : C^N -> C^N tests |    5      5
  2.337924 seconds (4.30 M allocations: 210.286 MiB, 4.26% gc time)
Test Summary:                                      | Pass  Total
inPlace Jacobian StridedArray f : C^N -> C^N tests |    5      5
  1.103999 seconds (1.72 M allocations: 83.913 MiB, 3.27% gc time)
Test Summary:                  | Pass  Total
Jacobian for non-vector inputs |    6      6
  2.554775 seconds (3.79 M allocations: 187.173 MiB, 3.02% gc time)
Test Summary:                           | Pass  Total
Hessian StridedArray f : R^N -> R tests |    5      5
  1.068069 seconds (1.48 M allocations: 70.845 MiB, 3.56% gc time)
220.583737 seconds (407.52 M allocations: 29.652 GiB, 3.10% gc time)
   Testing DiffEqDiffTools tests passed 
