 Resolving package versions...
 Installed Parsers ──────── v0.3.10
 Installed BenchmarkTools ─ v0.4.3
 Installed LLLplus ──────── v1.2.3
 Installed JSON ─────────── v0.21.0
  Updating `~/.julia/environments/v1.3/Project.toml`
  [142c1900] + LLLplus v1.2.3
  Updating `~/.julia/environments/v1.3/Manifest.toml`
  [6e4b80f9] + BenchmarkTools v0.4.3
  [682c06a0] + JSON v0.21.0
  [142c1900] + LLLplus v1.2.3
  [69de0a69] + Parsers v0.3.10
  [2a0f44e3] + Base64 
  [ade2ca70] + Dates 
  [8bb1440f] + DelimitedFiles 
  [8ba89e20] + Distributed 
  [b77e0a4c] + InteractiveUtils 
  [8f399da3] + Libdl 
  [37e2e46d] + LinearAlgebra 
  [56ddb016] + Logging 
  [d6f4376e] + Markdown 
  [a63ad114] + Mmap 
  [de0858da] + Printf 
  [9a3f8284] + Random 
  [9e88b42a] + Serialization 
  [6462fe0b] + Sockets 
  [2f01184e] + SparseArrays 
  [10745b16] + Statistics 
  [8dfed614] + Test 
  [4ec0a83e] + Unicode 
   Testing LLLplus
    Status `/tmp/jl_EaSi61/Manifest.toml`
  [6e4b80f9] BenchmarkTools v0.4.3
  [682c06a0] JSON v0.21.0
  [142c1900] LLLplus v1.2.3
  [69de0a69] Parsers v0.3.10
  [2a0f44e3] Base64  [`@stdlib/Base64`]
  [ade2ca70] Dates  [`@stdlib/Dates`]
  [8bb1440f] DelimitedFiles  [`@stdlib/DelimitedFiles`]
  [8ba89e20] Distributed  [`@stdlib/Distributed`]
  [b77e0a4c] InteractiveUtils  [`@stdlib/InteractiveUtils`]
  [8f399da3] Libdl  [`@stdlib/Libdl`]
  [37e2e46d] LinearAlgebra  [`@stdlib/LinearAlgebra`]
  [56ddb016] Logging  [`@stdlib/Logging`]
  [d6f4376e] Markdown  [`@stdlib/Markdown`]
  [a63ad114] Mmap  [`@stdlib/Mmap`]
  [de0858da] Printf  [`@stdlib/Printf`]
  [9a3f8284] Random  [`@stdlib/Random`]
  [9e88b42a] Serialization  [`@stdlib/Serialization`]
  [6462fe0b] Sockets  [`@stdlib/Sockets`]
  [2f01184e] SparseArrays  [`@stdlib/SparseArrays`]
  [10745b16] Statistics  [`@stdlib/Statistics`]
  [8dfed614] Test  [`@stdlib/Test`]
  [4ec0a83e] Unicode  [`@stdlib/Unicode`]
tests with small matrices...
...done

In all the following tests, the first time includes the JIT compilation; 
for the second execution the compilation is already done and the time
should be faster.

Testing LLL on 1000x1000 real matrix...
  8.925369 seconds (4.17 M allocations: 710.571 MiB, 9.23% gc time)
  5.396479 seconds (220.67 k allocations: 526.097 MiB, 1.46% gc time)

Testing LLL on 10x10 complex matrix...
 12.991866 seconds (15.62 M allocations: 703.268 MiB, 4.95% gc time)
  0.061969 seconds (1.27 k allocations: 133.766 KiB)
Testing Seysen on same 10x10 complex matrix...
  3.834518 seconds (4.36 M allocations: 206.672 MiB, 3.90% gc time)
  0.029932 seconds (524 allocations: 212.938 KiB)
Testing VBLAST on same 10x10 complex matrix...
  2.144852 seconds (1.95 M allocations: 91.234 MiB, 2.99% gc time)
  0.238742 seconds (244 allocations: 122.531 KiB)
Testing Brun on real part of same 10x10 matrix...
  2.928798 seconds (3.29 M allocations: 158.169 MiB, 2.93% gc time)
  0.000179 seconds (53 allocations: 14.922 KiB)

Testing sphere decoder on 100000 samples of 3x3 BPSK system...
  2.403103 seconds (5.28 M allocations: 356.075 MiB, 4.59% gc time)
  0.587006 seconds (3.02 M allocations: 246.817 MiB, 6.56% gc time)
Error Rate is 0.05592. It should be zero or very small.

Testing now with 200x200 matrix from latticechallenge.org.
The min norm of the input should be 30, min norm of the reduced bases should be smaller.
min norm of input is 30.0
  1.475505 seconds (857.22 k allocations: 361.541 MiB, 18.23% gc time)
min norm of lll-reduced basis is 29.30870177950569
  7.511581 seconds (5.15 M allocations: 1.251 GiB, 3.12% gc time)
min norm of seysen-reduced basis is 30.0
   Testing LLLplus tests passed 
