 Resolving package versions...
 Installed URIParser ──────────── v0.4.0
 Installed Compat ─────────────── v2.2.0
 Installed CommonSubexpressions ─ v0.2.0
 Installed BinaryProvider ─────── v0.5.8
 Installed InfrastructureModels ─ v0.3.2
 Installed Memento ────────────── v0.12.1
 Installed PowerModels ────────── v0.13.0
 Installed JuMP ───────────────── v0.20.1
 Installed Calculus ───────────── v0.5.1
 Installed OrderedCollections ─── v1.1.0
 Installed ForwardDiff ────────── v0.10.7
 Installed DiffRules ──────────── v0.1.0
 Installed Parsers ────────────── v0.3.10
 Installed TimeZones ──────────── v0.10.3
 Installed DataStructures ─────── v0.17.6
 Installed JSON ───────────────── v0.21.0
 Installed Mocking ────────────── v0.7.0
 Installed NaNMath ────────────── v0.3.3
 Installed StaticArrays ───────── v0.12.1
 Installed BenchmarkTools ─────── v0.4.3
 Installed EzXML ──────────────── v0.9.5
 Installed DiffResults ────────── v0.0.4
 Installed MathOptInterface ───── v0.9.7
 Installed SpecialFunctions ───── v0.8.0
 Installed Syslogs ────────────── v0.3.0
 Installed BinDeps ────────────── v0.8.10
  Updating `~/.julia/environments/v1.2/Project.toml`
  [c36e90e8] + PowerModels v0.13.0
  Updating `~/.julia/environments/v1.2/Manifest.toml`
  [6e4b80f9] + BenchmarkTools v0.4.3
  [9e28174c] + BinDeps v0.8.10
  [b99e7846] + BinaryProvider v0.5.8
  [49dc2e85] + Calculus v0.5.1
  [bbf7d656] + CommonSubexpressions v0.2.0
  [34da2185] + Compat v2.2.0
  [864edb3b] + DataStructures v0.17.6
  [163ba53b] + DiffResults v0.0.4
  [b552c78f] + DiffRules v0.1.0
  [8f5d6c58] + EzXML v0.9.5
  [f6369f11] + ForwardDiff v0.10.7
  [2030c09a] + InfrastructureModels v0.3.2
  [682c06a0] + JSON v0.21.0
  [4076af6c] + JuMP v0.20.1
  [b8f27783] + MathOptInterface v0.9.7
  [f28f55f0] + Memento v0.12.1
  [78c3b35d] + Mocking v0.7.0
  [77ba4419] + NaNMath v0.3.3
  [bac558e1] + OrderedCollections v1.1.0
  [69de0a69] + Parsers v0.3.10
  [c36e90e8] + PowerModels v0.13.0
  [276daf66] + SpecialFunctions v0.8.0
  [90137ffa] + StaticArrays v0.12.1
  [cea106d9] + Syslogs v0.3.0
  [f269a46b] + TimeZones v0.10.3
  [30578b45] + URIParser v0.4.0
  [2a0f44e3] + Base64 
  [ade2ca70] + Dates 
  [8bb1440f] + DelimitedFiles 
  [8ba89e20] + Distributed 
  [b77e0a4c] + InteractiveUtils 
  [76f85450] + LibGit2 
  [8f399da3] + Libdl 
  [37e2e46d] + LinearAlgebra 
  [56ddb016] + Logging 
  [d6f4376e] + Markdown 
  [a63ad114] + Mmap 
  [44cfe95a] + Pkg 
  [de0858da] + Printf 
  [3fa0cd96] + REPL 
  [9a3f8284] + Random 
  [ea8e919c] + SHA 
  [9e88b42a] + Serialization 
  [1a1011a3] + SharedArrays 
  [6462fe0b] + Sockets 
  [2f01184e] + SparseArrays 
  [10745b16] + Statistics 
  [8dfed614] + Test 
  [cf7118a7] + UUIDs 
  [4ec0a83e] + Unicode 
  Building EzXML ───────────→ `~/.julia/packages/EzXML/QtGgF/deps/build.log`
  Building TimeZones ───────→ `~/.julia/packages/TimeZones/pjvlM/deps/build.log`
  Building SpecialFunctions → `~/.julia/packages/SpecialFunctions/ne2iw/deps/build.log`
   Testing PowerModels
 Resolving package versions...
 Installed Ipopt ──────── v0.6.1
 Installed SCS ────────── v0.6.2
 Installed MathProgBase ─ v0.7.7
 Installed Cbc ────────── v0.6.6
 Installed Juniper ────── v0.5.2
  Building Ipopt → `~/.julia/packages/Ipopt/ruIXY/deps/build.log`
  Building SCS ──→ `~/.julia/packages/SCS/Y9wx3/deps/build.log`
  Building Cbc ──→ `~/.julia/packages/Cbc/vWzyC/deps/build.log`
    Status `/tmp/jl_3gHTrY/Manifest.toml`
  [6e4b80f9] BenchmarkTools v0.4.3
  [9e28174c] BinDeps v0.8.10
  [b99e7846] BinaryProvider v0.5.8
  [49dc2e85] Calculus v0.5.1
  [9961bab8] Cbc v0.6.6
  [bbf7d656] CommonSubexpressions v0.2.0
  [34da2185] Compat v2.2.0
  [864edb3b] DataStructures v0.17.6
  [163ba53b] DiffResults v0.0.4
  [b552c78f] DiffRules v0.1.0
  [8f5d6c58] EzXML v0.9.5
  [f6369f11] ForwardDiff v0.10.7
  [2030c09a] InfrastructureModels v0.3.2
  [b6b21f68] Ipopt v0.6.1
  [682c06a0] JSON v0.21.0
  [4076af6c] JuMP v0.20.1
  [2ddba703] Juniper v0.5.2
  [b8f27783] MathOptInterface v0.9.7
  [fdba3010] MathProgBase v0.7.7
  [f28f55f0] Memento v0.12.1
  [78c3b35d] Mocking v0.7.0
  [77ba4419] NaNMath v0.3.3
  [bac558e1] OrderedCollections v1.1.0
  [69de0a69] Parsers v0.3.10
  [c36e90e8] PowerModels v0.13.0
  [c946c3f1] SCS v0.6.2
  [276daf66] SpecialFunctions v0.8.0
  [90137ffa] StaticArrays v0.12.1
  [cea106d9] Syslogs v0.3.0
  [f269a46b] TimeZones v0.10.3
  [30578b45] URIParser v0.4.0
  [2a0f44e3] Base64  [`@stdlib/Base64`]
  [ade2ca70] Dates  [`@stdlib/Dates`]
  [8bb1440f] DelimitedFiles  [`@stdlib/DelimitedFiles`]
  [8ba89e20] Distributed  [`@stdlib/Distributed`]
  [b77e0a4c] InteractiveUtils  [`@stdlib/InteractiveUtils`]
  [76f85450] LibGit2  [`@stdlib/LibGit2`]
  [8f399da3] Libdl  [`@stdlib/Libdl`]
  [37e2e46d] LinearAlgebra  [`@stdlib/LinearAlgebra`]
  [56ddb016] Logging  [`@stdlib/Logging`]
  [d6f4376e] Markdown  [`@stdlib/Markdown`]
  [a63ad114] Mmap  [`@stdlib/Mmap`]
  [44cfe95a] Pkg  [`@stdlib/Pkg`]
  [de0858da] Printf  [`@stdlib/Printf`]
  [3fa0cd96] REPL  [`@stdlib/REPL`]
  [9a3f8284] Random  [`@stdlib/Random`]
  [ea8e919c] SHA  [`@stdlib/SHA`]
  [9e88b42a] Serialization  [`@stdlib/Serialization`]
  [1a1011a3] SharedArrays  [`@stdlib/SharedArrays`]
  [6462fe0b] Sockets  [`@stdlib/Sockets`]
  [2f01184e] SparseArrays  [`@stdlib/SparseArrays`]
  [10745b16] Statistics  [`@stdlib/Statistics`]
  [8dfed614] Test  [`@stdlib/Test`]
  [cf7118a7] UUIDs  [`@stdlib/UUIDs`]
  [4ec0a83e] Unicode  [`@stdlib/Unicode`]

******************************************************************************
This program contains Ipopt, a library for large-scale nonlinear optimization.
 Ipopt is released as open source code under the Eclipse Public License (EPL).
         For more information visit http://projects.coin-or.org/Ipopt
******************************************************************************

[ Info: no explicit NLP constraints or objective provided using @NLconstraint or @NLobjective macros
[ Info: no explicit NLP constraints or objective provided using @NLconstraint or @NLobjective macros
5-bus sw nb case: Error During Test at /root/.julia/packages/PowerModels/slTWD/test/opf-var.jl:360
  Got exception outside of a @test
  The solver does not support nonlinear problems (i.e., NLobjective and NLconstraint).
  Stacktrace:
   [1] error(::String) at ./error.jl:33
   [2] #optimize!#78(::Bool, ::Bool, ::Base.Iterators.Pairs{Union{},Union{},Tuple{},NamedTuple{(),Tuple{}}}, ::typeof(JuMP.optimize!), ::JuMP.Model, ::JuMP.OptimizerFactory) at /root/.julia/packages/JuMP/MsUSY/src/optimizer_interface.jl:147
   [3] optimize! at /root/.julia/packages/JuMP/MsUSY/src/optimizer_interface.jl:111 [inlined]
   [4] macro expansion at ./util.jl:289 [inlined]
   [5] optimize!(::DCPPowerModel, ::JuMP.OptimizerFactory) at /root/.julia/packages/PowerModels/slTWD/src/core/base.jl:140
   [6] #optimize_model!#192(::Function, ::typeof(optimize_model!), ::DCPPowerModel, ::JuMP.OptimizerFactory) at /root/.julia/packages/PowerModels/slTWD/src/core/base.jl:214
   [7] (::getfield(PowerModels, Symbol("#kw##optimize_model!")))(::NamedTuple{(:solution_builder,),Tuple{typeof(PowerModels._solution_osw_nb!)}}, ::typeof(optimize_model!), ::DCPPowerModel, ::JuMP.OptimizerFactory) at ./none:0
   [8] #run_model#189(::Array{typeof(ref_add_on_off_va_bounds!),1}, ::Function, ::Base.Iterators.Pairs{Union{},Union{},Tuple{},NamedTuple{(),Tuple{}}}, ::typeof(run_model), ::Dict{String,Any}, ::Type, ::JuMP.OptimizerFactory, ::Function) at /root/.julia/packages/PowerModels/slTWD/src/core/base.jl:168
   [9] (::getfield(PowerModels, Symbol("#kw##run_model")))(::NamedTuple{(:ref_extensions, :solution_builder),Tuple{Array{typeof(ref_add_on_off_va_bounds!),1},typeof(PowerModels._solution_osw_nb!)}}, ::typeof(run_model), ::Dict{String,Any}, ::Type, ::JuMP.OptimizerFactory, ::Function) at ./none:0
   [10] #run_model#188(::Base.Iterators.Pairs{Symbol,Any,Tuple{Symbol,Symbol},NamedTuple{(:ref_extensions, :solution_builder),Tuple{Array{typeof(ref_add_on_off_va_bounds!),1},typeof(PowerModels._solution_osw_nb!)}}}, ::typeof(run_model), ::String, ::Type, ::JuMP.OptimizerFactory, ::Function) at /root/.julia/packages/PowerModels/slTWD/src/core/base.jl:158
   [11] #run_model at ./none:0 [inlined]
   [12] #_run_oswpf_nb#737 at /root/.julia/packages/PowerModels/slTWD/src/prob/test.jl:160 [inlined]
   [13] _run_oswpf_nb(::String, ::Type, ::JuMP.OptimizerFactory) at /root/.julia/packages/PowerModels/slTWD/src/prob/test.jl:160
   [14] top-level scope at /root/.julia/packages/PowerModels/slTWD/test/opf-var.jl:361
   [15] top-level scope at /buildworker/worker/package_linux64/build/usr/share/julia/stdlib/v1.2/Test/src/Test.jl:1113
   [16] top-level scope at /root/.julia/packages/PowerModels/slTWD/test/opf-var.jl:361
   [17] top-level scope at /buildworker/worker/package_linux64/build/usr/share/julia/stdlib/v1.2/Test/src/Test.jl:1113
   [18] top-level scope at /root/.julia/packages/PowerModels/slTWD/test/opf-var.jl:360
   [19] top-level scope at /buildworker/worker/package_linux64/build/usr/share/julia/stdlib/v1.2/Test/src/Test.jl:1113
   [20] top-level scope at /root/.julia/packages/PowerModels/slTWD/test/opf-var.jl:344
   [21] include at ./boot.jl:328 [inlined]
   [22] include_relative(::Module, ::String) at ./loading.jl:1094
   [23] include(::Module, ::String) at ./Base.jl:31
   [24] include(::String) at ./client.jl:431
   [25] top-level scope at /root/.julia/packages/PowerModels/slTWD/test/runtests.jl:52
   [26] top-level scope at /buildworker/worker/package_linux64/build/usr/share/julia/stdlib/v1.2/Test/src/Test.jl:1113
   [27] top-level scope at /root/.julia/packages/PowerModels/slTWD/test/runtests.jl:32
   [28] include at ./boot.jl:328 [inlined]
   [29] include_relative(::Module, ::String) at ./loading.jl:1094
   [30] include(::Module, ::String) at ./Base.jl:31
   [31] include(::String) at ./client.jl:431
   [32] top-level scope at none:5
   [33] eval(::Module, ::Any) at ./boot.jl:330
   [34] exec_options(::Base.JLOptions) at ./client.jl:271
   [35] _start() at ./client.jl:464
  caused by [exception 1]
  MathOptInterface.UnsupportedAttribute{MathOptInterface.NLPBlock}: Attribute MathOptInterface.NLPBlock() is not supported by the model.
  Stacktrace:
   [1] #throw_set_error_fallback#13(::MathOptInterface.SetAttributeNotAllowed{MathOptInterface.NLPBlock}, ::typeof(MathOptInterface.throw_set_error_fallback), ::Cbc.Optimizer, ::MathOptInterface.NLPBlock, ::MathOptInterface.NLPBlockData) at /root/.julia/packages/MathOptInterface/A2UPd/src/attributes.jl:386
   [2] throw_set_error_fallback(::Cbc.Optimizer, ::MathOptInterface.NLPBlock, ::MathOptInterface.NLPBlockData) at /root/.julia/packages/MathOptInterface/A2UPd/src/attributes.jl:383
   [3] set(::Cbc.Optimizer, ::MathOptInterface.NLPBlock, ::MathOptInterface.NLPBlockData) at /root/.julia/packages/MathOptInterface/A2UPd/src/attributes.jl:372
   [4] #copy_to#5(::Bool, ::typeof(MathOptInterface.copy_to), ::Cbc.Optimizer, ::MathOptInterface.Utilities.UniversalFallback{MathOptInterface.Utilities.Model{Float64}}) at /root/.julia/packages/Cbc/vWzyC/src/MOI_wrapper.jl:499
   [5] #copy_to at /root/.julia/packages/MathOptInterface/A2UPd/src/Utilities/cachingoptimizer.jl:0 [inlined]
   [6] attach_optimizer(::MathOptInterface.Utilities.CachingOptimizer{Cbc.Optimizer,MathOptInterface.Utilities.UniversalFallback{MathOptInterface.Utilities.Model{Float64}}}) at /root/.julia/packages/MathOptInterface/A2UPd/src/Utilities/cachingoptimizer.jl:149
   [7] optimize!(::MathOptInterface.Utilities.CachingOptimizer{Cbc.Optimizer,MathOptInterface.Utilities.UniversalFallback{MathOptInterface.Utilities.Model{Float64}}}) at /root/.julia/packages/MathOptInterface/A2UPd/src/Utilities/cachingoptimizer.jl:185
   [8] optimize!(::MathOptInterface.Bridges.LazyBridgeOptimizer{MathOptInterface.Utilities.CachingOptimizer{Cbc.Optimizer,MathOptInterface.Utilities.UniversalFallback{MathOptInterface.Utilities.Model{Float64}}}}) at /root/.julia/packages/MathOptInterface/A2UPd/src/Bridges/bridge_optimizer.jl:225
   [9] optimize!(::MathOptInterface.Utilities.CachingOptimizer{MathOptInterface.AbstractOptimizer,MathOptInterface.Utilities.UniversalFallback{MathOptInterface.Utilities.Model{Float64}}}) at /root/.julia/packages/MathOptInterface/A2UPd/src/Utilities/cachingoptimizer.jl:189
   [10] #optimize!#78(::Bool, ::Bool, ::Base.Iterators.Pairs{Union{},Union{},Tuple{},NamedTuple{(),Tuple{}}}, ::typeof(JuMP.optimize!), ::JuMP.Model, ::JuMP.OptimizerFactory) at /root/.julia/packages/JuMP/MsUSY/src/optimizer_interface.jl:141
   [11] optimize! at /root/.julia/packages/JuMP/MsUSY/src/optimizer_interface.jl:111 [inlined]
   [12] macro expansion at ./util.jl:289 [inlined]
   [13] optimize!(::DCPPowerModel, ::JuMP.OptimizerFactory) at /root/.julia/packages/PowerModels/slTWD/src/core/base.jl:140
   [14] #optimize_model!#192(::Function, ::typeof(optimize_model!), ::DCPPowerModel, ::JuMP.OptimizerFactory) at /root/.julia/packages/PowerModels/slTWD/src/core/base.jl:214
   [15] (::getfield(PowerModels, Symbol("#kw##optimize_model!")))(::NamedTuple{(:solution_builder,),Tuple{typeof(PowerModels._solution_osw_nb!)}}, ::typeof(optimize_model!), ::DCPPowerModel, ::JuMP.OptimizerFactory) at ./none:0
   [16] #run_model#189(::Array{typeof(ref_add_on_off_va_bounds!),1}, ::Function, ::Base.Iterators.Pairs{Union{},Union{},Tuple{},NamedTuple{(),Tuple{}}}, ::typeof(run_model), ::Dict{String,Any}, ::Type, ::JuMP.OptimizerFactory, ::Function) at /root/.julia/packages/PowerModels/slTWD/src/core/base.jl:168
   [17] (::getfield(PowerModels, Symbol("#kw##run_model")))(::NamedTuple{(:ref_extensions, :solution_builder),Tuple{Array{typeof(ref_add_on_off_va_bounds!),1},typeof(PowerModels._solution_osw_nb!)}}, ::typeof(run_model), ::Dict{String,Any}, ::Type, ::JuMP.OptimizerFactory, ::Function) at ./none:0
   [18] #run_model#188(::Base.Iterators.Pairs{Symbol,Any,Tuple{Symbol,Symbol},NamedTuple{(:ref_extensions, :solution_builder),Tuple{Array{typeof(ref_add_on_off_va_bounds!),1},typeof(PowerModels._solution_osw_nb!)}}}, ::typeof(run_model), ::String, ::Type, ::JuMP.OptimizerFactory, ::Function) at /root/.julia/packages/PowerModels/slTWD/src/core/base.jl:158
   [19] #run_model at ./none:0 [inlined]
   [20] #_run_oswpf_nb#737 at /root/.julia/packages/PowerModels/slTWD/src/prob/test.jl:160 [inlined]
   [21] _run_oswpf_nb(::String, ::Type, ::JuMP.OptimizerFactory) at /root/.julia/packages/PowerModels/slTWD/src/prob/test.jl:160
   [22] top-level scope at /root/.julia/packages/PowerModels/slTWD/test/opf-var.jl:361
   [23] top-level scope at /buildworker/worker/package_linux64/build/usr/share/julia/stdlib/v1.2/Test/src/Test.jl:1113
   [24] top-level scope at /root/.julia/packages/PowerModels/slTWD/test/opf-var.jl:361
   [25] top-level scope at /buildworker/worker/package_linux64/build/usr/share/julia/stdlib/v1.2/Test/src/Test.jl:1113
   [26] top-level scope at /root/.julia/packages/PowerModels/slTWD/test/opf-var.jl:360
   [27] top-level scope at /buildworker/worker/package_linux64/build/usr/share/julia/stdlib/v1.2/Test/src/Test.jl:1113
   [28] top-level scope at /root/.julia/packages/PowerModels/slTWD/test/opf-var.jl:344
   [29] include at ./boot.jl:328 [inlined]
   [30] include_relative(::Module, ::String) at ./loading.jl:1094
   [31] include(::Module, ::String) at ./Base.jl:31
   [32] include(::String) at ./client.jl:431
   [33] top-level scope at /root/.julia/packages/PowerModels/slTWD/test/runtests.jl:52
   [34] top-level scope at /buildworker/worker/package_linux64/build/usr/share/julia/stdlib/v1.2/Test/src/Test.jl:1113
   [35] top-level scope at /root/.julia/packages/PowerModels/slTWD/test/runtests.jl:32
   [36] include at ./boot.jl:328 [inlined]
   [37] include_relative(::Module, ::String) at ./loading.jl:1094
   [38] include(::Module, ::String) at ./Base.jl:31
   [39] include(::String) at ./client.jl:431
   [40] top-level scope at none:5
   [41] eval(::Module, ::Any) at ./boot.jl:330
   [42] exec_options(::Base.JLOptions) at ./client.jl:271
   [43] _start() at ./client.jl:464
  
[ Info: no explicit NLP constraints or objective provided using @NLconstraint or @NLobjective macros
[ Info: no explicit NLP constraints or objective provided using @NLconstraint or @NLobjective macros
[ Info: no explicit NLP constraints or objective provided using @NLconstraint or @NLobjective macros
[ Info: no explicit NLP constraints or objective provided using @NLconstraint or @NLobjective macros
[ Info: no explicit NLP constraints or objective provided using @NLconstraint or @NLobjective macros
[ Info: no explicit NLP constraints or objective provided using @NLconstraint or @NLobjective macros
[ Info: no explicit NLP constraints or objective provided using @NLconstraint or @NLobjective macros
[ Info: no explicit NLP constraints or objective provided using @NLconstraint or @NLobjective macros
[ Info: no explicit NLP constraints or objective provided using @NLconstraint or @NLobjective macros
[ Info: no explicit NLP constraints or objective provided using @NLconstraint or @NLobjective macros
[ Info: no explicit NLP constraints or objective provided using @NLconstraint or @NLobjective macros
[ Info: no explicit NLP constraints or objective provided using @NLconstraint or @NLobjective macros
[ Info: no explicit NLP constraints or objective provided using @NLconstraint or @NLobjective macros
[ Info: no explicit NLP constraints or objective provided using @NLconstraint or @NLobjective macros
[ Info: no explicit NLP constraints or objective provided using @NLconstraint or @NLobjective macros
[ Info: no explicit NLP constraints or objective provided using @NLconstraint or @NLobjective macros
[ Info: no explicit NLP constraints or objective provided using @NLconstraint or @NLobjective macros
[ Info: no explicit NLP constraints or objective provided using @NLconstraint or @NLobjective macros
[ Info: no explicit NLP constraints or objective provided using @NLconstraint or @NLobjective macros
[ Info: no explicit NLP constraints or objective provided using @NLconstraint or @NLobjective macros
[ Info: no explicit NLP constraints or objective provided using @NLconstraint or @NLobjective macros
[ Info: no explicit NLP constraints or objective provided using @NLconstraint or @NLobjective macros
[ Info: no explicit NLP constraints or objective provided using @NLconstraint or @NLobjective macros
[ Info: no explicit NLP constraints or objective provided using @NLconstraint or @NLobjective macros
[ Info: no explicit NLP constraints or objective provided using @NLconstraint or @NLobjective macros
Test Summary:                                      | Pass  Error  Total
PowerModels                                        | 3065      1   3066
  test matpower parser                             |   24            24
  test matpower data coercion                      |    6             6
  test matpower extentions parser                  |   61            61
  test idempotent matpower export                  |   16            16
  test pti to matpower                             |              No tests
  test .raw file parser                            |  449           449
  test PSS(R)E parser                              |  353           353
  test output api                                  |   14            14
  test branch flow output                          |   28            28
  test dual value output                           |  200           200
  test solution feedback                           |   55            55
  data modification tests                          |   10            10
  test data summary                                |   16            16
  test data component table                        |   14            14
  test idempotent units transformations            |    8             8
  test topology propagation                        |   65            65
  test errors and warnings                         |   33            33
  test user ext init                               |    4             4
  test impedance to admittance                     |   10            10
  test buspair computations                        |    2             2
  test branch flow computations                    |   70            70
  test cost model computations                     |    4             4
  test power balance computations                  |   60            60
  JuMP model building                              |    7             7
  exports for usablity                             |    8             8
  test nfa opb                                     |   22            22
  test dcp opb                                     |    8             8
  test soc wr opb                                  |    8             8
  test ac polar pf                                 |   35            35
  test ac rect pf                                  |    2             2
  test ac tan pf                                   |   13            13
  test dc pf                                       |   14            14
  test soc pf                                      |   18            18
  test soc distflow pf_bf                          |   20            20
  test sdp pf                                      |   18            18
  test ac polar opf                                |   28            28
  test ac rect opf                                 |   14            14
  test ac tan opf                                  |   16            16
  test dc opf                                      |   20            20
  test nfa opf                                     |   14            14
  test dc+ll opf                                   |   16            16
  test lpac-c opf                                  |   22            22
  test soc (BIM) opf                               |   20            20
  test soc conic form opf                          |   10            10
  test soc distflow opf_bf                         |   17            17
  test soc conic distflow opf_bf                   |    8             8
  test qc opf                                      |   16            16
  test qc opf with trilinear convexhull relaxation |   12            12
  test sdp opf                                     |    6             6
  test sdp opf with constraint decomposition       |    7             7
  test current limit opf                           |   28            28
  test unit commitment opf                         |   10            10
  test opf with swtiches                           |   26            26
  test oswpf                                       |   33            33
  test oswpf node-breaker                          |    8      1      9
    test ac oswpf node-breaker                     |    4             4
    test dc oswpf node-breaker                     |           1      1
      5-bus sw nb case                             |           1      1
    test soc oswpf node-breaker                    |    4             4
  test storage opf                                 |   32            32
  test ac v+t polar opf                            |   14            14
  linear objective                                 |    5             5
  quadratic objective                              |    4             4
  nlp objective                                    |    4             4
  dcline objectives                                |   10            10
  test ac ots                                      |    7             7
  test dc ots                                      |   24            24
  test dc+ll ots                                   |   22            22
  test soc ots                                     |   24            24
  test qc ots                                      |   32            32
  test ac tnep                                     |   10            10
  test soc tnep                                    |   10            10
  test qc tnep                                     |   10            10
  test dc tnep                                     |   10            10
  test dc-losses tnep                              |    5             5
  test tnep branch flow output                     |   21            21
  test multinetwork                                |  291           291
  test multi-conductor                             |  325           325
  test multinetwork multi-conductor                |  174           174
  obbt with trilinear convex hull relaxation       |    6             6
  obbt with qc relaxation                          |    9             9
  dc warm starts                                   |              No tests
  ac warm starts                                   |              No tests
  code snippets from docs                          |   10            10
ERROR: LoadError: Some tests did not pass: 3065 passed, 0 failed, 1 errored, 0 broken.
in expression starting at /root/.julia/packages/PowerModels/slTWD/test/runtests.jl:30
ERROR: Package PowerModels errored during testing
Stacktrace:
 [1] pkgerror(::String, ::Vararg{String,N} where N) at /buildworker/worker/package_linux64/build/usr/share/julia/stdlib/v1.2/Pkg/src/Types.jl:112
 [2] #test#119(::Bool, ::Nothing, ::typeof(Pkg.Operations.test), ::Pkg.Types.Context, ::Array{Pkg.Types.PackageSpec,1}) at /buildworker/worker/package_linux64/build/usr/share/julia/stdlib/v1.2/Pkg/src/Operations.jl:1288
 [3] #test at ./none:0 [inlined]
 [4] #test#62(::Bool, ::Nothing, ::Base.Iterators.Pairs{Union{},Union{},Tuple{},NamedTuple{(),Tuple{}}}, ::typeof(Pkg.API.test), ::Pkg.Types.Context, ::Array{Pkg.Types.PackageSpec,1}) at /buildworker/worker/package_linux64/build/usr/share/julia/stdlib/v1.2/Pkg/src/API.jl:245
 [5] test at /buildworker/worker/package_linux64/build/usr/share/julia/stdlib/v1.2/Pkg/src/API.jl:233 [inlined]
 [6] #test#61 at /buildworker/worker/package_linux64/build/usr/share/julia/stdlib/v1.2/Pkg/src/API.jl:230 [inlined]
 [7] test at /buildworker/worker/package_linux64/build/usr/share/julia/stdlib/v1.2/Pkg/src/API.jl:230 [inlined]
 [8] #test#60 at /buildworker/worker/package_linux64/build/usr/share/julia/stdlib/v1.2/Pkg/src/API.jl:229 [inlined]
 [9] test at /buildworker/worker/package_linux64/build/usr/share/julia/stdlib/v1.2/Pkg/src/API.jl:229 [inlined]
 [10] #test#59(::Base.Iterators.Pairs{Union{},Union{},Tuple{},NamedTuple{(),Tuple{}}}, ::typeof(Pkg.API.test), ::String) at /buildworker/worker/package_linux64/build/usr/share/julia/stdlib/v1.2/Pkg/src/API.jl:228
 [11] test(::String) at /buildworker/worker/package_linux64/build/usr/share/julia/stdlib/v1.2/Pkg/src/API.jl:228
 [12] top-level scope at none:10
