 Resolving package versions...
 Installed OpenSpecFun_jll ────── v0.5.3+1
 Installed NaNMath ────────────── v0.3.3
 Installed Compat ─────────────── v2.2.0
 Installed MbedTLS ────────────── v0.7.0
 Installed SpecialFunctions ───── v0.9.0
 Installed DataStructures ─────── v0.17.6
 Installed JuMP ───────────────── v0.20.1
 Installed SDDP ───────────────── v0.1.0
 Installed StaticArrays ───────── v0.12.1
 Installed DiffResults ────────── v0.0.4
 Installed BenchmarkTools ─────── v0.4.3
 Installed ForwardDiff ────────── v0.10.7
 Installed Calculus ───────────── v0.5.1
 Installed CodecZlib ──────────── v0.6.0
 Installed JSONSchema ─────────── v0.1.1
 Installed HTTP ───────────────── v0.8.8
 Installed CommonSubexpressions ─ v0.2.0
 Installed MathOptInterface ───── v0.9.7
 Installed Reexport ───────────── v0.2.0
 Installed TranscodingStreams ─── v0.9.5
 Installed BinaryProvider ─────── v0.5.8
 Installed DiffRules ──────────── v0.1.0
 Installed MathOptFormat ──────── v0.2.2
 Installed RecipesBase ────────── v0.7.0
 Installed IniFile ────────────── v0.5.0
 Installed JSON ───────────────── v0.21.0
 Installed Parsers ────────────── v0.3.10
 Installed OrderedCollections ─── v1.1.0
 Installed TimerOutputs ───────── v0.5.3
  Updating `~/.julia/environments/v1.3/Project.toml`
  [f4570300] + SDDP v0.1.0
  Updating `~/.julia/environments/v1.3/Manifest.toml`
  [6e4b80f9] + BenchmarkTools v0.4.3
  [b99e7846] + BinaryProvider v0.5.8
  [49dc2e85] + Calculus v0.5.1
  [944b1d66] + CodecZlib v0.6.0
  [bbf7d656] + CommonSubexpressions v0.2.0
  [34da2185] + Compat v2.2.0
  [864edb3b] + DataStructures v0.17.6
  [163ba53b] + DiffResults v0.0.4
  [b552c78f] + DiffRules v0.1.0
  [f6369f11] + ForwardDiff v0.10.7
  [cd3eb016] + HTTP v0.8.8
  [83e8ac13] + IniFile v0.5.0
  [682c06a0] + JSON v0.21.0
  [7d188eb4] + JSONSchema v0.1.1
  [4076af6c] + JuMP v0.20.1
  [f4570300] + MathOptFormat v0.2.2
  [b8f27783] + MathOptInterface v0.9.7
  [739be429] + MbedTLS v0.7.0
  [77ba4419] + NaNMath v0.3.3
  [efe28fd5] + OpenSpecFun_jll v0.5.3+1
  [bac558e1] + OrderedCollections v1.1.0
  [69de0a69] + Parsers v0.3.10
  [3cdcf5f2] + RecipesBase v0.7.0
  [189a3867] + Reexport v0.2.0
  [f4570300] + SDDP v0.1.0
  [276daf66] + SpecialFunctions v0.9.0
  [90137ffa] + StaticArrays v0.12.1
  [a759f4b9] + TimerOutputs v0.5.3
  [3bb67fe8] + TranscodingStreams v0.9.5
  [2a0f44e3] + Base64 
  [ade2ca70] + Dates 
  [8bb1440f] + DelimitedFiles 
  [8ba89e20] + Distributed 
  [b77e0a4c] + InteractiveUtils 
  [76f85450] + LibGit2 
  [8f399da3] + Libdl 
  [37e2e46d] + LinearAlgebra 
  [56ddb016] + Logging 
  [d6f4376e] + Markdown 
  [a63ad114] + Mmap 
  [44cfe95a] + Pkg 
  [de0858da] + Printf 
  [3fa0cd96] + REPL 
  [9a3f8284] + Random 
  [ea8e919c] + SHA 
  [9e88b42a] + Serialization 
  [1a1011a3] + SharedArrays 
  [6462fe0b] + Sockets 
  [2f01184e] + SparseArrays 
  [10745b16] + Statistics 
  [8dfed614] + Test 
  [cf7118a7] + UUIDs 
  [4ec0a83e] + Unicode 
  Building MbedTLS ──────→ `~/.julia/packages/MbedTLS/a1JFn/deps/build.log`
  Building CodecZlib ────→ `~/.julia/packages/CodecZlib/5t9zO/deps/build.log`
  Building MathOptFormat → `~/.julia/packages/MathOptFormat/KJdAi/deps/build.log`
   Testing SDDP
 Resolving package versions...
 Installed GLPK ─ v0.12.0
  Building GLPK → `~/.julia/packages/GLPK/J1b5G/deps/build.log`
    Status `/tmp/jl_EEKRuq/Manifest.toml`
  [6e4b80f9] BenchmarkTools v0.4.3
  [b99e7846] BinaryProvider v0.5.8
  [49dc2e85] Calculus v0.5.1
  [944b1d66] CodecZlib v0.6.0
  [bbf7d656] CommonSubexpressions v0.2.0
  [34da2185] Compat v2.2.0
  [864edb3b] DataStructures v0.17.6
  [163ba53b] DiffResults v0.0.4
  [b552c78f] DiffRules v0.1.0
  [f6369f11] ForwardDiff v0.10.7
  [60bf3e95] GLPK v0.12.0
  [cd3eb016] HTTP v0.8.8
  [83e8ac13] IniFile v0.5.0
  [682c06a0] JSON v0.21.0
  [7d188eb4] JSONSchema v0.1.1
  [4076af6c] JuMP v0.20.1
  [f4570300] MathOptFormat v0.2.2
  [b8f27783] MathOptInterface v0.9.7
  [739be429] MbedTLS v0.7.0
  [77ba4419] NaNMath v0.3.3
  [efe28fd5] OpenSpecFun_jll v0.5.3+1
  [bac558e1] OrderedCollections v1.1.0
  [69de0a69] Parsers v0.3.10
  [3cdcf5f2] RecipesBase v0.7.0
  [189a3867] Reexport v0.2.0
  [f4570300] SDDP v0.1.0
  [276daf66] SpecialFunctions v0.9.0
  [90137ffa] StaticArrays v0.12.1
  [a759f4b9] TimerOutputs v0.5.3
  [3bb67fe8] TranscodingStreams v0.9.5
  [2a0f44e3] Base64  [`@stdlib/Base64`]
  [ade2ca70] Dates  [`@stdlib/Dates`]
  [8bb1440f] DelimitedFiles  [`@stdlib/DelimitedFiles`]
  [8ba89e20] Distributed  [`@stdlib/Distributed`]
  [b77e0a4c] InteractiveUtils  [`@stdlib/InteractiveUtils`]
  [76f85450] LibGit2  [`@stdlib/LibGit2`]
  [8f399da3] Libdl  [`@stdlib/Libdl`]
  [37e2e46d] LinearAlgebra  [`@stdlib/LinearAlgebra`]
  [56ddb016] Logging  [`@stdlib/Logging`]
  [d6f4376e] Markdown  [`@stdlib/Markdown`]
  [a63ad114] Mmap  [`@stdlib/Mmap`]
  [44cfe95a] Pkg  [`@stdlib/Pkg`]
  [de0858da] Printf  [`@stdlib/Printf`]
  [3fa0cd96] REPL  [`@stdlib/REPL`]
  [9a3f8284] Random  [`@stdlib/Random`]
  [ea8e919c] SHA  [`@stdlib/SHA`]
  [9e88b42a] Serialization  [`@stdlib/Serialization`]
  [1a1011a3] SharedArrays  [`@stdlib/SharedArrays`]
  [6462fe0b] Sockets  [`@stdlib/Sockets`]
  [2f01184e] SparseArrays  [`@stdlib/SparseArrays`]
  [10745b16] Statistics  [`@stdlib/Statistics`]
  [8dfed614] Test  [`@stdlib/Test`]
  [cf7118a7] UUIDs  [`@stdlib/UUIDs`]
  [4ec0a83e] Unicode  [`@stdlib/Unicode`]
┌ Warning: Radius is very small. You should probably use `SDDP.Expectation()` instead.
└ @ SDDP ~/.julia/packages/SDDP/T5wHf/src/plugins/risk_measures.jl:250
Simulated policy value: [ 4.494910e+00,  6.705090e+00]
Simulated policy value: [ 4.218969e+00,  6.181031e+00]
Simulated policy value: [ 5.120828e+00,  7.279172e+00]
Simulated policy value: [ 4.494910e+00,  6.705090e+00]
Simulated policy value: [ 4.218969e+00,  6.181031e+00]
Simulated policy value: [ 5.120828e+00,  7.279172e+00]
┌ Warning: Variable x_in is mentioned in BOUNDS, but is not mentioned in the COLUMNS section. We are ignoring it.
└ @ MathOptFormat.MPS ~/.julia/packages/MathOptFormat/KJdAi/src/MPS/MPS.jl:342
-------------------------------------------------------
         SDDP.jl (c) Oscar Dowson, 2017-19

Numerical stability report
  Non-zero Matrix range     [1e+00, 1e+00]
  Non-zero Objective range  [2e-01, 3e+00]
  Non-zero Bounds range     [5e+01, 5e+01]
  Non-zero RHS range        [0e+00, 0e+00]
No problems detected

 Iteration    Simulation       Bound         Time (s)
        1    0.000000e+00  -4.963160e+01   8.790493e-04
        2   -2.293160e+01  -4.680515e+01   5.036807e-02
        3   -2.356515e+01  -2.482867e+01   5.272198e-02
        4   -3.334867e+01  -2.396000e+01   5.399585e-02
        5   -2.396000e+01  -2.396000e+01   5.507874e-02
        6   -4.260000e+01  -2.396000e+01   5.613065e-02
        7   -2.396000e+01  -2.396000e+01   5.717659e-02
        8   -5.320000e+00  -2.396000e+01   5.826950e-02
        9   -2.396000e+01  -2.396000e+01   5.948853e-02
       10   -2.396000e+01  -2.396000e+01   6.107473e-02

Terminating training with status: iteration_limit
-------------------------------------------------------
 ─────────────────────────────────────────────────────────────────────────────
                                      Time                   Allocations      
                              ──────────────────────   ───────────────────────
       Tot / % measured:           1.68s / 0.39%           12.5MiB / 4.19%    

 Section              ncalls     time   %tot     avg     alloc   %tot      avg
 ─────────────────────────────────────────────────────────────────────────────
 backward_pass            10   3.79ms  57.1%   379μs    305KiB  56.9%  30.5KiB
   solve_subproblem       40   1.81ms  27.3%  45.3μs    169KiB  31.6%  4.23KiB
 forward_pass             10   2.31ms  34.8%   231μs    177KiB  33.0%  17.7KiB
   solve_subproblem       30   1.54ms  23.2%  51.4μs    119KiB  22.3%  3.97KiB
   sample_scenario        10    184μs  2.78%  18.4μs   9.86KiB  1.84%  0.99KiB
 calculate_bound          10    536μs  8.07%  53.6μs   53.8KiB  10.0%  5.38KiB
 ─────────────────────────────────────────────────────────────────────────────
-------------------------------------------------------
         SDDP.jl (c) Oscar Dowson, 2017-19

Numerical stability report
  Non-zero Matrix range     [1e+00, 1e+00]
  Non-zero Objective range  [2e-01, 3e+00]
  Non-zero Bounds range     [5e+01, 5e+01]
  Non-zero RHS range        [0e+00, 0e+00]
No problems detected

 Iteration    Simulation       Bound         Time (s)
        1    0.000000e+00  -4.963160e+01   9.040833e-04
        2   -4.291601e+00  -4.680515e+01   2.604961e-03
        3   -1.424515e+01  -2.482867e+01   3.910065e-03
        4   -6.188670e+00  -2.396000e+01   5.418062e-03
        5   -2.396000e+01  -2.396000e+01   6.706953e-03
        6   -2.396000e+01  -2.396000e+01   8.044958e-03
        7   -4.260000e+01  -2.396000e+01   9.474993e-03
        8   -4.260000e+01  -2.396000e+01   1.092887e-02
        9   -5.320000e+00  -2.396000e+01   1.210999e-02
       10   -2.396000e+01  -2.396000e+01   1.330400e-02

Terminating training with status: iteration_limit
-------------------------------------------------------
 ─────────────────────────────────────────────────────────────────────────────
                                      Time                   Allocations      
                              ──────────────────────   ───────────────────────
       Tot / % measured:          15.8ms / 43.7%            642KiB / 83.5%    

 Section              ncalls     time   %tot     avg     alloc   %tot      avg
 ─────────────────────────────────────────────────────────────────────────────
 backward_pass            10   3.97ms  57.6%   397μs    305KiB  56.9%  30.5KiB
   solve_subproblem       40   1.94ms  28.2%  48.5μs    169KiB  31.6%  4.23KiB
 forward_pass             10   2.36ms  34.2%   236μs    177KiB  33.0%  17.7KiB
   solve_subproblem       30   1.53ms  22.3%  51.1μs    119KiB  22.3%  3.97KiB
   sample_scenario        10    224μs  3.26%  22.4μs   9.84KiB  1.84%  0.98KiB
 calculate_bound          10    559μs  8.13%  55.9μs   53.8KiB  10.0%  5.38KiB
 ─────────────────────────────────────────────────────────────────────────────
Confidence_interval = 189.59 ± 14.64
Confidence_interval = 120.62 ± 13.35
Confidence_interval = 114.74 ± 11.99
┌ Warning: The addition operator has been used on JuMP expressions a large number of times. This warning is safe to ignore but may indicate that model generation is slower than necessary. For performance reasons, you should not add expressions in a loop. Instead of x += y, use add_to_expression!(x,y) to modify x in place. If y is a single variable, you may also use add_to_expression!(x, coef, y) for x += coef*y.
└ @ JuMP ~/.julia/packages/JuMP/MsUSY/src/JuMP.jl:747
Test Summary: | Pass  Total
SDDP.jl       |  701    701
   Testing SDDP tests passed 
