 Resolving package versions...
 Installed TimerOutputs ─────── v0.5.3
 Installed Parsers ──────────── v0.3.10
 Installed OrderedCollections ─ v1.1.0
 Installed BenchmarkTools ───── v0.4.3
 Installed BinaryProvider ───── v0.5.8
 Installed JSON ─────────────── v0.21.0
 Installed MathOptInterface ─── v0.9.7
 Installed Arpack ───────────── v0.3.1
 Installed ProxSDP ──────────── v1.2.0
  Updating `~/.julia/environments/v1.2/Project.toml`
  [65e78d25] + ProxSDP v1.2.0
  Updating `~/.julia/environments/v1.2/Manifest.toml`
  [7d9fca2a] + Arpack v0.3.1
  [6e4b80f9] + BenchmarkTools v0.4.3
  [b99e7846] + BinaryProvider v0.5.8
  [682c06a0] + JSON v0.21.0
  [b8f27783] + MathOptInterface v0.9.7
  [bac558e1] + OrderedCollections v1.1.0
  [69de0a69] + Parsers v0.3.10
  [65e78d25] + ProxSDP v1.2.0
  [a759f4b9] + TimerOutputs v0.5.3
  [2a0f44e3] + Base64 
  [ade2ca70] + Dates 
  [8ba89e20] + Distributed 
  [b77e0a4c] + InteractiveUtils 
  [8f399da3] + Libdl 
  [37e2e46d] + LinearAlgebra 
  [56ddb016] + Logging 
  [d6f4376e] + Markdown 
  [a63ad114] + Mmap 
  [de0858da] + Printf 
  [9a3f8284] + Random 
  [ea8e919c] + SHA 
  [9e88b42a] + Serialization 
  [6462fe0b] + Sockets 
  [2f01184e] + SparseArrays 
  [10745b16] + Statistics 
  [8dfed614] + Test 
  [4ec0a83e] + Unicode 
  Building Arpack → `~/.julia/packages/Arpack/cu5By/deps/build.log`
   Testing ProxSDP
 Resolving package versions...
    Status `/tmp/jl_WBEYtP/Manifest.toml`
  [7d9fca2a] Arpack v0.3.1
  [6e4b80f9] BenchmarkTools v0.4.3
  [b99e7846] BinaryProvider v0.5.8
  [682c06a0] JSON v0.21.0
  [b8f27783] MathOptInterface v0.9.7
  [bac558e1] OrderedCollections v1.1.0
  [69de0a69] Parsers v0.3.10
  [65e78d25] ProxSDP v1.2.0
  [a759f4b9] TimerOutputs v0.5.3
  [2a0f44e3] Base64  [`@stdlib/Base64`]
  [ade2ca70] Dates  [`@stdlib/Dates`]
  [8bb1440f] DelimitedFiles  [`@stdlib/DelimitedFiles`]
  [8ba89e20] Distributed  [`@stdlib/Distributed`]
  [b77e0a4c] InteractiveUtils  [`@stdlib/InteractiveUtils`]
  [8f399da3] Libdl  [`@stdlib/Libdl`]
  [37e2e46d] LinearAlgebra  [`@stdlib/LinearAlgebra`]
  [56ddb016] Logging  [`@stdlib/Logging`]
  [d6f4376e] Markdown  [`@stdlib/Markdown`]
  [a63ad114] Mmap  [`@stdlib/Mmap`]
  [de0858da] Printf  [`@stdlib/Printf`]
  [9a3f8284] Random  [`@stdlib/Random`]
  [ea8e919c] SHA  [`@stdlib/SHA`]
  [9e88b42a] Serialization  [`@stdlib/Serialization`]
  [6462fe0b] Sockets  [`@stdlib/Sockets`]
  [2f01184e] SparseArrays  [`@stdlib/SparseArrays`]
  [10745b16] Statistics  [`@stdlib/Statistics`]
  [8dfed614] Test  [`@stdlib/Test`]
  [4ec0a83e] Unicode  [`@stdlib/Unicode`]
Test Summary: | Pass  Total
SolverName    |    1      1
Test Summary:            | Pass  Total
supports_default_copy_to |    2      2
Test Summary: | Pass  Total
Unit          |  262    262
Test Summary:         | Pass  Total
MOI Continuous Linear |  425    425
Test Summary:        | Pass  Total
MOI Continuous Conic |  610    610
Test Summary: | Pass  Total
Simple LP     |    3      3
Test Summary:           | Pass  Total
Simple LP with 2 1D SDP |    3      3
Test Summary:     | Pass  Total
LP in SDP EQ form |    3      3
Test Summary:       | Pass  Total
LP in SDP INEQ form |    4      4
Test Summary: | Pass  Total
SDP from MOI  |    6      6
Test Summary:       | Pass  Total
Double SDP from MOI |    7      7
Test Summary:                | Pass  Total
SDP with duplicates from MOI |    5      5
Test Summary:      | Pass  Total
SDP from Wikipedia |    3      3
Test Summary: | Pass  Total
MIMO Sizes    |   90     90
Test Summary: | Pass  Total
RANDSDP Sizes |   54     54
---------------------------------------------------------------------------------------
=======================================================================================
                  ProxSDP : Proximal Semidefinite Programming Solver                   
                         (c) Mario Souto and Joaquim D. Garcia, 2019                   
                                                              v1.2.0                   
---------------------------------------------------------------------------------------
    Solver parameters:
       tol_primal = 0.001 tol_dual = 0.001 tol_psd = 1.0e-6 
       max_iter = 100000 max_beta = 100000.0 min_beta = 1.0e-5
    Constraints:
       125 linear equalities 
    Cones:
       1 psd cone of size 125x125
---------------------------------------------------------------------------------------
    Initializing Primal-Dual Hybrid Gradient method                                    
---------------------------------------------------------------------------------------
|  iter  | prim obj | rel. gap |  feasb.  | prim res | dual res | max rank |  time(s) |
---------------------------------------------------------------------------------------
|    100 |  111.381 |   0.9988 |   0.2693 |  20.1136 |   1.9976 |        2 |   8.8345 |
|    200 |   49.479 |   0.7922 |   0.1165 |   8.9193 |   0.7887 |        2 |  12.2054 |
|    300 |   51.817 |   0.2466 |   0.0179 |   1.4051 |   0.1217 |        4 |  13.9925 |
|    400 |   49.993 |   0.0007 |   0.0028 |   0.2137 |   0.0189 |        4 |  19.7225 |
|    500 |   48.904 |   0.0494 |   0.0005 |   0.0629 |   0.0032 |        8 |  28.3803 |
|    600 |   48.136 |   0.0175 |   0.0001 |   0.0353 |   0.0008 |        8 |  66.2704 |
|    700 |   47.142 |   0.0017 |   0.0007 |   0.0175 |   0.0008 |        8 | 103.1084 |
|    710 |   47.088 |   0.0010 |   0.0007 |   0.0149 |   0.0008 |        8 | 103.5698 |
---------------------------------------------------------------------------------------
    Solver status:
       Optimal solution found in 103.57 seconds
       Primal objective = 47.0881
       Dual objective = 46.99303
       Duality gap (%) = 0.0 %
---------------------------------------------------------------------------------------
    Primal feasibility:
       ||A(X) - b|| / (1 + ||b||) = 0.000659    [linear equalities] 
       ||max(G(X) - h, 0)|| / (1 + ||h||) = 0.0    [linear inequalities]
    Rank of p.s.d. variable is 7.
=======================================================================================
 ──────────────────────────────────────────────────────────────────────────────
                                       Time                   Allocations      
                               ──────────────────────   ───────────────────────
       Tot / % measured:             104s / 100%            18.9MiB / 48.4%    

 Section               ncalls     time   %tot     avg     alloc   %tot      avg
 ──────────────────────────────────────────────────────────────────────────────
 Main                       1     104s   100%    104s   7.64MiB  83.3%  7.64MiB
   CP loop                  1     104s   100%    104s   4.64MiB  50.6%  4.64MiB
     primal               710     103s   100%   145ms   4.34MiB  47.4%  6.26KiB
       sdp proj           710     103s  99.4%   145ms   4.32MiB  47.1%  6.23KiB
         eigs             710     103s  99.3%   145ms   4.21MiB  45.9%  6.07KiB
           saupd          710     103s  99.0%   144ms   0.97MiB  10.6%  1.40KiB
           seupd          710    158ms  0.15%   223μs   11.1KiB  0.12%    16.0B
           update_arc     710   1.12ms  0.00%  1.58μs   73.5KiB  0.78%     106B
         reshape1         710   74.0ms  0.07%   104μs     0.00B  0.00%    0.00B
         reshape2         710   55.2ms  0.05%  77.8μs     0.00B  0.00%    0.00B
         get min eig      710   1.03ms  0.00%  1.45μs     0.00B  0.00%    0.00B
       linesearch -1      710   89.0ms  0.09%   125μs     0.00B  0.00%    0.00B
     linesearch           710    342ms  0.33%   482μs    192KiB  2.05%     277B
       linesearch 3     3.02k    172ms  0.17%  57.0μs     0.00B  0.00%    0.00B
       linesearch 4     3.02k    134ms  0.13%  44.5μs     0.00B  0.00%    0.00B
       linesearch 1     3.02k   6.00ms  0.01%  1.99μs     0.00B  0.00%    0.00B
       linesearch 2     3.02k   5.93ms  0.01%  1.96μs     0.00B  0.00%    0.00B
     residual             710   93.4ms  0.09%   132μs     0.00B  0.00%    0.00B
     gap                  710   8.27ms  0.01%  11.7μs   33.3KiB  0.35%    48.0B
   Init                     1   4.98ms  0.00%  4.98ms   2.75MiB  30.1%  2.75MiB
     normscale alloc        1   3.69ms  0.00%  3.69ms   2.07MiB  22.6%  2.07MiB
     normscale              1    403μs  0.00%   403μs     0.00B  0.00%    0.00B
     equilibrate            1   1.15μs  0.00%  1.15μs     0.00B  0.00%    0.00B
   init_arc                 1    160μs  0.00%   160μs    173KiB  1.85%   173KiB
 pre-processing             1   2.65ms  0.00%  2.65ms   1.53MiB  16.7%  1.53MiB
 ──────────────────────────────────────────────────────────────────────────────
 ──────────────────────────────────────────────────────────────────────────
                                   Time                   Allocations      
                           ──────────────────────   ───────────────────────
     Tot / % measured:           104s / 100%            19.4MiB / 47.3%    

 Section           ncalls     time   %tot     avg     alloc   %tot      avg
 ──────────────────────────────────────────────────────────────────────────
 Main                   1     104s   100%    104s   7.64MiB  83.3%  7.64MiB
 CP loop                1     104s   100%    104s   4.64MiB  50.6%  4.64MiB
 primal               710     103s   100%   145ms   4.34MiB  47.4%  6.26KiB
 sdp proj             710     103s  99.4%   145ms   4.32MiB  47.1%  6.23KiB
 eigs                 710     103s  99.3%   145ms   4.21MiB  45.9%  6.07KiB
 saupd                710     103s  99.0%   144ms   0.97MiB  10.6%  1.40KiB
 linesearch           710    342ms  0.33%   482μs    192KiB  2.05%     277B
 linesearch 3       3.02k    172ms  0.17%  57.0μs     0.00B  0.00%    0.00B
 seupd                710    158ms  0.15%   223μs   11.1KiB  0.12%    16.0B
 linesearch 4       3.02k    134ms  0.13%  44.5μs     0.00B  0.00%    0.00B
 residual             710   93.4ms  0.09%   132μs     0.00B  0.00%    0.00B
 linesearch -1        710   89.0ms  0.09%   125μs     0.00B  0.00%    0.00B
 reshape1             710   74.0ms  0.07%   104μs     0.00B  0.00%    0.00B
 reshape2             710   55.2ms  0.05%  77.8μs     0.00B  0.00%    0.00B
 gap                  710   8.27ms  0.01%  11.7μs   33.3KiB  0.35%    48.0B
 linesearch 1       3.02k   6.00ms  0.01%  1.99μs     0.00B  0.00%    0.00B
 linesearch 2       3.02k   5.93ms  0.01%  1.96μs     0.00B  0.00%    0.00B
 Init                   1   4.98ms  0.00%  4.98ms   2.75MiB  30.1%  2.75MiB
 normscale alloc        1   3.69ms  0.00%  3.69ms   2.07MiB  22.6%  2.07MiB
 pre-processing         1   2.65ms  0.00%  2.65ms   1.53MiB  16.7%  1.53MiB
 update_arc           710   1.12ms  0.00%  1.58μs   73.5KiB  0.78%     106B
 get min eig          710   1.03ms  0.00%  1.45μs     0.00B  0.00%    0.00B
 normscale              1    403μs  0.00%   403μs     0.00B  0.00%    0.00B
 init_arc               1    160μs  0.00%   160μs    173KiB  1.85%   173KiB
 equilibrate            1   1.15μs  0.00%  1.15μs     0.00B  0.00%    0.00B
 ──────────────────────────────────────────────────────────────────────────
---------------------------------------------------------------------------------------
=======================================================================================
                  ProxSDP : Proximal Semidefinite Programming Solver                   
                         (c) Mario Souto and Joaquim D. Garcia, 2019                   
                                                              v1.2.0                   
---------------------------------------------------------------------------------------
    Solver parameters:
       tol_primal = 0.001 tol_dual = 0.001 tol_psd = 1.0e-6 
       max_iter = 100000 max_beta = 100000.0 min_beta = 1.0e-5
    Constraints:
       124 linear equalities 
    Cones:
       1 psd cone of size 124x124
---------------------------------------------------------------------------------------
    Initializing Primal-Dual Hybrid Gradient method                                    
---------------------------------------------------------------------------------------
|  iter  | prim obj | rel. gap |  feasb.  | prim res | dual res | max rank |  time(s) |
---------------------------------------------------------------------------------------
|    100 | -131.194 |   0.3693 |   0.8253 |  23.0094 |   3.0949 |        2 |   2.0040 |
|    200 | -138.111 |   0.0252 |   0.1843 |  15.5167 |   2.0405 |        2 |   4.5093 |
|    300 | -142.979 |   0.0884 |   0.0280 |   2.3662 |   0.3534 |        2 |   6.6855 |
|    400 | -137.822 |   0.0526 |   0.0081 |   0.6931 |   0.1023 |        2 |  14.7583 |
|    500 | -137.149 |   0.0260 |   0.0012 |   0.1029 |   0.0156 |        2 |  17.6104 |
|    600 | -138.345 |   0.0032 |   0.0033 |   0.2844 |   0.0433 |        4 |  18.5678 |
|    700 | -139.216 |   0.0119 |   0.0003 |   0.0659 |   0.0034 |        4 |  21.3615 |
|    800 | -139.748 |   0.0092 |   0.0000 |   0.0312 |   0.0005 |        4 |  27.4552 |
|    900 | -140.766 |   0.0035 |   0.0002 |   0.0486 |   0.0007 |        4 |  37.5496 |
|   1000 | -141.427 |   0.0012 |   0.0002 |   0.0338 |   0.0005 |        4 |  44.8374 |
|   1010 | -141.533 |   0.0008 |   0.0009 |   0.0686 |   0.0021 |        8 |  52.4011 |
---------------------------------------------------------------------------------------
    Solver status:
       Optimal solution found in 52.41 seconds
       Primal objective = -141.53258
       Dual objective = -141.76741
       Duality gap (%) = 0.0 %
---------------------------------------------------------------------------------------
    Primal feasibility:
       ||A(X) - b|| / (1 + ||b||) = 0.000915    [linear equalities] 
       ||max(G(X) - h, 0)|| / (1 + ||h||) = 0.0    [linear inequalities]
    Rank of p.s.d. variable is 5.
=======================================================================================
 ──────────────────────────────────────────────────────────────────────────────
                                       Time                   Allocations      
                               ──────────────────────   ───────────────────────
       Tot / % measured:            52.4s / 100%            7.74MiB / 99.2%    

 Section               ncalls     time   %tot     avg     alloc   %tot      avg
 ──────────────────────────────────────────────────────────────────────────────
 Main                       1    52.4s   100%   52.4s   6.64MiB  86.5%  6.64MiB
   CP loop                  1    52.4s   100%   52.4s   4.14MiB  53.9%  4.14MiB
     primal             1.01k    51.8s  98.8%  51.3ms   3.72MiB  48.4%  3.77KiB
       sdp proj         1.01k    51.6s  98.5%  51.1ms   3.69MiB  48.0%  3.74KiB
         eigs           1.01k    51.4s  98.1%  50.9ms   3.53MiB  46.0%  3.58KiB
           saupd        1.01k    51.0s  97.4%  50.5ms    441KiB  5.61%     448B
           seupd        1.01k    292ms  0.56%   289μs   15.8KiB  0.20%    16.0B
           update_arc   1.01k   1.47ms  0.00%  1.46μs   72.9KiB  0.93%    73.9B
         reshape1       1.01k    117ms  0.22%   115μs     0.00B  0.00%    0.00B
         reshape2       1.01k   78.9ms  0.15%  78.1μs     0.00B  0.00%    0.00B
         get min eig    1.01k   1.24ms  0.00%  1.23μs     0.00B  0.00%    0.00B
       linesearch -1    1.01k   59.9ms  0.11%  59.3μs     0.00B  0.00%    0.00B
     linesearch         1.01k    328ms  0.63%   325μs    273KiB  3.48%     277B
       linesearch 4     4.32k    226ms  0.43%  52.3μs     0.00B  0.00%    0.00B
       linesearch 3     4.32k   34.0ms  0.06%  7.87μs     0.00B  0.00%    0.00B
       linesearch 2     4.32k   8.32ms  0.02%  1.92μs     0.00B  0.00%    0.00B
       linesearch 1     4.32k   8.16ms  0.02%  1.89μs     0.00B  0.00%    0.00B
     residual           1.01k    249ms  0.48%   247μs     0.00B  0.00%    0.00B
     gap                1.01k   13.0ms  0.02%  12.8μs   47.3KiB  0.60%    48.0B
   Init                     1   2.99ms  0.01%  2.99ms   2.26MiB  29.4%  2.26MiB
     normscale alloc        1   2.52ms  0.00%  2.52ms   1.82MiB  23.7%  1.82MiB
     normscale              1    121μs  0.00%   121μs     0.00B  0.00%    0.00B
     equilibrate            1   5.53μs  0.00%  5.53μs     0.00B  0.00%    0.00B
   init_arc                 1    104μs  0.00%   104μs    171KiB  2.18%   171KiB
 pre-processing             1   1.46ms  0.00%  1.46ms   1.04MiB  13.5%  1.04MiB
 ──────────────────────────────────────────────────────────────────────────────
 ──────────────────────────────────────────────────────────────────────────
                                   Time                   Allocations      
                           ──────────────────────   ───────────────────────
     Tot / % measured:          52.5s / 100%            7.86MiB / 97.7%    

 Section           ncalls     time   %tot     avg     alloc   %tot      avg
 ──────────────────────────────────────────────────────────────────────────
 Main                   1    52.4s   100%   52.4s   6.64MiB  86.5%  6.64MiB
 CP loop                1    52.4s   100%   52.4s   4.14MiB  53.9%  4.14MiB
 primal             1.01k    51.8s  98.8%  51.3ms   3.72MiB  48.4%  3.77KiB
 sdp proj           1.01k    51.6s  98.5%  51.1ms   3.69MiB  48.0%  3.74KiB
 eigs               1.01k    51.4s  98.1%  50.9ms   3.53MiB  46.0%  3.58KiB
 saupd              1.01k    51.0s  97.4%  50.5ms    441KiB  5.61%     448B
 linesearch         1.01k    328ms  0.63%   325μs    273KiB  3.48%     277B
 seupd              1.01k    292ms  0.56%   289μs   15.8KiB  0.20%    16.0B
 residual           1.01k    249ms  0.48%   247μs     0.00B  0.00%    0.00B
 linesearch 4       4.32k    226ms  0.43%  52.3μs     0.00B  0.00%    0.00B
 reshape1           1.01k    117ms  0.22%   115μs     0.00B  0.00%    0.00B
 reshape2           1.01k   78.9ms  0.15%  78.1μs     0.00B  0.00%    0.00B
 linesearch -1      1.01k   59.9ms  0.11%  59.3μs     0.00B  0.00%    0.00B
 linesearch 3       4.32k   34.0ms  0.06%  7.87μs     0.00B  0.00%    0.00B
 gap                1.01k   13.0ms  0.02%  12.8μs   47.3KiB  0.60%    48.0B
 linesearch 2       4.32k   8.32ms  0.02%  1.92μs     0.00B  0.00%    0.00B
 linesearch 1       4.32k   8.16ms  0.02%  1.89μs     0.00B  0.00%    0.00B
 Init                   1   2.99ms  0.01%  2.99ms   2.26MiB  29.4%  2.26MiB
 normscale alloc        1   2.52ms  0.00%  2.52ms   1.82MiB  23.7%  1.82MiB
 update_arc         1.01k   1.47ms  0.00%  1.46μs   72.9KiB  0.93%    73.9B
 pre-processing         1   1.46ms  0.00%  1.46ms   1.04MiB  13.5%  1.04MiB
 get min eig        1.01k   1.24ms  0.00%  1.23μs     0.00B  0.00%    0.00B
 normscale              1    121μs  0.00%   121μs     0.00B  0.00%    0.00B
 init_arc               1    104μs  0.00%   104μs    171KiB  2.18%   171KiB
 equilibrate            1   5.53μs  0.00%  5.53μs     0.00B  0.00%    0.00B
 ──────────────────────────────────────────────────────────────────────────
Test Summary: | Pass  Total
SDPLIB Sizes  |    4      4
Test Summary:       | Pass  Total
Sensor Localization |    2      2
Test Summary: | Pass  Total
Full eig      |   15     15
---------------------------------------------------------------------------------------
=======================================================================================
                  ProxSDP : Proximal Semidefinite Programming Solver                   
                         (c) Mario Souto and Joaquim D. Garcia, 2019                   
                                                              v1.2.0                   
---------------------------------------------------------------------------------------
    Solver parameters:
       tol_primal = 0.0001 tol_dual = 0.0001 
       max_iter = 100000 max_beta = 100000.0 min_beta = 1.0e-5
    Constraints:
       2 linear equalities 
---------------------------------------------------------------------------------------
    Initializing Primal-Dual Hybrid Gradient method                                    
---------------------------------------------------------------------------------------
|  iter  | prim obj | rel. gap |  feasb.  | prim res | dual res | max rank |  time(s) |
---------------------------------------------------------------------------------------
|      1 |    0.000 |   0.0000 |   0.0000 |   0.0000 |   0.0000 |        0 |   0.0050 |
---------------------------------------------------------------------------------------
    Solver status:
       Optimal solution found in 0.01 seconds
       Primal objective = 0.0
       Dual objective = 0.0
       Duality gap (%) = 0.0 %
---------------------------------------------------------------------------------------
    Primal feasibility:
       ||A(X) - b|| / (1 + ||b||) = 0.0    [linear equalities] 
       ||max(G(X) - h, 0)|| / (1 + ||h||) = 0.0    [linear inequalities]
    Rank of p.s.d. variable is 0.
=======================================================================================
 ──────────────────────────────────────────────────────────────────────────────
                                       Time                   Allocations      
                               ──────────────────────   ───────────────────────
       Tot / % measured:           8.76ms / 100%            46.5KiB / 95.6%    

 Section               ncalls     time   %tot     avg     alloc   %tot      avg
 ──────────────────────────────────────────────────────────────────────────────
 Main                       1   8.70ms  99.4%  8.70ms   38.6KiB  86.8%  38.6KiB
   CP loop                  1    350μs  4.00%   350μs   11.3KiB  25.5%  11.3KiB
     linesearch             1   11.2μs  0.13%  11.2μs   3.38KiB  7.59%  3.38KiB
       linesearch 2         1   1.10μs  0.01%  1.10μs     0.00B  0.00%    0.00B
       linesearch 4         1   1.01μs  0.01%  1.01μs     0.00B  0.00%    0.00B
       linesearch 1         1    906ns  0.01%   906ns     0.00B  0.00%    0.00B
       linesearch 3         1    543ns  0.01%   543ns     0.00B  0.00%    0.00B
     gap                    1   3.88μs  0.04%  3.88μs     48.0B  0.11%    48.0B
     primal                 1   3.65μs  0.04%  3.65μs      864B  1.90%     864B
       linesearch -1        1    565ns  0.01%   565ns     0.00B  0.00%    0.00B
     residual               1   3.18μs  0.04%  3.18μs     0.00B  0.00%    0.00B
   Init                     1   86.9μs  0.99%  86.9μs   17.2KiB  38.6%  17.2KiB
     normscale alloc        1   19.0μs  0.22%  19.0μs   2.16KiB  4.85%  2.16KiB
     normscale              1    862ns  0.01%   862ns     0.00B  0.00%    0.00B
     equilibrate            1    634ns  0.01%   634ns     0.00B  0.00%    0.00B
 pre-processing             1   50.0μs  0.57%  50.0μs   5.88KiB  13.2%  5.88KiB
 ──────────────────────────────────────────────────────────────────────────────
 ──────────────────────────────────────────────────────────────────────────
                                   Time                   Allocations      
                           ──────────────────────   ───────────────────────
     Tot / % measured:         29.2ms / 30.0%            128KiB / 34.8%    

 Section           ncalls     time   %tot     avg     alloc   %tot      avg
 ──────────────────────────────────────────────────────────────────────────
 Main                   1   8.70ms  99.4%  8.70ms   38.6KiB  86.8%  38.6KiB
 CP loop                1    350μs  4.00%   350μs   11.3KiB  25.5%  11.3KiB
 Init                   1   86.9μs  0.99%  86.9μs   17.2KiB  38.6%  17.2KiB
 pre-processing         1   50.0μs  0.57%  50.0μs   5.88KiB  13.2%  5.88KiB
 normscale alloc        1   19.0μs  0.22%  19.0μs   2.16KiB  4.85%  2.16KiB
 linesearch             1   11.2μs  0.13%  11.2μs   3.38KiB  7.59%  3.38KiB
 gap                    1   3.88μs  0.04%  3.88μs     48.0B  0.11%    48.0B
 primal                 1   3.65μs  0.04%  3.65μs      864B  1.90%     864B
 residual               1   3.18μs  0.04%  3.18μs     0.00B  0.00%    0.00B
 linesearch 2           1   1.10μs  0.01%  1.10μs     0.00B  0.00%    0.00B
 linesearch 4           1   1.01μs  0.01%  1.01μs     0.00B  0.00%    0.00B
 linesearch 1           1    906ns  0.01%   906ns     0.00B  0.00%    0.00B
 normscale              1    862ns  0.01%   862ns     0.00B  0.00%    0.00B
 equilibrate            1    634ns  0.01%   634ns     0.00B  0.00%    0.00B
 linesearch -1          1    565ns  0.01%   565ns     0.00B  0.00%    0.00B
 linesearch 3           1    543ns  0.01%   543ns     0.00B  0.00%    0.00B
 ──────────────────────────────────────────────────────────────────────────
Test Summary: | Pass  Total
Print         |   12     12
Test Summary:        | Pass  Total
Unsupported argument |    1      1
Test Summary: | Pass  Total
MOI status    |    4      4
   Testing ProxSDP tests passed 
