 Resolving package versions...
 Installed Parsers ──────────── v0.3.10
 Installed BenchmarkTools ───── v0.4.3
 Installed OrderedCollections ─ v1.1.0
 Installed Arpack ───────────── v0.3.1
 Installed BinaryProvider ───── v0.5.8
 Installed JSON ─────────────── v0.21.0
 Installed MathOptInterface ─── v0.9.7
 Installed TimerOutputs ─────── v0.5.3
 Installed ProxSDP ──────────── v1.2.0
  Updating `~/.julia/environments/v1.3/Project.toml`
  [65e78d25] + ProxSDP v1.2.0
  Updating `~/.julia/environments/v1.3/Manifest.toml`
  [7d9fca2a] + Arpack v0.3.1
  [6e4b80f9] + BenchmarkTools v0.4.3
  [b99e7846] + BinaryProvider v0.5.8
  [682c06a0] + JSON v0.21.0
  [b8f27783] + MathOptInterface v0.9.7
  [bac558e1] + OrderedCollections v1.1.0
  [69de0a69] + Parsers v0.3.10
  [65e78d25] + ProxSDP v1.2.0
  [a759f4b9] + TimerOutputs v0.5.3
  [2a0f44e3] + Base64 
  [ade2ca70] + Dates 
  [8ba89e20] + Distributed 
  [b77e0a4c] + InteractiveUtils 
  [8f399da3] + Libdl 
  [37e2e46d] + LinearAlgebra 
  [56ddb016] + Logging 
  [d6f4376e] + Markdown 
  [a63ad114] + Mmap 
  [de0858da] + Printf 
  [9a3f8284] + Random 
  [ea8e919c] + SHA 
  [9e88b42a] + Serialization 
  [6462fe0b] + Sockets 
  [2f01184e] + SparseArrays 
  [10745b16] + Statistics 
  [8dfed614] + Test 
  [4ec0a83e] + Unicode 
  Building Arpack → `~/.julia/packages/Arpack/cu5By/deps/build.log`
   Testing ProxSDP
 Resolving package versions...
    Status `/tmp/jl_2JDk4x/Manifest.toml`
  [7d9fca2a] Arpack v0.3.1
  [6e4b80f9] BenchmarkTools v0.4.3
  [b99e7846] BinaryProvider v0.5.8
  [682c06a0] JSON v0.21.0
  [b8f27783] MathOptInterface v0.9.7
  [bac558e1] OrderedCollections v1.1.0
  [69de0a69] Parsers v0.3.10
  [65e78d25] ProxSDP v1.2.0
  [a759f4b9] TimerOutputs v0.5.3
  [2a0f44e3] Base64  [`@stdlib/Base64`]
  [ade2ca70] Dates  [`@stdlib/Dates`]
  [8bb1440f] DelimitedFiles  [`@stdlib/DelimitedFiles`]
  [8ba89e20] Distributed  [`@stdlib/Distributed`]
  [b77e0a4c] InteractiveUtils  [`@stdlib/InteractiveUtils`]
  [8f399da3] Libdl  [`@stdlib/Libdl`]
  [37e2e46d] LinearAlgebra  [`@stdlib/LinearAlgebra`]
  [56ddb016] Logging  [`@stdlib/Logging`]
  [d6f4376e] Markdown  [`@stdlib/Markdown`]
  [a63ad114] Mmap  [`@stdlib/Mmap`]
  [de0858da] Printf  [`@stdlib/Printf`]
  [9a3f8284] Random  [`@stdlib/Random`]
  [ea8e919c] SHA  [`@stdlib/SHA`]
  [9e88b42a] Serialization  [`@stdlib/Serialization`]
  [6462fe0b] Sockets  [`@stdlib/Sockets`]
  [2f01184e] SparseArrays  [`@stdlib/SparseArrays`]
  [10745b16] Statistics  [`@stdlib/Statistics`]
  [8dfed614] Test  [`@stdlib/Test`]
  [4ec0a83e] Unicode  [`@stdlib/Unicode`]
Test Summary: | Pass  Total
SolverName    |    1      1
Test Summary:            | Pass  Total
supports_default_copy_to |    2      2
Test Summary: | Pass  Total
Unit          |  262    262
Test Summary:         | Pass  Total
MOI Continuous Linear |  425    425
Test Summary:        | Pass  Total
MOI Continuous Conic |  610    610
Test Summary: | Pass  Total
Simple LP     |    3      3
Test Summary:           | Pass  Total
Simple LP with 2 1D SDP |    3      3
Test Summary:     | Pass  Total
LP in SDP EQ form |    3      3
Test Summary:       | Pass  Total
LP in SDP INEQ form |    4      4
Test Summary: | Pass  Total
SDP from MOI  |    6      6
Test Summary:       | Pass  Total
Double SDP from MOI |    7      7
Test Summary:                | Pass  Total
SDP with duplicates from MOI |    5      5
Test Summary:      | Pass  Total
SDP from Wikipedia |    3      3
Test Summary: | Pass  Total
MIMO Sizes    |   90     90
Test Summary: | Pass  Total
RANDSDP Sizes |   54     54
---------------------------------------------------------------------------------------
=======================================================================================
                  ProxSDP : Proximal Semidefinite Programming Solver                   
                         (c) Mario Souto and Joaquim D. Garcia, 2019                   
                                                              v1.2.0                   
---------------------------------------------------------------------------------------
    Solver parameters:
       tol_primal = 0.001 tol_dual = 0.001 tol_psd = 1.0e-6 
       max_iter = 100000 max_beta = 100000.0 min_beta = 1.0e-5
    Constraints:
       125 linear equalities 
    Cones:
       1 psd cone of size 125x125
---------------------------------------------------------------------------------------
    Initializing Primal-Dual Hybrid Gradient method                                    
---------------------------------------------------------------------------------------
|  iter  | prim obj | rel. gap |  feasb.  | prim res | dual res | max rank |  time(s) |
---------------------------------------------------------------------------------------
|    100 |  111.381 |   0.9988 |   0.2693 |  20.1136 |   1.9976 |        2 |   4.2052 |
|    200 |   49.479 |   0.7922 |   0.1165 |   8.9193 |   0.7887 |        2 |   9.8133 |
|    300 |   51.817 |   0.2466 |   0.0179 |   1.4051 |   0.1217 |        4 |  16.3653 |
|    400 |   49.993 |   0.0007 |   0.0028 |   0.2137 |   0.0189 |        4 |  20.8531 |
|    500 |   48.904 |   0.0494 |   0.0005 |   0.0629 |   0.0032 |        8 |  34.4987 |
|    600 |   48.136 |   0.0175 |   0.0001 |   0.0353 |   0.0008 |        8 |  84.8898 |
|    700 |   47.142 |   0.0017 |   0.0007 |   0.0175 |   0.0008 |        8 | 109.6630 |
|    710 |   47.088 |   0.0010 |   0.0007 |   0.0149 |   0.0008 |        8 | 115.5050 |
---------------------------------------------------------------------------------------
    Solver status:
       Optimal solution found in 115.51 seconds
       Primal objective = 47.0881
       Dual objective = 46.99303
       Duality gap (%) = 0.0 %
---------------------------------------------------------------------------------------
    Primal feasibility:
       ||A(X) - b|| / (1 + ||b||) = 0.000659    [linear equalities] 
       ||max(G(X) - h, 0)|| / (1 + ||h||) = 0.0    [linear inequalities]
    Rank of p.s.d. variable is 7.
=======================================================================================
 ──────────────────────────────────────────────────────────────────────────────
                                       Time                   Allocations      
                               ──────────────────────   ───────────────────────
       Tot / % measured:             116s / 100%            18.4MiB / 49.9%    

 Section               ncalls     time   %tot     avg     alloc   %tot      avg
 ──────────────────────────────────────────────────────────────────────────────
 Main                       1     116s   100%    116s   7.64MiB  83.3%  7.64MiB
   CP loop                  1     115s   100%    115s   4.64MiB  50.6%  4.64MiB
     primal               710     115s   100%   162ms   4.34MiB  47.4%  6.26KiB
       sdp proj           710     115s  99.5%   162ms   4.32MiB  47.1%  6.23KiB
         eigs             710     115s  99.3%   162ms   4.21MiB  45.9%  6.07KiB
           saupd          710     114s  99.0%   161ms   0.97MiB  10.6%  1.40KiB
           seupd          710    153ms  0.13%   215μs   11.1KiB  0.12%    16.0B
           update_arc     710   1.16ms  0.00%  1.63μs   73.5KiB  0.78%     106B
         reshape1         710   77.2ms  0.07%   109μs     0.00B  0.00%    0.00B
         reshape2         710   51.6ms  0.04%  72.7μs     0.00B  0.00%    0.00B
         get min eig      710   1.11ms  0.00%  1.56μs     0.00B  0.00%    0.00B
       linesearch -1      710   88.9ms  0.08%   125μs     0.00B  0.00%    0.00B
     linesearch           710    331ms  0.29%   466μs    192KiB  2.05%     277B
       linesearch 3     3.02k    165ms  0.14%  54.5μs     0.00B  0.00%    0.00B
       linesearch 4     3.02k    131ms  0.11%  43.3μs     0.00B  0.00%    0.00B
       linesearch 2     3.02k   6.19ms  0.01%  2.05μs     0.00B  0.00%    0.00B
       linesearch 1     3.02k   5.56ms  0.00%  1.84μs     0.00B  0.00%    0.00B
     residual             710    117ms  0.10%   165μs     0.00B  0.00%    0.00B
     gap                  710   8.76ms  0.01%  12.3μs   33.3KiB  0.35%    48.0B
   Init                     1   5.65ms  0.00%  5.65ms   2.75MiB  30.1%  2.75MiB
     normscale alloc        1   4.24ms  0.00%  4.24ms   2.07MiB  22.6%  2.07MiB
     normscale              1    454μs  0.00%   454μs     0.00B  0.00%    0.00B
     equilibrate            1   4.15μs  0.00%  4.15μs     0.00B  0.00%    0.00B
   init_arc                 1   96.7μs  0.00%  96.7μs    173KiB  1.85%   173KiB
 pre-processing             1   1.91ms  0.00%  1.91ms   1.53MiB  16.7%  1.53MiB
 ──────────────────────────────────────────────────────────────────────────────
 ──────────────────────────────────────────────────────────────────────────
                                   Time                   Allocations      
                           ──────────────────────   ───────────────────────
     Tot / % measured:           116s / 100%            18.8MiB / 48.6%    

 Section           ncalls     time   %tot     avg     alloc   %tot      avg
 ──────────────────────────────────────────────────────────────────────────
 Main                   1     116s   100%    116s   7.64MiB  83.3%  7.64MiB
 CP loop                1     115s   100%    115s   4.64MiB  50.6%  4.64MiB
 primal               710     115s   100%   162ms   4.34MiB  47.4%  6.26KiB
 sdp proj             710     115s  99.5%   162ms   4.32MiB  47.1%  6.23KiB
 eigs                 710     115s  99.3%   162ms   4.21MiB  45.9%  6.07KiB
 saupd                710     114s  99.0%   161ms   0.97MiB  10.6%  1.40KiB
 linesearch           710    331ms  0.29%   466μs    192KiB  2.05%     277B
 linesearch 3       3.02k    165ms  0.14%  54.5μs     0.00B  0.00%    0.00B
 seupd                710    153ms  0.13%   215μs   11.1KiB  0.12%    16.0B
 linesearch 4       3.02k    131ms  0.11%  43.3μs     0.00B  0.00%    0.00B
 residual             710    117ms  0.10%   165μs     0.00B  0.00%    0.00B
 linesearch -1        710   88.9ms  0.08%   125μs     0.00B  0.00%    0.00B
 reshape1             710   77.2ms  0.07%   109μs     0.00B  0.00%    0.00B
 reshape2             710   51.6ms  0.04%  72.7μs     0.00B  0.00%    0.00B
 gap                  710   8.76ms  0.01%  12.3μs   33.3KiB  0.35%    48.0B
 linesearch 2       3.02k   6.19ms  0.01%  2.05μs     0.00B  0.00%    0.00B
 Init                   1   5.65ms  0.00%  5.65ms   2.75MiB  30.1%  2.75MiB
 linesearch 1       3.02k   5.56ms  0.00%  1.84μs     0.00B  0.00%    0.00B
 normscale alloc        1   4.24ms  0.00%  4.24ms   2.07MiB  22.6%  2.07MiB
 pre-processing         1   1.91ms  0.00%  1.91ms   1.53MiB  16.7%  1.53MiB
 update_arc           710   1.16ms  0.00%  1.63μs   73.5KiB  0.78%     106B
 get min eig          710   1.11ms  0.00%  1.56μs     0.00B  0.00%    0.00B
 normscale              1    454μs  0.00%   454μs     0.00B  0.00%    0.00B
 init_arc               1   96.7μs  0.00%  96.7μs    173KiB  1.85%   173KiB
 equilibrate            1   4.15μs  0.00%  4.15μs     0.00B  0.00%    0.00B
 ──────────────────────────────────────────────────────────────────────────
---------------------------------------------------------------------------------------
=======================================================================================
                  ProxSDP : Proximal Semidefinite Programming Solver                   
                         (c) Mario Souto and Joaquim D. Garcia, 2019                   
                                                              v1.2.0                   
---------------------------------------------------------------------------------------
    Solver parameters:
       tol_primal = 0.001 tol_dual = 0.001 tol_psd = 1.0e-6 
       max_iter = 100000 max_beta = 100000.0 min_beta = 1.0e-5
    Constraints:
       124 linear equalities 
    Cones:
       1 psd cone of size 124x124
---------------------------------------------------------------------------------------
    Initializing Primal-Dual Hybrid Gradient method                                    
---------------------------------------------------------------------------------------
|  iter  | prim obj | rel. gap |  feasb.  | prim res | dual res | max rank |  time(s) |
---------------------------------------------------------------------------------------
|    100 | -131.194 |   0.3693 |   0.8253 |  23.0094 |   3.0949 |        2 |   7.5127 |
|    200 | -138.111 |   0.0252 |   0.1843 |  15.5167 |   2.0405 |        2 |  13.4163 |
|    300 | -142.979 |   0.0884 |   0.0280 |   2.3662 |   0.3534 |        2 |  17.3122 |
|    400 | -137.822 |   0.0526 |   0.0081 |   0.6931 |   0.1023 |        2 |  19.4811 |
|    500 | -137.149 |   0.0260 |   0.0012 |   0.1029 |   0.0156 |        2 |  21.5429 |
|    600 | -138.345 |   0.0032 |   0.0033 |   0.2844 |   0.0433 |        4 |  25.8283 |
|    700 | -139.216 |   0.0119 |   0.0003 |   0.0659 |   0.0034 |        4 |  38.4045 |
|    800 | -139.748 |   0.0092 |   0.0000 |   0.0312 |   0.0005 |        4 |  44.3883 |
|    900 | -140.766 |   0.0035 |   0.0002 |   0.0486 |   0.0007 |        4 |  49.4728 |
|   1000 | -141.427 |   0.0012 |   0.0002 |   0.0338 |   0.0005 |        4 |  57.8523 |
|   1010 | -141.533 |   0.0008 |   0.0009 |   0.0686 |   0.0021 |        8 |  63.0488 |
---------------------------------------------------------------------------------------
    Solver status:
       Optimal solution found in 63.05 seconds
       Primal objective = -141.53258
       Dual objective = -141.76741
       Duality gap (%) = 0.0 %
---------------------------------------------------------------------------------------
    Primal feasibility:
       ||A(X) - b|| / (1 + ||b||) = 0.000915    [linear equalities] 
       ||max(G(X) - h, 0)|| / (1 + ||h||) = 0.0    [linear inequalities]
    Rank of p.s.d. variable is 5.
=======================================================================================
 ──────────────────────────────────────────────────────────────────────────────
                                       Time                   Allocations      
                               ──────────────────────   ───────────────────────
       Tot / % measured:            63.1s / 100%            7.74MiB / 99.2%    

 Section               ncalls     time   %tot     avg     alloc   %tot      avg
 ──────────────────────────────────────────────────────────────────────────────
 Main                       1    63.0s   100%   63.0s   6.64MiB  86.5%  6.64MiB
   CP loop                  1    63.0s   100%   63.0s   4.14MiB  53.9%  4.14MiB
     primal             1.01k    62.5s  99.1%  61.9ms   3.72MiB  48.4%  3.77KiB
       sdp proj         1.01k    62.4s  98.9%  61.8ms   3.69MiB  48.0%  3.74KiB
         eigs           1.01k    62.2s  98.6%  61.6ms   3.53MiB  46.0%  3.58KiB
           saupd        1.01k    61.8s  98.0%  61.2ms    441KiB  5.61%     448B
           seupd        1.01k    281ms  0.45%   278μs   15.8KiB  0.20%    16.0B
           update_arc   1.01k   1.45ms  0.00%  1.44μs   72.9KiB  0.93%    73.9B
         reshape1       1.01k    108ms  0.17%   107μs     0.00B  0.00%    0.00B
         reshape2       1.01k   71.5ms  0.11%  70.8μs     0.00B  0.00%    0.00B
         get min eig    1.01k   1.35ms  0.00%  1.34μs     0.00B  0.00%    0.00B
       linesearch -1    1.01k   59.1ms  0.09%  58.5μs     0.00B  0.00%    0.00B
     linesearch         1.01k    306ms  0.49%   303μs    273KiB  3.48%     277B
       linesearch 4     4.32k    211ms  0.33%  48.8μs     0.00B  0.00%    0.00B
       linesearch 3     4.32k   31.8ms  0.05%  7.35μs     0.00B  0.00%    0.00B
       linesearch 2     4.32k   8.44ms  0.01%  1.95μs     0.00B  0.00%    0.00B
       linesearch 1     4.32k   8.04ms  0.01%  1.86μs     0.00B  0.00%    0.00B
     residual           1.01k    196ms  0.31%   194μs     0.00B  0.00%    0.00B
     gap                1.01k   13.1ms  0.02%  13.0μs   47.3KiB  0.60%    48.0B
   Init                     1   4.38ms  0.01%  4.38ms   2.26MiB  29.4%  2.26MiB
     normscale alloc        1   3.58ms  0.01%  3.58ms   1.82MiB  23.7%  1.82MiB
     normscale              1    138μs  0.00%   138μs     0.00B  0.00%    0.00B
     equilibrate            1   4.22μs  0.00%  4.22μs     0.00B  0.00%    0.00B
   init_arc                 1    188μs  0.00%   188μs    171KiB  2.18%   171KiB
 pre-processing             1   2.14ms  0.00%  2.14ms   1.04MiB  13.5%  1.04MiB
 ──────────────────────────────────────────────────────────────────────────────
 ──────────────────────────────────────────────────────────────────────────
                                   Time                   Allocations      
                           ──────────────────────   ───────────────────────
     Tot / % measured:          63.1s / 100%            7.86MiB / 97.7%    

 Section           ncalls     time   %tot     avg     alloc   %tot      avg
 ──────────────────────────────────────────────────────────────────────────
 Main                   1    63.0s   100%   63.0s   6.64MiB  86.5%  6.64MiB
 CP loop                1    63.0s   100%   63.0s   4.14MiB  53.9%  4.14MiB
 primal             1.01k    62.5s  99.1%  61.9ms   3.72MiB  48.4%  3.77KiB
 sdp proj           1.01k    62.4s  98.9%  61.8ms   3.69MiB  48.0%  3.74KiB
 eigs               1.01k    62.2s  98.6%  61.6ms   3.53MiB  46.0%  3.58KiB
 saupd              1.01k    61.8s  98.0%  61.2ms    441KiB  5.61%     448B
 linesearch         1.01k    306ms  0.49%   303μs    273KiB  3.48%     277B
 seupd              1.01k    281ms  0.45%   278μs   15.8KiB  0.20%    16.0B
 linesearch 4       4.32k    211ms  0.33%  48.8μs     0.00B  0.00%    0.00B
 residual           1.01k    196ms  0.31%   194μs     0.00B  0.00%    0.00B
 reshape1           1.01k    108ms  0.17%   107μs     0.00B  0.00%    0.00B
 reshape2           1.01k   71.5ms  0.11%  70.8μs     0.00B  0.00%    0.00B
 linesearch -1      1.01k   59.1ms  0.09%  58.5μs     0.00B  0.00%    0.00B
 linesearch 3       4.32k   31.8ms  0.05%  7.35μs     0.00B  0.00%    0.00B
 gap                1.01k   13.1ms  0.02%  13.0μs   47.3KiB  0.60%    48.0B
 linesearch 2       4.32k   8.44ms  0.01%  1.95μs     0.00B  0.00%    0.00B
 linesearch 1       4.32k   8.04ms  0.01%  1.86μs     0.00B  0.00%    0.00B
 Init                   1   4.38ms  0.01%  4.38ms   2.26MiB  29.4%  2.26MiB
 normscale alloc        1   3.58ms  0.01%  3.58ms   1.82MiB  23.7%  1.82MiB
 pre-processing         1   2.14ms  0.00%  2.14ms   1.04MiB  13.5%  1.04MiB
 update_arc         1.01k   1.45ms  0.00%  1.44μs   72.9KiB  0.93%    73.9B
 get min eig        1.01k   1.35ms  0.00%  1.34μs     0.00B  0.00%    0.00B
 init_arc               1    188μs  0.00%   188μs    171KiB  2.18%   171KiB
 normscale              1    138μs  0.00%   138μs     0.00B  0.00%    0.00B
 equilibrate            1   4.22μs  0.00%  4.22μs     0.00B  0.00%    0.00B
 ──────────────────────────────────────────────────────────────────────────
Test Summary: | Pass  Total
SDPLIB Sizes  |    4      4
Test Summary:       | Pass  Total
Sensor Localization |    2      2
Test Summary: | Pass  Total
Full eig      |   15     15
---------------------------------------------------------------------------------------
=======================================================================================
                  ProxSDP : Proximal Semidefinite Programming Solver                   
                         (c) Mario Souto and Joaquim D. Garcia, 2019                   
                                                              v1.2.0                   
---------------------------------------------------------------------------------------
    Solver parameters:
       tol_primal = 0.0001 tol_dual = 0.0001 
       max_iter = 100000 max_beta = 100000.0 min_beta = 1.0e-5
    Constraints:
       2 linear equalities 
---------------------------------------------------------------------------------------
    Initializing Primal-Dual Hybrid Gradient method                                    
---------------------------------------------------------------------------------------
|  iter  | prim obj | rel. gap |  feasb.  | prim res | dual res | max rank |  time(s) |
---------------------------------------------------------------------------------------
|      1 |    0.000 |   0.0000 |   0.0000 |   0.0000 |   0.0000 |        0 |   0.0004 |
---------------------------------------------------------------------------------------
    Solver status:
       Optimal solution found in 0.0 seconds
       Primal objective = 0.0
       Dual objective = 0.0
       Duality gap (%) = 0.0 %
---------------------------------------------------------------------------------------
    Primal feasibility:
       ||A(X) - b|| / (1 + ||b||) = 0.0    [linear equalities] 
       ||max(G(X) - h, 0)|| / (1 + ||h||) = 0.0    [linear inequalities]
    Rank of p.s.d. variable is 0.
=======================================================================================
 ──────────────────────────────────────────────────────────────────────────────
                                       Time                   Allocations      
                               ──────────────────────   ───────────────────────
       Tot / % measured:            697μs / 98.6%           46.7KiB / 95.7%    

 Section               ncalls     time   %tot     avg     alloc   %tot      avg
 ──────────────────────────────────────────────────────────────────────────────
 Main                       1    646μs  93.9%   646μs   38.7KiB  86.5%  38.7KiB
   CP loop                  1   61.6μs  8.96%  61.6μs   11.7KiB  26.1%  11.7KiB
     linesearch             1   10.8μs  1.57%  10.8μs   3.38KiB  7.55%  3.38KiB
       linesearch 2         1    946ns  0.14%   946ns     0.00B  0.00%    0.00B
       linesearch 1         1    694ns  0.10%   694ns     0.00B  0.00%    0.00B
       linesearch 4         1    671ns  0.10%   671ns     0.00B  0.00%    0.00B
       linesearch 3         1    657ns  0.10%   657ns     0.00B  0.00%    0.00B
     gap                    1   3.26μs  0.47%  3.26μs     48.0B  0.10%    48.0B
     primal                 1   3.22μs  0.47%  3.22μs      864B  1.89%     864B
       linesearch -1        1    547ns  0.08%   547ns     0.00B  0.00%    0.00B
     residual               1   2.61μs  0.38%  2.61μs     0.00B  0.00%    0.00B
   Init                     1   59.7μs  8.67%  59.7μs   17.3KiB  38.6%  17.3KiB
     normscale alloc        1   11.2μs  1.62%  11.2μs   2.22KiB  4.96%  2.22KiB
     normscale              1   1.07μs  0.15%  1.07μs     0.00B  0.00%    0.00B
     equilibrate            1    696ns  0.10%   696ns     0.00B  0.00%    0.00B
 pre-processing             1   42.1μs  6.11%  42.1μs   6.03KiB  13.5%  6.03KiB
 ──────────────────────────────────────────────────────────────────────────────
 ──────────────────────────────────────────────────────────────────────────
                                   Time                   Allocations      
                           ──────────────────────   ───────────────────────
     Tot / % measured:         3.01ms / 22.9%            128KiB / 34.9%    

 Section           ncalls     time   %tot     avg     alloc   %tot      avg
 ──────────────────────────────────────────────────────────────────────────
 Main                   1    646μs  93.9%   646μs   38.7KiB  86.5%  38.7KiB
 CP loop                1   61.6μs  8.96%  61.6μs   11.7KiB  26.1%  11.7KiB
 Init                   1   59.7μs  8.67%  59.7μs   17.3KiB  38.6%  17.3KiB
 pre-processing         1   42.1μs  6.11%  42.1μs   6.03KiB  13.5%  6.03KiB
 normscale alloc        1   11.2μs  1.62%  11.2μs   2.22KiB  4.96%  2.22KiB
 linesearch             1   10.8μs  1.57%  10.8μs   3.38KiB  7.55%  3.38KiB
 gap                    1   3.26μs  0.47%  3.26μs     48.0B  0.10%    48.0B
 primal                 1   3.22μs  0.47%  3.22μs      864B  1.89%     864B
 residual               1   2.61μs  0.38%  2.61μs     0.00B  0.00%    0.00B
 normscale              1   1.07μs  0.15%  1.07μs     0.00B  0.00%    0.00B
 linesearch 2           1    946ns  0.14%   946ns     0.00B  0.00%    0.00B
 equilibrate            1    696ns  0.10%   696ns     0.00B  0.00%    0.00B
 linesearch 1           1    694ns  0.10%   694ns     0.00B  0.00%    0.00B
 linesearch 4           1    671ns  0.10%   671ns     0.00B  0.00%    0.00B
 linesearch 3           1    657ns  0.10%   657ns     0.00B  0.00%    0.00B
 linesearch -1          1    547ns  0.08%   547ns     0.00B  0.00%    0.00B
 ──────────────────────────────────────────────────────────────────────────
Test Summary: | Pass  Total
Print         |   12     12
Test Summary:        | Pass  Total
Unsupported argument |    1      1
Test Summary: | Pass  Total
MOI status    |    4      4
   Testing ProxSDP tests passed 
