 Resolving package versions...
 Installed jlpkg ─ v1.1.2
  Updating `~/.julia/environments/v1.2/Project.toml`
  [c4c688b2] + jlpkg v1.1.2
  Updating `~/.julia/environments/v1.2/Manifest.toml`
  [c4c688b2] + jlpkg v1.1.2
   Testing jlpkg
 Resolving package versions...
[ Info: No changes
    Status `/tmp/jl_R6r4TN/Manifest.toml`
  [c4c688b2] jlpkg v1.1.2
  [2a0f44e3] Base64  [`@stdlib/Base64`]
  [ade2ca70] Dates  [`@stdlib/Dates`]
  [8ba89e20] Distributed  [`@stdlib/Distributed`]
  [b77e0a4c] InteractiveUtils  [`@stdlib/InteractiveUtils`]
  [76f85450] LibGit2  [`@stdlib/LibGit2`]
  [56ddb016] Logging  [`@stdlib/Logging`]
  [d6f4376e] Markdown  [`@stdlib/Markdown`]
  [44cfe95a] Pkg  [`@stdlib/Pkg`]
  [de0858da] Printf  [`@stdlib/Printf`]
  [3fa0cd96] REPL  [`@stdlib/REPL`]
  [9a3f8284] Random  [`@stdlib/Random`]
  [ea8e919c] SHA  [`@stdlib/SHA`]
  [9e88b42a] Serialization  [`@stdlib/Serialization`]
  [6462fe0b] Sockets  [`@stdlib/Sockets`]
  [8dfed614] Test  [`@stdlib/Test`]
  [cf7118a7] UUIDs  [`@stdlib/UUIDs`]
  [4ec0a83e] Unicode  [`@stdlib/Unicode`]
  % Total    % Received % Xferd  Average Speed   Time    Time     Time  Current
                                 Dload  Upload   Total   Spent    Left  Speed
  0     0    0     0    0     0      0      0 --:--:-- --:--:-- --:--:--     0  0 84.6M    0 13462    0     0  11144      0  2:12:45  0:00:01  2:12:44 11153 68 84.6M   68 57.8M    0     0  31.9M      0  0:00:02  0:00:01  0:00:01 31.9M100 84.6M  100 84.6M    0     0  39.3M      0  0:00:02  0:00:02 --:--:-- 39.3M
  % Total    % Received % Xferd  Average Speed   Time    Time     Time  Current
                                 Dload  Upload   Total   Spent    Left  Speed
  0     0    0     0    0     0      0      0 --:--:-- --:--:-- --:--:--     0100   930  100   930    0     0   5535      0 --:--:-- --:--:-- --:--:--  5535
julia-1.0.4-linux-x86_64.tar.gz: OK
  % Total    % Received % Xferd  Average Speed   Time    Time     Time  Current
                                 Dload  Upload   Total   Spent    Left  Speed
  0     0    0     0    0     0      0      0 --:--:-- --:--:-- --:--:--     0  0     0    0     0    0     0      0      0 --:--:-- --:--:-- --:--:--     0  0     0    0     0    0     0      0      0 --:--:--  0:00:01 --:--:--     0 38 85.5M   38 33.0M    0     0  14.9M      0  0:00:05  0:00:02  0:00:03 14.9M100 85.5M  100 85.5M    0     0  27.9M      0  0:00:03  0:00:03 --:--:-- 27.9M
  % Total    % Received % Xferd  Average Speed   Time    Time     Time  Current
                                 Dload  Upload   Total   Spent    Left  Speed
  0     0    0     0    0     0      0      0 --:--:-- --:--:-- --:--:--     0  0     0    0     0    0     0      0      0 --:--:-- --:--:-- --:--:--     0100   832  100   832    0     0   1225      0 --:--:-- --:--:-- --:--:--  1223
julia-1.1.1-linux-x86_64.tar.gz: OK
   Testing jlpkg tests passed 
