 Resolving package versions...
 Installed jlpkg ─ v1.1.2
  Updating `~/.julia/environments/v1.3/Project.toml`
  [c4c688b2] + jlpkg v1.1.2
  Updating `~/.julia/environments/v1.3/Manifest.toml`
  [c4c688b2] + jlpkg v1.1.2
   Testing jlpkg
 Resolving package versions...
[ Info: No changes
    Status `/tmp/jl_k6ThdS/Manifest.toml`
  [c4c688b2] jlpkg v1.1.2
  [2a0f44e3] Base64  [`@stdlib/Base64`]
  [ade2ca70] Dates  [`@stdlib/Dates`]
  [8ba89e20] Distributed  [`@stdlib/Distributed`]
  [b77e0a4c] InteractiveUtils  [`@stdlib/InteractiveUtils`]
  [76f85450] LibGit2  [`@stdlib/LibGit2`]
  [8f399da3] Libdl  [`@stdlib/Libdl`]
  [56ddb016] Logging  [`@stdlib/Logging`]
  [d6f4376e] Markdown  [`@stdlib/Markdown`]
  [44cfe95a] Pkg  [`@stdlib/Pkg`]
  [de0858da] Printf  [`@stdlib/Printf`]
  [3fa0cd96] REPL  [`@stdlib/REPL`]
  [9a3f8284] Random  [`@stdlib/Random`]
  [ea8e919c] SHA  [`@stdlib/SHA`]
  [9e88b42a] Serialization  [`@stdlib/Serialization`]
  [6462fe0b] Sockets  [`@stdlib/Sockets`]
  [8dfed614] Test  [`@stdlib/Test`]
  [cf7118a7] UUIDs  [`@stdlib/UUIDs`]
  [4ec0a83e] Unicode  [`@stdlib/Unicode`]
  % Total    % Received % Xferd  Average Speed   Time    Time     Time  Current
                                 Dload  Upload   Total   Spent    Left  Speed
  0     0    0     0    0     0      0      0 --:--:-- --:--:-- --:--:--     0  0     0    0     0    0     0      0      0 --:--:-- --:--:-- --:--:--     0  0 84.6M    0 13463    0     0  10718      0  2:18:02  0:00:01  2:18:01 10710 73 84.6M   73 62.0M    0     0  30.3M      0  0:00:02  0:00:02 --:--:-- 30.3M100 84.6M  100 84.6M    0     0  36.4M      0  0:00:02  0:00:02 --:--:-- 36.4M
  % Total    % Received % Xferd  Average Speed   Time    Time     Time  Current
                                 Dload  Upload   Total   Spent    Left  Speed
  0     0    0     0    0     0      0      0 --:--:-- --:--:-- --:--:--     0100   930  100   930    0     0   2240      0 --:--:-- --:--:-- --:--:--  2246
julia-1.0.4-linux-x86_64.tar.gz: OK
  % Total    % Received % Xferd  Average Speed   Time    Time     Time  Current
                                 Dload  Upload   Total   Spent    Left  Speed
  0     0    0     0    0     0      0      0 --:--:-- --:--:-- --:--:--     0  0     0    0     0    0     0      0      0 --:--:--  0:00:01 --:--:--     0 16 85.5M   16 13.9M    0     0  8685k      0  0:00:10  0:00:01  0:00:09 8680k100 85.5M  100 85.5M    0     0  35.0M      0  0:00:02  0:00:02 --:--:-- 35.0M
  % Total    % Received % Xferd  Average Speed   Time    Time     Time  Current
                                 Dload  Upload   Total   Spent    Left  Speed
  0     0    0     0    0     0      0      0 --:--:-- --:--:-- --:--:--     0100   832  100   832    0     0   4982      0 --:--:-- --:--:-- --:--:--  4982
julia-1.1.1-linux-x86_64.tar.gz: OK
   Testing jlpkg tests passed 
