 Resolving package versions...
 Installed GCMAES ─ v0.1.0
 Installed BSON ─── v0.2.4
  Updating `~/.julia/environments/v1.2/Project.toml`
  [4aa9d100] + GCMAES v0.1.0
  Updating `~/.julia/environments/v1.2/Manifest.toml`
  [fbb218c0] + BSON v0.2.4
  [4aa9d100] + GCMAES v0.1.0
  [ade2ca70] + Dates 
  [8ba89e20] + Distributed 
  [8f399da3] + Libdl 
  [37e2e46d] + LinearAlgebra 
  [de0858da] + Printf 
  [9a3f8284] + Random 
  [9e88b42a] + Serialization 
  [6462fe0b] + Sockets 
  [2f01184e] + SparseArrays 
  [10745b16] + Statistics 
  [4ec0a83e] + Unicode 
   Testing GCMAES
 Resolving package versions...
 Installed CommonSubexpressions ─ v0.2.0
 Installed BinaryProvider ─────── v0.5.8
 Installed Compat ─────────────── v2.2.0
 Installed DiffRules ──────────── v0.1.0
 Installed SpecialFunctions ───── v0.8.0
 Installed StaticArrays ───────── v0.12.1
 Installed ForwardDiff ────────── v0.10.7
 Installed URIParser ──────────── v0.4.0
 Installed NaNMath ────────────── v0.3.3
 Installed DiffResults ────────── v0.0.4
 Installed BinDeps ────────────── v0.8.10
  Building SpecialFunctions → `~/.julia/packages/SpecialFunctions/ne2iw/deps/build.log`
    Status `/tmp/jl_vBizaw/Manifest.toml`
  [fbb218c0] BSON v0.2.4
  [9e28174c] BinDeps v0.8.10
  [b99e7846] BinaryProvider v0.5.8
  [bbf7d656] CommonSubexpressions v0.2.0
  [34da2185] Compat v2.2.0
  [163ba53b] DiffResults v0.0.4
  [b552c78f] DiffRules v0.1.0
  [f6369f11] ForwardDiff v0.10.7
  [4aa9d100] GCMAES v0.1.0
  [77ba4419] NaNMath v0.3.3
  [276daf66] SpecialFunctions v0.8.0
  [90137ffa] StaticArrays v0.12.1
  [30578b45] URIParser v0.4.0
  [2a0f44e3] Base64  [`@stdlib/Base64`]
  [ade2ca70] Dates  [`@stdlib/Dates`]
  [8bb1440f] DelimitedFiles  [`@stdlib/DelimitedFiles`]
  [8ba89e20] Distributed  [`@stdlib/Distributed`]
  [b77e0a4c] InteractiveUtils  [`@stdlib/InteractiveUtils`]
  [76f85450] LibGit2  [`@stdlib/LibGit2`]
  [8f399da3] Libdl  [`@stdlib/Libdl`]
  [37e2e46d] LinearAlgebra  [`@stdlib/LinearAlgebra`]
  [56ddb016] Logging  [`@stdlib/Logging`]
  [d6f4376e] Markdown  [`@stdlib/Markdown`]
  [a63ad114] Mmap  [`@stdlib/Mmap`]
  [44cfe95a] Pkg  [`@stdlib/Pkg`]
  [de0858da] Printf  [`@stdlib/Printf`]
  [3fa0cd96] REPL  [`@stdlib/REPL`]
  [9a3f8284] Random  [`@stdlib/Random`]
  [ea8e919c] SHA  [`@stdlib/SHA`]
  [9e88b42a] Serialization  [`@stdlib/Serialization`]
  [1a1011a3] SharedArrays  [`@stdlib/SharedArrays`]
  [6462fe0b] Sockets  [`@stdlib/Sockets`]
  [2f01184e] SparseArrays  [`@stdlib/SparseArrays`]
  [10745b16] Statistics  [`@stdlib/Statistics`]
  [8dfed614] Test  [`@stdlib/Test`]
  [cf7118a7] UUIDs  [`@stdlib/UUIDs`]
  [4ec0a83e] Unicode  [`@stdlib/Unicode`]
27-14 CMA-ES
time:15:33:25.919  iter:1  elapsed-time:5.83  pmap-time:1.38  grad-time:0.00  ls-time:0.27 ls-dec:0.00e+00
fcount:27  fval:2.60e+04  fmin:2.60e+04  norm:1.35e+01  penalty:0.00e+00  axis-ratio:1.00e+00  free-mem:36.91GB
time:15:33:33.322  iter:2  elapsed-time:7.19  pmap-time:0.00  grad-time:0.00  ls-time:0.00 ls-dec:0.00e+00
fcount:54  fval:2.59e+04  fmin:2.59e+04  norm:1.34e+01  penalty:0.00e+00  axis-ratio:1.00e+00  free-mem:35.96GB
time:15:33:33.436  iter:3  elapsed-time:0.10  pmap-time:0.00  grad-time:0.00  ls-time:0.00 ls-dec:0.00e+00
fcount:81  fval:2.57e+04  fmin:2.57e+04  norm:1.34e+01  penalty:0.00e+00  axis-ratio:1.00e+00  free-mem:35.85GB
time:15:33:33.55  iter:4  elapsed-time:0.11  pmap-time:0.00  grad-time:0.00  ls-time:0.00 ls-dec:0.00e+00
fcount:108  fval:2.56e+04  fmin:2.56e+04  norm:1.34e+01  penalty:0.00e+00  axis-ratio:1.00e+00  free-mem:35.75GB
time:15:33:33.678  iter:5  elapsed-time:0.13  pmap-time:0.00  grad-time:0.00  ls-time:0.00 ls-dec:0.00e+00
fcount:135  fval:2.54e+04  fmin:2.54e+04  norm:1.33e+01  penalty:0.00e+00  axis-ratio:1.00e+00  free-mem:35.75GB
time:15:33:33.808  iter:6  elapsed-time:0.13  pmap-time:0.00  grad-time:0.00  ls-time:0.00 ls-dec:0.00e+00
fcount:162  fval:2.53e+04  fmin:2.53e+04  norm:1.33e+01  penalty:0.00e+00  axis-ratio:1.00e+00  free-mem:35.76GB
time:15:33:33.88  iter:7  elapsed-time:0.07  pmap-time:0.00  grad-time:0.00  ls-time:0.00 ls-dec:0.00e+00
fcount:189  fval:2.52e+04  fmin:2.52e+04  norm:1.33e+01  penalty:0.00e+00  axis-ratio:1.00e+00  free-mem:35.71GB
time:15:33:33.958  iter:8  elapsed-time:0.08  pmap-time:0.00  grad-time:0.00  ls-time:0.00 ls-dec:0.00e+00
fcount:216  fval:2.50e+04  fmin:2.50e+04  norm:1.32e+01  penalty:0.00e+00  axis-ratio:1.00e+00  free-mem:35.67GB
time:15:33:34.084  iter:9  elapsed-time:0.13  pmap-time:0.00  grad-time:0.00  ls-time:0.00 ls-dec:0.00e+00
fcount:243  fval:2.49e+04  fmin:2.49e+04  norm:1.32e+01  penalty:0.00e+00  axis-ratio:1.00e+00  free-mem:35.68GB
time:15:33:34.142  iter:10  elapsed-time:0.06  pmap-time:0.00  grad-time:0.00  ls-time:0.00 ls-dec:0.00e+00
fcount:270  fval:2.47e+04  fmin:2.47e+04  norm:1.32e+01  penalty:0.00e+00  axis-ratio:1.00e+00  free-mem:35.68GB
time:15:33:34.333  iter:11  elapsed-time:0.19  pmap-time:0.00  grad-time:0.00  ls-time:0.00 ls-dec:0.00e+00
fcount:297  fval:2.46e+04  fmin:2.46e+04  norm:1.32e+01  penalty:0.00e+00  axis-ratio:1.00e+00  free-mem:35.53GB
time:15:33:34.415  iter:12  elapsed-time:0.08  pmap-time:0.00  grad-time:0.00  ls-time:0.00 ls-dec:0.00e+00
fcount:324  fval:2.45e+04  fmin:2.45e+04  norm:1.31e+01  penalty:0.00e+00  axis-ratio:1.00e+00  free-mem:35.49GB
time:15:33:34.494  iter:13  elapsed-time:0.08  pmap-time:0.00  grad-time:0.00  ls-time:0.00 ls-dec:0.00e+00
fcount:351  fval:2.43e+04  fmin:2.43e+04  norm:1.31e+01  penalty:0.00e+00  axis-ratio:1.00e+00  free-mem:35.42GB
time:15:33:48.441  iter:14  elapsed-time:13.94  pmap-time:0.00  grad-time:0.00  ls-time:0.00 ls-dec:0.00e+00
fcount:378  fval:2.43e+04  fmin:2.43e+04  norm:1.31e+01  penalty:0.00e+00  axis-ratio:1.00e+00  free-mem:35.14GB
time:15:33:48.881  iter:15  elapsed-time:0.44  pmap-time:0.00  grad-time:0.00  ls-time:0.00 ls-dec:0.00e+00
fcount:405  fval:2.40e+04  fmin:2.40e+04  norm:1.30e+01  penalty:0.00e+00  axis-ratio:1.00e+00  free-mem:35.34GB
time:15:33:49.219  iter:16  elapsed-time:0.34  pmap-time:0.00  grad-time:0.00  ls-time:0.00 ls-dec:0.00e+00
fcount:432  fval:2.40e+04  fmin:2.40e+04  norm:1.30e+01  penalty:0.00e+00  axis-ratio:1.00e+00  free-mem:35.28GB
time:15:33:49.318  iter:17  elapsed-time:0.10  pmap-time:0.01  grad-time:0.00  ls-time:0.00 ls-dec:0.00e+00
fcount:459  fval:2.39e+04  fmin:2.39e+04  norm:1.30e+01  penalty:0.00e+00  axis-ratio:1.00e+00  free-mem:35.25GB
time:15:33:49.367  iter:18  elapsed-time:0.05  pmap-time:0.00  grad-time:0.00  ls-time:0.00 ls-dec:0.00e+00
fcount:486  fval:2.37e+04  fmin:2.37e+04  norm:1.30e+01  penalty:0.00e+00  axis-ratio:1.00e+00  free-mem:35.24GB
time:15:33:49.41  iter:19  elapsed-time:0.04  pmap-time:0.00  grad-time:0.00  ls-time:0.00 ls-dec:0.00e+00
fcount:513  fval:2.35e+04  fmin:2.35e+04  norm:1.29e+01  penalty:0.00e+00  axis-ratio:1.00e+00  free-mem:35.24GB
time:15:33:49.458  iter:20  elapsed-time:0.05  pmap-time:0.00  grad-time:0.00  ls-time:0.00 ls-dec:0.00e+00
fcount:540  fval:2.34e+04  fmin:2.34e+04  norm:1.28e+01  penalty:0.00e+00  axis-ratio:1.00e+00  free-mem:35.33GB
time:15:33:49.509  iter:21  elapsed-time:0.05  pmap-time:0.00  grad-time:0.00  ls-time:0.00 ls-dec:0.00e+00
fcount:567  fval:2.32e+04  fmin:2.32e+04  norm:1.28e+01  penalty:0.00e+00  axis-ratio:1.00e+00  free-mem:35.29GB
time:15:33:49.597  iter:22  elapsed-time:0.09  pmap-time:0.00  grad-time:0.00  ls-time:0.00 ls-dec:0.00e+00
fcount:594  fval:2.31e+04  fmin:2.31e+04  norm:1.28e+01  penalty:0.00e+00  axis-ratio:1.00e+00  free-mem:35.20GB
time:15:33:49.654  iter:23  elapsed-time:0.06  pmap-time:0.00  grad-time:0.00  ls-time:0.00 ls-dec:0.00e+00
fcount:621  fval:2.30e+04  fmin:2.30e+04  norm:1.28e+01  penalty:0.00e+00  axis-ratio:1.00e+00  free-mem:35.33GB
time:15:33:49.72  iter:24  elapsed-time:0.06  pmap-time:0.01  grad-time:0.00  ls-time:0.00 ls-dec:0.00e+00
fcount:648  fval:2.28e+04  fmin:2.28e+04  norm:1.27e+01  penalty:0.00e+00  axis-ratio:1.00e+00  free-mem:35.30GB
time:15:33:49.795  iter:25  elapsed-time:0.07  pmap-time:0.00  grad-time:0.00  ls-time:0.00 ls-dec:0.00e+00
fcount:675  fval:2.27e+04  fmin:2.27e+04  norm:1.27e+01  penalty:0.00e+00  axis-ratio:1.00e+00  free-mem:35.27GB
time:15:33:50.021  iter:26  elapsed-time:0.22  pmap-time:0.00  grad-time:0.00  ls-time:0.00 ls-dec:0.00e+00
fcount:702  fval:2.26e+04  fmin:2.26e+04  norm:1.27e+01  penalty:0.00e+00  axis-ratio:1.00e+00  free-mem:35.21GB
time:15:33:50.123  iter:27  elapsed-time:0.07  pmap-time:0.00  grad-time:0.00  ls-time:0.00 ls-dec:0.00e+00
fcount:729  fval:2.25e+04  fmin:2.25e+04  norm:1.26e+01  penalty:0.00e+00  axis-ratio:1.00e+00  free-mem:35.19GB
time:15:34:08.794  iter:28  elapsed-time:18.67  pmap-time:0.00  grad-time:0.00  ls-time:0.00 ls-dec:0.00e+00
fcount:756  fval:2.24e+04  fmin:2.24e+04  norm:1.26e+01  penalty:0.00e+00  axis-ratio:1.00e+00  free-mem:33.63GB
time:15:34:09.381  iter:29  elapsed-time:0.58  pmap-time:0.00  grad-time:0.00  ls-time:0.00 ls-dec:0.00e+00
fcount:783  fval:2.23e+04  fmin:2.23e+04  norm:1.26e+01  penalty:0.00e+00  axis-ratio:1.00e+00  free-mem:33.25GB
time:15:34:09.536  iter:30  elapsed-time:0.14  pmap-time:0.00  grad-time:0.00  ls-time:0.00 ls-dec:0.00e+00
fcount:810  fval:2.21e+04  fmin:2.21e+04  norm:1.26e+01  penalty:0.00e+00  axis-ratio:1.00e+00  free-mem:33.39GB
time:15:34:09.743  iter:31  elapsed-time:0.21  pmap-time:0.00  grad-time:0.00  ls-time:0.00 ls-dec:0.00e+00
fcount:837  fval:2.21e+04  fmin:2.21e+04  norm:1.25e+01  penalty:0.00e+00  axis-ratio:1.00e+00  free-mem:33.41GB
time:15:34:09.901  iter:32  elapsed-time:0.15  pmap-time:0.00  grad-time:0.00  ls-time:0.00 ls-dec:0.00e+00
fcount:864  fval:2.20e+04  fmin:2.20e+04  norm:1.25e+01  penalty:0.00e+00  axis-ratio:1.00e+00  free-mem:33.25GB
time:15:34:10.07  iter:33  elapsed-time:0.16  pmap-time:0.00  grad-time:0.00  ls-time:0.00 ls-dec:0.00e+00
fcount:891  fval:2.19e+04  fmin:2.19e+04  norm:1.25e+01  penalty:0.00e+00  axis-ratio:1.00e+00  free-mem:33.35GB
time:15:34:10.199  iter:34  elapsed-time:0.11  pmap-time:0.00  grad-time:0.00  ls-time:0.00 ls-dec:0.00e+00
fcount:918  fval:2.18e+04  fmin:2.18e+04  norm:1.25e+01  penalty:0.00e+00  axis-ratio:1.00e+00  free-mem:33.36GB
time:15:34:10.333  iter:35  elapsed-time:0.12  pmap-time:0.00  grad-time:0.00  ls-time:0.00 ls-dec:0.00e+00
fcount:945  fval:2.17e+04  fmin:2.17e+04  norm:1.25e+01  penalty:0.00e+00  axis-ratio:1.00e+00  free-mem:33.44GB
time:15:34:10.48  iter:36  elapsed-time:0.14  pmap-time:0.00  grad-time:0.00  ls-time:0.00 ls-dec:0.00e+00
fcount:972  fval:2.16e+04  fmin:2.16e+04  norm:1.24e+01  penalty:0.00e+00  axis-ratio:1.00e+00  free-mem:33.60GB
time:15:34:10.764  iter:37  elapsed-time:0.28  pmap-time:0.00  grad-time:0.00  ls-time:0.00 ls-dec:0.00e+00
fcount:999  fval:2.15e+04  fmin:2.15e+04  norm:1.24e+01  penalty:0.00e+00  axis-ratio:1.00e+00  free-mem:33.87GB
time:15:34:11.016  iter:38  elapsed-time:0.25  pmap-time:0.00  grad-time:0.00  ls-time:0.00 ls-dec:0.00e+00
fcount:1026  fval:2.13e+04  fmin:2.13e+04  norm:1.23e+01  penalty:0.00e+00  axis-ratio:1.00e+00  free-mem:34.39GB
time:15:34:11.272  iter:39  elapsed-time:0.25  pmap-time:0.00  grad-time:0.00  ls-time:0.00 ls-dec:0.00e+00
fcount:1053  fval:2.13e+04  fmin:2.13e+04  norm:1.23e+01  penalty:0.00e+00  axis-ratio:1.00e+00  free-mem:34.27GB
time:15:34:11.552  iter:40  elapsed-time:0.28  pmap-time:0.00  grad-time:0.00  ls-time:0.00 ls-dec:0.00e+00
fcount:1080  fval:2.12e+04  fmin:2.12e+04  norm:1.23e+01  penalty:0.00e+00  axis-ratio:1.00e+00  free-mem:34.47GB
time:15:34:11.805  iter:41  elapsed-time:0.25  pmap-time:0.00  grad-time:0.00  ls-time:0.00 ls-dec:0.00e+00
fcount:1107  fval:2.11e+04  fmin:2.11e+04  norm:1.23e+01  penalty:0.00e+00  axis-ratio:1.00e+00  free-mem:34.24GB
time:15:34:22.083  iter:42  elapsed-time:10.27  pmap-time:0.00  grad-time:0.00  ls-time:0.00 ls-dec:0.00e+00
fcount:1134  fval:2.10e+04  fmin:2.10e+04  norm:1.23e+01  penalty:0.00e+00  axis-ratio:1.00e+00  free-mem:34.62GB
time:15:34:22.459  iter:43  elapsed-time:0.36  pmap-time:0.00  grad-time:0.00  ls-time:0.00 ls-dec:0.00e+00
fcount:1161  fval:2.08e+04  fmin:2.08e+04  norm:1.22e+01  penalty:0.00e+00  axis-ratio:1.00e+00  free-mem:34.47GB
time:15:34:22.582  iter:44  elapsed-time:0.12  pmap-time:0.00  grad-time:0.00  ls-time:0.00 ls-dec:0.00e+00
fcount:1188  fval:2.08e+04  fmin:2.08e+04  norm:1.22e+01  penalty:0.00e+00  axis-ratio:1.00e+00  free-mem:34.32GB
time:15:34:22.761  iter:45  elapsed-time:0.16  pmap-time:0.00  grad-time:0.00  ls-time:0.00 ls-dec:0.00e+00
fcount:1215  fval:2.07e+04  fmin:2.07e+04  norm:1.22e+01  penalty:0.00e+00  axis-ratio:1.00e+00  free-mem:34.60GB
time:15:34:22.892  iter:46  elapsed-time:0.10  pmap-time:0.00  grad-time:0.00  ls-time:0.00 ls-dec:0.00e+00
fcount:1242  fval:2.06e+04  fmin:2.06e+04  norm:1.22e+01  penalty:0.00e+00  axis-ratio:1.00e+00  free-mem:34.68GB
time:15:34:23.082  iter:47  elapsed-time:0.16  pmap-time:0.00  grad-time:0.00  ls-time:0.00 ls-dec:0.00e+00
fcount:1269  fval:2.05e+04  fmin:2.05e+04  norm:1.21e+01  penalty:0.00e+00  axis-ratio:1.00e+00  free-mem:34.55GB
time:15:34:23.22  iter:48  elapsed-time:0.10  pmap-time:0.00  grad-time:0.00  ls-time:0.00 ls-dec:0.00e+00
fcount:1296  fval:2.03e+04  fmin:2.03e+04  norm:1.21e+01  penalty:0.00e+00  axis-ratio:1.00e+00  free-mem:34.62GB
time:15:34:23.359  iter:49  elapsed-time:0.10  pmap-time:0.00  grad-time:0.00  ls-time:0.00 ls-dec:0.00e+00
fcount:1323  fval:2.02e+04  fmin:2.02e+04  norm:1.21e+01  penalty:0.00e+00  axis-ratio:1.00e+00  free-mem:34.72GB
time:15:34:23.479  iter:50  elapsed-time:0.11  pmap-time:0.00  grad-time:0.00  ls-time:0.00 ls-dec:0.00e+00
fcount:1350  fval:2.01e+04  fmin:2.01e+04  norm:1.20e+01  penalty:0.00e+00  axis-ratio:1.00e+00  free-mem:34.71GB
time:15:34:23.607  iter:51  elapsed-time:0.11  pmap-time:0.01  grad-time:0.00  ls-time:0.00 ls-dec:0.00e+00
fcount:1377  fval:1.99e+04  fmin:1.99e+04  norm:1.20e+01  penalty:0.00e+00  axis-ratio:1.00e+00  free-mem:34.77GB
time:15:34:23.765  iter:52  elapsed-time:0.13  pmap-time:0.00  grad-time:0.00  ls-time:0.00 ls-dec:0.00e+00
fcount:1404  fval:1.98e+04  fmin:1.98e+04  norm:1.20e+01  penalty:0.00e+00  axis-ratio:1.00e+00  free-mem:34.69GB
time:15:34:23.956  iter:53  elapsed-time:0.18  pmap-time:0.00  grad-time:0.00  ls-time:0.00 ls-dec:0.00e+00
fcount:1431  fval:1.97e+04  fmin:1.97e+04  norm:1.19e+01  penalty:0.00e+00  axis-ratio:1.00e+00  free-mem:34.51GB
time:15:34:24.11  iter:54  elapsed-time:0.14  pmap-time:0.00  grad-time:0.00  ls-time:0.00 ls-dec:0.00e+00
fcount:1458  fval:1.97e+04  fmin:1.97e+04  norm:1.19e+01  penalty:0.00e+00  axis-ratio:1.00e+00  free-mem:34.40GB
time:15:34:24.275  iter:55  elapsed-time:0.15  pmap-time:0.00  grad-time:0.00  ls-time:0.00 ls-dec:0.00e+00
fcount:1485  fval:1.96e+04  fmin:1.96e+04  norm:1.19e+01  penalty:0.00e+00  axis-ratio:1.00e+00  free-mem:34.31GB
time:15:34:39.761  iter:56  elapsed-time:15.47  pmap-time:0.00  grad-time:0.00  ls-time:0.00 ls-dec:0.00e+00
fcount:1512  fval:1.94e+04  fmin:1.94e+04  norm:1.19e+01  penalty:0.00e+00  axis-ratio:1.00e+00  free-mem:33.52GB
time:15:34:42.439  iter:57  elapsed-time:2.67  pmap-time:0.00  grad-time:0.00  ls-time:0.00 ls-dec:0.00e+00
fcount:1539  fval:1.93e+04  fmin:1.93e+04  norm:1.19e+01  penalty:0.00e+00  axis-ratio:1.00e+00  free-mem:33.36GB
time:15:34:42.76  iter:58  elapsed-time:0.31  pmap-time:0.00  grad-time:0.00  ls-time:0.00 ls-dec:0.00e+00
fcount:1566  fval:1.92e+04  fmin:1.92e+04  norm:1.18e+01  penalty:0.00e+00  axis-ratio:1.00e+00  free-mem:33.65GB
time:15:34:42.944  iter:59  elapsed-time:0.17  pmap-time:0.00  grad-time:0.00  ls-time:0.00 ls-dec:0.00e+00
fcount:1593  fval:1.92e+04  fmin:1.92e+04  norm:1.18e+01  penalty:0.00e+00  axis-ratio:1.00e+00  free-mem:33.57GB
time:15:34:43.168  iter:60  elapsed-time:0.22  pmap-time:0.00  grad-time:0.00  ls-time:0.00 ls-dec:0.00e+00
fcount:1620  fval:1.90e+04  fmin:1.90e+04  norm:1.18e+01  penalty:0.00e+00  axis-ratio:1.00e+00  free-mem:33.42GB
time:15:34:43.335  iter:61  elapsed-time:0.15  pmap-time:0.00  grad-time:0.00  ls-time:0.00 ls-dec:0.00e+00
fcount:1647  fval:1.90e+04  fmin:1.90e+04  norm:1.18e+01  penalty:0.00e+00  axis-ratio:1.00e+00  free-mem:33.35GB
time:15:34:43.515  iter:62  elapsed-time:0.16  pmap-time:0.00  grad-time:0.00  ls-time:0.00 ls-dec:0.00e+00
fcount:1674  fval:1.89e+04  fmin:1.89e+04  norm:1.18e+01  penalty:0.00e+00  axis-ratio:1.00e+00  free-mem:33.53GB
time:15:34:43.672  iter:63  elapsed-time:0.14  pmap-time:0.00  grad-time:0.00  ls-time:0.00 ls-dec:0.00e+00
fcount:1701  fval:1.88e+04  fmin:1.88e+04  norm:1.17e+01  penalty:0.00e+00  axis-ratio:1.00e+00  free-mem:33.46GB
time:15:34:43.8  iter:64  elapsed-time:0.12  pmap-time:0.00  grad-time:0.00  ls-time:0.00 ls-dec:0.00e+00
fcount:1728  fval:1.87e+04  fmin:1.87e+04  norm:1.17e+01  penalty:0.00e+00  axis-ratio:1.00e+00  free-mem:33.43GB
time:15:34:44.008  iter:65  elapsed-time:0.21  pmap-time:0.00  grad-time:0.00  ls-time:0.00 ls-dec:0.00e+00
fcount:1755  fval:1.86e+04  fmin:1.86e+04  norm:1.17e+01  penalty:0.00e+00  axis-ratio:1.00e+00  free-mem:33.77GB
time:15:34:44.192  iter:66  elapsed-time:0.18  pmap-time:0.00  grad-time:0.00  ls-time:0.00 ls-dec:0.00e+00
fcount:1782  fval:1.85e+04  fmin:1.85e+04  norm:1.17e+01  penalty:0.00e+00  axis-ratio:1.00e+00  free-mem:33.82GB
time:15:34:44.46  iter:67  elapsed-time:0.27  pmap-time:0.00  grad-time:0.00  ls-time:0.00 ls-dec:0.00e+00
fcount:1809  fval:1.84e+04  fmin:1.84e+04  norm:1.16e+01  penalty:0.00e+00  axis-ratio:1.00e+00  free-mem:33.78GB
time:15:34:44.685  iter:68  elapsed-time:0.22  pmap-time:0.00  grad-time:0.00  ls-time:0.00 ls-dec:0.00e+00
fcount:1836  fval:1.84e+04  fmin:1.84e+04  norm:1.16e+01  penalty:0.00e+00  axis-ratio:1.00e+00  free-mem:33.75GB
time:15:34:44.889  iter:69  elapsed-time:0.20  pmap-time:0.00  grad-time:0.00  ls-time:0.00 ls-dec:0.00e+00
fcount:1863  fval:1.83e+04  fmin:1.83e+04  norm:1.16e+01  penalty:0.00e+00  axis-ratio:1.00e+00  free-mem:33.94GB
time:15:34:58.06  iter:70  elapsed-time:13.15  pmap-time:0.01  grad-time:0.00  ls-time:0.00 ls-dec:0.00e+00
fcount:1890  fval:1.82e+04  fmin:1.82e+04  norm:1.16e+01  penalty:0.00e+00  axis-ratio:1.01e+00  free-mem:34.04GB
time:15:34:58.476  iter:71  elapsed-time:0.41  pmap-time:0.00  grad-time:0.00  ls-time:0.00 ls-dec:0.00e+00
fcount:1917  fval:1.81e+04  fmin:1.81e+04  norm:1.16e+01  penalty:0.00e+00  axis-ratio:1.01e+00  free-mem:34.83GB
time:15:34:58.868  iter:72  elapsed-time:0.38  pmap-time:0.00  grad-time:0.00  ls-time:0.00 ls-dec:0.00e+00
fcount:1944  fval:1.80e+04  fmin:1.80e+04  norm:1.15e+01  penalty:0.00e+00  axis-ratio:1.01e+00  free-mem:34.94GB
time:15:34:58.987  iter:73  elapsed-time:0.11  pmap-time:0.00  grad-time:0.00  ls-time:0.00 ls-dec:0.00e+00
fcount:1971  fval:1.78e+04  fmin:1.78e+04  norm:1.15e+01  penalty:0.00e+00  axis-ratio:1.01e+00  free-mem:34.78GB
time:15:34:59.142  iter:74  elapsed-time:0.15  pmap-time:0.00  grad-time:0.00  ls-time:0.00 ls-dec:0.00e+00
fcount:1998  fval:1.77e+04  fmin:1.77e+04  norm:1.15e+01  penalty:0.00e+00  axis-ratio:1.01e+00  free-mem:34.87GB
time:15:34:59.319  iter:75  elapsed-time:0.18  pmap-time:0.00  grad-time:0.00  ls-time:0.00 ls-dec:0.00e+00
fcount:2025  fval:1.75e+04  fmin:1.75e+04  norm:1.14e+01  penalty:0.00e+00  axis-ratio:1.01e+00  free-mem:34.98GB
time:15:34:59.554  iter:76  elapsed-time:0.23  pmap-time:0.00  grad-time:0.00  ls-time:0.00 ls-dec:0.00e+00
fcount:2052  fval:1.75e+04  fmin:1.75e+04  norm:1.14e+01  penalty:0.00e+00  axis-ratio:1.01e+00  free-mem:35.00GB
time:15:34:59.792  iter:77  elapsed-time:0.22  pmap-time:0.00  grad-time:0.00  ls-time:0.00 ls-dec:0.00e+00
fcount:2079  fval:1.74e+04  fmin:1.74e+04  norm:1.14e+01  penalty:0.00e+00  axis-ratio:1.01e+00  free-mem:34.77GB
time:15:35:00.07  iter:78  elapsed-time:0.28  pmap-time:0.00  grad-time:0.00  ls-time:0.00 ls-dec:0.00e+00
fcount:2106  fval:1.74e+04  fmin:1.74e+04  norm:1.14e+01  penalty:0.00e+00  axis-ratio:1.01e+00  free-mem:34.78GB
time:15:35:00.18  iter:79  elapsed-time:0.10  pmap-time:0.00  grad-time:0.00  ls-time:0.00 ls-dec:0.00e+00
fcount:2133  fval:1.73e+04  fmin:1.73e+04  norm:1.14e+01  penalty:0.00e+00  axis-ratio:1.01e+00  free-mem:34.74GB
time:15:35:00.303  iter:80  elapsed-time:0.12  pmap-time:0.00  grad-time:0.00  ls-time:0.00 ls-dec:0.00e+00
fcount:2160  fval:1.72e+04  fmin:1.72e+04  norm:1.13e+01  penalty:0.00e+00  axis-ratio:1.01e+00  free-mem:34.73GB
time:15:35:00.385  iter:81  elapsed-time:0.07  pmap-time:0.00  grad-time:0.00  ls-time:0.00 ls-dec:0.00e+00
fcount:2187  fval:1.72e+04  fmin:1.72e+04  norm:1.13e+01  penalty:0.00e+00  axis-ratio:1.01e+00  free-mem:34.80GB
time:15:35:00.447  iter:82  elapsed-time:0.06  pmap-time:0.00  grad-time:0.00  ls-time:0.00 ls-dec:0.00e+00
fcount:2214  fval:1.71e+04  fmin:1.71e+04  norm:1.13e+01  penalty:0.00e+00  axis-ratio:1.01e+00  free-mem:34.78GB
time:15:35:00.593  iter:83  elapsed-time:0.14  pmap-time:0.00  grad-time:0.00  ls-time:0.00 ls-dec:0.00e+00
fcount:2241  fval:1.71e+04  fmin:1.71e+04  norm:1.13e+01  penalty:0.00e+00  axis-ratio:1.01e+00  free-mem:34.77GB
time:15:35:14.332  iter:84  elapsed-time:13.74  pmap-time:0.00  grad-time:0.00  ls-time:0.00 ls-dec:0.00e+00
fcount:2268  fval:1.69e+04  fmin:1.69e+04  norm:1.12e+01  penalty:0.00e+00  axis-ratio:1.01e+00  free-mem:34.63GB
time:15:35:15.133  iter:85  elapsed-time:0.78  pmap-time:0.05  grad-time:0.00  ls-time:0.00 ls-dec:0.00e+00
fcount:2295  fval:1.69e+04  fmin:1.69e+04  norm:1.12e+01  penalty:0.00e+00  axis-ratio:1.01e+00  free-mem:35.38GB
time:15:35:15.379  iter:86  elapsed-time:0.23  pmap-time:0.00  grad-time:0.00  ls-time:0.00 ls-dec:0.00e+00
fcount:2322  fval:1.68e+04  fmin:1.68e+04  norm:1.12e+01  penalty:0.00e+00  axis-ratio:1.01e+00  free-mem:35.60GB
time:15:35:15.554  iter:87  elapsed-time:0.16  pmap-time:0.00  grad-time:0.00  ls-time:0.00 ls-dec:0.00e+00
fcount:2349  fval:1.67e+04  fmin:1.67e+04  norm:1.11e+01  penalty:0.00e+00  axis-ratio:1.01e+00  free-mem:35.90GB
time:15:35:15.688  iter:88  elapsed-time:0.12  pmap-time:0.00  grad-time:0.00  ls-time:0.00 ls-dec:0.00e+00
fcount:2376  fval:1.65e+04  fmin:1.65e+04  norm:1.11e+01  penalty:0.00e+00  axis-ratio:1.01e+00  free-mem:35.86GB
time:15:35:15.818  iter:89  elapsed-time:0.13  pmap-time:0.00  grad-time:0.00  ls-time:0.00 ls-dec:0.00e+00
fcount:2403  fval:1.65e+04  fmin:1.65e+04  norm:1.11e+01  penalty:0.00e+00  axis-ratio:1.01e+00  free-mem:35.84GB
time:15:35:15.964  iter:90  elapsed-time:0.14  pmap-time:0.00  grad-time:0.00  ls-time:0.00 ls-dec:0.00e+00
fcount:2430  fval:1.63e+04  fmin:1.63e+04  norm:1.10e+01  penalty:0.00e+00  axis-ratio:1.01e+00  free-mem:36.09GB
time:15:35:16.086  iter:91  elapsed-time:0.12  pmap-time:0.00  grad-time:0.00  ls-time:0.00 ls-dec:0.00e+00
fcount:2457  fval:1.62e+04  fmin:1.62e+04  norm:1.11e+01  penalty:0.00e+00  axis-ratio:1.01e+00  free-mem:35.99GB
time:15:35:16.206  iter:92  elapsed-time:0.12  pmap-time:0.00  grad-time:0.00  ls-time:0.00 ls-dec:0.00e+00
fcount:2484  fval:1.62e+04  fmin:1.62e+04  norm:1.10e+01  penalty:0.00e+00  axis-ratio:1.01e+00  free-mem:36.11GB
time:15:35:16.341  iter:93  elapsed-time:0.13  pmap-time:0.00  grad-time:0.00  ls-time:0.00 ls-dec:0.00e+00
fcount:2511  fval:1.61e+04  fmin:1.61e+04  norm:1.10e+01  penalty:0.00e+00  axis-ratio:1.01e+00  free-mem:36.10GB
time:15:35:16.469  iter:94  elapsed-time:0.12  pmap-time:0.00  grad-time:0.00  ls-time:0.00 ls-dec:0.00e+00
fcount:2538  fval:1.59e+04  fmin:1.59e+04  norm:1.10e+01  penalty:0.00e+00  axis-ratio:1.01e+00  free-mem:36.13GB
time:15:35:16.577  iter:95  elapsed-time:0.11  pmap-time:0.00  grad-time:0.00  ls-time:0.00 ls-dec:0.00e+00
fcount:2565  fval:1.59e+04  fmin:1.59e+04  norm:1.10e+01  penalty:0.00e+00  axis-ratio:1.01e+00  free-mem:36.07GB
time:15:35:16.685  iter:96  elapsed-time:0.11  pmap-time:0.00  grad-time:0.00  ls-time:0.00 ls-dec:0.00e+00
fcount:2592  fval:1.58e+04  fmin:1.58e+04  norm:1.09e+01  penalty:0.00e+00  axis-ratio:1.01e+00  free-mem:35.93GB
time:15:35:16.808  iter:97  elapsed-time:0.12  pmap-time:0.00  grad-time:0.00  ls-time:0.00 ls-dec:0.00e+00
fcount:2619  fval:1.57e+04  fmin:1.57e+04  norm:1.09e+01  penalty:0.00e+00  axis-ratio:1.01e+00  free-mem:35.83GB
time:15:35:31.953  iter:98  elapsed-time:15.13  pmap-time:0.00  grad-time:0.00  ls-time:0.00 ls-dec:0.00e+00
fcount:2646  fval:1.57e+04  fmin:1.57e+04  norm:1.09e+01  penalty:0.00e+00  axis-ratio:1.01e+00  free-mem:36.76GB
time:15:35:32.446  iter:99  elapsed-time:0.48  pmap-time:0.00  grad-time:0.00  ls-time:0.00 ls-dec:0.00e+00
fcount:2673  fval:1.56e+04  fmin:1.56e+04  norm:1.09e+01  penalty:0.00e+00  axis-ratio:1.01e+00  free-mem:36.61GB
time:15:35:32.668  iter:100  elapsed-time:0.20  pmap-time:0.00  grad-time:0.00  ls-time:0.00 ls-dec:0.00e+00
fcount:2700  fval:1.55e+04  fmin:1.55e+04  norm:1.09e+01  penalty:0.00e+00  axis-ratio:1.01e+00  free-mem:36.46GB
time:15:35:32.918  iter:101  elapsed-time:0.25  pmap-time:0.00  grad-time:0.00  ls-time:0.00 ls-dec:0.00e+00
fcount:2727  fval:1.54e+04  fmin:1.54e+04  norm:1.09e+01  penalty:0.00e+00  axis-ratio:1.01e+00  free-mem:36.54GB
time:15:35:33.171  iter:102  elapsed-time:0.23  pmap-time:0.00  grad-time:0.00  ls-time:0.00 ls-dec:0.00e+00
fcount:2754  fval:1.53e+04  fmin:1.53e+04  norm:1.08e+01  penalty:0.00e+00  axis-ratio:1.01e+00  free-mem:36.56GB
time:15:35:33.388  iter:103  elapsed-time:0.22  pmap-time:0.00  grad-time:0.00  ls-time:0.00 ls-dec:0.00e+00
fcount:2781  fval:1.51e+04  fmin:1.51e+04  norm:1.08e+01  penalty:0.00e+00  axis-ratio:1.01e+00  free-mem:36.65GB
time:15:35:33.58  iter:104  elapsed-time:0.19  pmap-time:0.00  grad-time:0.00  ls-time:0.00 ls-dec:0.00e+00
fcount:2808  fval:1.51e+04  fmin:1.51e+04  norm:1.08e+01  penalty:0.00e+00  axis-ratio:1.01e+00  free-mem:36.46GB
time:15:35:33.769  iter:105  elapsed-time:0.19  pmap-time:0.00  grad-time:0.00  ls-time:0.00 ls-dec:0.00e+00
fcount:2835  fval:1.50e+04  fmin:1.50e+04  norm:1.08e+01  penalty:0.00e+00  axis-ratio:1.01e+00  free-mem:36.38GB
time:15:35:33.959  iter:106  elapsed-time:0.19  pmap-time:0.00  grad-time:0.00  ls-time:0.00 ls-dec:0.00e+00
fcount:2862  fval:1.50e+04  fmin:1.50e+04  norm:1.08e+01  penalty:0.00e+00  axis-ratio:1.01e+00  free-mem:36.43GB
time:15:35:34.092  iter:107  elapsed-time:0.13  pmap-time:0.00  grad-time:0.00  ls-time:0.00 ls-dec:0.00e+00
fcount:2889  fval:1.49e+04  fmin:1.49e+04  norm:1.08e+01  penalty:0.00e+00  axis-ratio:1.01e+00  free-mem:36.46GB
time:15:35:34.254  iter:108  elapsed-time:0.15  pmap-time:0.00  grad-time:0.00  ls-time:0.00 ls-dec:0.00e+00
fcount:2916  fval:1.49e+04  fmin:1.49e+04  norm:1.08e+01  penalty:0.00e+00  axis-ratio:1.01e+00  free-mem:36.48GB
time:15:35:34.469  iter:109  elapsed-time:0.20  pmap-time:0.00  grad-time:0.00  ls-time:0.00 ls-dec:0.00e+00
fcount:2943  fval:1.48e+04  fmin:1.48e+04  norm:1.07e+01  penalty:0.00e+00  axis-ratio:1.01e+00  free-mem:36.28GB
time:15:35:34.691  iter:110  elapsed-time:0.21  pmap-time:0.00  grad-time:0.00  ls-time:0.00 ls-dec:0.00e+00
fcount:2970  fval:1.48e+04  fmin:1.48e+04  norm:1.07e+01  penalty:0.00e+00  axis-ratio:1.01e+00  free-mem:36.17GB
time:15:35:48.435  iter:111  elapsed-time:13.73  pmap-time:0.00  grad-time:0.00  ls-time:0.00 ls-dec:0.00e+00
fcount:2997  fval:1.47e+04  fmin:1.47e+04  norm:1.07e+01  penalty:0.00e+00  axis-ratio:1.01e+00  free-mem:37.57GB
time:15:35:51.134  iter:112  elapsed-time:2.70  pmap-time:0.00  grad-time:0.00  ls-time:0.00 ls-dec:0.00e+00
fcount:3024  fval:1.47e+04  fmin:1.47e+04  norm:1.07e+01  penalty:0.00e+00  axis-ratio:1.01e+00  free-mem:36.88GB
time:15:35:51.34  iter:113  elapsed-time:0.20  pmap-time:0.00  grad-time:0.00  ls-time:0.00 ls-dec:0.00e+00
fcount:3051  fval:1.46e+04  fmin:1.46e+04  norm:1.07e+01  penalty:0.00e+00  axis-ratio:1.01e+00  free-mem:37.16GB
time:15:35:51.412  iter:114  elapsed-time:0.07  pmap-time:0.00  grad-time:0.00  ls-time:0.00 ls-dec:0.00e+00
fcount:3078  fval:1.46e+04  fmin:1.46e+04  norm:1.06e+01  penalty:0.00e+00  axis-ratio:1.01e+00  free-mem:37.11GB
time:15:35:51.484  iter:115  elapsed-time:0.07  pmap-time:0.00  grad-time:0.00  ls-time:0.00 ls-dec:0.00e+00
fcount:3105  fval:1.45e+04  fmin:1.45e+04  norm:1.06e+01  penalty:0.00e+00  axis-ratio:1.01e+00  free-mem:37.06GB
time:15:35:51.581  iter:116  elapsed-time:0.10  pmap-time:0.00  grad-time:0.00  ls-time:0.00 ls-dec:0.00e+00
fcount:3132  fval:1.44e+04  fmin:1.44e+04  norm:1.06e+01  penalty:0.00e+00  axis-ratio:1.01e+00  free-mem:37.03GB
time:15:35:51.705  iter:117  elapsed-time:0.12  pmap-time:0.00  grad-time:0.00  ls-time:0.00 ls-dec:0.00e+00
fcount:3159  fval:1.43e+04  fmin:1.43e+04  norm:1.06e+01  penalty:0.00e+00  axis-ratio:1.01e+00  free-mem:37.04GB
time:15:35:51.926  iter:118  elapsed-time:0.22  pmap-time:0.00  grad-time:0.00  ls-time:0.00 ls-dec:0.00e+00
fcount:3186  fval:1.43e+04  fmin:1.43e+04  norm:1.06e+01  penalty:0.00e+00  axis-ratio:1.01e+00  free-mem:36.80GB
time:15:35:52.061  iter:119  elapsed-time:0.13  pmap-time:0.00  grad-time:0.00  ls-time:0.00 ls-dec:0.00e+00
fcount:3213  fval:1.42e+04  fmin:1.42e+04  norm:1.06e+01  penalty:0.00e+00  axis-ratio:1.01e+00  free-mem:36.77GB
time:15:35:52.236  iter:120  elapsed-time:0.17  pmap-time:0.00  grad-time:0.00  ls-time:0.00 ls-dec:0.00e+00
fcount:3240  fval:1.41e+04  fmin:1.41e+04  norm:1.05e+01  penalty:0.00e+00  axis-ratio:1.01e+00  free-mem:36.71GB
time:15:35:52.428  iter:121  elapsed-time:0.19  pmap-time:0.00  grad-time:0.00  ls-time:0.00 ls-dec:0.00e+00
fcount:3267  fval:1.41e+04  fmin:1.41e+04  norm:1.05e+01  penalty:0.00e+00  axis-ratio:1.01e+00  free-mem:36.55GB
time:15:35:52.644  iter:122  elapsed-time:0.22  pmap-time:0.00  grad-time:0.00  ls-time:0.00 ls-dec:0.00e+00
fcount:3294  fval:1.40e+04  fmin:1.40e+04  norm:1.05e+01  penalty:0.00e+00  axis-ratio:1.01e+00  free-mem:36.56GB
time:15:35:52.848  iter:123  elapsed-time:0.20  pmap-time:0.00  grad-time:0.00  ls-time:0.00 ls-dec:0.00e+00
fcount:3321  fval:1.39e+04  fmin:1.39e+04  norm:1.05e+01  penalty:0.00e+00  axis-ratio:1.01e+00  free-mem:36.50GB
time:15:35:52.996  iter:124  elapsed-time:0.14  pmap-time:0.00  grad-time:0.00  ls-time:0.00 ls-dec:0.00e+00
fcount:3348  fval:1.39e+04  fmin:1.39e+04  norm:1.05e+01  penalty:0.00e+00  axis-ratio:1.01e+00  free-mem:36.65GB
time:15:36:03.834  iter:125  elapsed-time:10.83  pmap-time:0.00  grad-time:0.00  ls-time:0.00 ls-dec:0.00e+00
fcount:3375  fval:1.37e+04  fmin:1.37e+04  norm:1.04e+01  penalty:0.00e+00  axis-ratio:1.02e+00  free-mem:35.54GB
time:15:36:04.259  iter:126  elapsed-time:0.42  pmap-time:0.00  grad-time:0.00  ls-time:0.00 ls-dec:0.00e+00
fcount:3402  fval:1.37e+04  fmin:1.37e+04  norm:1.04e+01  penalty:0.00e+00  axis-ratio:1.02e+00  free-mem:35.63GB
time:15:36:04.601  iter:127  elapsed-time:0.33  pmap-time:0.00  grad-time:0.00  ls-time:0.00 ls-dec:0.00e+00
fcount:3429  fval:1.36e+04  fmin:1.36e+04  norm:1.04e+01  penalty:0.00e+00  axis-ratio:1.02e+00  free-mem:36.22GB
time:15:36:04.711  iter:128  elapsed-time:0.10  pmap-time:0.00  grad-time:0.00  ls-time:0.00 ls-dec:0.00e+00
fcount:3456  fval:1.36e+04  fmin:1.36e+04  norm:1.04e+01  penalty:0.00e+00  axis-ratio:1.02e+00  free-mem:36.28GB
time:15:36:04.854  iter:129  elapsed-time:0.13  pmap-time:0.00  grad-time:0.00  ls-time:0.00 ls-dec:0.00e+00
fcount:3483  fval:1.35e+04  fmin:1.35e+04  norm:1.04e+01  penalty:0.00e+00  axis-ratio:1.02e+00  free-mem:36.18GB
time:15:36:04.946  iter:130  elapsed-time:0.09  pmap-time:0.00  grad-time:0.00  ls-time:0.00 ls-dec:0.00e+00
fcount:3510  fval:1.34e+04  fmin:1.34e+04  norm:1.04e+01  penalty:0.00e+00  axis-ratio:1.02e+00  free-mem:36.16GB
time:15:36:05.04  iter:131  elapsed-time:0.09  pmap-time:0.00  grad-time:0.00  ls-time:0.00 ls-dec:0.00e+00
fcount:3537  fval:1.33e+04  fmin:1.33e+04  norm:1.04e+01  penalty:0.00e+00  axis-ratio:1.02e+00  free-mem:36.07GB
time:15:36:05.101  iter:132  elapsed-time:0.06  pmap-time:0.00  grad-time:0.00  ls-time:0.00 ls-dec:0.00e+00
fcount:3564  fval:1.32e+04  fmin:1.32e+04  norm:1.03e+01  penalty:0.00e+00  axis-ratio:1.02e+00  free-mem:36.06GB
time:15:36:05.192  iter:133  elapsed-time:0.09  pmap-time:0.00  grad-time:0.00  ls-time:0.00 ls-dec:0.00e+00
fcount:3591  fval:1.32e+04  fmin:1.32e+04  norm:1.03e+01  penalty:0.00e+00  axis-ratio:1.02e+00  free-mem:36.32GB
time:15:36:05.353  iter:134  elapsed-time:0.16  pmap-time:0.00  grad-time:0.00  ls-time:0.00 ls-dec:0.00e+00
fcount:3618  fval:1.31e+04  fmin:1.31e+04  norm:1.03e+01  penalty:0.00e+00  axis-ratio:1.02e+00  free-mem:36.21GB
time:15:36:05.485  iter:135  elapsed-time:0.12  pmap-time:0.00  grad-time:0.00  ls-time:0.00 ls-dec:0.00e+00
fcount:3645  fval:1.31e+04  fmin:1.31e+04  norm:1.03e+01  penalty:0.00e+00  axis-ratio:1.02e+00  free-mem:36.32GB
time:15:36:05.556  iter:136  elapsed-time:0.07  pmap-time:0.00  grad-time:0.00  ls-time:0.00 ls-dec:0.00e+00
fcount:3672  fval:1.30e+04  fmin:1.30e+04  norm:1.03e+01  penalty:0.00e+00  axis-ratio:1.02e+00  free-mem:36.53GB
time:15:36:05.726  iter:137  elapsed-time:0.17  pmap-time:0.00  grad-time:0.00  ls-time:0.00 ls-dec:0.00e+00
fcount:3699  fval:1.30e+04  fmin:1.30e+04  norm:1.02e+01  penalty:0.00e+00  axis-ratio:1.02e+00  free-mem:36.36GB
time:15:36:05.766  iter:138  elapsed-time:0.04  pmap-time:0.00  grad-time:0.00  ls-time:0.00 ls-dec:0.00e+00
fcount:3726  fval:1.29e+04  fmin:1.29e+04  norm:1.03e+01  penalty:0.00e+00  axis-ratio:1.02e+00  free-mem:36.34GB
time:15:36:19.825  iter:139  elapsed-time:14.06  pmap-time:0.00  grad-time:0.00  ls-time:0.00 ls-dec:0.00e+00
fcount:3753  fval:1.28e+04  fmin:1.28e+04  norm:1.03e+01  penalty:0.00e+00  axis-ratio:1.02e+00  free-mem:35.94GB
time:15:36:20.225  iter:140  elapsed-time:0.40  pmap-time:0.00  grad-time:0.00  ls-time:0.00 ls-dec:0.00e+00
fcount:3780  fval:1.27e+04  fmin:1.27e+04  norm:1.02e+01  penalty:0.00e+00  axis-ratio:1.02e+00  free-mem:35.89GB
time:15:36:20.341  iter:141  elapsed-time:0.12  pmap-time:0.00  grad-time:0.00  ls-time:0.00 ls-dec:0.00e+00
fcount:3807  fval:1.27e+04  fmin:1.27e+04  norm:1.02e+01  penalty:0.00e+00  axis-ratio:1.02e+00  free-mem:35.99GB
time:15:36:20.417  iter:142  elapsed-time:0.08  pmap-time:0.00  grad-time:0.00  ls-time:0.00 ls-dec:0.00e+00
fcount:3834  fval:1.26e+04  fmin:1.26e+04  norm:1.02e+01  penalty:0.00e+00  axis-ratio:1.02e+00  free-mem:35.92GB
time:15:36:20.507  iter:143  elapsed-time:0.09  pmap-time:0.00  grad-time:0.00  ls-time:0.00 ls-dec:0.00e+00
fcount:3861  fval:1.26e+04  fmin:1.26e+04  norm:1.02e+01  penalty:0.00e+00  axis-ratio:1.02e+00  free-mem:35.89GB
time:15:36:20.707  iter:144  elapsed-time:0.20  pmap-time:0.00  grad-time:0.00  ls-time:0.00 ls-dec:0.00e+00
fcount:3888  fval:1.25e+04  fmin:1.25e+04  norm:1.01e+01  penalty:0.00e+00  axis-ratio:1.02e+00  free-mem:35.97GB
time:15:36:20.792  iter:145  elapsed-time:0.08  pmap-time:0.00  grad-time:0.00  ls-time:0.00 ls-dec:0.00e+00
fcount:3915  fval:1.25e+04  fmin:1.25e+04  norm:1.01e+01  penalty:0.00e+00  axis-ratio:1.02e+00  free-mem:35.92GB
time:15:36:20.845  iter:146  elapsed-time:0.05  pmap-time:0.00  grad-time:0.00  ls-time:0.00 ls-dec:0.00e+00
fcount:3942  fval:1.23e+04  fmin:1.23e+04  norm:1.01e+01  penalty:0.00e+00  axis-ratio:1.02e+00  free-mem:35.86GB
time:15:36:20.96  iter:147  elapsed-time:0.11  pmap-time:0.00  grad-time:0.00  ls-time:0.00 ls-dec:0.00e+00
fcount:3969  fval:1.23e+04  fmin:1.23e+04  norm:1.01e+01  penalty:0.00e+00  axis-ratio:1.02e+00  free-mem:35.92GB
time:15:36:21.132  iter:148  elapsed-time:0.17  pmap-time:0.00  grad-time:0.00  ls-time:0.00 ls-dec:0.00e+00
fcount:3996  fval:1.23e+04  fmin:1.23e+04  norm:1.00e+01  penalty:0.00e+00  axis-ratio:1.02e+00  free-mem:36.02GB
time:15:36:21.337  iter:149  elapsed-time:0.20  pmap-time:0.00  grad-time:0.00  ls-time:0.00 ls-dec:0.00e+00
fcount:4023  fval:1.22e+04  fmin:1.22e+04  norm:1.00e+01  penalty:0.00e+00  axis-ratio:1.02e+00  free-mem:35.87GB
time:15:36:21.468  iter:150  elapsed-time:0.12  pmap-time:0.00  grad-time:0.00  ls-time:0.00 ls-dec:0.00e+00
fcount:4050  fval:1.22e+04  fmin:1.22e+04  norm:1.01e+01  penalty:0.00e+00  axis-ratio:1.02e+00  free-mem:35.79GB
time:15:36:21.627  iter:151  elapsed-time:0.15  pmap-time:0.00  grad-time:0.00  ls-time:0.00 ls-dec:0.00e+00
fcount:4077  fval:1.21e+04  fmin:1.21e+04  norm:1.00e+01  penalty:0.00e+00  axis-ratio:1.02e+00  free-mem:35.73GB
time:15:36:21.728  iter:152  elapsed-time:0.09  pmap-time:0.00  grad-time:0.00  ls-time:0.00 ls-dec:0.00e+00
fcount:4104  fval:1.21e+04  fmin:1.21e+04  norm:9.99e+00  penalty:0.00e+00  axis-ratio:1.02e+00  free-mem:35.64GB
time:15:36:30.696  iter:153  elapsed-time:8.96  pmap-time:0.01  grad-time:0.00  ls-time:0.00 ls-dec:0.00e+00
fcount:4131  fval:1.20e+04  fmin:1.20e+04  norm:1.00e+01  penalty:0.00e+00  axis-ratio:1.03e+00  free-mem:33.95GB
time:15:36:31.212  iter:154  elapsed-time:0.51  pmap-time:0.01  grad-time:0.00  ls-time:0.00 ls-dec:0.00e+00
fcount:4158  fval:1.20e+04  fmin:1.20e+04  norm:1.00e+01  penalty:0.00e+00  axis-ratio:1.03e+00  free-mem:33.87GB
time:15:36:31.36  iter:155  elapsed-time:0.13  pmap-time:0.00  grad-time:0.00  ls-time:0.00 ls-dec:0.00e+00
fcount:4185  fval:1.19e+04  fmin:1.19e+04  norm:9.96e+00  penalty:0.00e+00  axis-ratio:1.03e+00  free-mem:33.76GB
time:15:36:31.441  iter:156  elapsed-time:0.07  pmap-time:0.00  grad-time:0.00  ls-time:0.00 ls-dec:0.00e+00
fcount:4212  fval:1.19e+04  fmin:1.19e+04  norm:1.00e+01  penalty:0.00e+00  axis-ratio:1.03e+00  free-mem:33.73GB
time:15:36:31.551  iter:157  elapsed-time:0.09  pmap-time:0.00  grad-time:0.00  ls-time:0.00 ls-dec:0.00e+00
fcount:4239  fval:1.18e+04  fmin:1.18e+04  norm:9.98e+00  penalty:0.00e+00  axis-ratio:1.03e+00  free-mem:33.66GB
time:15:36:31.634  iter:158  elapsed-time:0.07  pmap-time:0.00  grad-time:0.00  ls-time:0.00 ls-dec:0.00e+00
fcount:4266  fval:1.17e+04  fmin:1.17e+04  norm:9.97e+00  penalty:0.00e+00  axis-ratio:1.03e+00  free-mem:33.76GB
time:15:36:31.687  iter:159  elapsed-time:0.04  pmap-time:0.00  grad-time:0.00  ls-time:0.00 ls-dec:0.00e+00
fcount:4293  fval:1.18e+04  fmin:1.17e+04  norm:9.94e+00  penalty:0.00e+00  axis-ratio:1.03e+00  free-mem:33.83GB
time:15:36:31.748  iter:160  elapsed-time:0.05  pmap-time:0.00  grad-time:0.00  ls-time:0.00 ls-dec:0.00e+00
fcount:4320  fval:1.17e+04  fmin:1.17e+04  norm:9.92e+00  penalty:0.00e+00  axis-ratio:1.03e+00  free-mem:33.90GB
time:15:36:31.853  iter:161  elapsed-time:0.10  pmap-time:0.00  grad-time:0.00  ls-time:0.00 ls-dec:0.00e+00
fcount:4347  fval:1.15e+04  fmin:1.15e+04  norm:9.91e+00  penalty:0.00e+00  axis-ratio:1.03e+00  free-mem:33.82GB
time:15:36:31.967  iter:162  elapsed-time:0.11  pmap-time:0.00  grad-time:0.00  ls-time:0.00 ls-dec:0.00e+00
fcount:4374  fval:1.15e+04  fmin:1.15e+04  norm:9.91e+00  penalty:0.00e+00  axis-ratio:1.03e+00  free-mem:33.77GB
time:15:36:32.024  iter:163  elapsed-time:0.06  pmap-time:0.00  grad-time:0.00  ls-time:0.00 ls-dec:0.00e+00
fcount:4401  fval:1.15e+04  fmin:1.15e+04  norm:9.85e+00  penalty:0.00e+00  axis-ratio:1.03e+00  free-mem:33.70GB
time:15:36:32.18  iter:164  elapsed-time:0.15  pmap-time:0.00  grad-time:0.00  ls-time:0.00 ls-dec:0.00e+00
fcount:4428  fval:1.14e+04  fmin:1.14e+04  norm:9.80e+00  penalty:0.00e+00  axis-ratio:1.03e+00  free-mem:33.47GB
time:15:36:32.34  iter:165  elapsed-time:0.16  pmap-time:0.00  grad-time:0.00  ls-time:0.00 ls-dec:0.00e+00
fcount:4455  fval:1.13e+04  fmin:1.13e+04  norm:9.80e+00  penalty:0.00e+00  axis-ratio:1.03e+00  free-mem:33.34GB
time:15:36:32.656  iter:166  elapsed-time:0.31  pmap-time:0.00  grad-time:0.00  ls-time:0.00 ls-dec:0.00e+00
fcount:4482  fval:1.12e+04  fmin:1.12e+04  norm:9.78e+00  penalty:0.00e+00  axis-ratio:1.03e+00  free-mem:32.96GB
time:15:36:46.689  iter:167  elapsed-time:14.03  pmap-time:0.00  grad-time:0.00  ls-time:0.00 ls-dec:0.00e+00
fcount:4509  fval:1.12e+04  fmin:1.12e+04  norm:9.79e+00  penalty:0.00e+00  axis-ratio:1.03e+00  free-mem:32.89GB
time:15:36:47.129  iter:168  elapsed-time:0.44  pmap-time:0.00  grad-time:0.00  ls-time:0.00 ls-dec:0.00e+00
fcount:4536  fval:1.12e+04  fmin:1.12e+04  norm:9.77e+00  penalty:0.00e+00  axis-ratio:1.03e+00  free-mem:32.96GB
time:15:36:47.384  iter:169  elapsed-time:0.25  pmap-time:0.00  grad-time:0.00  ls-time:0.00 ls-dec:0.00e+00
fcount:4563  fval:1.12e+04  fmin:1.12e+04  norm:9.86e+00  penalty:0.00e+00  axis-ratio:1.03e+00  free-mem:32.80GB
time:15:36:47.66  iter:170  elapsed-time:0.27  pmap-time:0.00  grad-time:0.00  ls-time:0.00 ls-dec:0.00e+00
fcount:4590  fval:1.11e+04  fmin:1.11e+04  norm:9.83e+00  penalty:0.00e+00  axis-ratio:1.03e+00  free-mem:32.71GB
time:15:36:47.932  iter:171  elapsed-time:0.25  pmap-time:0.00  grad-time:0.00  ls-time:0.00 ls-dec:0.00e+00
fcount:4617  fval:1.10e+04  fmin:1.10e+04  norm:9.78e+00  penalty:0.00e+00  axis-ratio:1.03e+00  free-mem:32.66GB
time:15:36:48.178  iter:172  elapsed-time:0.24  pmap-time:0.00  grad-time:0.00  ls-time:0.00 ls-dec:0.00e+00
fcount:4644  fval:1.10e+04  fmin:1.10e+04  norm:9.76e+00  penalty:0.00e+00  axis-ratio:1.03e+00  free-mem:33.59GB
time:15:36:48.44  iter:173  elapsed-time:0.25  pmap-time:0.03  grad-time:0.00  ls-time:0.00 ls-dec:0.00e+00
fcount:4671  fval:1.08e+04  fmin:1.08e+04  norm:9.73e+00  penalty:0.00e+00  axis-ratio:1.03e+00  free-mem:33.75GB
time:15:36:48.672  iter:174  elapsed-time:0.22  pmap-time:0.00  grad-time:0.00  ls-time:0.00 ls-dec:0.00e+00
fcount:4698  fval:1.07e+04  fmin:1.07e+04  norm:9.72e+00  penalty:0.00e+00  axis-ratio:1.03e+00  free-mem:33.62GB
time:15:36:48.96  iter:175  elapsed-time:0.29  pmap-time:0.00  grad-time:0.00  ls-time:0.00 ls-dec:0.00e+00
fcount:4725  fval:1.08e+04  fmin:1.07e+04  norm:9.74e+00  penalty:0.00e+00  axis-ratio:1.03e+00  free-mem:33.71GB
time:15:36:49.202  iter:176  elapsed-time:0.24  pmap-time:0.00  grad-time:0.00  ls-time:0.00 ls-dec:0.00e+00
fcount:4752  fval:1.07e+04  fmin:1.07e+04  norm:9.66e+00  penalty:0.00e+00  axis-ratio:1.03e+00  free-mem:33.81GB
time:15:36:49.308  iter:177  elapsed-time:0.11  pmap-time:0.00  grad-time:0.00  ls-time:0.00 ls-dec:0.00e+00
fcount:4779  fval:1.07e+04  fmin:1.07e+04  norm:9.66e+00  penalty:0.00e+00  axis-ratio:1.03e+00  free-mem:33.79GB
time:15:36:49.448  iter:178  elapsed-time:0.14  pmap-time:0.00  grad-time:0.00  ls-time:0.00 ls-dec:0.00e+00
fcount:4806  fval:1.06e+04  fmin:1.06e+04  norm:9.69e+00  penalty:0.00e+00  axis-ratio:1.03e+00  free-mem:33.71GB
time:15:36:49.553  iter:179  elapsed-time:0.10  pmap-time:0.00  grad-time:0.00  ls-time:0.00 ls-dec:0.00e+00
fcount:4833  fval:1.06e+04  fmin:1.06e+04  norm:9.60e+00  penalty:0.00e+00  axis-ratio:1.03e+00  free-mem:33.82GB
time:15:36:49.717  iter:180  elapsed-time:0.16  pmap-time:0.00  grad-time:0.00  ls-time:0.00 ls-dec:0.00e+00
fcount:4860  fval:1.05e+04  fmin:1.05e+04  norm:9.68e+00  penalty:0.00e+00  axis-ratio:1.03e+00  free-mem:34.14GB
time:15:37:01.861  iter:181  elapsed-time:12.14  pmap-time:0.00  grad-time:0.00  ls-time:0.00 ls-dec:0.00e+00
fcount:4887  fval:1.05e+04  fmin:1.05e+04  norm:9.64e+00  penalty:0.00e+00  axis-ratio:1.04e+00  free-mem:34.97GB
time:15:37:04.732  iter:182  elapsed-time:2.87  pmap-time:0.00  grad-time:0.00  ls-time:0.00 ls-dec:0.00e+00
fcount:4914  fval:1.05e+04  fmin:1.05e+04  norm:9.60e+00  penalty:0.00e+00  axis-ratio:1.04e+00  free-mem:34.40GB
time:15:37:05.207  iter:183  elapsed-time:0.47  pmap-time:0.00  grad-time:0.00  ls-time:0.00 ls-dec:0.00e+00
fcount:4941  fval:1.04e+04  fmin:1.04e+04  norm:9.56e+00  penalty:0.00e+00  axis-ratio:1.04e+00  free-mem:34.75GB
time:15:37:05.353  iter:184  elapsed-time:0.13  pmap-time:0.00  grad-time:0.00  ls-time:0.00 ls-dec:0.00e+00
fcount:4968  fval:1.03e+04  fmin:1.03e+04  norm:9.57e+00  penalty:0.00e+00  axis-ratio:1.04e+00  free-mem:34.95GB
time:15:37:05.586  iter:185  elapsed-time:0.22  pmap-time:0.00  grad-time:0.00  ls-time:0.00 ls-dec:0.00e+00
fcount:4995  fval:1.02e+04  fmin:1.02e+04  norm:9.57e+00  penalty:0.00e+00  axis-ratio:1.04e+00  free-mem:35.35GB
time:15:37:05.758  iter:186  elapsed-time:0.17  pmap-time:0.00  grad-time:0.00  ls-time:0.00 ls-dec:0.00e+00
fcount:5022  fval:1.02e+04  fmin:1.02e+04  norm:9.55e+00  penalty:0.00e+00  axis-ratio:1.04e+00  free-mem:35.39GB
time:15:37:05.845  iter:187  elapsed-time:0.09  pmap-time:0.00  grad-time:0.00  ls-time:0.00 ls-dec:0.00e+00
fcount:5049  fval:1.02e+04  fmin:1.02e+04  norm:9.56e+00  penalty:0.00e+00  axis-ratio:1.04e+00  free-mem:35.41GB
time:15:37:05.925  iter:188  elapsed-time:0.08  pmap-time:0.00  grad-time:0.00  ls-time:0.00 ls-dec:0.00e+00
fcount:5076  fval:1.01e+04  fmin:1.01e+04  norm:9.53e+00  penalty:0.00e+00  axis-ratio:1.04e+00  free-mem:35.37GB
time:15:37:06.013  iter:189  elapsed-time:0.09  pmap-time:0.00  grad-time:0.00  ls-time:0.00 ls-dec:0.00e+00
fcount:5103  fval:1.01e+04  fmin:1.01e+04  norm:9.50e+00  penalty:0.00e+00  axis-ratio:1.04e+00  free-mem:35.30GB
time:15:37:06.07  iter:190  elapsed-time:0.05  pmap-time:0.00  grad-time:0.00  ls-time:0.00 ls-dec:0.00e+00
fcount:5130  fval:1.00e+04  fmin:1.00e+04  norm:9.53e+00  penalty:0.00e+00  axis-ratio:1.04e+00  free-mem:35.24GB
time:15:37:06.125  iter:191  elapsed-time:0.04  pmap-time:0.00  grad-time:0.00  ls-time:0.00 ls-dec:0.00e+00
fcount:5157  fval:9.97e+03  fmin:9.97e+03  norm:9.45e+00  penalty:0.00e+00  axis-ratio:1.04e+00  free-mem:35.16GB
time:15:37:06.177  iter:192  elapsed-time:0.04  pmap-time:0.00  grad-time:0.00  ls-time:0.00 ls-dec:0.00e+00
fcount:5184  fval:9.96e+03  fmin:9.96e+03  norm:9.52e+00  penalty:0.00e+00  axis-ratio:1.04e+00  free-mem:35.12GB
time:15:37:06.224  iter:193  elapsed-time:0.04  pmap-time:0.00  grad-time:0.00  ls-time:0.00 ls-dec:0.00e+00
fcount:5211  fval:9.92e+03  fmin:9.92e+03  norm:9.47e+00  penalty:0.00e+00  axis-ratio:1.04e+00  free-mem:35.08GB
time:15:37:06.268  iter:194  elapsed-time:0.03  pmap-time:0.00  grad-time:0.00  ls-time:0.00 ls-dec:0.00e+00
fcount:5238  fval:9.87e+03  fmin:9.87e+03  norm:9.49e+00  penalty:0.00e+00  axis-ratio:1.04e+00  free-mem:35.04GB
time:15:37:17.052  iter:195  elapsed-time:10.77  pmap-time:0.00  grad-time:0.00  ls-time:0.00 ls-dec:0.00e+00
fcount:5265  fval:9.84e+03  fmin:9.84e+03  norm:9.47e+00  penalty:0.00e+00  axis-ratio:1.04e+00  free-mem:34.75GB
time:15:37:17.361  iter:196  elapsed-time:0.30  pmap-time:0.00  grad-time:0.00  ls-time:0.00 ls-dec:0.00e+00
fcount:5292  fval:9.75e+03  fmin:9.75e+03  norm:9.46e+00  penalty:0.00e+00  axis-ratio:1.04e+00  free-mem:34.60GB
time:15:37:17.951  iter:197  elapsed-time:0.57  pmap-time:0.00  grad-time:0.00  ls-time:0.00 ls-dec:0.00e+00
fcount:5319  fval:9.73e+03  fmin:9.73e+03  norm:9.47e+00  penalty:0.00e+00  axis-ratio:1.04e+00  free-mem:34.47GB
time:15:37:18.169  iter:198  elapsed-time:0.21  pmap-time:0.00  grad-time:0.00  ls-time:0.00 ls-dec:0.00e+00
fcount:5346  fval:9.62e+03  fmin:9.62e+03  norm:9.40e+00  penalty:0.00e+00  axis-ratio:1.04e+00  free-mem:34.32GB
time:15:37:18.325  iter:199  elapsed-time:0.14  pmap-time:0.00  grad-time:0.00  ls-time:0.00 ls-dec:0.00e+00
fcount:5373  fval:9.60e+03  fmin:9.60e+03  norm:9.41e+00  penalty:0.00e+00  axis-ratio:1.04e+00  free-mem:34.20GB
time:15:37:18.482  iter:200  elapsed-time:0.14  pmap-time:0.01  grad-time:0.00  ls-time:0.00 ls-dec:0.00e+00
fcount:5400  fval:9.56e+03  fmin:9.56e+03  norm:9.39e+00  penalty:0.00e+00  axis-ratio:1.04e+00  free-mem:34.19GB
27-14 CMA-ES
time:15:37:23.717  iter:1  elapsed-time:2.93  pmap-time:0.00  grad-time:2.30  ls-time:0.23 ls-dec:0.00e+00
fcount:27  fval:9.54e+03  fmin:9.31e+03  norm:9.42e+00  penalty:0.00e+00  axis-ratio:1.00e+00  free-mem:34.83GB
time:15:37:26.887  iter:2  elapsed-time:3.15  pmap-time:0.00  grad-time:0.13  ls-time:0.00 ls-dec:0.00e+00
fcount:54  fval:9.53e+03  fmin:9.27e+03  norm:9.37e+00  penalty:0.00e+00  axis-ratio:1.00e+00  free-mem:34.38GB
time:15:37:27.007  iter:3  elapsed-time:0.12  pmap-time:0.00  grad-time:0.04  ls-time:0.00 ls-dec:0.00e+00
fcount:81  fval:9.48e+03  fmin:9.21e+03  norm:9.36e+00  penalty:0.00e+00  axis-ratio:1.00e+00  free-mem:34.32GB
time:15:37:27.223  iter:4  elapsed-time:0.20  pmap-time:0.00  grad-time:0.08  ls-time:0.00 ls-dec:0.00e+00
fcount:108  fval:9.38e+03  fmin:9.17e+03  norm:9.35e+00  penalty:0.00e+00  axis-ratio:1.00e+00  free-mem:34.31GB
time:15:37:27.571  iter:5  elapsed-time:0.35  pmap-time:0.00  grad-time:0.13  ls-time:0.00 ls-dec:0.00e+00
fcount:135  fval:9.30e+03  fmin:9.11e+03  norm:9.34e+00  penalty:0.00e+00  axis-ratio:1.00e+00  free-mem:34.42GB
time:15:37:27.965  iter:6  elapsed-time:0.37  pmap-time:0.00  grad-time:0.13  ls-time:0.00 ls-dec:0.00e+00
fcount:162  fval:9.38e+03  fmin:9.11e+03  norm:9.40e+00  penalty:0.00e+00  axis-ratio:1.00e+00  free-mem:34.54GB
time:15:37:28.333  iter:7  elapsed-time:0.36  pmap-time:0.00  grad-time:0.13  ls-time:0.00 ls-dec:0.00e+00
fcount:189  fval:9.35e+03  fmin:9.09e+03  norm:9.32e+00  penalty:0.00e+00  axis-ratio:1.00e+00  free-mem:34.51GB
time:15:37:28.698  iter:8  elapsed-time:0.36  pmap-time:0.00  grad-time:0.14  ls-time:0.00 ls-dec:0.00e+00
fcount:216  fval:9.23e+03  fmin:9.02e+03  norm:9.30e+00  penalty:0.00e+00  axis-ratio:1.00e+00  free-mem:34.24GB
time:15:37:29.107  iter:9  elapsed-time:0.40  pmap-time:0.00  grad-time:0.16  ls-time:0.00 ls-dec:0.00e+00
fcount:243  fval:9.20e+03  fmin:8.97e+03  norm:9.32e+00  penalty:0.00e+00  axis-ratio:1.00e+00  free-mem:34.44GB
time:15:37:29.529  iter:10  elapsed-time:0.41  pmap-time:0.00  grad-time:0.14  ls-time:0.00 ls-dec:0.00e+00
fcount:270  fval:9.17e+03  fmin:8.92e+03  norm:9.28e+00  penalty:0.00e+00  axis-ratio:1.00e+00  free-mem:34.53GB
time:15:37:29.741  iter:11  elapsed-time:0.20  pmap-time:0.00  grad-time:0.07  ls-time:0.00 ls-dec:0.00e+00
fcount:297  fval:9.14e+03  fmin:8.91e+03  norm:9.34e+00  penalty:0.00e+00  axis-ratio:1.00e+00  free-mem:34.49GB
time:15:37:29.96  iter:12  elapsed-time:0.21  pmap-time:0.00  grad-time:0.03  ls-time:0.00 ls-dec:0.00e+00
fcount:324  fval:9.11e+03  fmin:8.88e+03  norm:9.35e+00  penalty:0.00e+00  axis-ratio:1.00e+00  free-mem:34.78GB
time:15:37:30.169  iter:13  elapsed-time:0.20  pmap-time:0.00  grad-time:0.06  ls-time:0.00 ls-dec:0.00e+00
fcount:351  fval:9.11e+03  fmin:8.85e+03  norm:9.29e+00  penalty:0.00e+00  axis-ratio:1.00e+00  free-mem:34.62GB
time:15:37:46.929  iter:14  elapsed-time:16.75  pmap-time:0.00  grad-time:0.04  ls-time:0.00 ls-dec:0.00e+00
fcount:378  fval:8.96e+03  fmin:8.80e+03  norm:9.28e+00  penalty:0.00e+00  axis-ratio:1.00e+00  free-mem:35.24GB
time:15:37:47.366  iter:15  elapsed-time:0.43  pmap-time:0.01  grad-time:0.15  ls-time:0.00 ls-dec:0.00e+00
fcount:405  fval:8.95e+03  fmin:8.76e+03  norm:9.27e+00  penalty:0.00e+00  axis-ratio:1.00e+00  free-mem:35.18GB
time:15:37:47.832  iter:16  elapsed-time:0.45  pmap-time:0.00  grad-time:0.11  ls-time:0.00 ls-dec:0.00e+00
fcount:432  fval:8.96e+03  fmin:8.75e+03  norm:9.31e+00  penalty:0.00e+00  axis-ratio:1.00e+00  free-mem:35.07GB
time:15:37:48.16  iter:17  elapsed-time:0.30  pmap-time:0.00  grad-time:0.04  ls-time:0.00 ls-dec:0.00e+00
fcount:459  fval:8.95e+03  fmin:8.71e+03  norm:9.32e+00  penalty:0.00e+00  axis-ratio:1.00e+00  free-mem:35.05GB
time:15:37:48.387  iter:18  elapsed-time:0.22  pmap-time:0.00  grad-time:0.04  ls-time:0.00 ls-dec:0.00e+00
fcount:486  fval:8.85e+03  fmin:8.66e+03  norm:9.30e+00  penalty:0.00e+00  axis-ratio:1.00e+00  free-mem:34.91GB
time:15:37:48.531  iter:19  elapsed-time:0.13  pmap-time:0.00  grad-time:0.04  ls-time:0.00 ls-dec:0.00e+00
fcount:513  fval:8.84e+03  fmin:8.60e+03  norm:9.28e+00  penalty:0.00e+00  axis-ratio:1.00e+00  free-mem:35.09GB
time:15:37:48.665  iter:20  elapsed-time:0.13  pmap-time:0.00  grad-time:0.05  ls-time:0.00 ls-dec:0.00e+00
fcount:540  fval:8.81e+03  fmin:8.57e+03  norm:9.26e+00  penalty:0.00e+00  axis-ratio:1.00e+00  free-mem:35.03GB
time:15:37:48.861  iter:21  elapsed-time:0.19  pmap-time:0.00  grad-time:0.11  ls-time:0.00 ls-dec:0.00e+00
fcount:567  fval:8.82e+03  fmin:8.56e+03  norm:9.25e+00  penalty:0.00e+00  axis-ratio:1.00e+00  free-mem:34.94GB
time:15:37:48.972  iter:22  elapsed-time:0.10  pmap-time:0.00  grad-time:0.03  ls-time:0.00 ls-dec:0.00e+00
fcount:594  fval:8.74e+03  fmin:8.51e+03  norm:9.32e+00  penalty:0.00e+00  axis-ratio:1.00e+00  free-mem:34.79GB
time:15:37:49.148  iter:23  elapsed-time:0.17  pmap-time:0.00  grad-time:0.04  ls-time:0.00 ls-dec:0.00e+00
fcount:621  fval:8.71e+03  fmin:8.48e+03  norm:9.21e+00  penalty:0.00e+00  axis-ratio:1.00e+00  free-mem:34.83GB
time:15:37:49.314  iter:24  elapsed-time:0.16  pmap-time:0.00  grad-time:0.07  ls-time:0.00 ls-dec:0.00e+00
fcount:648  fval:8.62e+03  fmin:8.41e+03  norm:9.19e+00  penalty:0.00e+00  axis-ratio:1.00e+00  free-mem:34.78GB
time:15:37:49.486  iter:25  elapsed-time:0.16  pmap-time:0.00  grad-time:0.06  ls-time:0.00 ls-dec:0.00e+00
fcount:675  fval:8.61e+03  fmin:8.37e+03  norm:9.24e+00  penalty:0.00e+00  axis-ratio:1.00e+00  free-mem:34.77GB
time:15:37:49.699  iter:26  elapsed-time:0.20  pmap-time:0.00  grad-time:0.09  ls-time:0.00 ls-dec:0.00e+00
fcount:702  fval:8.57e+03  fmin:8.34e+03  norm:9.22e+00  penalty:0.00e+00  axis-ratio:1.00e+00  free-mem:34.88GB
time:15:37:49.986  iter:27  elapsed-time:0.28  pmap-time:0.00  grad-time:0.11  ls-time:0.00 ls-dec:0.00e+00
fcount:729  fval:8.55e+03  fmin:8.30e+03  norm:9.21e+00  penalty:0.00e+00  axis-ratio:1.00e+00  free-mem:34.86GB
time:15:38:04.879  iter:28  elapsed-time:14.89  pmap-time:0.00  grad-time:0.03  ls-time:0.00 ls-dec:0.00e+00
fcount:756  fval:8.50e+03  fmin:8.26e+03  norm:9.24e+00  penalty:0.00e+00  axis-ratio:1.00e+00  free-mem:35.84GB
time:15:38:05.321  iter:29  elapsed-time:0.43  pmap-time:0.00  grad-time:0.27  ls-time:0.00 ls-dec:0.00e+00
fcount:783  fval:8.44e+03  fmin:8.22e+03  norm:9.24e+00  penalty:0.00e+00  axis-ratio:1.00e+00  free-mem:36.03GB
time:15:38:05.512  iter:30  elapsed-time:0.17  pmap-time:0.00  grad-time:0.08  ls-time:0.00 ls-dec:0.00e+00
fcount:810  fval:8.37e+03  fmin:8.16e+03  norm:9.24e+00  penalty:0.00e+00  axis-ratio:1.00e+00  free-mem:35.96GB
time:15:38:05.961  iter:31  elapsed-time:0.43  pmap-time:0.00  grad-time:0.17  ls-time:0.00 ls-dec:0.00e+00
fcount:837  fval:8.34e+03  fmin:8.12e+03  norm:9.25e+00  penalty:0.00e+00  axis-ratio:1.00e+00  free-mem:35.75GB
time:15:38:06.42  iter:32  elapsed-time:0.45  pmap-time:0.00  grad-time:0.14  ls-time:0.00 ls-dec:0.00e+00
fcount:864  fval:8.33e+03  fmin:8.09e+03  norm:9.29e+00  penalty:0.00e+00  axis-ratio:1.00e+00  free-mem:35.56GB
time:15:38:06.738  iter:33  elapsed-time:0.32  pmap-time:0.00  grad-time:0.11  ls-time:0.00 ls-dec:0.00e+00
fcount:891  fval:8.23e+03  fmin:8.04e+03  norm:9.22e+00  penalty:0.00e+00  axis-ratio:1.00e+00  free-mem:35.44GB
time:15:38:06.936  iter:34  elapsed-time:0.18  pmap-time:0.00  grad-time:0.05  ls-time:0.00 ls-dec:0.00e+00
fcount:918  fval:8.23e+03  fmin:8.01e+03  norm:9.18e+00  penalty:0.00e+00  axis-ratio:1.00e+00  free-mem:35.43GB
time:15:38:07.277  iter:35  elapsed-time:0.33  pmap-time:0.00  grad-time:0.18  ls-time:0.00 ls-dec:0.00e+00
fcount:945  fval:8.16e+03  fmin:7.95e+03  norm:9.22e+00  penalty:0.00e+00  axis-ratio:1.00e+00  free-mem:35.07GB
time:15:38:07.461  iter:36  elapsed-time:0.17  pmap-time:0.00  grad-time:0.06  ls-time:0.00 ls-dec:0.00e+00
fcount:972  fval:8.16e+03  fmin:7.92e+03  norm:9.26e+00  penalty:0.00e+00  axis-ratio:1.00e+00  free-mem:35.12GB
time:15:38:07.697  iter:37  elapsed-time:0.22  pmap-time:0.00  grad-time:0.07  ls-time:0.00 ls-dec:0.00e+00
fcount:999  fval:8.12e+03  fmin:7.89e+03  norm:9.22e+00  penalty:0.00e+00  axis-ratio:1.00e+00  free-mem:35.16GB
time:15:38:07.87  iter:38  elapsed-time:0.17  pmap-time:0.00  grad-time:0.07  ls-time:0.00 ls-dec:0.00e+00
fcount:1026  fval:8.07e+03  fmin:7.86e+03  norm:9.23e+00  penalty:0.00e+00  axis-ratio:1.00e+00  free-mem:34.97GB
time:15:38:08.057  iter:39  elapsed-time:0.17  pmap-time:0.00  grad-time:0.05  ls-time:0.00 ls-dec:0.00e+00
fcount:1053  fval:8.06e+03  fmin:7.83e+03  norm:9.21e+00  penalty:0.00e+00  axis-ratio:1.00e+00  free-mem:34.65GB
time:15:38:08.285  iter:40  elapsed-time:0.22  pmap-time:0.00  grad-time:0.07  ls-time:0.00 ls-dec:0.00e+00
fcount:1080  fval:8.02e+03  fmin:7.79e+03  norm:9.16e+00  penalty:0.00e+00  axis-ratio:1.00e+00  free-mem:34.58GB
time:15:38:08.525  iter:41  elapsed-time:0.22  pmap-time:0.00  grad-time:0.07  ls-time:0.00 ls-dec:0.00e+00
fcount:1107  fval:7.95e+03  fmin:7.74e+03  norm:9.20e+00  penalty:0.00e+00  axis-ratio:1.00e+00  free-mem:34.54GB
time:15:38:24.65  iter:42  elapsed-time:16.10  pmap-time:0.00  grad-time:0.11  ls-time:0.00 ls-dec:0.00e+00
fcount:1134  fval:7.95e+03  fmin:7.72e+03  norm:9.16e+00  penalty:0.00e+00  axis-ratio:1.00e+00  free-mem:35.09GB
time:15:38:24.883  iter:43  elapsed-time:0.23  pmap-time:0.00  grad-time:0.13  ls-time:0.00 ls-dec:0.00e+00
fcount:1161  fval:7.94e+03  fmin:7.69e+03  norm:9.27e+00  penalty:0.00e+00  axis-ratio:1.00e+00  free-mem:35.15GB
time:15:38:25.08  iter:44  elapsed-time:0.20  pmap-time:0.02  grad-time:0.06  ls-time:0.01 ls-dec:0.00e+00
fcount:1188  fval:7.88e+03  fmin:7.65e+03  norm:9.15e+00  penalty:0.00e+00  axis-ratio:1.00e+00  free-mem:35.04GB
time:15:38:25.202  iter:45  elapsed-time:0.12  pmap-time:0.00  grad-time:0.08  ls-time:0.00 ls-dec:0.00e+00
fcount:1215  fval:7.86e+03  fmin:7.62e+03  norm:9.20e+00  penalty:0.00e+00  axis-ratio:1.00e+00  free-mem:35.17GB
time:15:38:25.386  iter:46  elapsed-time:0.18  pmap-time:0.00  grad-time:0.07  ls-time:0.00 ls-dec:0.00e+00
fcount:1242  fval:7.83e+03  fmin:7.60e+03  norm:9.18e+00  penalty:0.00e+00  axis-ratio:1.00e+00  free-mem:35.14GB
time:15:38:25.633  iter:47  elapsed-time:0.25  pmap-time:0.00  grad-time:0.12  ls-time:0.00 ls-dec:0.00e+00
fcount:1269  fval:7.81e+03  fmin:7.57e+03  norm:9.24e+00  penalty:0.00e+00  axis-ratio:1.00e+00  free-mem:35.30GB
time:15:38:25.88  iter:48  elapsed-time:0.25  pmap-time:0.00  grad-time:0.12  ls-time:0.00 ls-dec:0.00e+00
fcount:1296  fval:7.73e+03  fmin:7.52e+03  norm:9.20e+00  penalty:0.00e+00  axis-ratio:1.00e+00  free-mem:35.25GB
time:15:38:26.174  iter:49  elapsed-time:0.29  pmap-time:0.00  grad-time:0.11  ls-time:0.00 ls-dec:0.00e+00
fcount:1323  fval:7.71e+03  fmin:7.49e+03  norm:9.19e+00  penalty:0.00e+00  axis-ratio:1.00e+00  free-mem:35.25GB
time:15:38:26.424  iter:50  elapsed-time:0.25  pmap-time:0.00  grad-time:0.12  ls-time:0.00 ls-dec:0.00e+00
fcount:1350  fval:7.70e+03  fmin:7.46e+03  norm:9.18e+00  penalty:0.00e+00  axis-ratio:1.00e+00  free-mem:35.18GB
time:15:38:26.897  iter:51  elapsed-time:0.46  pmap-time:0.00  grad-time:0.14  ls-time:0.00 ls-dec:0.00e+00
fcount:1377  fval:7.63e+03  fmin:7.41e+03  norm:9.19e+00  penalty:0.00e+00  axis-ratio:1.00e+00  free-mem:35.09GB
time:15:38:30.232  iter:52  elapsed-time:3.33  pmap-time:0.00  grad-time:0.25  ls-time:0.00 ls-dec:0.00e+00
fcount:1404  fval:7.58e+03  fmin:7.38e+03  norm:9.17e+00  penalty:0.00e+00  axis-ratio:1.00e+00  free-mem:33.81GB
time:15:38:30.732  iter:53  elapsed-time:0.50  pmap-time:0.00  grad-time:0.27  ls-time:0.00 ls-dec:0.00e+00
fcount:1431  fval:7.59e+03  fmin:7.36e+03  norm:9.15e+00  penalty:0.00e+00  axis-ratio:1.00e+00  free-mem:34.47GB
time:15:38:31.122  iter:54  elapsed-time:0.39  pmap-time:0.00  grad-time:0.18  ls-time:0.00 ls-dec:0.00e+00
fcount:1458  fval:7.50e+03  fmin:7.30e+03  norm:9.12e+00  penalty:0.00e+00  axis-ratio:1.00e+00  free-mem:34.36GB
time:15:38:31.493  iter:55  elapsed-time:0.37  pmap-time:0.00  grad-time:0.12  ls-time:0.00 ls-dec:0.00e+00
fcount:1485  fval:7.53e+03  fmin:7.29e+03  norm:9.18e+00  penalty:0.00e+00  axis-ratio:1.00e+00  free-mem:34.05GB
time:15:38:49.245  iter:56  elapsed-time:17.75  pmap-time:0.00  grad-time:0.11  ls-time:0.00 ls-dec:0.00e+00
fcount:1512  fval:7.43e+03  fmin:7.21e+03  norm:9.14e+00  penalty:0.00e+00  axis-ratio:1.00e+00  free-mem:32.94GB
time:15:38:49.491  iter:57  elapsed-time:0.24  pmap-time:0.00  grad-time:0.19  ls-time:0.00 ls-dec:0.00e+00
fcount:1539  fval:7.43e+03  fmin:7.20e+03  norm:9.13e+00  penalty:0.00e+00  axis-ratio:1.00e+00  free-mem:32.90GB
time:15:38:49.615  iter:58  elapsed-time:0.11  pmap-time:0.00  grad-time:0.03  ls-time:0.00 ls-dec:0.00e+00
fcount:1566  fval:7.37e+03  fmin:7.15e+03  norm:9.11e+00  penalty:0.00e+00  axis-ratio:1.00e+00  free-mem:32.87GB
time:15:38:49.769  iter:59  elapsed-time:0.14  pmap-time:0.00  grad-time:0.03  ls-time:0.00 ls-dec:0.00e+00
fcount:1593  fval:7.34e+03  fmin:7.12e+03  norm:9.15e+00  penalty:0.00e+00  axis-ratio:1.00e+00  free-mem:32.79GB
time:15:38:49.871  iter:60  elapsed-time:0.09  pmap-time:0.00  grad-time:0.03  ls-time:0.00 ls-dec:0.00e+00
fcount:1620  fval:7.34e+03  fmin:7.11e+03  norm:9.13e+00  penalty:0.00e+00  axis-ratio:1.00e+00  free-mem:32.63GB
time:15:38:49.999  iter:61  elapsed-time:0.12  pmap-time:0.00  grad-time:0.03  ls-time:0.00 ls-dec:0.00e+00
fcount:1647  fval:7.24e+03  fmin:7.05e+03  norm:9.09e+00  penalty:0.00e+00  axis-ratio:1.00e+00  free-mem:32.65GB
time:15:38:50.179  iter:62  elapsed-time:0.16  pmap-time:0.00  grad-time:0.03  ls-time:0.00 ls-dec:0.00e+00
fcount:1674  fval:7.26e+03  fmin:7.03e+03  norm:9.10e+00  penalty:0.00e+00  axis-ratio:1.00e+00  free-mem:32.58GB
time:15:38:50.408  iter:63  elapsed-time:0.23  pmap-time:0.00  grad-time:0.08  ls-time:0.00 ls-dec:0.00e+00
fcount:1701  fval:7.21e+03  fmin:6.99e+03  norm:9.12e+00  penalty:0.00e+00  axis-ratio:1.00e+00  free-mem:32.44GB
time:15:38:50.566  iter:64  elapsed-time:0.16  pmap-time:0.00  grad-time:0.03  ls-time:0.00 ls-dec:0.00e+00
fcount:1728  fval:7.20e+03  fmin:6.98e+03  norm:9.11e+00  penalty:0.00e+00  axis-ratio:1.00e+00  free-mem:32.36GB
time:15:38:50.801  iter:65  elapsed-time:0.22  pmap-time:0.00  grad-time:0.06  ls-time:0.00 ls-dec:0.00e+00
fcount:1755  fval:7.17e+03  fmin:6.96e+03  norm:9.15e+00  penalty:0.00e+00  axis-ratio:1.00e+00  free-mem:32.44GB
time:15:38:51.002  iter:66  elapsed-time:0.19  pmap-time:0.00  grad-time:0.05  ls-time:0.00 ls-dec:0.00e+00
fcount:1782  fval:7.13e+03  fmin:6.93e+03  norm:9.09e+00  penalty:0.00e+00  axis-ratio:1.00e+00  free-mem:32.44GB
time:15:38:51.459  iter:67  elapsed-time:0.44  pmap-time:0.00  grad-time:0.13  ls-time:0.00 ls-dec:0.00e+00
fcount:1809  fval:7.06e+03  fmin:6.89e+03  norm:9.14e+00  penalty:0.00e+00  axis-ratio:1.00e+00  free-mem:32.65GB
time:15:38:51.798  iter:68  elapsed-time:0.32  pmap-time:0.00  grad-time:0.15  ls-time:0.00 ls-dec:0.00e+00
fcount:1836  fval:7.03e+03  fmin:6.86e+03  norm:9.10e+00  penalty:0.00e+00  axis-ratio:1.00e+00  free-mem:32.70GB
time:15:38:52.144  iter:69  elapsed-time:0.33  pmap-time:0.00  grad-time:0.12  ls-time:0.00 ls-dec:0.00e+00
fcount:1863  fval:6.99e+03  fmin:6.81e+03  norm:9.08e+00  penalty:0.00e+00  axis-ratio:1.00e+00  free-mem:32.63GB
time:15:39:07.519  iter:70  elapsed-time:15.36  pmap-time:0.03  grad-time:0.17  ls-time:0.00 ls-dec:0.00e+00
fcount:1890  fval:6.99e+03  fmin:6.77e+03  norm:9.11e+00  penalty:0.00e+00  axis-ratio:1.00e+00  free-mem:33.78GB
time:15:39:07.856  iter:71  elapsed-time:0.34  pmap-time:0.00  grad-time:0.20  ls-time:0.00 ls-dec:0.00e+00
fcount:1917  fval:6.98e+03  fmin:6.75e+03  norm:9.12e+00  penalty:0.00e+00  axis-ratio:1.00e+00  free-mem:33.80GB
time:15:39:08.049  iter:72  elapsed-time:0.19  pmap-time:0.00  grad-time:0.11  ls-time:0.00 ls-dec:0.00e+00
fcount:1944  fval:6.95e+03  fmin:6.73e+03  norm:9.10e+00  penalty:0.00e+00  axis-ratio:1.00e+00  free-mem:33.84GB
time:15:39:08.162  iter:73  elapsed-time:0.11  pmap-time:0.00  grad-time:0.05  ls-time:0.00 ls-dec:0.00e+00
fcount:1971  fval:6.89e+03  fmin:6.67e+03  norm:9.13e+00  penalty:0.00e+00  axis-ratio:1.00e+00  free-mem:33.74GB
time:15:39:08.341  iter:74  elapsed-time:0.18  pmap-time:0.00  grad-time:0.04  ls-time:0.00 ls-dec:0.00e+00
fcount:1998  fval:6.86e+03  fmin:6.63e+03  norm:9.10e+00  penalty:0.00e+00  axis-ratio:1.00e+00  free-mem:33.81GB
time:15:39:08.601  iter:75  elapsed-time:0.26  pmap-time:0.00  grad-time:0.08  ls-time:0.00 ls-dec:0.00e+00
fcount:2025  fval:6.80e+03  fmin:6.60e+03  norm:9.11e+00  penalty:0.00e+00  axis-ratio:1.00e+00  free-mem:33.55GB
time:15:39:08.78  iter:76  elapsed-time:0.18  pmap-time:0.00  grad-time:0.03  ls-time:0.00 ls-dec:0.00e+00
fcount:2052  fval:6.79e+03  fmin:6.58e+03  norm:9.11e+00  penalty:0.00e+00  axis-ratio:1.00e+00  free-mem:33.35GB
time:15:39:09.161  iter:77  elapsed-time:0.38  pmap-time:0.00  grad-time:0.10  ls-time:0.00 ls-dec:0.00e+00
fcount:2079  fval:6.76e+03  fmin:6.54e+03  norm:9.10e+00  penalty:0.00e+00  axis-ratio:1.00e+00  free-mem:33.30GB
time:15:39:09.429  iter:78  elapsed-time:0.26  pmap-time:0.00  grad-time:0.12  ls-time:0.00 ls-dec:0.00e+00
fcount:2106  fval:6.73e+03  fmin:6.51e+03  norm:9.13e+00  penalty:0.00e+00  axis-ratio:1.00e+00  free-mem:33.35GB
time:15:39:09.825  iter:79  elapsed-time:0.39  pmap-time:0.00  grad-time:0.09  ls-time:0.00 ls-dec:0.00e+00
fcount:2133  fval:6.69e+03  fmin:6.48e+03  norm:9.11e+00  penalty:0.00e+00  axis-ratio:1.00e+00  free-mem:33.25GB
time:15:39:09.926  iter:80  elapsed-time:0.09  pmap-time:0.00  grad-time:0.03  ls-time:0.00 ls-dec:0.00e+00
fcount:2160  fval:6.68e+03  fmin:6.44e+03  norm:9.13e+00  penalty:0.00e+00  axis-ratio:1.00e+00  free-mem:33.19GB
time:15:39:10.129  iter:81  elapsed-time:0.19  pmap-time:0.00  grad-time:0.07  ls-time:0.00 ls-dec:0.00e+00
fcount:2187  fval:6.60e+03  fmin:6.40e+03  norm:9.07e+00  penalty:0.00e+00  axis-ratio:1.00e+00  free-mem:33.28GB
time:15:39:10.324  iter:82  elapsed-time:0.19  pmap-time:0.00  grad-time:0.06  ls-time:0.00 ls-dec:0.00e+00
fcount:2214  fval:6.58e+03  fmin:6.36e+03  norm:9.03e+00  penalty:0.00e+00  axis-ratio:1.00e+00  free-mem:33.19GB
time:15:39:10.521  iter:83  elapsed-time:0.18  pmap-time:0.00  grad-time:0.07  ls-time:0.00 ls-dec:0.00e+00
fcount:2241  fval:6.54e+03  fmin:6.33e+03  norm:9.09e+00  penalty:0.00e+00  axis-ratio:1.00e+00  free-mem:33.78GB
time:15:39:28.636  iter:84  elapsed-time:18.11  pmap-time:0.00  grad-time:0.08  ls-time:0.00 ls-dec:0.00e+00
fcount:2268  fval:6.49e+03  fmin:6.28e+03  norm:9.01e+00  penalty:0.00e+00  axis-ratio:1.01e+00  free-mem:32.89GB
time:15:39:28.898  iter:85  elapsed-time:0.26  pmap-time:0.00  grad-time:0.20  ls-time:0.00 ls-dec:0.00e+00
fcount:2295  fval:6.46e+03  fmin:6.25e+03  norm:9.04e+00  penalty:0.00e+00  axis-ratio:1.01e+00  free-mem:33.25GB
time:15:39:29.015  iter:86  elapsed-time:0.11  pmap-time:0.00  grad-time:0.06  ls-time:0.00 ls-dec:0.00e+00
fcount:2322  fval:6.46e+03  fmin:6.23e+03  norm:9.03e+00  penalty:0.00e+00  axis-ratio:1.01e+00  free-mem:33.26GB
time:15:39:29.184  iter:87  elapsed-time:0.16  pmap-time:0.00  grad-time:0.07  ls-time:0.00 ls-dec:0.00e+00
fcount:2349  fval:6.43e+03  fmin:6.23e+03  norm:9.05e+00  penalty:0.00e+00  axis-ratio:1.01e+00  free-mem:33.18GB
time:15:39:29.377  iter:88  elapsed-time:0.19  pmap-time:0.00  grad-time:0.06  ls-time:0.00 ls-dec:0.00e+00
fcount:2376  fval:6.41e+03  fmin:6.19e+03  norm:9.06e+00  penalty:0.00e+00  axis-ratio:1.01e+00  free-mem:33.10GB
time:15:39:29.661  iter:89  elapsed-time:0.28  pmap-time:0.00  grad-time:0.12  ls-time:0.00 ls-dec:0.00e+00
fcount:2403  fval:6.38e+03  fmin:6.16e+03  norm:9.02e+00  penalty:0.00e+00  axis-ratio:1.01e+00  free-mem:33.79GB
time:15:39:32.828  iter:90  elapsed-time:3.17  pmap-time:0.01  grad-time:0.13  ls-time:0.00 ls-dec:0.00e+00
fcount:2430  fval:6.37e+03  fmin:6.14e+03  norm:9.06e+00  penalty:0.00e+00  axis-ratio:1.01e+00  free-mem:33.46GB
time:15:39:33.021  iter:91  elapsed-time:0.19  pmap-time:0.00  grad-time:0.10  ls-time:0.00 ls-dec:0.00e+00
fcount:2457  fval:6.30e+03  fmin:6.09e+03  norm:9.04e+00  penalty:0.00e+00  axis-ratio:1.01e+00  free-mem:33.31GB
time:15:39:33.196  iter:92  elapsed-time:0.17  pmap-time:0.00  grad-time:0.05  ls-time:0.00 ls-dec:0.00e+00
fcount:2484  fval:6.31e+03  fmin:6.08e+03  norm:9.06e+00  penalty:0.00e+00  axis-ratio:1.01e+00  free-mem:33.31GB
time:15:39:33.32  iter:93  elapsed-time:0.12  pmap-time:0.00  grad-time:0.04  ls-time:0.00 ls-dec:0.00e+00
fcount:2511  fval:6.29e+03  fmin:6.05e+03  norm:9.04e+00  penalty:0.00e+00  axis-ratio:1.01e+00  free-mem:33.40GB
time:15:39:33.534  iter:94  elapsed-time:0.20  pmap-time:0.00  grad-time:0.07  ls-time:0.00 ls-dec:0.00e+00
fcount:2538  fval:6.23e+03  fmin:6.01e+03  norm:9.11e+00  penalty:0.00e+00  axis-ratio:1.01e+00  free-mem:33.26GB
time:15:39:33.653  iter:95  elapsed-time:0.10  pmap-time:0.00  grad-time:0.03  ls-time:0.00 ls-dec:0.00e+00
fcount:2565  fval:6.25e+03  fmin:6.01e+03  norm:9.09e+00  penalty:0.00e+00  axis-ratio:1.01e+00  free-mem:33.35GB
time:15:39:33.779  iter:96  elapsed-time:0.11  pmap-time:0.00  grad-time:0.03  ls-time:0.00 ls-dec:0.00e+00
fcount:2592  fval:6.21e+03  fmin:5.99e+03  norm:9.09e+00  penalty:0.00e+00  axis-ratio:1.01e+00  free-mem:33.32GB
time:15:39:34.244  iter:97  elapsed-time:0.45  pmap-time:0.00  grad-time:0.22  ls-time:0.00 ls-dec:0.00e+00
fcount:2619  fval:6.14e+03  fmin:5.95e+03  norm:9.09e+00  penalty:0.00e+00  axis-ratio:1.01e+00  free-mem:33.29GB
time:15:39:45.47  iter:98  elapsed-time:11.22  pmap-time:0.00  grad-time:0.15  ls-time:0.02 ls-dec:0.00e+00
fcount:2646  fval:6.18e+03  fmin:5.94e+03  norm:9.07e+00  penalty:0.00e+00  axis-ratio:1.01e+00  free-mem:34.42GB
time:15:39:45.656  iter:99  elapsed-time:0.19  pmap-time:0.00  grad-time:0.13  ls-time:0.00 ls-dec:0.00e+00
fcount:2673  fval:6.15e+03  fmin:5.93e+03  norm:9.08e+00  penalty:0.00e+00  axis-ratio:1.01e+00  free-mem:34.35GB
time:15:39:45.737  iter:100  elapsed-time:0.08  pmap-time:0.00  grad-time:0.04  ls-time:0.00 ls-dec:0.00e+00
fcount:2700  fval:6.14e+03  fmin:5.89e+03  norm:9.08e+00  penalty:0.00e+00  axis-ratio:1.01e+00  free-mem:34.48GB
time:15:39:45.864  iter:101  elapsed-time:0.13  pmap-time:0.00  grad-time:0.03  ls-time:0.00 ls-dec:0.00e+00
fcount:2727  fval:6.09e+03  fmin:5.86e+03  norm:9.10e+00  penalty:0.00e+00  axis-ratio:1.01e+00  free-mem:34.46GB
time:15:39:46.012  iter:102  elapsed-time:0.14  pmap-time:0.00  grad-time:0.03  ls-time:0.00 ls-dec:0.00e+00
fcount:2754  fval:6.06e+03  fmin:5.85e+03  norm:9.11e+00  penalty:0.00e+00  axis-ratio:1.01e+00  free-mem:34.43GB
time:15:39:46.165  iter:103  elapsed-time:0.15  pmap-time:0.00  grad-time:0.08  ls-time:0.00 ls-dec:0.00e+00
fcount:2781  fval:6.03e+03  fmin:5.82e+03  norm:9.07e+00  penalty:0.00e+00  axis-ratio:1.01e+00  free-mem:34.62GB
time:15:39:46.445  iter:104  elapsed-time:0.28  pmap-time:0.00  grad-time:0.08  ls-time:0.00 ls-dec:0.00e+00
fcount:2808  fval:6.03e+03  fmin:5.82e+03  norm:9.09e+00  penalty:0.00e+00  axis-ratio:1.01e+00  free-mem:34.73GB
time:15:39:46.594  iter:105  elapsed-time:0.15  pmap-time:0.00  grad-time:0.07  ls-time:0.00 ls-dec:0.00e+00
fcount:2835  fval:6.00e+03  fmin:5.78e+03  norm:9.12e+00  penalty:0.00e+00  axis-ratio:1.01e+00  free-mem:34.86GB
time:15:39:46.954  iter:106  elapsed-time:0.34  pmap-time:0.00  grad-time:0.15  ls-time:0.00 ls-dec:0.00e+00
fcount:2862  fval:6.00e+03  fmin:5.77e+03  norm:9.04e+00  penalty:0.00e+00  axis-ratio:1.01e+00  free-mem:35.02GB
time:15:39:47.315  iter:107  elapsed-time:0.36  pmap-time:0.00  grad-time:0.14  ls-time:0.00 ls-dec:0.00e+00
fcount:2889  fval:5.95e+03  fmin:5.74e+03  norm:9.09e+00  penalty:0.00e+00  axis-ratio:1.01e+00  free-mem:35.35GB
time:15:39:47.473  iter:108  elapsed-time:0.16  pmap-time:0.00  grad-time:0.06  ls-time:0.00 ls-dec:0.00e+00
fcount:2916  fval:5.93e+03  fmin:5.71e+03  norm:9.04e+00  penalty:0.00e+00  axis-ratio:1.01e+00  free-mem:35.24GB
time:15:39:47.602  iter:109  elapsed-time:0.13  pmap-time:0.00  grad-time:0.05  ls-time:0.01 ls-dec:0.00e+00
fcount:2943  fval:5.93e+03  fmin:5.69e+03  norm:9.01e+00  penalty:0.00e+00  axis-ratio:1.01e+00  free-mem:35.09GB
time:15:39:47.692  iter:110  elapsed-time:0.09  pmap-time:0.00  grad-time:0.03  ls-time:0.00 ls-dec:0.00e+00
fcount:2970  fval:5.90e+03  fmin:5.67e+03  norm:9.07e+00  penalty:0.00e+00  axis-ratio:1.01e+00  free-mem:35.13GB
time:15:39:55.87  iter:111  elapsed-time:8.18  pmap-time:0.00  grad-time:0.03  ls-time:0.00 ls-dec:0.00e+00
fcount:2997  fval:5.87e+03  fmin:5.64e+03  norm:9.04e+00  penalty:0.00e+00  axis-ratio:1.01e+00  free-mem:35.49GB
time:15:39:56.236  iter:112  elapsed-time:0.35  pmap-time:0.00  grad-time:0.19  ls-time:0.00 ls-dec:0.00e+00
fcount:3024  fval:5.80e+03  fmin:5.61e+03  norm:9.07e+00  penalty:0.00e+00  axis-ratio:1.01e+00  free-mem:35.69GB
time:15:39:56.369  iter:113  elapsed-time:0.12  pmap-time:0.00  grad-time:0.06  ls-time:0.00 ls-dec:0.00e+00
fcount:3051  fval:5.79e+03  fmin:5.57e+03  norm:9.04e+00  penalty:0.00e+00  axis-ratio:1.01e+00  free-mem:35.58GB
time:15:39:56.607  iter:114  elapsed-time:0.22  pmap-time:0.00  grad-time:0.09  ls-time:0.00 ls-dec:0.00e+00
fcount:3078  fval:5.79e+03  fmin:5.56e+03  norm:9.07e+00  penalty:0.00e+00  axis-ratio:1.01e+00  free-mem:35.64GB
time:15:39:56.801  iter:115  elapsed-time:0.18  pmap-time:0.00  grad-time:0.09  ls-time:0.00 ls-dec:0.00e+00
fcount:3105  fval:5.77e+03  fmin:5.54e+03  norm:9.09e+00  penalty:0.00e+00  axis-ratio:1.01e+00  free-mem:35.57GB
time:15:39:56.948  iter:116  elapsed-time:0.15  pmap-time:0.00  grad-time:0.05  ls-time:0.00 ls-dec:0.00e+00
fcount:3132  fval:5.73e+03  fmin:5.52e+03  norm:9.08e+00  penalty:0.00e+00  axis-ratio:1.01e+00  free-mem:35.63GB
time:15:39:57.2  iter:117  elapsed-time:0.25  pmap-time:0.00  grad-time:0.09  ls-time:0.00 ls-dec:0.00e+00
fcount:3159  fval:5.72e+03  fmin:5.49e+03  norm:9.06e+00  penalty:0.00e+00  axis-ratio:1.01e+00  free-mem:35.79GB
time:15:39:57.356  iter:118  elapsed-time:0.14  pmap-time:0.00  grad-time:0.03  ls-time:0.00 ls-dec:0.00e+00
fcount:3186  fval:5.69e+03  fmin:5.48e+03  norm:9.00e+00  penalty:0.00e+00  axis-ratio:1.01e+00  free-mem:35.74GB
time:15:39:57.496  iter:119  elapsed-time:0.13  pmap-time:0.00  grad-time:0.03  ls-time:0.00 ls-dec:0.00e+00
fcount:3213  fval:5.68e+03  fmin:5.46e+03  norm:9.04e+00  penalty:0.00e+00  axis-ratio:1.01e+00  free-mem:35.81GB
time:15:39:57.633  iter:120  elapsed-time:0.12  pmap-time:0.00  grad-time:0.04  ls-time:0.00 ls-dec:0.00e+00
fcount:3240  fval:5.66e+03  fmin:5.43e+03  norm:8.97e+00  penalty:0.00e+00  axis-ratio:1.01e+00  free-mem:35.78GB
time:15:39:57.723  iter:121  elapsed-time:0.08  pmap-time:0.00  grad-time:0.03  ls-time:0.00 ls-dec:0.00e+00
fcount:3267  fval:5.63e+03  fmin:5.40e+03  norm:8.97e+00  penalty:0.00e+00  axis-ratio:1.01e+00  free-mem:35.71GB
time:15:39:57.814  iter:122  elapsed-time:0.08  pmap-time:0.00  grad-time:0.03  ls-time:0.00 ls-dec:0.00e+00
fcount:3294  fval:5.61e+03  fmin:5.39e+03  norm:8.93e+00  penalty:0.00e+00  axis-ratio:1.01e+00  free-mem:35.79GB
time:15:39:57.945  iter:123  elapsed-time:0.13  pmap-time:0.00  grad-time:0.05  ls-time:0.00 ls-dec:0.00e+00
fcount:3321  fval:5.59e+03  fmin:5.38e+03  norm:8.98e+00  penalty:0.00e+00  axis-ratio:1.01e+00  free-mem:35.68GB
time:15:39:58.094  iter:124  elapsed-time:0.15  pmap-time:0.00  grad-time:0.04  ls-time:0.00 ls-dec:0.00e+00
fcount:3348  fval:5.59e+03  fmin:5.37e+03  norm:8.99e+00  penalty:0.00e+00  axis-ratio:1.01e+00  free-mem:35.63GB
time:15:40:09.583  iter:125  elapsed-time:11.48  pmap-time:0.00  grad-time:0.03  ls-time:0.00 ls-dec:0.00e+00
fcount:3375  fval:5.57e+03  fmin:5.35e+03  norm:9.00e+00  penalty:0.00e+00  axis-ratio:1.01e+00  free-mem:32.78GB
time:15:40:09.928  iter:126  elapsed-time:0.34  pmap-time:0.00  grad-time:0.19  ls-time:0.00 ls-dec:0.00e+00
fcount:3402  fval:5.55e+03  fmin:5.34e+03  norm:9.02e+00  penalty:0.00e+00  axis-ratio:1.01e+00  free-mem:32.76GB
time:15:40:10.097  iter:127  elapsed-time:0.16  pmap-time:0.00  grad-time:0.07  ls-time:0.00 ls-dec:0.00e+00
fcount:3429  fval:5.54e+03  fmin:5.32e+03  norm:9.05e+00  penalty:0.00e+00  axis-ratio:1.01e+00  free-mem:32.92GB
time:15:40:10.232  iter:128  elapsed-time:0.12  pmap-time:0.00  grad-time:0.06  ls-time:0.00 ls-dec:0.00e+00
fcount:3456  fval:5.56e+03  fmin:5.32e+03  norm:9.08e+00  penalty:0.00e+00  axis-ratio:1.01e+00  free-mem:32.84GB
time:15:40:10.544  iter:129  elapsed-time:0.31  pmap-time:0.00  grad-time:0.09  ls-time:0.00 ls-dec:0.00e+00
fcount:3483  fval:5.48e+03  fmin:5.29e+03  norm:8.98e+00  penalty:0.00e+00  axis-ratio:1.01e+00  free-mem:33.14GB
time:15:40:10.79  iter:130  elapsed-time:0.25  pmap-time:0.00  grad-time:0.13  ls-time:0.00 ls-dec:0.00e+00
fcount:3510  fval:5.48e+03  fmin:5.27e+03  norm:9.04e+00  penalty:0.00e+00  axis-ratio:1.01e+00  free-mem:33.25GB
time:15:40:10.976  iter:131  elapsed-time:0.18  pmap-time:0.00  grad-time:0.08  ls-time:0.00 ls-dec:0.00e+00
fcount:3537  fval:5.47e+03  fmin:5.25e+03  norm:9.03e+00  penalty:0.00e+00  axis-ratio:1.01e+00  free-mem:33.44GB
time:15:40:11.184  iter:132  elapsed-time:0.21  pmap-time:0.00  grad-time:0.08  ls-time:0.02 ls-dec:0.00e+00
fcount:3564  fval:5.45e+03  fmin:5.21e+03  norm:9.00e+00  penalty:0.00e+00  axis-ratio:1.01e+00  free-mem:33.38GB
time:15:40:11.34  iter:133  elapsed-time:0.14  pmap-time:0.00  grad-time:0.05  ls-time:0.00 ls-dec:0.00e+00
fcount:3591  fval:5.35e+03  fmin:5.16e+03  norm:8.94e+00  penalty:0.00e+00  axis-ratio:1.01e+00  free-mem:33.90GB
time:15:40:11.457  iter:134  elapsed-time:0.10  pmap-time:0.00  grad-time:0.04  ls-time:0.00 ls-dec:0.00e+00
fcount:3618  fval:5.33e+03  fmin:5.13e+03  norm:8.95e+00  penalty:0.00e+00  axis-ratio:1.01e+00  free-mem:33.85GB
time:15:40:11.613  iter:135  elapsed-time:0.14  pmap-time:0.00  grad-time:0.04  ls-time:0.00 ls-dec:0.00e+00
fcount:3645  fval:5.35e+03  fmin:5.12e+03  norm:8.98e+00  penalty:0.00e+00  axis-ratio:1.01e+00  free-mem:34.10GB
time:15:40:11.774  iter:136  elapsed-time:0.15  pmap-time:0.00  grad-time:0.04  ls-time:0.00 ls-dec:0.00e+00
fcount:3672  fval:5.33e+03  fmin:5.10e+03  norm:9.04e+00  penalty:0.00e+00  axis-ratio:1.01e+00  free-mem:33.97GB
time:15:40:11.945  iter:137  elapsed-time:0.16  pmap-time:0.00  grad-time:0.06  ls-time:0.00 ls-dec:0.00e+00
fcount:3699  fval:5.32e+03  fmin:5.09e+03  norm:9.02e+00  penalty:0.00e+00  axis-ratio:1.01e+00  free-mem:34.03GB
time:15:40:12.121  iter:138  elapsed-time:0.17  pmap-time:0.00  grad-time:0.04  ls-time:0.00 ls-dec:0.00e+00
fcount:3726  fval:5.28e+03  fmin:5.06e+03  norm:9.01e+00  penalty:0.00e+00  axis-ratio:1.01e+00  free-mem:33.89GB
time:15:40:22.513  iter:139  elapsed-time:10.39  pmap-time:0.00  grad-time:0.04  ls-time:0.00 ls-dec:0.00e+00
fcount:3753  fval:5.23e+03  fmin:5.02e+03  norm:9.01e+00  penalty:0.00e+00  axis-ratio:1.01e+00  free-mem:32.94GB
time:15:40:23.016  iter:140  elapsed-time:0.50  pmap-time:0.00  grad-time:0.22  ls-time:0.00 ls-dec:0.00e+00
fcount:3780  fval:5.22e+03  fmin:4.99e+03  norm:8.96e+00  penalty:0.00e+00  axis-ratio:1.01e+00  free-mem:33.01GB
time:15:40:23.363  iter:141  elapsed-time:0.33  pmap-time:0.00  grad-time:0.12  ls-time:0.00 ls-dec:0.00e+00
fcount:3807  fval:5.22e+03  fmin:4.99e+03  norm:8.97e+00  penalty:0.00e+00  axis-ratio:1.01e+00  free-mem:32.94GB
time:15:40:23.734  iter:142  elapsed-time:0.37  pmap-time:0.00  grad-time:0.12  ls-time:0.00 ls-dec:0.00e+00
fcount:3834  fval:5.20e+03  fmin:4.97e+03  norm:8.93e+00  penalty:0.00e+00  axis-ratio:1.01e+00  free-mem:32.79GB
time:15:40:24.088  iter:143  elapsed-time:0.35  pmap-time:0.00  grad-time:0.12  ls-time:0.00 ls-dec:0.00e+00
fcount:3861  fval:5.15e+03  fmin:4.94e+03  norm:8.98e+00  penalty:0.00e+00  axis-ratio:1.01e+00  free-mem:33.20GB
time:15:40:24.503  iter:144  elapsed-time:0.41  pmap-time:0.00  grad-time:0.12  ls-time:0.00 ls-dec:0.00e+00
fcount:3888  fval:5.12e+03  fmin:4.92e+03  norm:8.97e+00  penalty:0.00e+00  axis-ratio:1.01e+00  free-mem:33.03GB
time:15:40:24.921  iter:145  elapsed-time:0.42  pmap-time:0.00  grad-time:0.21  ls-time:0.00 ls-dec:0.00e+00
fcount:3915  fval:5.11e+03  fmin:4.90e+03  norm:8.97e+00  penalty:0.00e+00  axis-ratio:1.01e+00  free-mem:33.16GB
time:15:40:25.324  iter:146  elapsed-time:0.39  pmap-time:0.00  grad-time:0.12  ls-time:0.00 ls-dec:0.00e+00
fcount:3942  fval:5.13e+03  fmin:4.89e+03  norm:8.93e+00  penalty:0.00e+00  axis-ratio:1.01e+00  free-mem:33.32GB
time:15:40:25.492  iter:147  elapsed-time:0.17  pmap-time:0.00  grad-time:0.04  ls-time:0.00 ls-dec:0.00e+00
fcount:3969  fval:5.07e+03  fmin:4.87e+03  norm:8.92e+00  penalty:0.00e+00  axis-ratio:1.01e+00  free-mem:33.33GB
time:15:40:25.674  iter:148  elapsed-time:0.17  pmap-time:0.00  grad-time:0.05  ls-time:0.00 ls-dec:0.00e+00
fcount:3996  fval:5.05e+03  fmin:4.83e+03  norm:8.94e+00  penalty:0.00e+00  axis-ratio:1.01e+00  free-mem:33.24GB
time:15:40:25.859  iter:149  elapsed-time:0.17  pmap-time:0.00  grad-time:0.04  ls-time:0.00 ls-dec:0.00e+00
fcount:4023  fval:5.04e+03  fmin:4.81e+03  norm:8.99e+00  penalty:0.00e+00  axis-ratio:1.01e+00  free-mem:33.21GB
time:15:40:26.118  iter:150  elapsed-time:0.25  pmap-time:0.00  grad-time:0.14  ls-time:0.00 ls-dec:0.00e+00
fcount:4050  fval:4.99e+03  fmin:4.79e+03  norm:8.94e+00  penalty:0.00e+00  axis-ratio:1.01e+00  free-mem:33.17GB
time:15:40:26.422  iter:151  elapsed-time:0.30  pmap-time:0.00  grad-time:0.13  ls-time:0.00 ls-dec:0.00e+00
fcount:4077  fval:5.01e+03  fmin:4.79e+03  norm:8.95e+00  penalty:0.00e+00  axis-ratio:1.01e+00  free-mem:33.06GB
time:15:40:26.655  iter:152  elapsed-time:0.21  pmap-time:0.00  grad-time:0.11  ls-time:0.00 ls-dec:0.00e+00
fcount:4104  fval:4.97e+03  fmin:4.77e+03  norm:8.92e+00  penalty:0.00e+00  axis-ratio:1.01e+00  free-mem:33.02GB
time:15:40:37.445  iter:153  elapsed-time:10.77  pmap-time:0.00  grad-time:0.09  ls-time:0.00 ls-dec:0.00e+00
fcount:4131  fval:4.96e+03  fmin:4.74e+03  norm:8.95e+00  penalty:0.00e+00  axis-ratio:1.02e+00  free-mem:34.02GB
time:15:40:40.785  iter:154  elapsed-time:3.34  pmap-time:0.00  grad-time:0.12  ls-time:0.00 ls-dec:0.00e+00
fcount:4158  fval:4.95e+03  fmin:4.72e+03  norm:8.94e+00  penalty:0.00e+00  axis-ratio:1.02e+00  free-mem:33.72GB
time:15:40:40.924  iter:155  elapsed-time:0.13  pmap-time:0.00  grad-time:0.03  ls-time:0.00 ls-dec:0.00e+00
fcount:4185  fval:4.96e+03  fmin:4.72e+03  norm:8.95e+00  penalty:0.00e+00  axis-ratio:1.02e+00  free-mem:33.73GB
time:15:40:41.282  iter:156  elapsed-time:0.34  pmap-time:0.00  grad-time:0.13  ls-time:0.00 ls-dec:0.00e+00
fcount:4212  fval:4.92e+03  fmin:4.70e+03  norm:8.96e+00  penalty:0.00e+00  axis-ratio:1.02e+00  free-mem:33.72GB
time:15:40:41.537  iter:157  elapsed-time:0.25  pmap-time:0.00  grad-time:0.05  ls-time:0.00 ls-dec:0.00e+00
fcount:4239  fval:4.89e+03  fmin:4.69e+03  norm:8.97e+00  penalty:0.00e+00  axis-ratio:1.02e+00  free-mem:33.64GB
time:15:40:41.734  iter:158  elapsed-time:0.20  pmap-time:0.00  grad-time:0.09  ls-time:0.00 ls-dec:0.00e+00
fcount:4266  fval:4.88e+03  fmin:4.67e+03  norm:8.97e+00  penalty:0.00e+00  axis-ratio:1.02e+00  free-mem:33.52GB
time:15:40:42.095  iter:159  elapsed-time:0.36  pmap-time:0.00  grad-time:0.19  ls-time:0.00 ls-dec:0.00e+00
fcount:4293  fval:4.89e+03  fmin:4.67e+03  norm:9.00e+00  penalty:0.00e+00  axis-ratio:1.02e+00  free-mem:33.77GB
time:15:40:42.294  iter:160  elapsed-time:0.18  pmap-time:0.00  grad-time:0.07  ls-time:0.00 ls-dec:0.00e+00
fcount:4320  fval:4.86e+03  fmin:4.64e+03  norm:8.97e+00  penalty:0.00e+00  axis-ratio:1.02e+00  free-mem:33.74GB
time:15:40:42.461  iter:161  elapsed-time:0.16  pmap-time:0.00  grad-time:0.03  ls-time:0.00 ls-dec:0.00e+00
fcount:4347  fval:4.82e+03  fmin:4.59e+03  norm:8.94e+00  penalty:0.00e+00  axis-ratio:1.02e+00  free-mem:33.67GB
time:15:40:42.652  iter:162  elapsed-time:0.18  pmap-time:0.00  grad-time:0.03  ls-time:0.00 ls-dec:0.00e+00
fcount:4374  fval:4.78e+03  fmin:4.58e+03  norm:8.97e+00  penalty:0.00e+00  axis-ratio:1.02e+00  free-mem:33.71GB
time:15:40:42.873  iter:163  elapsed-time:0.21  pmap-time:0.00  grad-time:0.04  ls-time:0.00 ls-dec:0.00e+00
fcount:4401  fval:4.81e+03  fmin:4.56e+03  norm:8.96e+00  penalty:0.00e+00  axis-ratio:1.02e+00  free-mem:33.67GB
time:15:40:43.098  iter:164  elapsed-time:0.21  pmap-time:0.00  grad-time:0.05  ls-time:0.00 ls-dec:0.00e+00
fcount:4428  fval:4.76e+03  fmin:4.55e+03  norm:8.97e+00  penalty:0.00e+00  axis-ratio:1.02e+00  free-mem:33.84GB
time:15:40:43.39  iter:165  elapsed-time:0.29  pmap-time:0.00  grad-time:0.05  ls-time:0.00 ls-dec:0.00e+00
fcount:4455  fval:4.76e+03  fmin:4.53e+03  norm:9.00e+00  penalty:0.00e+00  axis-ratio:1.02e+00  free-mem:33.82GB
time:15:40:43.583  iter:166  elapsed-time:0.18  pmap-time:0.00  grad-time:0.03  ls-time:0.00 ls-dec:0.00e+00
fcount:4482  fval:4.77e+03  fmin:4.53e+03  norm:8.98e+00  penalty:0.00e+00  axis-ratio:1.02e+00  free-mem:33.68GB
time:15:40:56.166  iter:167  elapsed-time:12.58  pmap-time:0.00  grad-time:0.07  ls-time:0.00 ls-dec:0.00e+00
fcount:4509  fval:4.75e+03  fmin:4.52e+03  norm:9.03e+00  penalty:0.00e+00  axis-ratio:1.02e+00  free-mem:32.72GB
time:15:40:56.545  iter:168  elapsed-time:0.36  pmap-time:0.00  grad-time:0.14  ls-time:0.00 ls-dec:0.00e+00
fcount:4536  fval:4.71e+03  fmin:4.49e+03  norm:9.01e+00  penalty:0.00e+00  axis-ratio:1.02e+00  free-mem:32.64GB
time:15:40:56.995  iter:169  elapsed-time:0.45  pmap-time:0.00  grad-time:0.11  ls-time:0.00 ls-dec:0.00e+00
fcount:4563  fval:4.67e+03  fmin:4.47e+03  norm:9.01e+00  penalty:0.00e+00  axis-ratio:1.02e+00  free-mem:32.46GB
time:15:40:57.101  iter:170  elapsed-time:0.10  pmap-time:0.00  grad-time:0.04  ls-time:0.00 ls-dec:0.00e+00
fcount:4590  fval:4.69e+03  fmin:4.46e+03  norm:8.99e+00  penalty:0.00e+00  axis-ratio:1.02e+00  free-mem:32.41GB
time:15:40:57.289  iter:171  elapsed-time:0.19  pmap-time:0.00  grad-time:0.06  ls-time:0.00 ls-dec:0.00e+00
fcount:4617  fval:4.68e+03  fmin:4.45e+03  norm:8.99e+00  penalty:0.00e+00  axis-ratio:1.02e+00  free-mem:32.33GB
time:15:40:57.472  iter:172  elapsed-time:0.18  pmap-time:0.00  grad-time:0.09  ls-time:0.00 ls-dec:0.00e+00
fcount:4644  fval:4.65e+03  fmin:4.43e+03  norm:8.97e+00  penalty:0.00e+00  axis-ratio:1.02e+00  free-mem:32.58GB
time:15:40:57.741  iter:173  elapsed-time:0.26  pmap-time:0.00  grad-time:0.13  ls-time:0.00 ls-dec:0.00e+00
fcount:4671  fval:4.62e+03  fmin:4.41e+03  norm:9.01e+00  penalty:0.00e+00  axis-ratio:1.02e+00  free-mem:32.24GB
time:15:40:58.012  iter:174  elapsed-time:0.22  pmap-time:0.00  grad-time:0.11  ls-time:0.00 ls-dec:0.00e+00
fcount:4698  fval:4.59e+03  fmin:4.39e+03  norm:9.01e+00  penalty:0.00e+00  axis-ratio:1.02e+00  free-mem:32.46GB
time:15:40:58.152  iter:175  elapsed-time:0.13  pmap-time:0.00  grad-time:0.06  ls-time:0.00 ls-dec:0.00e+00
fcount:4725  fval:4.63e+03  fmin:4.39e+03  norm:9.03e+00  penalty:0.00e+00  axis-ratio:1.02e+00  free-mem:32.40GB
time:15:40:58.32  iter:176  elapsed-time:0.16  pmap-time:0.00  grad-time:0.04  ls-time:0.00 ls-dec:0.00e+00
fcount:4752  fval:4.60e+03  fmin:4.37e+03  norm:9.02e+00  penalty:0.00e+00  axis-ratio:1.02e+00  free-mem:32.44GB
time:15:40:58.62  iter:177  elapsed-time:0.30  pmap-time:0.00  grad-time:0.15  ls-time:0.00 ls-dec:0.00e+00
fcount:4779  fval:4.60e+03  fmin:4.36e+03  norm:8.99e+00  penalty:0.00e+00  axis-ratio:1.02e+00  free-mem:32.96GB
time:15:40:58.773  iter:178  elapsed-time:0.15  pmap-time:0.00  grad-time:0.06  ls-time:0.00 ls-dec:0.00e+00
fcount:4806  fval:4.58e+03  fmin:4.36e+03  norm:9.05e+00  penalty:0.00e+00  axis-ratio:1.02e+00  free-mem:33.11GB
time:15:40:58.969  iter:179  elapsed-time:0.19  pmap-time:0.00  grad-time:0.06  ls-time:0.00 ls-dec:0.00e+00
fcount:4833  fval:4.55e+03  fmin:4.34e+03  norm:8.99e+00  penalty:0.00e+00  axis-ratio:1.02e+00  free-mem:33.09GB
time:15:40:59.153  iter:180  elapsed-time:0.18  pmap-time:0.00  grad-time:0.06  ls-time:0.00 ls-dec:0.00e+00
fcount:4860  fval:4.57e+03  fmin:4.34e+03  norm:9.02e+00  penalty:0.00e+00  axis-ratio:1.02e+00  free-mem:33.28GB
time:15:41:12.583  iter:181  elapsed-time:13.43  pmap-time:0.00  grad-time:0.07  ls-time:0.00 ls-dec:0.00e+00
fcount:4887  fval:4.54e+03  fmin:4.31e+03  norm:9.00e+00  penalty:0.00e+00  axis-ratio:1.02e+00  free-mem:35.11GB
time:15:41:13.025  iter:182  elapsed-time:0.44  pmap-time:0.00  grad-time:0.20  ls-time:0.00 ls-dec:0.00e+00
fcount:4914  fval:4.51e+03  fmin:4.30e+03  norm:8.99e+00  penalty:0.00e+00  axis-ratio:1.02e+00  free-mem:35.03GB
time:15:41:13.32  iter:183  elapsed-time:0.29  pmap-time:0.00  grad-time:0.12  ls-time:0.00 ls-dec:0.00e+00
fcount:4941  fval:4.49e+03  fmin:4.27e+03  norm:9.04e+00  penalty:0.00e+00  axis-ratio:1.02e+00  free-mem:35.04GB
time:15:41:13.489  iter:184  elapsed-time:0.16  pmap-time:0.00  grad-time:0.03  ls-time:0.00 ls-dec:0.00e+00
fcount:4968  fval:4.49e+03  fmin:4.26e+03  norm:9.07e+00  penalty:0.00e+00  axis-ratio:1.02e+00  free-mem:34.95GB
time:15:41:13.631  iter:185  elapsed-time:0.13  pmap-time:0.00  grad-time:0.03  ls-time:0.00 ls-dec:0.00e+00
fcount:4995  fval:4.49e+03  fmin:4.26e+03  norm:9.01e+00  penalty:0.00e+00  axis-ratio:1.02e+00  free-mem:35.11GB
time:15:41:13.833  iter:186  elapsed-time:0.19  pmap-time:0.00  grad-time:0.08  ls-time:0.00 ls-dec:0.00e+00
fcount:5022  fval:4.44e+03  fmin:4.22e+03  norm:9.04e+00  penalty:0.00e+00  axis-ratio:1.02e+00  free-mem:34.96GB
time:15:41:14.137  iter:187  elapsed-time:0.29  pmap-time:0.00  grad-time:0.10  ls-time:0.00 ls-dec:0.00e+00
fcount:5049  fval:4.41e+03  fmin:4.21e+03  norm:9.03e+00  penalty:0.00e+00  axis-ratio:1.02e+00  free-mem:34.82GB
time:15:41:14.36  iter:188  elapsed-time:0.21  pmap-time:0.00  grad-time:0.11  ls-time:0.00 ls-dec:0.00e+00
fcount:5076  fval:4.39e+03  fmin:4.19e+03  norm:9.02e+00  penalty:0.00e+00  axis-ratio:1.02e+00  free-mem:34.63GB
time:15:41:14.606  iter:189  elapsed-time:0.23  pmap-time:0.00  grad-time:0.10  ls-time:0.00 ls-dec:0.00e+00
fcount:5103  fval:4.42e+03  fmin:4.18e+03  norm:9.02e+00  penalty:0.00e+00  axis-ratio:1.02e+00  free-mem:34.53GB
time:15:41:14.859  iter:190  elapsed-time:0.24  pmap-time:0.00  grad-time:0.11  ls-time:0.00 ls-dec:0.00e+00
fcount:5130  fval:4.38e+03  fmin:4.16e+03  norm:9.03e+00  penalty:0.00e+00  axis-ratio:1.02e+00  free-mem:34.53GB
time:15:41:15.133  iter:191  elapsed-time:0.26  pmap-time:0.00  grad-time:0.13  ls-time:0.00 ls-dec:0.00e+00
fcount:5157  fval:4.34e+03  fmin:4.14e+03  norm:9.04e+00  penalty:0.00e+00  axis-ratio:1.02e+00  free-mem:34.43GB
time:15:41:15.303  iter:192  elapsed-time:0.15  pmap-time:0.00  grad-time:0.04  ls-time:0.00 ls-dec:0.00e+00
fcount:5184  fval:4.36e+03  fmin:4.13e+03  norm:9.07e+00  penalty:0.00e+00  axis-ratio:1.02e+00  free-mem:34.33GB
time:15:41:15.509  iter:193  elapsed-time:0.20  pmap-time:0.00  grad-time:0.11  ls-time:0.00 ls-dec:0.00e+00
fcount:5211  fval:4.34e+03  fmin:4.11e+03  norm:9.05e+00  penalty:0.00e+00  axis-ratio:1.02e+00  free-mem:34.62GB
time:15:41:15.753  iter:194  elapsed-time:0.23  pmap-time:0.00  grad-time:0.11  ls-time:0.00 ls-dec:0.00e+00
fcount:5238  fval:4.34e+03  fmin:4.10e+03  norm:9.07e+00  penalty:0.00e+00  axis-ratio:1.02e+00  free-mem:34.55GB
time:15:41:34.216  iter:195  elapsed-time:18.45  pmap-time:0.00  grad-time:0.06  ls-time:0.00 ls-dec:0.00e+00
fcount:5265  fval:4.31e+03  fmin:4.08e+03  norm:9.10e+00  penalty:0.00e+00  axis-ratio:1.02e+00  free-mem:33.37GB
time:15:41:34.728  iter:196  elapsed-time:0.51  pmap-time:0.00  grad-time:0.29  ls-time:0.00 ls-dec:0.00e+00
fcount:5292  fval:4.27e+03  fmin:4.06e+03  norm:9.06e+00  penalty:0.00e+00  axis-ratio:1.02e+00  free-mem:32.99GB
time:15:41:34.875  iter:197  elapsed-time:0.15  pmap-time:0.00  grad-time:0.06  ls-time:0.00 ls-dec:0.00e+00
fcount:5319  fval:4.25e+03  fmin:4.04e+03  norm:9.07e+00  penalty:0.00e+00  axis-ratio:1.02e+00  free-mem:33.23GB
time:15:41:35.199  iter:198  elapsed-time:0.32  pmap-time:0.00  grad-time:0.15  ls-time:0.00 ls-dec:0.00e+00
fcount:5346  fval:4.25e+03  fmin:4.02e+03  norm:9.07e+00  penalty:0.00e+00  axis-ratio:1.02e+00  free-mem:33.33GB
time:15:41:35.493  iter:199  elapsed-time:0.29  pmap-time:0.00  grad-time:0.13  ls-time:0.00 ls-dec:0.00e+00
fcount:5373  fval:4.21e+03  fmin:4.00e+03  norm:9.13e+00  penalty:0.00e+00  axis-ratio:1.02e+00  free-mem:33.58GB
time:15:41:35.785  iter:200  elapsed-time:0.28  pmap-time:0.00  grad-time:0.13  ls-time:0.00 ls-dec:0.00e+00
fcount:5400  fval:4.23e+03  fmin:4.00e+03  norm:9.05e+00  penalty:0.00e+00  axis-ratio:1.02e+00  free-mem:33.93GB
   Testing GCMAES tests passed 
