 Resolving package versions...
 Installed GCMAES ─ v0.1.0
 Installed BSON ─── v0.2.4
  Updating `~/.julia/environments/v1.3/Project.toml`
  [4aa9d100] + GCMAES v0.1.0
  Updating `~/.julia/environments/v1.3/Manifest.toml`
  [fbb218c0] + BSON v0.2.4
  [4aa9d100] + GCMAES v0.1.0
  [ade2ca70] + Dates 
  [8ba89e20] + Distributed 
  [8f399da3] + Libdl 
  [37e2e46d] + LinearAlgebra 
  [de0858da] + Printf 
  [9a3f8284] + Random 
  [9e88b42a] + Serialization 
  [6462fe0b] + Sockets 
  [2f01184e] + SparseArrays 
  [10745b16] + Statistics 
  [4ec0a83e] + Unicode 
   Testing GCMAES
 Resolving package versions...
 Installed NaNMath ────────────── v0.3.3
 Installed OpenSpecFun_jll ────── v0.5.3+1
 Installed Compat ─────────────── v2.2.0
 Installed DiffResults ────────── v0.0.4
 Installed DiffRules ──────────── v0.1.0
 Installed ForwardDiff ────────── v0.10.7
 Installed SpecialFunctions ───── v0.9.0
 Installed StaticArrays ───────── v0.12.1
 Installed CommonSubexpressions ─ v0.2.0
    Status `/tmp/jl_wpXQ2u/Manifest.toml`
  [fbb218c0] BSON v0.2.4
  [bbf7d656] CommonSubexpressions v0.2.0
  [34da2185] Compat v2.2.0
  [163ba53b] DiffResults v0.0.4
  [b552c78f] DiffRules v0.1.0
  [f6369f11] ForwardDiff v0.10.7
  [4aa9d100] GCMAES v0.1.0
  [77ba4419] NaNMath v0.3.3
  [efe28fd5] OpenSpecFun_jll v0.5.3+1
  [276daf66] SpecialFunctions v0.9.0
  [90137ffa] StaticArrays v0.12.1
  [2a0f44e3] Base64  [`@stdlib/Base64`]
  [ade2ca70] Dates  [`@stdlib/Dates`]
  [8bb1440f] DelimitedFiles  [`@stdlib/DelimitedFiles`]
  [8ba89e20] Distributed  [`@stdlib/Distributed`]
  [b77e0a4c] InteractiveUtils  [`@stdlib/InteractiveUtils`]
  [76f85450] LibGit2  [`@stdlib/LibGit2`]
  [8f399da3] Libdl  [`@stdlib/Libdl`]
  [37e2e46d] LinearAlgebra  [`@stdlib/LinearAlgebra`]
  [56ddb016] Logging  [`@stdlib/Logging`]
  [d6f4376e] Markdown  [`@stdlib/Markdown`]
  [a63ad114] Mmap  [`@stdlib/Mmap`]
  [44cfe95a] Pkg  [`@stdlib/Pkg`]
  [de0858da] Printf  [`@stdlib/Printf`]
  [3fa0cd96] REPL  [`@stdlib/REPL`]
  [9a3f8284] Random  [`@stdlib/Random`]
  [ea8e919c] SHA  [`@stdlib/SHA`]
  [9e88b42a] Serialization  [`@stdlib/Serialization`]
  [1a1011a3] SharedArrays  [`@stdlib/SharedArrays`]
  [6462fe0b] Sockets  [`@stdlib/Sockets`]
  [2f01184e] SparseArrays  [`@stdlib/SparseArrays`]
  [10745b16] Statistics  [`@stdlib/Statistics`]
  [8dfed614] Test  [`@stdlib/Test`]
  [cf7118a7] UUIDs  [`@stdlib/UUIDs`]
  [4ec0a83e] Unicode  [`@stdlib/Unicode`]
27-14 CMA-ES
time:15:18:24.047  iter:1  elapsed-time:6.75  pmap-time:1.28  grad-time:0.00  ls-time:0.45 ls-dec:0.00e+00
fcount:27  fval:2.60e+04  fmin:2.60e+04  norm:1.35e+01  penalty:0.00e+00  axis-ratio:1.00e+00  free-mem:31.77GB
time:15:18:31.037  iter:2  elapsed-time:6.82  pmap-time:0.00  grad-time:0.00  ls-time:0.00 ls-dec:0.00e+00
fcount:54  fval:2.58e+04  fmin:2.58e+04  norm:1.34e+01  penalty:0.00e+00  axis-ratio:1.00e+00  free-mem:30.34GB
time:15:18:31.233  iter:3  elapsed-time:0.17  pmap-time:0.00  grad-time:0.00  ls-time:0.00 ls-dec:0.00e+00
fcount:81  fval:2.57e+04  fmin:2.57e+04  norm:1.34e+01  penalty:0.00e+00  axis-ratio:1.00e+00  free-mem:30.47GB
time:15:18:31.42  iter:4  elapsed-time:0.16  pmap-time:0.00  grad-time:0.00  ls-time:0.00 ls-dec:0.00e+00
fcount:108  fval:2.56e+04  fmin:2.56e+04  norm:1.34e+01  penalty:0.00e+00  axis-ratio:1.00e+00  free-mem:30.38GB
time:15:18:31.583  iter:5  elapsed-time:0.15  pmap-time:0.00  grad-time:0.00  ls-time:0.00 ls-dec:0.00e+00
fcount:135  fval:2.54e+04  fmin:2.54e+04  norm:1.33e+01  penalty:0.00e+00  axis-ratio:1.00e+00  free-mem:30.37GB
time:15:18:31.709  iter:6  elapsed-time:0.12  pmap-time:0.00  grad-time:0.00  ls-time:0.00 ls-dec:0.00e+00
fcount:162  fval:2.52e+04  fmin:2.52e+04  norm:1.33e+01  penalty:0.00e+00  axis-ratio:1.00e+00  free-mem:30.24GB
time:15:18:31.824  iter:7  elapsed-time:0.10  pmap-time:0.00  grad-time:0.00  ls-time:0.00 ls-dec:0.00e+00
fcount:189  fval:2.51e+04  fmin:2.51e+04  norm:1.33e+01  penalty:0.00e+00  axis-ratio:1.00e+00  free-mem:30.26GB
time:15:18:31.899  iter:8  elapsed-time:0.07  pmap-time:0.00  grad-time:0.00  ls-time:0.00 ls-dec:0.00e+00
fcount:216  fval:2.50e+04  fmin:2.50e+04  norm:1.32e+01  penalty:0.00e+00  axis-ratio:1.00e+00  free-mem:30.16GB
time:15:18:31.985  iter:9  elapsed-time:0.08  pmap-time:0.00  grad-time:0.00  ls-time:0.00 ls-dec:0.00e+00
fcount:243  fval:2.48e+04  fmin:2.48e+04  norm:1.32e+01  penalty:0.00e+00  axis-ratio:1.00e+00  free-mem:30.07GB
time:15:18:32.145  iter:10  elapsed-time:0.15  pmap-time:0.00  grad-time:0.00  ls-time:0.00 ls-dec:0.00e+00
fcount:270  fval:2.47e+04  fmin:2.47e+04  norm:1.31e+01  penalty:0.00e+00  axis-ratio:1.00e+00  free-mem:29.89GB
time:15:18:32.32  iter:11  elapsed-time:0.17  pmap-time:0.00  grad-time:0.00  ls-time:0.00 ls-dec:0.00e+00
fcount:297  fval:2.45e+04  fmin:2.45e+04  norm:1.31e+01  penalty:0.00e+00  axis-ratio:1.00e+00  free-mem:29.65GB
time:15:18:32.596  iter:12  elapsed-time:0.27  pmap-time:0.00  grad-time:0.00  ls-time:0.00 ls-dec:0.00e+00
fcount:324  fval:2.44e+04  fmin:2.44e+04  norm:1.31e+01  penalty:0.00e+00  axis-ratio:1.00e+00  free-mem:29.46GB
time:15:18:33.101  iter:13  elapsed-time:0.50  pmap-time:0.00  grad-time:0.00  ls-time:0.00 ls-dec:0.00e+00
fcount:351  fval:2.43e+04  fmin:2.43e+04  norm:1.31e+01  penalty:0.00e+00  axis-ratio:1.00e+00  free-mem:29.87GB
time:15:18:43.029  iter:14  elapsed-time:9.92  pmap-time:0.00  grad-time:0.00  ls-time:0.00 ls-dec:0.00e+00
fcount:378  fval:2.42e+04  fmin:2.42e+04  norm:1.30e+01  penalty:0.00e+00  axis-ratio:1.00e+00  free-mem:31.24GB
time:15:18:43.354  iter:15  elapsed-time:0.32  pmap-time:0.00  grad-time:0.00  ls-time:0.00 ls-dec:0.00e+00
fcount:405  fval:2.40e+04  fmin:2.40e+04  norm:1.30e+01  penalty:0.00e+00  axis-ratio:1.00e+00  free-mem:30.91GB
time:15:18:43.515  iter:16  elapsed-time:0.15  pmap-time:0.00  grad-time:0.00  ls-time:0.00 ls-dec:0.00e+00
fcount:432  fval:2.39e+04  fmin:2.39e+04  norm:1.30e+01  penalty:0.00e+00  axis-ratio:1.00e+00  free-mem:30.74GB
time:15:18:43.725  iter:17  elapsed-time:0.21  pmap-time:0.03  grad-time:0.00  ls-time:0.00 ls-dec:0.00e+00
fcount:459  fval:2.38e+04  fmin:2.38e+04  norm:1.30e+01  penalty:0.00e+00  axis-ratio:1.00e+00  free-mem:30.55GB
time:15:18:43.837  iter:18  elapsed-time:0.11  pmap-time:0.00  grad-time:0.00  ls-time:0.00 ls-dec:0.00e+00
fcount:486  fval:2.36e+04  fmin:2.36e+04  norm:1.29e+01  penalty:0.00e+00  axis-ratio:1.00e+00  free-mem:30.52GB
time:15:18:43.961  iter:19  elapsed-time:0.12  pmap-time:0.00  grad-time:0.00  ls-time:0.00 ls-dec:0.00e+00
fcount:513  fval:2.35e+04  fmin:2.35e+04  norm:1.29e+01  penalty:0.00e+00  axis-ratio:1.00e+00  free-mem:30.57GB
time:15:18:44.011  iter:20  elapsed-time:0.05  pmap-time:0.00  grad-time:0.00  ls-time:0.00 ls-dec:0.00e+00
fcount:540  fval:2.35e+04  fmin:2.35e+04  norm:1.29e+01  penalty:0.00e+00  axis-ratio:1.00e+00  free-mem:30.65GB
time:15:18:44.054  iter:21  elapsed-time:0.04  pmap-time:0.00  grad-time:0.00  ls-time:0.00 ls-dec:0.00e+00
fcount:567  fval:2.33e+04  fmin:2.33e+04  norm:1.28e+01  penalty:0.00e+00  axis-ratio:1.00e+00  free-mem:30.58GB
time:15:18:44.133  iter:22  elapsed-time:0.08  pmap-time:0.00  grad-time:0.00  ls-time:0.00 ls-dec:0.00e+00
fcount:594  fval:2.32e+04  fmin:2.32e+04  norm:1.28e+01  penalty:0.00e+00  axis-ratio:1.00e+00  free-mem:30.65GB
time:15:18:44.24  iter:23  elapsed-time:0.11  pmap-time:0.00  grad-time:0.00  ls-time:0.00 ls-dec:0.00e+00
fcount:621  fval:2.30e+04  fmin:2.30e+04  norm:1.28e+01  penalty:0.00e+00  axis-ratio:1.00e+00  free-mem:30.59GB
time:15:18:44.661  iter:24  elapsed-time:0.42  pmap-time:0.00  grad-time:0.00  ls-time:0.00 ls-dec:0.00e+00
fcount:648  fval:2.30e+04  fmin:2.30e+04  norm:1.28e+01  penalty:0.00e+00  axis-ratio:1.00e+00  free-mem:30.62GB
time:15:18:44.828  iter:25  elapsed-time:0.17  pmap-time:0.00  grad-time:0.00  ls-time:0.00 ls-dec:0.00e+00
fcount:675  fval:2.29e+04  fmin:2.29e+04  norm:1.27e+01  penalty:0.00e+00  axis-ratio:1.00e+00  free-mem:30.80GB
time:15:18:44.898  iter:26  elapsed-time:0.07  pmap-time:0.00  grad-time:0.00  ls-time:0.00 ls-dec:0.00e+00
fcount:702  fval:2.28e+04  fmin:2.28e+04  norm:1.27e+01  penalty:0.00e+00  axis-ratio:1.00e+00  free-mem:30.75GB
time:15:18:45.187  iter:27  elapsed-time:0.29  pmap-time:0.00  grad-time:0.00  ls-time:0.00 ls-dec:0.00e+00
fcount:729  fval:2.27e+04  fmin:2.27e+04  norm:1.27e+01  penalty:0.00e+00  axis-ratio:1.00e+00  free-mem:30.50GB
time:15:18:53.395  iter:28  elapsed-time:8.21  pmap-time:0.00  grad-time:0.00  ls-time:0.00 ls-dec:0.00e+00
fcount:756  fval:2.26e+04  fmin:2.26e+04  norm:1.27e+01  penalty:0.00e+00  axis-ratio:1.00e+00  free-mem:29.82GB
time:15:18:53.656  iter:29  elapsed-time:0.26  pmap-time:0.00  grad-time:0.00  ls-time:0.00 ls-dec:0.00e+00
fcount:783  fval:2.25e+04  fmin:2.25e+04  norm:1.27e+01  penalty:0.00e+00  axis-ratio:1.00e+00  free-mem:29.64GB
time:15:18:53.796  iter:30  elapsed-time:0.12  pmap-time:0.00  grad-time:0.00  ls-time:0.00 ls-dec:0.00e+00
fcount:810  fval:2.24e+04  fmin:2.24e+04  norm:1.26e+01  penalty:0.00e+00  axis-ratio:1.00e+00  free-mem:29.55GB
time:15:18:54.003  iter:31  elapsed-time:0.19  pmap-time:0.00  grad-time:0.00  ls-time:0.00 ls-dec:0.00e+00
fcount:837  fval:2.22e+04  fmin:2.22e+04  norm:1.26e+01  penalty:0.00e+00  axis-ratio:1.00e+00  free-mem:29.65GB
time:15:18:54.141  iter:32  elapsed-time:0.13  pmap-time:0.00  grad-time:0.00  ls-time:0.00 ls-dec:0.00e+00
fcount:864  fval:2.21e+04  fmin:2.21e+04  norm:1.26e+01  penalty:0.00e+00  axis-ratio:1.00e+00  free-mem:29.68GB
time:15:18:54.293  iter:33  elapsed-time:0.14  pmap-time:0.00  grad-time:0.00  ls-time:0.00 ls-dec:0.00e+00
fcount:891  fval:2.20e+04  fmin:2.20e+04  norm:1.25e+01  penalty:0.00e+00  axis-ratio:1.00e+00  free-mem:29.53GB
time:15:18:54.749  iter:34  elapsed-time:0.43  pmap-time:0.00  grad-time:0.00  ls-time:0.00 ls-dec:0.00e+00
fcount:918  fval:2.19e+04  fmin:2.19e+04  norm:1.25e+01  penalty:0.00e+00  axis-ratio:1.00e+00  free-mem:29.39GB
time:15:18:54.961  iter:35  elapsed-time:0.20  pmap-time:0.00  grad-time:0.00  ls-time:0.00 ls-dec:0.00e+00
fcount:945  fval:2.18e+04  fmin:2.18e+04  norm:1.25e+01  penalty:0.00e+00  axis-ratio:1.00e+00  free-mem:29.18GB
time:15:18:55.114  iter:36  elapsed-time:0.14  pmap-time:0.00  grad-time:0.00  ls-time:0.00 ls-dec:0.00e+00
fcount:972  fval:2.18e+04  fmin:2.18e+04  norm:1.25e+01  penalty:0.00e+00  axis-ratio:1.00e+00  free-mem:29.31GB
time:15:18:55.301  iter:37  elapsed-time:0.18  pmap-time:0.00  grad-time:0.00  ls-time:0.00 ls-dec:0.00e+00
fcount:999  fval:2.17e+04  fmin:2.17e+04  norm:1.25e+01  penalty:0.00e+00  axis-ratio:1.00e+00  free-mem:29.08GB
time:15:18:55.544  iter:38  elapsed-time:0.24  pmap-time:0.08  grad-time:0.00  ls-time:0.00 ls-dec:0.00e+00
fcount:1026  fval:2.15e+04  fmin:2.15e+04  norm:1.24e+01  penalty:0.00e+00  axis-ratio:1.00e+00  free-mem:29.17GB
time:15:18:55.722  iter:39  elapsed-time:0.18  pmap-time:0.00  grad-time:0.00  ls-time:0.00 ls-dec:0.00e+00
fcount:1053  fval:2.14e+04  fmin:2.14e+04  norm:1.24e+01  penalty:0.00e+00  axis-ratio:1.00e+00  free-mem:29.03GB
time:15:18:55.876  iter:40  elapsed-time:0.14  pmap-time:0.00  grad-time:0.00  ls-time:0.00 ls-dec:0.00e+00
fcount:1080  fval:2.14e+04  fmin:2.14e+04  norm:1.24e+01  penalty:0.00e+00  axis-ratio:1.00e+00  free-mem:28.89GB
time:15:18:55.961  iter:41  elapsed-time:0.08  pmap-time:0.00  grad-time:0.00  ls-time:0.00 ls-dec:0.00e+00
fcount:1107  fval:2.13e+04  fmin:2.13e+04  norm:1.24e+01  penalty:0.00e+00  axis-ratio:1.00e+00  free-mem:28.85GB
time:15:19:10.994  iter:42  elapsed-time:15.02  pmap-time:0.00  grad-time:0.00  ls-time:0.00 ls-dec:0.00e+00
fcount:1134  fval:2.11e+04  fmin:2.11e+04  norm:1.23e+01  penalty:0.00e+00  axis-ratio:1.00e+00  free-mem:31.33GB
time:15:19:11.083  iter:43  elapsed-time:0.09  pmap-time:0.00  grad-time:0.00  ls-time:0.00 ls-dec:0.00e+00
fcount:1161  fval:2.11e+04  fmin:2.11e+04  norm:1.23e+01  penalty:0.00e+00  axis-ratio:1.00e+00  free-mem:31.33GB
time:15:19:11.195  iter:44  elapsed-time:0.11  pmap-time:0.00  grad-time:0.00  ls-time:0.00 ls-dec:0.00e+00
fcount:1188  fval:2.09e+04  fmin:2.09e+04  norm:1.23e+01  penalty:0.00e+00  axis-ratio:1.00e+00  free-mem:31.31GB
time:15:19:11.268  iter:45  elapsed-time:0.07  pmap-time:0.00  grad-time:0.00  ls-time:0.00 ls-dec:0.00e+00
fcount:1215  fval:2.07e+04  fmin:2.07e+04  norm:1.22e+01  penalty:0.00e+00  axis-ratio:1.00e+00  free-mem:31.23GB
time:15:19:11.383  iter:46  elapsed-time:0.11  pmap-time:0.00  grad-time:0.00  ls-time:0.00 ls-dec:0.00e+00
fcount:1242  fval:2.07e+04  fmin:2.07e+04  norm:1.22e+01  penalty:0.00e+00  axis-ratio:1.00e+00  free-mem:31.18GB
time:15:19:11.528  iter:47  elapsed-time:0.14  pmap-time:0.00  grad-time:0.00  ls-time:0.00 ls-dec:0.00e+00
fcount:1269  fval:2.04e+04  fmin:2.04e+04  norm:1.21e+01  penalty:0.00e+00  axis-ratio:1.00e+00  free-mem:31.14GB
time:15:19:11.601  iter:48  elapsed-time:0.07  pmap-time:0.00  grad-time:0.00  ls-time:0.00 ls-dec:0.00e+00
fcount:1296  fval:2.04e+04  fmin:2.04e+04  norm:1.21e+01  penalty:0.00e+00  axis-ratio:1.00e+00  free-mem:31.11GB
time:15:19:11.702  iter:49  elapsed-time:0.10  pmap-time:0.00  grad-time:0.00  ls-time:0.00 ls-dec:0.00e+00
fcount:1323  fval:2.01e+04  fmin:2.01e+04  norm:1.21e+01  penalty:0.00e+00  axis-ratio:1.00e+00  free-mem:31.07GB
time:15:19:11.751  iter:50  elapsed-time:0.05  pmap-time:0.00  grad-time:0.00  ls-time:0.00 ls-dec:0.00e+00
fcount:1350  fval:2.02e+04  fmin:2.01e+04  norm:1.21e+01  penalty:0.00e+00  axis-ratio:1.00e+00  free-mem:31.05GB
time:15:19:11.905  iter:51  elapsed-time:0.15  pmap-time:0.00  grad-time:0.00  ls-time:0.00 ls-dec:0.00e+00
fcount:1377  fval:2.01e+04  fmin:2.01e+04  norm:1.20e+01  penalty:0.00e+00  axis-ratio:1.00e+00  free-mem:31.26GB
time:15:19:12.004  iter:52  elapsed-time:0.10  pmap-time:0.00  grad-time:0.00  ls-time:0.00 ls-dec:0.00e+00
fcount:1404  fval:1.99e+04  fmin:1.99e+04  norm:1.20e+01  penalty:0.00e+00  axis-ratio:1.00e+00  free-mem:31.52GB
time:15:19:12.189  iter:53  elapsed-time:0.17  pmap-time:0.00  grad-time:0.00  ls-time:0.00 ls-dec:0.00e+00
fcount:1431  fval:1.98e+04  fmin:1.98e+04  norm:1.20e+01  penalty:0.00e+00  axis-ratio:1.00e+00  free-mem:31.39GB
time:15:19:12.306  iter:54  elapsed-time:0.11  pmap-time:0.00  grad-time:0.00  ls-time:0.00 ls-dec:0.00e+00
fcount:1458  fval:1.97e+04  fmin:1.97e+04  norm:1.19e+01  penalty:0.00e+00  axis-ratio:1.00e+00  free-mem:31.26GB
time:15:19:12.501  iter:55  elapsed-time:0.18  pmap-time:0.00  grad-time:0.00  ls-time:0.00 ls-dec:0.00e+00
fcount:1485  fval:1.96e+04  fmin:1.96e+04  norm:1.19e+01  penalty:0.00e+00  axis-ratio:1.00e+00  free-mem:31.31GB
time:15:19:22.865  iter:56  elapsed-time:10.36  pmap-time:0.00  grad-time:0.00  ls-time:0.00 ls-dec:0.00e+00
fcount:1512  fval:1.95e+04  fmin:1.95e+04  norm:1.19e+01  penalty:0.00e+00  axis-ratio:1.00e+00  free-mem:33.66GB
time:15:19:22.962  iter:57  elapsed-time:0.10  pmap-time:0.00  grad-time:0.00  ls-time:0.00 ls-dec:0.00e+00
fcount:1539  fval:1.94e+04  fmin:1.94e+04  norm:1.19e+01  penalty:0.00e+00  axis-ratio:1.00e+00  free-mem:33.63GB
time:15:19:23.027  iter:58  elapsed-time:0.06  pmap-time:0.00  grad-time:0.00  ls-time:0.00 ls-dec:0.00e+00
fcount:1566  fval:1.93e+04  fmin:1.93e+04  norm:1.18e+01  penalty:0.00e+00  axis-ratio:1.00e+00  free-mem:33.59GB
time:15:19:23.088  iter:59  elapsed-time:0.06  pmap-time:0.00  grad-time:0.00  ls-time:0.00 ls-dec:0.00e+00
fcount:1593  fval:1.91e+04  fmin:1.91e+04  norm:1.18e+01  penalty:0.00e+00  axis-ratio:1.00e+00  free-mem:33.59GB
time:15:19:23.337  iter:60  elapsed-time:0.25  pmap-time:0.00  grad-time:0.00  ls-time:0.00 ls-dec:0.00e+00
fcount:1620  fval:1.91e+04  fmin:1.91e+04  norm:1.18e+01  penalty:0.00e+00  axis-ratio:1.00e+00  free-mem:33.46GB
time:15:19:23.439  iter:61  elapsed-time:0.10  pmap-time:0.00  grad-time:0.00  ls-time:0.00 ls-dec:0.00e+00
fcount:1647  fval:1.89e+04  fmin:1.89e+04  norm:1.17e+01  penalty:0.00e+00  axis-ratio:1.00e+00  free-mem:33.39GB
time:15:19:23.906  iter:62  elapsed-time:0.47  pmap-time:0.00  grad-time:0.00  ls-time:0.00 ls-dec:0.00e+00
fcount:1674  fval:1.89e+04  fmin:1.89e+04  norm:1.17e+01  penalty:0.00e+00  axis-ratio:1.00e+00  free-mem:33.56GB
time:15:19:24.009  iter:63  elapsed-time:0.10  pmap-time:0.00  grad-time:0.00  ls-time:0.00 ls-dec:0.00e+00
fcount:1701  fval:1.87e+04  fmin:1.87e+04  norm:1.16e+01  penalty:0.00e+00  axis-ratio:1.00e+00  free-mem:33.60GB
time:15:19:24.086  iter:64  elapsed-time:0.07  pmap-time:0.00  grad-time:0.00  ls-time:0.00 ls-dec:0.00e+00
fcount:1728  fval:1.87e+04  fmin:1.87e+04  norm:1.16e+01  penalty:0.00e+00  axis-ratio:1.00e+00  free-mem:33.74GB
time:15:19:24.158  iter:65  elapsed-time:0.07  pmap-time:0.00  grad-time:0.00  ls-time:0.00 ls-dec:0.00e+00
fcount:1755  fval:1.84e+04  fmin:1.84e+04  norm:1.15e+01  penalty:0.00e+00  axis-ratio:1.00e+00  free-mem:33.71GB
time:15:19:24.214  iter:66  elapsed-time:0.06  pmap-time:0.01  grad-time:0.00  ls-time:0.00 ls-dec:0.00e+00
fcount:1782  fval:1.85e+04  fmin:1.84e+04  norm:1.16e+01  penalty:0.00e+00  axis-ratio:1.00e+00  free-mem:33.76GB
time:15:19:24.254  iter:67  elapsed-time:0.04  pmap-time:0.00  grad-time:0.00  ls-time:0.00 ls-dec:0.00e+00
fcount:1809  fval:1.84e+04  fmin:1.84e+04  norm:1.16e+01  penalty:0.00e+00  axis-ratio:1.00e+00  free-mem:33.74GB
time:15:19:24.332  iter:68  elapsed-time:0.08  pmap-time:0.00  grad-time:0.00  ls-time:0.00 ls-dec:0.00e+00
fcount:1836  fval:1.82e+04  fmin:1.82e+04  norm:1.15e+01  penalty:0.00e+00  axis-ratio:1.00e+00  free-mem:33.62GB
time:15:19:24.454  iter:69  elapsed-time:0.12  pmap-time:0.00  grad-time:0.00  ls-time:0.00 ls-dec:0.00e+00
fcount:1863  fval:1.82e+04  fmin:1.82e+04  norm:1.15e+01  penalty:0.00e+00  axis-ratio:1.00e+00  free-mem:33.87GB
time:15:19:41.384  iter:70  elapsed-time:16.93  pmap-time:0.00  grad-time:0.00  ls-time:0.00 ls-dec:0.00e+00
fcount:1890  fval:1.81e+04  fmin:1.81e+04  norm:1.15e+01  penalty:0.00e+00  axis-ratio:1.01e+00  free-mem:33.28GB
time:15:19:43.681  iter:71  elapsed-time:2.30  pmap-time:0.01  grad-time:0.00  ls-time:0.00 ls-dec:0.00e+00
fcount:1917  fval:1.80e+04  fmin:1.80e+04  norm:1.15e+01  penalty:0.00e+00  axis-ratio:1.01e+00  free-mem:33.24GB
time:15:19:43.841  iter:72  elapsed-time:0.16  pmap-time:0.00  grad-time:0.00  ls-time:0.00 ls-dec:0.00e+00
fcount:1944  fval:1.79e+04  fmin:1.79e+04  norm:1.14e+01  penalty:0.00e+00  axis-ratio:1.01e+00  free-mem:33.34GB
time:15:19:43.946  iter:73  elapsed-time:0.10  pmap-time:0.00  grad-time:0.00  ls-time:0.00 ls-dec:0.00e+00
fcount:1971  fval:1.78e+04  fmin:1.78e+04  norm:1.14e+01  penalty:0.00e+00  axis-ratio:1.01e+00  free-mem:33.27GB
time:15:19:44.165  iter:74  elapsed-time:0.22  pmap-time:0.00  grad-time:0.00  ls-time:0.00 ls-dec:0.00e+00
fcount:1998  fval:1.77e+04  fmin:1.77e+04  norm:1.13e+01  penalty:0.00e+00  axis-ratio:1.01e+00  free-mem:33.17GB
time:15:19:44.285  iter:75  elapsed-time:0.12  pmap-time:0.00  grad-time:0.00  ls-time:0.00 ls-dec:0.00e+00
fcount:2025  fval:1.76e+04  fmin:1.76e+04  norm:1.13e+01  penalty:0.00e+00  axis-ratio:1.01e+00  free-mem:33.09GB
time:15:19:44.504  iter:76  elapsed-time:0.21  pmap-time:0.00  grad-time:0.00  ls-time:0.00 ls-dec:0.00e+00
fcount:2052  fval:1.76e+04  fmin:1.76e+04  norm:1.14e+01  penalty:0.00e+00  axis-ratio:1.01e+00  free-mem:33.04GB
time:15:19:44.937  iter:77  elapsed-time:0.42  pmap-time:0.00  grad-time:0.00  ls-time:0.00 ls-dec:0.00e+00
fcount:2079  fval:1.75e+04  fmin:1.75e+04  norm:1.13e+01  penalty:0.00e+00  axis-ratio:1.01e+00  free-mem:33.78GB
time:15:19:45.196  iter:78  elapsed-time:0.26  pmap-time:0.00  grad-time:0.00  ls-time:0.00 ls-dec:0.00e+00
fcount:2106  fval:1.74e+04  fmin:1.74e+04  norm:1.13e+01  penalty:0.00e+00  axis-ratio:1.01e+00  free-mem:33.65GB
time:15:19:45.404  iter:79  elapsed-time:0.21  pmap-time:0.00  grad-time:0.00  ls-time:0.00 ls-dec:0.00e+00
fcount:2133  fval:1.74e+04  fmin:1.74e+04  norm:1.13e+01  penalty:0.00e+00  axis-ratio:1.01e+00  free-mem:33.68GB
time:15:19:45.532  iter:80  elapsed-time:0.13  pmap-time:0.00  grad-time:0.00  ls-time:0.00 ls-dec:0.00e+00
fcount:2160  fval:1.72e+04  fmin:1.72e+04  norm:1.13e+01  penalty:0.00e+00  axis-ratio:1.01e+00  free-mem:33.63GB
time:15:19:45.636  iter:81  elapsed-time:0.10  pmap-time:0.00  grad-time:0.00  ls-time:0.00 ls-dec:0.00e+00
fcount:2187  fval:1.72e+04  fmin:1.72e+04  norm:1.12e+01  penalty:0.00e+00  axis-ratio:1.01e+00  free-mem:33.56GB
time:15:19:45.684  iter:82  elapsed-time:0.04  pmap-time:0.00  grad-time:0.00  ls-time:0.00 ls-dec:0.00e+00
fcount:2214  fval:1.71e+04  fmin:1.71e+04  norm:1.12e+01  penalty:0.00e+00  axis-ratio:1.01e+00  free-mem:33.51GB
time:15:19:45.797  iter:83  elapsed-time:0.11  pmap-time:0.00  grad-time:0.00  ls-time:0.00 ls-dec:0.00e+00
fcount:2241  fval:1.70e+04  fmin:1.70e+04  norm:1.12e+01  penalty:0.00e+00  axis-ratio:1.01e+00  free-mem:33.44GB
time:15:19:57.357  iter:84  elapsed-time:11.55  pmap-time:0.00  grad-time:0.00  ls-time:0.00 ls-dec:0.00e+00
fcount:2268  fval:1.67e+04  fmin:1.67e+04  norm:1.11e+01  penalty:0.00e+00  axis-ratio:1.01e+00  free-mem:33.69GB
time:15:19:57.477  iter:85  elapsed-time:0.11  pmap-time:0.00  grad-time:0.00  ls-time:0.00 ls-dec:0.00e+00
fcount:2295  fval:1.68e+04  fmin:1.67e+04  norm:1.11e+01  penalty:0.00e+00  axis-ratio:1.01e+00  free-mem:33.56GB
time:15:19:57.589  iter:86  elapsed-time:0.11  pmap-time:0.00  grad-time:0.00  ls-time:0.00 ls-dec:0.00e+00
fcount:2322  fval:1.67e+04  fmin:1.67e+04  norm:1.11e+01  penalty:0.00e+00  axis-ratio:1.01e+00  free-mem:33.45GB
time:15:19:57.928  iter:87  elapsed-time:0.33  pmap-time:0.00  grad-time:0.00  ls-time:0.00 ls-dec:0.00e+00
fcount:2349  fval:1.66e+04  fmin:1.66e+04  norm:1.11e+01  penalty:0.00e+00  axis-ratio:1.01e+00  free-mem:33.82GB
time:15:19:58.063  iter:88  elapsed-time:0.13  pmap-time:0.00  grad-time:0.00  ls-time:0.00 ls-dec:0.00e+00
fcount:2376  fval:1.65e+04  fmin:1.65e+04  norm:1.10e+01  penalty:0.00e+00  axis-ratio:1.01e+00  free-mem:33.92GB
time:15:19:58.161  iter:89  elapsed-time:0.09  pmap-time:0.00  grad-time:0.00  ls-time:0.00 ls-dec:0.00e+00
fcount:2403  fval:1.64e+04  fmin:1.64e+04  norm:1.10e+01  penalty:0.00e+00  axis-ratio:1.01e+00  free-mem:33.89GB
time:15:19:58.401  iter:90  elapsed-time:0.22  pmap-time:0.00  grad-time:0.00  ls-time:0.00 ls-dec:0.00e+00
fcount:2430  fval:1.64e+04  fmin:1.64e+04  norm:1.10e+01  penalty:0.00e+00  axis-ratio:1.01e+00  free-mem:34.12GB
time:15:19:58.505  iter:91  elapsed-time:0.09  pmap-time:0.00  grad-time:0.00  ls-time:0.00 ls-dec:0.00e+00
fcount:2457  fval:1.63e+04  fmin:1.63e+04  norm:1.10e+01  penalty:0.00e+00  axis-ratio:1.01e+00  free-mem:34.02GB
time:15:19:58.629  iter:92  elapsed-time:0.12  pmap-time:0.00  grad-time:0.00  ls-time:0.00 ls-dec:0.00e+00
fcount:2484  fval:1.62e+04  fmin:1.62e+04  norm:1.09e+01  penalty:0.00e+00  axis-ratio:1.01e+00  free-mem:33.95GB
time:15:19:58.789  iter:93  elapsed-time:0.15  pmap-time:0.00  grad-time:0.00  ls-time:0.00 ls-dec:0.00e+00
fcount:2511  fval:1.61e+04  fmin:1.61e+04  norm:1.09e+01  penalty:0.00e+00  axis-ratio:1.01e+00  free-mem:33.88GB
time:15:19:58.944  iter:94  elapsed-time:0.13  pmap-time:0.00  grad-time:0.00  ls-time:0.00 ls-dec:0.00e+00
fcount:2538  fval:1.61e+04  fmin:1.61e+04  norm:1.09e+01  penalty:0.00e+00  axis-ratio:1.01e+00  free-mem:33.83GB
time:15:19:59.056  iter:95  elapsed-time:0.09  pmap-time:0.00  grad-time:0.00  ls-time:0.00 ls-dec:0.00e+00
fcount:2565  fval:1.60e+04  fmin:1.60e+04  norm:1.09e+01  penalty:0.00e+00  axis-ratio:1.01e+00  free-mem:33.80GB
time:15:19:59.229  iter:96  elapsed-time:0.16  pmap-time:0.00  grad-time:0.00  ls-time:0.00 ls-dec:0.00e+00
fcount:2592  fval:1.60e+04  fmin:1.60e+04  norm:1.08e+01  penalty:0.00e+00  axis-ratio:1.01e+00  free-mem:33.78GB
time:15:19:59.385  iter:97  elapsed-time:0.14  pmap-time:0.00  grad-time:0.00  ls-time:0.00 ls-dec:0.00e+00
fcount:2619  fval:1.59e+04  fmin:1.59e+04  norm:1.09e+01  penalty:0.00e+00  axis-ratio:1.01e+00  free-mem:33.70GB
time:15:20:09.332  iter:98  elapsed-time:9.93  pmap-time:0.00  grad-time:0.00  ls-time:0.00 ls-dec:0.00e+00
fcount:2646  fval:1.59e+04  fmin:1.59e+04  norm:1.09e+01  penalty:0.00e+00  axis-ratio:1.01e+00  free-mem:33.33GB
time:15:20:09.459  iter:99  elapsed-time:0.13  pmap-time:0.00  grad-time:0.00  ls-time:0.00 ls-dec:0.00e+00
fcount:2673  fval:1.57e+04  fmin:1.57e+04  norm:1.08e+01  penalty:0.00e+00  axis-ratio:1.01e+00  free-mem:33.60GB
time:15:20:09.538  iter:100  elapsed-time:0.08  pmap-time:0.00  grad-time:0.00  ls-time:0.00 ls-dec:0.00e+00
fcount:2700  fval:1.56e+04  fmin:1.56e+04  norm:1.08e+01  penalty:0.00e+00  axis-ratio:1.01e+00  free-mem:33.65GB
time:15:20:09.602  iter:101  elapsed-time:0.06  pmap-time:0.00  grad-time:0.00  ls-time:0.00 ls-dec:0.00e+00
fcount:2727  fval:1.55e+04  fmin:1.55e+04  norm:1.08e+01  penalty:0.00e+00  axis-ratio:1.01e+00  free-mem:33.64GB
time:15:20:09.746  iter:102  elapsed-time:0.13  pmap-time:0.00  grad-time:0.00  ls-time:0.00 ls-dec:0.00e+00
fcount:2754  fval:1.54e+04  fmin:1.54e+04  norm:1.08e+01  penalty:0.00e+00  axis-ratio:1.01e+00  free-mem:33.51GB
time:15:20:09.865  iter:103  elapsed-time:0.11  pmap-time:0.00  grad-time:0.00  ls-time:0.00 ls-dec:0.00e+00
fcount:2781  fval:1.54e+04  fmin:1.54e+04  norm:1.08e+01  penalty:0.00e+00  axis-ratio:1.01e+00  free-mem:33.48GB
time:15:20:10.083  iter:104  elapsed-time:0.22  pmap-time:0.00  grad-time:0.00  ls-time:0.00 ls-dec:0.00e+00
fcount:2808  fval:1.53e+04  fmin:1.53e+04  norm:1.07e+01  penalty:0.00e+00  axis-ratio:1.01e+00  free-mem:33.56GB
time:15:20:10.348  iter:105  elapsed-time:0.26  pmap-time:0.00  grad-time:0.00  ls-time:0.00 ls-dec:0.00e+00
fcount:2835  fval:1.53e+04  fmin:1.53e+04  norm:1.07e+01  penalty:0.00e+00  axis-ratio:1.01e+00  free-mem:33.55GB
time:15:20:10.429  iter:106  elapsed-time:0.08  pmap-time:0.00  grad-time:0.00  ls-time:0.00 ls-dec:0.00e+00
fcount:2862  fval:1.52e+04  fmin:1.52e+04  norm:1.07e+01  penalty:0.00e+00  axis-ratio:1.01e+00  free-mem:33.53GB
time:15:20:10.533  iter:107  elapsed-time:0.10  pmap-time:0.00  grad-time:0.00  ls-time:0.00 ls-dec:0.00e+00
fcount:2889  fval:1.51e+04  fmin:1.51e+04  norm:1.07e+01  penalty:0.00e+00  axis-ratio:1.01e+00  free-mem:34.21GB
time:15:20:10.705  iter:108  elapsed-time:0.17  pmap-time:0.00  grad-time:0.00  ls-time:0.00 ls-dec:0.00e+00
fcount:2916  fval:1.51e+04  fmin:1.51e+04  norm:1.07e+01  penalty:0.00e+00  axis-ratio:1.01e+00  free-mem:34.24GB
time:15:20:10.829  iter:109  elapsed-time:0.12  pmap-time:0.00  grad-time:0.00  ls-time:0.00 ls-dec:0.00e+00
fcount:2943  fval:1.49e+04  fmin:1.49e+04  norm:1.07e+01  penalty:0.00e+00  axis-ratio:1.01e+00  free-mem:34.54GB
time:15:20:11.09  iter:110  elapsed-time:0.26  pmap-time:0.00  grad-time:0.00  ls-time:0.00 ls-dec:0.00e+00
fcount:2970  fval:1.48e+04  fmin:1.48e+04  norm:1.07e+01  penalty:0.00e+00  axis-ratio:1.01e+00  free-mem:34.11GB
time:15:20:18.196  iter:111  elapsed-time:7.11  pmap-time:0.00  grad-time:0.00  ls-time:0.00 ls-dec:0.00e+00
fcount:2997  fval:1.48e+04  fmin:1.48e+04  norm:1.06e+01  penalty:0.00e+00  axis-ratio:1.01e+00  free-mem:33.76GB
time:15:20:18.239  iter:112  elapsed-time:0.04  pmap-time:0.00  grad-time:0.00  ls-time:0.00 ls-dec:0.00e+00
fcount:3024  fval:1.47e+04  fmin:1.47e+04  norm:1.06e+01  penalty:0.00e+00  axis-ratio:1.01e+00  free-mem:33.74GB
time:15:20:18.298  iter:113  elapsed-time:0.05  pmap-time:0.00  grad-time:0.00  ls-time:0.00 ls-dec:0.00e+00
fcount:3051  fval:1.46e+04  fmin:1.46e+04  norm:1.06e+01  penalty:0.00e+00  axis-ratio:1.01e+00  free-mem:33.69GB
time:15:20:18.376  iter:114  elapsed-time:0.07  pmap-time:0.00  grad-time:0.00  ls-time:0.00 ls-dec:0.00e+00
fcount:3078  fval:1.45e+04  fmin:1.45e+04  norm:1.05e+01  penalty:0.00e+00  axis-ratio:1.01e+00  free-mem:33.64GB
time:15:20:18.472  iter:115  elapsed-time:0.09  pmap-time:0.00  grad-time:0.00  ls-time:0.00 ls-dec:0.00e+00
fcount:3105  fval:1.44e+04  fmin:1.44e+04  norm:1.05e+01  penalty:0.00e+00  axis-ratio:1.01e+00  free-mem:33.56GB
time:15:20:18.619  iter:116  elapsed-time:0.15  pmap-time:0.00  grad-time:0.00  ls-time:0.00 ls-dec:0.00e+00
fcount:3132  fval:1.43e+04  fmin:1.43e+04  norm:1.05e+01  penalty:0.00e+00  axis-ratio:1.01e+00  free-mem:33.51GB
time:15:20:18.691  iter:117  elapsed-time:0.07  pmap-time:0.00  grad-time:0.00  ls-time:0.00 ls-dec:0.00e+00
fcount:3159  fval:1.43e+04  fmin:1.43e+04  norm:1.05e+01  penalty:0.00e+00  axis-ratio:1.01e+00  free-mem:33.46GB
time:15:20:18.928  iter:118  elapsed-time:0.23  pmap-time:0.00  grad-time:0.00  ls-time:0.00 ls-dec:0.00e+00
fcount:3186  fval:1.42e+04  fmin:1.42e+04  norm:1.04e+01  penalty:0.00e+00  axis-ratio:1.01e+00  free-mem:33.47GB
time:15:20:18.957  iter:119  elapsed-time:0.03  pmap-time:0.00  grad-time:0.00  ls-time:0.00 ls-dec:0.00e+00
fcount:3213  fval:1.41e+04  fmin:1.41e+04  norm:1.04e+01  penalty:0.00e+00  axis-ratio:1.01e+00  free-mem:33.47GB
time:15:20:19.035  iter:120  elapsed-time:0.08  pmap-time:0.00  grad-time:0.00  ls-time:0.00 ls-dec:0.00e+00
fcount:3240  fval:1.41e+04  fmin:1.41e+04  norm:1.04e+01  penalty:0.00e+00  axis-ratio:1.01e+00  free-mem:33.41GB
time:15:20:19.101  iter:121  elapsed-time:0.06  pmap-time:0.00  grad-time:0.00  ls-time:0.00 ls-dec:0.00e+00
fcount:3267  fval:1.39e+04  fmin:1.39e+04  norm:1.04e+01  penalty:0.00e+00  axis-ratio:1.01e+00  free-mem:33.48GB
time:15:20:19.305  iter:122  elapsed-time:0.20  pmap-time:0.00  grad-time:0.00  ls-time:0.00 ls-dec:0.00e+00
fcount:3294  fval:1.38e+04  fmin:1.38e+04  norm:1.03e+01  penalty:0.00e+00  axis-ratio:1.01e+00  free-mem:33.98GB
time:15:20:19.422  iter:123  elapsed-time:0.12  pmap-time:0.00  grad-time:0.00  ls-time:0.00 ls-dec:0.00e+00
fcount:3321  fval:1.38e+04  fmin:1.38e+04  norm:1.04e+01  penalty:0.00e+00  axis-ratio:1.01e+00  free-mem:33.93GB
time:15:20:19.513  iter:124  elapsed-time:0.09  pmap-time:0.00  grad-time:0.00  ls-time:0.00 ls-dec:0.00e+00
fcount:3348  fval:1.37e+04  fmin:1.37e+04  norm:1.04e+01  penalty:0.00e+00  axis-ratio:1.01e+00  free-mem:33.94GB
time:15:20:25.037  iter:125  elapsed-time:5.52  pmap-time:0.00  grad-time:0.00  ls-time:0.00 ls-dec:0.00e+00
fcount:3375  fval:1.36e+04  fmin:1.36e+04  norm:1.03e+01  penalty:0.00e+00  axis-ratio:1.02e+00  free-mem:34.05GB
time:15:20:25.225  iter:126  elapsed-time:0.18  pmap-time:0.00  grad-time:0.00  ls-time:0.00 ls-dec:0.00e+00
fcount:3402  fval:1.36e+04  fmin:1.36e+04  norm:1.03e+01  penalty:0.00e+00  axis-ratio:1.02e+00  free-mem:33.94GB
time:15:20:25.373  iter:127  elapsed-time:0.14  pmap-time:0.00  grad-time:0.00  ls-time:0.00 ls-dec:0.00e+00
fcount:3429  fval:1.35e+04  fmin:1.35e+04  norm:1.03e+01  penalty:0.00e+00  axis-ratio:1.02e+00  free-mem:33.80GB
time:15:20:25.503  iter:128  elapsed-time:0.11  pmap-time:0.00  grad-time:0.00  ls-time:0.00 ls-dec:0.00e+00
fcount:3456  fval:1.35e+04  fmin:1.35e+04  norm:1.02e+01  penalty:0.00e+00  axis-ratio:1.02e+00  free-mem:33.64GB
time:15:20:25.614  iter:129  elapsed-time:0.11  pmap-time:0.00  grad-time:0.00  ls-time:0.00 ls-dec:0.00e+00
fcount:3483  fval:1.34e+04  fmin:1.34e+04  norm:1.02e+01  penalty:0.00e+00  axis-ratio:1.02e+00  free-mem:33.54GB
time:15:20:25.712  iter:130  elapsed-time:0.09  pmap-time:0.03  grad-time:0.00  ls-time:0.00 ls-dec:0.00e+00
fcount:3510  fval:1.34e+04  fmin:1.34e+04  norm:1.02e+01  penalty:0.00e+00  axis-ratio:1.02e+00  free-mem:33.57GB
time:15:20:25.756  iter:131  elapsed-time:0.04  pmap-time:0.00  grad-time:0.00  ls-time:0.00 ls-dec:0.00e+00
fcount:3537  fval:1.33e+04  fmin:1.33e+04  norm:1.02e+01  penalty:0.00e+00  axis-ratio:1.02e+00  free-mem:33.85GB
time:15:20:25.893  iter:132  elapsed-time:0.12  pmap-time:0.00  grad-time:0.00  ls-time:0.00 ls-dec:0.00e+00
fcount:3564  fval:1.32e+04  fmin:1.32e+04  norm:1.01e+01  penalty:0.00e+00  axis-ratio:1.02e+00  free-mem:34.22GB
time:15:20:25.986  iter:133  elapsed-time:0.08  pmap-time:0.00  grad-time:0.00  ls-time:0.00 ls-dec:0.00e+00
fcount:3591  fval:1.31e+04  fmin:1.31e+04  norm:1.01e+01  penalty:0.00e+00  axis-ratio:1.02e+00  free-mem:34.17GB
time:15:20:26.045  iter:134  elapsed-time:0.06  pmap-time:0.01  grad-time:0.00  ls-time:0.00 ls-dec:0.00e+00
fcount:3618  fval:1.31e+04  fmin:1.31e+04  norm:1.01e+01  penalty:0.00e+00  axis-ratio:1.02e+00  free-mem:34.09GB
time:15:20:26.126  iter:135  elapsed-time:0.08  pmap-time:0.00  grad-time:0.00  ls-time:0.00 ls-dec:0.00e+00
fcount:3645  fval:1.30e+04  fmin:1.30e+04  norm:1.01e+01  penalty:0.00e+00  axis-ratio:1.02e+00  free-mem:34.25GB
time:15:20:26.29  iter:136  elapsed-time:0.16  pmap-time:0.00  grad-time:0.00  ls-time:0.00 ls-dec:0.00e+00
fcount:3672  fval:1.29e+04  fmin:1.29e+04  norm:1.00e+01  penalty:0.00e+00  axis-ratio:1.02e+00  free-mem:34.15GB
time:15:20:26.357  iter:137  elapsed-time:0.06  pmap-time:0.00  grad-time:0.00  ls-time:0.00 ls-dec:0.00e+00
fcount:3699  fval:1.29e+04  fmin:1.29e+04  norm:1.01e+01  penalty:0.00e+00  axis-ratio:1.02e+00  free-mem:34.10GB
time:15:20:26.394  iter:138  elapsed-time:0.04  pmap-time:0.00  grad-time:0.00  ls-time:0.00 ls-dec:0.00e+00
fcount:3726  fval:1.28e+04  fmin:1.28e+04  norm:1.00e+01  penalty:0.00e+00  axis-ratio:1.02e+00  free-mem:34.07GB
time:15:20:34.122  iter:139  elapsed-time:7.73  pmap-time:0.00  grad-time:0.00  ls-time:0.00 ls-dec:0.00e+00
fcount:3753  fval:1.27e+04  fmin:1.27e+04  norm:1.00e+01  penalty:0.00e+00  axis-ratio:1.02e+00  free-mem:33.19GB
time:15:20:34.36  iter:140  elapsed-time:0.24  pmap-time:0.00  grad-time:0.00  ls-time:0.00 ls-dec:0.00e+00
fcount:3780  fval:1.27e+04  fmin:1.27e+04  norm:1.00e+01  penalty:0.00e+00  axis-ratio:1.02e+00  free-mem:33.50GB
time:15:20:34.605  iter:141  elapsed-time:0.24  pmap-time:0.00  grad-time:0.00  ls-time:0.00 ls-dec:0.00e+00
fcount:3807  fval:1.26e+04  fmin:1.26e+04  norm:1.00e+01  penalty:0.00e+00  axis-ratio:1.02e+00  free-mem:33.51GB
time:15:20:34.833  iter:142  elapsed-time:0.23  pmap-time:0.00  grad-time:0.00  ls-time:0.00 ls-dec:0.00e+00
fcount:3834  fval:1.25e+04  fmin:1.25e+04  norm:9.98e+00  penalty:0.00e+00  axis-ratio:1.02e+00  free-mem:33.19GB
time:15:20:34.908  iter:143  elapsed-time:0.07  pmap-time:0.00  grad-time:0.00  ls-time:0.00 ls-dec:0.00e+00
fcount:3861  fval:1.25e+04  fmin:1.25e+04  norm:9.98e+00  penalty:0.00e+00  axis-ratio:1.02e+00  free-mem:33.10GB
time:15:20:34.968  iter:144  elapsed-time:0.06  pmap-time:0.00  grad-time:0.00  ls-time:0.00 ls-dec:0.00e+00
fcount:3888  fval:1.24e+04  fmin:1.24e+04  norm:9.94e+00  penalty:0.00e+00  axis-ratio:1.02e+00  free-mem:32.94GB
time:15:20:35.265  iter:145  elapsed-time:0.30  pmap-time:0.00  grad-time:0.00  ls-time:0.00 ls-dec:0.00e+00
fcount:3915  fval:1.24e+04  fmin:1.24e+04  norm:9.92e+00  penalty:0.00e+00  axis-ratio:1.02e+00  free-mem:32.84GB
time:15:20:35.436  iter:146  elapsed-time:0.17  pmap-time:0.00  grad-time:0.00  ls-time:0.00 ls-dec:0.00e+00
fcount:3942  fval:1.23e+04  fmin:1.23e+04  norm:9.94e+00  penalty:0.00e+00  axis-ratio:1.02e+00  free-mem:32.94GB
time:15:20:35.676  iter:147  elapsed-time:0.24  pmap-time:0.00  grad-time:0.00  ls-time:0.00 ls-dec:0.00e+00
fcount:3969  fval:1.23e+04  fmin:1.23e+04  norm:9.93e+00  penalty:0.00e+00  axis-ratio:1.02e+00  free-mem:32.87GB
time:15:20:35.921  iter:148  elapsed-time:0.24  pmap-time:0.00  grad-time:0.00  ls-time:0.00 ls-dec:0.00e+00
fcount:3996  fval:1.22e+04  fmin:1.22e+04  norm:9.82e+00  penalty:0.00e+00  axis-ratio:1.02e+00  free-mem:32.94GB
time:15:20:36.056  iter:149  elapsed-time:0.13  pmap-time:0.00  grad-time:0.00  ls-time:0.00 ls-dec:0.00e+00
fcount:4023  fval:1.21e+04  fmin:1.21e+04  norm:9.92e+00  penalty:0.00e+00  axis-ratio:1.02e+00  free-mem:33.20GB
time:15:20:36.104  iter:150  elapsed-time:0.05  pmap-time:0.00  grad-time:0.00  ls-time:0.00 ls-dec:0.00e+00
fcount:4050  fval:1.21e+04  fmin:1.21e+04  norm:9.80e+00  penalty:0.00e+00  axis-ratio:1.02e+00  free-mem:33.30GB
time:15:20:36.283  iter:151  elapsed-time:0.17  pmap-time:0.00  grad-time:0.00  ls-time:0.00 ls-dec:0.00e+00
fcount:4077  fval:1.20e+04  fmin:1.20e+04  norm:9.82e+00  penalty:0.00e+00  axis-ratio:1.02e+00  free-mem:33.43GB
time:15:20:36.417  iter:152  elapsed-time:0.13  pmap-time:0.00  grad-time:0.00  ls-time:0.00 ls-dec:0.00e+00
fcount:4104  fval:1.20e+04  fmin:1.20e+04  norm:9.81e+00  penalty:0.00e+00  axis-ratio:1.02e+00  free-mem:33.30GB
time:15:20:43.143  iter:153  elapsed-time:6.72  pmap-time:0.00  grad-time:0.00  ls-time:0.00 ls-dec:0.00e+00
fcount:4131  fval:1.19e+04  fmin:1.19e+04  norm:9.74e+00  penalty:0.00e+00  axis-ratio:1.03e+00  free-mem:35.46GB
time:15:20:43.241  iter:154  elapsed-time:0.10  pmap-time:0.00  grad-time:0.00  ls-time:0.00 ls-dec:0.00e+00
fcount:4158  fval:1.18e+04  fmin:1.18e+04  norm:9.75e+00  penalty:0.00e+00  axis-ratio:1.03e+00  free-mem:35.80GB
time:15:20:43.357  iter:155  elapsed-time:0.11  pmap-time:0.00  grad-time:0.00  ls-time:0.00 ls-dec:0.00e+00
fcount:4185  fval:1.17e+04  fmin:1.17e+04  norm:9.77e+00  penalty:0.00e+00  axis-ratio:1.03e+00  free-mem:35.72GB
time:15:20:43.468  iter:156  elapsed-time:0.10  pmap-time:0.00  grad-time:0.00  ls-time:0.00 ls-dec:0.00e+00
fcount:4212  fval:1.17e+04  fmin:1.17e+04  norm:9.74e+00  penalty:0.00e+00  axis-ratio:1.03e+00  free-mem:35.69GB
time:15:20:43.513  iter:157  elapsed-time:0.04  pmap-time:0.00  grad-time:0.00  ls-time:0.00 ls-dec:0.00e+00
fcount:4239  fval:1.16e+04  fmin:1.16e+04  norm:9.68e+00  penalty:0.00e+00  axis-ratio:1.03e+00  free-mem:35.81GB
time:15:20:45.805  iter:158  elapsed-time:2.28  pmap-time:0.00  grad-time:0.00  ls-time:0.00 ls-dec:0.00e+00
fcount:4266  fval:1.16e+04  fmin:1.16e+04  norm:9.73e+00  penalty:0.00e+00  axis-ratio:1.03e+00  free-mem:35.09GB
time:15:20:45.953  iter:159  elapsed-time:0.14  pmap-time:0.00  grad-time:0.00  ls-time:0.00 ls-dec:0.00e+00
fcount:4293  fval:1.16e+04  fmin:1.16e+04  norm:9.67e+00  penalty:0.00e+00  axis-ratio:1.03e+00  free-mem:34.98GB
time:15:20:46.164  iter:160  elapsed-time:0.21  pmap-time:0.00  grad-time:0.00  ls-time:0.00 ls-dec:0.00e+00
fcount:4320  fval:1.15e+04  fmin:1.15e+04  norm:9.68e+00  penalty:0.00e+00  axis-ratio:1.03e+00  free-mem:34.92GB
time:15:20:46.353  iter:161  elapsed-time:0.19  pmap-time:0.00  grad-time:0.00  ls-time:0.00 ls-dec:0.00e+00
fcount:4347  fval:1.14e+04  fmin:1.14e+04  norm:9.69e+00  penalty:0.00e+00  axis-ratio:1.03e+00  free-mem:35.24GB
time:15:20:46.475  iter:162  elapsed-time:0.12  pmap-time:0.00  grad-time:0.00  ls-time:0.00 ls-dec:0.00e+00
fcount:4374  fval:1.14e+04  fmin:1.14e+04  norm:9.66e+00  penalty:0.00e+00  axis-ratio:1.03e+00  free-mem:35.39GB
time:15:20:46.595  iter:163  elapsed-time:0.12  pmap-time:0.00  grad-time:0.00  ls-time:0.00 ls-dec:0.00e+00
fcount:4401  fval:1.13e+04  fmin:1.13e+04  norm:9.55e+00  penalty:0.00e+00  axis-ratio:1.03e+00  free-mem:35.24GB
time:15:20:46.74  iter:164  elapsed-time:0.14  pmap-time:0.00  grad-time:0.00  ls-time:0.00 ls-dec:0.00e+00
fcount:4428  fval:1.13e+04  fmin:1.13e+04  norm:9.60e+00  penalty:0.00e+00  axis-ratio:1.03e+00  free-mem:35.24GB
time:15:20:46.871  iter:165  elapsed-time:0.13  pmap-time:0.00  grad-time:0.00  ls-time:0.00 ls-dec:0.00e+00
fcount:4455  fval:1.12e+04  fmin:1.12e+04  norm:9.56e+00  penalty:0.00e+00  axis-ratio:1.03e+00  free-mem:35.12GB
time:15:20:47.118  iter:166  elapsed-time:0.25  pmap-time:0.00  grad-time:0.00  ls-time:0.00 ls-dec:0.00e+00
fcount:4482  fval:1.11e+04  fmin:1.11e+04  norm:9.58e+00  penalty:0.00e+00  axis-ratio:1.03e+00  free-mem:35.43GB
time:15:20:58.244  iter:167  elapsed-time:11.12  pmap-time:0.00  grad-time:0.00  ls-time:0.00 ls-dec:0.00e+00
fcount:4509  fval:1.11e+04  fmin:1.11e+04  norm:9.55e+00  penalty:0.00e+00  axis-ratio:1.03e+00  free-mem:31.91GB
time:15:20:58.423  iter:168  elapsed-time:0.17  pmap-time:0.00  grad-time:0.00  ls-time:0.00 ls-dec:0.00e+00
fcount:4536  fval:1.10e+04  fmin:1.10e+04  norm:9.54e+00  penalty:0.00e+00  axis-ratio:1.03e+00  free-mem:31.68GB
time:15:20:58.603  iter:169  elapsed-time:0.16  pmap-time:0.00  grad-time:0.00  ls-time:0.00 ls-dec:0.00e+00
fcount:4563  fval:1.10e+04  fmin:1.10e+04  norm:9.54e+00  penalty:0.00e+00  axis-ratio:1.03e+00  free-mem:31.51GB
time:15:20:58.848  iter:170  elapsed-time:0.23  pmap-time:0.00  grad-time:0.00  ls-time:0.00 ls-dec:0.00e+00
fcount:4590  fval:1.09e+04  fmin:1.09e+04  norm:9.52e+00  penalty:0.00e+00  axis-ratio:1.03e+00  free-mem:31.63GB
time:15:20:59.047  iter:171  elapsed-time:0.19  pmap-time:0.00  grad-time:0.00  ls-time:0.00 ls-dec:0.00e+00
fcount:4617  fval:1.09e+04  fmin:1.09e+04  norm:9.48e+00  penalty:0.00e+00  axis-ratio:1.03e+00  free-mem:32.41GB
time:15:20:59.146  iter:172  elapsed-time:0.09  pmap-time:0.00  grad-time:0.00  ls-time:0.00 ls-dec:0.00e+00
fcount:4644  fval:1.08e+04  fmin:1.08e+04  norm:9.46e+00  penalty:0.00e+00  axis-ratio:1.03e+00  free-mem:32.59GB
time:15:20:59.352  iter:173  elapsed-time:0.20  pmap-time:0.00  grad-time:0.00  ls-time:0.00 ls-dec:0.00e+00
fcount:4671  fval:1.07e+04  fmin:1.07e+04  norm:9.48e+00  penalty:0.00e+00  axis-ratio:1.03e+00  free-mem:33.03GB
time:15:20:59.528  iter:174  elapsed-time:0.17  pmap-time:0.00  grad-time:0.00  ls-time:0.00 ls-dec:0.00e+00
fcount:4698  fval:1.06e+04  fmin:1.06e+04  norm:9.43e+00  penalty:0.00e+00  axis-ratio:1.03e+00  free-mem:33.17GB
time:15:20:59.8  iter:175  elapsed-time:0.27  pmap-time:0.00  grad-time:0.00  ls-time:0.00 ls-dec:0.00e+00
fcount:4725  fval:1.06e+04  fmin:1.06e+04  norm:9.47e+00  penalty:0.00e+00  axis-ratio:1.03e+00  free-mem:32.75GB
time:15:20:59.961  iter:176  elapsed-time:0.16  pmap-time:0.00  grad-time:0.00  ls-time:0.00 ls-dec:0.00e+00
fcount:4752  fval:1.05e+04  fmin:1.05e+04  norm:9.46e+00  penalty:0.00e+00  axis-ratio:1.03e+00  free-mem:32.90GB
time:15:21:00.141  iter:177  elapsed-time:0.16  pmap-time:0.01  grad-time:0.00  ls-time:0.00 ls-dec:0.00e+00
fcount:4779  fval:1.05e+04  fmin:1.05e+04  norm:9.41e+00  penalty:0.00e+00  axis-ratio:1.03e+00  free-mem:32.85GB
time:15:21:00.296  iter:178  elapsed-time:0.15  pmap-time:0.00  grad-time:0.00  ls-time:0.00 ls-dec:0.00e+00
fcount:4806  fval:1.05e+04  fmin:1.05e+04  norm:9.40e+00  penalty:0.00e+00  axis-ratio:1.03e+00  free-mem:32.76GB
time:15:21:00.419  iter:179  elapsed-time:0.11  pmap-time:0.00  grad-time:0.00  ls-time:0.00 ls-dec:0.00e+00
fcount:4833  fval:1.05e+04  fmin:1.05e+04  norm:9.43e+00  penalty:0.00e+00  axis-ratio:1.03e+00  free-mem:32.65GB
time:15:21:00.561  iter:180  elapsed-time:0.14  pmap-time:0.00  grad-time:0.00  ls-time:0.00 ls-dec:0.00e+00
fcount:4860  fval:1.04e+04  fmin:1.04e+04  norm:9.45e+00  penalty:0.00e+00  axis-ratio:1.03e+00  free-mem:32.80GB
time:15:21:09.923  iter:181  elapsed-time:9.35  pmap-time:0.00  grad-time:0.00  ls-time:0.00 ls-dec:0.00e+00
fcount:4887  fval:1.04e+04  fmin:1.04e+04  norm:9.41e+00  penalty:0.00e+00  axis-ratio:1.03e+00  free-mem:32.79GB
time:15:21:10.013  iter:182  elapsed-time:0.09  pmap-time:0.00  grad-time:0.00  ls-time:0.00 ls-dec:0.00e+00
fcount:4914  fval:1.04e+04  fmin:1.04e+04  norm:9.41e+00  penalty:0.00e+00  axis-ratio:1.03e+00  free-mem:32.67GB
time:15:21:10.092  iter:183  elapsed-time:0.08  pmap-time:0.00  grad-time:0.00  ls-time:0.00 ls-dec:0.00e+00
fcount:4941  fval:1.03e+04  fmin:1.03e+04  norm:9.44e+00  penalty:0.00e+00  axis-ratio:1.03e+00  free-mem:32.54GB
time:15:21:10.219  iter:184  elapsed-time:0.12  pmap-time:0.00  grad-time:0.00  ls-time:0.00 ls-dec:0.00e+00
fcount:4968  fval:1.02e+04  fmin:1.02e+04  norm:9.33e+00  penalty:0.00e+00  axis-ratio:1.03e+00  free-mem:32.46GB
time:15:21:10.319  iter:185  elapsed-time:0.09  pmap-time:0.00  grad-time:0.00  ls-time:0.00 ls-dec:0.00e+00
fcount:4995  fval:1.01e+04  fmin:1.01e+04  norm:9.41e+00  penalty:0.00e+00  axis-ratio:1.03e+00  free-mem:32.41GB
time:15:21:10.549  iter:186  elapsed-time:0.21  pmap-time:0.07  grad-time:0.00  ls-time:0.00 ls-dec:0.00e+00
fcount:5022  fval:1.01e+04  fmin:1.01e+04  norm:9.39e+00  penalty:0.00e+00  axis-ratio:1.03e+00  free-mem:32.43GB
time:15:21:10.646  iter:187  elapsed-time:0.10  pmap-time:0.00  grad-time:0.00  ls-time:0.00 ls-dec:0.00e+00
fcount:5049  fval:1.01e+04  fmin:1.01e+04  norm:9.40e+00  penalty:0.00e+00  axis-ratio:1.03e+00  free-mem:32.49GB
time:15:21:10.724  iter:188  elapsed-time:0.08  pmap-time:0.00  grad-time:0.00  ls-time:0.00 ls-dec:0.00e+00
fcount:5076  fval:1.00e+04  fmin:1.00e+04  norm:9.34e+00  penalty:0.00e+00  axis-ratio:1.03e+00  free-mem:32.57GB
time:15:21:10.795  iter:189  elapsed-time:0.07  pmap-time:0.00  grad-time:0.00  ls-time:0.00 ls-dec:0.00e+00
fcount:5103  fval:1.00e+04  fmin:1.00e+04  norm:9.36e+00  penalty:0.00e+00  axis-ratio:1.03e+00  free-mem:32.82GB
time:15:21:10.887  iter:190  elapsed-time:0.09  pmap-time:0.00  grad-time:0.00  ls-time:0.00 ls-dec:0.00e+00
fcount:5130  fval:9.95e+03  fmin:9.95e+03  norm:9.34e+00  penalty:0.00e+00  axis-ratio:1.03e+00  free-mem:32.78GB
time:15:21:10.976  iter:191  elapsed-time:0.09  pmap-time:0.00  grad-time:0.00  ls-time:0.00 ls-dec:0.00e+00
fcount:5157  fval:9.88e+03  fmin:9.88e+03  norm:9.34e+00  penalty:0.00e+00  axis-ratio:1.03e+00  free-mem:32.81GB
time:15:21:11.105  iter:192  elapsed-time:0.13  pmap-time:0.00  grad-time:0.00  ls-time:0.00 ls-dec:0.00e+00
fcount:5184  fval:9.80e+03  fmin:9.80e+03  norm:9.34e+00  penalty:0.00e+00  axis-ratio:1.03e+00  free-mem:32.83GB
time:15:21:11.353  iter:193  elapsed-time:0.23  pmap-time:0.00  grad-time:0.00  ls-time:0.00 ls-dec:0.00e+00
fcount:5211  fval:9.76e+03  fmin:9.76e+03  norm:9.38e+00  penalty:0.00e+00  axis-ratio:1.03e+00  free-mem:32.53GB
time:15:21:11.468  iter:194  elapsed-time:0.10  pmap-time:0.00  grad-time:0.00  ls-time:0.00 ls-dec:0.00e+00
fcount:5238  fval:9.72e+03  fmin:9.72e+03  norm:9.30e+00  penalty:0.00e+00  axis-ratio:1.03e+00  free-mem:32.31GB
time:15:21:16.873  iter:195  elapsed-time:5.39  pmap-time:0.00  grad-time:0.00  ls-time:0.00 ls-dec:0.00e+00
fcount:5265  fval:9.66e+03  fmin:9.66e+03  norm:9.29e+00  penalty:0.00e+00  axis-ratio:1.04e+00  free-mem:31.76GB
time:15:21:16.925  iter:196  elapsed-time:0.04  pmap-time:0.00  grad-time:0.00  ls-time:0.00 ls-dec:0.00e+00
fcount:5292  fval:9.64e+03  fmin:9.64e+03  norm:9.28e+00  penalty:0.00e+00  axis-ratio:1.04e+00  free-mem:31.68GB
time:15:21:16.983  iter:197  elapsed-time:0.04  pmap-time:0.00  grad-time:0.00  ls-time:0.00 ls-dec:0.00e+00
fcount:5319  fval:9.58e+03  fmin:9.58e+03  norm:9.21e+00  penalty:0.00e+00  axis-ratio:1.04e+00  free-mem:31.62GB
time:15:21:17.044  iter:198  elapsed-time:0.05  pmap-time:0.01  grad-time:0.00  ls-time:0.00 ls-dec:0.00e+00
fcount:5346  fval:9.56e+03  fmin:9.56e+03  norm:9.22e+00  penalty:0.00e+00  axis-ratio:1.04e+00  free-mem:31.57GB
time:15:21:17.085  iter:199  elapsed-time:0.04  pmap-time:0.00  grad-time:0.00  ls-time:0.00 ls-dec:0.00e+00
fcount:5373  fval:9.50e+03  fmin:9.50e+03  norm:9.24e+00  penalty:0.00e+00  axis-ratio:1.04e+00  free-mem:31.51GB
time:15:21:17.135  iter:200  elapsed-time:0.04  pmap-time:0.00  grad-time:0.00  ls-time:0.00 ls-dec:0.00e+00
fcount:5400  fval:9.49e+03  fmin:9.49e+03  norm:9.21e+00  penalty:0.00e+00  axis-ratio:1.04e+00  free-mem:31.51GB
27-14 CMA-ES
time:15:21:21.467  iter:1  elapsed-time:2.41  pmap-time:0.00  grad-time:2.00  ls-time:0.19 ls-dec:0.00e+00
fcount:27  fval:9.47e+03  fmin:9.27e+03  norm:9.18e+00  penalty:0.00e+00  axis-ratio:1.00e+00  free-mem:29.16GB
time:15:21:24.005  iter:2  elapsed-time:2.52  pmap-time:0.00  grad-time:0.13  ls-time:0.00 ls-dec:0.00e+00
fcount:54  fval:9.47e+03  fmin:9.24e+03  norm:9.23e+00  penalty:0.00e+00  axis-ratio:1.00e+00  free-mem:28.33GB
time:15:21:24.233  iter:3  elapsed-time:0.23  pmap-time:0.00  grad-time:0.09  ls-time:0.00 ls-dec:0.00e+00
fcount:81  fval:9.39e+03  fmin:9.16e+03  norm:9.22e+00  penalty:0.00e+00  axis-ratio:1.00e+00  free-mem:28.16GB
time:15:21:24.614  iter:4  elapsed-time:0.38  pmap-time:0.00  grad-time:0.19  ls-time:0.00 ls-dec:0.00e+00
fcount:108  fval:9.41e+03  fmin:9.15e+03  norm:9.14e+00  penalty:0.00e+00  axis-ratio:1.00e+00  free-mem:28.02GB
time:15:21:25.003  iter:5  elapsed-time:0.38  pmap-time:0.00  grad-time:0.15  ls-time:0.00 ls-dec:0.00e+00
fcount:135  fval:9.31e+03  fmin:9.09e+03  norm:9.19e+00  penalty:0.00e+00  axis-ratio:1.00e+00  free-mem:28.17GB
time:15:21:25.288  iter:6  elapsed-time:0.27  pmap-time:0.00  grad-time:0.06  ls-time:0.00 ls-dec:0.00e+00
fcount:162  fval:9.28e+03  fmin:9.05e+03  norm:9.20e+00  penalty:0.00e+00  axis-ratio:1.00e+00  free-mem:27.99GB
time:15:21:25.677  iter:7  elapsed-time:0.37  pmap-time:0.00  grad-time:0.18  ls-time:0.00 ls-dec:0.00e+00
fcount:189  fval:9.23e+03  fmin:9.00e+03  norm:9.15e+00  penalty:0.00e+00  axis-ratio:1.00e+00  free-mem:27.71GB
time:15:21:25.89  iter:8  elapsed-time:0.20  pmap-time:0.00  grad-time:0.11  ls-time:0.00 ls-dec:0.00e+00
fcount:216  fval:9.15e+03  fmin:8.96e+03  norm:9.11e+00  penalty:0.00e+00  axis-ratio:1.00e+00  free-mem:27.60GB
time:15:21:26.109  iter:9  elapsed-time:0.21  pmap-time:0.00  grad-time:0.07  ls-time:0.01 ls-dec:0.00e+00
fcount:243  fval:9.20e+03  fmin:8.94e+03  norm:9.14e+00  penalty:0.00e+00  axis-ratio:1.00e+00  free-mem:27.62GB
time:15:21:26.432  iter:10  elapsed-time:0.31  pmap-time:0.00  grad-time:0.13  ls-time:0.00 ls-dec:0.00e+00
fcount:270  fval:9.11e+03  fmin:8.90e+03  norm:9.08e+00  penalty:0.00e+00  axis-ratio:1.00e+00  free-mem:28.59GB
time:15:21:26.696  iter:11  elapsed-time:0.26  pmap-time:0.00  grad-time:0.08  ls-time:0.00 ls-dec:0.00e+00
fcount:297  fval:9.06e+03  fmin:8.84e+03  norm:9.14e+00  penalty:0.00e+00  axis-ratio:1.00e+00  free-mem:28.31GB
time:15:21:26.978  iter:12  elapsed-time:0.28  pmap-time:0.00  grad-time:0.06  ls-time:0.00 ls-dec:0.00e+00
fcount:324  fval:9.00e+03  fmin:8.79e+03  norm:9.14e+00  penalty:0.00e+00  axis-ratio:1.00e+00  free-mem:28.37GB
time:15:21:27.317  iter:13  elapsed-time:0.33  pmap-time:0.00  grad-time:0.07  ls-time:0.00 ls-dec:0.00e+00
fcount:351  fval:8.99e+03  fmin:8.74e+03  norm:9.11e+00  penalty:0.00e+00  axis-ratio:1.00e+00  free-mem:28.13GB
time:15:21:38.957  iter:14  elapsed-time:11.63  pmap-time:0.00  grad-time:0.05  ls-time:0.00 ls-dec:0.00e+00
fcount:378  fval:8.86e+03  fmin:8.68e+03  norm:9.06e+00  penalty:0.00e+00  axis-ratio:1.00e+00  free-mem:28.21GB
time:15:21:39.111  iter:15  elapsed-time:0.15  pmap-time:0.00  grad-time:0.05  ls-time:0.00 ls-dec:0.00e+00
fcount:405  fval:8.90e+03  fmin:8.64e+03  norm:9.09e+00  penalty:0.00e+00  axis-ratio:1.00e+00  free-mem:28.37GB
time:15:21:39.393  iter:16  elapsed-time:0.28  pmap-time:0.00  grad-time:0.10  ls-time:0.00 ls-dec:0.00e+00
fcount:432  fval:8.77e+03  fmin:8.58e+03  norm:9.03e+00  penalty:0.00e+00  axis-ratio:1.00e+00  free-mem:28.62GB
time:15:21:39.742  iter:17  elapsed-time:0.33  pmap-time:0.00  grad-time:0.03  ls-time:0.00 ls-dec:0.00e+00
fcount:459  fval:8.73e+03  fmin:8.52e+03  norm:9.06e+00  penalty:0.00e+00  axis-ratio:1.00e+00  free-mem:28.67GB
time:15:21:39.854  iter:18  elapsed-time:0.11  pmap-time:0.00  grad-time:0.04  ls-time:0.00 ls-dec:0.00e+00
fcount:486  fval:8.69e+03  fmin:8.47e+03  norm:9.08e+00  penalty:0.00e+00  axis-ratio:1.00e+00  free-mem:28.61GB
time:15:21:40.113  iter:19  elapsed-time:0.26  pmap-time:0.00  grad-time:0.06  ls-time:0.00 ls-dec:0.00e+00
fcount:513  fval:8.62e+03  fmin:8.42e+03  norm:9.06e+00  penalty:0.00e+00  axis-ratio:1.00e+00  free-mem:28.44GB
time:15:21:40.359  iter:20  elapsed-time:0.25  pmap-time:0.00  grad-time:0.06  ls-time:0.00 ls-dec:0.00e+00
fcount:540  fval:8.64e+03  fmin:8.40e+03  norm:9.03e+00  penalty:0.00e+00  axis-ratio:1.00e+00  free-mem:28.29GB
time:15:21:40.732  iter:21  elapsed-time:0.37  pmap-time:0.00  grad-time:0.08  ls-time:0.00 ls-dec:0.00e+00
fcount:567  fval:8.56e+03  fmin:8.36e+03  norm:9.05e+00  penalty:0.00e+00  axis-ratio:1.00e+00  free-mem:28.14GB
time:15:21:41.025  iter:22  elapsed-time:0.29  pmap-time:0.00  grad-time:0.12  ls-time:0.00 ls-dec:0.00e+00
fcount:594  fval:8.58e+03  fmin:8.33e+03  norm:9.00e+00  penalty:0.00e+00  axis-ratio:1.00e+00  free-mem:28.05GB
time:15:21:41.336  iter:23  elapsed-time:0.31  pmap-time:0.00  grad-time:0.13  ls-time:0.00 ls-dec:0.00e+00
fcount:621  fval:8.43e+03  fmin:8.25e+03  norm:8.97e+00  penalty:0.00e+00  axis-ratio:1.00e+00  free-mem:27.75GB
time:15:21:41.702  iter:24  elapsed-time:0.35  pmap-time:0.00  grad-time:0.12  ls-time:0.00 ls-dec:0.00e+00
fcount:648  fval:8.48e+03  fmin:8.25e+03  norm:9.07e+00  penalty:0.00e+00  axis-ratio:1.00e+00  free-mem:27.38GB
time:15:21:41.916  iter:25  elapsed-time:0.20  pmap-time:0.00  grad-time:0.06  ls-time:0.00 ls-dec:0.00e+00
fcount:675  fval:8.46e+03  fmin:8.21e+03  norm:8.98e+00  penalty:0.00e+00  axis-ratio:1.00e+00  free-mem:27.52GB
time:15:21:42.145  iter:26  elapsed-time:0.21  pmap-time:0.00  grad-time:0.04  ls-time:0.00 ls-dec:0.00e+00
fcount:702  fval:8.40e+03  fmin:8.17e+03  norm:9.02e+00  penalty:0.00e+00  axis-ratio:1.00e+00  free-mem:27.41GB
time:15:21:42.326  iter:27  elapsed-time:0.18  pmap-time:0.00  grad-time:0.04  ls-time:0.00 ls-dec:0.00e+00
fcount:729  fval:8.31e+03  fmin:8.11e+03  norm:8.94e+00  penalty:0.00e+00  axis-ratio:1.00e+00  free-mem:27.25GB
time:15:21:58.255  iter:28  elapsed-time:15.93  pmap-time:0.04  grad-time:0.16  ls-time:0.00 ls-dec:0.00e+00
fcount:756  fval:8.12e+03  fmin:8.01e+03  norm:8.85e+00  penalty:0.00e+00  axis-ratio:1.00e+00  free-mem:24.20GB
time:15:21:58.381  iter:29  elapsed-time:0.12  pmap-time:0.00  grad-time:0.06  ls-time:0.00 ls-dec:0.00e+00
fcount:783  fval:8.15e+03  fmin:7.95e+03  norm:8.78e+00  penalty:0.00e+00  axis-ratio:1.00e+00  free-mem:24.15GB
time:15:21:58.485  iter:30  elapsed-time:0.10  pmap-time:0.00  grad-time:0.06  ls-time:0.00 ls-dec:0.00e+00
fcount:810  fval:8.17e+03  fmin:7.92e+03  norm:8.82e+00  penalty:0.00e+00  axis-ratio:1.00e+00  free-mem:24.13GB
time:15:21:58.635  iter:31  elapsed-time:0.15  pmap-time:0.00  grad-time:0.04  ls-time:0.00 ls-dec:0.00e+00
fcount:837  fval:8.08e+03  fmin:7.88e+03  norm:8.83e+00  penalty:0.00e+00  axis-ratio:1.00e+00  free-mem:24.08GB
time:15:21:58.763  iter:32  elapsed-time:0.12  pmap-time:0.00  grad-time:0.04  ls-time:0.00 ls-dec:0.00e+00
fcount:864  fval:8.08e+03  fmin:7.85e+03  norm:8.85e+00  penalty:0.00e+00  axis-ratio:1.00e+00  free-mem:24.27GB
time:15:21:58.897  iter:33  elapsed-time:0.12  pmap-time:0.00  grad-time:0.03  ls-time:0.00 ls-dec:0.00e+00
fcount:891  fval:8.06e+03  fmin:7.81e+03  norm:8.85e+00  penalty:0.00e+00  axis-ratio:1.00e+00  free-mem:24.26GB
time:15:21:59.051  iter:34  elapsed-time:0.15  pmap-time:0.00  grad-time:0.07  ls-time:0.00 ls-dec:0.00e+00
fcount:918  fval:8.00e+03  fmin:7.79e+03  norm:8.83e+00  penalty:0.00e+00  axis-ratio:1.00e+00  free-mem:24.18GB
time:15:21:59.153  iter:35  elapsed-time:0.09  pmap-time:0.00  grad-time:0.03  ls-time:0.00 ls-dec:0.00e+00
fcount:945  fval:7.95e+03  fmin:7.75e+03  norm:8.82e+00  penalty:0.00e+00  axis-ratio:1.00e+00  free-mem:24.12GB
time:15:21:59.249  iter:36  elapsed-time:0.09  pmap-time:0.00  grad-time:0.03  ls-time:0.00 ls-dec:0.00e+00
fcount:972  fval:7.96e+03  fmin:7.73e+03  norm:8.83e+00  penalty:0.00e+00  axis-ratio:1.00e+00  free-mem:24.05GB
time:15:21:59.424  iter:37  elapsed-time:0.16  pmap-time:0.00  grad-time:0.03  ls-time:0.00 ls-dec:0.00e+00
fcount:999  fval:7.89e+03  fmin:7.69e+03  norm:8.86e+00  penalty:0.00e+00  axis-ratio:1.00e+00  free-mem:23.89GB
time:15:21:59.585  iter:38  elapsed-time:0.13  pmap-time:0.00  grad-time:0.04  ls-time:0.00 ls-dec:0.00e+00
fcount:1026  fval:7.84e+03  fmin:7.66e+03  norm:8.84e+00  penalty:0.00e+00  axis-ratio:1.00e+00  free-mem:23.82GB
time:15:21:59.804  iter:39  elapsed-time:0.22  pmap-time:0.00  grad-time:0.05  ls-time:0.00 ls-dec:0.00e+00
fcount:1053  fval:7.87e+03  fmin:7.63e+03  norm:8.84e+00  penalty:0.00e+00  axis-ratio:1.00e+00  free-mem:23.78GB
time:15:22:00.248  iter:40  elapsed-time:0.44  pmap-time:0.00  grad-time:0.14  ls-time:0.00 ls-dec:0.00e+00
fcount:1080  fval:7.76e+03  fmin:7.56e+03  norm:8.87e+00  penalty:0.00e+00  axis-ratio:1.00e+00  free-mem:23.50GB
time:15:22:00.566  iter:41  elapsed-time:0.32  pmap-time:0.00  grad-time:0.12  ls-time:0.00 ls-dec:0.00e+00
fcount:1107  fval:7.79e+03  fmin:7.55e+03  norm:8.87e+00  penalty:0.00e+00  axis-ratio:1.00e+00  free-mem:23.41GB
time:15:22:21.452  iter:42  elapsed-time:20.89  pmap-time:0.00  grad-time:0.09  ls-time:0.01 ls-dec:0.00e+00
fcount:1134  fval:7.72e+03  fmin:7.52e+03  norm:8.84e+00  penalty:0.00e+00  axis-ratio:1.00e+00  free-mem:28.19GB
time:15:22:21.847  iter:43  elapsed-time:0.39  pmap-time:0.00  grad-time:0.13  ls-time:0.00 ls-dec:0.00e+00
fcount:1161  fval:7.69e+03  fmin:7.47e+03  norm:8.85e+00  penalty:0.00e+00  axis-ratio:1.00e+00  free-mem:28.17GB
time:15:22:22.108  iter:44  elapsed-time:0.25  pmap-time:0.00  grad-time:0.14  ls-time:0.00 ls-dec:0.00e+00
fcount:1188  fval:7.67e+03  fmin:7.43e+03  norm:8.81e+00  penalty:0.00e+00  axis-ratio:1.00e+00  free-mem:28.05GB
time:15:22:22.274  iter:45  elapsed-time:0.15  pmap-time:0.00  grad-time:0.06  ls-time:0.00 ls-dec:0.00e+00
fcount:1215  fval:7.66e+03  fmin:7.43e+03  norm:8.82e+00  penalty:0.00e+00  axis-ratio:1.00e+00  free-mem:27.96GB
time:15:22:22.564  iter:46  elapsed-time:0.29  pmap-time:0.00  grad-time:0.20  ls-time:0.00 ls-dec:0.00e+00
fcount:1242  fval:7.62e+03  fmin:7.39e+03  norm:8.84e+00  penalty:0.00e+00  axis-ratio:1.00e+00  free-mem:28.36GB
time:15:22:22.681  iter:47  elapsed-time:0.10  pmap-time:0.00  grad-time:0.05  ls-time:0.00 ls-dec:0.00e+00
fcount:1269  fval:7.57e+03  fmin:7.33e+03  norm:8.81e+00  penalty:0.00e+00  axis-ratio:1.00e+00  free-mem:28.64GB
time:15:22:22.852  iter:48  elapsed-time:0.16  pmap-time:0.00  grad-time:0.04  ls-time:0.00 ls-dec:0.00e+00
fcount:1296  fval:7.57e+03  fmin:7.32e+03  norm:8.81e+00  penalty:0.00e+00  axis-ratio:1.00e+00  free-mem:28.67GB
time:15:22:22.99  iter:49  elapsed-time:0.13  pmap-time:0.00  grad-time:0.03  ls-time:0.00 ls-dec:0.00e+00
fcount:1323  fval:7.50e+03  fmin:7.26e+03  norm:8.82e+00  penalty:0.00e+00  axis-ratio:1.00e+00  free-mem:28.70GB
time:15:22:23.143  iter:50  elapsed-time:0.15  pmap-time:0.00  grad-time:0.06  ls-time:0.01 ls-dec:0.00e+00
fcount:1350  fval:7.45e+03  fmin:7.22e+03  norm:8.79e+00  penalty:0.00e+00  axis-ratio:1.00e+00  free-mem:28.67GB
time:15:22:23.322  iter:51  elapsed-time:0.18  pmap-time:0.00  grad-time:0.06  ls-time:0.00 ls-dec:0.00e+00
fcount:1377  fval:7.43e+03  fmin:7.19e+03  norm:8.79e+00  penalty:0.00e+00  axis-ratio:1.00e+00  free-mem:28.61GB
time:15:22:23.509  iter:52  elapsed-time:0.19  pmap-time:0.01  grad-time:0.05  ls-time:0.00 ls-dec:0.00e+00
fcount:1404  fval:7.41e+03  fmin:7.18e+03  norm:8.85e+00  penalty:0.00e+00  axis-ratio:1.00e+00  free-mem:28.61GB
time:15:22:23.726  iter:53  elapsed-time:0.22  pmap-time:0.00  grad-time:0.09  ls-time:0.00 ls-dec:0.00e+00
fcount:1431  fval:7.36e+03  fmin:7.14e+03  norm:8.79e+00  penalty:0.00e+00  axis-ratio:1.00e+00  free-mem:28.49GB
time:15:22:23.937  iter:54  elapsed-time:0.21  pmap-time:0.00  grad-time:0.06  ls-time:0.00 ls-dec:0.00e+00
fcount:1458  fval:7.31e+03  fmin:7.12e+03  norm:8.88e+00  penalty:0.00e+00  axis-ratio:1.00e+00  free-mem:28.49GB
time:15:22:26.79  iter:55  elapsed-time:2.85  pmap-time:0.00  grad-time:0.17  ls-time:0.00 ls-dec:0.00e+00
fcount:1485  fval:7.29e+03  fmin:7.08e+03  norm:8.86e+00  penalty:0.00e+00  axis-ratio:1.00e+00  free-mem:26.40GB
time:15:22:41.882  iter:56  elapsed-time:15.08  pmap-time:0.00  grad-time:0.11  ls-time:0.00 ls-dec:0.00e+00
fcount:1512  fval:7.24e+03  fmin:7.04e+03  norm:8.86e+00  penalty:0.00e+00  axis-ratio:1.00e+00  free-mem:25.13GB
time:15:22:41.989  iter:57  elapsed-time:0.10  pmap-time:0.00  grad-time:0.04  ls-time:0.00 ls-dec:0.00e+00
fcount:1539  fval:7.25e+03  fmin:7.01e+03  norm:8.83e+00  penalty:0.00e+00  axis-ratio:1.00e+00  free-mem:25.09GB
time:15:22:42.12  iter:58  elapsed-time:0.13  pmap-time:0.00  grad-time:0.04  ls-time:0.00 ls-dec:0.00e+00
fcount:1566  fval:7.15e+03  fmin:6.95e+03  norm:8.84e+00  penalty:0.00e+00  axis-ratio:1.00e+00  free-mem:25.21GB
time:15:22:42.416  iter:59  elapsed-time:0.29  pmap-time:0.00  grad-time:0.03  ls-time:0.00 ls-dec:0.00e+00
fcount:1593  fval:7.16e+03  fmin:6.93e+03  norm:8.82e+00  penalty:0.00e+00  axis-ratio:1.00e+00  free-mem:25.01GB
time:15:22:42.661  iter:60  elapsed-time:0.24  pmap-time:0.00  grad-time:0.06  ls-time:0.00 ls-dec:0.00e+00
fcount:1620  fval:7.11e+03  fmin:6.88e+03  norm:8.81e+00  penalty:0.00e+00  axis-ratio:1.00e+00  free-mem:25.32GB
time:15:22:42.921  iter:61  elapsed-time:0.26  pmap-time:0.00  grad-time:0.09  ls-time:0.00 ls-dec:0.00e+00
fcount:1647  fval:7.06e+03  fmin:6.84e+03  norm:8.85e+00  penalty:0.00e+00  axis-ratio:1.00e+00  free-mem:25.66GB
time:15:22:43.213  iter:62  elapsed-time:0.29  pmap-time:0.00  grad-time:0.10  ls-time:0.00 ls-dec:0.00e+00
fcount:1674  fval:7.06e+03  fmin:6.83e+03  norm:8.81e+00  penalty:0.00e+00  axis-ratio:1.00e+00  free-mem:26.05GB
time:15:22:43.543  iter:63  elapsed-time:0.33  pmap-time:0.00  grad-time:0.14  ls-time:0.00 ls-dec:0.00e+00
fcount:1701  fval:6.97e+03  fmin:6.78e+03  norm:8.83e+00  penalty:0.00e+00  axis-ratio:1.00e+00  free-mem:25.88GB
time:15:22:43.785  iter:64  elapsed-time:0.24  pmap-time:0.00  grad-time:0.11  ls-time:0.00 ls-dec:0.00e+00
fcount:1728  fval:6.96e+03  fmin:6.75e+03  norm:8.79e+00  penalty:0.00e+00  axis-ratio:1.00e+00  free-mem:26.78GB
time:15:22:43.923  iter:65  elapsed-time:0.14  pmap-time:0.00  grad-time:0.08  ls-time:0.00 ls-dec:0.00e+00
fcount:1755  fval:6.96e+03  fmin:6.74e+03  norm:8.80e+00  penalty:0.00e+00  axis-ratio:1.00e+00  free-mem:26.88GB
time:15:22:44.058  iter:66  elapsed-time:0.12  pmap-time:0.00  grad-time:0.07  ls-time:0.00 ls-dec:0.00e+00
fcount:1782  fval:6.86e+03  fmin:6.70e+03  norm:8.78e+00  penalty:0.00e+00  axis-ratio:1.00e+00  free-mem:26.82GB
time:15:22:44.138  iter:67  elapsed-time:0.08  pmap-time:0.00  grad-time:0.03  ls-time:0.00 ls-dec:0.00e+00
fcount:1809  fval:6.85e+03  fmin:6.64e+03  norm:8.76e+00  penalty:0.00e+00  axis-ratio:1.00e+00  free-mem:26.72GB
time:15:22:44.236  iter:68  elapsed-time:0.09  pmap-time:0.00  grad-time:0.03  ls-time:0.00 ls-dec:0.00e+00
fcount:1836  fval:6.87e+03  fmin:6.62e+03  norm:8.82e+00  penalty:0.00e+00  axis-ratio:1.00e+00  free-mem:26.75GB
time:15:22:44.365  iter:69  elapsed-time:0.12  pmap-time:0.00  grad-time:0.03  ls-time:0.00 ls-dec:0.00e+00
fcount:1863  fval:6.82e+03  fmin:6.60e+03  norm:8.79e+00  penalty:0.00e+00  axis-ratio:1.00e+00  free-mem:26.85GB
time:15:22:54.067  iter:70  elapsed-time:9.69  pmap-time:0.00  grad-time:0.15  ls-time:0.00 ls-dec:0.00e+00
fcount:1890  fval:6.77e+03  fmin:6.57e+03  norm:8.75e+00  penalty:0.00e+00  axis-ratio:1.00e+00  free-mem:27.14GB
time:15:22:54.209  iter:71  elapsed-time:0.13  pmap-time:0.00  grad-time:0.05  ls-time:0.00 ls-dec:0.00e+00
fcount:1917  fval:6.76e+03  fmin:6.53e+03  norm:8.79e+00  penalty:0.00e+00  axis-ratio:1.00e+00  free-mem:27.18GB
time:15:22:54.285  iter:72  elapsed-time:0.06  pmap-time:0.00  grad-time:0.03  ls-time:0.00 ls-dec:0.00e+00
fcount:1944  fval:6.71e+03  fmin:6.49e+03  norm:8.79e+00  penalty:0.00e+00  axis-ratio:1.00e+00  free-mem:27.15GB
time:15:22:54.354  iter:73  elapsed-time:0.07  pmap-time:0.00  grad-time:0.04  ls-time:0.00 ls-dec:0.00e+00
fcount:1971  fval:6.70e+03  fmin:6.46e+03  norm:8.77e+00  penalty:0.00e+00  axis-ratio:1.00e+00  free-mem:27.11GB
time:15:22:54.449  iter:74  elapsed-time:0.09  pmap-time:0.00  grad-time:0.03  ls-time:0.00 ls-dec:0.00e+00
fcount:1998  fval:6.67e+03  fmin:6.44e+03  norm:8.74e+00  penalty:0.00e+00  axis-ratio:1.00e+00  free-mem:27.08GB
time:15:22:54.528  iter:75  elapsed-time:0.08  pmap-time:0.00  grad-time:0.04  ls-time:0.00 ls-dec:0.00e+00
fcount:2025  fval:6.66e+03  fmin:6.42e+03  norm:8.77e+00  penalty:0.00e+00  axis-ratio:1.00e+00  free-mem:27.05GB
time:15:22:54.642  iter:76  elapsed-time:0.11  pmap-time:0.00  grad-time:0.05  ls-time:0.00 ls-dec:0.00e+00
fcount:2052  fval:6.59e+03  fmin:6.37e+03  norm:8.74e+00  penalty:0.00e+00  axis-ratio:1.00e+00  free-mem:26.98GB
time:15:22:54.765  iter:77  elapsed-time:0.12  pmap-time:0.00  grad-time:0.03  ls-time:0.00 ls-dec:0.00e+00
fcount:2079  fval:6.59e+03  fmin:6.36e+03  norm:8.73e+00  penalty:0.00e+00  axis-ratio:1.00e+00  free-mem:26.92GB
time:15:22:54.899  iter:78  elapsed-time:0.13  pmap-time:0.00  grad-time:0.03  ls-time:0.00 ls-dec:0.00e+00
fcount:2106  fval:6.53e+03  fmin:6.31e+03  norm:8.74e+00  penalty:0.00e+00  axis-ratio:1.00e+00  free-mem:26.80GB
time:15:22:55.013  iter:79  elapsed-time:0.10  pmap-time:0.00  grad-time:0.03  ls-time:0.00 ls-dec:0.00e+00
fcount:2133  fval:6.48e+03  fmin:6.27e+03  norm:8.78e+00  penalty:0.00e+00  axis-ratio:1.00e+00  free-mem:26.69GB
time:15:22:55.366  iter:80  elapsed-time:0.35  pmap-time:0.00  grad-time:0.16  ls-time:0.00 ls-dec:0.00e+00
fcount:2160  fval:6.46e+03  fmin:6.23e+03  norm:8.74e+00  penalty:0.00e+00  axis-ratio:1.00e+00  free-mem:26.93GB
time:15:22:55.633  iter:81  elapsed-time:0.27  pmap-time:0.00  grad-time:0.09  ls-time:0.00 ls-dec:0.00e+00
fcount:2187  fval:6.37e+03  fmin:6.20e+03  norm:8.73e+00  penalty:0.00e+00  axis-ratio:1.00e+00  free-mem:26.67GB
time:15:22:56.008  iter:82  elapsed-time:0.37  pmap-time:0.01  grad-time:0.10  ls-time:0.00 ls-dec:0.00e+00
fcount:2214  fval:6.43e+03  fmin:6.19e+03  norm:8.76e+00  penalty:0.00e+00  axis-ratio:1.00e+00  free-mem:26.43GB
time:15:22:56.137  iter:83  elapsed-time:0.11  pmap-time:0.00  grad-time:0.03  ls-time:0.00 ls-dec:0.00e+00
fcount:2241  fval:6.41e+03  fmin:6.17e+03  norm:8.79e+00  penalty:0.00e+00  axis-ratio:1.00e+00  free-mem:26.36GB
time:15:23:07.148  iter:84  elapsed-time:11.00  pmap-time:0.00  grad-time:0.10  ls-time:0.00 ls-dec:0.00e+00
fcount:2268  fval:6.36e+03  fmin:6.14e+03  norm:8.80e+00  penalty:0.00e+00  axis-ratio:1.01e+00  free-mem:29.25GB
time:15:23:07.31  iter:85  elapsed-time:0.16  pmap-time:0.00  grad-time:0.03  ls-time:0.00 ls-dec:0.00e+00
fcount:2295  fval:6.35e+03  fmin:6.12e+03  norm:8.78e+00  penalty:0.00e+00  axis-ratio:1.01e+00  free-mem:29.14GB
time:15:23:07.57  iter:86  elapsed-time:0.26  pmap-time:0.00  grad-time:0.04  ls-time:0.00 ls-dec:0.00e+00
fcount:2322  fval:6.32e+03  fmin:6.09e+03  norm:8.78e+00  penalty:0.00e+00  axis-ratio:1.01e+00  free-mem:29.17GB
time:15:23:07.662  iter:87  elapsed-time:0.09  pmap-time:0.00  grad-time:0.03  ls-time:0.00 ls-dec:0.00e+00
fcount:2349  fval:6.28e+03  fmin:6.05e+03  norm:8.76e+00  penalty:0.00e+00  axis-ratio:1.01e+00  free-mem:29.08GB
time:15:23:07.743  iter:88  elapsed-time:0.08  pmap-time:0.00  grad-time:0.03  ls-time:0.00 ls-dec:0.00e+00
fcount:2376  fval:6.25e+03  fmin:6.02e+03  norm:8.71e+00  penalty:0.00e+00  axis-ratio:1.01e+00  free-mem:29.13GB
time:15:23:07.815  iter:89  elapsed-time:0.07  pmap-time:0.00  grad-time:0.03  ls-time:0.00 ls-dec:0.00e+00
fcount:2403  fval:6.21e+03  fmin:5.99e+03  norm:8.73e+00  penalty:0.00e+00  axis-ratio:1.01e+00  free-mem:29.05GB
time:15:23:07.89  iter:90  elapsed-time:0.07  pmap-time:0.00  grad-time:0.03  ls-time:0.00 ls-dec:0.00e+00
fcount:2430  fval:6.23e+03  fmin:5.98e+03  norm:8.70e+00  penalty:0.00e+00  axis-ratio:1.01e+00  free-mem:28.97GB
time:15:23:07.977  iter:91  elapsed-time:0.09  pmap-time:0.00  grad-time:0.03  ls-time:0.00 ls-dec:0.00e+00
fcount:2457  fval:6.22e+03  fmin:5.98e+03  norm:8.71e+00  penalty:0.00e+00  axis-ratio:1.01e+00  free-mem:28.95GB
time:15:23:08.104  iter:92  elapsed-time:0.13  pmap-time:0.00  grad-time:0.03  ls-time:0.00 ls-dec:0.00e+00
fcount:2484  fval:6.10e+03  fmin:5.91e+03  norm:8.65e+00  penalty:0.00e+00  axis-ratio:1.01e+00  free-mem:28.78GB
time:15:23:08.215  iter:93  elapsed-time:0.11  pmap-time:0.00  grad-time:0.03  ls-time:0.00 ls-dec:0.00e+00
fcount:2511  fval:6.12e+03  fmin:5.88e+03  norm:8.71e+00  penalty:0.00e+00  axis-ratio:1.01e+00  free-mem:28.74GB
time:15:23:08.342  iter:94  elapsed-time:0.13  pmap-time:0.00  grad-time:0.04  ls-time:0.00 ls-dec:0.00e+00
fcount:2538  fval:6.11e+03  fmin:5.87e+03  norm:8.67e+00  penalty:0.00e+00  axis-ratio:1.01e+00  free-mem:28.91GB
time:15:23:08.495  iter:95  elapsed-time:0.15  pmap-time:0.00  grad-time:0.03  ls-time:0.00 ls-dec:0.00e+00
fcount:2565  fval:6.07e+03  fmin:5.85e+03  norm:8.69e+00  penalty:0.00e+00  axis-ratio:1.01e+00  free-mem:28.83GB
time:15:23:08.694  iter:96  elapsed-time:0.20  pmap-time:0.00  grad-time:0.08  ls-time:0.00 ls-dec:0.00e+00
fcount:2592  fval:6.07e+03  fmin:5.85e+03  norm:8.70e+00  penalty:0.00e+00  axis-ratio:1.01e+00  free-mem:28.89GB
time:15:23:08.921  iter:97  elapsed-time:0.23  pmap-time:0.00  grad-time:0.03  ls-time:0.00 ls-dec:0.00e+00
fcount:2619  fval:6.03e+03  fmin:5.81e+03  norm:8.74e+00  penalty:0.00e+00  axis-ratio:1.01e+00  free-mem:29.03GB
time:15:23:15.064  iter:98  elapsed-time:6.14  pmap-time:0.00  grad-time:0.07  ls-time:0.00 ls-dec:0.00e+00
fcount:2646  fval:5.94e+03  fmin:5.77e+03  norm:8.71e+00  penalty:0.00e+00  axis-ratio:1.01e+00  free-mem:27.21GB
time:15:23:15.173  iter:99  elapsed-time:0.11  pmap-time:0.00  grad-time:0.06  ls-time:0.00 ls-dec:0.00e+00
fcount:2673  fval:5.98e+03  fmin:5.77e+03  norm:8.77e+00  penalty:0.00e+00  axis-ratio:1.01e+00  free-mem:27.14GB
time:15:23:15.275  iter:100  elapsed-time:0.09  pmap-time:0.00  grad-time:0.03  ls-time:0.00 ls-dec:0.00e+00
fcount:2700  fval:5.97e+03  fmin:5.74e+03  norm:8.74e+00  penalty:0.00e+00  axis-ratio:1.01e+00  free-mem:27.09GB
time:15:23:15.529  iter:101  elapsed-time:0.24  pmap-time:0.00  grad-time:0.08  ls-time:0.00 ls-dec:0.00e+00
fcount:2727  fval:5.95e+03  fmin:5.71e+03  norm:8.75e+00  penalty:0.00e+00  axis-ratio:1.01e+00  free-mem:27.03GB
time:15:23:15.836  iter:102  elapsed-time:0.30  pmap-time:0.00  grad-time:0.10  ls-time:0.00 ls-dec:0.00e+00
fcount:2754  fval:5.91e+03  fmin:5.67e+03  norm:8.71e+00  penalty:0.00e+00  axis-ratio:1.01e+00  free-mem:26.77GB
time:15:23:16.126  iter:103  elapsed-time:0.27  pmap-time:0.00  grad-time:0.13  ls-time:0.00 ls-dec:0.00e+00
fcount:2781  fval:5.90e+03  fmin:5.66e+03  norm:8.69e+00  penalty:0.00e+00  axis-ratio:1.01e+00  free-mem:26.68GB
time:15:23:16.408  iter:104  elapsed-time:0.27  pmap-time:0.00  grad-time:0.13  ls-time:0.00 ls-dec:0.00e+00
fcount:2808  fval:5.82e+03  fmin:5.62e+03  norm:8.71e+00  penalty:0.00e+00  axis-ratio:1.01e+00  free-mem:26.40GB
time:15:23:16.625  iter:105  elapsed-time:0.20  pmap-time:0.00  grad-time:0.11  ls-time:0.00 ls-dec:0.00e+00
fcount:2835  fval:5.83e+03  fmin:5.60e+03  norm:8.76e+00  penalty:0.00e+00  axis-ratio:1.01e+00  free-mem:26.46GB
time:15:23:16.836  iter:106  elapsed-time:0.20  pmap-time:0.00  grad-time:0.08  ls-time:0.00 ls-dec:0.00e+00
fcount:2862  fval:5.81e+03  fmin:5.58e+03  norm:8.70e+00  penalty:0.00e+00  axis-ratio:1.01e+00  free-mem:26.28GB
time:15:23:16.983  iter:107  elapsed-time:0.13  pmap-time:0.00  grad-time:0.07  ls-time:0.00 ls-dec:0.00e+00
fcount:2889  fval:5.77e+03  fmin:5.55e+03  norm:8.69e+00  penalty:0.00e+00  axis-ratio:1.01e+00  free-mem:26.32GB
time:15:23:17.069  iter:108  elapsed-time:0.08  pmap-time:0.00  grad-time:0.03  ls-time:0.00 ls-dec:0.00e+00
fcount:2916  fval:5.75e+03  fmin:5.54e+03  norm:8.72e+00  penalty:0.00e+00  axis-ratio:1.01e+00  free-mem:26.29GB
time:15:23:17.205  iter:109  elapsed-time:0.13  pmap-time:0.00  grad-time:0.04  ls-time:0.00 ls-dec:0.00e+00
fcount:2943  fval:5.74e+03  fmin:5.53e+03  norm:8.73e+00  penalty:0.00e+00  axis-ratio:1.01e+00  free-mem:26.45GB
time:15:23:17.289  iter:110  elapsed-time:0.07  pmap-time:0.00  grad-time:0.04  ls-time:0.00 ls-dec:0.00e+00
fcount:2970  fval:5.72e+03  fmin:5.50e+03  norm:8.71e+00  penalty:0.00e+00  axis-ratio:1.01e+00  free-mem:26.42GB
time:15:23:27.319  iter:111  elapsed-time:10.02  pmap-time:0.00  grad-time:0.03  ls-time:0.00 ls-dec:0.00e+00
fcount:2997  fval:5.70e+03  fmin:5.48e+03  norm:8.73e+00  penalty:0.00e+00  axis-ratio:1.01e+00  free-mem:25.60GB
time:15:23:29.243  iter:112  elapsed-time:1.92  pmap-time:0.00  grad-time:0.05  ls-time:0.00 ls-dec:0.00e+00
fcount:3024  fval:5.69e+03  fmin:5.46e+03  norm:8.74e+00  penalty:0.00e+00  axis-ratio:1.01e+00  free-mem:25.36GB
time:15:23:29.43  iter:113  elapsed-time:0.19  pmap-time:0.00  grad-time:0.04  ls-time:0.00 ls-dec:0.00e+00
fcount:3051  fval:5.64e+03  fmin:5.43e+03  norm:8.67e+00  penalty:0.00e+00  axis-ratio:1.01e+00  free-mem:25.54GB
time:15:23:29.736  iter:114  elapsed-time:0.30  pmap-time:0.00  grad-time:0.05  ls-time:0.00 ls-dec:0.00e+00
fcount:3078  fval:5.64e+03  fmin:5.41e+03  norm:8.73e+00  penalty:0.00e+00  axis-ratio:1.01e+00  free-mem:26.11GB
time:15:23:29.955  iter:115  elapsed-time:0.21  pmap-time:0.00  grad-time:0.05  ls-time:0.00 ls-dec:0.00e+00
fcount:3105  fval:5.62e+03  fmin:5.39e+03  norm:8.69e+00  penalty:0.00e+00  axis-ratio:1.01e+00  free-mem:26.02GB
time:15:23:30.13  iter:116  elapsed-time:0.17  pmap-time:0.00  grad-time:0.03  ls-time:0.00 ls-dec:0.00e+00
fcount:3132  fval:5.56e+03  fmin:5.35e+03  norm:8.73e+00  penalty:0.00e+00  axis-ratio:1.01e+00  free-mem:26.08GB
time:15:23:30.309  iter:117  elapsed-time:0.18  pmap-time:0.00  grad-time:0.03  ls-time:0.00 ls-dec:0.00e+00
fcount:3159  fval:5.56e+03  fmin:5.35e+03  norm:8.68e+00  penalty:0.00e+00  axis-ratio:1.01e+00  free-mem:25.95GB
time:15:23:30.522  iter:118  elapsed-time:0.21  pmap-time:0.00  grad-time:0.04  ls-time:0.00 ls-dec:0.00e+00
fcount:3186  fval:5.56e+03  fmin:5.32e+03  norm:8.68e+00  penalty:0.00e+00  axis-ratio:1.01e+00  free-mem:25.89GB
time:15:23:30.754  iter:119  elapsed-time:0.23  pmap-time:0.00  grad-time:0.06  ls-time:0.00 ls-dec:0.00e+00
fcount:3213  fval:5.53e+03  fmin:5.29e+03  norm:8.74e+00  penalty:0.00e+00  axis-ratio:1.01e+00  free-mem:25.85GB
time:15:23:31.084  iter:120  elapsed-time:0.33  pmap-time:0.00  grad-time:0.10  ls-time:0.00 ls-dec:0.00e+00
fcount:3240  fval:5.47e+03  fmin:5.25e+03  norm:8.66e+00  penalty:0.00e+00  axis-ratio:1.01e+00  free-mem:25.75GB
time:15:23:31.309  iter:121  elapsed-time:0.22  pmap-time:0.00  grad-time:0.10  ls-time:0.00 ls-dec:0.00e+00
fcount:3267  fval:5.47e+03  fmin:5.24e+03  norm:8.71e+00  penalty:0.00e+00  axis-ratio:1.01e+00  free-mem:25.71GB
time:15:23:31.513  iter:122  elapsed-time:0.20  pmap-time:0.00  grad-time:0.05  ls-time:0.00 ls-dec:0.00e+00
fcount:3294  fval:5.44e+03  fmin:5.21e+03  norm:8.73e+00  penalty:0.00e+00  axis-ratio:1.01e+00  free-mem:25.62GB
time:15:23:31.678  iter:123  elapsed-time:0.16  pmap-time:0.00  grad-time:0.07  ls-time:0.00 ls-dec:0.00e+00
fcount:3321  fval:5.39e+03  fmin:5.19e+03  norm:8.65e+00  penalty:0.00e+00  axis-ratio:1.01e+00  free-mem:25.50GB
time:15:23:31.805  iter:124  elapsed-time:0.11  pmap-time:0.00  grad-time:0.03  ls-time:0.00 ls-dec:0.00e+00
fcount:3348  fval:5.41e+03  fmin:5.18e+03  norm:8.70e+00  penalty:0.00e+00  axis-ratio:1.01e+00  free-mem:25.52GB
time:15:23:39.404  iter:125  elapsed-time:7.59  pmap-time:0.00  grad-time:0.03  ls-time:0.00 ls-dec:0.00e+00
fcount:3375  fval:5.33e+03  fmin:5.13e+03  norm:8.69e+00  penalty:0.00e+00  axis-ratio:1.01e+00  free-mem:27.34GB
time:15:23:39.617  iter:126  elapsed-time:0.20  pmap-time:0.00  grad-time:0.06  ls-time:0.00 ls-dec:0.00e+00
fcount:3402  fval:5.31e+03  fmin:5.10e+03  norm:8.73e+00  penalty:0.00e+00  axis-ratio:1.01e+00  free-mem:27.28GB
time:15:23:39.872  iter:127  elapsed-time:0.25  pmap-time:0.00  grad-time:0.12  ls-time:0.00 ls-dec:0.00e+00
fcount:3429  fval:5.27e+03  fmin:5.06e+03  norm:8.68e+00  penalty:0.00e+00  axis-ratio:1.01e+00  free-mem:27.11GB
time:15:23:40.093  iter:128  elapsed-time:0.22  pmap-time:0.00  grad-time:0.03  ls-time:0.00 ls-dec:0.00e+00
fcount:3456  fval:5.26e+03  fmin:5.04e+03  norm:8.65e+00  penalty:0.00e+00  axis-ratio:1.01e+00  free-mem:27.04GB
time:15:23:40.205  iter:129  elapsed-time:0.11  pmap-time:0.00  grad-time:0.04  ls-time:0.00 ls-dec:0.00e+00
fcount:3483  fval:5.22e+03  fmin:5.01e+03  norm:8.71e+00  penalty:0.00e+00  axis-ratio:1.01e+00  free-mem:27.03GB
time:15:23:40.325  iter:130  elapsed-time:0.12  pmap-time:0.00  grad-time:0.03  ls-time:0.00 ls-dec:0.00e+00
fcount:3510  fval:5.20e+03  fmin:5.00e+03  norm:8.72e+00  penalty:0.00e+00  axis-ratio:1.01e+00  free-mem:27.10GB
time:15:23:40.423  iter:131  elapsed-time:0.10  pmap-time:0.00  grad-time:0.03  ls-time:0.00 ls-dec:0.00e+00
fcount:3537  fval:5.15e+03  fmin:4.95e+03  norm:8.68e+00  penalty:0.00e+00  axis-ratio:1.01e+00  free-mem:27.15GB
time:15:23:40.506  iter:132  elapsed-time:0.07  pmap-time:0.00  grad-time:0.03  ls-time:0.00 ls-dec:0.00e+00
fcount:3564  fval:5.18e+03  fmin:4.95e+03  norm:8.74e+00  penalty:0.00e+00  axis-ratio:1.01e+00  free-mem:27.14GB
time:15:23:40.607  iter:133  elapsed-time:0.09  pmap-time:0.00  grad-time:0.04  ls-time:0.00 ls-dec:0.00e+00
fcount:3591  fval:5.15e+03  fmin:4.90e+03  norm:8.74e+00  penalty:0.00e+00  axis-ratio:1.01e+00  free-mem:27.12GB
time:15:23:40.848  iter:134  elapsed-time:0.23  pmap-time:0.00  grad-time:0.03  ls-time:0.00 ls-dec:0.00e+00
fcount:3618  fval:5.08e+03  fmin:4.86e+03  norm:8.71e+00  penalty:0.00e+00  axis-ratio:1.01e+00  free-mem:26.99GB
time:15:23:41.037  iter:135  elapsed-time:0.19  pmap-time:0.00  grad-time:0.03  ls-time:0.00 ls-dec:0.00e+00
fcount:3645  fval:5.09e+03  fmin:4.86e+03  norm:8.74e+00  penalty:0.00e+00  axis-ratio:1.01e+00  free-mem:27.00GB
time:15:23:41.138  iter:136  elapsed-time:0.10  pmap-time:0.00  grad-time:0.03  ls-time:0.00 ls-dec:0.00e+00
fcount:3672  fval:5.06e+03  fmin:4.83e+03  norm:8.73e+00  penalty:0.00e+00  axis-ratio:1.01e+00  free-mem:26.99GB
time:15:23:41.269  iter:137  elapsed-time:0.13  pmap-time:0.00  grad-time:0.06  ls-time:0.00 ls-dec:0.00e+00
fcount:3699  fval:5.04e+03  fmin:4.81e+03  norm:8.74e+00  penalty:0.00e+00  axis-ratio:1.01e+00  free-mem:26.89GB
time:15:23:41.422  iter:138  elapsed-time:0.15  pmap-time:0.00  grad-time:0.04  ls-time:0.00 ls-dec:0.00e+00
fcount:3726  fval:5.01e+03  fmin:4.80e+03  norm:8.80e+00  penalty:0.00e+00  axis-ratio:1.01e+00  free-mem:26.95GB
time:15:23:51.446  iter:139  elapsed-time:10.01  pmap-time:0.00  grad-time:0.04  ls-time:0.00 ls-dec:0.00e+00
fcount:3753  fval:5.03e+03  fmin:4.79e+03  norm:8.74e+00  penalty:0.00e+00  axis-ratio:1.01e+00  free-mem:23.68GB
time:15:23:51.663  iter:140  elapsed-time:0.22  pmap-time:0.00  grad-time:0.05  ls-time:0.00 ls-dec:0.00e+00
fcount:3780  fval:5.03e+03  fmin:4.78e+03  norm:8.68e+00  penalty:0.00e+00  axis-ratio:1.01e+00  free-mem:23.60GB
time:15:23:51.843  iter:141  elapsed-time:0.17  pmap-time:0.00  grad-time:0.06  ls-time:0.00 ls-dec:0.00e+00
fcount:3807  fval:4.96e+03  fmin:4.76e+03  norm:8.68e+00  penalty:0.00e+00  axis-ratio:1.01e+00  free-mem:23.65GB
time:15:23:52.097  iter:142  elapsed-time:0.24  pmap-time:0.00  grad-time:0.08  ls-time:0.00 ls-dec:0.00e+00
fcount:3834  fval:4.97e+03  fmin:4.74e+03  norm:8.72e+00  penalty:0.00e+00  axis-ratio:1.01e+00  free-mem:23.41GB
time:15:23:52.175  iter:143  elapsed-time:0.07  pmap-time:0.00  grad-time:0.03  ls-time:0.00 ls-dec:0.00e+00
fcount:3861  fval:4.95e+03  fmin:4.71e+03  norm:8.74e+00  penalty:0.00e+00  axis-ratio:1.01e+00  free-mem:23.68GB
time:15:23:52.291  iter:144  elapsed-time:0.11  pmap-time:0.00  grad-time:0.03  ls-time:0.00 ls-dec:0.00e+00
fcount:3888  fval:4.87e+03  fmin:4.67e+03  norm:8.71e+00  penalty:0.00e+00  axis-ratio:1.01e+00  free-mem:23.59GB
time:15:23:52.419  iter:145  elapsed-time:0.12  pmap-time:0.00  grad-time:0.06  ls-time:0.00 ls-dec:0.00e+00
fcount:3915  fval:4.89e+03  fmin:4.64e+03  norm:8.71e+00  penalty:0.00e+00  axis-ratio:1.01e+00  free-mem:23.49GB
time:15:23:52.654  iter:146  elapsed-time:0.23  pmap-time:0.00  grad-time:0.04  ls-time:0.00 ls-dec:0.00e+00
fcount:3942  fval:4.79e+03  fmin:4.60e+03  norm:8.76e+00  penalty:0.00e+00  axis-ratio:1.01e+00  free-mem:23.42GB
time:15:23:52.72  iter:147  elapsed-time:0.06  pmap-time:0.00  grad-time:0.03  ls-time:0.00 ls-dec:0.00e+00
fcount:3969  fval:4.84e+03  fmin:4.59e+03  norm:8.73e+00  penalty:0.00e+00  axis-ratio:1.01e+00  free-mem:23.38GB
time:15:23:52.877  iter:148  elapsed-time:0.16  pmap-time:0.00  grad-time:0.03  ls-time:0.00 ls-dec:0.00e+00
fcount:3996  fval:4.79e+03  fmin:4.56e+03  norm:8.73e+00  penalty:0.00e+00  axis-ratio:1.01e+00  free-mem:23.33GB
time:15:23:52.999  iter:149  elapsed-time:0.12  pmap-time:0.00  grad-time:0.03  ls-time:0.00 ls-dec:0.00e+00
fcount:4023  fval:4.76e+03  fmin:4.54e+03  norm:8.72e+00  penalty:0.00e+00  axis-ratio:1.01e+00  free-mem:23.27GB
time:15:23:53.373  iter:150  elapsed-time:0.37  pmap-time:0.00  grad-time:0.04  ls-time:0.00 ls-dec:0.00e+00
fcount:4050  fval:4.77e+03  fmin:4.54e+03  norm:8.70e+00  penalty:0.00e+00  axis-ratio:1.01e+00  free-mem:23.08GB
time:15:23:53.643  iter:151  elapsed-time:0.26  pmap-time:0.00  grad-time:0.05  ls-time:0.00 ls-dec:0.00e+00
fcount:4077  fval:4.72e+03  fmin:4.51e+03  norm:8.72e+00  penalty:0.00e+00  axis-ratio:1.01e+00  free-mem:23.11GB
time:15:23:54.032  iter:152  elapsed-time:0.38  pmap-time:0.00  grad-time:0.10  ls-time:0.00 ls-dec:0.00e+00
fcount:4104  fval:4.68e+03  fmin:4.49e+03  norm:8.76e+00  penalty:0.00e+00  axis-ratio:1.01e+00  free-mem:22.88GB
time:15:24:02.585  iter:153  elapsed-time:8.55  pmap-time:0.00  grad-time:0.12  ls-time:0.00 ls-dec:0.00e+00
fcount:4131  fval:4.72e+03  fmin:4.49e+03  norm:8.79e+00  penalty:0.00e+00  axis-ratio:1.02e+00  free-mem:26.65GB
time:15:24:02.845  iter:154  elapsed-time:0.26  pmap-time:0.00  grad-time:0.12  ls-time:0.00 ls-dec:0.00e+00
fcount:4158  fval:4.71e+03  fmin:4.47e+03  norm:8.75e+00  penalty:0.00e+00  axis-ratio:1.02e+00  free-mem:26.68GB
time:15:24:03.018  iter:155  elapsed-time:0.16  pmap-time:0.00  grad-time:0.08  ls-time:0.00 ls-dec:0.00e+00
fcount:4185  fval:4.66e+03  fmin:4.46e+03  norm:8.74e+00  penalty:0.00e+00  axis-ratio:1.02e+00  free-mem:26.69GB
time:15:24:03.278  iter:156  elapsed-time:0.25  pmap-time:0.00  grad-time:0.08  ls-time:0.00 ls-dec:0.00e+00
fcount:4212  fval:4.68e+03  fmin:4.45e+03  norm:8.79e+00  penalty:0.00e+00  axis-ratio:1.02e+00  free-mem:26.47GB
time:15:24:03.666  iter:157  elapsed-time:0.38  pmap-time:0.00  grad-time:0.27  ls-time:0.00 ls-dec:0.00e+00
fcount:4239  fval:4.65e+03  fmin:4.43e+03  norm:8.76e+00  penalty:0.00e+00  axis-ratio:1.02e+00  free-mem:26.61GB
time:15:24:03.879  iter:158  elapsed-time:0.20  pmap-time:0.00  grad-time:0.12  ls-time:0.00 ls-dec:0.00e+00
fcount:4266  fval:4.64e+03  fmin:4.40e+03  norm:8.71e+00  penalty:0.00e+00  axis-ratio:1.02e+00  free-mem:26.81GB
time:15:24:04.08  iter:159  elapsed-time:0.20  pmap-time:0.00  grad-time:0.05  ls-time:0.00 ls-dec:0.00e+00
fcount:4293  fval:4.61e+03  fmin:4.37e+03  norm:8.76e+00  penalty:0.00e+00  axis-ratio:1.02e+00  free-mem:26.69GB
time:15:24:04.301  iter:160  elapsed-time:0.20  pmap-time:0.00  grad-time:0.07  ls-time:0.00 ls-dec:0.00e+00
fcount:4320  fval:4.57e+03  fmin:4.36e+03  norm:8.76e+00  penalty:0.00e+00  axis-ratio:1.02e+00  free-mem:26.70GB
time:15:24:04.578  iter:161  elapsed-time:0.27  pmap-time:0.00  grad-time:0.10  ls-time:0.00 ls-dec:0.00e+00
fcount:4347  fval:4.59e+03  fmin:4.36e+03  norm:8.81e+00  penalty:0.00e+00  axis-ratio:1.02e+00  free-mem:26.67GB
time:15:24:04.85  iter:162  elapsed-time:0.25  pmap-time:0.00  grad-time:0.12  ls-time:0.00 ls-dec:0.00e+00
fcount:4374  fval:4.56e+03  fmin:4.33e+03  norm:8.81e+00  penalty:0.00e+00  axis-ratio:1.02e+00  free-mem:26.96GB
time:15:24:05.086  iter:163  elapsed-time:0.22  pmap-time:0.00  grad-time:0.11  ls-time:0.00 ls-dec:0.00e+00
fcount:4401  fval:4.50e+03  fmin:4.31e+03  norm:8.76e+00  penalty:0.00e+00  axis-ratio:1.02e+00  free-mem:26.90GB
time:15:24:05.202  iter:164  elapsed-time:0.11  pmap-time:0.00  grad-time:0.04  ls-time:0.00 ls-dec:0.00e+00
fcount:4428  fval:4.54e+03  fmin:4.30e+03  norm:8.79e+00  penalty:0.00e+00  axis-ratio:1.02e+00  free-mem:26.85GB
time:15:24:05.302  iter:165  elapsed-time:0.10  pmap-time:0.00  grad-time:0.03  ls-time:0.00 ls-dec:0.00e+00
fcount:4455  fval:4.53e+03  fmin:4.29e+03  norm:8.78e+00  penalty:0.00e+00  axis-ratio:1.02e+00  free-mem:26.82GB
time:15:24:05.528  iter:166  elapsed-time:0.22  pmap-time:0.00  grad-time:0.03  ls-time:0.00 ls-dec:0.00e+00
fcount:4482  fval:4.47e+03  fmin:4.28e+03  norm:8.80e+00  penalty:0.00e+00  axis-ratio:1.02e+00  free-mem:27.00GB
time:15:24:15.891  iter:167  elapsed-time:10.36  pmap-time:0.00  grad-time:0.11  ls-time:0.00 ls-dec:0.00e+00
fcount:4509  fval:4.47e+03  fmin:4.24e+03  norm:8.81e+00  penalty:0.00e+00  axis-ratio:1.02e+00  free-mem:28.33GB
time:15:24:16.048  iter:168  elapsed-time:0.15  pmap-time:0.00  grad-time:0.04  ls-time:0.00 ls-dec:0.00e+00
fcount:4536  fval:4.43e+03  fmin:4.22e+03  norm:8.84e+00  penalty:0.00e+00  axis-ratio:1.02e+00  free-mem:28.35GB
time:15:24:16.238  iter:169  elapsed-time:0.19  pmap-time:0.00  grad-time:0.05  ls-time:0.00 ls-dec:0.00e+00
fcount:4563  fval:4.44e+03  fmin:4.21e+03  norm:8.86e+00  penalty:0.00e+00  axis-ratio:1.02e+00  free-mem:28.36GB
time:15:24:16.354  iter:170  elapsed-time:0.12  pmap-time:0.00  grad-time:0.03  ls-time:0.00 ls-dec:0.00e+00
fcount:4590  fval:4.45e+03  fmin:4.21e+03  norm:8.80e+00  penalty:0.00e+00  axis-ratio:1.02e+00  free-mem:28.31GB
time:15:24:16.529  iter:171  elapsed-time:0.17  pmap-time:0.00  grad-time:0.03  ls-time:0.00 ls-dec:0.00e+00
fcount:4617  fval:4.42e+03  fmin:4.17e+03  norm:8.86e+00  penalty:0.00e+00  axis-ratio:1.02e+00  free-mem:28.38GB
time:15:24:16.701  iter:172  elapsed-time:0.17  pmap-time:0.00  grad-time:0.03  ls-time:0.00 ls-dec:0.00e+00
fcount:4644  fval:4.41e+03  fmin:4.17e+03  norm:8.83e+00  penalty:0.00e+00  axis-ratio:1.02e+00  free-mem:28.38GB
time:15:24:16.86  iter:173  elapsed-time:0.15  pmap-time:0.00  grad-time:0.03  ls-time:0.00 ls-dec:0.00e+00
fcount:4671  fval:4.40e+03  fmin:4.17e+03  norm:8.79e+00  penalty:0.00e+00  axis-ratio:1.02e+00  free-mem:28.59GB
time:15:24:17.092  iter:174  elapsed-time:0.23  pmap-time:0.00  grad-time:0.03  ls-time:0.00 ls-dec:0.00e+00
fcount:4698  fval:4.38e+03  fmin:4.15e+03  norm:8.82e+00  penalty:0.00e+00  axis-ratio:1.02e+00  free-mem:28.42GB
time:15:24:17.416  iter:175  elapsed-time:0.32  pmap-time:0.00  grad-time:0.10  ls-time:0.00 ls-dec:0.00e+00
fcount:4725  fval:4.35e+03  fmin:4.14e+03  norm:8.87e+00  penalty:0.00e+00  axis-ratio:1.02e+00  free-mem:28.50GB
time:15:24:17.834  iter:176  elapsed-time:0.42  pmap-time:0.00  grad-time:0.14  ls-time:0.00 ls-dec:0.00e+00
fcount:4752  fval:4.36e+03  fmin:4.12e+03  norm:8.84e+00  penalty:0.00e+00  axis-ratio:1.02e+00  free-mem:28.60GB
time:15:24:17.99  iter:177  elapsed-time:0.16  pmap-time:0.00  grad-time:0.06  ls-time:0.00 ls-dec:0.00e+00
fcount:4779  fval:4.28e+03  fmin:4.10e+03  norm:8.80e+00  penalty:0.00e+00  axis-ratio:1.02e+00  free-mem:28.51GB
time:15:24:18.179  iter:178  elapsed-time:0.19  pmap-time:0.00  grad-time:0.09  ls-time:0.00 ls-dec:0.00e+00
fcount:4806  fval:4.29e+03  fmin:4.08e+03  norm:8.79e+00  penalty:0.00e+00  axis-ratio:1.02e+00  free-mem:28.36GB
time:15:24:18.377  iter:179  elapsed-time:0.19  pmap-time:0.00  grad-time:0.08  ls-time:0.00 ls-dec:0.00e+00
fcount:4833  fval:4.26e+03  fmin:4.04e+03  norm:8.85e+00  penalty:0.00e+00  axis-ratio:1.02e+00  free-mem:28.42GB
time:15:24:18.499  iter:180  elapsed-time:0.11  pmap-time:0.00  grad-time:0.03  ls-time:0.00 ls-dec:0.00e+00
fcount:4860  fval:4.27e+03  fmin:4.04e+03  norm:8.82e+00  penalty:0.00e+00  axis-ratio:1.02e+00  free-mem:28.34GB
time:15:24:29.447  iter:181  elapsed-time:10.94  pmap-time:0.00  grad-time:0.03  ls-time:0.00 ls-dec:0.00e+00
fcount:4887  fval:4.27e+03  fmin:4.02e+03  norm:8.88e+00  penalty:0.00e+00  axis-ratio:1.02e+00  free-mem:26.70GB
time:15:24:31.665  iter:182  elapsed-time:2.21  pmap-time:0.00  grad-time:0.13  ls-time:0.00 ls-dec:0.00e+00
fcount:4914  fval:4.27e+03  fmin:4.02e+03  norm:8.86e+00  penalty:0.00e+00  axis-ratio:1.02e+00  free-mem:26.45GB
time:15:24:31.919  iter:183  elapsed-time:0.24  pmap-time:0.00  grad-time:0.18  ls-time:0.00 ls-dec:0.00e+00
fcount:4941  fval:4.22e+03  fmin:4.01e+03  norm:8.88e+00  penalty:0.00e+00  axis-ratio:1.02e+00  free-mem:26.59GB
time:15:24:32.038  iter:184  elapsed-time:0.12  pmap-time:0.00  grad-time:0.04  ls-time:0.00 ls-dec:0.00e+00
fcount:4968  fval:4.22e+03  fmin:4.00e+03  norm:8.91e+00  penalty:0.00e+00  axis-ratio:1.02e+00  free-mem:26.56GB
time:15:24:32.245  iter:185  elapsed-time:0.19  pmap-time:0.00  grad-time:0.05  ls-time:0.00 ls-dec:0.00e+00
fcount:4995  fval:4.21e+03  fmin:3.98e+03  norm:8.92e+00  penalty:0.00e+00  axis-ratio:1.02e+00  free-mem:26.85GB
time:15:24:32.381  iter:186  elapsed-time:0.12  pmap-time:0.00  grad-time:0.04  ls-time:0.00 ls-dec:0.00e+00
fcount:5022  fval:4.20e+03  fmin:3.97e+03  norm:8.92e+00  penalty:0.00e+00  axis-ratio:1.02e+00  free-mem:27.09GB
time:15:24:32.498  iter:187  elapsed-time:0.10  pmap-time:0.00  grad-time:0.03  ls-time:0.00 ls-dec:0.00e+00
fcount:5049  fval:4.17e+03  fmin:3.94e+03  norm:8.86e+00  penalty:0.00e+00  axis-ratio:1.02e+00  free-mem:26.96GB
time:15:24:32.64  iter:188  elapsed-time:0.13  pmap-time:0.00  grad-time:0.05  ls-time:0.00 ls-dec:0.00e+00
fcount:5076  fval:4.14e+03  fmin:3.93e+03  norm:8.87e+00  penalty:0.00e+00  axis-ratio:1.02e+00  free-mem:26.82GB
time:15:24:32.747  iter:189  elapsed-time:0.11  pmap-time:0.00  grad-time:0.06  ls-time:0.00 ls-dec:0.00e+00
fcount:5103  fval:4.14e+03  fmin:3.91e+03  norm:8.79e+00  penalty:0.00e+00  axis-ratio:1.02e+00  free-mem:26.84GB
time:15:24:32.869  iter:190  elapsed-time:0.12  pmap-time:0.00  grad-time:0.04  ls-time:0.00 ls-dec:0.00e+00
fcount:5130  fval:4.12e+03  fmin:3.90e+03  norm:8.86e+00  penalty:0.00e+00  axis-ratio:1.02e+00  free-mem:26.96GB
time:15:24:32.972  iter:191  elapsed-time:0.10  pmap-time:0.00  grad-time:0.06  ls-time:0.00 ls-dec:0.00e+00
fcount:5157  fval:4.11e+03  fmin:3.88e+03  norm:8.85e+00  penalty:0.00e+00  axis-ratio:1.02e+00  free-mem:26.94GB
time:15:24:33.13  iter:192  elapsed-time:0.14  pmap-time:0.00  grad-time:0.06  ls-time:0.00 ls-dec:0.00e+00
fcount:5184  fval:4.07e+03  fmin:3.86e+03  norm:8.84e+00  penalty:0.00e+00  axis-ratio:1.02e+00  free-mem:26.86GB
time:15:24:33.275  iter:193  elapsed-time:0.14  pmap-time:0.00  grad-time:0.06  ls-time:0.00 ls-dec:0.00e+00
fcount:5211  fval:4.09e+03  fmin:3.86e+03  norm:8.88e+00  penalty:0.00e+00  axis-ratio:1.02e+00  free-mem:26.80GB
time:15:24:33.478  iter:194  elapsed-time:0.20  pmap-time:0.00  grad-time:0.06  ls-time:0.00 ls-dec:0.00e+00
fcount:5238  fval:4.07e+03  fmin:3.85e+03  norm:8.87e+00  penalty:0.00e+00  axis-ratio:1.02e+00  free-mem:26.72GB
time:15:24:41.866  iter:195  elapsed-time:8.38  pmap-time:0.00  grad-time:0.06  ls-time:0.00 ls-dec:0.00e+00
fcount:5265  fval:4.07e+03  fmin:3.84e+03  norm:8.84e+00  penalty:0.00e+00  axis-ratio:1.02e+00  free-mem:26.44GB
time:15:24:42.119  iter:196  elapsed-time:0.25  pmap-time:0.00  grad-time:0.13  ls-time:0.00 ls-dec:0.00e+00
fcount:5292  fval:4.05e+03  fmin:3.81e+03  norm:8.96e+00  penalty:0.00e+00  axis-ratio:1.02e+00  free-mem:26.39GB
time:15:24:42.368  iter:197  elapsed-time:0.25  pmap-time:0.00  grad-time:0.04  ls-time:0.00 ls-dec:0.00e+00
fcount:5319  fval:4.02e+03  fmin:3.79e+03  norm:8.93e+00  penalty:0.00e+00  axis-ratio:1.02e+00  free-mem:26.24GB
time:15:24:42.606  iter:198  elapsed-time:0.24  pmap-time:0.00  grad-time:0.09  ls-time:0.00 ls-dec:0.00e+00
fcount:5346  fval:4.02e+03  fmin:3.78e+03  norm:8.86e+00  penalty:0.00e+00  axis-ratio:1.02e+00  free-mem:26.37GB
time:15:24:42.88  iter:199  elapsed-time:0.26  pmap-time:0.00  grad-time:0.08  ls-time:0.00 ls-dec:0.00e+00
fcount:5373  fval:3.97e+03  fmin:3.76e+03  norm:8.94e+00  penalty:0.00e+00  axis-ratio:1.02e+00  free-mem:26.16GB
time:15:24:43.161  iter:200  elapsed-time:0.27  pmap-time:0.00  grad-time:0.09  ls-time:0.00 ls-dec:0.00e+00
fcount:5400  fval:3.96e+03  fmin:3.74e+03  norm:8.95e+00  penalty:0.00e+00  axis-ratio:1.02e+00  free-mem:25.99GB
   Testing GCMAES tests passed 
