 Resolving package versions...
 Installed IniFile â”€â”€â”€â”€â”€â”€â”€â”€ v0.5.0
 Installed Parsers â”€â”€â”€â”€â”€â”€â”€â”€ v0.3.10
 Installed ZMQ â”€â”€â”€â”€â”€â”€â”€â”€â”€â”€â”€â”€ v1.0.0
 Installed JuliaWebAPI â”€â”€â”€â”€ v0.6.0
 Installed MbedTLS â”€â”€â”€â”€â”€â”€â”€â”€ v0.7.0
 Installed BinaryProvider â”€ v0.5.8
 Installed HTTP â”€â”€â”€â”€â”€â”€â”€â”€â”€â”€â”€ v0.8.8
 Installed JSON â”€â”€â”€â”€â”€â”€â”€â”€â”€â”€â”€ v0.21.0
  Updating `~/.julia/environments/v1.3/Project.toml`
  [480116ec] + JuliaWebAPI v0.6.0
  Updating `~/.julia/environments/v1.3/Manifest.toml`
  [b99e7846] + BinaryProvider v0.5.8
  [cd3eb016] + HTTP v0.8.8
  [83e8ac13] + IniFile v0.5.0
  [682c06a0] + JSON v0.21.0
  [480116ec] + JuliaWebAPI v0.6.0
  [739be429] + MbedTLS v0.7.0
  [69de0a69] + Parsers v0.3.10
  [c2297ded] + ZMQ v1.0.0
  [2a0f44e3] + Base64 
  [ade2ca70] + Dates 
  [8ba89e20] + Distributed 
  [7b1f6079] + FileWatching 
  [b77e0a4c] + InteractiveUtils 
  [8f399da3] + Libdl 
  [56ddb016] + Logging 
  [d6f4376e] + Markdown 
  [a63ad114] + Mmap 
  [de0858da] + Printf 
  [9a3f8284] + Random 
  [ea8e919c] + SHA 
  [9e88b42a] + Serialization 
  [6462fe0b] + Sockets 
  [8dfed614] + Test 
  [4ec0a83e] + Unicode 
  Building MbedTLS â†’ `~/.julia/packages/MbedTLS/a1JFn/deps/build.log`
  Building ZMQ â”€â”€â”€â”€â†’ `~/.julia/packages/ZMQ/ABGOx/deps/build.log`
   Testing JuliaWebAPI
    Status `/tmp/jl_1wocSS/Manifest.toml`
  [b99e7846] BinaryProvider v0.5.8
  [cd3eb016] HTTP v0.8.8
  [83e8ac13] IniFile v0.5.0
  [682c06a0] JSON v0.21.0
  [480116ec] JuliaWebAPI v0.6.0
  [739be429] MbedTLS v0.7.0
  [69de0a69] Parsers v0.3.10
  [c2297ded] ZMQ v1.0.0
  [2a0f44e3] Base64  [`@stdlib/Base64`]
  [ade2ca70] Dates  [`@stdlib/Dates`]
  [8ba89e20] Distributed  [`@stdlib/Distributed`]
  [7b1f6079] FileWatching  [`@stdlib/FileWatching`]
  [b77e0a4c] InteractiveUtils  [`@stdlib/InteractiveUtils`]
  [8f399da3] Libdl  [`@stdlib/Libdl`]
  [56ddb016] Logging  [`@stdlib/Logging`]
  [d6f4376e] Markdown  [`@stdlib/Markdown`]
  [a63ad114] Mmap  [`@stdlib/Mmap`]
  [de0858da] Printf  [`@stdlib/Printf`]
  [9a3f8284] Random  [`@stdlib/Random`]
  [ea8e919c] SHA  [`@stdlib/SHA`]
  [9e88b42a] Serialization  [`@stdlib/Serialization`]
  [6462fe0b] Sockets  [`@stdlib/Sockets`]
  [8dfed614] Test  [`@stdlib/Test`]
  [4ec0a83e] Unicode  [`@stdlib/Unicode`]
Running tests from test_asyncsrvr.jl
============================================================
testing httpresponse...
testfn1: HTTP.Messages.Response:
"""
HTTP/1.1 200 OK
Content-Type: application/json; charset=utf-8

{"data":11,"code":0}"""
testfn1: HTTP.Messages.Response:
"""
HTTP/1.1 200 OK

11"""
testbinary: HTTP.Messages.Response:
"""
HTTP/1.1 200 OK
Content-Type: application/octet-stream

™ØÍ‡ZŸn+©!"""
time for 100 calls to testfn1: 0.5630059242248535 secs @ 0.005630059242248535 per call
time for 100 calls to testfn2: 0.025643110275268555 secs @ 0.00025643110275268554 per call
time for 100 calls to testbinary: 0.03522920608520508 secs @ 0.00035229206085205076 per call
testing array invocation...
testing unknown method handling...
testing server method exception handling...
Finished test_asyncsrvr.jl
============================================================
Running tests from test_clntsrvr.jl
============================================================
spawining `/opt/julia/bin/julia /root/.julia/packages/JuliaWebAPI/9VrIU/test/srvr.jl --runsrvr`
started server process, running client
testing httpresponse...
testfn1: HTTP.Messages.Response:
"""
HTTP/1.1 200 OK
Content-Type: application/json; charset=utf-8

{"data":11,"code":0}"""
testfn1: HTTP.Messages.Response:
"""
HTTP/1.1 200 OK

11"""
testbinary: HTTP.Messages.Response:
"""
HTTP/1.1 200 OK
Content-Type: application/octet-stream

©xÆ12m’ü"""
time for 100 calls to testfn1: 0.833050012588501 secs @ 0.00833050012588501 per call
time for 100 calls to testfn2: 0.033370018005371094 secs @ 0.00033370018005371096 per call
time for 100 calls to testbinary: 0.13650202751159668 secs @ 0.001365020275115967 per call
testing array invocation...
testing unknown method handling...
testing server method exception handling...
stopping server process
Finished test_clntsrvr.jl
============================================================
Running tests from test_remotecall.jl
============================================================
time for 100 calls with remotecall_fetch: 1.9254450798034668 secs @ 0.01925445079803467 per call
stopped all workers
Finished test_remotecall.jl
============================================================
Running tests from test_plugins.jl
============================================================
testing httpresponse...
testfn1: HTTP.Messages.Response:
"""
HTTP/1.1 200 OK
Content-Type: application/json; charset=utf-8

{"data":11,"code":0}"""
testfn1: HTTP.Messages.Response:
"""
HTTP/1.1 200 OK

11"""
testbinary: HTTP.Messages.Response:
"""
HTTP/1.1 200 OK
Content-Type: application/octet-stream

1tJ9ßTC‰L"""
time for 100 calls to testfn1: 0.5322201251983643 secs @ 0.005322201251983643 per call
time for 100 calls to testfn2: 0.037809133529663086 secs @ 0.00037809133529663084 per call
time for 100 calls to testbinary: 0.028467178344726562 secs @ 0.0002846717834472656 per call
testing array invocation...
testing unknown method handling...
testing server method exception handling...
Finished test_plugins.jl
============================================================
Running tests from test_plugins.jl
============================================================
testing httpresponse...
testfn1: HTTP.Messages.Response:
"""
HTTP/1.1 200 OK
Content-Type: application/json; charset=utf-8

{"data":11,"code":0}"""
testfn1: HTTP.Messages.Response:
"""
HTTP/1.1 200 OK

11"""
testbinary: HTTP.Messages.Response:
"""
HTTP/1.1 200 OK
Content-Type: application/octet-stream

Kh+Ç7jÍí›D"""
time for 100 calls to testfn1: 0.6547350883483887 secs @ 0.006547350883483887 per call
time for 100 calls to testfn2: 0.005084991455078125 secs @ 5.084991455078125e-5 per call
time for 100 calls to testbinary: 0.0036649703979492188 secs @ 3.664970397949219e-5 per call
testing array invocation...
testing unknown method handling...
testing server method exception handling...
Finished test_plugins.jl
============================================================
Running tests from test_httprpc.jl
============================================================
starting httpserver in async mode...
starting client...
starting http rpc tests.
testing file upload...
testing preprocessor...
finished http rpc tests.
Finished test_httprpc.jl
============================================================
Running tests from test_create_responder.jl
============================================================
testing create_responder api...
â”Œ Info: registering
â””   endpt = "testfn1"
â”Œ Info: registering
â””   endpt = "testfn2"
â”Œ Info: registering
â””   endpt = "testbinary"
â”Œ Info: registering
â””   endpt = "testArray"
â”Œ Info: registering
â””   endpt = "testFile"
â”Œ Info: registering
â””   endpt = "testException"
Finished test_create_responder.jl
============================================================
   Testing JuliaWebAPI tests passed 
