 Resolving package versions...
 Installed Compat ───────────── v3.0.0
 Installed Tokenize ─────────── v0.5.7
 Installed CSTParser ────────── v1.1.0
 Installed OrderedCollections ─ v1.1.0
 Installed Parameters ───────── v0.12.0
 Installed DataStructures ───── v0.17.6
 Installed FunctionOperators ── v0.1.0
 Installed MacroTools ───────── v0.5.1
  Updating `~/.julia/environments/v1.3/Project.toml`
  [98ce4118] + FunctionOperators v0.1.0
  Updating `~/.julia/environments/v1.3/Manifest.toml`
  [00ebfdb7] + CSTParser v1.1.0
  [34da2185] + Compat v3.0.0
  [864edb3b] + DataStructures v0.17.6
  [98ce4118] + FunctionOperators v0.1.0
  [1914dd2f] + MacroTools v0.5.1
  [bac558e1] + OrderedCollections v1.1.0
  [d96e819e] + Parameters v0.12.0
  [0796e94c] + Tokenize v0.5.7
  [2a0f44e3] + Base64 
  [ade2ca70] + Dates 
  [8bb1440f] + DelimitedFiles 
  [8ba89e20] + Distributed 
  [b77e0a4c] + InteractiveUtils 
  [76f85450] + LibGit2 
  [8f399da3] + Libdl 
  [37e2e46d] + LinearAlgebra 
  [56ddb016] + Logging 
  [d6f4376e] + Markdown 
  [a63ad114] + Mmap 
  [44cfe95a] + Pkg 
  [de0858da] + Printf 
  [3fa0cd96] + REPL 
  [9a3f8284] + Random 
  [ea8e919c] + SHA 
  [9e88b42a] + Serialization 
  [1a1011a3] + SharedArrays 
  [6462fe0b] + Sockets 
  [2f01184e] + SparseArrays 
  [10745b16] + Statistics 
  [8dfed614] + Test 
  [cf7118a7] + UUIDs 
  [4ec0a83e] + Unicode 
   Testing FunctionOperators
 Resolving package versions...
 Installed BenchmarkTools ─ v0.4.3
 Installed Coverage ─────── v0.9.3
 Installed HTTP ─────────── v0.8.8
 Installed IniFile ──────── v0.5.0
 Installed Parsers ──────── v0.3.10
 Installed BinaryProvider ─ v0.5.8
 Installed JSON ─────────── v0.21.0
 Installed MbedTLS ──────── v0.7.0
  Updating `/tmp/jl_uGGkrd/Project.toml`
  [6e4b80f9] + BenchmarkTools v0.4.3
  [a2441757] + Coverage v0.9.3
  [98ce4118] + FunctionOperators v0.1.0
  Updating `/tmp/jl_uGGkrd/Manifest.toml`
  [6e4b80f9] + BenchmarkTools v0.4.3
  [b99e7846] + BinaryProvider v0.5.8
  [a2441757] + Coverage v0.9.3
  [cd3eb016] + HTTP v0.8.8
  [83e8ac13] + IniFile v0.5.0
  [682c06a0] + JSON v0.21.0
  [739be429] + MbedTLS v0.7.0
  [69de0a69] + Parsers v0.3.10
  Building MbedTLS → `~/.julia/packages/MbedTLS/a1JFn/deps/build.log`
[ Info: Running Sandbox
    Status `/tmp/jl_uGGkrd/Project.toml`
  [6e4b80f9] BenchmarkTools v0.4.3
  [a2441757] Coverage v0.9.3
  [98ce4118] FunctionOperators v0.1.0
WARNING: Compat.Markdown is deprecated, use Markdown instead.
  likely near /root/.julia/packages/MacroTools/ys44U/src/MacroTools.jl:4
WARNING: Compat.Random is deprecated, use Random instead.
  likely near /root/.julia/packages/MacroTools/ys44U/src/MacroTools.jl:35
ERROR: LoadError: LoadError: ArgumentError: Package Test not found in current path:
- Run `import Pkg; Pkg.add("Test")` to install the Test package.

Stacktrace:
 [1] require(::Module, ::Symbol) at ./loading.jl:887
 [2] include at ./boot.jl:328 [inlined]
 [3] include_relative(::Module, ::String) at ./loading.jl:1105
 [4] include(::Module, ::String) at ./Base.jl:31
 [5] include(::String) at ./client.jl:424
 [6] top-level scope at /root/.julia/packages/FunctionOperators/Fdcyd/test/runtests.jl:1
 [7] include at ./boot.jl:328 [inlined]
 [8] include_relative(::Module, ::String) at ./loading.jl:1105
 [9] include(::Module, ::String) at ./Base.jl:31
 [10] include(::String) at ./client.jl:424
 [11] top-level scope at none:6
in expression starting at /root/.julia/packages/FunctionOperators/Fdcyd/test/constructors.jl:1
in expression starting at /root/.julia/packages/FunctionOperators/Fdcyd/test/runtests.jl:1
ERROR: Package FunctionOperators errored during testing
Stacktrace:
 [1] pkgerror(::String, ::Vararg{String,N} where N) at /workspace/srcdir/julia/usr/share/julia/stdlib/v1.3/Pkg/src/Types.jl:113
 [2] #test#131(::Bool, ::Nothing, ::Cmd, ::Cmd, ::typeof(Pkg.Operations.test), ::Pkg.Types.Context, ::Array{Pkg.Types.PackageSpec,1}) at /workspace/srcdir/julia/usr/share/julia/stdlib/v1.3/Pkg/src/Operations.jl:1370
 [3] #test at ./none:0 [inlined]
 [4] #test#62(::Bool, ::Nothing, ::Cmd, ::Cmd, ::Base.Iterators.Pairs{Union{},Union{},Tuple{},NamedTuple{(),Tuple{}}}, ::typeof(Pkg.API.test), ::Pkg.Types.Context, ::Array{Pkg.Types.PackageSpec,1}) at /workspace/srcdir/julia/usr/share/julia/stdlib/v1.3/Pkg/src/API.jl:253
 [5] test(::Pkg.Types.Context, ::Array{Pkg.Types.PackageSpec,1}) at /workspace/srcdir/julia/usr/share/julia/stdlib/v1.3/Pkg/src/API.jl:239
 [6] #test#61 at /workspace/srcdir/julia/usr/share/julia/stdlib/v1.3/Pkg/src/API.jl:233 [inlined]
 [7] test at /workspace/srcdir/julia/usr/share/julia/stdlib/v1.3/Pkg/src/API.jl:233 [inlined]
 [8] #test#60 at /workspace/srcdir/julia/usr/share/julia/stdlib/v1.3/Pkg/src/API.jl:232 [inlined]
 [9] test at /workspace/srcdir/julia/usr/share/julia/stdlib/v1.3/Pkg/src/API.jl:232 [inlined]
 [10] #test#59(::Base.Iterators.Pairs{Union{},Union{},Tuple{},NamedTuple{(),Tuple{}}}, ::typeof(Pkg.API.test), ::String) at /workspace/srcdir/julia/usr/share/julia/stdlib/v1.3/Pkg/src/API.jl:231
 [11] test(::String) at /workspace/srcdir/julia/usr/share/julia/stdlib/v1.3/Pkg/src/API.jl:231
 [12] top-level scope at none:10
