 Resolving package versions...
 Installed InterestRates ─ v0.3.4
 Installed BusinessDays ── v0.9.6
  Updating `~/.julia/environments/v1.3/Project.toml`
  [09453d48] + InterestRates v0.3.4
  Updating `~/.julia/environments/v1.3/Manifest.toml`
  [4f18b42c] + BusinessDays v0.9.6
  [09453d48] + InterestRates v0.3.4
  [ade2ca70] + Dates 
  [de0858da] + Printf 
  [4ec0a83e] + Unicode 
   Testing InterestRates
 Resolving package versions...
    Status `/tmp/jl_PL9BrG/Manifest.toml`
  [4f18b42c] BusinessDays v0.9.6
  [09453d48] InterestRates v0.3.4
  [2a0f44e3] Base64  [`@stdlib/Base64`]
  [ade2ca70] Dates  [`@stdlib/Dates`]
  [8ba89e20] Distributed  [`@stdlib/Distributed`]
  [b77e0a4c] InteractiveUtils  [`@stdlib/InteractiveUtils`]
  [56ddb016] Logging  [`@stdlib/Logging`]
  [d6f4376e] Markdown  [`@stdlib/Markdown`]
  [de0858da] Printf  [`@stdlib/Printf`]
  [9a3f8284] Random  [`@stdlib/Random`]
  [9e88b42a] Serialization  [`@stdlib/Serialization`]
  [6462fe0b] Sockets  [`@stdlib/Sockets`]
  [8dfed614] Test  [`@stdlib/Test`]
  [4ec0a83e] Unicode  [`@stdlib/Unicode`]
Running perftests...
InterestRates.Linear()
  0.006553 seconds (100 allocations: 1.160 MiB)
  0.066684 seconds (699.10 k allocations: 12.984 MiB)
  0.123735 seconds (699.10 k allocations: 12.984 MiB, 5.43% gc time)
InterestRates.FlatForward()
  0.169932 seconds (1.35 M allocations: 21.759 MiB)
  0.200413 seconds (2.05 M allocations: 33.583 MiB, 2.53% gc time)
  0.244372 seconds (2.05 M allocations: 33.583 MiB, 1.91% gc time)
InterestRates.NelsonSiegel()
  0.023840 seconds (450.10 k allocations: 8.026 MiB)
  0.092760 seconds (1.15 M allocations: 19.850 MiB)
  0.079785 seconds (1.15 M allocations: 19.850 MiB, 3.90% gc time)
InterestRates.Svensson()
  0.027514 seconds (450.10 k allocations: 8.026 MiB)
  0.088617 seconds (1.15 M allocations: 19.850 MiB)
  0.081466 seconds (1.15 M allocations: 19.850 MiB, 4.17% gc time)
InterestRates.CubicSplineOnRates()
  0.015557 seconds (249.00 k allocations: 4.958 MiB)
  0.096781 seconds (948.00 k allocations: 16.782 MiB)
  0.070378 seconds (948.00 k allocations: 16.782 MiB, 4.22% gc time)
InterestRates.CubicSplineOnDiscountFactors()
  0.040938 seconds (450.30 k allocations: 10.345 MiB)
  0.144275 seconds (1.15 M allocations: 22.169 MiB, 2.41% gc time)
  0.092352 seconds (1.15 M allocations: 22.169 MiB)
InterestRates.StepFunction()
  0.004273 seconds (100 allocations: 1.160 MiB)
  0.063018 seconds (699.10 k allocations: 12.984 MiB)
  0.064705 seconds (699.10 k allocations: 12.984 MiB, 5.08% gc time)
Perftests end
   Testing InterestRates tests passed 
