 Resolving package versions...
 Installed DataAPI ──────────── v1.1.0
 Installed Missings ─────────── v0.4.3
 Installed Showoff ──────────── v0.3.1
 Installed Inflate ──────────── v0.1.1
 Installed NearestNeighbors ─── v0.4.4
 Installed Contour ──────────── v0.5.1
 Installed Colors ───────────── v0.9.6
 Installed NetworkLayout ────── v0.2.0
 Installed Measures ─────────── v0.3.0
 Installed Tokenize ─────────── v0.5.7
 Installed CSTParser ────────── v1.1.0
 Installed StatsBase ────────── v0.32.0
 Installed BinaryProvider ───── v0.5.8
 Installed Plots ────────────── v0.27.1
 Installed Requires ─────────── v0.5.2
 Installed Compat ───────────── v3.0.0
 Installed OrderedCollections ─ v1.1.0
 Installed Reexport ─────────── v0.2.0
 Installed RecipesBase ──────── v0.7.0
 Installed IterTools ────────── v1.3.0
 Installed DataStructures ───── v0.17.6
 Installed Parsers ──────────── v0.3.10
 Installed LightGraphs ──────── v1.3.0
 Installed JSON ─────────────── v0.21.0
 Installed FFMPEG ───────────── v0.2.3
 Installed FixedPointNumbers ── v0.6.1
 Installed StaticArrays ─────── v0.12.1
 Installed SpectralClustering ─ v0.1.0
 Installed NaNMath ──────────── v0.3.3
 Installed SimpleTraits ─────── v0.9.1
 Installed GraphRecipes ─────── v0.4.0
 Installed PlotUtils ────────── v0.6.1
 Installed GeometryTypes ────── v0.7.6
 Installed SortingAlgorithms ── v0.3.1
 Installed Distances ────────── v0.8.2
 Installed ColorTypes ───────── v0.8.0
 Installed PlotThemes ───────── v1.0.0
 Installed MacroTools ───────── v0.5.1
 Installed Arpack ───────────── v0.3.1
 Installed Clustering ───────── v0.13.3
 Installed ArnoldiMethod ────── v0.0.4
 Installed GR ───────────────── v0.44.0
  Updating `~/.julia/environments/v1.2/Project.toml`
  [a9453432] + SpectralClustering v0.1.0
  Updating `~/.julia/environments/v1.2/Manifest.toml`
  [ec485272] + ArnoldiMethod v0.0.4
  [7d9fca2a] + Arpack v0.3.1
  [b99e7846] + BinaryProvider v0.5.8
  [00ebfdb7] + CSTParser v1.1.0
  [aaaa29a8] + Clustering v0.13.3
  [3da002f7] + ColorTypes v0.8.0
  [5ae59095] + Colors v0.9.6
  [34da2185] + Compat v3.0.0
  [d38c429a] + Contour v0.5.1
  [9a962f9c] + DataAPI v1.1.0
  [864edb3b] + DataStructures v0.17.6
  [b4f34e82] + Distances v0.8.2
  [c87230d0] + FFMPEG v0.2.3
  [53c48c17] + FixedPointNumbers v0.6.1
  [28b8d3ca] + GR v0.44.0
  [4d00f742] + GeometryTypes v0.7.6
  [bd48cda9] + GraphRecipes v0.4.0
  [d25df0c9] + Inflate v0.1.1
  [c8e1da08] + IterTools v1.3.0
  [682c06a0] + JSON v0.21.0
  [093fc24a] + LightGraphs v1.3.0
  [1914dd2f] + MacroTools v0.5.1
  [442fdcdd] + Measures v0.3.0
  [e1d29d7a] + Missings v0.4.3
  [77ba4419] + NaNMath v0.3.3
  [b8a86587] + NearestNeighbors v0.4.4
  [46757867] + NetworkLayout v0.2.0
  [bac558e1] + OrderedCollections v1.1.0
  [69de0a69] + Parsers v0.3.10
  [ccf2f8ad] + PlotThemes v1.0.0
  [995b91a9] + PlotUtils v0.6.1
  [91a5bcdd] + Plots v0.27.1
  [3cdcf5f2] + RecipesBase v0.7.0
  [189a3867] + Reexport v0.2.0
  [ae029012] + Requires v0.5.2
  [992d4aef] + Showoff v0.3.1
  [699a6c99] + SimpleTraits v0.9.1
  [a2af1166] + SortingAlgorithms v0.3.1
  [a9453432] + SpectralClustering v0.1.0
  [90137ffa] + StaticArrays v0.12.1
  [2913bbd2] + StatsBase v0.32.0
  [0796e94c] + Tokenize v0.5.7
  [2a0f44e3] + Base64 
  [ade2ca70] + Dates 
  [8bb1440f] + DelimitedFiles 
  [8ba89e20] + Distributed 
  [b77e0a4c] + InteractiveUtils 
  [76f85450] + LibGit2 
  [8f399da3] + Libdl 
  [37e2e46d] + LinearAlgebra 
  [56ddb016] + Logging 
  [d6f4376e] + Markdown 
  [a63ad114] + Mmap 
  [44cfe95a] + Pkg 
  [de0858da] + Printf 
  [3fa0cd96] + REPL 
  [9a3f8284] + Random 
  [ea8e919c] + SHA 
  [9e88b42a] + Serialization 
  [1a1011a3] + SharedArrays 
  [6462fe0b] + Sockets 
  [2f01184e] + SparseArrays 
  [10745b16] + Statistics 
  [8dfed614] + Test 
  [cf7118a7] + UUIDs 
  [4ec0a83e] + Unicode 
  Building GR ────→ `~/.julia/packages/GR/oiZD3/deps/build.log`
  Building FFMPEG → `~/.julia/packages/FFMPEG/bkWgb/deps/build.log`
  Building Plots ─→ `~/.julia/packages/Plots/WwFyB/deps/build.log`
  Building Arpack → `~/.julia/packages/Arpack/cu5By/deps/build.log`
   Testing SpectralClustering
    Status `/tmp/jl_mUn4Hi/Manifest.toml`
  [ec485272] ArnoldiMethod v0.0.4
  [7d9fca2a] Arpack v0.3.1
  [b99e7846] BinaryProvider v0.5.8
  [00ebfdb7] CSTParser v1.1.0
  [aaaa29a8] Clustering v0.13.3
  [3da002f7] ColorTypes v0.8.0
  [5ae59095] Colors v0.9.6
  [34da2185] Compat v3.0.0
  [d38c429a] Contour v0.5.1
  [9a962f9c] DataAPI v1.1.0
  [864edb3b] DataStructures v0.17.6
  [b4f34e82] Distances v0.8.2
  [c87230d0] FFMPEG v0.2.3
  [53c48c17] FixedPointNumbers v0.6.1
  [28b8d3ca] GR v0.44.0
  [4d00f742] GeometryTypes v0.7.6
  [bd48cda9] GraphRecipes v0.4.0
  [d25df0c9] Inflate v0.1.1
  [c8e1da08] IterTools v1.3.0
  [682c06a0] JSON v0.21.0
  [093fc24a] LightGraphs v1.3.0
  [1914dd2f] MacroTools v0.5.1
  [442fdcdd] Measures v0.3.0
  [e1d29d7a] Missings v0.4.3
  [77ba4419] NaNMath v0.3.3
  [b8a86587] NearestNeighbors v0.4.4
  [46757867] NetworkLayout v0.2.0
  [bac558e1] OrderedCollections v1.1.0
  [69de0a69] Parsers v0.3.10
  [ccf2f8ad] PlotThemes v1.0.0
  [995b91a9] PlotUtils v0.6.1
  [91a5bcdd] Plots v0.27.1
  [3cdcf5f2] RecipesBase v0.7.0
  [189a3867] Reexport v0.2.0
  [ae029012] Requires v0.5.2
  [992d4aef] Showoff v0.3.1
  [699a6c99] SimpleTraits v0.9.1
  [a2af1166] SortingAlgorithms v0.3.1
  [a9453432] SpectralClustering v0.1.0
  [90137ffa] StaticArrays v0.12.1
  [2913bbd2] StatsBase v0.32.0
  [0796e94c] Tokenize v0.5.7
  [2a0f44e3] Base64  [`@stdlib/Base64`]
  [ade2ca70] Dates  [`@stdlib/Dates`]
  [8bb1440f] DelimitedFiles  [`@stdlib/DelimitedFiles`]
  [8ba89e20] Distributed  [`@stdlib/Distributed`]
  [b77e0a4c] InteractiveUtils  [`@stdlib/InteractiveUtils`]
  [76f85450] LibGit2  [`@stdlib/LibGit2`]
  [8f399da3] Libdl  [`@stdlib/Libdl`]
  [37e2e46d] LinearAlgebra  [`@stdlib/LinearAlgebra`]
  [56ddb016] Logging  [`@stdlib/Logging`]
  [d6f4376e] Markdown  [`@stdlib/Markdown`]
  [a63ad114] Mmap  [`@stdlib/Mmap`]
  [44cfe95a] Pkg  [`@stdlib/Pkg`]
  [de0858da] Printf  [`@stdlib/Printf`]
  [3fa0cd96] REPL  [`@stdlib/REPL`]
  [9a3f8284] Random  [`@stdlib/Random`]
  [ea8e919c] SHA  [`@stdlib/SHA`]
  [9e88b42a] Serialization  [`@stdlib/Serialization`]
  [1a1011a3] SharedArrays  [`@stdlib/SharedArrays`]
  [6462fe0b] Sockets  [`@stdlib/Sockets`]
  [2f01184e] SparseArrays  [`@stdlib/SparseArrays`]
  [10745b16] Statistics  [`@stdlib/Statistics`]
  [8dfed614] Test  [`@stdlib/Test`]
  [cf7118a7] UUIDs  [`@stdlib/UUIDs`]
  [4ec0a83e] Unicode  [`@stdlib/Unicode`]
WARNING: Compat.Markdown is deprecated, use Markdown instead.
  likely near /root/.julia/packages/MacroTools/ys44U/src/MacroTools.jl:4
WARNING: Compat.Random is deprecated, use Random instead.
  likely near /root/.julia/packages/MacroTools/ys44U/src/MacroTools.jl:35
ERROR: LoadError: ArgumentError: Package Distances not found in current path:
- Run `import Pkg; Pkg.add("Distances")` to install the Distances package.

Stacktrace:
 [1] require(::Module, ::Symbol) at ./loading.jl:876
 [2] include at ./boot.jl:328 [inlined]
 [3] include_relative(::Module, ::String) at ./loading.jl:1094
 [4] include(::Module, ::String) at ./Base.jl:31
 [5] include(::String) at ./client.jl:431
 [6] top-level scope at none:5
in expression starting at /root/.julia/packages/SpectralClustering/Ind0B/test/runtests.jl:2
ERROR: Package SpectralClustering errored during testing
Stacktrace:
 [1] pkgerror(::String, ::Vararg{String,N} where N) at /buildworker/worker/package_linux64/build/usr/share/julia/stdlib/v1.2/Pkg/src/Types.jl:112
 [2] #test#119(::Bool, ::Nothing, ::typeof(Pkg.Operations.test), ::Pkg.Types.Context, ::Array{Pkg.Types.PackageSpec,1}) at /buildworker/worker/package_linux64/build/usr/share/julia/stdlib/v1.2/Pkg/src/Operations.jl:1288
 [3] #test at ./none:0 [inlined]
 [4] #test#62(::Bool, ::Nothing, ::Base.Iterators.Pairs{Union{},Union{},Tuple{},NamedTuple{(),Tuple{}}}, ::typeof(Pkg.API.test), ::Pkg.Types.Context, ::Array{Pkg.Types.PackageSpec,1}) at /buildworker/worker/package_linux64/build/usr/share/julia/stdlib/v1.2/Pkg/src/API.jl:245
 [5] test at /buildworker/worker/package_linux64/build/usr/share/julia/stdlib/v1.2/Pkg/src/API.jl:233 [inlined]
 [6] #test#61 at /buildworker/worker/package_linux64/build/usr/share/julia/stdlib/v1.2/Pkg/src/API.jl:230 [inlined]
 [7] test at /buildworker/worker/package_linux64/build/usr/share/julia/stdlib/v1.2/Pkg/src/API.jl:230 [inlined]
 [8] #test#60 at /buildworker/worker/package_linux64/build/usr/share/julia/stdlib/v1.2/Pkg/src/API.jl:229 [inlined]
 [9] test at /buildworker/worker/package_linux64/build/usr/share/julia/stdlib/v1.2/Pkg/src/API.jl:229 [inlined]
 [10] #test#59(::Base.Iterators.Pairs{Union{},Union{},Tuple{},NamedTuple{(),Tuple{}}}, ::typeof(Pkg.API.test), ::String) at /buildworker/worker/package_linux64/build/usr/share/julia/stdlib/v1.2/Pkg/src/API.jl:228
 [11] test(::String) at /buildworker/worker/package_linux64/build/usr/share/julia/stdlib/v1.2/Pkg/src/API.jl:228
 [12] top-level scope at none:10
