 Resolving package versions...
 Installed Adapt ────────────── v1.0.0
 Installed LPVSpectral ──────── v0.1.4
 Installed Conda ────────────── v1.3.0
 Installed OSQP ─────────────── v0.6.0
 Installed AbstractFFTs ─────── v0.5.0
 Installed Polynomials ──────── v0.6.0
 Installed BinaryProvider ───── v0.5.8
 Installed ProximalOperators ── v0.10.3
 Installed URIParser ────────── v0.4.0
 Installed Reexport ─────────── v0.2.0
 Installed RecipesBase ──────── v0.7.0
 Installed Compat ───────────── v2.2.0
 Installed MathProgBase ─────── v0.7.7
 Installed Parsers ──────────── v0.3.10
 Installed OrderedCollections ─ v1.1.0
 Installed IterativeSolvers ─── v0.8.1
 Installed JSON ─────────────── v0.21.0
 Installed BenchmarkTools ───── v0.4.3
 Installed TSVD ─────────────── v0.4.0
 Installed DSP ──────────────── v0.6.2
 Installed FFTW ─────────────── v1.1.0
 Installed MathOptInterface ─── v0.9.7
 Installed VersionParsing ───── v1.1.3
 Installed BinDeps ──────────── v0.8.10
 Installed SpecialFunctions ─── v0.8.0
  Updating `~/.julia/environments/v1.2/Project.toml`
  [26dcc766] + LPVSpectral v0.1.4
  Updating `~/.julia/environments/v1.2/Manifest.toml`
  [621f4979] + AbstractFFTs v0.5.0
  [79e6a3ab] + Adapt v1.0.0
  [6e4b80f9] + BenchmarkTools v0.4.3
  [9e28174c] + BinDeps v0.8.10
  [b99e7846] + BinaryProvider v0.5.8
  [34da2185] + Compat v2.2.0
  [8f4d0f93] + Conda v1.3.0
  [717857b8] + DSP v0.6.2
  [7a1cc6ca] + FFTW v1.1.0
  [42fd0dbc] + IterativeSolvers v0.8.1
  [682c06a0] + JSON v0.21.0
  [26dcc766] + LPVSpectral v0.1.4
  [b8f27783] + MathOptInterface v0.9.7
  [fdba3010] + MathProgBase v0.7.7
  [ab2f91bb] + OSQP v0.6.0
  [bac558e1] + OrderedCollections v1.1.0
  [69de0a69] + Parsers v0.3.10
  [f27b6e38] + Polynomials v0.6.0
  [a725b495] + ProximalOperators v0.10.3
  [3cdcf5f2] + RecipesBase v0.7.0
  [189a3867] + Reexport v0.2.0
  [276daf66] + SpecialFunctions v0.8.0
  [9449cd9e] + TSVD v0.4.0
  [30578b45] + URIParser v0.4.0
  [81def892] + VersionParsing v1.1.3
  [2a0f44e3] + Base64 
  [ade2ca70] + Dates 
  [8bb1440f] + DelimitedFiles 
  [8ba89e20] + Distributed 
  [b77e0a4c] + InteractiveUtils 
  [76f85450] + LibGit2 
  [8f399da3] + Libdl 
  [37e2e46d] + LinearAlgebra 
  [56ddb016] + Logging 
  [d6f4376e] + Markdown 
  [a63ad114] + Mmap 
  [44cfe95a] + Pkg 
  [de0858da] + Printf 
  [3fa0cd96] + REPL 
  [9a3f8284] + Random 
  [ea8e919c] + SHA 
  [9e88b42a] + Serialization 
  [1a1011a3] + SharedArrays 
  [6462fe0b] + Sockets 
  [2f01184e] + SparseArrays 
  [10745b16] + Statistics 
  [4607b0f0] + SuiteSparse 
  [8dfed614] + Test 
  [cf7118a7] + UUIDs 
  [4ec0a83e] + Unicode 
  Building Conda ───────────→ `~/.julia/packages/Conda/kLXeC/deps/build.log`
  Building OSQP ────────────→ `~/.julia/packages/OSQP/BU4WO/deps/build.log`
  Building FFTW ────────────→ `~/.julia/packages/FFTW/loJ3F/deps/build.log`
  Building SpecialFunctions → `~/.julia/packages/SpecialFunctions/ne2iw/deps/build.log`
   Testing LPVSpectral
 Resolving package versions...
 Installed Missings ────────── v0.4.3
 Installed Showoff ─────────── v0.3.1
 Installed DataAPI ─────────── v1.1.0
 Installed Measures ────────── v0.3.0
 Installed Plots ───────────── v0.28.2
 Installed StatsBase ───────── v0.32.0
 Installed Requires ────────── v0.5.2
 Installed Contour ─────────── v0.5.1
 Installed IterTools ───────── v1.3.0
 Installed FFMPEG ──────────── v0.2.3
 Installed DataStructures ──── v0.17.6
 Installed Colors ──────────── v0.9.6
 Installed FixedPointNumbers ─ v0.6.1
 Installed StaticArrays ────── v0.12.1
 Installed NaNMath ─────────── v0.3.3
 Installed GeometryTypes ───── v0.7.6
 Installed SortingAlgorithms ─ v0.3.1
 Installed ColorTypes ──────── v0.8.0
 Installed PlotUtils ───────── v0.6.1
 Installed PlotThemes ──────── v1.0.0
 Installed GR ──────────────── v0.44.0
  Building GR ────→ `~/.julia/packages/GR/oiZD3/deps/build.log`
  Building FFMPEG → `~/.julia/packages/FFMPEG/bkWgb/deps/build.log`
  Building Plots ─→ `~/.julia/packages/Plots/2KhB2/deps/build.log`
    Status `/tmp/jl_YmhmcL/Manifest.toml`
  [621f4979] AbstractFFTs v0.5.0
  [79e6a3ab] Adapt v1.0.0
  [6e4b80f9] BenchmarkTools v0.4.3
  [9e28174c] BinDeps v0.8.10
  [b99e7846] BinaryProvider v0.5.8
  [3da002f7] ColorTypes v0.8.0
  [5ae59095] Colors v0.9.6
  [34da2185] Compat v2.2.0
  [8f4d0f93] Conda v1.3.0
  [d38c429a] Contour v0.5.1
  [717857b8] DSP v0.6.2
  [9a962f9c] DataAPI v1.1.0
  [864edb3b] DataStructures v0.17.6
  [c87230d0] FFMPEG v0.2.3
  [7a1cc6ca] FFTW v1.1.0
  [53c48c17] FixedPointNumbers v0.6.1
  [28b8d3ca] GR v0.44.0
  [4d00f742] GeometryTypes v0.7.6
  [c8e1da08] IterTools v1.3.0
  [42fd0dbc] IterativeSolvers v0.8.1
  [682c06a0] JSON v0.21.0
  [26dcc766] LPVSpectral v0.1.4
  [b8f27783] MathOptInterface v0.9.7
  [fdba3010] MathProgBase v0.7.7
  [442fdcdd] Measures v0.3.0
  [e1d29d7a] Missings v0.4.3
  [77ba4419] NaNMath v0.3.3
  [ab2f91bb] OSQP v0.6.0
  [bac558e1] OrderedCollections v1.1.0
  [69de0a69] Parsers v0.3.10
  [ccf2f8ad] PlotThemes v1.0.0
  [995b91a9] PlotUtils v0.6.1
  [91a5bcdd] Plots v0.28.2
  [f27b6e38] Polynomials v0.6.0
  [a725b495] ProximalOperators v0.10.3
  [3cdcf5f2] RecipesBase v0.7.0
  [189a3867] Reexport v0.2.0
  [ae029012] Requires v0.5.2
  [992d4aef] Showoff v0.3.1
  [a2af1166] SortingAlgorithms v0.3.1
  [276daf66] SpecialFunctions v0.8.0
  [90137ffa] StaticArrays v0.12.1
  [2913bbd2] StatsBase v0.32.0
  [9449cd9e] TSVD v0.4.0
  [30578b45] URIParser v0.4.0
  [81def892] VersionParsing v1.1.3
  [2a0f44e3] Base64  [`@stdlib/Base64`]
  [ade2ca70] Dates  [`@stdlib/Dates`]
  [8bb1440f] DelimitedFiles  [`@stdlib/DelimitedFiles`]
  [8ba89e20] Distributed  [`@stdlib/Distributed`]
  [b77e0a4c] InteractiveUtils  [`@stdlib/InteractiveUtils`]
  [76f85450] LibGit2  [`@stdlib/LibGit2`]
  [8f399da3] Libdl  [`@stdlib/Libdl`]
  [37e2e46d] LinearAlgebra  [`@stdlib/LinearAlgebra`]
  [56ddb016] Logging  [`@stdlib/Logging`]
  [d6f4376e] Markdown  [`@stdlib/Markdown`]
  [a63ad114] Mmap  [`@stdlib/Mmap`]
  [44cfe95a] Pkg  [`@stdlib/Pkg`]
  [de0858da] Printf  [`@stdlib/Printf`]
  [3fa0cd96] REPL  [`@stdlib/REPL`]
  [9a3f8284] Random  [`@stdlib/Random`]
  [ea8e919c] SHA  [`@stdlib/SHA`]
  [9e88b42a] Serialization  [`@stdlib/Serialization`]
  [1a1011a3] SharedArrays  [`@stdlib/SharedArrays`]
  [6462fe0b] Sockets  [`@stdlib/Sockets`]
  [2f01184e] SparseArrays  [`@stdlib/SparseArrays`]
  [10745b16] Statistics  [`@stdlib/Statistics`]
  [4607b0f0] SuiteSparse  [`@stdlib/SuiteSparse`]
  [8dfed614] Test  [`@stdlib/Test`]
  [cf7118a7] UUIDs  [`@stdlib/UUIDs`]
  [4ec0a83e] Unicode  [`@stdlib/Unicode`]
Test Summary: | Pass  Total
LPV methods   |    2      2
Test Summary: | Pass  Total
detrend       |    3      3
Test Summary:  | Pass  Total
Complex Normal |    8      8
Test Summary: | Pass  Total
ls methods    |   14     14
Unreachable reached at 0x7f36e409f260

signal (4): Illegal instruction
in expression starting at /root/.julia/packages/LPVSpectral/E15vE/test/runtests.jl:142
_process_plotrecipe at /root/.julia/packages/Plots/2KhB2/src/pipeline.jl:184
_plot! at /root/.julia/packages/Plots/2KhB2/src/plot.jl:196
jl_apply_generic at /buildworker/worker/package_linux64/build/src/gf.c:2197
#plot#137 at /root/.julia/packages/Plots/2KhB2/src/plot.jl:57
plot at /root/.julia/packages/Plots/2KhB2/src/plot.jl:51
jl_apply_generic at /buildworker/worker/package_linux64/build/src/gf.c:2197
do_call at /buildworker/worker/package_linux64/build/src/interpreter.c:323
eval_value at /buildworker/worker/package_linux64/build/src/interpreter.c:411
eval_stmt_value at /buildworker/worker/package_linux64/build/src/interpreter.c:362 [inlined]
eval_body at /buildworker/worker/package_linux64/build/src/interpreter.c:772
eval_body at /buildworker/worker/package_linux64/build/src/interpreter.c:699
eval_body at /buildworker/worker/package_linux64/build/src/interpreter.c:699
jl_interpret_toplevel_thunk_callback at /buildworker/worker/package_linux64/build/src/interpreter.c:884
unknown function (ip: 0xfffffffffffffffe)
unknown function (ip: 0x7f36e55eea8f)
unknown function (ip: 0x29)
jl_interpret_toplevel_thunk at /buildworker/worker/package_linux64/build/src/interpreter.c:893
jl_toplevel_eval_flex at /buildworker/worker/package_linux64/build/src/toplevel.c:815
jl_parse_eval_all at /buildworker/worker/package_linux64/build/src/ast.c:873
jl_load at /buildworker/worker/package_linux64/build/src/toplevel.c:879
include at ./boot.jl:328 [inlined]
include_relative at ./loading.jl:1094
include at ./Base.jl:31
jl_apply_generic at /buildworker/worker/package_linux64/build/src/gf.c:2191
include at ./client.jl:431
jl_apply_generic at /buildworker/worker/package_linux64/build/src/gf.c:2197
do_call at /buildworker/worker/package_linux64/build/src/interpreter.c:323
eval_value at /buildworker/worker/package_linux64/build/src/interpreter.c:411
eval_stmt_value at /buildworker/worker/package_linux64/build/src/interpreter.c:362 [inlined]
eval_body at /buildworker/worker/package_linux64/build/src/interpreter.c:772
jl_interpret_toplevel_thunk_callback at /buildworker/worker/package_linux64/build/src/interpreter.c:884
unknown function (ip: 0xfffffffffffffffe)
unknown function (ip: 0x7f3701d69e0f)
unknown function (ip: 0xffffffffffffffff)
jl_interpret_toplevel_thunk at /buildworker/worker/package_linux64/build/src/interpreter.c:893
jl_toplevel_eval_flex at /buildworker/worker/package_linux64/build/src/toplevel.c:815
jl_toplevel_eval_flex at /buildworker/worker/package_linux64/build/src/toplevel.c:764
jl_toplevel_eval_in at /buildworker/worker/package_linux64/build/src/toplevel.c:844
eval at ./boot.jl:330
jl_apply_generic at /buildworker/worker/package_linux64/build/src/gf.c:2191
exec_options at ./client.jl:271
_start at ./client.jl:464
jl_apply_generic at /buildworker/worker/package_linux64/build/src/gf.c:2191
jl_apply at /buildworker/worker/package_linux64/build/ui/../src/julia.h:1614 [inlined]
true_main at /buildworker/worker/package_linux64/build/ui/repl.c:96
main at /buildworker/worker/package_linux64/build/ui/repl.c:217
__libc_start_main at /lib/x86_64-linux-gnu/libc.so.6 (unknown line)
_start at /opt/julia/bin/julia (unknown line)
Allocations: 70014526 (Pool: 69999433; Big: 15093); GC: 309
ERROR: Package LPVSpectral errored during testing
Stacktrace:
 [1] pkgerror(::String, ::Vararg{String,N} where N) at /buildworker/worker/package_linux64/build/usr/share/julia/stdlib/v1.2/Pkg/src/Types.jl:112
 [2] #test#119(::Bool, ::Nothing, ::typeof(Pkg.Operations.test), ::Pkg.Types.Context, ::Array{Pkg.Types.PackageSpec,1}) at /buildworker/worker/package_linux64/build/usr/share/julia/stdlib/v1.2/Pkg/src/Operations.jl:1288
 [3] #test at ./none:0 [inlined]
 [4] #test#62(::Bool, ::Nothing, ::Base.Iterators.Pairs{Union{},Union{},Tuple{},NamedTuple{(),Tuple{}}}, ::typeof(Pkg.API.test), ::Pkg.Types.Context, ::Array{Pkg.Types.PackageSpec,1}) at /buildworker/worker/package_linux64/build/usr/share/julia/stdlib/v1.2/Pkg/src/API.jl:245
 [5] test at /buildworker/worker/package_linux64/build/usr/share/julia/stdlib/v1.2/Pkg/src/API.jl:233 [inlined]
 [6] #test#61 at /buildworker/worker/package_linux64/build/usr/share/julia/stdlib/v1.2/Pkg/src/API.jl:230 [inlined]
 [7] test at /buildworker/worker/package_linux64/build/usr/share/julia/stdlib/v1.2/Pkg/src/API.jl:230 [inlined]
 [8] #test#60 at /buildworker/worker/package_linux64/build/usr/share/julia/stdlib/v1.2/Pkg/src/API.jl:229 [inlined]
 [9] test at /buildworker/worker/package_linux64/build/usr/share/julia/stdlib/v1.2/Pkg/src/API.jl:229 [inlined]
 [10] #test#59(::Base.Iterators.Pairs{Union{},Union{},Tuple{},NamedTuple{(),Tuple{}}}, ::typeof(Pkg.API.test), ::String) at /buildworker/worker/package_linux64/build/usr/share/julia/stdlib/v1.2/Pkg/src/API.jl:228
 [11] test(::String) at /buildworker/worker/package_linux64/build/usr/share/julia/stdlib/v1.2/Pkg/src/API.jl:228
 [12] top-level scope at none:10
