 Resolving package versions...
 Installed Reexport ─────── v0.2.0
 Installed FillArrays ───── v0.8.2
 Installed Compat ───────── v2.2.0
 Installed Conda ────────── v1.3.0
 Installed LowRankApprox ── v0.4.0
 Installed AbstractFFTs ─── v0.5.0
 Installed BinaryProvider ─ v0.5.8
 Installed JSON ─────────── v0.21.0
 Installed FFTW ─────────── v1.1.0
 Installed Parsers ──────── v0.3.10
 Installed VersionParsing ─ v1.1.3
 Installed Nullables ────── v1.0.0
  Updating `~/.julia/environments/v1.3/Project.toml`
  [898213cb] + LowRankApprox v0.4.0
  Updating `~/.julia/environments/v1.3/Manifest.toml`
  [621f4979] + AbstractFFTs v0.5.0
  [b99e7846] + BinaryProvider v0.5.8
  [34da2185] + Compat v2.2.0
  [8f4d0f93] + Conda v1.3.0
  [7a1cc6ca] + FFTW v1.1.0
  [1a297f60] + FillArrays v0.8.2
  [682c06a0] + JSON v0.21.0
  [898213cb] + LowRankApprox v0.4.0
  [4d1e1d77] + Nullables v1.0.0
  [69de0a69] + Parsers v0.3.10
  [189a3867] + Reexport v0.2.0
  [81def892] + VersionParsing v1.1.3
  [2a0f44e3] + Base64 
  [ade2ca70] + Dates 
  [8bb1440f] + DelimitedFiles 
  [8ba89e20] + Distributed 
  [b77e0a4c] + InteractiveUtils 
  [76f85450] + LibGit2 
  [8f399da3] + Libdl 
  [37e2e46d] + LinearAlgebra 
  [56ddb016] + Logging 
  [d6f4376e] + Markdown 
  [a63ad114] + Mmap 
  [44cfe95a] + Pkg 
  [de0858da] + Printf 
  [3fa0cd96] + REPL 
  [9a3f8284] + Random 
  [ea8e919c] + SHA 
  [9e88b42a] + Serialization 
  [1a1011a3] + SharedArrays 
  [6462fe0b] + Sockets 
  [2f01184e] + SparseArrays 
  [10745b16] + Statistics 
  [8dfed614] + Test 
  [cf7118a7] + UUIDs 
  [4ec0a83e] + Unicode 
  Building Conda → `~/.julia/packages/Conda/kLXeC/deps/build.log`
  Building FFTW ─→ `~/.julia/packages/FFTW/loJ3F/deps/build.log`
   Testing LowRankApprox
    Status `/tmp/jl_Tsjqx5/Manifest.toml`
  [621f4979] AbstractFFTs v0.5.0
  [b99e7846] BinaryProvider v0.5.8
  [34da2185] Compat v2.2.0
  [8f4d0f93] Conda v1.3.0
  [7a1cc6ca] FFTW v1.1.0
  [1a297f60] FillArrays v0.8.2
  [682c06a0] JSON v0.21.0
  [898213cb] LowRankApprox v0.4.0
  [4d1e1d77] Nullables v1.0.0
  [69de0a69] Parsers v0.3.10
  [189a3867] Reexport v0.2.0
  [81def892] VersionParsing v1.1.3
  [2a0f44e3] Base64  [`@stdlib/Base64`]
  [ade2ca70] Dates  [`@stdlib/Dates`]
  [8bb1440f] DelimitedFiles  [`@stdlib/DelimitedFiles`]
  [8ba89e20] Distributed  [`@stdlib/Distributed`]
  [b77e0a4c] InteractiveUtils  [`@stdlib/InteractiveUtils`]
  [76f85450] LibGit2  [`@stdlib/LibGit2`]
  [8f399da3] Libdl  [`@stdlib/Libdl`]
  [37e2e46d] LinearAlgebra  [`@stdlib/LinearAlgebra`]
  [56ddb016] Logging  [`@stdlib/Logging`]
  [d6f4376e] Markdown  [`@stdlib/Markdown`]
  [a63ad114] Mmap  [`@stdlib/Mmap`]
  [44cfe95a] Pkg  [`@stdlib/Pkg`]
  [de0858da] Printf  [`@stdlib/Printf`]
  [3fa0cd96] REPL  [`@stdlib/REPL`]
  [9a3f8284] Random  [`@stdlib/Random`]
  [ea8e919c] SHA  [`@stdlib/SHA`]
  [9e88b42a] Serialization  [`@stdlib/Serialization`]
  [1a1011a3] SharedArrays  [`@stdlib/SharedArrays`]
  [6462fe0b] Sockets  [`@stdlib/Sockets`]
  [2f01184e] SparseArrays  [`@stdlib/SparseArrays`]
  [10745b16] Statistics  [`@stdlib/Statistics`]
  [8dfed614] Test  [`@stdlib/Test`]
  [cf7118a7] UUIDs  [`@stdlib/UUIDs`]
  [4ec0a83e] Unicode  [`@stdlib/Unicode`]
  LinearOperator/Float32
  LinearOperator/Float64
  LinearOperator/Complex{Float32}
  LinearOperator/Complex{Float64}
  HermitianLinearOperator/Float32
  HermitianLinearOperator/Float64
  HermitianLinearOperator/Complex{Float32}
  HermitianLinearOperator/Complex{Float64}
 33.498306 seconds (45.51 M allocations: 2.123 GiB, 3.99% gc time)
Test Summary: | Pass  Total
linop         |  280    280
  RowPermutation
  ColumnPermutation
  4.684967 seconds (5.39 M allocations: 261.625 MiB, 2.00% gc time)
Test Summary: | Pass  Total
permute       |   40     40
  Float32
  Float64
  Complex{Float32}
  Complex{Float64}
  4.442309 seconds (4.58 M allocations: 224.212 MiB, 1.54% gc time)
Test Summary: | Pass  Total
snorm         |   12     12
  LowerTrapezoidal/Float32
  LowerTrapezoidal/Float64
  LowerTrapezoidal/Complex{Float32}
  LowerTrapezoidal/Complex{Float64}
  UpperTrapezoidal/Float32
  UpperTrapezoidal/Float64
  UpperTrapezoidal/Complex{Float32}
  UpperTrapezoidal/Complex{Float64}
 32.886593 seconds (43.62 M allocations: 1.992 GiB, 2.70% gc time)
Test Summary: | Pass  Total
trapezoidal   |  144    144

  RandomGaussian/Float32
  RandomGaussian/Float64
  RandomGaussian/Complex{Float32}
  RandomGaussian/Complex{Float64}
  RandomSubset/Float32
  RandomSubset/Float64
  RandomSubset/Complex{Float32}
  RandomSubset/Complex{Float64}
  SRFT/Float32
  SRFT/Float64
  SRFT/Complex{Float32}
  SRFT/Complex{Float64}
  SparseRandomGaussian/Float32
  SparseRandomGaussian/Float64
  SparseRandomGaussian/Complex{Float32}
  SparseRandomGaussian/Complex{Float64}
 18.064671 seconds (22.25 M allocations: 1005.586 MiB, 4.34% gc time)
Test Summary: | Pass  Total
sketch        |   64     64
  none/Float32
  none/Float64
  none/Complex{Float32}
  none/Complex{Float64}
  RandomGaussian/Float32
  RandomGaussian/Float64
  RandomGaussian/Complex{Float32}
  RandomGaussian/Complex{Float64}
  RandomSubset/Float32
  RandomSubset/Float64
  RandomSubset/Complex{Float32}
  RandomSubset/Complex{Float64}
  SRFT/Float32
  SRFT/Float64
  SRFT/Complex{Float32}
  SRFT/Complex{Float64}
  SparseRandomGaussian/Float32
  SparseRandomGaussian/Float64
  SparseRandomGaussian/Complex{Float32}
  SparseRandomGaussian/Complex{Float64}
 66.866243 seconds (71.58 M allocations: 3.525 GiB, 3.96% gc time)
Test Summary: | Pass  Total
id            |  720    720
  none/Float32
  none/Float64
  none/Complex{Float32}
  none/Complex{Float64}
  RandomGaussian/Float32
  RandomGaussian/Float64
  RandomGaussian/Complex{Float32}
  RandomGaussian/Complex{Float64}
  RandomSubset/Float32
  RandomSubset/Float64
  RandomSubset/Complex{Float32}
  RandomSubset/Complex{Float64}
  SRFT/Float32
  SRFT/Float64
  SRFT/Complex{Float32}
  SRFT/Complex{Float64}
  SparseRandomGaussian/Float32
  SparseRandomGaussian/Float64
  SparseRandomGaussian/Complex{Float32}
  SparseRandomGaussian/Complex{Float64}
 22.055506 seconds (14.03 M allocations: 867.650 MiB, 3.29% gc time)
Test Summary: | Pass  Total
pheig         |  420    420
  none/Float32
  none/Float64
  none/Complex{Float32}
  none/Complex{Float64}
  RandomGaussian/Float32
  RandomGaussian/Float64
  RandomGaussian/Complex{Float32}
  RandomGaussian/Complex{Float64}
  RandomSubset/Float32
  RandomSubset/Float64
  RandomSubset/Complex{Float32}
  RandomSubset/Complex{Float64}
  SRFT/Float32
  SRFT/Float64
  SRFT/Complex{Float32}
  SRFT/Complex{Float64}
  SparseRandomGaussian/Float32
  SparseRandomGaussian/Float64
  SparseRandomGaussian/Complex{Float32}
  SparseRandomGaussian/Complex{Float64}
 36.245989 seconds (33.08 M allocations: 1.625 GiB, 2.87% gc time)
Test Summary: | Pass  Total
pqr           |  420    420
  none/Float32
  none/Float64
  none/Complex{Float32}
  none/Complex{Float64}
  RandomGaussian/Float32
  RandomGaussian/Float64
  RandomGaussian/Complex{Float32}
  RandomGaussian/Complex{Float64}
  RandomSubset/Float32
  RandomSubset/Float64
  RandomSubset/Complex{Float32}
  RandomSubset/Complex{Float64}
  SRFT/Float32
  SRFT/Float64
  SRFT/Complex{Float32}
  SRFT/Complex{Float64}
  SparseRandomGaussian/Float32
  SparseRandomGaussian/Float64
  SparseRandomGaussian/Complex{Float32}
  SparseRandomGaussian/Complex{Float64}
  9.293706 seconds (5.10 M allocations: 291.296 MiB, 2.53% gc time)
Test Summary: | Pass  Total
prange        |   60     60
  none/Float32
  none/Float64
  none/Complex{Float32}
  none/Complex{Float64}
  RandomGaussian/Float32
  RandomGaussian/Float64
  RandomGaussian/Complex{Float32}
  RandomGaussian/Complex{Float64}
  RandomSubset/Float32
  RandomSubset/Float64
  RandomSubset/Complex{Float32}
  RandomSubset/Complex{Float64}
  SRFT/Float32
  SRFT/Float64
  SRFT/Complex{Float32}
  SRFT/Complex{Float64}
  SparseRandomGaussian/Float32
  SparseRandomGaussian/Float64
  SparseRandomGaussian/Complex{Float32}
  SparseRandomGaussian/Complex{Float64}
 11.633531 seconds (3.89 M allocations: 303.082 MiB, 5.57% gc time)
Test Summary: | Pass  Total
psvd          |  420    420
  none/Float32
  none/Float64
  none/Complex{Float32}
  none/Complex{Float64}
  RandomGaussian/Float32
  RandomGaussian/Float64
  RandomGaussian/Complex{Float32}
  RandomGaussian/Complex{Float64}
  RandomSubset/Float32
  RandomSubset/Float64
  RandomSubset/Complex{Float32}
  RandomSubset/Complex{Float64}
  SRFT/Float32
  SRFT/Float64
  SRFT/Complex{Float32}
  SRFT/Complex{Float64}
  SparseRandomGaussian/Float32
  SparseRandomGaussian/Float64
  SparseRandomGaussian/Complex{Float32}
  SparseRandomGaussian/Complex{Float64}
 30.587817 seconds (25.16 M allocations: 1.511 GiB, 3.57% gc time)
Test Summary: | Pass  Total
cur           | 1080   1080
Test Summary: | Pass  Total
LowRankMatrix |   37     37
   Testing LowRankApprox tests passed 
