 Resolving package versions...
 Installed IniFile ──────────── v0.5.0
 Installed Ratios ───────────── v0.3.1
 Installed AxisAlgorithms ───── v1.0.0
 Installed JLD2 ─────────────── v0.1.9
 Installed NNlib ────────────── v0.6.0
 Installed DataStructures ───── v0.17.6
 Installed FourierFlows ─────── v0.3.2
 Installed LLVM ─────────────── v1.3.2
 Installed Coverage ─────────── v0.9.3
 Installed FileIO ───────────── v1.1.0
 Installed Parsers ──────────── v0.3.10
 Installed FFTW ─────────────── v1.1.0
 Installed StaticArrays ─────── v0.12.1
 Installed Compat ───────────── v2.2.0
 Installed MacroTools ───────── v0.5.2
 Installed BinaryProvider ───── v0.5.8
 Installed OrderedCollections ─ v1.1.0
 Installed TimerOutputs ─────── v0.5.3
 Installed JSON ─────────────── v0.21.0
 Installed CuArrays ─────────── v1.2.1
 Installed CEnum ────────────── v0.2.0
 Installed GPUArrays ────────── v1.0.4
 Installed Adapt ────────────── v1.0.0
 Installed Interpolations ───── v0.12.5
 Installed CUDAnative ───────── v2.4.0
 Installed Conda ────────────── v1.3.0
 Installed CUDAdrv ──────────── v3.1.0
 Installed VersionParsing ───── v1.1.3
 Installed HTTP ─────────────── v0.8.8
 Installed CodecZlib ────────── v0.6.0
 Installed MbedTLS ──────────── v0.7.0
 Installed Requires ─────────── v0.5.2
 Installed CUDAapi ──────────── v1.2.0
 Installed FillArrays ───────── v0.7.4
 Installed OffsetArrays ─────── v0.11.2
 Installed Reexport ─────────── v0.2.0
 Installed TranscodingStreams ─ v0.9.5
 Installed AbstractFFTs ─────── v0.5.0
 Installed WoodburyMatrices ─── v0.4.1
  Updating `~/.julia/environments/v1.3/Project.toml`
  [2aec4490] + FourierFlows v0.3.2
  Updating `~/.julia/environments/v1.3/Manifest.toml`
  [621f4979] + AbstractFFTs v0.5.0
  [79e6a3ab] + Adapt v1.0.0
  [13072b0f] + AxisAlgorithms v1.0.0
  [b99e7846] + BinaryProvider v0.5.8
  [fa961155] + CEnum v0.2.0
  [3895d2a7] + CUDAapi v1.2.0
  [c5f51814] + CUDAdrv v3.1.0
  [be33ccc6] + CUDAnative v2.4.0
  [944b1d66] + CodecZlib v0.6.0
  [34da2185] + Compat v2.2.0
  [8f4d0f93] + Conda v1.3.0
  [a2441757] + Coverage v0.9.3
  [3a865a2d] + CuArrays v1.2.1
  [864edb3b] + DataStructures v0.17.6
  [7a1cc6ca] + FFTW v1.1.0
  [5789e2e9] + FileIO v1.1.0
  [1a297f60] + FillArrays v0.7.4
  [2aec4490] + FourierFlows v0.3.2
  [0c68f7d7] + GPUArrays v1.0.4
  [cd3eb016] + HTTP v0.8.8
  [83e8ac13] + IniFile v0.5.0
  [a98d9a8b] + Interpolations v0.12.5
  [033835bb] + JLD2 v0.1.9
  [682c06a0] + JSON v0.21.0
  [929cbde3] + LLVM v1.3.2
  [1914dd2f] + MacroTools v0.5.2
  [739be429] + MbedTLS v0.7.0
  [872c559c] + NNlib v0.6.0
  [6fe1bfb0] + OffsetArrays v0.11.2
  [bac558e1] + OrderedCollections v1.1.0
  [69de0a69] + Parsers v0.3.10
  [c84ed2f1] + Ratios v0.3.1
  [189a3867] + Reexport v0.2.0
  [ae029012] + Requires v0.5.2
  [90137ffa] + StaticArrays v0.12.1
  [a759f4b9] + TimerOutputs v0.5.3
  [3bb67fe8] + TranscodingStreams v0.9.5
  [81def892] + VersionParsing v1.1.3
  [efce3f68] + WoodburyMatrices v0.4.1
  [2a0f44e3] + Base64 
  [ade2ca70] + Dates 
  [8bb1440f] + DelimitedFiles 
  [8ba89e20] + Distributed 
  [b77e0a4c] + InteractiveUtils 
  [76f85450] + LibGit2 
  [8f399da3] + Libdl 
  [37e2e46d] + LinearAlgebra 
  [56ddb016] + Logging 
  [d6f4376e] + Markdown 
  [a63ad114] + Mmap 
  [44cfe95a] + Pkg 
  [de0858da] + Printf 
  [3fa0cd96] + REPL 
  [9a3f8284] + Random 
  [ea8e919c] + SHA 
  [9e88b42a] + Serialization 
  [1a1011a3] + SharedArrays 
  [6462fe0b] + Sockets 
  [2f01184e] + SparseArrays 
  [10745b16] + Statistics 
  [8dfed614] + Test 
  [cf7118a7] + UUIDs 
  [4ec0a83e] + Unicode 
  Building Conda ────→ `~/.julia/packages/Conda/kLXeC/deps/build.log`
  Building FFTW ─────→ `~/.julia/packages/FFTW/loJ3F/deps/build.log`
  Building MbedTLS ──→ `~/.julia/packages/MbedTLS/a1JFn/deps/build.log`
  Building CodecZlib → `~/.julia/packages/CodecZlib/5t9zO/deps/build.log`
   Testing FourierFlows
 Resolving package versions...
    Status `/tmp/jl_lIw9cS/Manifest.toml`
  [621f4979] AbstractFFTs v0.5.0
  [79e6a3ab] Adapt v1.0.0
  [13072b0f] AxisAlgorithms v1.0.0
  [b99e7846] BinaryProvider v0.5.8
  [fa961155] CEnum v0.2.0
  [3895d2a7] CUDAapi v1.2.0
  [c5f51814] CUDAdrv v3.1.0
  [be33ccc6] CUDAnative v2.4.0
  [944b1d66] CodecZlib v0.6.0
  [34da2185] Compat v2.2.0
  [8f4d0f93] Conda v1.3.0
  [a2441757] Coverage v0.9.3
  [3a865a2d] CuArrays v1.2.1
  [864edb3b] DataStructures v0.17.6
  [7a1cc6ca] FFTW v1.1.0
  [5789e2e9] FileIO v1.1.0
  [1a297f60] FillArrays v0.7.4
  [2aec4490] FourierFlows v0.3.2
  [0c68f7d7] GPUArrays v1.0.4
  [cd3eb016] HTTP v0.8.8
  [83e8ac13] IniFile v0.5.0
  [a98d9a8b] Interpolations v0.12.5
  [033835bb] JLD2 v0.1.9
  [682c06a0] JSON v0.21.0
  [929cbde3] LLVM v1.3.2
  [1914dd2f] MacroTools v0.5.2
  [739be429] MbedTLS v0.7.0
  [872c559c] NNlib v0.6.0
  [6fe1bfb0] OffsetArrays v0.11.2
  [bac558e1] OrderedCollections v1.1.0
  [69de0a69] Parsers v0.3.10
  [c84ed2f1] Ratios v0.3.1
  [189a3867] Reexport v0.2.0
  [ae029012] Requires v0.5.2
  [90137ffa] StaticArrays v0.12.1
  [a759f4b9] TimerOutputs v0.5.3
  [3bb67fe8] TranscodingStreams v0.9.5
  [81def892] VersionParsing v1.1.3
  [efce3f68] WoodburyMatrices v0.4.1
  [2a0f44e3] Base64  [`@stdlib/Base64`]
  [ade2ca70] Dates  [`@stdlib/Dates`]
  [8bb1440f] DelimitedFiles  [`@stdlib/DelimitedFiles`]
  [8ba89e20] Distributed  [`@stdlib/Distributed`]
  [b77e0a4c] InteractiveUtils  [`@stdlib/InteractiveUtils`]
  [76f85450] LibGit2  [`@stdlib/LibGit2`]
  [8f399da3] Libdl  [`@stdlib/Libdl`]
  [37e2e46d] LinearAlgebra  [`@stdlib/LinearAlgebra`]
  [56ddb016] Logging  [`@stdlib/Logging`]
  [d6f4376e] Markdown  [`@stdlib/Markdown`]
  [a63ad114] Mmap  [`@stdlib/Mmap`]
  [44cfe95a] Pkg  [`@stdlib/Pkg`]
  [de0858da] Printf  [`@stdlib/Printf`]
  [3fa0cd96] REPL  [`@stdlib/REPL`]
  [9a3f8284] Random  [`@stdlib/Random`]
  [ea8e919c] SHA  [`@stdlib/SHA`]
  [9e88b42a] Serialization  [`@stdlib/Serialization`]
  [1a1011a3] SharedArrays  [`@stdlib/SharedArrays`]
  [6462fe0b] Sockets  [`@stdlib/Sockets`]
  [2f01184e] SparseArrays  [`@stdlib/SparseArrays`]
  [10745b16] Statistics  [`@stdlib/Statistics`]
  [8dfed614] Test  [`@stdlib/Test`]
  [cf7118a7] UUIDs  [`@stdlib/UUIDs`]
  [4ec0a83e] Unicode  [`@stdlib/Unicode`]
testing on CPU
Test Summary: | Pass  Total
Grid tests    |   19     19
 18.660729 seconds (20.46 M allocations: 1.010 GiB, 3.71% gc time)
Test Summary: | Pass  Total
FFT tests     |    9      9
  5.155193 seconds (4.66 M allocations: 228.507 MiB, 2.17% gc time)
Test Summary: | Pass  Total
IFFT tests    |    9      9
  4.461080 seconds (2.84 M allocations: 143.259 MiB, 1.27% gc time)
          ForwardEuler: relative error = 8.00e-13 (0.333 s)
          ForwardEuler: relative error = 8.00e-13 (0.520 s)
                   RK4: relative error = 8.55e-16 (0.759 s)
                   RK4: relative error = 8.55e-16 (0.157 s)
                ETDRK4: relative error = 2.32e-14 (1.221 s)
                ETDRK4: relative error = 1.30e-15 (0.777 s)
                   AB3: relative error = 2.50e-15 (0.448 s)
                   AB3: relative error = 2.50e-15 (0.065 s)
  FilteredForwardEuler: relative error = 8.00e-13 (0.316 s)
  FilteredForwardEuler: relative error = 8.00e-13 (0.258 s)
           FilteredRK4: relative error = 9.15e-16 (0.388 s)
           FilteredRK4: relative error = 9.15e-16 (0.047 s)
        FilteredETDRK4: relative error = 2.32e-14 (0.569 s)
        FilteredETDRK4: relative error = 1.32e-15 (0.522 s)
           FilteredAB3: relative error = 2.51e-15 (0.600 s)
           FilteredAB3: relative error = 2.51e-15 (0.075 s)
Test Summary:     | Pass  Total
Timestepper tests |   16     16
 26.033885 seconds (34.34 M allocations: 1.644 GiB, 3.69% gc time)
Test Summary: | Pass  Total
Utils tests   |   21     21
 21.148477 seconds (57.25 M allocations: 1.561 GiB, 4.14% gc time)
Test Summary:     | Pass  Total
Diagnostics tests |    6      6
  3.862870 seconds (4.34 M allocations: 229.123 MiB, 1.86% gc time)
Test Summary: | Pass  Total
Output tests  |    7      7
 20.342736 seconds (25.66 M allocations: 1.218 GiB, 4.99% gc time)
   Testing FourierFlows tests passed 
