 Resolving package versions...
 Installed EllipsisNotation ─ v0.4.0
 Installed GrowableArrays ─── v0.1.0
  Updating `~/.julia/environments/v1.2/Project.toml`
  [7ebbc34c] + GrowableArrays v0.1.0
  Updating `~/.julia/environments/v1.2/Manifest.toml`
  [da5c29d0] + EllipsisNotation v0.4.0
  [7ebbc34c] + GrowableArrays v0.1.0
  [2a0f44e3] + Base64 
  [8ba89e20] + Distributed 
  [b77e0a4c] + InteractiveUtils 
  [56ddb016] + Logging 
  [d6f4376e] + Markdown 
  [9a3f8284] + Random 
  [9e88b42a] + Serialization 
  [6462fe0b] + Sockets 
  [8dfed614] + Test 
   Testing GrowableArrays
    Status `/tmp/jl_HM7ROM/Manifest.toml`
  [da5c29d0] EllipsisNotation v0.4.0
  [7ebbc34c] GrowableArrays v0.1.0
  [2a0f44e3] Base64  [`@stdlib/Base64`]
  [8ba89e20] Distributed  [`@stdlib/Distributed`]
  [b77e0a4c] InteractiveUtils  [`@stdlib/InteractiveUtils`]
  [56ddb016] Logging  [`@stdlib/Logging`]
  [d6f4376e] Markdown  [`@stdlib/Markdown`]
  [9a3f8284] Random  [`@stdlib/Random`]
  [9e88b42a] Serialization  [`@stdlib/Serialization`]
  [6462fe0b] Sockets  [`@stdlib/Sockets`]
  [8dfed614] Test  [`@stdlib/Test`]
Run Benchmarks
Pre-Compile
Running Benchmarks
Benchmark results: 2.203449188 2.663732727 0.026611277 0.03660555 0.013076837 0.012353483 0.012549075 0.011846103
Note the overhead of building the type before the loop for small runs
   Testing GrowableArrays tests passed 
