 Resolving package versions...
 Installed GrowableArrays ─── v0.1.0
 Installed EllipsisNotation ─ v0.4.0
  Updating `~/.julia/environments/v1.3/Project.toml`
  [7ebbc34c] + GrowableArrays v0.1.0
  Updating `~/.julia/environments/v1.3/Manifest.toml`
  [da5c29d0] + EllipsisNotation v0.4.0
  [7ebbc34c] + GrowableArrays v0.1.0
  [2a0f44e3] + Base64 
  [8ba89e20] + Distributed 
  [b77e0a4c] + InteractiveUtils 
  [56ddb016] + Logging 
  [d6f4376e] + Markdown 
  [9a3f8284] + Random 
  [9e88b42a] + Serialization 
  [6462fe0b] + Sockets 
  [8dfed614] + Test 
   Testing GrowableArrays
    Status `/tmp/jl_S6jaUg/Manifest.toml`
  [da5c29d0] EllipsisNotation v0.4.0
  [7ebbc34c] GrowableArrays v0.1.0
  [2a0f44e3] Base64  [`@stdlib/Base64`]
  [8ba89e20] Distributed  [`@stdlib/Distributed`]
  [b77e0a4c] InteractiveUtils  [`@stdlib/InteractiveUtils`]
  [56ddb016] Logging  [`@stdlib/Logging`]
  [d6f4376e] Markdown  [`@stdlib/Markdown`]
  [9a3f8284] Random  [`@stdlib/Random`]
  [9e88b42a] Serialization  [`@stdlib/Serialization`]
  [6462fe0b] Sockets  [`@stdlib/Sockets`]
  [8dfed614] Test  [`@stdlib/Test`]
Run Benchmarks
Pre-Compile
Running Benchmarks
Benchmark results: 2.20913743 2.690864158 0.082122841 0.026707748 0.043084771 0.037232858 0.026875289 0.028037613
Note the overhead of building the type before the loop for small runs
   Testing GrowableArrays tests passed 
