 Resolving package versions...
 Installed Requires ──────────────────── v0.5.2
 Installed Reexport ──────────────────── v0.2.0
 Installed FunctionWrappers ──────────── v1.0.0
 Installed Compat ────────────────────── v2.2.0
 Installed MATLABDiffEq ──────────────── v0.1.0
 Installed TableTraits ───────────────── v1.0.0
 Installed DocStringExtensions ───────── v0.8.1
 Installed DiffEqBase ────────────────── v6.7.0
 Installed RecipesBase ───────────────── v0.7.0
 Installed OrderedCollections ────────── v1.1.0
 Installed DataStructures ────────────── v0.17.6
 Installed TreeViews ─────────────────── v0.3.0
 Installed Roots ─────────────────────── v0.8.3
 Installed DiffEqDiffTools ───────────── v1.5.0
 Installed IterativeSolvers ──────────── v0.8.1
 Installed MATLAB ────────────────────── v0.7.3
 Installed RecursiveFactorization ────── v0.1.0
 Installed MuladdMacro ───────────────── v0.2.1
 Installed RecursiveArrayTools ───────── v1.2.0
 Installed StaticArrays ──────────────── v0.12.1
 Installed MacroTools ────────────────── v0.5.2
 Installed ArrayInterface ────────────── v2.0.0
 Installed Parameters ────────────────── v0.12.0
 Installed IteratorInterfaceExtensions ─ v1.0.0
  Updating `~/.julia/environments/v1.2/Project.toml`
  [e2752cbe] + MATLABDiffEq v0.1.0
  Updating `~/.julia/environments/v1.2/Manifest.toml`
  [4fba245c] + ArrayInterface v2.0.0
  [34da2185] + Compat v2.2.0
  [864edb3b] + DataStructures v0.17.6
  [2b5f629d] + DiffEqBase v6.7.0
  [01453d9d] + DiffEqDiffTools v1.5.0
  [ffbed154] + DocStringExtensions v0.8.1
  [069b7b12] + FunctionWrappers v1.0.0
  [42fd0dbc] + IterativeSolvers v0.8.1
  [82899510] + IteratorInterfaceExtensions v1.0.0
  [10e44e05] + MATLAB v0.7.3
  [e2752cbe] + MATLABDiffEq v0.1.0
  [1914dd2f] + MacroTools v0.5.2
  [46d2c3a1] + MuladdMacro v0.2.1
  [bac558e1] + OrderedCollections v1.1.0
  [d96e819e] + Parameters v0.12.0
  [3cdcf5f2] + RecipesBase v0.7.0
  [731186ca] + RecursiveArrayTools v1.2.0
  [f2c3362d] + RecursiveFactorization v0.1.0
  [189a3867] + Reexport v0.2.0
  [ae029012] + Requires v0.5.2
  [f2b01f46] + Roots v0.8.3
  [90137ffa] + StaticArrays v0.12.1
  [3783bdb8] + TableTraits v1.0.0
  [a2a6695c] + TreeViews v0.3.0
  [2a0f44e3] + Base64 
  [ade2ca70] + Dates 
  [8bb1440f] + DelimitedFiles 
  [8ba89e20] + Distributed 
  [b77e0a4c] + InteractiveUtils 
  [76f85450] + LibGit2 
  [8f399da3] + Libdl 
  [37e2e46d] + LinearAlgebra 
  [56ddb016] + Logging 
  [d6f4376e] + Markdown 
  [a63ad114] + Mmap 
  [44cfe95a] + Pkg 
  [de0858da] + Printf 
  [3fa0cd96] + REPL 
  [9a3f8284] + Random 
  [ea8e919c] + SHA 
  [9e88b42a] + Serialization 
  [1a1011a3] + SharedArrays 
  [6462fe0b] + Sockets 
  [2f01184e] + SparseArrays 
  [10745b16] + Statistics 
  [4607b0f0] + SuiteSparse 
  [8dfed614] + Test 
  [cf7118a7] + UUIDs 
  [4ec0a83e] + Unicode 
   Testing MATLABDiffEq
 Resolving package versions...
 Installed BinaryProvider ───────── v0.5.8
 Installed URIParser ────────────── v0.4.0
 Installed SpecialFunctions ─────── v0.8.0
 Installed BinDeps ──────────────── v0.8.10
 Installed SymEngine ────────────── v0.7.0
 Installed ParameterizedFunctions ─ v4.2.1
  Building SpecialFunctions → `~/.julia/packages/SpecialFunctions/ne2iw/deps/build.log`
  Building SymEngine ───────→ `~/.julia/packages/SymEngine/zSUGO/deps/build.log`
    Status `/tmp/jl_Y0tKZx/Manifest.toml`
  [4fba245c] ArrayInterface v2.0.0
  [9e28174c] BinDeps v0.8.10
  [b99e7846] BinaryProvider v0.5.8
  [34da2185] Compat v2.2.0
  [864edb3b] DataStructures v0.17.6
  [2b5f629d] DiffEqBase v6.7.0
  [01453d9d] DiffEqDiffTools v1.5.0
  [ffbed154] DocStringExtensions v0.8.1
  [069b7b12] FunctionWrappers v1.0.0
  [42fd0dbc] IterativeSolvers v0.8.1
  [82899510] IteratorInterfaceExtensions v1.0.0
  [10e44e05] MATLAB v0.7.3
  [e2752cbe] MATLABDiffEq v0.1.0
  [1914dd2f] MacroTools v0.5.2
  [46d2c3a1] MuladdMacro v0.2.1
  [bac558e1] OrderedCollections v1.1.0
  [65888b18] ParameterizedFunctions v4.2.1
  [d96e819e] Parameters v0.12.0
  [3cdcf5f2] RecipesBase v0.7.0
  [731186ca] RecursiveArrayTools v1.2.0
  [f2c3362d] RecursiveFactorization v0.1.0
  [189a3867] Reexport v0.2.0
  [ae029012] Requires v0.5.2
  [f2b01f46] Roots v0.8.3
  [276daf66] SpecialFunctions v0.8.0
  [90137ffa] StaticArrays v0.12.1
  [123dc426] SymEngine v0.7.0
  [3783bdb8] TableTraits v1.0.0
  [a2a6695c] TreeViews v0.3.0
  [30578b45] URIParser v0.4.0
  [2a0f44e3] Base64  [`@stdlib/Base64`]
  [ade2ca70] Dates  [`@stdlib/Dates`]
  [8bb1440f] DelimitedFiles  [`@stdlib/DelimitedFiles`]
  [8ba89e20] Distributed  [`@stdlib/Distributed`]
  [b77e0a4c] InteractiveUtils  [`@stdlib/InteractiveUtils`]
  [76f85450] LibGit2  [`@stdlib/LibGit2`]
  [8f399da3] Libdl  [`@stdlib/Libdl`]
  [37e2e46d] LinearAlgebra  [`@stdlib/LinearAlgebra`]
  [56ddb016] Logging  [`@stdlib/Logging`]
  [d6f4376e] Markdown  [`@stdlib/Markdown`]
  [a63ad114] Mmap  [`@stdlib/Mmap`]
  [44cfe95a] Pkg  [`@stdlib/Pkg`]
  [de0858da] Printf  [`@stdlib/Printf`]
  [3fa0cd96] REPL  [`@stdlib/REPL`]
  [9a3f8284] Random  [`@stdlib/Random`]
  [ea8e919c] SHA  [`@stdlib/SHA`]
  [9e88b42a] Serialization  [`@stdlib/Serialization`]
  [1a1011a3] SharedArrays  [`@stdlib/SharedArrays`]
  [6462fe0b] Sockets  [`@stdlib/Sockets`]
  [2f01184e] SparseArrays  [`@stdlib/SparseArrays`]
  [10745b16] Statistics  [`@stdlib/Statistics`]
  [4607b0f0] SuiteSparse  [`@stdlib/SuiteSparse`]
  [8dfed614] Test  [`@stdlib/Test`]
  [cf7118a7] UUIDs  [`@stdlib/UUIDs`]
  [4ec0a83e] Unicode  [`@stdlib/Unicode`]
ERROR: LoadError: InitError: failed process: Process(`which matlab`, ProcessExited(1)) [1]

Stacktrace:
 [1] pipeline_error at ./process.jl:813 [inlined]
 [2] read(::Cmd) at ./process.jl:700
 [3] read(::Cmd, ::Type{String}) at ./process.jl:709
 [4] matlab_homepath() at /root/.julia/packages/MATLAB/cVrxc/src/mxbase.jl:8
 [5] matlab_libpath at /root/.julia/packages/MATLAB/cVrxc/src/mxbase.jl:37 [inlined]
 [6] __init__() at /root/.julia/packages/MATLAB/cVrxc/src/MATLAB.jl:72
 [7] _include_from_serialized(::String, ::Array{Any,1}) at ./loading.jl:685
 [8] _require_from_serialized(::String) at ./loading.jl:736
 [9] _require(::Base.PkgId) at ./loading.jl:1023
 [10] require(::Base.PkgId) at ./loading.jl:911
 [11] require(::Module, ::Symbol) at ./loading.jl:906
 [12] include at ./boot.jl:328 [inlined]
 [13] include_relative(::Module, ::String) at ./loading.jl:1094
 [14] include(::Module, ::String) at ./Base.jl:31
 [15] top-level scope at none:2
 [16] eval at ./boot.jl:330 [inlined]
 [17] eval(::Expr) at ./client.jl:432
 [18] top-level scope at ./none:3
during initialization of module MATLAB
in expression starting at /root/.julia/packages/MATLABDiffEq/DbLqs/src/MATLABDiffEq.jl:5
ERROR: LoadError: Failed to precompile MATLABDiffEq [e2752cbe-bcf4-5895-8727-84ebc14a76bd] to /root/.julia/compiled/v1.2/MATLABDiffEq/LQI97.ji.
Stacktrace:
 [1] error(::String) at ./error.jl:33
 [2] compilecache(::Base.PkgId, ::String) at ./loading.jl:1253
 [3] _require(::Base.PkgId) at ./loading.jl:1013
 [4] require(::Base.PkgId) at ./loading.jl:911
 [5] require(::Module, ::Symbol) at ./loading.jl:906
 [6] include at ./boot.jl:328 [inlined]
 [7] include_relative(::Module, ::String) at ./loading.jl:1094
 [8] include(::Module, ::String) at ./Base.jl:31
 [9] include(::String) at ./client.jl:431
 [10] top-level scope at none:5
in expression starting at /root/.julia/packages/MATLABDiffEq/DbLqs/test/runtests.jl:1
ERROR: Package MATLABDiffEq errored during testing
Stacktrace:
 [1] pkgerror(::String, ::Vararg{String,N} where N) at /buildworker/worker/package_linux64/build/usr/share/julia/stdlib/v1.2/Pkg/src/Types.jl:112
 [2] #test#119(::Bool, ::Nothing, ::typeof(Pkg.Operations.test), ::Pkg.Types.Context, ::Array{Pkg.Types.PackageSpec,1}) at /buildworker/worker/package_linux64/build/usr/share/julia/stdlib/v1.2/Pkg/src/Operations.jl:1288
 [3] #test at ./none:0 [inlined]
 [4] #test#62(::Bool, ::Nothing, ::Base.Iterators.Pairs{Union{},Union{},Tuple{},NamedTuple{(),Tuple{}}}, ::typeof(Pkg.API.test), ::Pkg.Types.Context, ::Array{Pkg.Types.PackageSpec,1}) at /buildworker/worker/package_linux64/build/usr/share/julia/stdlib/v1.2/Pkg/src/API.jl:245
 [5] test at /buildworker/worker/package_linux64/build/usr/share/julia/stdlib/v1.2/Pkg/src/API.jl:233 [inlined]
 [6] #test#61 at /buildworker/worker/package_linux64/build/usr/share/julia/stdlib/v1.2/Pkg/src/API.jl:230 [inlined]
 [7] test at /buildworker/worker/package_linux64/build/usr/share/julia/stdlib/v1.2/Pkg/src/API.jl:230 [inlined]
 [8] #test#60 at /buildworker/worker/package_linux64/build/usr/share/julia/stdlib/v1.2/Pkg/src/API.jl:229 [inlined]
 [9] test at /buildworker/worker/package_linux64/build/usr/share/julia/stdlib/v1.2/Pkg/src/API.jl:229 [inlined]
 [10] #test#59(::Base.Iterators.Pairs{Union{},Union{},Tuple{},NamedTuple{(),Tuple{}}}, ::typeof(Pkg.API.test), ::String) at /buildworker/worker/package_linux64/build/usr/share/julia/stdlib/v1.2/Pkg/src/API.jl:228
 [11] test(::String) at /buildworker/worker/package_linux64/build/usr/share/julia/stdlib/v1.2/Pkg/src/API.jl:228
 [12] top-level scope at none:10
