 Resolving package versions...
 Installed URIParser ──────── v0.4.0
 Installed TimerOutputs ───── v0.5.3
 Installed Compat ─────────── v2.2.0
 Installed BinDeps ────────── v0.8.10
 Installed AutoGrad ───────── v1.2.0
 Installed SpecialFunctions ─ v0.8.0
 Installed BinaryProvider ─── v0.5.8
  Updating `~/.julia/environments/v1.2/Project.toml`
  [6710c13c] + AutoGrad v1.2.0
  Updating `~/.julia/environments/v1.2/Manifest.toml`
  [6710c13c] + AutoGrad v1.2.0
  [9e28174c] + BinDeps v0.8.10
  [b99e7846] + BinaryProvider v0.5.8
  [34da2185] + Compat v2.2.0
  [276daf66] + SpecialFunctions v0.8.0
  [a759f4b9] + TimerOutputs v0.5.3
  [30578b45] + URIParser v0.4.0
  [2a0f44e3] + Base64 
  [ade2ca70] + Dates 
  [8bb1440f] + DelimitedFiles 
  [8ba89e20] + Distributed 
  [b77e0a4c] + InteractiveUtils 
  [76f85450] + LibGit2 
  [8f399da3] + Libdl 
  [37e2e46d] + LinearAlgebra 
  [56ddb016] + Logging 
  [d6f4376e] + Markdown 
  [a63ad114] + Mmap 
  [44cfe95a] + Pkg 
  [de0858da] + Printf 
  [3fa0cd96] + REPL 
  [9a3f8284] + Random 
  [ea8e919c] + SHA 
  [9e88b42a] + Serialization 
  [1a1011a3] + SharedArrays 
  [6462fe0b] + Sockets 
  [2f01184e] + SparseArrays 
  [10745b16] + Statistics 
  [8dfed614] + Test 
  [cf7118a7] + UUIDs 
  [4ec0a83e] + Unicode 
  Building SpecialFunctions → `~/.julia/packages/SpecialFunctions/ne2iw/deps/build.log`
   Testing AutoGrad
 Resolving package versions...
    Status `/tmp/jl_8w3EWS/Manifest.toml`
  [6710c13c] AutoGrad v1.2.0
  [9e28174c] BinDeps v0.8.10
  [b99e7846] BinaryProvider v0.5.8
  [34da2185] Compat v2.2.0
  [276daf66] SpecialFunctions v0.8.0
  [a759f4b9] TimerOutputs v0.5.3
  [30578b45] URIParser v0.4.0
  [2a0f44e3] Base64  [`@stdlib/Base64`]
  [ade2ca70] Dates  [`@stdlib/Dates`]
  [8bb1440f] DelimitedFiles  [`@stdlib/DelimitedFiles`]
  [8ba89e20] Distributed  [`@stdlib/Distributed`]
  [b77e0a4c] InteractiveUtils  [`@stdlib/InteractiveUtils`]
  [76f85450] LibGit2  [`@stdlib/LibGit2`]
  [8f399da3] Libdl  [`@stdlib/Libdl`]
  [37e2e46d] LinearAlgebra  [`@stdlib/LinearAlgebra`]
  [56ddb016] Logging  [`@stdlib/Logging`]
  [d6f4376e] Markdown  [`@stdlib/Markdown`]
  [a63ad114] Mmap  [`@stdlib/Mmap`]
  [44cfe95a] Pkg  [`@stdlib/Pkg`]
  [de0858da] Printf  [`@stdlib/Printf`]
  [3fa0cd96] REPL  [`@stdlib/REPL`]
  [9a3f8284] Random  [`@stdlib/Random`]
  [ea8e919c] SHA  [`@stdlib/SHA`]
  [9e88b42a] Serialization  [`@stdlib/Serialization`]
  [1a1011a3] SharedArrays  [`@stdlib/SharedArrays`]
  [6462fe0b] Sockets  [`@stdlib/Sockets`]
  [2f01184e] SparseArrays  [`@stdlib/SparseArrays`]
  [10745b16] Statistics  [`@stdlib/Statistics`]
  [8dfed614] Test  [`@stdlib/Test`]
  [cf7118a7] UUIDs  [`@stdlib/UUIDs`]
  [4ec0a83e] Unicode  [`@stdlib/Unicode`]
115.122536 seconds (109.78 M allocations: 5.692 GiB, 3.96% gc time)
 22.876412 seconds (21.08 M allocations: 1.261 GiB, 4.21% gc time)
┌ Warning: Output independent of params
└ @ AutoGrad ~/.julia/packages/AutoGrad/pTNVv/test/gradcheck.jl:159
(pa, xi, f0, nd, ad) = ("2-element Array{Float64,1}", 0.13430023756127, Inf, NaN, 0)
 23.875946 seconds (24.19 M allocations: 1.332 GiB, 4.99% gc time)
109.818866 seconds (97.51 M allocations: 5.383 GiB, 4.43% gc time)
 66.847592 seconds (42.57 M allocations: 2.614 GiB, 3.14% gc time)
 18.127813 seconds (14.82 M allocations: 1.028 GiB, 4.96% gc time)
 29.983454 seconds (25.74 M allocations: 1.650 GiB, 5.66% gc time)
175.949739 seconds (163.38 M allocations: 10.621 GiB, 6.61% gc time)
 16.423883 seconds (12.64 M allocations: 845.898 MiB, 6.23% gc time)
  3.626745 seconds (2.57 M allocations: 105.100 MiB, 14.05% gc time)
 12.705914 seconds (9.41 M allocations: 611.034 MiB, 8.99% gc time)
  0.933853 seconds (845.96 k allocations: 44.987 MiB)
 60.184488 seconds (52.42 M allocations: 3.570 GiB, 7.43% gc time)
 39.144692 seconds (30.32 M allocations: 2.314 GiB, 7.64% gc time)
Test Summary: | Pass  Broken  Total
AutoGrad      |  564      15    579
   Testing AutoGrad tests passed 
