 Resolving package versions...
 Installed IniFile â”€â”€â”€â”€â”€â”€â”€â”€ v0.5.0
 Installed MbedTLS â”€â”€â”€â”€â”€â”€â”€â”€ v0.7.0
 Installed HTTP â”€â”€â”€â”€â”€â”€â”€â”€â”€â”€â”€ v0.8.8
 Installed BinaryProvider â”€ v0.5.8
  Updating `~/.julia/environments/v1.2/Project.toml`
  [cd3eb016] + HTTP v0.8.8
  Updating `~/.julia/environments/v1.2/Manifest.toml`
  [b99e7846] + BinaryProvider v0.5.8
  [cd3eb016] + HTTP v0.8.8
  [83e8ac13] + IniFile v0.5.0
  [739be429] + MbedTLS v0.7.0
  [2a0f44e3] + Base64 
  [ade2ca70] + Dates 
  [8ba89e20] + Distributed 
  [b77e0a4c] + InteractiveUtils 
  [8f399da3] + Libdl 
  [56ddb016] + Logging 
  [d6f4376e] + Markdown 
  [de0858da] + Printf 
  [9a3f8284] + Random 
  [ea8e919c] + SHA 
  [9e88b42a] + Serialization 
  [6462fe0b] + Sockets 
  [8dfed614] + Test 
  [4ec0a83e] + Unicode 
  Building MbedTLS â†’ `~/.julia/packages/MbedTLS/a1JFn/deps/build.log`
   Testing HTTP
 Resolving package versions...
 Installed BufferedStreams â”€â”€ v1.0.0
 Installed JSON â”€â”€â”€â”€â”€â”€â”€â”€â”€â”€â”€â”€â”€ v0.21.0
 Installed ConstructionBase â”€ v1.0.0
 Installed Compat â”€â”€â”€â”€â”€â”€â”€â”€â”€â”€â”€ v2.2.0
 Installed Parsers â”€â”€â”€â”€â”€â”€â”€â”€â”€â”€ v0.3.10
 Installed Unitful â”€â”€â”€â”€â”€â”€â”€â”€â”€â”€ v0.18.0
    Status `/tmp/jl_u38rbA/Manifest.toml`
  [b99e7846] BinaryProvider v0.5.8
  [e1450e63] BufferedStreams v1.0.0
  [34da2185] Compat v2.2.0
  [187b0558] ConstructionBase v1.0.0
  [cd3eb016] HTTP v0.8.8
  [83e8ac13] IniFile v0.5.0
  [682c06a0] JSON v0.21.0
  [739be429] MbedTLS v0.7.0
  [69de0a69] Parsers v0.3.10
  [1986cc42] Unitful v0.18.0
  [2a0f44e3] Base64  [`@stdlib/Base64`]
  [ade2ca70] Dates  [`@stdlib/Dates`]
  [8bb1440f] DelimitedFiles  [`@stdlib/DelimitedFiles`]
  [8ba89e20] Distributed  [`@stdlib/Distributed`]
  [b77e0a4c] InteractiveUtils  [`@stdlib/InteractiveUtils`]
  [76f85450] LibGit2  [`@stdlib/LibGit2`]
  [8f399da3] Libdl  [`@stdlib/Libdl`]
  [37e2e46d] LinearAlgebra  [`@stdlib/LinearAlgebra`]
  [56ddb016] Logging  [`@stdlib/Logging`]
  [d6f4376e] Markdown  [`@stdlib/Markdown`]
  [a63ad114] Mmap  [`@stdlib/Mmap`]
  [44cfe95a] Pkg  [`@stdlib/Pkg`]
  [de0858da] Printf  [`@stdlib/Printf`]
  [3fa0cd96] REPL  [`@stdlib/REPL`]
  [9a3f8284] Random  [`@stdlib/Random`]
  [ea8e919c] SHA  [`@stdlib/SHA`]
  [9e88b42a] Serialization  [`@stdlib/Serialization`]
  [1a1011a3] SharedArrays  [`@stdlib/SharedArrays`]
  [6462fe0b] Sockets  [`@stdlib/Sockets`]
  [2f01184e] SparseArrays  [`@stdlib/SparseArrays`]
  [10745b16] Statistics  [`@stdlib/Statistics`]
  [8dfed614] Test  [`@stdlib/Test`]
  [cf7118a7] UUIDs  [`@stdlib/UUIDs`]
  [4ec0a83e] Unicode  [`@stdlib/Unicode`]
Running ascii.jl tests...
Running chunking.jl tests...
Running utils.jl tests...
Running client.jl tests...
client transfer-encoding chunked
client transfer-encoding chunked
Running multipart.jl tests...
Running sniff.jl tests...
Running uri.jl tests...
Running url.jl tests...
Running cookies.jl tests...
Running parser.jl tests...
WARNING: using Messages.status in module Main conflicts with an existing identifier.
Running loopback.jl tests...
ðŸ“¡  GET /echo HTTP/1.1
ðŸ“¡  GET /echo HTTP/1.1
ðŸ“¡  GET /echo HTTP/1.1
ðŸ“¡  GET /echo HTTP/1.1
ðŸ“¡  GET /delay10 HTTP/1.1
ðŸ“¡  PUT /delay10 HTTP/1.1
ðŸ“¡  PUT /abort HTTP/1.1
ðŸ“¡  GET /echo HTTP/1.1
ðŸ“¡  GET /abort HTTP/1.1
ðŸ“¡  GET /delay1 HTTP/1.1
ðŸ“¡  GET /delay2 HTTP/1.1
ðŸ“¡  GET /delay3 HTTP/1.1
ðŸ“¡  GET /delay4 HTTP/1.1
ðŸ“¡  GET /delay5 HTTP/1.1
t = 3.0785789489746094
ðŸ“¡  GET /delay1 HTTP/1.1
ðŸ“¡  GET /delay2 HTTP/1.1
ðŸ“¡  GET /delay3 HTTP/1.1
ðŸ“¡  GET /delay4 HTTP/1.1
ðŸ“¡  GET /delay5 HTTP/1.1
ðŸ“¡  GET /delay1 HTTP/1.1
ðŸ“¡  GET /delay2 HTTP/1.1
ðŸ“¡  GET /delay3 HTTP/1.1
ðŸ“¡  GET /delay4 HTTP/1.1
ðŸ“¡  GET /delay5 HTTP/1.1
ðŸ“¡  GET /delay1 HTTP/1.1
ðŸ“¡  GET /delay2 HTTP/1.1
ðŸ“¡  GET /delay3 HTTP/1.1
ðŸ“¡  GET /delay4 HTTP/1.1
ðŸ“¡  GET /delay5 HTTP/1.1
t = 0.6555500030517578
ðŸ“¡  GET /delay1 HTTP/1.1
ðŸ“¡  GET /delay2 HTTP/1.1
ðŸ“¡  GET /delay3 HTTP/1.1
ðŸ“¡  GET /delay4 HTTP/1.1
ðŸ“¡  GET /delay5 HTTP/1.1
t = 0.7271881103515625
ðŸ“¡  POST /delay1 HTTP/1.1
ðŸ“¡  GET /delay2 HTTP/1.1
ðŸ“¡  GET /delay3 HTTP/1.1
ðŸ“¡  GET /delay4 HTTP/1.1
ðŸ“¡  GET /delay5 HTTP/1.1
ðŸ“¡  GET /delay1 HTTP/1.1
ðŸ“¡  GET /delay2 HTTP/1.1
ðŸ“¡  POST /delay3 HTTP/1.1
ðŸ“¡  GET /delay4 HTTP/1.1
ðŸ“¡  GET /delay5 HTTP/1.1
Running websockets.jl tests...
Running messages.jl tests...
GET /ip HTTP/1.1
HTTP/1.1 200 OK <= (GET /ip HTTP/1.1)
HEAD /ip HTTP/1.1
HTTP/1.1 200 OK <= (HEAD /ip HTTP/1.1)
OPTIONS /ip HTTP/1.1
HTTP/1.1 200 OK <= (OPTIONS /ip HTTP/1.1)
GET /ip HTTP/1.1
HTTP/1.1 200 OK <= (GET /ip HTTP/1.1)
HEAD /ip HTTP/1.1
HTTP/1.1 200 OK <= (HEAD /ip HTTP/1.1)
OPTIONS /ip HTTP/1.1
HTTP/1.1 200 OK <= (OPTIONS /ip HTTP/1.1)
POST /post HTTP/1.1
HTTP/1.1 200 OK <= (POST /post HTTP/1.1)
POST /post HTTP/1.1
HTTP/1.1 200 OK <= (POST /post HTTP/1.1)
PUT /put HTTP/1.1
HTTP/1.1 200 OK <= (PUT /put HTTP/1.1)
PUT /put HTTP/1.1
HTTP/1.1 200 OK <= (PUT /put HTTP/1.1)
DELETE /delete HTTP/1.1
HTTP/1.1 200 OK <= (DELETE /delete HTTP/1.1)
DELETE /delete HTTP/1.1
HTTP/1.1 200 OK <= (DELETE /delete HTTP/1.1)
PATCH /patch HTTP/1.1
HTTP/1.1 200 OK <= (PATCH /patch HTTP/1.1)
PATCH /patch HTTP/1.1
HTTP/1.1 200 OK <= (PATCH /patch HTTP/1.1)
POST /post HTTP/1.1
HTTP/1.1 200 OK <= (POST /post HTTP/1.1)
POST /post HTTP/1.1
HTTP/1.1 200 OK <= (POST /post HTTP/1.1)
PUT /put HTTP/1.1
HTTP/1.1 200 OK <= (PUT /put HTTP/1.1)
PUT /put HTTP/1.1
HTTP/1.1 200 OK <= (PUT /put HTTP/1.1)
DELETE /delete HTTP/1.1
HTTP/1.1 200 OK <= (DELETE /delete HTTP/1.1)
DELETE /delete HTTP/1.1
HTTP/1.1 200 OK <= (DELETE /delete HTTP/1.1)
PATCH /patch HTTP/1.1
HTTP/1.1 200 OK <= (PATCH /patch HTTP/1.1)
PATCH /patch HTTP/1.1
HTTP/1.1 200 OK <= (PATCH /patch HTTP/1.1)
POST /post HTTP/1.1
HTTP/1.1 200 OK <= (POST /post HTTP/1.1)
POST /post HTTP/1.1
HTTP/1.1 200 OK <= (POST /post HTTP/1.1)
PUT /put HTTP/1.1
HTTP/1.1 200 OK <= (PUT /put HTTP/1.1)
POST /post HTTP/1.1
HTTP/1.1 200 OK <= (POST /post HTTP/1.1)
DELETE /delete HTTP/1.1
HTTP/1.1 200 OK <= (DELETE /delete HTTP/1.1)
POST /post HTTP/1.1
HTTP/1.1 200 OK <= (POST /post HTTP/1.1)
PATCH /patch HTTP/1.1
HTTP/1.1 200 OK <= (PATCH /patch HTTP/1.1)
POST /post HTTP/1.1
HTTP/1.1 200 OK <= (POST /post HTTP/1.1)
POST /post HTTP/1.1
HTTP/1.1 200 OK <= (POST /post HTTP/1.1)
POST /post HTTP/1.1
HTTP/1.1 200 OK <= (POST /post HTTP/1.1)
PUT /put HTTP/1.1
HTTP/1.1 200 OK <= (PUT /put HTTP/1.1)
POST /post HTTP/1.1
HTTP/1.1 200 OK <= (POST /post HTTP/1.1)
DELETE /delete HTTP/1.1
HTTP/1.1 200 OK <= (DELETE /delete HTTP/1.1)
POST /post HTTP/1.1
HTTP/1.1 200 OK <= (POST /post HTTP/1.1)
PATCH /patch HTTP/1.1
HTTP/1.1 200 OK <= (PATCH /patch HTTP/1.1)
POST /post HTTP/1.1
HTTP/1.1 200 OK <= (POST /post HTTP/1.1)
GET /stream/50 HTTP/1.1
HTTP/1.1 200 OK <= (GET /stream/50 HTTP/1.1)
Running handlers.jl tests...
Running server.jl tests...
length(x) = 100018
client:
HTTP/1.1 200 OK
Transfer-Encoding: chunked

f
Body of Request
0


client = "HTTP/1.1 200 OK\r\n\r\nHello"
Testing server port reuse
Starting second server listening on same port
Starting server on same port without port reuse (throws error)
Running async.jl tests...
ConnectionPool[
   ðŸ”    3â†‘ðŸ”’    2â†“ðŸ”’   0s httpbin.org:80:36432 â‰£16
   â¸    3â†‘ðŸ”’    3â†“    0s httpbin.org:80:40858 â‰£16
   ðŸ”    4â†‘     3â†“ðŸ”’   0s httpbin.org:80:40860 â‰£16
   ðŸ”    3â†‘     2â†“ðŸ”’   0s httpbin.org:80:40862 â‰£16
   ðŸ”    3â†‘     2â†“ðŸ”’   0s httpbin.org:80:36442 â‰£16
   ðŸ”    2â†‘     1â†“ðŸ”’   0s httpbin.org:80:40868 â‰£16
   ðŸ”    2â†‘     1â†“ðŸ”’   0s httpbin.org:80:36448 â‰£16
   ðŸ”    1â†‘     0â†“ðŸ”’   0s httpbin.org:80:40874 â‰£16
]

ConnectionPool[
   â¸    7â†‘ðŸ”’    7â†“    0s httpbin.org:443:47386 â‰£16
   â¸    6â†‘ðŸ”’    6â†“    0s httpbin.org:443:39578 â‰£16
   ðŸ”    6â†‘     5â†“ðŸ”’   0s httpbin.org:443:47396 â‰£16
   ðŸ”    5â†‘     4â†“ðŸ”’   0s httpbin.org:443:47402 â‰£16
   ðŸ”    4â†‘     3â†“ðŸ”’   0s httpbin.org:443:47406 â‰£16
   ðŸ”    3â†‘     2â†“ðŸ”’   0s httpbin.org:443:39598 â‰£16
   ðŸ”    2â†‘     1â†“ðŸ”’   0s httpbin.org:443:47414 â‰£16
   ðŸ”    1â†‘     0â†“ðŸ”’   0s httpbin.org:443:39604 â‰£16
]

ConnectionPool[
   ðŸ”   14â†‘    14â†“    1s httpbin.org:80:36498 â‰£16
   ðŸ”   14â†‘     8â†“ðŸ”’   1s httpbin.org:80:40924 â‰£16
   ðŸ”   13â†‘    13â†“    1s httpbin.org:80:36504 â‰£16
   ðŸ”   12â†‘    12â†“    1s httpbin.org:80:36506 â‰£16
   ðŸ”   12â†‘    12â†“    1s httpbin.org:80:36508 â‰£16
   ðŸ”   12â†‘    12â†“    1s httpbin.org:80:36510 â‰£16
   ðŸ”   12â†‘    12â†“    1s httpbin.org:80:36512 â‰£16
   ðŸ”   11â†‘    11â†“    1s httpbin.org:80:36514 â‰£16
]

ConnectionPool[
   ðŸ”   14â†‘    14â†“    2s httpbin.org:80:36498 â‰£16
   ðŸ”   14â†‘     8â†“ðŸ”’   2s httpbin.org:80:40924 â‰£16
   ðŸ”   13â†‘    13â†“    2s httpbin.org:80:36504 â‰£16
   ðŸ”   12â†‘    12â†“    2s httpbin.org:80:36506 â‰£16
   ðŸ”   12â†‘    12â†“    2s httpbin.org:80:36508 â‰£16
   ðŸ”   12â†‘    12â†“    2s httpbin.org:80:36510 â‰£16
   ðŸ”   12â†‘    12â†“    2s httpbin.org:80:36512 â‰£16
   ðŸ”   11â†‘    11â†“    2s httpbin.org:80:36514 â‰£16
]

ConnectionPool[
   ðŸ”   14â†‘    14â†“    3s httpbin.org:80:36498 â‰£16
   ðŸ”   14â†‘     8â†“ðŸ”’   3s httpbin.org:80:40924 â‰£16
   ðŸ”   13â†‘    13â†“    3s httpbin.org:80:36504 â‰£16
   ðŸ”   12â†‘    12â†“    3s httpbin.org:80:36506 â‰£16
   ðŸ”   12â†‘    12â†“    3s httpbin.org:80:36508 â‰£16
   ðŸ”   12â†‘    12â†“    3s httpbin.org:80:36510 â‰£16
   ðŸ”   12â†‘    12â†“    3s httpbin.org:80:36512 â‰£16
   ðŸ”   11â†‘    11â†“    3s httpbin.org:80:36514 â‰£16
]

ConnectionPool[
   ðŸ”   14â†‘    14â†“    4s httpbin.org:80:36498 â‰£16
   ðŸ”   14â†‘     8â†“ðŸ”’   4s httpbin.org:80:40924 â‰£16
   ðŸ”   13â†‘    13â†“    4s httpbin.org:80:36504 â‰£16
   ðŸ”   12â†‘    12â†“    4s httpbin.org:80:36506 â‰£16
   ðŸ”   12â†‘    12â†“    4s httpbin.org:80:36508 â‰£16
   ðŸ”   12â†‘    12â†“    4s httpbin.org:80:36510 â‰£16
   ðŸ”   12â†‘    12â†“    4s httpbin.org:80:36512 â‰£16
   ðŸ”   11â†‘    11â†“    4s httpbin.org:80:36514 â‰£16
]

ConnectionPool[
   ðŸ”   14â†‘    14â†“    5s httpbin.org:80:36498 â‰£16
   ðŸ”   14â†‘     8â†“ðŸ”’   5s httpbin.org:80:40924 â‰£16
   ðŸ”   13â†‘    13â†“    5s httpbin.org:80:36504 â‰£16
   ðŸ”   12â†‘    12â†“    5s httpbin.org:80:36506 â‰£16
   ðŸ”   12â†‘    12â†“    5s httpbin.org:80:36508 â‰£16
   ðŸ”   12â†‘    12â†“    5s httpbin.org:80:36510 â‰£16
   ðŸ”   12â†‘    12â†“    5s httpbin.org:80:36512 â‰£16
   ðŸ”   11â†‘    11â†“    5s httpbin.org:80:36514 â‰£16
]

ConnectionPool[
   ðŸ”   14â†‘    14â†“    6s httpbin.org:80:36498 â‰£16
   ðŸ”   14â†‘     8â†“ðŸ”’   6s httpbin.org:80:40924 â‰£16
   ðŸ”   13â†‘    13â†“    6s httpbin.org:80:36504 â‰£16
   ðŸ”   12â†‘    12â†“    6s httpbin.org:80:36506 â‰£16
   ðŸ”   12â†‘    12â†“    6s httpbin.org:80:36508 â‰£16
   ðŸ”   12â†‘    12â†“    6s httpbin.org:80:36510 â‰£16
   ðŸ”   12â†‘    12â†“    6s httpbin.org:80:36512 â‰£16
   ðŸ”   11â†‘    11â†“    6s httpbin.org:80:36514 â‰£16
]

ConnectionPool[
   â¸    3â†‘ðŸ”’    3â†“    0s httpbin.org:443:47518 â‰£16
   â¸    6â†‘ðŸ”’    6â†“    0s httpbin.org:443:47520 â‰£16
   ðŸ”    6â†‘     5â†“ðŸ”’   0s httpbin.org:443:47522 â‰£16
   ðŸ”    5â†‘     4â†“ðŸ”’   0s httpbin.org:443:47524 â‰£16
   ðŸ”    2â†‘     1â†“ðŸ”’   0s httpbin.org:443:47526 â‰£16
   ðŸ”    3â†‘     2â†“ðŸ”’   0s httpbin.org:443:47528 â‰£16
   ðŸ”    2â†‘     1â†“ðŸ”’   0s httpbin.org:443:39716 â‰£16
   ðŸ”    1â†‘     0â†“ðŸ”’   0s httpbin.org:443:47534 â‰£16
]

ConnectionPool[
   ðŸ”    7â†‘ðŸ”’    6â†“ðŸ”’   0s httpbin.org:443:47556 â‰£16
   ðŸ”    6â†‘ðŸ”’    5â†“ðŸ”’   0s httpbin.org:443:47560 â‰£16
   ðŸ”    6â†‘     5â†“ðŸ”’   0s httpbin.org:443:47562 â‰£16
   ðŸ”    5â†‘     4â†“ðŸ”’   0s httpbin.org:443:39750 â‰£16
   ðŸ”    4â†‘     3â†“ðŸ”’   0s httpbin.org:443:47566 â‰£16
   ðŸ”    2â†‘     0â†“ðŸ”’   0s httpbin.org:443:47568 â‰£16
   ðŸ”    2â†‘     1â†“ðŸ”’   0s httpbin.org:443:39756 â‰£16
   ðŸ”    1â†‘     0â†“ðŸ”’   0s httpbin.org:443:47572 â‰£16
]

ConnectionPool[
   ðŸ”    2â†‘ðŸ”’    2â†“ðŸ”’   0s httpbin.org:80:41078 â‰£16
   ðŸ”    2â†‘ðŸ”’    2â†“ðŸ”’   0s httpbin.org:80:36656 â‰£16
   ðŸ”    0â†‘ðŸ”’    0â†“ðŸ”’   0s httpbin.org:80:36658 â‰£16
   ðŸ”    1â†‘ðŸ”’    1â†“ðŸ”’   0s httpbin.org:80:41084 â‰£16
   ðŸ”    1â†‘ðŸ”’    1â†“ðŸ”’   0s httpbin.org:80:36662 â‰£16
   ðŸ”    1â†‘ðŸ”’    1â†“ðŸ”’   0s httpbin.org:80:41088 â‰£16
   ðŸ”    1â†‘     1â†“    0s httpbin.org:80:36666 â‰£16
   ðŸ”    0â†‘ðŸ”’    0â†“ðŸ”’   0s httpbin.org:80:36668 â‰£16
]

ConnectionPool[
   ðŸ”   14â†‘    14â†“    0s httpbin.org:80:41078 â‰£16
   ðŸ”   14â†‘    14â†“    0s httpbin.org:80:36656 â‰£16
   ðŸ”   13â†‘ðŸ”’   13â†“ðŸ”’   0s httpbin.org:80:36658 â‰£16
   ðŸ”   13â†‘    13â†“    0s httpbin.org:80:41084 â‰£16
   ðŸ”   13â†‘    13â†“    0s httpbin.org:80:36662 â‰£16
   ðŸ”    9â†‘     9â†“    0s httpbin.org:80:41088 â‰£16
   ðŸ”   12â†‘    12â†“    0s httpbin.org:80:36666 â‰£16
   ðŸ”   11â†‘    11â†“    0s httpbin.org:80:36668 â‰£16
]

ConnectionPool[
   â¸    7â†‘ðŸ”’    7â†“    0s httpbin.org:443:39784 â‰£16
   ðŸ”    6â†‘ðŸ”’    6â†“ðŸ”’   0s httpbin.org:443:47600 â‰£16
   ðŸ”    5â†‘ðŸ”’    5â†“ðŸ”’   0s httpbin.org:443:39788 â‰£16
   ðŸ”    4â†‘ðŸ”’    4â†“ðŸ”’   0s httpbin.org:443:47620 â‰£16
   ðŸ”    2â†‘ðŸ”’    2â†“ðŸ”’   0s httpbin.org:443:47634 â‰£16
   ðŸ”    1â†‘ðŸ”’    1â†“ðŸ”’   0s httpbin.org:443:47644 â‰£16
   ðŸ”    1â†‘ðŸ”’    1â†“ðŸ”’   0s httpbin.org:443:47656 â‰£16
   ðŸ”    0â†‘ðŸ”’    0â†“ðŸ”’   0s httpbin.org:443:39856 â‰£16
]

ConnectionPool[
   â¸   14â†‘    14â†“    0s httpbin.org:443:39784 â‰£16
   â¸   16â†‘    16â†“    0s httpbin.org:443:47600 â‰£16
   â¸   17â†‘    17â†“    0s httpbin.org:443:39788 â‰£16
   â¸   16â†‘    16â†“    0s httpbin.org:443:47620 â‰£16
   ðŸ”   11â†‘ðŸ”’   11â†“ðŸ”’   0s httpbin.org:443:47634 â‰£16
   â¸    7â†‘     7â†“    0s httpbin.org:443:47644 â‰£16
   â¸    9â†‘     9â†“    0s httpbin.org:443:47656 â‰£16
   â¸    9â†‘     9â†“    0s httpbin.org:443:39856 â‰£16
]

ConnectionPool[
   ðŸ”    2â†‘ðŸ”’    2â†“ðŸ”’   0s httpbin.org:80:41288 â‰£16
   ðŸ”    2â†‘ðŸ”’    2â†“ðŸ”’   0s httpbin.org:80:41290 â‰£16
   ðŸ”    2â†‘ðŸ”’    2â†“ðŸ”’   0s httpbin.org:80:36870 â‰£16
   ðŸ”    1â†‘ðŸ”’    1â†“ðŸ”’   0s httpbin.org:80:36872 â‰£16
   ðŸ”    1â†‘ðŸ”’    1â†“ðŸ”’   0s httpbin.org:80:36880 â‰£16
   ðŸ”    1â†‘ðŸ”’    1â†“ðŸ”’   0s httpbin.org:80:36882 â‰£16
   ðŸ”    1â†‘ðŸ”’    1â†“ðŸ”’   0s httpbin.org:80:41312 â‰£16
   ðŸ”    0â†‘ðŸ”’    0â†“ðŸ”’   0s httpbin.org:80:36890 â‰£16
]

ConnectionPool[
   â¸    7â†‘ðŸ”’    7â†“    0s httpbin.org:443:47848 â‰£16
   ðŸ”    6â†‘ðŸ”’    6â†“ðŸ”’   0s httpbin.org:443:47850 â‰£16
   ðŸ”    5â†‘ðŸ”’    5â†“ðŸ”’   0s httpbin.org:443:47852 â‰£16
   ðŸ”    4â†‘ðŸ”’    4â†“ðŸ”’   0s httpbin.org:443:47854 â‰£16
   ðŸ”    3â†‘ðŸ”’    3â†“ðŸ”’   0s httpbin.org:443:47856 â‰£16
   ðŸ”    2â†‘ðŸ”’    2â†“ðŸ”’   0s httpbin.org:443:40044 â‰£16
   ðŸ”    1â†‘ðŸ”’    1â†“ðŸ”’   0s httpbin.org:443:47860 â‰£16
   ðŸ”    0â†‘ðŸ”’    0â†“ðŸ”’   0s httpbin.org:443:47862 â‰£16
]

ConnectionPool[
   ðŸ”    4â†‘ðŸ”’    4â†“ðŸ”’   0s httpbin.org:80:41360 â‰£16
   ðŸ”    3â†‘ðŸ”’    3â†“ðŸ”’   0s httpbin.org:80:36938 â‰£16
   ðŸ”    3â†‘ðŸ”’    3â†“ðŸ”’   0s httpbin.org:80:36940 â‰£16
   ðŸ”    3â†‘ðŸ”’    3â†“ðŸ”’   0s httpbin.org:80:36942 â‰£16
   ðŸ”    3â†‘ðŸ”’    3â†“ðŸ”’   0s httpbin.org:80:36944 â‰£16
   ðŸ”    1â†‘ðŸ”’    1â†“ðŸ”’   0s httpbin.org:80:36946 â‰£16
   ðŸ”    2â†‘ðŸ”’    2â†“ðŸ”’   0s httpbin.org:80:36948 â‰£16
   ðŸ”    2â†‘ðŸ”’    2â†“ðŸ”’   0s httpbin.org:80:41374 â‰£16
]

ConnectionPool[
   â¸    7â†‘ðŸ”’    7â†“    0s httpbin.org:443:47880 â‰£16
   ðŸ”    6â†‘ðŸ”’    6â†“ðŸ”’   0s httpbin.org:443:47882 â‰£16
   ðŸ”    5â†‘ðŸ”’    5â†“ðŸ”’   0s httpbin.org:443:47886 â‰£16
   ðŸ”    4â†‘ðŸ”’    4â†“ðŸ”’   0s httpbin.org:443:40074 â‰£16
   ðŸ”    3â†‘ðŸ”’    3â†“ðŸ”’   0s httpbin.org:443:47892 â‰£16
   ðŸ”    2â†‘ðŸ”’    2â†“ðŸ”’   0s httpbin.org:443:47894 â‰£16
   ðŸ”    1â†‘ðŸ”’    1â†“ðŸ”’   0s httpbin.org:443:47896 â‰£16
   ðŸ”    0â†‘ðŸ”’    0â†“ðŸ”’   0s httpbin.org:443:47898 â‰£16
]

ConnectionPool[
   ðŸ”    3â†‘ðŸ”’    2â†“ðŸ”’   0s httpbin.org:80:36976 â‰£16
   ðŸ”    3â†‘ðŸ”’    2â†“ðŸ”’   0s httpbin.org:80:36978 â‰£16
   ðŸ”    3â†‘     2â†“ðŸ”’   0s httpbin.org:80:36980 â‰£16
   ðŸ”    3â†‘     1â†“ðŸ”’   0s httpbin.org:80:36982 â‰£16
   ðŸ”    3â†‘     1â†“ðŸ”’   0s httpbin.org:80:36984 â‰£16
   ðŸ”    2â†‘     1â†“ðŸ”’   0s httpbin.org:80:36986 â‰£16
   ðŸ”    2â†‘     0â†“ðŸ”’   0s httpbin.org:80:41412 â‰£16
   ðŸ”    1â†‘     0â†“ðŸ”’   0s httpbin.org:80:36990 â‰£16
]

ConnectionPool[
   ðŸ”    7â†‘ðŸ”’    6â†“ðŸ”’   0s httpbin.org:443:47920 â‰£16
   â¸    6â†‘ðŸ”’    6â†“    0s httpbin.org:443:47922 â‰£16
   ðŸ”    6â†‘     4â†“ðŸ”’   0s httpbin.org:443:40110 â‰£16
   ðŸ”    4â†‘     3â†“ðŸ”’   0s httpbin.org:443:47926 â‰£16
   ðŸ”    4â†‘     3â†“ðŸ”’   0s httpbin.org:443:47928 â‰£16
   ðŸ”    3â†‘     2â†“ðŸ”’   0s httpbin.org:443:47932 â‰£16
   ðŸ”    2â†‘     0â†“ðŸ”’   0s httpbin.org:443:47936 â‰£16
   ðŸ”    1â†‘     0â†“ðŸ”’   0s httpbin.org:443:47954 â‰£16
]

ConnectionPool[
   ðŸ”   14â†‘     4â†“ðŸ”’   0s httpbin.org:80:37048 â‰£16
   ðŸ”   14â†‘     3â†“ðŸ”’   0s httpbin.org:80:37050 â‰£16
   ðŸ”   13â†‘     3â†“ðŸ”’   0s httpbin.org:80:37052 â‰£16
   ðŸ”   12â†‘     1â†“ðŸ”’   0s httpbin.org:80:37056 â‰£16
   ðŸ”   12â†‘     4â†“ðŸ”’   0s httpbin.org:80:37058 â‰£16
   ðŸ”   12â†‘     4â†“ðŸ”’   0s httpbin.org:80:37060 â‰£16
   ðŸ”   12â†‘     2â†“ðŸ”’   0s httpbin.org:80:37062 â‰£16
   ðŸ”   11â†‘     1â†“ðŸ”’   0s httpbin.org:80:41488 â‰£16
]

ConnectionPool[
   â¸    6â†‘ðŸ”’    6â†“    0s httpbin.org:443:48000 â‰£16
   â¸    4â†‘ðŸ”’    4â†“    0s httpbin.org:443:40192 â‰£16
   ðŸ”    6â†‘     5â†“ðŸ”’   0s httpbin.org:443:48008 â‰£16
   ðŸ”    5â†‘     4â†“ðŸ”’   0s httpbin.org:443:48010 â‰£16
   ðŸ”    4â†‘     3â†“ðŸ”’   0s httpbin.org:443:48012 â‰£16
   ðŸ”    3â†‘     2â†“ðŸ”’   0s httpbin.org:443:48014 â‰£16
   ðŸ”    2â†‘     1â†“ðŸ”’   0s httpbin.org:443:40202 â‰£16
   ðŸ”    1â†‘     0â†“ðŸ”’   0s httpbin.org:443:48018 â‰£16
]

ConnectionPool[
   â¸    7â†‘ðŸ”’    7â†“    0s httpbin.org:443:48036 â‰£16
   â¸    6â†‘ðŸ”’    6â†“    0s httpbin.org:443:40224 â‰£16
   ðŸ”    6â†‘     5â†“ðŸ”’   0s httpbin.org:443:48042 â‰£16
   ðŸ”    5â†‘     4â†“ðŸ”’   0s httpbin.org:443:40232 â‰£16
   ðŸ”    4â†‘     3â†“ðŸ”’   0s httpbin.org:443:40234 â‰£16
   ðŸ”    3â†‘     2â†“ðŸ”’   0s httpbin.org:443:48050 â‰£16
   ðŸ”    2â†‘     1â†“ðŸ”’   0s httpbin.org:443:40238 â‰£16
   ðŸ”    1â†‘     0â†“ðŸ”’   0s httpbin.org:443:40240 â‰£16
]

Running aws4.jl tests...
Running insert_layers.jl tests...
WARNING: replacing module TestRequest.
WARNING: using TestRequest.TestLayer in module Main conflicts with an existing identifier.
Running mwe.jl tests...
Test Summary: | Pass  Broken  Total
HTTP          | 4753     107   4860
   Testing HTTP tests passed 
