 Resolving package versions...
 Installed IniFile â”€â”€â”€â”€â”€â”€â”€â”€ v0.5.0
 Installed MbedTLS â”€â”€â”€â”€â”€â”€â”€â”€ v0.7.0
 Installed BinaryProvider â”€ v0.5.8
 Installed HTTP â”€â”€â”€â”€â”€â”€â”€â”€â”€â”€â”€ v0.8.8
  Updating `~/.julia/environments/v1.3/Project.toml`
  [cd3eb016] + HTTP v0.8.8
  Updating `~/.julia/environments/v1.3/Manifest.toml`
  [b99e7846] + BinaryProvider v0.5.8
  [cd3eb016] + HTTP v0.8.8
  [83e8ac13] + IniFile v0.5.0
  [739be429] + MbedTLS v0.7.0
  [2a0f44e3] + Base64 
  [ade2ca70] + Dates 
  [8ba89e20] + Distributed 
  [b77e0a4c] + InteractiveUtils 
  [8f399da3] + Libdl 
  [56ddb016] + Logging 
  [d6f4376e] + Markdown 
  [de0858da] + Printf 
  [9a3f8284] + Random 
  [ea8e919c] + SHA 
  [9e88b42a] + Serialization 
  [6462fe0b] + Sockets 
  [8dfed614] + Test 
  [4ec0a83e] + Unicode 
  Building MbedTLS â†’ `~/.julia/packages/MbedTLS/a1JFn/deps/build.log`
   Testing HTTP
 Resolving package versions...
 Installed Compat â”€â”€â”€â”€â”€â”€â”€â”€â”€â”€â”€ v2.2.0
 Installed JSON â”€â”€â”€â”€â”€â”€â”€â”€â”€â”€â”€â”€â”€ v0.21.0
 Installed Parsers â”€â”€â”€â”€â”€â”€â”€â”€â”€â”€ v0.3.10
 Installed ConstructionBase â”€ v1.0.0
 Installed BufferedStreams â”€â”€ v1.0.0
 Installed Unitful â”€â”€â”€â”€â”€â”€â”€â”€â”€â”€ v0.18.0
    Status `/tmp/jl_RENNZa/Manifest.toml`
  [b99e7846] BinaryProvider v0.5.8
  [e1450e63] BufferedStreams v1.0.0
  [34da2185] Compat v2.2.0
  [187b0558] ConstructionBase v1.0.0
  [cd3eb016] HTTP v0.8.8
  [83e8ac13] IniFile v0.5.0
  [682c06a0] JSON v0.21.0
  [739be429] MbedTLS v0.7.0
  [69de0a69] Parsers v0.3.10
  [1986cc42] Unitful v0.18.0
  [2a0f44e3] Base64  [`@stdlib/Base64`]
  [ade2ca70] Dates  [`@stdlib/Dates`]
  [8bb1440f] DelimitedFiles  [`@stdlib/DelimitedFiles`]
  [8ba89e20] Distributed  [`@stdlib/Distributed`]
  [b77e0a4c] InteractiveUtils  [`@stdlib/InteractiveUtils`]
  [76f85450] LibGit2  [`@stdlib/LibGit2`]
  [8f399da3] Libdl  [`@stdlib/Libdl`]
  [37e2e46d] LinearAlgebra  [`@stdlib/LinearAlgebra`]
  [56ddb016] Logging  [`@stdlib/Logging`]
  [d6f4376e] Markdown  [`@stdlib/Markdown`]
  [a63ad114] Mmap  [`@stdlib/Mmap`]
  [44cfe95a] Pkg  [`@stdlib/Pkg`]
  [de0858da] Printf  [`@stdlib/Printf`]
  [3fa0cd96] REPL  [`@stdlib/REPL`]
  [9a3f8284] Random  [`@stdlib/Random`]
  [ea8e919c] SHA  [`@stdlib/SHA`]
  [9e88b42a] Serialization  [`@stdlib/Serialization`]
  [1a1011a3] SharedArrays  [`@stdlib/SharedArrays`]
  [6462fe0b] Sockets  [`@stdlib/Sockets`]
  [2f01184e] SparseArrays  [`@stdlib/SparseArrays`]
  [10745b16] Statistics  [`@stdlib/Statistics`]
  [8dfed614] Test  [`@stdlib/Test`]
  [cf7118a7] UUIDs  [`@stdlib/UUIDs`]
  [4ec0a83e] Unicode  [`@stdlib/Unicode`]
Running ascii.jl tests...
Running chunking.jl tests...
Running utils.jl tests...
Running client.jl tests...
client transfer-encoding chunked
client transfer-encoding chunked
Running multipart.jl tests...
Running sniff.jl tests...
Running uri.jl tests...
Running url.jl tests...
Running cookies.jl tests...
Running parser.jl tests...
WARNING: using Messages.status in module Main conflicts with an existing identifier.
Running loopback.jl tests...
ðŸ“¡  GET /echo HTTP/1.1
ðŸ“¡  GET /echo HTTP/1.1
ðŸ“¡  GET /echo HTTP/1.1
ðŸ“¡  GET /echo HTTP/1.1
ðŸ“¡  GET /delay10 HTTP/1.1
ðŸ“¡  PUT /delay10 HTTP/1.1
ðŸ“¡  PUT /abort HTTP/1.1
ðŸ“¡  GET /echo HTTP/1.1
ðŸ“¡  GET /abort HTTP/1.1
ðŸ“¡  GET /delay1 HTTP/1.1
ðŸ“¡  GET /delay2 HTTP/1.1
ðŸ“¡  GET /delay3 HTTP/1.1
ðŸ“¡  GET /delay4 HTTP/1.1
ðŸ“¡  GET /delay5 HTTP/1.1
t = 2.8933448791503906
ðŸ“¡  GET /delay1 HTTP/1.1
ðŸ“¡  GET /delay2 HTTP/1.1
ðŸ“¡  GET /delay3 HTTP/1.1
ðŸ“¡  GET /delay4 HTTP/1.1
ðŸ“¡  GET /delay5 HTTP/1.1
ðŸ“¡  GET /delay1 HTTP/1.1
ðŸ“¡  GET /delay2 HTTP/1.1
ðŸ“¡  GET /delay3 HTTP/1.1
ðŸ“¡  GET /delay4 HTTP/1.1
ðŸ“¡  GET /delay5 HTTP/1.1
ðŸ“¡  GET /delay1 HTTP/1.1
ðŸ“¡  GET /delay2 HTTP/1.1
ðŸ“¡  GET /delay3 HTTP/1.1
ðŸ“¡  GET /delay4 HTTP/1.1
ðŸ“¡  GET /delay5 HTTP/1.1
t = 0.6597020626068115
ðŸ“¡  GET /delay1 HTTP/1.1
ðŸ“¡  GET /delay2 HTTP/1.1
ðŸ“¡  GET /delay3 HTTP/1.1
ðŸ“¡  GET /delay4 HTTP/1.1
ðŸ“¡  GET /delay5 HTTP/1.1
t = 0.7339658737182617
ðŸ“¡  POST /delay1 HTTP/1.1
ðŸ“¡  GET /delay2 HTTP/1.1
ðŸ“¡  GET /delay3 HTTP/1.1
ðŸ“¡  GET /delay4 HTTP/1.1
ðŸ“¡  GET /delay5 HTTP/1.1
ðŸ“¡  GET /delay1 HTTP/1.1
ðŸ“¡  GET /delay2 HTTP/1.1
ðŸ“¡  POST /delay3 HTTP/1.1
ðŸ“¡  GET /delay4 HTTP/1.1
ðŸ“¡  GET /delay5 HTTP/1.1
Running websockets.jl tests...
Running messages.jl tests...
GET /ip HTTP/1.1
HTTP/1.1 200 OK <= (GET /ip HTTP/1.1)
HEAD /ip HTTP/1.1
HTTP/1.1 200 OK <= (HEAD /ip HTTP/1.1)
OPTIONS /ip HTTP/1.1
HTTP/1.1 200 OK <= (OPTIONS /ip HTTP/1.1)
GET /ip HTTP/1.1
HTTP/1.1 200 OK <= (GET /ip HTTP/1.1)
HEAD /ip HTTP/1.1
HTTP/1.1 200 OK <= (HEAD /ip HTTP/1.1)
OPTIONS /ip HTTP/1.1
HTTP/1.1 200 OK <= (OPTIONS /ip HTTP/1.1)
POST /post HTTP/1.1
HTTP/1.1 200 OK <= (POST /post HTTP/1.1)
POST /post HTTP/1.1
HTTP/1.1 200 OK <= (POST /post HTTP/1.1)
PUT /put HTTP/1.1
HTTP/1.1 200 OK <= (PUT /put HTTP/1.1)
PUT /put HTTP/1.1
HTTP/1.1 200 OK <= (PUT /put HTTP/1.1)
DELETE /delete HTTP/1.1
HTTP/1.1 200 OK <= (DELETE /delete HTTP/1.1)
DELETE /delete HTTP/1.1
HTTP/1.1 200 OK <= (DELETE /delete HTTP/1.1)
PATCH /patch HTTP/1.1
HTTP/1.1 200 OK <= (PATCH /patch HTTP/1.1)
PATCH /patch HTTP/1.1
HTTP/1.1 200 OK <= (PATCH /patch HTTP/1.1)
POST /post HTTP/1.1
HTTP/1.1 200 OK <= (POST /post HTTP/1.1)
POST /post HTTP/1.1
HTTP/1.1 200 OK <= (POST /post HTTP/1.1)
PUT /put HTTP/1.1
HTTP/1.1 200 OK <= (PUT /put HTTP/1.1)
PUT /put HTTP/1.1
HTTP/1.1 200 OK <= (PUT /put HTTP/1.1)
DELETE /delete HTTP/1.1
HTTP/1.1 200 OK <= (DELETE /delete HTTP/1.1)
DELETE /delete HTTP/1.1
HTTP/1.1 200 OK <= (DELETE /delete HTTP/1.1)
PATCH /patch HTTP/1.1
HTTP/1.1 200 OK <= (PATCH /patch HTTP/1.1)
PATCH /patch HTTP/1.1
HTTP/1.1 200 OK <= (PATCH /patch HTTP/1.1)
POST /post HTTP/1.1
HTTP/1.1 200 OK <= (POST /post HTTP/1.1)
POST /post HTTP/1.1
HTTP/1.1 200 OK <= (POST /post HTTP/1.1)
PUT /put HTTP/1.1
HTTP/1.1 200 OK <= (PUT /put HTTP/1.1)
POST /post HTTP/1.1
HTTP/1.1 200 OK <= (POST /post HTTP/1.1)
DELETE /delete HTTP/1.1
HTTP/1.1 200 OK <= (DELETE /delete HTTP/1.1)
POST /post HTTP/1.1
HTTP/1.1 200 OK <= (POST /post HTTP/1.1)
PATCH /patch HTTP/1.1
HTTP/1.1 200 OK <= (PATCH /patch HTTP/1.1)
POST /post HTTP/1.1
HTTP/1.1 200 OK <= (POST /post HTTP/1.1)
POST /post HTTP/1.1
HTTP/1.1 200 OK <= (POST /post HTTP/1.1)
POST /post HTTP/1.1
HTTP/1.1 200 OK <= (POST /post HTTP/1.1)
PUT /put HTTP/1.1
HTTP/1.1 200 OK <= (PUT /put HTTP/1.1)
POST /post HTTP/1.1
HTTP/1.1 200 OK <= (POST /post HTTP/1.1)
DELETE /delete HTTP/1.1
HTTP/1.1 200 OK <= (DELETE /delete HTTP/1.1)
POST /post HTTP/1.1
HTTP/1.1 200 OK <= (POST /post HTTP/1.1)
PATCH /patch HTTP/1.1
HTTP/1.1 200 OK <= (PATCH /patch HTTP/1.1)
POST /post HTTP/1.1
HTTP/1.1 200 OK <= (POST /post HTTP/1.1)
GET /stream/50 HTTP/1.1
HTTP/1.1 200 OK <= (GET /stream/50 HTTP/1.1)
Running handlers.jl tests...
Running server.jl tests...
length(x) = 100018
client:
HTTP/1.1 200 OK
Transfer-Encoding: chunked

f
Body of Request
0


client = "HTTP/1.1 200 OK\r\n\r\nHello"
Testing server port reuse
Starting second server listening on same port
Starting server on same port without port reuse (throws error)
Running async.jl tests...
ConnectionPool[
   â¸   16â†‘    10â†“    0s httpbin.org:443:51688 â‰£16 2508-byte excess
   â¸   14â†‘    14â†“    0s httpbin.org:443:51690 â‰£16
   â¸   15â†‘    15â†“    0s httpbin.org:443:51692 â‰£16
   â¸   13â†‘    13â†“    0s httpbin.org:443:51694 â‰£16
   â¸   12â†‘    12â†“    0s httpbin.org:443:51696 â‰£16
   â¸   11â†‘    11â†“    0s httpbin.org:443:51698 â‰£16
   â¸   10â†‘    10â†“    0s httpbin.org:443:51700 â‰£16
   â¸    9â†‘     9â†“    0s httpbin.org:443:51702 â‰£16
]

ConnectionPool[
   â¸    7â†‘ðŸ”’    7â†“    0s httpbin.org:443:51724 â‰£16
   â¸    6â†‘ðŸ”’    6â†“    0s httpbin.org:443:51726 â‰£16
   ðŸ”    6â†‘     5â†“ðŸ”’   0s httpbin.org:443:51728 â‰£16
   ðŸ”    5â†‘     4â†“ðŸ”’   0s httpbin.org:443:51730 â‰£16
   ðŸ”    4â†‘     3â†“ðŸ”’   0s httpbin.org:443:51732 â‰£16
   ðŸ”    3â†‘     2â†“ðŸ”’   0s httpbin.org:443:51734 â‰£16
   ðŸ”    2â†‘     1â†“ðŸ”’   0s httpbin.org:443:51736 â‰£16
   ðŸ”    1â†‘     0â†“ðŸ”’   0s httpbin.org:443:51738 â‰£16
]

ConnectionPool[
   â¸    7â†‘ðŸ”’    7â†“    0s httpbin.org:443:51756 â‰£16
   â¸    6â†‘ðŸ”’    6â†“    0s httpbin.org:443:51758 â‰£16
   ðŸ”    6â†‘     5â†“ðŸ”’   0s httpbin.org:443:51760 â‰£16
   ðŸ”    5â†‘     4â†“ðŸ”’   0s httpbin.org:443:51762 â‰£16
   ðŸ”    4â†‘     3â†“ðŸ”’   0s httpbin.org:443:51764 â‰£16
   ðŸ”    3â†‘     2â†“ðŸ”’   0s httpbin.org:443:51766 â‰£16
   ðŸ”    2â†‘     1â†“ðŸ”’   0s httpbin.org:443:51768 â‰£16
   ðŸ”    1â†‘     0â†“ðŸ”’   0s httpbin.org:443:51770 â‰£16
]

ConnectionPool[
   â¸    7â†‘ðŸ”’    7â†“    0s httpbin.org:443:51788 â‰£16
   â¸    6â†‘ðŸ”’    6â†“    0s httpbin.org:443:51790 â‰£16
   ðŸ”    6â†‘     5â†“ðŸ”’   0s httpbin.org:443:51792 â‰£16
   ðŸ”    5â†‘     4â†“ðŸ”’   0s httpbin.org:443:51794 â‰£16
   ðŸ”    4â†‘     3â†“ðŸ”’   0s httpbin.org:443:51796 â‰£16
   ðŸ”    3â†‘     2â†“ðŸ”’   0s httpbin.org:443:51802 â‰£16
   ðŸ”    2â†‘     1â†“ðŸ”’   0s httpbin.org:443:51804 â‰£16
   ðŸ”    1â†‘     0â†“ðŸ”’   0s httpbin.org:443:51806 â‰£16
]

ConnectionPool[
   ðŸ”    3â†‘ðŸ”’    3â†“    0s httpbin.org:80:48894 â‰£16
   â¸    3â†‘     3â†“    0s httpbin.org:80:48896 â‰£16
   ðŸ”    3â†‘     3â†“    0s httpbin.org:80:48898 â‰£16
   ðŸ”    2â†‘ðŸ”’    2â†“ðŸ”’   0s httpbin.org:80:48900 â‰£16
   ðŸ”    2â†‘     2â†“    0s httpbin.org:80:48902 â‰£16
   ðŸ”    2â†‘     2â†“    0s httpbin.org:80:48904 â‰£16
   ðŸ”    1â†‘     1â†“    0s httpbin.org:80:48906 â‰£16
   ðŸ”    0â†‘ðŸ”’    0â†“ðŸ”’   0s httpbin.org:80:48908 â‰£16
]

ConnectionPool[
   â¸    7â†‘ðŸ”’    7â†“    0s httpbin.org:443:51832 â‰£16
   ðŸ”    6â†‘ðŸ”’    6â†“ðŸ”’   0s httpbin.org:443:51834 â‰£16
   ðŸ”    5â†‘ðŸ”’    5â†“ðŸ”’   0s httpbin.org:443:51836 â‰£16
   ðŸ”    3â†‘ðŸ”’    3â†“ðŸ”’   0s httpbin.org:443:51838 â‰£16
   ðŸ”    3â†‘ðŸ”’    3â†“ðŸ”’   0s httpbin.org:443:51840 â‰£16
   ðŸ”    2â†‘ðŸ”’    2â†“ðŸ”’   0s httpbin.org:443:51842 â‰£16
   ðŸ”    1â†‘ðŸ”’    1â†“ðŸ”’   0s httpbin.org:443:51844 â‰£16
   ðŸ”    0â†‘ðŸ”’    0â†“ðŸ”’   0s httpbin.org:443:51846 â‰£16
]

ConnectionPool[
   ðŸ”    3â†‘ðŸ”’    3â†“    0s httpbin.org:80:48928 â‰£16
   ðŸ”    2â†‘ðŸ”’    2â†“ðŸ”’   0s httpbin.org:80:48930 â‰£16
   ðŸ”    2â†‘ðŸ”’    2â†“ðŸ”’   0s httpbin.org:80:48932 â‰£16
   ðŸ”    1â†‘ðŸ”’    1â†“ðŸ”’   0s httpbin.org:80:48934 â‰£16
   ðŸ”    1â†‘ðŸ”’    1â†“ðŸ”’   0s httpbin.org:80:48936 â‰£16
   ðŸ”    1â†‘ðŸ”’    1â†“ðŸ”’   0s httpbin.org:80:48938 â‰£16
   ðŸ”    1â†‘ðŸ”’    1â†“ðŸ”’   0s httpbin.org:80:48940 â‰£16
   ðŸ”    0â†‘ðŸ”’    0â†“ðŸ”’   0s httpbin.org:80:48942 â‰£16
]

ConnectionPool[
   â¸    6â†‘ðŸ”’    6â†“    0s httpbin.org:443:51872 â‰£16
   ðŸ”    6â†‘ðŸ”’    6â†“ðŸ”’   0s httpbin.org:443:51882 â‰£16
   ðŸ”    5â†‘ðŸ”’    5â†“ðŸ”’   0s httpbin.org:443:51888 â‰£16
   ðŸ”    4â†‘ðŸ”’    4â†“ðŸ”’   0s httpbin.org:443:51890 â‰£16
   ðŸ”    3â†‘ðŸ”’    3â†“ðŸ”’   0s httpbin.org:443:51892 â‰£16
   ðŸ”    2â†‘ðŸ”’    2â†“ðŸ”’   0s httpbin.org:443:51894 â‰£16
   ðŸ”    1â†‘ðŸ”’    1â†“ðŸ”’   0s httpbin.org:443:51896 â‰£16
   ðŸ”    0â†‘ðŸ”’    0â†“ðŸ”’   0s httpbin.org:443:51898 â‰£16
]

ConnectionPool[
   ðŸ”    4â†‘     4â†“    0s httpbin.org:80:48982 â‰£16
   ðŸ”    3â†‘ðŸ”’    3â†“ðŸ”’   0s httpbin.org:80:48984 â‰£16
   ðŸ”    3â†‘     3â†“    0s httpbin.org:80:48986 â‰£16
   ðŸ”    3â†‘     3â†“    0s httpbin.org:80:48988 â‰£16
   ðŸ”    2â†‘     2â†“    0s httpbin.org:80:48990 â‰£16
   ðŸ”    1â†‘ðŸ”’    1â†“ðŸ”’   0s httpbin.org:80:48992 â‰£16
   ðŸ”    2â†‘     2â†“    0s httpbin.org:80:48994 â‰£16
   ðŸ”    1â†‘     1â†“    0s httpbin.org:80:48996 â‰£16
]

ConnectionPool[
   â¸    6â†‘ðŸ”’    6â†“    0s httpbin.org:443:51924 â‰£16
   ðŸ”    6â†‘ðŸ”’    6â†“ðŸ”’   0s httpbin.org:443:51926 â‰£16
   ðŸ”    5â†‘ðŸ”’    5â†“ðŸ”’   0s httpbin.org:443:51928 â‰£16
   ðŸ”    4â†‘ðŸ”’    4â†“ðŸ”’   0s httpbin.org:443:51930 â‰£16
   ðŸ”    3â†‘ðŸ”’    3â†“ðŸ”’   0s httpbin.org:443:51932 â‰£16
   ðŸ”    2â†‘ðŸ”’    2â†“ðŸ”’   0s httpbin.org:443:51934 â‰£16
   ðŸ”    1â†‘ðŸ”’    1â†“ðŸ”’   0s httpbin.org:443:51936 â‰£16
   ðŸ”    0â†‘ðŸ”’    0â†“ðŸ”’   0s httpbin.org:443:51940 â‰£16
]

ConnectionPool[
   ðŸ”    3â†‘ðŸ”’    2â†“ðŸ”’   0s httpbin.org:80:49026 â‰£16
   ðŸ”    3â†‘ðŸ”’    2â†“ðŸ”’   0s httpbin.org:80:49028 â‰£16
   ðŸ”    3â†‘     2â†“ðŸ”’   0s httpbin.org:80:49030 â‰£16
   ðŸ”    3â†‘     1â†“ðŸ”’   0s httpbin.org:80:49032 â‰£16
   ðŸ”    3â†‘     1â†“ðŸ”’   0s httpbin.org:80:49034 â‰£16
   ðŸ”    3â†‘     1â†“ðŸ”’   0s httpbin.org:80:49036 â‰£16
   ðŸ”    2â†‘     0â†“ðŸ”’   0s httpbin.org:80:49038 â‰£16
   ðŸ”    1â†‘     0â†“ðŸ”’   0s httpbin.org:80:49040 â‰£16
]

ConnectionPool[
   â¸    7â†‘ðŸ”’    7â†“    0s httpbin.org:443:51962 â‰£16
   â¸    6â†‘ðŸ”’    6â†“    0s httpbin.org:443:51964 â‰£16
   ðŸ”    6â†‘     5â†“ðŸ”’   0s httpbin.org:443:51966 â‰£16
   ðŸ”    5â†‘     4â†“ðŸ”’   0s httpbin.org:443:51968 â‰£16
   ðŸ”    4â†‘     3â†“ðŸ”’   0s httpbin.org:443:51970 â‰£16
   ðŸ”    3â†‘     2â†“ðŸ”’   0s httpbin.org:443:51972 â‰£16
   ðŸ”    2â†‘     1â†“ðŸ”’   0s httpbin.org:443:51974 â‰£16
   ðŸ”    1â†‘     0â†“ðŸ”’   0s httpbin.org:443:51976 â‰£16
]

ConnectionPool[
   ðŸ”    3â†‘ðŸ”’    2â†“ðŸ”’   0s httpbin.org:80:49060 â‰£16
   ðŸ”    3â†‘ðŸ”’    2â†“ðŸ”’   0s httpbin.org:80:49062 â‰£16
   ðŸ”    4â†‘     2â†“ðŸ”’   0s httpbin.org:80:49064 â‰£16
   ðŸ”    3â†‘     2â†“ðŸ”’   0s httpbin.org:80:49066 â‰£16
   ðŸ”    3â†‘     1â†“ðŸ”’   0s httpbin.org:80:49068 â‰£16
   ðŸ”    2â†‘     1â†“ðŸ”’   0s httpbin.org:80:49070 â‰£16
   ðŸ”    2â†‘     0â†“ðŸ”’   0s httpbin.org:80:49072 â‰£16
   ðŸ”    1â†‘     0â†“ðŸ”’   0s httpbin.org:80:49074 â‰£16
]

ConnectionPool[
   â¸    7â†‘ðŸ”’    7â†“    0s httpbin.org:443:51996 â‰£16
   â¸    6â†‘ðŸ”’    6â†“    0s httpbin.org:443:51998 â‰£16
   ðŸ”    6â†‘     5â†“ðŸ”’   0s httpbin.org:443:52000 â‰£16
   ðŸ”    5â†‘     4â†“ðŸ”’   0s httpbin.org:443:52002 â‰£16
   ðŸ”    4â†‘     3â†“ðŸ”’   0s httpbin.org:443:52004 â‰£16
   ðŸ”    3â†‘     2â†“ðŸ”’   0s httpbin.org:443:52006 â‰£16
   ðŸ”    2â†‘     1â†“ðŸ”’   0s httpbin.org:443:52008 â‰£16
   ðŸ”    1â†‘     0â†“ðŸ”’   0s httpbin.org:443:52010 â‰£16
]

ConnectionPool[
   â¸    7â†‘ðŸ”’    7â†“    0s httpbin.org:443:52032 â‰£16
   â¸    5â†‘ðŸ”’    5â†“    0s httpbin.org:443:52034 â‰£16
   ðŸ”    6â†‘     5â†“ðŸ”’   0s httpbin.org:443:52036 â‰£16
   ðŸ”    5â†‘     4â†“ðŸ”’   0s httpbin.org:443:52038 â‰£16
   ðŸ”    4â†‘     3â†“ðŸ”’   0s httpbin.org:443:52040 â‰£16
   ðŸ”    3â†‘     2â†“ðŸ”’   0s httpbin.org:443:52042 â‰£16
   ðŸ”    2â†‘     1â†“ðŸ”’   0s httpbin.org:443:52044 â‰£16
   ðŸ”    1â†‘     0â†“ðŸ”’   0s httpbin.org:443:52046 â‰£16
]

Running aws4.jl tests...
Running insert_layers.jl tests...
WARNING: replacing module TestRequest.
WARNING: using TestRequest.TestLayer in module Main conflicts with an existing identifier.
Running mwe.jl tests...
Test Summary: | Pass  Broken  Total
HTTP          | 4753     107   4860
   Testing HTTP tests passed 
