 Resolving package versions...
 Installed IniFile â”€â”€â”€â”€â”€â”€â”€â”€ v0.5.0
 Installed MbedTLS â”€â”€â”€â”€â”€â”€â”€â”€ v0.7.0
 Installed HTTP â”€â”€â”€â”€â”€â”€â”€â”€â”€â”€â”€ v0.8.8
 Installed BinaryProvider â”€ v0.5.8
  Updating `~/.julia/environments/v1.3/Project.toml`
  [cd3eb016] + HTTP v0.8.8
  Updating `~/.julia/environments/v1.3/Manifest.toml`
  [b99e7846] + BinaryProvider v0.5.8
  [cd3eb016] + HTTP v0.8.8
  [83e8ac13] + IniFile v0.5.0
  [739be429] + MbedTLS v0.7.0
  [2a0f44e3] + Base64 
  [ade2ca70] + Dates 
  [8ba89e20] + Distributed 
  [b77e0a4c] + InteractiveUtils 
  [8f399da3] + Libdl 
  [56ddb016] + Logging 
  [d6f4376e] + Markdown 
  [de0858da] + Printf 
  [9a3f8284] + Random 
  [ea8e919c] + SHA 
  [9e88b42a] + Serialization 
  [6462fe0b] + Sockets 
  [8dfed614] + Test 
  [4ec0a83e] + Unicode 
  Building MbedTLS â†’ `~/.julia/packages/MbedTLS/a1JFn/deps/build.log`
   Testing HTTP
 Resolving package versions...
 Installed BufferedStreams â”€â”€ v1.0.0
 Installed Parsers â”€â”€â”€â”€â”€â”€â”€â”€â”€â”€ v0.3.10
 Installed Compat â”€â”€â”€â”€â”€â”€â”€â”€â”€â”€â”€ v2.2.0
 Installed Unitful â”€â”€â”€â”€â”€â”€â”€â”€â”€â”€ v0.18.0
 Installed ConstructionBase â”€ v1.0.0
 Installed JSON â”€â”€â”€â”€â”€â”€â”€â”€â”€â”€â”€â”€â”€ v0.21.0
    Status `/tmp/jl_hX0Ejf/Manifest.toml`
  [b99e7846] BinaryProvider v0.5.8
  [e1450e63] BufferedStreams v1.0.0
  [34da2185] Compat v2.2.0
  [187b0558] ConstructionBase v1.0.0
  [cd3eb016] HTTP v0.8.8
  [83e8ac13] IniFile v0.5.0
  [682c06a0] JSON v0.21.0
  [739be429] MbedTLS v0.7.0
  [69de0a69] Parsers v0.3.10
  [1986cc42] Unitful v0.18.0
  [2a0f44e3] Base64  [`@stdlib/Base64`]
  [ade2ca70] Dates  [`@stdlib/Dates`]
  [8bb1440f] DelimitedFiles  [`@stdlib/DelimitedFiles`]
  [8ba89e20] Distributed  [`@stdlib/Distributed`]
  [b77e0a4c] InteractiveUtils  [`@stdlib/InteractiveUtils`]
  [76f85450] LibGit2  [`@stdlib/LibGit2`]
  [8f399da3] Libdl  [`@stdlib/Libdl`]
  [37e2e46d] LinearAlgebra  [`@stdlib/LinearAlgebra`]
  [56ddb016] Logging  [`@stdlib/Logging`]
  [d6f4376e] Markdown  [`@stdlib/Markdown`]
  [a63ad114] Mmap  [`@stdlib/Mmap`]
  [44cfe95a] Pkg  [`@stdlib/Pkg`]
  [de0858da] Printf  [`@stdlib/Printf`]
  [3fa0cd96] REPL  [`@stdlib/REPL`]
  [9a3f8284] Random  [`@stdlib/Random`]
  [ea8e919c] SHA  [`@stdlib/SHA`]
  [9e88b42a] Serialization  [`@stdlib/Serialization`]
  [1a1011a3] SharedArrays  [`@stdlib/SharedArrays`]
  [6462fe0b] Sockets  [`@stdlib/Sockets`]
  [2f01184e] SparseArrays  [`@stdlib/SparseArrays`]
  [10745b16] Statistics  [`@stdlib/Statistics`]
  [8dfed614] Test  [`@stdlib/Test`]
  [cf7118a7] UUIDs  [`@stdlib/UUIDs`]
  [4ec0a83e] Unicode  [`@stdlib/Unicode`]
Running ascii.jl tests...
Running chunking.jl tests...
Running utils.jl tests...
Running client.jl tests...
client transfer-encoding chunked
client transfer-encoding chunked
Running multipart.jl tests...
Running sniff.jl tests...
Running uri.jl tests...
Running url.jl tests...
Running cookies.jl tests...
Running parser.jl tests...
WARNING: using Messages.status in module Main conflicts with an existing identifier.
Running loopback.jl tests...
ðŸ“¡  GET /echo HTTP/1.1
ðŸ“¡  GET /echo HTTP/1.1
ðŸ“¡  GET /echo HTTP/1.1
ðŸ“¡  GET /echo HTTP/1.1
ðŸ“¡  GET /delay10 HTTP/1.1
ðŸ“¡  PUT /delay10 HTTP/1.1
ðŸ“¡  PUT /abort HTTP/1.1
ðŸ“¡  GET /echo HTTP/1.1
ðŸ“¡  GET /abort HTTP/1.1
ðŸ“¡  GET /delay1 HTTP/1.1
ðŸ“¡  GET /delay2 HTTP/1.1
ðŸ“¡  GET /delay3 HTTP/1.1
ðŸ“¡  GET /delay4 HTTP/1.1
ðŸ“¡  GET /delay5 HTTP/1.1
t = 2.783534049987793
ðŸ“¡  GET /delay1 HTTP/1.1
ðŸ“¡  GET /delay2 HTTP/1.1
ðŸ“¡  GET /delay3 HTTP/1.1
ðŸ“¡  GET /delay4 HTTP/1.1
ðŸ“¡  GET /delay5 HTTP/1.1
ðŸ“¡  GET /delay1 HTTP/1.1
ðŸ“¡  GET /delay2 HTTP/1.1
ðŸ“¡  GET /delay3 HTTP/1.1
ðŸ“¡  GET /delay4 HTTP/1.1
ðŸ“¡  GET /delay5 HTTP/1.1
ðŸ“¡  GET /delay1 HTTP/1.1
ðŸ“¡  GET /delay2 HTTP/1.1
ðŸ“¡  GET /delay3 HTTP/1.1
ðŸ“¡  GET /delay4 HTTP/1.1
ðŸ“¡  GET /delay5 HTTP/1.1
t = 0.6559391021728516
ðŸ“¡  GET /delay1 HTTP/1.1
ðŸ“¡  GET /delay2 HTTP/1.1
ðŸ“¡  GET /delay3 HTTP/1.1
ðŸ“¡  GET /delay4 HTTP/1.1
ðŸ“¡  GET /delay5 HTTP/1.1
t = 0.7505810260772705
ðŸ“¡  POST /delay1 HTTP/1.1
ðŸ“¡  GET /delay2 HTTP/1.1
ðŸ“¡  GET /delay3 HTTP/1.1
ðŸ“¡  GET /delay4 HTTP/1.1
ðŸ“¡  GET /delay5 HTTP/1.1
ðŸ“¡  GET /delay1 HTTP/1.1
ðŸ“¡  GET /delay2 HTTP/1.1
ðŸ“¡  POST /delay3 HTTP/1.1
ðŸ“¡  GET /delay4 HTTP/1.1
ðŸ“¡  GET /delay5 HTTP/1.1
Running websockets.jl tests...
Running messages.jl tests...
GET /ip HTTP/1.1
HTTP/1.1 200 OK <= (GET /ip HTTP/1.1)
HEAD /ip HTTP/1.1
HTTP/1.1 200 OK <= (HEAD /ip HTTP/1.1)
OPTIONS /ip HTTP/1.1
HTTP/1.1 200 OK <= (OPTIONS /ip HTTP/1.1)
GET /ip HTTP/1.1
HTTP/1.1 200 OK <= (GET /ip HTTP/1.1)
HEAD /ip HTTP/1.1
HTTP/1.1 200 OK <= (HEAD /ip HTTP/1.1)
OPTIONS /ip HTTP/1.1
HTTP/1.1 200 OK <= (OPTIONS /ip HTTP/1.1)
POST /post HTTP/1.1
HTTP/1.1 200 OK <= (POST /post HTTP/1.1)
POST /post HTTP/1.1
HTTP/1.1 200 OK <= (POST /post HTTP/1.1)
PUT /put HTTP/1.1
HTTP/1.1 200 OK <= (PUT /put HTTP/1.1)
PUT /put HTTP/1.1
HTTP/1.1 200 OK <= (PUT /put HTTP/1.1)
DELETE /delete HTTP/1.1
HTTP/1.1 200 OK <= (DELETE /delete HTTP/1.1)
DELETE /delete HTTP/1.1
HTTP/1.1 200 OK <= (DELETE /delete HTTP/1.1)
PATCH /patch HTTP/1.1
HTTP/1.1 200 OK <= (PATCH /patch HTTP/1.1)
PATCH /patch HTTP/1.1
HTTP/1.1 200 OK <= (PATCH /patch HTTP/1.1)
POST /post HTTP/1.1
HTTP/1.1 200 OK <= (POST /post HTTP/1.1)
POST /post HTTP/1.1
HTTP/1.1 200 OK <= (POST /post HTTP/1.1)
PUT /put HTTP/1.1
HTTP/1.1 200 OK <= (PUT /put HTTP/1.1)
PUT /put HTTP/1.1
HTTP/1.1 200 OK <= (PUT /put HTTP/1.1)
DELETE /delete HTTP/1.1
HTTP/1.1 200 OK <= (DELETE /delete HTTP/1.1)
DELETE /delete HTTP/1.1
HTTP/1.1 200 OK <= (DELETE /delete HTTP/1.1)
PATCH /patch HTTP/1.1
HTTP/1.1 200 OK <= (PATCH /patch HTTP/1.1)
PATCH /patch HTTP/1.1
HTTP/1.1 200 OK <= (PATCH /patch HTTP/1.1)
POST /post HTTP/1.1
HTTP/1.1 200 OK <= (POST /post HTTP/1.1)
POST /post HTTP/1.1
HTTP/1.1 200 OK <= (POST /post HTTP/1.1)
PUT /put HTTP/1.1
HTTP/1.1 200 OK <= (PUT /put HTTP/1.1)
POST /post HTTP/1.1
HTTP/1.1 200 OK <= (POST /post HTTP/1.1)
DELETE /delete HTTP/1.1
HTTP/1.1 200 OK <= (DELETE /delete HTTP/1.1)
POST /post HTTP/1.1
HTTP/1.1 200 OK <= (POST /post HTTP/1.1)
PATCH /patch HTTP/1.1
HTTP/1.1 200 OK <= (PATCH /patch HTTP/1.1)
POST /post HTTP/1.1
HTTP/1.1 200 OK <= (POST /post HTTP/1.1)
POST /post HTTP/1.1
HTTP/1.1 200 OK <= (POST /post HTTP/1.1)
POST /post HTTP/1.1
HTTP/1.1 200 OK <= (POST /post HTTP/1.1)
PUT /put HTTP/1.1
HTTP/1.1 200 OK <= (PUT /put HTTP/1.1)
POST /post HTTP/1.1
HTTP/1.1 200 OK <= (POST /post HTTP/1.1)
DELETE /delete HTTP/1.1
HTTP/1.1 200 OK <= (DELETE /delete HTTP/1.1)
POST /post HTTP/1.1
HTTP/1.1 200 OK <= (POST /post HTTP/1.1)
PATCH /patch HTTP/1.1
HTTP/1.1 200 OK <= (PATCH /patch HTTP/1.1)
POST /post HTTP/1.1
HTTP/1.1 200 OK <= (POST /post HTTP/1.1)
GET /stream/50 HTTP/1.1
HTTP/1.1 200 OK <= (GET /stream/50 HTTP/1.1)
Running handlers.jl tests...
Running server.jl tests...
length(x) = 100018
client:
HTTP/1.1 200 OK
Transfer-Encoding: chunked

f
Body of Request
0


client = "HTTP/1.1 200 OK\r\n\r\nHello"
Testing server port reuse
Starting second server listening on same port
Starting server on same port without port reuse (throws error)
Running async.jl tests...
ConnectionPool[
   â¸    7â†‘ðŸ”’    7â†“    0s httpbin.org:443:39680 â‰£16
   â¸    6â†‘ðŸ”’    6â†“    0s httpbin.org:443:39684 â‰£16
   ðŸ”    6â†‘     5â†“ðŸ”’   0s httpbin.org:443:39686 â‰£16
   ðŸ”    5â†‘     4â†“ðŸ”’   0s httpbin.org:443:39688 â‰£16
   ðŸ”    4â†‘     3â†“ðŸ”’   0s httpbin.org:443:39690 â‰£16
   ðŸ”    3â†‘     2â†“ðŸ”’   0s httpbin.org:443:39692 â‰£16
   ðŸ”    2â†‘     1â†“ðŸ”’   0s httpbin.org:443:42370 â‰£16
   ðŸ”    1â†‘     0â†“ðŸ”’   0s httpbin.org:443:39696 â‰£16
]

ConnectionPool[
   â¸    7â†‘ðŸ”’    7â†“    0s httpbin.org:443:42390 â‰£16
   â¸    6â†‘ðŸ”’    6â†“    0s httpbin.org:443:39716 â‰£16
   ðŸ”    6â†‘     5â†“ðŸ”’   0s httpbin.org:443:39718 â‰£16
   ðŸ”    5â†‘     4â†“ðŸ”’   0s httpbin.org:443:39720 â‰£16
   ðŸ”    4â†‘     3â†“ðŸ”’   0s httpbin.org:443:39722 â‰£16
   ðŸ”    3â†‘     2â†“ðŸ”’   0s httpbin.org:443:39724 â‰£16
   ðŸ”    2â†‘     1â†“ðŸ”’   0s httpbin.org:443:39726 â‰£16
   ðŸ”    1â†‘     0â†“ðŸ”’   0s httpbin.org:443:39728 â‰£16
]

ConnectionPool[
   â¸    7â†‘ðŸ”’    7â†“    0s httpbin.org:443:39746 â‰£16
   â¸    5â†‘ðŸ”’    5â†“    0s httpbin.org:443:42424 â‰£16
   ðŸ”    6â†‘     5â†“ðŸ”’   0s httpbin.org:443:39750 â‰£16
   ðŸ”    4â†‘     3â†“ðŸ”’   0s httpbin.org:443:39752 â‰£16
   ðŸ”    4â†‘     3â†“ðŸ”’   0s httpbin.org:443:39754 â‰£16
   ðŸ”    3â†‘     2â†“ðŸ”’   0s httpbin.org:443:42432 â‰£16
   ðŸ”    2â†‘     1â†“ðŸ”’   0s httpbin.org:443:39758 â‰£16
   ðŸ”    1â†‘     0â†“ðŸ”’   0s httpbin.org:443:42436 â‰£16
]

ConnectionPool[
   â¸    7â†‘ðŸ”’    7â†“    0s httpbin.org:443:39778 â‰£16
   â¸    6â†‘ðŸ”’    6â†“    0s httpbin.org:443:39780 â‰£16
   ðŸ”    6â†‘     5â†“ðŸ”’   0s httpbin.org:443:42458 â‰£16
   ðŸ”    5â†‘     4â†“ðŸ”’   0s httpbin.org:443:42460 â‰£16
   ðŸ”    4â†‘     3â†“ðŸ”’   0s httpbin.org:443:39786 â‰£16
   ðŸ”    3â†‘     2â†“ðŸ”’   0s httpbin.org:443:39788 â‰£16
   ðŸ”    2â†‘     1â†“ðŸ”’   0s httpbin.org:443:39790 â‰£16
   ðŸ”    1â†‘     0â†“ðŸ”’   0s httpbin.org:443:39792 â‰£16
]

ConnectionPool[
   ðŸ”    2â†‘ðŸ”’    2â†“ðŸ”’   0s httpbin.org:80:47440 â‰£16
   â¸    3â†‘     3â†“    0s httpbin.org:80:47442 â‰£16
   ðŸ”    3â†‘     3â†“    0s httpbin.org:80:47444 â‰£16
   ðŸ”    2â†‘     2â†“    0s httpbin.org:80:47448 â‰£16
   ðŸ”    2â†‘     2â†“    0s httpbin.org:80:47450 â‰£16
   ðŸ”    1â†‘ðŸ”’    1â†“ðŸ”’   0s httpbin.org:80:47452 â‰£16
   ðŸ”    1â†‘ðŸ”’    1â†“ðŸ”’   0s httpbin.org:80:50656 â‰£16
   ðŸ”    0â†‘ðŸ”’    0â†“ðŸ”’   0s httpbin.org:80:47456 â‰£16
]

ConnectionPool[
   â¸    7â†‘ðŸ”’    7â†“    0s httpbin.org:443:39814 â‰£16
   ðŸ”    6â†‘ðŸ”’    6â†“ðŸ”’   0s httpbin.org:443:39816 â‰£16
   ðŸ”    5â†‘ðŸ”’    5â†“ðŸ”’   0s httpbin.org:443:42494 â‰£16
   ðŸ”    4â†‘ðŸ”’    4â†“ðŸ”’   0s httpbin.org:443:39820 â‰£16
   ðŸ”    3â†‘ðŸ”’    3â†“ðŸ”’   0s httpbin.org:443:39822 â‰£16
   ðŸ”    2â†‘ðŸ”’    2â†“ðŸ”’   0s httpbin.org:443:39824 â‰£16
   ðŸ”    1â†‘ðŸ”’    1â†“ðŸ”’   0s httpbin.org:443:39826 â‰£16
   ðŸ”    0â†‘ðŸ”’    0â†“ðŸ”’   0s httpbin.org:443:39828 â‰£16
]

ConnectionPool[
   ðŸ”    3â†‘ðŸ”’    3â†“    0s httpbin.org:80:47474 â‰£16
   ðŸ”    2â†‘ðŸ”’    2â†“ðŸ”’   0s httpbin.org:80:47476 â‰£16
   ðŸ”    2â†‘ðŸ”’    2â†“ðŸ”’   0s httpbin.org:80:47478 â‰£16
   ðŸ”    1â†‘ðŸ”’    1â†“ðŸ”’   0s httpbin.org:80:47480 â‰£16
   ðŸ”    1â†‘ðŸ”’    1â†“ðŸ”’   0s httpbin.org:80:47482 â‰£16
   ðŸ”    1â†‘ðŸ”’    1â†“ðŸ”’   0s httpbin.org:80:50686 â‰£16
   ðŸ”    0â†‘ðŸ”’    0â†“ðŸ”’   0s httpbin.org:80:47486 â‰£16
   ðŸ”    0â†‘ðŸ”’    0â†“ðŸ”’   0s httpbin.org:80:47488 â‰£16
]

ConnectionPool[
   â¸    7â†‘ðŸ”’    7â†“    0s httpbin.org:443:39846 â‰£16
   ðŸ”    6â†‘ðŸ”’    6â†“ðŸ”’   0s httpbin.org:443:39848 â‰£16
   ðŸ”    5â†‘ðŸ”’    5â†“ðŸ”’   0s httpbin.org:443:42526 â‰£16
   ðŸ”    3â†‘ðŸ”’    3â†“ðŸ”’   0s httpbin.org:443:39852 â‰£16
   ðŸ”    3â†‘ðŸ”’    3â†“ðŸ”’   0s httpbin.org:443:39854 â‰£16
   ðŸ”    2â†‘ðŸ”’    2â†“ðŸ”’   0s httpbin.org:443:39856 â‰£16
   ðŸ”    1â†‘ðŸ”’    1â†“ðŸ”’   0s httpbin.org:443:39860 â‰£16
   ðŸ”    0â†‘ðŸ”’    0â†“ðŸ”’   0s httpbin.org:443:42552 â‰£16
]

ConnectionPool[
   ðŸ”    4â†‘ðŸ”’    4â†“ðŸ”’   0s httpbin.org:80:47538 â‰£16
   ðŸ”    4â†‘ðŸ”’    4â†“ðŸ”’   0s httpbin.org:80:50742 â‰£16
   ðŸ”    3â†‘ðŸ”’    3â†“ðŸ”’   0s httpbin.org:80:47542 â‰£16
   ðŸ”    3â†‘ðŸ”’    3â†“ðŸ”’   0s httpbin.org:80:47544 â‰£16
   ðŸ”    2â†‘ðŸ”’    2â†“ðŸ”’   0s httpbin.org:80:50748 â‰£16
   ðŸ”    2â†‘ðŸ”’    2â†“ðŸ”’   0s httpbin.org:80:50750 â‰£16
   ðŸ”    2â†‘ðŸ”’    2â†“ðŸ”’   0s httpbin.org:80:47550 â‰£16
   ðŸ”    2â†‘ðŸ”’    2â†“ðŸ”’   0s httpbin.org:80:47552 â‰£16
]

ConnectionPool[
   â¸    7â†‘ðŸ”’    7â†“    0s httpbin.org:443:39944 â‰£16
   ðŸ”    6â†‘ðŸ”’    6â†“ðŸ”’   0s httpbin.org:443:39948 â‰£16
   ðŸ”    5â†‘ðŸ”’    5â†“ðŸ”’   0s httpbin.org:443:39950 â‰£16
   ðŸ”    4â†‘ðŸ”’    4â†“ðŸ”’   0s httpbin.org:443:39952 â‰£16
   ðŸ”    3â†‘ðŸ”’    3â†“ðŸ”’   0s httpbin.org:443:42630 â‰£16
   ðŸ”    2â†‘ðŸ”’    2â†“ðŸ”’   0s httpbin.org:443:42632 â‰£16
   ðŸ”    1â†‘ðŸ”’    1â†“ðŸ”’   0s httpbin.org:443:39958 â‰£16
   ðŸ”    0â†‘ðŸ”’    0â†“ðŸ”’   0s httpbin.org:443:42636 â‰£16
]

ConnectionPool[
   ðŸ”    3â†‘ðŸ”’    3â†“    0s httpbin.org:80:50808 â‰£16
   ðŸ”    3â†‘ðŸ”’    2â†“ðŸ”’   0s httpbin.org:80:47608 â‰£16
   ðŸ”    3â†‘     2â†“ðŸ”’   0s httpbin.org:80:47610 â‰£16
   ðŸ”    3â†‘     1â†“ðŸ”’   0s httpbin.org:80:47612 â‰£16
   ðŸ”    3â†‘     1â†“ðŸ”’   0s httpbin.org:80:47614 â‰£16
   ðŸ”    2â†‘     1â†“ðŸ”’   0s httpbin.org:80:50818 â‰£16
   ðŸ”    2â†‘     1â†“ðŸ”’   0s httpbin.org:80:50820 â‰£16
   ðŸ”    1â†‘     0â†“ðŸ”’   0s httpbin.org:80:50822 â‰£16
]

ConnectionPool[
   â¸    7â†‘ðŸ”’    7â†“    0s httpbin.org:443:39978 â‰£16
   â¸    6â†‘ðŸ”’    6â†“    0s httpbin.org:443:42656 â‰£16
   ðŸ”    6â†‘     5â†“ðŸ”’   0s httpbin.org:443:42660 â‰£16
   ðŸ”    5â†‘     4â†“ðŸ”’   0s httpbin.org:443:42662 â‰£16
   ðŸ”    4â†‘     3â†“ðŸ”’   0s httpbin.org:443:42664 â‰£16
   ðŸ”    3â†‘     2â†“ðŸ”’   0s httpbin.org:443:39990 â‰£16
   ðŸ”    2â†‘     1â†“ðŸ”’   0s httpbin.org:443:42668 â‰£16
   ðŸ”    1â†‘     0â†“ðŸ”’   0s httpbin.org:443:42672 â‰£16
]

ConnectionPool[
   ðŸ”    3â†‘ðŸ”’    2â†“ðŸ”’   0s httpbin.org:80:47646 â‰£16
   ðŸ”    3â†‘ðŸ”’    2â†“ðŸ”’   0s httpbin.org:80:47648 â‰£16
   ðŸ”    3â†‘     2â†“ðŸ”’   0s httpbin.org:80:47650 â‰£16
   ðŸ”    3â†‘     1â†“ðŸ”’   0s httpbin.org:80:47652 â‰£16
   ðŸ”    3â†‘     1â†“ðŸ”’   0s httpbin.org:80:50856 â‰£16
   ðŸ”    2â†‘     1â†“ðŸ”’   0s httpbin.org:80:50858 â‰£16
   ðŸ”    2â†‘     1â†“ðŸ”’   0s httpbin.org:80:50860 â‰£16
   ðŸ”    1â†‘     0â†“ðŸ”’   0s httpbin.org:80:50862 â‰£16
]

ConnectionPool[
   â¸    7â†‘ðŸ”’    7â†“    0s httpbin.org:443:40018 â‰£16
   â¸    6â†‘ðŸ”’    6â†“    0s httpbin.org:443:40020 â‰£16
   ðŸ”    6â†‘     5â†“ðŸ”’   0s httpbin.org:443:42698 â‰£16
   ðŸ”    5â†‘     4â†“ðŸ”’   0s httpbin.org:443:40024 â‰£16
   ðŸ”    4â†‘     3â†“ðŸ”’   0s httpbin.org:443:40026 â‰£16
   ðŸ”    3â†‘     2â†“ðŸ”’   0s httpbin.org:443:40028 â‰£16
   ðŸ”    2â†‘     1â†“ðŸ”’   0s httpbin.org:443:40030 â‰£16
   ðŸ”    1â†‘     0â†“ðŸ”’   0s httpbin.org:443:40032 â‰£16
]

ConnectionPool[
   â¸    7â†‘ðŸ”’    7â†“    0s httpbin.org:443:40052 â‰£16
   â¸    6â†‘ðŸ”’    6â†“    0s httpbin.org:443:42730 â‰£16
   ðŸ”    6â†‘     5â†“ðŸ”’   0s httpbin.org:443:42732 â‰£16
   ðŸ”    5â†‘     4â†“ðŸ”’   0s httpbin.org:443:40058 â‰£16
   ðŸ”    4â†‘     3â†“ðŸ”’   0s httpbin.org:443:40060 â‰£16
   ðŸ”    3â†‘     2â†“ðŸ”’   0s httpbin.org:443:42738 â‰£16
   ðŸ”    2â†‘     1â†“ðŸ”’   0s httpbin.org:443:40064 â‰£16
   ðŸ”    1â†‘     0â†“ðŸ”’   0s httpbin.org:443:40066 â‰£16
]

Running aws4.jl tests...
Running insert_layers.jl tests...
WARNING: replacing module TestRequest.
WARNING: using TestRequest.TestLayer in module Main conflicts with an existing identifier.
Running mwe.jl tests...
Test Summary: | Pass  Broken  Total
HTTP          | 4753     107   4860
   Testing HTTP tests passed 
