 Resolving package versions...
 Installed RawFile ─ v1.0.0
  Updating `~/.julia/environments/v1.2/Project.toml`
  [7a16de70] + RawFile v1.0.0
  Updating `~/.julia/environments/v1.2/Manifest.toml`
  [7a16de70] + RawFile v1.0.0
   Testing RawFile
[ Info: No changes
    Status `/tmp/jl_JwFSDD/Manifest.toml`
  [7a16de70] RawFile v1.0.0
[ Info: (100,)
[ Info: (100,)
[ Info: UInt8[0x20, 0x9e, 0xfe, 0xdf, 0x47, 0x4f, 0x03, 0xe3, 0x51, 0xbd, 0xe1]
[ Info: UInt8[0x20, 0x9e, 0xfe, 0xdf, 0x47, 0x4f, 0x03, 0xe3, 0x51, 0xbd, 0xe1]
[ Info: (75, 100)
[ Info: (75, 100)
[ Info: UInt8[0x04, 0xb7, 0x1e, 0xce, 0x67, 0xc6, 0x87, 0x9c, 0xa9, 0x18, 0xf3]
[ Info: UInt8[0x04, 0xb7, 0x1e, 0xce, 0x67, 0xc6, 0x87, 0x9c, 0xa9, 0x18, 0xf3]
[ Info: (10, 20, 50)
[ Info: (10, 20, 50)
[ Info: UInt8[0xda, 0x88, 0x63, 0xc7, 0xd5, 0xeb, 0x12, 0x99, 0x92, 0xb8, 0x63]
[ Info: UInt8[0xda, 0x88, 0x63, 0xc7, 0xd5, 0xeb, 0x12, 0x99, 0x92, 0xb8, 0x63]
[ Info: (100,)
[ Info: (100,)
[ Info: Int32[-1932991700, 450956331, 1869994608, 1852069461, 1423534740, 860821782, -1593842965, 2039803084, -1402240289, 1992686250, -1369071910]
[ Info: Int32[-1932991700, 450956331, 1869994608, 1852069461, 1423534740, 860821782, -1593842965, 2039803084, -1402240289, 1992686250, -1369071910]
[ Info: (75, 100)
[ Info: (75, 100)
[ Info: Int32[195845393, 813663210, -1830197662, -1339664983, 949890405, 889212865, 1837780054, 118073951, -1924857287, -917425017, -1986271243]
[ Info: Int32[195845393, 813663210, -1830197662, -1339664983, 949890405, 889212865, 1837780054, 118073951, -1924857287, -917425017, -1986271243]
[ Info: (10, 20, 50)
[ Info: (10, 20, 50)
[ Info: Int32[-256311887, -1416908515, 780600582, 1555216340, 1996691551, -748033930, -791996850, -308124846, -243924546, -655772552, 1218725670]
[ Info: Int32[-256311887, -1416908515, 780600582, 1555216340, 1996691551, -748033930, -791996850, -308124846, -243924546, -655772552, 1218725670]
[ Info: (100,)
[ Info: (100,)
[ Info: [-7563192094393053296, 8426859530487176773, -8478951389991853571, -7092337643333780201, 4355093851556109870, -9195404172791061664, -554849797146666158, -5257399147639914907, -5574112059361197126, -1487220865749468512, 8372405988111945466]
[ Info: [-7563192094393053296, 8426859530487176773, -8478951389991853571, -7092337643333780201, 4355093851556109870, -9195404172791061664, -554849797146666158, -5257399147639914907, -5574112059361197126, -1487220865749468512, 8372405988111945466]
[ Info: (75, 100)
[ Info: (75, 100)
[ Info: [-8698879198470481040, -7870666802365504034, -2592759533528500886, 7118472714401105074, 6772604000075013815, -677506869766524041, -4800414735602750549, 8809208495954601386, 8160175630068903751, -5535170416890862923, -7703196341963211981]
[ Info: [-8698879198470481040, -7870666802365504034, -2592759533528500886, 7118472714401105074, 6772604000075013815, -677506869766524041, -4800414735602750549, 8809208495954601386, 8160175630068903751, -5535170416890862923, -7703196341963211981]
[ Info: (10, 20, 50)
[ Info: (10, 20, 50)
[ Info: [-7002327863811286726, 8996788758052136894, -4399399521095118680, 2748588693655479137, -4009912297867219727, -3789433443392833070, 774376925793105113, -8271563883093077473, 7536999469873767183, 4281634886976541421, 7441539135371160534]
[ Info: [-7002327863811286726, 8996788758052136894, -4399399521095118680, 2748588693655479137, -4009912297867219727, -3789433443392833070, 774376925793105113, -8271563883093077473, 7536999469873767183, 4281634886976541421, 7441539135371160534]
[ Info: (100,)
[ Info: (100,)
[ Info: Float32[0.81134164, 0.12373674, 0.63072145, 0.38421118, 0.6081165, 0.44621348, 0.6955445, 0.60892427, 0.037017107, 0.7095748, 0.9430615]
[ Info: Float32[0.81134164, 0.12373674, 0.63072145, 0.38421118, 0.6081165, 0.44621348, 0.6955445, 0.60892427, 0.037017107, 0.7095748, 0.9430615]
[ Info: (75, 100)
[ Info: (75, 100)
[ Info: Float32[0.30850625, 0.4810822, 0.23218107, 0.4004767, 0.71397626, 0.39797986, 0.6715672, 0.4168676, 0.5281403, 0.66187465, 0.14429522]
[ Info: Float32[0.30850625, 0.4810822, 0.23218107, 0.4004767, 0.71397626, 0.39797986, 0.6715672, 0.4168676, 0.5281403, 0.66187465, 0.14429522]
[ Info: (10, 20, 50)
[ Info: (10, 20, 50)
[ Info: Float32[0.8004595, 0.20382345, 0.062399745, 0.8926928, 0.52127564, 0.8214023, 0.24072921, 0.21118641, 0.7986134, 0.64004946, 0.08784199]
[ Info: Float32[0.8004595, 0.20382345, 0.062399745, 0.8926928, 0.52127564, 0.8214023, 0.24072921, 0.21118641, 0.7986134, 0.64004946, 0.08784199]
[ Info: (100,)
[ Info: (100,)
[ Info: [0.006757675927837381, 0.5242429825717818, 0.9788930447241344, 0.8724041158671672, 0.7623119333538066, 0.3369476027645013, 0.7322105086110502, 0.28657802711675306, 0.6289394922686566, 0.6285076987534819, 0.5878755057280167]
[ Info: [0.006757675927837381, 0.5242429825717818, 0.9788930447241344, 0.8724041158671672, 0.7623119333538066, 0.3369476027645013, 0.7322105086110502, 0.28657802711675306, 0.6289394922686566, 0.6285076987534819, 0.5878755057280167]
[ Info: (75, 100)
[ Info: (75, 100)
[ Info: [0.07338081555832598, 0.03674693605480717, 0.6256150148565935, 0.923231164766452, 0.8006604947913327, 0.8298290401122677, 0.44781855930934067, 0.2811435018891868, 0.7265769350638034, 0.569044196711832, 0.4099877692984901]
[ Info: [0.07338081555832598, 0.03674693605480717, 0.6256150148565935, 0.923231164766452, 0.8006604947913327, 0.8298290401122677, 0.44781855930934067, 0.2811435018891868, 0.7265769350638034, 0.569044196711832, 0.4099877692984901]
[ Info: (10, 20, 50)
[ Info: (10, 20, 50)
[ Info: [0.45472924255228064, 0.4455056146434029, 0.6146998898316605, 0.2350929820254135, 0.8546532912485727, 0.7262537414897166, 0.2564258868794127, 0.020446495571941226, 0.286583328334848, 0.7030340557911123, 0.15488305002672487]
[ Info: [0.45472924255228064, 0.4455056146434029, 0.6146998898316605, 0.2350929820254135, 0.8546532912485727, 0.7262537414897166, 0.2564258868794127, 0.020446495571941226, 0.286583328334848, 0.7030340557911123, 0.15488305002672487]
[ Info: (100,)
[ Info: (100,)
[ Info: Complex{Float16}[Float16(0.2139) + Float16(0.4004)im, Float16(0.7725) + Float16(0.414)im, Float16(0.868) + Float16(0.1777)im, Float16(0.88) + Float16(0.3008)im, Float16(0.09766) + Float16(0.8555)im, Float16(0.3213) + Float16(0.9043)im, Float16(0.4043) + Float16(0.3105)im, Float16(0.251) + Float16(0.508)im, Float16(0.883) + Float16(0.0742)im, Float16(0.3564) + Float16(0.0869)im, Float16(0.6484) + Float16(0.9795)im]
[ Info: Complex{Float16}[Float16(0.2139) + Float16(0.4004)im, Float16(0.7725) + Float16(0.414)im, Float16(0.868) + Float16(0.1777)im, Float16(0.88) + Float16(0.3008)im, Float16(0.09766) + Float16(0.8555)im, Float16(0.3213) + Float16(0.9043)im, Float16(0.4043) + Float16(0.3105)im, Float16(0.251) + Float16(0.508)im, Float16(0.883) + Float16(0.0742)im, Float16(0.3564) + Float16(0.0869)im, Float16(0.6484) + Float16(0.9795)im]
[ Info: (75, 100)
[ Info: (75, 100)
[ Info: Complex{Float16}[Float16(0.6455) + Float16(0.288)im, Float16(0.8545) + Float16(0.744)im, Float16(0.9756) + Float16(0.961)im, Float16(0.377) + Float16(0.009766)im, Float16(0.7188) + Float16(0.1836)im, Float16(0.87) + Float16(0.8496)im, Float16(0.4785) + Float16(0.02832)im, Float16(0.7266) + Float16(0.2441)im, Float16(0.2461) + Float16(0.414)im, Float16(0.8145) + Float16(0.926)im, Float16(0.9287) + Float16(0.55)im]
[ Info: Complex{Float16}[Float16(0.6455) + Float16(0.288)im, Float16(0.8545) + Float16(0.744)im, Float16(0.9756) + Float16(0.961)im, Float16(0.377) + Float16(0.009766)im, Float16(0.7188) + Float16(0.1836)im, Float16(0.87) + Float16(0.8496)im, Float16(0.4785) + Float16(0.02832)im, Float16(0.7266) + Float16(0.2441)im, Float16(0.2461) + Float16(0.414)im, Float16(0.8145) + Float16(0.926)im, Float16(0.9287) + Float16(0.55)im]
[ Info: (10, 20, 50)
[ Info: (10, 20, 50)
[ Info: Complex{Float16}[Float16(0.416) + Float16(0.2246)im, Float16(0.913) + Float16(0.798)im, Float16(0.919) + Float16(0.838)im, Float16(0.2783) + Float16(0.1758)im, Float16(0.8945) + Float16(0.4668)im, Float16(0.3994) + Float16(0.7363)im, Float16(0.02344) + Float16(0.5273)im, Float16(0.6357) + Float16(0.2676)im, Float16(0.00293) + Float16(0.801)im, Float16(0.338) + Float16(0.0654)im, Float16(0.7764) + Float16(0.5273)im]
[ Info: Complex{Float16}[Float16(0.416) + Float16(0.2246)im, Float16(0.913) + Float16(0.798)im, Float16(0.919) + Float16(0.838)im, Float16(0.2783) + Float16(0.1758)im, Float16(0.8945) + Float16(0.4668)im, Float16(0.3994) + Float16(0.7363)im, Float16(0.02344) + Float16(0.5273)im, Float16(0.6357) + Float16(0.2676)im, Float16(0.00293) + Float16(0.801)im, Float16(0.338) + Float16(0.0654)im, Float16(0.7764) + Float16(0.5273)im]
[ Info: (100,)
[ Info: (100,)
[ Info: Complex{Float32}[0.62962246f0 + 0.15135992f0im, 0.2302283f0 + 0.8671936f0im, 0.4371686f0 + 0.2384696f0im, 0.24889219f0 + 0.8346013f0im, 0.75937665f0 + 0.6872361f0im, 0.4377185f0 + 0.1564492f0im, 0.5438074f0 + 0.052684426f0im, 0.13180494f0 + 0.83676934f0im, 0.99679077f0 + 0.19178092f0im, 0.5939169f0 + 0.3840735f0im, 0.24659729f0 + 0.24863958f0im]
[ Info: Complex{Float32}[0.62962246f0 + 0.15135992f0im, 0.2302283f0 + 0.8671936f0im, 0.4371686f0 + 0.2384696f0im, 0.24889219f0 + 0.8346013f0im, 0.75937665f0 + 0.6872361f0im, 0.4377185f0 + 0.1564492f0im, 0.5438074f0 + 0.052684426f0im, 0.13180494f0 + 0.83676934f0im, 0.99679077f0 + 0.19178092f0im, 0.5939169f0 + 0.3840735f0im, 0.24659729f0 + 0.24863958f0im]
[ Info: (75, 100)
[ Info: (75, 100)
[ Info: Complex{Float32}[0.19039583f0 + 0.73586535f0im, 0.27990007f0 + 0.25963676f0im, 0.23468971f0 + 0.48383343f0im, 0.44271708f0 + 0.1182704f0im, 0.51203763f0 + 0.61870706f0im, 0.8140843f0 + 0.22789788f0im, 0.82579994f0 + 0.42479122f0im, 0.66645825f0 + 0.26051533f0im, 0.5635296f0 + 0.57548344f0im, 0.5225085f0 + 0.4751178f0im, 0.03510046f0 + 0.9965967f0im]
[ Info: Complex{Float32}[0.19039583f0 + 0.73586535f0im, 0.27990007f0 + 0.25963676f0im, 0.23468971f0 + 0.48383343f0im, 0.44271708f0 + 0.1182704f0im, 0.51203763f0 + 0.61870706f0im, 0.8140843f0 + 0.22789788f0im, 0.82579994f0 + 0.42479122f0im, 0.66645825f0 + 0.26051533f0im, 0.5635296f0 + 0.57548344f0im, 0.5225085f0 + 0.4751178f0im, 0.03510046f0 + 0.9965967f0im]
[ Info: (10, 20, 50)
[ Info: (10, 20, 50)
[ Info: Complex{Float32}[0.449744f0 + 0.47563136f0im, 0.35088384f0 + 0.43837273f0im, 0.84084725f0 + 0.35470736f0im, 0.4700873f0 + 0.567907f0im, 0.6368011f0 + 0.29614592f0im, 0.89329374f0 + 0.6708752f0im, 0.46278167f0 + 0.8590026f0im, 0.960798f0 + 0.41794908f0im, 0.25215435f0 + 0.5771316f0im, 0.16160297f0 + 0.5678885f0im, 0.040195823f0 + 0.5950545f0im]
[ Info: Complex{Float32}[0.449744f0 + 0.47563136f0im, 0.35088384f0 + 0.43837273f0im, 0.84084725f0 + 0.35470736f0im, 0.4700873f0 + 0.567907f0im, 0.6368011f0 + 0.29614592f0im, 0.89329374f0 + 0.6708752f0im, 0.46278167f0 + 0.8590026f0im, 0.960798f0 + 0.41794908f0im, 0.25215435f0 + 0.5771316f0im, 0.16160297f0 + 0.5678885f0im, 0.040195823f0 + 0.5950545f0im]
   Testing RawFile tests passed 
