 Resolving package versions...
 Installed RawFile ─ v1.0.0
  Updating `~/.julia/environments/v1.3/Project.toml`
  [7a16de70] + RawFile v1.0.0
  Updating `~/.julia/environments/v1.3/Manifest.toml`
  [7a16de70] + RawFile v1.0.0
   Testing RawFile
[ Info: No changes
    Status `/tmp/jl_ZN4nIy/Manifest.toml`
  [7a16de70] RawFile v1.0.0
[ Info: (100,)
[ Info: (100,)
[ Info: UInt8[0xb2, 0x79, 0x70, 0x26, 0x97, 0xbe, 0x89, 0x08, 0x09, 0x17, 0x6d]
[ Info: UInt8[0xb2, 0x79, 0x70, 0x26, 0x97, 0xbe, 0x89, 0x08, 0x09, 0x17, 0x6d]
[ Info: (75, 100)
[ Info: (75, 100)
[ Info: UInt8[0xa2, 0x5a, 0xb9, 0x5a, 0x6b, 0x31, 0x09, 0x3b, 0xa9, 0x78, 0x35]
[ Info: UInt8[0xa2, 0x5a, 0xb9, 0x5a, 0x6b, 0x31, 0x09, 0x3b, 0xa9, 0x78, 0x35]
[ Info: (10, 20, 50)
[ Info: (10, 20, 50)
[ Info: UInt8[0x3d, 0x8a, 0xdb, 0x4f, 0x95, 0x02, 0xe1, 0xdf, 0xb0, 0x4f, 0xe2]
[ Info: UInt8[0x3d, 0x8a, 0xdb, 0x4f, 0x95, 0x02, 0xe1, 0xdf, 0xb0, 0x4f, 0xe2]
[ Info: (100,)
[ Info: (100,)
[ Info: Int32[-1851071116, 1896374677, 1317535604, 853330738, -1928096736, -945643062, -1966057805, -499593864, -1689589917, -2089968338, -1408593661]
[ Info: Int32[-1851071116, 1896374677, 1317535604, 853330738, -1928096736, -945643062, -1966057805, -499593864, -1689589917, -2089968338, -1408593661]
[ Info: (75, 100)
[ Info: (75, 100)
[ Info: Int32[-266938430, 1133523635, -161842985, -1677354081, -215886264, -330018545, 1679705246, 1218271864, -1555218878, 1409833605, 2058838335]
[ Info: Int32[-266938430, 1133523635, -161842985, -1677354081, -215886264, -330018545, 1679705246, 1218271864, -1555218878, 1409833605, 2058838335]
[ Info: (10, 20, 50)
[ Info: (10, 20, 50)
[ Info: Int32[-716226194, 1731075905, 461831125, 1776040132, 365223376, -1176324686, 916245157, 654516596, -585751777, -1128420237, -1899170675]
[ Info: Int32[-716226194, 1731075905, 461831125, 1776040132, 365223376, -1176324686, 916245157, 654516596, -585751777, -1128420237, -1899170675]
[ Info: (100,)
[ Info: (100,)
[ Info: [355926033229303248, 8962514692777880031, -4461725671325196098, 1650745570509811119, -867240221117098177, -2873322454207474343, -5437105117852054883, 5810032806385534309, -8708196483129715459, -5015804821382850931, -9198196357345286864]
[ Info: [355926033229303248, 8962514692777880031, -4461725671325196098, 1650745570509811119, -867240221117098177, -2873322454207474343, -5437105117852054883, 5810032806385534309, -8708196483129715459, -5015804821382850931, -9198196357345286864]
[ Info: (75, 100)
[ Info: (75, 100)
[ Info: [1392342037307770423, 2051666155238811959, 2668722530285206573, -5431982097194231998, -882761058751643238, -6512455732007704590, 6204334269411863095, -7358224908893085955, -3096216702960296023, -3745045669047259416, 4926977151570786503]
[ Info: [1392342037307770423, 2051666155238811959, 2668722530285206573, -5431982097194231998, -882761058751643238, -6512455732007704590, 6204334269411863095, -7358224908893085955, -3096216702960296023, -3745045669047259416, 4926977151570786503]
[ Info: (10, 20, 50)
[ Info: (10, 20, 50)
[ Info: [-3588181287639083329, 4357687227734010064, 7919103878819061624, 8121188729887474821, 2243297502299011813, -2048854136189989535, -1576172708009732661, -6266691867904582172, 973928941514474261, 3680013932427832580, -5204437657331080236]
[ Info: [-3588181287639083329, 4357687227734010064, 7919103878819061624, 8121188729887474821, 2243297502299011813, -2048854136189989535, -1576172708009732661, -6266691867904582172, 973928941514474261, 3680013932427832580, -5204437657331080236]
[ Info: (100,)
[ Info: (100,)
[ Info: Float32[0.9706651, 0.15649962, 0.61825025, 0.06279993, 0.4082781, 0.13319099, 0.6128942, 0.24490333, 0.23307312, 0.36542463, 0.19839835]
[ Info: Float32[0.9706651, 0.15649962, 0.61825025, 0.06279993, 0.4082781, 0.13319099, 0.6128942, 0.24490333, 0.23307312, 0.36542463, 0.19839835]
[ Info: (75, 100)
[ Info: (75, 100)
[ Info: Float32[0.2267847, 0.5549513, 0.9677578, 0.79644847, 0.2723794, 0.88686895, 0.0316689, 0.5414798, 0.9681555, 0.9707844, 0.874544]
[ Info: Float32[0.2267847, 0.5549513, 0.9677578, 0.79644847, 0.2723794, 0.88686895, 0.0316689, 0.5414798, 0.9681555, 0.9707844, 0.874544]
[ Info: (10, 20, 50)
[ Info: (10, 20, 50)
[ Info: Float32[0.6171659, 0.47091782, 0.69723463, 0.6294148, 0.7522572, 0.6465821, 0.76182544, 0.5330765, 0.68615294, 0.262766, 0.7619206]
[ Info: Float32[0.6171659, 0.47091782, 0.69723463, 0.6294148, 0.7522572, 0.6465821, 0.76182544, 0.5330765, 0.68615294, 0.262766, 0.7619206]
[ Info: (100,)
[ Info: (100,)
[ Info: [0.42599735594591737, 0.17444104386032855, 0.07463363913130716, 0.3585224382244794, 0.094376381855654, 0.7219679791809954, 0.706331247960184, 0.9941379855433174, 0.18982703563401904, 0.30289827869539687, 0.7345068170297964]
[ Info: [0.42599735594591737, 0.17444104386032855, 0.07463363913130716, 0.3585224382244794, 0.094376381855654, 0.7219679791809954, 0.706331247960184, 0.9941379855433174, 0.18982703563401904, 0.30289827869539687, 0.7345068170297964]
[ Info: (75, 100)
[ Info: (75, 100)
[ Info: [0.6267797124334944, 0.9787695923099815, 0.07170504053754079, 0.1374923824706209, 0.19236673342958555, 0.6777180980472521, 0.9392889733669747, 0.6009649559661465, 0.7817821628755908, 0.8310278793256345, 0.961105311541562]
[ Info: [0.6267797124334944, 0.9787695923099815, 0.07170504053754079, 0.1374923824706209, 0.19236673342958555, 0.6777180980472521, 0.9392889733669747, 0.6009649559661465, 0.7817821628755908, 0.8310278793256345, 0.961105311541562]
[ Info: (10, 20, 50)
[ Info: (10, 20, 50)
[ Info: [0.5697848711343791, 0.3394553334668815, 0.634991421557153, 0.8889234600666385, 0.554039479152894, 0.45478020714744516, 0.4534890054249283, 0.42577832274323213, 0.18385431976152322, 0.8293134410547307, 0.2252213529543925]
[ Info: [0.5697848711343791, 0.3394553334668815, 0.634991421557153, 0.8889234600666385, 0.554039479152894, 0.45478020714744516, 0.4534890054249283, 0.42577832274323213, 0.18385431976152322, 0.8293134410547307, 0.2252213529543925]
[ Info: (100,)
[ Info: (100,)
[ Info: Complex{Float16}[Float16(0.5713) + Float16(0.829)im, Float16(0.745) + Float16(0.10254)im, Float16(0.4365) + Float16(0.06055)im, Float16(0.5215) + Float16(0.746)im, Float16(0.7686) + Float16(0.4219)im, Float16(0.55) + Float16(0.635)im, Float16(0.3174) + Float16(0.4102)im, Float16(0.913) + Float16(0.4932)im, Float16(0.9834) + Float16(0.1113)im, Float16(0.8867) + Float16(0.455)im, Float16(0.671) + Float16(0.335)im]
[ Info: Complex{Float16}[Float16(0.5713) + Float16(0.829)im, Float16(0.745) + Float16(0.10254)im, Float16(0.4365) + Float16(0.06055)im, Float16(0.5215) + Float16(0.746)im, Float16(0.7686) + Float16(0.4219)im, Float16(0.55) + Float16(0.635)im, Float16(0.3174) + Float16(0.4102)im, Float16(0.913) + Float16(0.4932)im, Float16(0.9834) + Float16(0.1113)im, Float16(0.8867) + Float16(0.455)im, Float16(0.671) + Float16(0.335)im]
[ Info: (75, 100)
[ Info: (75, 100)
[ Info: Complex{Float16}[Float16(0.1982) + Float16(0.3252)im, Float16(0.7197) + Float16(0.712)im, Float16(0.1475) + Float16(0.2168)im, Float16(0.3857) + Float16(0.1768)im, Float16(0.1768) + Float16(0.9844)im, Float16(0.3271) + Float16(0.1279)im, Float16(0.252) + Float16(0.4902)im, Float16(0.8447) + Float16(0.2646)im, Float16(0.0957) + Float16(0.716)im, Float16(0.372) + Float16(0.3896)im, Float16(0.3994) + Float16(0.01758)im]
[ Info: Complex{Float16}[Float16(0.1982) + Float16(0.3252)im, Float16(0.7197) + Float16(0.712)im, Float16(0.1475) + Float16(0.2168)im, Float16(0.3857) + Float16(0.1768)im, Float16(0.1768) + Float16(0.9844)im, Float16(0.3271) + Float16(0.1279)im, Float16(0.252) + Float16(0.4902)im, Float16(0.8447) + Float16(0.2646)im, Float16(0.0957) + Float16(0.716)im, Float16(0.372) + Float16(0.3896)im, Float16(0.3994) + Float16(0.01758)im]
[ Info: (10, 20, 50)
[ Info: (10, 20, 50)
[ Info: Complex{Float16}[Float16(0.375) + Float16(0.3564)im, Float16(0.10156) + Float16(0.7354)im, Float16(0.71) + Float16(0.744)im, Float16(0.6104) + Float16(0.953)im, Float16(0.9297) + Float16(0.21)im, Float16(0.4277) + Float16(0.993)im, Float16(0.4268) + Float16(0.7354)im, Float16(0.8213) + Float16(0.2305)im, Float16(0.3516) + Float16(0.9766)im, Float16(0.616) + Float16(0.7217)im, Float16(0.4004) + Float16(0.374)im]
[ Info: Complex{Float16}[Float16(0.375) + Float16(0.3564)im, Float16(0.10156) + Float16(0.7354)im, Float16(0.71) + Float16(0.744)im, Float16(0.6104) + Float16(0.953)im, Float16(0.9297) + Float16(0.21)im, Float16(0.4277) + Float16(0.993)im, Float16(0.4268) + Float16(0.7354)im, Float16(0.8213) + Float16(0.2305)im, Float16(0.3516) + Float16(0.9766)im, Float16(0.616) + Float16(0.7217)im, Float16(0.4004) + Float16(0.374)im]
[ Info: (100,)
[ Info: (100,)
[ Info: Complex{Float32}[0.52112067f0 + 0.18195915f0im, 0.041993737f0 + 0.58606946f0im, 0.12095666f0 + 0.13383949f0im, 0.7382089f0 + 0.33951378f0im, 0.51787806f0 + 0.7195773f0im, 0.114978075f0 + 0.35042346f0im, 0.19532442f0 + 0.7238418f0im, 0.05816281f0 + 0.31437683f0im, 0.12679517f0 + 0.13765693f0im, 0.530671f0 + 0.2086494f0im, 0.7589972f0 + 0.8857112f0im]
[ Info: Complex{Float32}[0.52112067f0 + 0.18195915f0im, 0.041993737f0 + 0.58606946f0im, 0.12095666f0 + 0.13383949f0im, 0.7382089f0 + 0.33951378f0im, 0.51787806f0 + 0.7195773f0im, 0.114978075f0 + 0.35042346f0im, 0.19532442f0 + 0.7238418f0im, 0.05816281f0 + 0.31437683f0im, 0.12679517f0 + 0.13765693f0im, 0.530671f0 + 0.2086494f0im, 0.7589972f0 + 0.8857112f0im]
[ Info: (75, 100)
[ Info: (75, 100)
[ Info: Complex{Float32}[0.25752985f0 + 0.7478858f0im, 0.24143183f0 + 0.48113024f0im, 0.07803655f0 + 0.5350622f0im, 0.13852847f0 + 0.23744142f0im, 0.35609233f0 + 0.9413254f0im, 0.072913885f0 + 0.96256185f0im, 0.79562724f0 + 0.59024405f0im, 0.19256496f0 + 0.09477353f0im, 0.048507333f0 + 0.40632033f0im, 0.5339923f0 + 0.641927f0im, 0.19780076f0 + 0.9159732f0im]
[ Info: Complex{Float32}[0.25752985f0 + 0.7478858f0im, 0.24143183f0 + 0.48113024f0im, 0.07803655f0 + 0.5350622f0im, 0.13852847f0 + 0.23744142f0im, 0.35609233f0 + 0.9413254f0im, 0.072913885f0 + 0.96256185f0im, 0.79562724f0 + 0.59024405f0im, 0.19256496f0 + 0.09477353f0im, 0.048507333f0 + 0.40632033f0im, 0.5339923f0 + 0.641927f0im, 0.19780076f0 + 0.9159732f0im]
[ Info: (10, 20, 50)
[ Info: (10, 20, 50)
[ Info: Complex{Float32}[0.24376476f0 + 0.5906186f0im, 0.6152059f0 + 0.1311506f0im, 0.13246775f0 + 0.99860454f0im, 0.68752635f0 + 0.1279633f0im, 0.3287531f0 + 0.2022413f0im, 0.69584f0 + 0.9918221f0im, 0.8033769f0 + 0.8809402f0im, 0.13255155f0 + 0.2045883f0im, 0.46086133f0 + 0.74308705f0im, 0.06528115f0 + 0.37198007f0im, 0.99807644f0 + 0.65372443f0im]
[ Info: Complex{Float32}[0.24376476f0 + 0.5906186f0im, 0.6152059f0 + 0.1311506f0im, 0.13246775f0 + 0.99860454f0im, 0.68752635f0 + 0.1279633f0im, 0.3287531f0 + 0.2022413f0im, 0.69584f0 + 0.9918221f0im, 0.8033769f0 + 0.8809402f0im, 0.13255155f0 + 0.2045883f0im, 0.46086133f0 + 0.74308705f0im, 0.06528115f0 + 0.37198007f0im, 0.99807644f0 + 0.65372443f0im]
   Testing RawFile tests passed 
