 Resolving package versions...
 Installed RawFile ─ v1.0.0
  Updating `~/.julia/environments/v1.3/Project.toml`
  [7a16de70] + RawFile v1.0.0
  Updating `~/.julia/environments/v1.3/Manifest.toml`
  [7a16de70] + RawFile v1.0.0
   Testing RawFile
[ Info: No changes
    Status `/tmp/jl_zVdVFq/Manifest.toml`
  [7a16de70] RawFile v1.0.0
[ Info: (100,)
[ Info: (100,)
[ Info: UInt8[0xf5, 0xb5, 0x34, 0xad, 0xc1, 0x67, 0xdb, 0xe7, 0x38, 0xfb, 0x68]
[ Info: UInt8[0xf5, 0xb5, 0x34, 0xad, 0xc1, 0x67, 0xdb, 0xe7, 0x38, 0xfb, 0x68]
[ Info: (75, 100)
[ Info: (75, 100)
[ Info: UInt8[0xa6, 0xc7, 0xb3, 0x43, 0x6d, 0x0d, 0xa4, 0x79, 0x48, 0x30, 0x92]
[ Info: UInt8[0xa6, 0xc7, 0xb3, 0x43, 0x6d, 0x0d, 0xa4, 0x79, 0x48, 0x30, 0x92]
[ Info: (10, 20, 50)
[ Info: (10, 20, 50)
[ Info: UInt8[0x57, 0x0e, 0x62, 0xbb, 0x31, 0x18, 0xf9, 0x66, 0x39, 0x76, 0x77]
[ Info: UInt8[0x57, 0x0e, 0x62, 0xbb, 0x31, 0x18, 0xf9, 0x66, 0x39, 0x76, 0x77]
[ Info: (100,)
[ Info: (100,)
[ Info: Int32[1347134537, 704430658, -178463766, 639523164, 287112089, 1162432878, -1394850391, -233274563, 2094385371, -818548440, -30901517]
[ Info: Int32[1347134537, 704430658, -178463766, 639523164, 287112089, 1162432878, -1394850391, -233274563, 2094385371, -818548440, -30901517]
[ Info: (75, 100)
[ Info: (75, 100)
[ Info: Int32[2138222569, -2071383622, -129804932, -1797792583, 1497203122, 1239838291, 1966172421, 2111244352, 436850927, -2137237155, -959826559]
[ Info: Int32[2138222569, -2071383622, -129804932, -1797792583, 1497203122, 1239838291, 1966172421, 2111244352, 436850927, -2137237155, -959826559]
[ Info: (10, 20, 50)
[ Info: (10, 20, 50)
[ Info: Int32[-1732259326, -1250143985, -1142555341, 1500135199, 191593291, 505745519, 471149638, 2056768444, -1456001911, 1368190286, -732283111]
[ Info: Int32[-1732259326, -1250143985, -1142555341, 1500135199, 191593291, 505745519, 471149638, 2056768444, -1456001911, 1368190286, -732283111]
[ Info: (100,)
[ Info: (100,)
[ Info: [-8154416552277853496, 4006582496256845520, 8803918845587631436, 6833057878962065057, -4666187751786522142, 1942876735198983464, 5085118629904641317, 7589540716654541624, -1529654627217556104, 481225336752443528, -6462535054054507668]
[ Info: [-8154416552277853496, 4006582496256845520, 8803918845587631436, 6833057878962065057, -4666187751786522142, 1942876735198983464, 5085118629904641317, 7589540716654541624, -1529654627217556104, 481225336752443528, -6462535054054507668]
[ Info: (75, 100)
[ Info: (75, 100)
[ Info: [4497875322929505680, -5497259542273093859, -6742912680087829628, 541190900592764286, -4443799186627394864, -6118931956114341310, 1494246495483631265, -7744696359239141123, -6856389982795716314, 747693338145998439, -6711472874602880883]
[ Info: [4497875322929505680, -5497259542273093859, -6742912680087829628, 541190900592764286, -4443799186627394864, -6118931956114341310, 1494246495483631265, -7744696359239141123, -6856389982795716314, 747693338145998439, -6711472874602880883]
[ Info: (10, 20, 50)
[ Info: (10, 20, 50)
[ Info: [429282552566601626, 2585139801449221949, 3142458058577931402, -5847595323214181208, 6881532703941334198, -8267580451396061252, 2050748590447502376, 3908933707542739605, 979422424408258858, 1117180502107531073, 1364114138579548578]
[ Info: [429282552566601626, 2585139801449221949, 3142458058577931402, -5847595323214181208, 6881532703941334198, -8267580451396061252, 2050748590447502376, 3908933707542739605, 979422424408258858, 1117180502107531073, 1364114138579548578]
[ Info: (100,)
[ Info: (100,)
[ Info: Float32[0.79143536, 0.6677066, 0.58952475, 0.65861, 0.4513216, 0.6105809, 0.11267698, 0.9789115, 0.13113058, 0.0051738024, 0.26846576]
[ Info: Float32[0.79143536, 0.6677066, 0.58952475, 0.65861, 0.4513216, 0.6105809, 0.11267698, 0.9789115, 0.13113058, 0.0051738024, 0.26846576]
[ Info: (75, 100)
[ Info: (75, 100)
[ Info: Float32[0.17935109, 0.20681918, 0.34622943, 0.8335664, 0.3917836, 0.5034332, 0.5269778, 0.17724311, 0.30951917, 0.18088901, 0.34930575]
[ Info: Float32[0.17935109, 0.20681918, 0.34622943, 0.8335664, 0.3917836, 0.5034332, 0.5269778, 0.17724311, 0.30951917, 0.18088901, 0.34930575]
[ Info: (10, 20, 50)
[ Info: (10, 20, 50)
[ Info: Float32[0.33657944, 0.07961917, 0.4897263, 0.3634082, 0.306993, 0.8328754, 0.089285254, 0.66753006, 0.04276538, 0.66519165, 0.37262833]
[ Info: Float32[0.33657944, 0.07961917, 0.4897263, 0.3634082, 0.306993, 0.8328754, 0.089285254, 0.66753006, 0.04276538, 0.66519165, 0.37262833]
[ Info: (100,)
[ Info: (100,)
[ Info: [0.0038711012423138236, 0.8242219975840916, 0.7134410180987012, 0.758525589227206, 0.45653252097435115, 0.5069562525409523, 0.24975730084310643, 0.9598295875655998, 0.1835454436459103, 0.3282747309341756, 0.3731120604234959]
[ Info: [0.0038711012423138236, 0.8242219975840916, 0.7134410180987012, 0.758525589227206, 0.45653252097435115, 0.5069562525409523, 0.24975730084310643, 0.9598295875655998, 0.1835454436459103, 0.3282747309341756, 0.3731120604234959]
[ Info: (75, 100)
[ Info: (75, 100)
[ Info: [0.9341179728916913, 0.8484603324010835, 0.14088985627453643, 0.7372314572596479, 0.7072206594512589, 0.08830370127875442, 0.6161818541284165, 0.45391753231038634, 0.05426589480529653, 0.11261476159374473, 0.7652075034987913]
[ Info: [0.9341179728916913, 0.8484603324010835, 0.14088985627453643, 0.7372314572596479, 0.7072206594512589, 0.08830370127875442, 0.6161818541284165, 0.45391753231038634, 0.05426589480529653, 0.11261476159374473, 0.7652075034987913]
[ Info: (10, 20, 50)
[ Info: (10, 20, 50)
[ Info: [0.2622340589733583, 0.11747526592732171, 0.7976392597874702, 0.3310352928745357, 0.6560080952492997, 0.5824264323041743, 0.4174684972766305, 0.1278710415918074, 0.34216992284964043, 0.8222818955380218, 0.165472845514419]
[ Info: [0.2622340589733583, 0.11747526592732171, 0.7976392597874702, 0.3310352928745357, 0.6560080952492997, 0.5824264323041743, 0.4174684972766305, 0.1278710415918074, 0.34216992284964043, 0.8222818955380218, 0.165472845514419]
[ Info: (100,)
[ Info: (100,)
[ Info: Complex{Float16}[Float16(0.9717) + Float16(0.548)im, Float16(0.9873) + Float16(0.508)im, Float16(0.497) + Float16(0.1504)im, Float16(0.1377) + Float16(0.3828)im, Float16(0.616) + Float16(0.0586)im, Float16(0.4092) + Float16(0.6787)im, Float16(0.2383) + Float16(0.1387)im, Float16(0.0957) + Float16(0.8877)im, Float16(0.5186) + Float16(0.6787)im, Float16(0.6045) + Float16(0.331)im, Float16(0.957) + Float16(0.551)im]
[ Info: Complex{Float16}[Float16(0.9717) + Float16(0.548)im, Float16(0.9873) + Float16(0.508)im, Float16(0.497) + Float16(0.1504)im, Float16(0.1377) + Float16(0.3828)im, Float16(0.616) + Float16(0.0586)im, Float16(0.4092) + Float16(0.6787)im, Float16(0.2383) + Float16(0.1387)im, Float16(0.0957) + Float16(0.8877)im, Float16(0.5186) + Float16(0.6787)im, Float16(0.6045) + Float16(0.331)im, Float16(0.957) + Float16(0.551)im]
[ Info: (75, 100)
[ Info: (75, 100)
[ Info: Complex{Float16}[Float16(0.375) + Float16(0.4785)im, Float16(0.4727) + Float16(0.1641)im, Float16(0.3975) + Float16(0.2598)im, Float16(0.02441) + Float16(0.252)im, Float16(0.958) + Float16(0.968)im, Float16(0.823) + Float16(0.8066)im, Float16(0.96) + Float16(0.04297)im, Float16(0.8037) + Float16(0.5986)im, Float16(0.546) + Float16(0.702)im, Float16(0.4277) + Float16(0.2783)im, Float16(0.2295) + Float16(0.5703)im]
[ Info: Complex{Float16}[Float16(0.375) + Float16(0.4785)im, Float16(0.4727) + Float16(0.1641)im, Float16(0.3975) + Float16(0.2598)im, Float16(0.02441) + Float16(0.252)im, Float16(0.958) + Float16(0.968)im, Float16(0.823) + Float16(0.8066)im, Float16(0.96) + Float16(0.04297)im, Float16(0.8037) + Float16(0.5986)im, Float16(0.546) + Float16(0.702)im, Float16(0.4277) + Float16(0.2783)im, Float16(0.2295) + Float16(0.5703)im]
[ Info: (10, 20, 50)
[ Info: (10, 20, 50)
[ Info: Complex{Float16}[Float16(0.5703) + Float16(0.2432)im, Float16(0.704) + Float16(0.1787)im, Float16(0.9336) + Float16(0.1494)im, Float16(0.54) + Float16(0.926)im, Float16(0.0996) + Float16(0.5527)im, Float16(0.76) + Float16(0.5566)im, Float16(0.371) + Float16(0.968)im, Float16(0.6914) + Float16(0.911)im, Float16(0.835) + Float16(0.659)im, Float16(0.868) + Float16(0.3164)im, Float16(0.5986) + Float16(0.6416)im]
[ Info: Complex{Float16}[Float16(0.5703) + Float16(0.2432)im, Float16(0.704) + Float16(0.1787)im, Float16(0.9336) + Float16(0.1494)im, Float16(0.54) + Float16(0.926)im, Float16(0.0996) + Float16(0.5527)im, Float16(0.76) + Float16(0.5566)im, Float16(0.371) + Float16(0.968)im, Float16(0.6914) + Float16(0.911)im, Float16(0.835) + Float16(0.659)im, Float16(0.868) + Float16(0.3164)im, Float16(0.5986) + Float16(0.6416)im]
[ Info: (100,)
[ Info: (100,)
[ Info: Complex{Float32}[0.79592645f0 + 0.86579645f0im, 0.722407f0 + 0.058043003f0im, 0.92732096f0 + 0.34010756f0im, 0.89995587f0 + 0.15239286f0im, 0.5102658f0 + 0.13129318f0im, 0.7855642f0 + 0.93514085f0im, 0.14573932f0 + 0.7847949f0im, 0.4990095f0 + 0.17742765f0im, 0.17781138f0 + 0.4588927f0im, 0.822286f0 + 0.41360044f0im, 0.8246428f0 + 0.5736277f0im]
[ Info: Complex{Float32}[0.79592645f0 + 0.86579645f0im, 0.722407f0 + 0.058043003f0im, 0.92732096f0 + 0.34010756f0im, 0.89995587f0 + 0.15239286f0im, 0.5102658f0 + 0.13129318f0im, 0.7855642f0 + 0.93514085f0im, 0.14573932f0 + 0.7847949f0im, 0.4990095f0 + 0.17742765f0im, 0.17781138f0 + 0.4588927f0im, 0.822286f0 + 0.41360044f0im, 0.8246428f0 + 0.5736277f0im]
[ Info: (75, 100)
[ Info: (75, 100)
[ Info: Complex{Float32}[0.6650882f0 + 0.969697f0im, 0.40008795f0 + 0.92145157f0im, 0.2745855f0 + 0.27199912f0im, 0.07435584f0 + 0.02976501f0im, 0.050713897f0 + 0.81034315f0im, 0.8562534f0 + 0.4299153f0im, 0.81300306f0 + 0.678877f0im, 0.9725963f0 + 0.67854345f0im, 0.58998847f0 + 0.50975215f0im, 0.19269383f0 + 0.8091954f0im, 0.20850468f0 + 0.37873232f0im]
[ Info: Complex{Float32}[0.6650882f0 + 0.969697f0im, 0.40008795f0 + 0.92145157f0im, 0.2745855f0 + 0.27199912f0im, 0.07435584f0 + 0.02976501f0im, 0.050713897f0 + 0.81034315f0im, 0.8562534f0 + 0.4299153f0im, 0.81300306f0 + 0.678877f0im, 0.9725963f0 + 0.67854345f0im, 0.58998847f0 + 0.50975215f0im, 0.19269383f0 + 0.8091954f0im, 0.20850468f0 + 0.37873232f0im]
[ Info: (10, 20, 50)
[ Info: (10, 20, 50)
[ Info: Complex{Float32}[0.34944355f0 + 0.30247736f0im, 0.37874258f0 + 0.9265536f0im, 0.9063823f0 + 0.8259603f0im, 0.352782f0 + 0.9462191f0im, 0.6163479f0 + 0.50086975f0im, 0.95762455f0 + 0.5559411f0im, 0.26367593f0 + 0.965927f0im, 0.52898705f0 + 0.6752521f0im, 0.3124299f0 + 0.67747784f0im, 0.09309244f0 + 0.025880933f0im, 0.8555685f0 + 0.92023814f0im]
[ Info: Complex{Float32}[0.34944355f0 + 0.30247736f0im, 0.37874258f0 + 0.9265536f0im, 0.9063823f0 + 0.8259603f0im, 0.352782f0 + 0.9462191f0im, 0.6163479f0 + 0.50086975f0im, 0.95762455f0 + 0.5559411f0im, 0.26367593f0 + 0.965927f0im, 0.52898705f0 + 0.6752521f0im, 0.3124299f0 + 0.67747784f0im, 0.09309244f0 + 0.025880933f0im, 0.8555685f0 + 0.92023814f0im]
   Testing RawFile tests passed 
